2024-04-01 11:23:24,271 [INFO] Activator:176 - 


2024-04-01 11:23:24,279 [INFO] Activator:177 - !SESSION log4j initialized
2024-04-01 11:23:31,743 [INFO] LogOutputStream:77 - [STDOUT_REDIRECT] 
2024-04-01 11:23:33,545 [INFO] ApplicationProperties:184 - Using Application install path: C:\ST\STM32CubeIDE_1.4.0\STM32CubeIDE\plugins\com.st.stm32cube.common.mx_6.11.0.202403141607
2024-04-01 11:23:33,582 [INFO] DbMcusXml:78 - Set database path to: C:\ST\STM32CubeIDE_1.4.0\STM32CubeIDE\plugins\com.st.stm32cube.common.mx_6.11.0.202403141607\\db\/mcu/
2024-04-01 11:23:33,583 [INFO] ApiDb:274 - Set plugin database path to: C:\ST\STM32CubeIDE_1.4.0\STM32CubeIDE\plugins\com.st.stm32cube.common.mx_6.11.0.202403141607\\db\/plugins/boardmanager/
2024-04-01 11:23:33,583 [WARN] ApiDb:259 - Overriding images path with different value:  => C:\ST\STM32CubeIDE_1.4.0\STM32CubeIDE\plugins\com.st.stm32cube.common.mx_6.11.0.202403141607\\db\/plugins/mcufinder/images/
2024-04-01 11:23:33,606 [INFO] ApiDb:250 - Set database path to: C:\Users\Abhishek\.stmcufinder\plugins\mcufinder//mcu/
2024-04-01 11:23:33,608 [INFO] DbMcusAds:125 - Set database path to: C:\Users\Abhishek\.stmcufinder\plugins\mcufinder//mcu/
2024-04-01 11:23:33,610 [INFO] CrossReferenceDbSqlite:203 - Set database path to: C:\Users\Abhishek\.stmcufinder\plugins\mcufinder//mcu/cs/
2024-04-01 11:23:33,774 [INFO] RulesReader:64 - Compatibility file has been processed (297 Rules)
2024-04-01 11:23:33,901 [INFO] DbMcusXml:78 - Set database path to: C:\ST\STM32CubeIDE_1.4.0\STM32CubeIDE\plugins\com.st.stm32cube.common.mx_6.11.0.202403141607\\db\/mcu/
2024-04-01 11:23:33,901 [INFO] ApiDb:274 - Set plugin database path to: C:\ST\STM32CubeIDE_1.4.0\STM32CubeIDE\plugins\com.st.stm32cube.common.mx_6.11.0.202403141607\\db\/plugins/boardmanager/
2024-04-01 11:23:33,902 [INFO] ApiDb:261 - Set plugin images path to: C:\ST\STM32CubeIDE_1.4.0\STM32CubeIDE\plugins\com.st.stm32cube.common.mx_6.11.0.202403141607\\db\/plugins/mcufinder/images/
2024-04-01 11:23:33,902 [WARN] DbFile:41 - Overriding database path with different value: C:\Users\Abhishek\.stmcufinder\plugins\mcufinder/ => C:\Users\Abhishek\.stmcufinder\plugins\mcufinder
2024-04-01 11:23:33,902 [INFO] ApiDb:250 - Set database path to: C:\Users\Abhishek\.stmcufinder\plugins\mcufinder//mcu/
2024-04-01 11:23:33,902 [WARN] DbFile:41 - Overriding database path with different value: C:\Users\Abhishek\.stmcufinder\plugins\mcufinder/ => C:\Users\Abhishek\.stmcufinder\plugins\mcufinder
2024-04-01 11:23:33,902 [INFO] DbMcusAds:125 - Set database path to: C:\Users\Abhishek\.stmcufinder\plugins\mcufinder//mcu/
2024-04-01 11:23:33,902 [WARN] DbFile:41 - Overriding database path with different value: C:\Users\Abhishek\.stmcufinder\plugins\mcufinder/ => C:\Users\Abhishek\.stmcufinder\plugins\mcufinder
2024-04-01 11:23:33,902 [WARN] DbFile:41 - Overriding database path with different value: C:\Users\Abhishek\.stmcufinder\plugins\mcufinder/ => C:\Users\Abhishek\.stmcufinder\plugins\mcufinder
2024-04-01 11:23:33,902 [INFO] CrossReferenceDbSqlite:203 - Set database path to: C:\Users\Abhishek\.stmcufinder\plugins\mcufinder//mcu/cs/
2024-04-01 11:23:34,023 [INFO] MainPanel:264 - HeapMemory: 268435456
2024-04-01 11:23:34,181 [INFO] DbMcusXml:78 - Set database path to: C:\ST\STM32CubeIDE_1.4.0\STM32CubeIDE\plugins\com.st.stm32cube.common.mx_6.11.0.202403141607\\db\/mcu/
2024-04-01 11:23:34,181 [INFO] ApiDb:274 - Set plugin database path to: C:\ST\STM32CubeIDE_1.4.0\STM32CubeIDE\plugins\com.st.stm32cube.common.mx_6.11.0.202403141607\\db\/plugins/boardmanager/
2024-04-01 11:23:34,181 [INFO] ApiDb:261 - Set plugin images path to: C:\ST\STM32CubeIDE_1.4.0\STM32CubeIDE\plugins\com.st.stm32cube.common.mx_6.11.0.202403141607\\db\/plugins/mcufinder/images/
2024-04-01 11:23:34,181 [WARN] DbFile:41 - Overriding database path with different value: C:\Users\Abhishek\.stmcufinder\plugins\mcufinder/ => C:\Users\Abhishek\.stmcufinder\plugins\mcufinder
2024-04-01 11:23:34,181 [INFO] ApiDb:250 - Set database path to: C:\Users\Abhishek\.stmcufinder\plugins\mcufinder//mcu/
2024-04-01 11:23:34,183 [WARN] DbFile:41 - Overriding database path with different value: C:\Users\Abhishek\.stmcufinder\plugins\mcufinder/ => C:\Users\Abhishek\.stmcufinder\plugins\mcufinder
2024-04-01 11:23:34,183 [INFO] DbMcusAds:125 - Set database path to: C:\Users\Abhishek\.stmcufinder\plugins\mcufinder//mcu/
2024-04-01 11:23:34,183 [WARN] DbFile:41 - Overriding database path with different value: C:\Users\Abhishek\.stmcufinder\plugins\mcufinder/ => C:\Users\Abhishek\.stmcufinder\plugins\mcufinder
2024-04-01 11:23:34,183 [WARN] DbFile:41 - Overriding database path with different value: C:\Users\Abhishek\.stmcufinder\plugins\mcufinder/ => C:\Users\Abhishek\.stmcufinder\plugins\mcufinder
2024-04-01 11:23:34,183 [INFO] CrossReferenceDbSqlite:203 - Set database path to: C:\Users\Abhishek\.stmcufinder\plugins\mcufinder//mcu/cs/
2024-04-01 11:23:34,213 [INFO] ApplicationProperties:184 - Using Application install path: C:\ST\STM32CubeIDE_1.4.0\STM32CubeIDE\plugins\com.st.stm32cube.common.mx_6.11.0.202403141607
2024-04-01 11:23:34,216 [INFO] PluginManage:196 - Search for loadable plugins [exclusion list=, ]
2024-04-01 11:23:34,219 [INFO] PluginManage:310 - Check plugin analytics
2024-04-01 11:23:34,460 [INFO] AnalyticsPlugin:253 - Accepted Software Licenses: STM32CubeMX.6.1.0,STM32CubeMX.6.4.0,STM32CubeMX.6.2.0,STM32CubeMX.6.10.0
2024-04-01 11:23:34,460 [INFO] AnalyticsPlugin:255 - Accepted CMSIS Pack Licenses: 
2024-04-01 11:23:34,460 [INFO] AnalyticsPlugin:257 - Accepted Firmware Licenses: 
2024-04-01 11:23:34,463 [INFO] PluginManage:359 - Loaded plugin analytics (category:tool,tabindex:-1)
2024-04-01 11:23:34,463 [INFO] PluginManage:310 - Check plugin cadmodel
2024-04-01 11:23:34,476 [INFO] CADModel:105 - Init CAD model plugin
2024-04-01 11:23:34,476 [INFO] PluginManage:359 - Loaded plugin cadmodel (category:power,tabindex:5)
2024-04-01 11:23:34,476 [INFO] PluginManage:310 - Check plugin clock
2024-04-01 11:23:34,551 [INFO] PluginManage:359 - Loaded plugin clock (category:base,tabindex:2)
2024-04-01 11:23:34,551 [INFO] PluginManage:310 - Check plugin ddr
2024-04-01 11:23:34,555 [INFO] PluginManage:359 - Loaded plugin ddr (category:tool,tabindex:6)
2024-04-01 11:23:34,555 [INFO] PluginManage:310 - Check plugin filemanager
2024-04-01 11:23:34,747 [INFO] PluginManage:359 - Loaded plugin filemanager (category:base,tabindex:10)
2024-04-01 11:23:34,747 [INFO] PluginManage:310 - Check plugin ipmanager
2024-04-01 11:23:34,757 [INFO] PluginManage:359 - Loaded plugin ipmanager (category:base,tabindex:5)
2024-04-01 11:23:34,757 [INFO] PluginManage:310 - Check plugin lpbam
2024-04-01 11:23:34,788 [INFO] PluginManage:359 - Loaded plugin lpbam (category:base,tabindex:0)
2024-04-01 11:23:34,788 [INFO] PluginManage:310 - Check plugin memorymap
2024-04-01 11:23:34,825 [INFO] PluginManage:359 - Loaded plugin memorymap (category:base,tabindex:4)
2024-04-01 11:23:34,825 [INFO] PluginManage:310 - Check plugin pinoutandconfiguration
2024-04-01 11:23:34,869 [INFO] PluginManage:359 - Loaded plugin pinoutandconfiguration (category:base,tabindex:1)
2024-04-01 11:23:34,869 [INFO] PluginManage:310 - Check plugin pinoutconfig
2024-04-01 11:23:34,996 [WARN] SupportedApi:132 - Cannot load RTOS API schema: s4s-elt-must-match.1: The content of 'definitions' must match (annotation?, (simpleType | complexType)?, (unique | key | keyref)*)). A problem was found starting at: attribute.
2024-04-01 11:23:35,155 [INFO] PluginManage:359 - Loaded plugin pinoutconfig (category:base,tabindex:0)
2024-04-01 11:23:35,155 [INFO] PluginManage:310 - Check plugin power
2024-04-01 11:23:35,174 [INFO] PluginManage:359 - Loaded plugin power (category:power,tabindex:4)
2024-04-01 11:23:35,174 [INFO] PluginManage:310 - Check plugin projectmanager
2024-04-01 11:23:35,193 [INFO] PluginManage:359 - Loaded plugin projectmanager (category:projectmanager,tabindex:3)
2024-04-01 11:23:35,193 [INFO] PluginManage:310 - Check plugin thirdparty
2024-04-01 11:23:35,371 [INFO] PluginManage:359 - Loaded plugin thirdparty (category:base,tabindex:-1)
2024-04-01 11:23:35,371 [WARN] IntegrityCheckThread:84 - waiting for thirdparty lock release [integrity check]
2024-04-01 11:23:35,371 [INFO] IntegrityCheckThread:86 - entering critical section [integrity check]
2024-04-01 11:23:35,371 [INFO] PluginManage:310 - Check plugin tools
2024-04-01 11:23:35,372 [INFO] ThirdPartyUpdaterWithRetryManager:70 - Updater plugin not ready yet. [1/15]
2024-04-01 11:23:35,378 [INFO] PluginManage:359 - Loaded plugin tools (category:base,tabindex:7)
2024-04-01 11:23:35,379 [INFO] PluginManage:310 - Check plugin tutovideos
2024-04-01 11:23:35,607 [INFO] PluginManage:359 - Loaded plugin tutovideos (category:base,tabindex:-1)
2024-04-01 11:23:35,607 [INFO] PluginManage:310 - Check plugin updater
2024-04-01 11:23:35,620 [INFO] PluginManage:359 - Loaded plugin updater (category:base,tabindex:12)
2024-04-01 11:23:35,620 [INFO] PluginManage:310 - Check plugin userauth
2024-04-01 11:23:35,628 [INFO] UserAuth:114 - Init User Auth plugin
2024-04-01 11:23:35,628 [INFO] PluginManage:359 - Loaded plugin userauth (category:base,tabindex:14)
2024-04-01 11:23:35,628 [INFO] PluginManage:283 - PluginManage : Loaded plugins [17]
2024-04-01 11:23:35,915 [INFO] PinOutPanel:1561 - setPackage(No Configuration,No Configuration)
2024-04-01 11:23:36,006 [INFO] CADModel:165 - CPN selected for project level
2024-04-01 11:23:36,006 [INFO] CADModel:114 - Register for checkConnection events
2024-04-01 11:23:36,037 [INFO] IPUIPlugin:80 - create IPUIPlugin
2024-04-01 11:23:36,037 [INFO] PluginManager:220 - loadIPPluginJar : add adc
2024-04-01 11:23:36,051 [INFO] IPUIPlugin:80 - create IPUIPlugin
2024-04-01 11:23:36,051 [INFO] PluginManager:220 - loadIPPluginJar : add aes
2024-04-01 11:23:36,059 [INFO] IPUIPlugin:80 - create IPUIPlugin
2024-04-01 11:23:36,059 [INFO] PluginManager:220 - loadIPPluginJar : add can
2024-04-01 11:23:36,063 [INFO] IPUIPlugin:80 - create IPUIPlugin
2024-04-01 11:23:36,063 [INFO] PluginManager:220 - loadIPPluginJar : add comp
2024-04-01 11:23:36,068 [INFO] IPUIPlugin:80 - create IPUIPlugin
2024-04-01 11:23:36,068 [INFO] PluginManager:220 - loadIPPluginJar : add cryp
2024-04-01 11:23:36,073 [INFO] IPUIPlugin:80 - create IPUIPlugin
2024-04-01 11:23:36,073 [INFO] PluginManager:220 - loadIPPluginJar : add dfsdm
2024-04-01 11:23:36,103 [INFO] IPUIPlugin:80 - create IPUIPlugin
2024-04-01 11:23:36,103 [INFO] PluginManager:220 - loadIPPluginJar : add dma
2024-04-01 11:23:36,108 [INFO] IPUIPlugin:80 - create IPUIPlugin
2024-04-01 11:23:36,108 [INFO] PluginManager:220 - loadIPPluginJar : add dma3
2024-04-01 11:23:36,114 [INFO] IPUIPlugin:80 - create IPUIPlugin
2024-04-01 11:23:36,114 [INFO] PluginManager:220 - loadIPPluginJar : add extmemmanager
2024-04-01 11:23:36,117 [INFO] IPUIPlugin:80 - create IPUIPlugin
2024-04-01 11:23:36,118 [INFO] PluginManager:220 - loadIPPluginJar : add fatfs
2024-04-01 11:23:36,125 [INFO] IPUIPlugin:80 - create IPUIPlugin
2024-04-01 11:23:36,126 [INFO] PluginManager:220 - loadIPPluginJar : add fmc
2024-04-01 11:23:36,178 [INFO] IPUIPlugin:80 - create IPUIPlugin
2024-04-01 11:23:36,178 [INFO] PluginManager:220 - loadIPPluginJar : add freertos
2024-04-01 11:23:36,182 [INFO] IPUIPlugin:80 - create IPUIPlugin
2024-04-01 11:23:36,182 [INFO] PluginManager:220 - loadIPPluginJar : add genericplugin
2024-04-01 11:23:36,189 [INFO] IPUIPlugin:80 - create IPUIPlugin
2024-04-01 11:23:36,190 [INFO] PluginManager:220 - loadIPPluginJar : add gfxmmu
2024-04-01 11:23:36,201 [INFO] IPUIPlugin:80 - create IPUIPlugin
2024-04-01 11:23:36,202 [INFO] PluginManager:220 - loadIPPluginJar : add gic
2024-04-01 11:23:36,219 [INFO] IPUIPlugin:80 - create IPUIPlugin
2024-04-01 11:23:36,219 [INFO] PluginManager:220 - loadIPPluginJar : add gpio
2024-04-01 11:23:36,229 [INFO] IPUIPlugin:80 - create IPUIPlugin
2024-04-01 11:23:36,229 [INFO] PluginManager:220 - loadIPPluginJar : add gtzc
2024-04-01 11:23:36,234 [INFO] IPUIPlugin:80 - create IPUIPlugin
2024-04-01 11:23:36,234 [INFO] PluginManager:220 - loadIPPluginJar : add hash
2024-04-01 11:23:36,243 [INFO] IPUIPlugin:80 - create IPUIPlugin
2024-04-01 11:23:36,243 [INFO] PluginManager:220 - loadIPPluginJar : add i2c
2024-04-01 11:23:36,249 [INFO] IPUIPlugin:80 - create IPUIPlugin
2024-04-01 11:23:36,249 [INFO] PluginManager:220 - loadIPPluginJar : add i2s
2024-04-01 11:23:36,256 [INFO] IPUIPlugin:80 - create IPUIPlugin
2024-04-01 11:23:36,256 [INFO] PluginManager:220 - loadIPPluginJar : add i3c
2024-04-01 11:23:36,266 [INFO] IPUIPlugin:80 - create IPUIPlugin
2024-04-01 11:23:36,266 [INFO] PluginManager:220 - loadIPPluginJar : add ipddr
2024-04-01 11:23:36,279 [INFO] IPUIPlugin:80 - create IPUIPlugin
2024-04-01 11:23:36,279 [INFO] PluginManager:220 - loadIPPluginJar : add linkedlist
2024-04-01 11:23:36,285 [INFO] IPUIPlugin:80 - create IPUIPlugin
2024-04-01 11:23:36,285 [INFO] PluginManager:220 - loadIPPluginJar : add lorawan
2024-04-01 11:23:36,290 [INFO] IPUIPlugin:80 - create IPUIPlugin
2024-04-01 11:23:36,290 [INFO] PluginManager:220 - loadIPPluginJar : add ltdc
2024-04-01 11:23:36,310 [INFO] IPUIPlugin:80 - create IPUIPlugin
2024-04-01 11:23:36,310 [INFO] PluginManager:220 - loadIPPluginJar : add mdma
2024-04-01 11:23:36,327 [INFO] IPUIPlugin:80 - create IPUIPlugin
2024-04-01 11:23:36,327 [INFO] PluginManager:220 - loadIPPluginJar : add nvic
2024-04-01 11:23:36,334 [INFO] IPUIPlugin:80 - create IPUIPlugin
2024-04-01 11:23:36,334 [INFO] PluginManager:220 - loadIPPluginJar : add opamp
2024-04-01 11:23:36,341 [INFO] IPUIPlugin:80 - create IPUIPlugin
2024-04-01 11:23:36,342 [INFO] PluginManager:220 - loadIPPluginJar : add openamp
2024-04-01 11:23:36,348 [INFO] IPUIPlugin:80 - create IPUIPlugin
2024-04-01 11:23:36,348 [INFO] PluginManager:220 - loadIPPluginJar : add pdm2pcm
2024-04-01 11:23:36,364 [INFO] IPUIPlugin:80 - create IPUIPlugin
2024-04-01 11:23:36,367 [INFO] PluginManager:220 - loadIPPluginJar : add plateformsettings
2024-04-01 11:23:36,371 [INFO] IPUIPlugin:80 - create IPUIPlugin
2024-04-01 11:23:36,371 [INFO] PluginManager:220 - loadIPPluginJar : add quadspi
2024-04-01 11:23:36,416 [INFO] IPUIPlugin:80 - create IPUIPlugin
2024-04-01 11:23:36,416 [INFO] PluginManager:220 - loadIPPluginJar : add resmgrutility
2024-04-01 11:23:36,424 [INFO] IPUIPlugin:80 - create IPUIPlugin
2024-04-01 11:23:36,424 [INFO] PluginManager:220 - loadIPPluginJar : add sai
2024-04-01 11:23:36,429 [INFO] IPUIPlugin:80 - create IPUIPlugin
2024-04-01 11:23:36,429 [INFO] PluginManager:220 - loadIPPluginJar : add spi
2024-04-01 11:23:36,440 [INFO] IPUIPlugin:80 - create IPUIPlugin
2024-04-01 11:23:36,440 [INFO] PluginManager:220 - loadIPPluginJar : add stm32_wpan
2024-04-01 11:23:36,444 [INFO] IPUIPlugin:80 - create IPUIPlugin
2024-04-01 11:23:36,444 [INFO] PluginManager:220 - loadIPPluginJar : add tim
2024-04-01 11:23:36,453 [INFO] IPUIPlugin:80 - create IPUIPlugin
2024-04-01 11:23:36,454 [INFO] PluginManager:220 - loadIPPluginJar : add touchsensing
2024-04-01 11:23:36,457 [INFO] IPUIPlugin:80 - create IPUIPlugin
2024-04-01 11:23:36,458 [INFO] PluginManager:220 - loadIPPluginJar : add tracer_emb
2024-04-01 11:23:36,462 [INFO] IPUIPlugin:80 - create IPUIPlugin
2024-04-01 11:23:36,462 [INFO] PluginManager:220 - loadIPPluginJar : add ts
2024-04-01 11:23:36,466 [INFO] IPUIPlugin:80 - create IPUIPlugin
2024-04-01 11:23:36,466 [INFO] PluginManager:220 - loadIPPluginJar : add tsc
2024-04-01 11:23:36,469 [INFO] IPUIPlugin:80 - create IPUIPlugin
2024-04-01 11:23:36,470 [INFO] PluginManager:220 - loadIPPluginJar : add ucpd
2024-04-01 11:23:36,476 [INFO] IPUIPlugin:80 - create IPUIPlugin
2024-04-01 11:23:36,476 [INFO] PluginManager:220 - loadIPPluginJar : add usart
2024-04-01 11:23:36,482 [INFO] IPUIPlugin:80 - create IPUIPlugin
2024-04-01 11:23:36,482 [INFO] PluginManager:220 - loadIPPluginJar : add usbx
2024-04-01 11:23:36,626 [INFO] CADModel:165 - CPN selected for project level
2024-04-01 11:23:36,626 [INFO] CADModel:114 - Register for checkConnection events
2024-04-01 11:23:36,626 [FATAL] Updater:308 - Updater called before beeing initialized
2024-04-01 11:23:36,626 [ERROR] CADModel:125 - Updater not yet initialized, retry later 
2024-04-01 11:23:36,828 [INFO] CADModel:165 - CPN selected for project level
2024-04-01 11:23:36,828 [INFO] CADModel:114 - Register for checkConnection events
2024-04-01 11:23:36,828 [FATAL] Updater:308 - Updater called before beeing initialized
2024-04-01 11:23:36,829 [ERROR] CADModel:125 - Updater not yet initialized, retry later 
2024-04-01 11:23:36,831 [FATAL] Updater:308 - Updater called before beeing initialized
2024-04-01 11:23:36,962 [FATAL] Updater:308 - Updater called before beeing initialized
2024-04-01 11:23:36,967 [INFO] DbMcusAds:53 - JSON generation date=Wed Nov 29 16:22:27 IST 2023 (1701255147349)
2024-04-01 11:23:36,967 [FATAL] Updater:308 - Updater called before beeing initialized
2024-04-01 11:23:37,031 [WARN] DetailPanel:346 - Failed to get advertising image, set to default
2024-04-01 11:23:37,133 [FATAL] Updater:308 - Updater called before beeing initialized
2024-04-01 11:23:37,136 [FATAL] Updater:308 - Updater called before beeing initialized
2024-04-01 11:23:37,136 [FATAL] Updater:308 - Updater called before beeing initialized
2024-04-01 11:23:37,137 [WARN] DetailPanel:346 - Failed to get advertising image, set to default
2024-04-01 11:23:37,137 [FATAL] Updater:308 - Updater called before beeing initialized
2024-04-01 11:23:37,198 [ERROR] Updater:1120 - MainUpdater not yet initialized. External WinMGr cannot be set.
2024-04-01 11:23:37,204 [INFO] Updater:1056 - Updater Version found : 6.11.0
2024-04-01 11:23:37,231 [INFO] ApplicationProperties:184 - Using Application install path: C:\ST\STM32CubeIDE_1.4.0\STM32CubeIDE\plugins\com.st.stm32cube.common.mx_6.11.0.202403141607
2024-04-01 11:23:37,870 [INFO] MainUpdater:2873 - connection check result : 10
2024-04-01 11:23:37,870 [INFO] MainUpdater:3567 - Updater definition file requires update
2024-04-01 11:23:37,871 [INFO] MainUpdater:290 - Updater Check For Update Now.
2024-04-01 11:23:37,872 [INFO] MicroXplorer:498 - Change Database Version : DB.6.0.110
2024-04-01 11:23:37,880 [INFO] McuFinderGlobals:63 - Set McuFinder mode to 2 (CubeIDE integrated)
2024-04-01 11:23:37,880 [INFO] UserAuth:179 - activating auth plugin
2024-04-01 11:23:37,884 [INFO] UserAuth:415 - Internet connection configuration mode: 1
2024-04-01 11:23:37,912 [INFO] JxBrowserEngine:152 - Initiate JxBrowser Engine with user profile folder
2024-04-01 11:23:37,958 [INFO] ServerAccessManage:473 - Download File updaters.zip
2024-04-01 11:23:38,113 [INFO] FileExtend:240 - Unzip File : updaters.zip
2024-04-01 11:23:38,114 [INFO] FileExtend:255 - Standard Zip Deflate
2024-04-01 11:23:38,374 [WARN] MainUpdater:1194 - Updater busy. Cannot search thirdparties
2024-04-01 11:23:38,374 [INFO] ThirdPartyUpdaterWithRetryManager:96 - Updater plugin is busy. [1/15]
2024-04-01 11:23:38,944 [INFO] ServerAccessManage:473 - Download File PacksControlFlags.xml
2024-04-01 11:23:39,654 [INFO] ServerAccessManage:473 - Download File cubemx.pidx
2024-04-01 11:23:40,221 [INFO] ServerAccessManage:473 - Download File STMicroelectronics.FP-SNS-MOTENV1.pdsc
2024-04-01 11:23:40,368 [INFO] WebApp:161 - Instantiating new browser for Auth
2024-04-01 11:23:40,776 [INFO] ServerAccessManage:473 - Download File STMicroelectronics.X-CUBE-SAFEA1.pdsc
2024-04-01 11:23:40,922 [INFO] ServerAccessManage:473 - Download File STMicroelectronics.X-CUBE-TOUCHGFX.pdsc
2024-04-01 11:23:41,375 [WARN] MainUpdater:1194 - Updater busy. Cannot search thirdparties
2024-04-01 11:23:41,375 [INFO] ThirdPartyUpdaterWithRetryManager:96 - Updater plugin is busy. [2/15]
2024-04-01 11:23:41,690 [WARN] PackLoader:240 - Cannot read IP mode file for STMicroelectronics.FP-SNS-MOTENV1.5.0.0
2024-04-01 11:23:41,717 [WARN] PackLoader:240 - Cannot read IP mode file for STMicroelectronics.X-CUBE-SAFEA1.1.2.2
2024-04-01 11:23:41,724 [WARN] PackLoader:240 - Cannot read IP mode file for STMicroelectronics.X-CUBE-TOUCHGFX.4.23.1
2024-04-01 11:23:41,724 [INFO] PopulateThirdPartyThread:66 - Ending populate Thread
2024-04-01 11:23:41,726 [INFO] ThirdParty:1030 - CMSIS Pack Vendor :STMicroelectronics X-CUBE-TOUCHGFX 4.23.1
2024-04-01 11:23:41,726 [INFO] ThirdParty:1030 - CMSIS Pack Vendor :STMicroelectronics FP-SNS-MOTENV1 5.0.0
2024-04-01 11:23:41,726 [INFO] ThirdParty:1030 - CMSIS Pack Vendor :STMicroelectronics X-CUBE-SAFEA1 1.2.2
2024-04-01 11:23:41,726 [INFO] LoadServerUpdatesThread:375 - End of LoadServerUpdate Thread
2024-04-01 11:23:41,765 [INFO] WebApp:779 - Register for checkConnection events
2024-04-01 11:23:41,766 [INFO] WebApp:414 - Apply proxy settings
2024-04-01 11:23:41,766 [INFO] WebApp:499 - Chromium requires no authentication
2024-04-01 11:23:41,779 [INFO] WebApp:442 - Direct internet connection detected
2024-04-01 11:23:41,792 [INFO] CheckServerUpdateThread:120 - End of CheckServer Thread
2024-04-01 11:23:42,032 [INFO] WebApp:192 - Starting web application
2024-04-01 11:23:42,033 [INFO] WebApp:544 - Web application path used C:\ST\STM32CubeIDE_1.4.0\STM32CubeIDE\plugins\com.st.stm32cube.common.mx_6.11.0.202403141607\db\plugins\mcufinder\reactClient1\index.html
2024-04-01 11:23:44,592 [WARN] PackLoader:240 - Cannot read IP mode file for STMicroelectronics.X-CUBE-SMBUS.2.1.0
2024-04-01 11:23:44,595 [WARN] PackLoader:240 - Cannot read IP mode file for STMicroelectronics.X-CUBE-TOUCHGFX.4.23.1
2024-04-01 11:23:44,598 [WARN] PackLoader:240 - Cannot read IP mode file for STMicroelectronics.X-CUBE-TOUCHGFX.4.23.0
2024-04-01 11:23:44,622 [WARN] PackLoader:240 - Cannot read IP mode file for STMicroelectronics.X-CUBE-AZRTOS-F7.1.1.0
2024-04-01 11:23:44,633 [WARN] PackLoader:240 - Cannot read IP mode file for STMicroelectronics.FP-SNS-MOTENV1.4.3.2
2024-04-01 11:23:44,642 [WARN] PackLoader:240 - Cannot read IP mode file for STMicroelectronics.X-CUBE-BLE1.6.2.4
2024-04-01 11:23:44,648 [WARN] PackLoader:240 - Cannot read IP mode file for STMicroelectronics.FP-SNS-FLIGHT1.5.0.2
2024-04-01 11:23:44,658 [WARN] PackLoader:240 - Cannot read IP mode file for STMicroelectronics.X-CUBE-DISPLAY.3.0.0
2024-04-01 11:23:44,667 [WARN] PackLoader:240 - Cannot read IP mode file for STMicroelectronics.X-CUBE-BLE1.7.0.0
2024-04-01 11:23:44,711 [WARN] PackLoader:240 - Cannot read IP mode file for STMicroelectronics.X-CUBE-MEMS1.9.3.0
2024-04-01 11:23:44,859 [WARN] PackLoader:240 - Cannot read IP mode file for STMicroelectronics.X-CUBE-BLEMGR.3.1.0
2024-04-01 11:23:44,878 [WARN] PackLoader:240 - Cannot read IP mode file for STMicroelectronics.FP-SNS-SMARTAG2.1.2.0
2024-04-01 11:23:44,895 [INFO] LogOutputStream:77 - [STDOUT_REDIRECT] 1 : Invalid condition id : UX_CORESTACK_Condition cause : null
2024-04-01 11:23:44,896 [INFO] LogOutputStream:77 - [STDOUT_REDIRECT] 1 : Invalid condition id : UX_CORESTACK_Condition cause : null
2024-04-01 11:23:44,900 [INFO] LogOutputStream:77 - [STDOUT_REDIRECT] 1 : Invalid condition id : UX_CORESTACK_Condition cause : null
2024-04-01 11:23:44,902 [INFO] LogOutputStream:77 - [STDOUT_REDIRECT] 1 : Invalid condition id : UX_CORESTACK_Condition cause : null
2024-04-01 11:23:44,905 [INFO] LogOutputStream:77 - [STDOUT_REDIRECT] 1 : Invalid condition id : UX_CORESTACK_Condition cause : null
2024-04-01 11:23:44,909 [WARN] PackLoader:240 - Cannot read IP mode file for STMicroelectronics.X-CUBE-AZRTOS-WL.2.0.0
2024-04-01 11:23:44,919 [WARN] PackLoader:240 - Cannot read IP mode file for STMicroelectronics.FP-SNS-MOTENV1.5.0.0
2024-04-01 11:23:44,933 [WARN] PackLoader:240 - Cannot read IP mode file for WES.I-CUBE-Cesium.1.3.0
2024-04-01 11:23:44,944 [WARN] PackLoader:240 - Cannot read IP mode file for STMicroelectronics.X-CUBE-TOF1.3.2.0
2024-04-01 11:23:44,954 [WARN] PackLoader:240 - Cannot read IP mode file for STMicroelectronics.X-CUBE-ISPU.1.0.0
2024-04-01 11:23:44,958 [WARN] PackLoader:240 - Cannot read IP mode file for STMicroelectronics.X-CUBE-TOUCHGFX.4.21.0
2024-04-01 11:23:44,993 [WARN] PackLoader:240 - Cannot read IP mode file for STMicroelectronics.X-CUBE-MEMS1.9.4.0
2024-04-01 11:23:45,110 [WARN] PackLoader:240 - Cannot read IP mode file for STMicroelectronics.X-CUBE-AI.7.3.0
2024-04-01 11:23:45,118 [WARN] PackLoader:240 - Cannot read IP mode file for STMicroelectronics.X-CUBE-SAFEA1.1.2.2
2024-04-01 11:23:45,126 [WARN] PackLoader:240 - Cannot read IP mode file for STMicroelectronics.X-CUBE-NFC4.3.0.0
2024-04-01 11:23:45,136 [WARN] PackLoader:240 - Cannot read IP mode file for STMicroelectronics.X-CUBE-BLEMGR.3.0.0
2024-04-01 11:23:45,148 [WARN] PackLoader:240 - Cannot read IP mode file for STMicroelectronics.X-CUBE-BLEMGR.1.3.0
2024-04-01 11:23:45,155 [WARN] PackLoader:240 - Cannot read IP mode file for STMicroelectronics.FP-ATR-SIGFOX1.3.2.0
2024-04-01 11:23:45,163 [WARN] PackLoader:240 - Cannot read IP mode file for STMicroelectronics.X-CUBE-EEPRMA1.5.1.0
2024-04-01 11:23:45,196 [WARN] PackLoader:240 - Cannot read IP mode file for SEGGER.I-CUBE-embOS.1.3.1
2024-04-01 11:23:45,305 [WARN] PackLoader:240 - Cannot read IP mode file for STMicroelectronics.X-CUBE-AZRTOS-F4.1.1.0
2024-04-01 11:23:45,338 [WARN] PackLoader:240 - Cannot read IP mode file for STMicroelectronics.X-CUBE-AZRTOS-L5.2.0.0
2024-04-01 11:23:45,352 [WARN] PackLoader:240 - Cannot read IP mode file for STMicroelectronics.X-CUBE-NFC6.3.1.0
2024-04-01 11:23:45,364 [WARN] PackLoader:240 - Cannot read IP mode file for ITTIA_DB.I-CUBE-ITTIADB.8.8.0
2024-04-01 11:23:45,383 [WARN] PackLoader:240 - Cannot read IP mode file for STMicroelectronics.X-CUBE-NFC4.2.0.5
2024-04-01 11:23:45,392 [WARN] PackLoader:240 - Cannot read IP mode file for STMicroelectronics.X-CUBE-NFC7.1.0.1
2024-04-01 11:23:45,401 [WARN] PackLoader:240 - Cannot read IP mode file for STMicroelectronics.X-CUBE-NFC6.3.0.0
2024-04-01 11:23:45,410 [WARN] PackLoader:240 - Cannot read IP mode file for STMicroelectronics.X-CUBE-EEPRMA1.4.1.0
2024-04-01 11:23:45,417 [WARN] PackLoader:240 - Cannot read IP mode file for STMicroelectronics.X-CUBE-AI.8.1.0
2024-04-01 11:23:45,435 [WARN] ConditionMgr:438 - getConditionDescription Invalid condition id : LAN8742 Phy interface Condition cause : null
2024-04-01 11:23:45,436 [WARN] PackLoader:240 - Cannot read IP mode file for STMicroelectronics.X-CUBE-AZRTOS-L4.2.0.0
2024-04-01 11:23:45,437 [WARN] ConditionMgr:1039 - genDependencies : Invalid condition id : LAN8742 Phy interface Condition cause : null
2024-04-01 11:23:45,437 [WARN] ConditionMgr:1039 - genDependencies : Invalid condition id : LAN8742 Phy interface Condition cause : null
2024-04-01 11:23:45,438 [WARN] ConditionMgr:1039 - genDependencies : Invalid condition id : LAN8742 Phy interface Condition cause : null
2024-04-01 11:23:45,456 [WARN] PackLoader:240 - Cannot read IP mode file for STMicroelectronics.X-CUBE-AZRTOS-H7.3.0.0
2024-04-01 11:23:45,462 [WARN] PackLoader:240 - Cannot read IP mode file for STMicroelectronics.X-CUBE-ISPU.1.1.0
2024-04-01 11:23:45,474 [WARN] ConditionMgr:438 - getConditionDescription Invalid condition id : UX DEVICE CLASS RTOS Condition cause : null
2024-04-01 11:23:45,474 [WARN] ConditionMgr:438 - getConditionDescription Invalid condition id : UX DEVICE CLASS RTOS Condition cause : null
2024-04-01 11:23:45,476 [WARN] PackLoader:240 - Cannot read IP mode file for STMicroelectronics.X-CUBE-AZRTOS-WB.2.0.0
2024-04-01 11:23:45,477 [WARN] ConditionMgr:1039 - genDependencies : Invalid condition id : UX DEVICE CLASS RTOS Condition cause : null
2024-04-01 11:23:45,477 [WARN] ConditionMgr:1039 - genDependencies : Invalid condition id : UX DEVICE CLASS RTOS Condition cause : null
2024-04-01 11:23:45,477 [WARN] ConditionMgr:1039 - genDependencies : Invalid condition id : UX DEVICE CLASS RTOS Condition cause : null
2024-04-01 11:23:45,477 [WARN] ConditionMgr:1039 - genDependencies : Invalid condition id : UX DEVICE CLASS RTOS Condition cause : null
2024-04-01 11:23:45,477 [WARN] ConditionMgr:1039 - genDependencies : Invalid condition id : UX DEVICE CLASS RTOS Condition cause : null
2024-04-01 11:23:45,485 [WARN] PackLoader:240 - Cannot read IP mode file for STMicroelectronics.X-CUBE-BLEMGR.1.0.0
2024-04-01 11:23:45,499 [WARN] PackLoader:240 - Cannot read IP mode file for STMicroelectronics.X-CUBE-AZRTOS-L5.1.1.0
2024-04-01 11:23:45,515 [WARN] PackLoader:240 - Cannot read IP mode file for STMicroelectronics.X-CUBE-AZRTOS-G4.2.0.0
2024-04-01 11:23:45,521 [WARN] PackLoader:240 - Cannot read IP mode file for STMicroelectronics.FP-ATR-ASTRA1.1.1.1
2024-04-01 11:23:45,532 [WARN] PackLoader:240 - Cannot read IP mode file for Infineon.AIROC-Wi-Fi-Bluetooth-STM32.1.5.1
2024-04-01 11:23:45,540 [WARN] PackLoader:240 - Cannot read IP mode file for STMicroelectronics.FP-SNS-MOTENVWB1.1.3.1
2024-04-01 11:23:45,544 [WARN] PackLoader:240 - Cannot read IP mode file for STMicroelectronics.X-CUBE-ISPU.2.0.0
2024-04-01 11:23:45,577 [WARN] PackLoader:240 - Cannot read IP mode file for STMicroelectronics.X-CUBE-MEMS1.10.0.0
2024-04-01 11:23:45,738 [WARN] PackLoader:240 - Cannot read IP mode file for STMicroelectronics.X-CUBE-FREERTOS.1.1.0
2024-04-01 11:23:45,751 [WARN] PackLoader:240 - Cannot read IP mode file for STMicroelectronics.X-CUBE-AZRTOS-WB.1.1.0
2024-04-01 11:23:45,759 [WARN] PackLoader:240 - Cannot read IP mode file for STMicroelectronics.FP-ATR-ASTRA1.2.0.0
2024-04-01 11:23:45,769 [WARN] PackLoader:240 - Cannot read IP mode file for STMicroelectronics.X-CUBE-TOF1.3.4.0
2024-04-01 11:23:45,791 [WARN] PackLoader:240 - Cannot read IP mode file for STMicroelectronics.X-CUBE-TOF1.3.4.1
2024-04-01 11:23:45,830 [WARN] PackLoader:240 - Cannot read IP mode file for STMicroelectronics.X-CUBE-AZRTOS-H7.3.2.0
2024-04-01 11:23:45,834 [INFO] ThirdParty:978 - Integrity check success = true
2024-04-01 11:23:45,834 [INFO] IntegrityCheckThread:100 - exiting critical section [integrity check]
2024-04-01 11:23:45,834 [INFO] IntegrityCheckThread:103 - End integrity checks thread
2024-04-01 17:45:37,879 [ERROR] LogOutputStream:75 - [STDERR_REDIRECT] 
