2024-08-03 10:24:03,801 [INFO] Activator:176 - 


2024-08-03 10:24:03,811 [INFO] Activator:177 - !SESSION log4j initialized
2024-08-03 10:24:10,349 [INFO] LogOutputStream:77 - [STDOUT_REDIRECT] 
2024-08-03 10:24:11,899 [INFO] ApplicationProperties:184 - Using Application install path: C:\ST\STM32CubeIDE_1.4.0\STM32CubeIDE\plugins\com.st.stm32cube.common.mx_6.12.0.202406281431
2024-08-03 10:24:11,928 [INFO] DbMcusXml:78 - Set database path to: C:\ST\STM32CubeIDE_1.4.0\STM32CubeIDE\plugins\com.st.stm32cube.common.mx_6.12.0.202406281431\\db\/mcu/
2024-08-03 10:24:11,928 [INFO] ApiDb:274 - Set plugin database path to: C:\ST\STM32CubeIDE_1.4.0\STM32CubeIDE\plugins\com.st.stm32cube.common.mx_6.12.0.202406281431\\db\/plugins/boardmanager/
2024-08-03 10:24:11,928 [WARN] ApiDb:259 - Overriding images path with different value:  => C:\ST\STM32CubeIDE_1.4.0\STM32CubeIDE\plugins\com.st.stm32cube.common.mx_6.12.0.202406281431\\db\/plugins/mcufinder/images/
2024-08-03 10:24:11,944 [INFO] ApiDb:250 - Set database path to: C:\Users\Abhishek\.stmcufinder\plugins\mcufinder//mcu/
2024-08-03 10:24:11,945 [INFO] DbMcusAds:125 - Set database path to: C:\Users\Abhishek\.stmcufinder\plugins\mcufinder//mcu/
2024-08-03 10:24:11,949 [INFO] CrossReferenceDbSqlite:203 - Set database path to: C:\Users\Abhishek\.stmcufinder\plugins\mcufinder//mcu/cs/
2024-08-03 10:24:12,087 [INFO] RulesReader:64 - Compatibility file has been processed (297 Rules)
2024-08-03 10:24:12,204 [INFO] DbMcusXml:78 - Set database path to: C:\ST\STM32CubeIDE_1.4.0\STM32CubeIDE\plugins\com.st.stm32cube.common.mx_6.12.0.202406281431\\db\/mcu/
2024-08-03 10:24:12,205 [INFO] ApiDb:274 - Set plugin database path to: C:\ST\STM32CubeIDE_1.4.0\STM32CubeIDE\plugins\com.st.stm32cube.common.mx_6.12.0.202406281431\\db\/plugins/boardmanager/
2024-08-03 10:24:12,205 [INFO] ApiDb:261 - Set plugin images path to: C:\ST\STM32CubeIDE_1.4.0\STM32CubeIDE\plugins\com.st.stm32cube.common.mx_6.12.0.202406281431\\db\/plugins/mcufinder/images/
2024-08-03 10:24:12,205 [WARN] DbFile:41 - Overriding database path with different value: C:\Users\Abhishek\.stmcufinder\plugins\mcufinder/ => C:\Users\Abhishek\.stmcufinder\plugins\mcufinder
2024-08-03 10:24:12,205 [INFO] ApiDb:250 - Set database path to: C:\Users\Abhishek\.stmcufinder\plugins\mcufinder//mcu/
2024-08-03 10:24:12,205 [WARN] DbFile:41 - Overriding database path with different value: C:\Users\Abhishek\.stmcufinder\plugins\mcufinder/ => C:\Users\Abhishek\.stmcufinder\plugins\mcufinder
2024-08-03 10:24:12,205 [INFO] DbMcusAds:125 - Set database path to: C:\Users\Abhishek\.stmcufinder\plugins\mcufinder//mcu/
2024-08-03 10:24:12,205 [WARN] DbFile:41 - Overriding database path with different value: C:\Users\Abhishek\.stmcufinder\plugins\mcufinder/ => C:\Users\Abhishek\.stmcufinder\plugins\mcufinder
2024-08-03 10:24:12,205 [WARN] DbFile:41 - Overriding database path with different value: C:\Users\Abhishek\.stmcufinder\plugins\mcufinder/ => C:\Users\Abhishek\.stmcufinder\plugins\mcufinder
2024-08-03 10:24:12,205 [INFO] CrossReferenceDbSqlite:203 - Set database path to: C:\Users\Abhishek\.stmcufinder\plugins\mcufinder//mcu/cs/
2024-08-03 10:24:12,321 [INFO] MainPanel:268 - HeapMemory: 268435456
2024-08-03 10:24:12,503 [INFO] DbMcusXml:78 - Set database path to: C:\ST\STM32CubeIDE_1.4.0\STM32CubeIDE\plugins\com.st.stm32cube.common.mx_6.12.0.202406281431\\db\/mcu/
2024-08-03 10:24:12,503 [INFO] ApiDb:274 - Set plugin database path to: C:\ST\STM32CubeIDE_1.4.0\STM32CubeIDE\plugins\com.st.stm32cube.common.mx_6.12.0.202406281431\\db\/plugins/boardmanager/
2024-08-03 10:24:12,503 [INFO] ApiDb:261 - Set plugin images path to: C:\ST\STM32CubeIDE_1.4.0\STM32CubeIDE\plugins\com.st.stm32cube.common.mx_6.12.0.202406281431\\db\/plugins/mcufinder/images/
2024-08-03 10:24:12,503 [WARN] DbFile:41 - Overriding database path with different value: C:\Users\Abhishek\.stmcufinder\plugins\mcufinder/ => C:\Users\Abhishek\.stmcufinder\plugins\mcufinder
2024-08-03 10:24:12,503 [INFO] ApiDb:250 - Set database path to: C:\Users\Abhishek\.stmcufinder\plugins\mcufinder//mcu/
2024-08-03 10:24:12,503 [WARN] DbFile:41 - Overriding database path with different value: C:\Users\Abhishek\.stmcufinder\plugins\mcufinder/ => C:\Users\Abhishek\.stmcufinder\plugins\mcufinder
2024-08-03 10:24:12,503 [INFO] DbMcusAds:125 - Set database path to: C:\Users\Abhishek\.stmcufinder\plugins\mcufinder//mcu/
2024-08-03 10:24:12,503 [WARN] DbFile:41 - Overriding database path with different value: C:\Users\Abhishek\.stmcufinder\plugins\mcufinder/ => C:\Users\Abhishek\.stmcufinder\plugins\mcufinder
2024-08-03 10:24:12,504 [WARN] DbFile:41 - Overriding database path with different value: C:\Users\Abhishek\.stmcufinder\plugins\mcufinder/ => C:\Users\Abhishek\.stmcufinder\plugins\mcufinder
2024-08-03 10:24:12,504 [INFO] CrossReferenceDbSqlite:203 - Set database path to: C:\Users\Abhishek\.stmcufinder\plugins\mcufinder//mcu/cs/
2024-08-03 10:24:12,530 [INFO] ApplicationProperties:184 - Using Application install path: C:\ST\STM32CubeIDE_1.4.0\STM32CubeIDE\plugins\com.st.stm32cube.common.mx_6.12.0.202406281431
2024-08-03 10:24:12,531 [INFO] PluginManage:196 - Search for loadable plugins [exclusion list=, ]
2024-08-03 10:24:12,534 [INFO] PluginManage:310 - Check plugin analytics
2024-08-03 10:24:12,860 [INFO] AnalyticsPlugin:253 - Accepted Software Licenses: STM32CubeMX.6.1.0,STM32CubeMX.6.4.0,STM32CubeMX.6.2.0,STM32CubeMX.6.10.0
2024-08-03 10:24:12,860 [INFO] AnalyticsPlugin:255 - Accepted CMSIS Pack Licenses: 
2024-08-03 10:24:12,861 [INFO] AnalyticsPlugin:257 - Accepted Firmware Licenses: 
2024-08-03 10:24:12,866 [INFO] PluginManage:359 - Loaded plugin analytics (category:tool,tabindex:-1)
2024-08-03 10:24:12,866 [INFO] PluginManage:310 - Check plugin cadmodel
2024-08-03 10:24:12,883 [INFO] CADModel:105 - Init CAD model plugin
2024-08-03 10:24:12,883 [INFO] PluginManage:359 - Loaded plugin cadmodel (category:power,tabindex:5)
2024-08-03 10:24:12,883 [INFO] PluginManage:310 - Check plugin clock
2024-08-03 10:24:12,911 [INFO] PluginManage:359 - Loaded plugin clock (category:base,tabindex:2)
2024-08-03 10:24:12,912 [INFO] PluginManage:310 - Check plugin ddr
2024-08-03 10:24:12,918 [INFO] PluginManage:359 - Loaded plugin ddr (category:tool,tabindex:6)
2024-08-03 10:24:12,918 [INFO] PluginManage:310 - Check plugin filemanager
2024-08-03 10:24:13,231 [INFO] PluginManage:359 - Loaded plugin filemanager (category:base,tabindex:10)
2024-08-03 10:24:13,231 [INFO] PluginManage:310 - Check plugin ipmanager
2024-08-03 10:24:13,239 [INFO] PluginManage:359 - Loaded plugin ipmanager (category:base,tabindex:5)
2024-08-03 10:24:13,240 [INFO] PluginManage:310 - Check plugin lpbam
2024-08-03 10:24:13,270 [INFO] PluginManage:359 - Loaded plugin lpbam (category:base,tabindex:0)
2024-08-03 10:24:13,270 [INFO] PluginManage:310 - Check plugin memorymap
2024-08-03 10:24:13,305 [INFO] PluginManage:359 - Loaded plugin memorymap (category:base,tabindex:4)
2024-08-03 10:24:13,306 [INFO] PluginManage:310 - Check plugin pinoutandconfiguration
2024-08-03 10:24:13,319 [INFO] PluginManage:359 - Loaded plugin pinoutandconfiguration (category:base,tabindex:1)
2024-08-03 10:24:13,319 [INFO] PluginManage:310 - Check plugin pinoutconfig
2024-08-03 10:24:13,448 [WARN] SupportedApi:132 - Cannot load RTOS API schema: s4s-elt-must-match.1: The content of 'definitions' must match (annotation?, (simpleType | complexType)?, (unique | key | keyref)*)). A problem was found starting at: attribute.
2024-08-03 10:24:13,643 [INFO] PluginManage:359 - Loaded plugin pinoutconfig (category:base,tabindex:0)
2024-08-03 10:24:13,643 [INFO] PluginManage:310 - Check plugin power
2024-08-03 10:24:13,663 [INFO] PluginManage:359 - Loaded plugin power (category:power,tabindex:4)
2024-08-03 10:24:13,663 [INFO] PluginManage:310 - Check plugin projectmanager
2024-08-03 10:24:13,680 [INFO] PluginManage:359 - Loaded plugin projectmanager (category:projectmanager,tabindex:4)
2024-08-03 10:24:13,680 [INFO] PluginManage:310 - Check plugin rif
2024-08-03 10:24:13,734 [INFO] PluginManage:359 - Loaded plugin rif (category:base,tabindex:3)
2024-08-03 10:24:13,734 [INFO] PluginManage:310 - Check plugin thirdparty
2024-08-03 10:24:13,890 [WARN] IntegrityCheckThread:84 - waiting for thirdparty lock release [integrity check]
2024-08-03 10:24:13,890 [INFO] IntegrityCheckThread:86 - entering critical section [integrity check]
2024-08-03 10:24:13,890 [INFO] PluginManage:359 - Loaded plugin thirdparty (category:base,tabindex:-1)
2024-08-03 10:24:13,890 [INFO] PluginManage:310 - Check plugin tools
2024-08-03 10:24:13,891 [INFO] ThirdPartyUpdaterWithRetryManager:70 - Updater plugin not ready yet. [1/15]
2024-08-03 10:24:13,895 [INFO] PluginManage:359 - Loaded plugin tools (category:base,tabindex:7)
2024-08-03 10:24:13,895 [INFO] PluginManage:310 - Check plugin tutovideos
2024-08-03 10:24:14,234 [INFO] PluginManage:359 - Loaded plugin tutovideos (category:base,tabindex:-1)
2024-08-03 10:24:14,234 [INFO] PluginManage:310 - Check plugin updater
2024-08-03 10:24:14,254 [INFO] PluginManage:359 - Loaded plugin updater (category:base,tabindex:12)
2024-08-03 10:24:14,254 [INFO] PluginManage:310 - Check plugin userauth
2024-08-03 10:24:14,262 [INFO] UserAuth:113 - Init User Auth plugin
2024-08-03 10:24:14,262 [INFO] PluginManage:359 - Loaded plugin userauth (category:base,tabindex:14)
2024-08-03 10:24:14,263 [INFO] PluginManage:283 - PluginManage : Loaded plugins [18]
2024-08-03 10:24:14,518 [INFO] PinOutPanel:1561 - setPackage(No Configuration,No Configuration)
2024-08-03 10:24:14,634 [INFO] CADModel:165 - CPN selected for project level
2024-08-03 10:24:14,634 [INFO] CADModel:114 - Register for checkConnection events
2024-08-03 10:24:14,660 [INFO] IPUIPlugin:80 - create IPUIPlugin
2024-08-03 10:24:14,660 [INFO] PluginManager:220 - loadIPPluginJar : add adc
2024-08-03 10:24:14,666 [INFO] IPUIPlugin:80 - create IPUIPlugin
2024-08-03 10:24:14,666 [INFO] PluginManager:220 - loadIPPluginJar : add aes
2024-08-03 10:24:14,672 [INFO] IPUIPlugin:80 - create IPUIPlugin
2024-08-03 10:24:14,672 [INFO] PluginManager:220 - loadIPPluginJar : add can
2024-08-03 10:24:14,676 [INFO] IPUIPlugin:80 - create IPUIPlugin
2024-08-03 10:24:14,676 [INFO] PluginManager:220 - loadIPPluginJar : add comp
2024-08-03 10:24:14,681 [INFO] IPUIPlugin:80 - create IPUIPlugin
2024-08-03 10:24:14,681 [INFO] PluginManager:220 - loadIPPluginJar : add cryp
2024-08-03 10:24:14,687 [INFO] IPUIPlugin:80 - create IPUIPlugin
2024-08-03 10:24:14,687 [INFO] PluginManager:220 - loadIPPluginJar : add ddr_ctrl_phy
2024-08-03 10:24:14,693 [INFO] IPUIPlugin:80 - create IPUIPlugin
2024-08-03 10:24:14,693 [INFO] PluginManager:220 - loadIPPluginJar : add dfsdm
2024-08-03 10:24:14,707 [INFO] IPUIPlugin:80 - create IPUIPlugin
2024-08-03 10:24:14,708 [INFO] PluginManager:220 - loadIPPluginJar : add dma
2024-08-03 10:24:14,714 [INFO] IPUIPlugin:80 - create IPUIPlugin
2024-08-03 10:24:14,714 [INFO] PluginManager:220 - loadIPPluginJar : add dma3
2024-08-03 10:24:14,721 [INFO] IPUIPlugin:80 - create IPUIPlugin
2024-08-03 10:24:14,721 [INFO] PluginManager:220 - loadIPPluginJar : add extmemmanager
2024-08-03 10:24:14,725 [INFO] IPUIPlugin:80 - create IPUIPlugin
2024-08-03 10:24:14,725 [INFO] PluginManager:220 - loadIPPluginJar : add fatfs
2024-08-03 10:24:14,733 [INFO] IPUIPlugin:80 - create IPUIPlugin
2024-08-03 10:24:14,733 [INFO] PluginManager:220 - loadIPPluginJar : add fmc
2024-08-03 10:24:14,777 [INFO] IPUIPlugin:80 - create IPUIPlugin
2024-08-03 10:24:14,777 [INFO] PluginManager:220 - loadIPPluginJar : add freertos
2024-08-03 10:24:14,781 [INFO] IPUIPlugin:80 - create IPUIPlugin
2024-08-03 10:24:14,781 [INFO] PluginManager:220 - loadIPPluginJar : add genericplugin
2024-08-03 10:24:14,789 [INFO] IPUIPlugin:80 - create IPUIPlugin
2024-08-03 10:24:14,789 [INFO] PluginManager:220 - loadIPPluginJar : add gfxmmu
2024-08-03 10:24:14,802 [INFO] IPUIPlugin:80 - create IPUIPlugin
2024-08-03 10:24:14,802 [INFO] PluginManager:220 - loadIPPluginJar : add gic
2024-08-03 10:24:14,820 [INFO] IPUIPlugin:80 - create IPUIPlugin
2024-08-03 10:24:14,820 [INFO] PluginManager:220 - loadIPPluginJar : add gpio
2024-08-03 10:24:14,829 [INFO] IPUIPlugin:80 - create IPUIPlugin
2024-08-03 10:24:14,829 [INFO] PluginManager:220 - loadIPPluginJar : add gtzc
2024-08-03 10:24:14,836 [INFO] IPUIPlugin:80 - create IPUIPlugin
2024-08-03 10:24:14,836 [INFO] PluginManager:220 - loadIPPluginJar : add hash
2024-08-03 10:24:14,843 [INFO] IPUIPlugin:80 - create IPUIPlugin
2024-08-03 10:24:14,843 [INFO] PluginManager:220 - loadIPPluginJar : add i2c
2024-08-03 10:24:14,849 [INFO] IPUIPlugin:80 - create IPUIPlugin
2024-08-03 10:24:14,850 [INFO] PluginManager:220 - loadIPPluginJar : add i2s
2024-08-03 10:24:14,856 [INFO] IPUIPlugin:80 - create IPUIPlugin
2024-08-03 10:24:14,856 [INFO] PluginManager:220 - loadIPPluginJar : add i3c
2024-08-03 10:24:14,866 [INFO] IPUIPlugin:80 - create IPUIPlugin
2024-08-03 10:24:14,866 [INFO] PluginManager:220 - loadIPPluginJar : add ipddr
2024-08-03 10:24:14,883 [INFO] IPUIPlugin:80 - create IPUIPlugin
2024-08-03 10:24:14,883 [INFO] PluginManager:220 - loadIPPluginJar : add linkedlist
2024-08-03 10:24:14,889 [INFO] IPUIPlugin:80 - create IPUIPlugin
2024-08-03 10:24:14,889 [INFO] PluginManager:220 - loadIPPluginJar : add lorawan
2024-08-03 10:24:14,895 [INFO] IPUIPlugin:80 - create IPUIPlugin
2024-08-03 10:24:14,895 [INFO] PluginManager:220 - loadIPPluginJar : add ltdc
2024-08-03 10:24:14,914 [INFO] IPUIPlugin:80 - create IPUIPlugin
2024-08-03 10:24:14,914 [INFO] PluginManager:220 - loadIPPluginJar : add mdma
2024-08-03 10:24:14,931 [INFO] IPUIPlugin:80 - create IPUIPlugin
2024-08-03 10:24:14,931 [INFO] PluginManager:220 - loadIPPluginJar : add nvic
2024-08-03 10:24:14,937 [INFO] IPUIPlugin:80 - create IPUIPlugin
2024-08-03 10:24:14,937 [INFO] PluginManager:220 - loadIPPluginJar : add opamp
2024-08-03 10:24:14,944 [INFO] IPUIPlugin:80 - create IPUIPlugin
2024-08-03 10:24:14,944 [INFO] PluginManager:220 - loadIPPluginJar : add openamp
2024-08-03 10:24:14,950 [INFO] IPUIPlugin:80 - create IPUIPlugin
2024-08-03 10:24:14,951 [INFO] PluginManager:220 - loadIPPluginJar : add pdm2pcm
2024-08-03 10:24:14,967 [INFO] IPUIPlugin:80 - create IPUIPlugin
2024-08-03 10:24:14,969 [INFO] PluginManager:220 - loadIPPluginJar : add plateformsettings
2024-08-03 10:24:14,973 [INFO] IPUIPlugin:80 - create IPUIPlugin
2024-08-03 10:24:14,973 [INFO] PluginManager:220 - loadIPPluginJar : add quadspi
2024-08-03 10:24:14,977 [INFO] IPUIPlugin:80 - create IPUIPlugin
2024-08-03 10:24:14,978 [INFO] PluginManager:220 - loadIPPluginJar : add radio
2024-08-03 10:24:15,024 [INFO] IPUIPlugin:80 - create IPUIPlugin
2024-08-03 10:24:15,024 [INFO] PluginManager:220 - loadIPPluginJar : add resmgrutility
2024-08-03 10:24:15,031 [INFO] IPUIPlugin:80 - create IPUIPlugin
2024-08-03 10:24:15,031 [INFO] PluginManager:220 - loadIPPluginJar : add sai
2024-08-03 10:24:15,038 [INFO] IPUIPlugin:80 - create IPUIPlugin
2024-08-03 10:24:15,038 [INFO] PluginManager:220 - loadIPPluginJar : add spi
2024-08-03 10:24:15,048 [INFO] IPUIPlugin:80 - create IPUIPlugin
2024-08-03 10:24:15,048 [INFO] PluginManager:220 - loadIPPluginJar : add stm32_wpan
2024-08-03 10:24:15,053 [INFO] IPUIPlugin:80 - create IPUIPlugin
2024-08-03 10:24:15,053 [INFO] PluginManager:220 - loadIPPluginJar : add tim
2024-08-03 10:24:15,061 [INFO] IPUIPlugin:80 - create IPUIPlugin
2024-08-03 10:24:15,061 [INFO] PluginManager:220 - loadIPPluginJar : add touchsensing
2024-08-03 10:24:15,066 [INFO] IPUIPlugin:80 - create IPUIPlugin
2024-08-03 10:24:15,066 [INFO] PluginManager:220 - loadIPPluginJar : add tracer_emb
2024-08-03 10:24:15,071 [INFO] IPUIPlugin:80 - create IPUIPlugin
2024-08-03 10:24:15,071 [INFO] PluginManager:220 - loadIPPluginJar : add ts
2024-08-03 10:24:15,076 [INFO] IPUIPlugin:80 - create IPUIPlugin
2024-08-03 10:24:15,076 [INFO] PluginManager:220 - loadIPPluginJar : add tsc
2024-08-03 10:24:15,082 [INFO] IPUIPlugin:80 - create IPUIPlugin
2024-08-03 10:24:15,082 [INFO] PluginManager:220 - loadIPPluginJar : add ucpd
2024-08-03 10:24:15,091 [INFO] IPUIPlugin:80 - create IPUIPlugin
2024-08-03 10:24:15,091 [INFO] PluginManager:220 - loadIPPluginJar : add usart
2024-08-03 10:24:15,099 [INFO] IPUIPlugin:80 - create IPUIPlugin
2024-08-03 10:24:15,099 [INFO] PluginManager:220 - loadIPPluginJar : add usbx
2024-08-03 10:24:15,244 [INFO] CADModel:165 - CPN selected for project level
2024-08-03 10:24:15,245 [INFO] CADModel:114 - Register for checkConnection events
2024-08-03 10:24:15,245 [FATAL] Updater:334 - Updater called before beeing initialized
2024-08-03 10:24:15,245 [ERROR] CADModel:125 - Updater not yet initialized, retry later 
2024-08-03 10:24:15,434 [INFO] CADModel:165 - CPN selected for project level
2024-08-03 10:24:15,434 [INFO] CADModel:114 - Register for checkConnection events
2024-08-03 10:24:15,434 [FATAL] Updater:334 - Updater called before beeing initialized
2024-08-03 10:24:15,435 [ERROR] CADModel:125 - Updater not yet initialized, retry later 
2024-08-03 10:24:15,439 [FATAL] Updater:334 - Updater called before beeing initialized
2024-08-03 10:24:15,582 [FATAL] Updater:334 - Updater called before beeing initialized
2024-08-03 10:24:15,588 [INFO] DbMcusAds:53 - JSON generation date=Thu May 16 14:52:00 IST 2024 (1715851320667)
2024-08-03 10:24:15,588 [FATAL] Updater:334 - Updater called before beeing initialized
2024-08-03 10:24:15,641 [WARN] DetailPanel:346 - Failed to get advertising image, set to default
2024-08-03 10:24:15,746 [FATAL] Updater:334 - Updater called before beeing initialized
2024-08-03 10:24:15,748 [FATAL] Updater:334 - Updater called before beeing initialized
2024-08-03 10:24:15,748 [FATAL] Updater:334 - Updater called before beeing initialized
2024-08-03 10:24:15,748 [WARN] DetailPanel:346 - Failed to get advertising image, set to default
2024-08-03 10:24:15,749 [FATAL] Updater:334 - Updater called before beeing initialized
2024-08-03 10:24:15,807 [ERROR] Updater:1164 - MainUpdater not yet initialized. External WinMGr cannot be set.
2024-08-03 10:24:15,812 [INFO] Updater:1100 - Updater Version found : 6.12.0
2024-08-03 10:24:15,835 [INFO] ApplicationProperties:184 - Using Application install path: C:\ST\STM32CubeIDE_1.4.0\STM32CubeIDE\plugins\com.st.stm32cube.common.mx_6.12.0.202406281431
2024-08-03 10:24:16,496 [INFO] MainUpdater:2873 - connection check result : 10
2024-08-03 10:24:16,497 [INFO] MainUpdater:290 - Updater Check For Update Now.
2024-08-03 10:24:16,497 [INFO] MicroXplorer:498 - Change Database Version : DB.6.0.120
2024-08-03 10:24:16,508 [INFO] McuFinderGlobals:63 - Set McuFinder mode to 2 (CubeIDE integrated)
2024-08-03 10:24:16,511 [INFO] UserAuth:417 - Internet connection configuration mode: 1
2024-08-03 10:24:16,547 [INFO] JxBrowserEngine:152 - Initiate JxBrowser Engine with user profile folder
2024-08-03 10:24:16,716 [INFO] CheckServerUpdateThread:120 - End of CheckServer Thread
2024-08-03 10:24:17,174 [WARN] PackLoader:240 - Cannot read IP mode file for STMicroelectronics.FP-SNS-MOTENVWB1.1.4.0
2024-08-03 10:24:17,187 [WARN] PackLoader:240 - Cannot read IP mode file for STMicroelectronics.X-CUBE-SMBUS.2.1.0
2024-08-03 10:24:17,193 [WARN] PackLoader:240 - Cannot read IP mode file for STMicroelectronics.X-CUBE-TOUCHGFX.4.23.2
2024-08-03 10:24:17,239 [WARN] PackLoader:240 - Cannot read IP mode file for STMicroelectronics.X-CUBE-AZRTOS-F7.1.1.0
2024-08-03 10:24:17,253 [WARN] PackLoader:240 - Cannot read IP mode file for STMicroelectronics.FP-SNS-FLIGHT1.5.0.2
2024-08-03 10:24:17,269 [WARN] PackLoader:240 - Cannot read IP mode file for STMicroelectronics.X-CUBE-DISPLAY.3.0.0
2024-08-03 10:24:18,035 [WARN] PackLoader:240 - Cannot read IP mode file for STMicroelectronics.X-CUBE-BLE1.7.0.0
2024-08-03 10:24:18,044 [WARN] PackLoader:240 - Cannot read IP mode file for emotas.I-CUBE-CANOPEN.1.3.0
2024-08-03 10:24:18,060 [WARN] PackLoader:240 - Cannot read IP mode file for STMicroelectronics.X-CUBE-BLEMGR.3.1.0
2024-08-03 10:24:18,072 [WARN] PackLoader:240 - Cannot read IP mode file for STMicroelectronics.FP-SNS-SMARTAG2.1.2.0
2024-08-03 10:24:18,087 [INFO] LogOutputStream:77 - [STDOUT_REDIRECT] 1 : Invalid condition id : UX_CORESTACK_Condition cause : null
2024-08-03 10:24:18,088 [INFO] LogOutputStream:77 - [STDOUT_REDIRECT] 1 : Invalid condition id : UX_CORESTACK_Condition cause : null
2024-08-03 10:24:18,090 [INFO] LogOutputStream:77 - [STDOUT_REDIRECT] 1 : Invalid condition id : UX_CORESTACK_Condition cause : null
2024-08-03 10:24:18,092 [INFO] LogOutputStream:77 - [STDOUT_REDIRECT] 1 : Invalid condition id : UX_CORESTACK_Condition cause : null
2024-08-03 10:24:18,095 [INFO] LogOutputStream:77 - [STDOUT_REDIRECT] 1 : Invalid condition id : UX_CORESTACK_Condition cause : null
2024-08-03 10:24:18,100 [WARN] PackLoader:240 - Cannot read IP mode file for STMicroelectronics.X-CUBE-AZRTOS-WL.2.0.0
2024-08-03 10:24:18,110 [WARN] PackLoader:240 - Cannot read IP mode file for STMicroelectronics.FP-SNS-MOTENV1.5.0.0
2024-08-03 10:24:18,118 [WARN] PackLoader:240 - Cannot read IP mode file for wolfSSL.I-CUBE-wolfMQTT.1.19.0
2024-08-03 10:24:18,128 [WARN] PackLoader:240 - Cannot read IP mode file for WES.I-CUBE-Cesium.1.3.0
2024-08-03 10:24:18,134 [WARN] PackLoader:240 - Cannot read IP mode file for STMicroelectronics.X-CUBE-BLE2.3.3.0
2024-08-03 10:24:18,141 [WARN] PackLoader:240 - Cannot read IP mode file for STMicroelectronics.X-CUBE-TCPP.4.1.0
2024-08-03 10:24:18,151 [WARN] PackLoader:240 - Cannot read IP mode file for STMicroelectronics.X-CUBE-ALGOBUILD.1.3.0
2024-08-03 10:24:18,167 [WARN] PackLoader:240 - Cannot read IP mode file for STMicroelectronics.X-CUBE-AZRTOS-G0.1.1.0
2024-08-03 10:24:18,178 [WARN] PackLoader:240 - Cannot read IP mode file for STMicroelectronics.X-CUBE-SAFEA1.1.2.2
2024-08-03 10:24:18,188 [WARN] PackLoader:240 - Cannot read IP mode file for STMicroelectronics.X-CUBE-NFC4.3.0.0
2024-08-03 10:24:18,203 [WARN] PackLoader:240 - Cannot read IP mode file for EmbeddedOffice.I-CUBE-FS-RTOS.1.0.1
2024-08-03 10:24:18,204 [ERROR] ConditionMgr:805 - Attr not supported : Dmpu
2024-08-03 10:24:18,204 [ERROR] ConditionMgr:805 - Attr not supported : Dmpu
2024-08-03 10:24:18,204 [ERROR] ConditionMgr:805 - Attr not supported : Dmpu
2024-08-03 10:24:18,204 [ERROR] ConditionMgr:805 - Attr not supported : Dmpu
2024-08-03 10:24:18,204 [ERROR] ConditionMgr:805 - Attr not supported : Dmpu
2024-08-03 10:24:18,205 [ERROR] ConditionMgr:805 - Attr not supported : Dmpu
2024-08-03 10:24:18,205 [ERROR] ConditionMgr:805 - Attr not supported : Dmpu
2024-08-03 10:24:18,205 [ERROR] ConditionMgr:805 - Attr not supported : Dmpu
2024-08-03 10:24:18,205 [ERROR] ConditionMgr:805 - Attr not supported : Dmpu
2024-08-03 10:24:18,205 [ERROR] ConditionMgr:805 - Attr not supported : Dmpu
2024-08-03 10:24:18,205 [ERROR] ConditionMgr:805 - Attr not supported : Dmpu
2024-08-03 10:24:18,205 [ERROR] ConditionMgr:805 - Attr not supported : Dmpu
2024-08-03 10:24:18,205 [ERROR] ConditionMgr:805 - Attr not supported : Dmpu
2024-08-03 10:24:18,205 [ERROR] ConditionMgr:805 - Attr not supported : Dmpu
2024-08-03 10:24:18,205 [ERROR] ConditionMgr:805 - Attr not supported : Dmpu
2024-08-03 10:24:18,206 [ERROR] ConditionMgr:805 - Attr not supported : Dmpu
2024-08-03 10:24:18,206 [ERROR] ConditionMgr:805 - Attr not supported : Dmpu
2024-08-03 10:24:18,206 [ERROR] ConditionMgr:805 - Attr not supported : Dmpu
2024-08-03 10:24:18,206 [ERROR] ConditionMgr:805 - Attr not supported : Dmpu
2024-08-03 10:24:18,206 [ERROR] ConditionMgr:805 - Attr not supported : Dmpu
2024-08-03 10:24:18,206 [ERROR] ConditionMgr:805 - Attr not supported : Dmpu
2024-08-03 10:24:18,206 [ERROR] ConditionMgr:805 - Attr not supported : Dmpu
2024-08-03 10:24:18,206 [ERROR] ConditionMgr:805 - Attr not supported : Dmpu
2024-08-03 10:24:18,206 [ERROR] ConditionMgr:805 - Attr not supported : Dmpu
2024-08-03 10:24:18,207 [ERROR] ConditionMgr:805 - Attr not supported : Dmpu
2024-08-03 10:24:18,207 [ERROR] ConditionMgr:805 - Attr not supported : Dmpu
2024-08-03 10:24:18,207 [ERROR] ConditionMgr:805 - Attr not supported : Dmpu
2024-08-03 10:24:18,207 [ERROR] ConditionMgr:805 - Attr not supported : Dmpu
2024-08-03 10:24:18,207 [ERROR] ConditionMgr:805 - Attr not supported : Dmpu
2024-08-03 10:24:18,207 [ERROR] ConditionMgr:805 - Attr not supported : Dmpu
2024-08-03 10:24:18,207 [ERROR] ConditionMgr:805 - Attr not supported : Dmpu
2024-08-03 10:24:18,207 [ERROR] ConditionMgr:805 - Attr not supported : Dmpu
2024-08-03 10:24:18,207 [ERROR] ConditionMgr:805 - Attr not supported : Dmpu
2024-08-03 10:24:18,207 [ERROR] ConditionMgr:805 - Attr not supported : Dmpu
2024-08-03 10:24:18,207 [ERROR] ConditionMgr:805 - Attr not supported : Dmpu
2024-08-03 10:24:18,208 [ERROR] ConditionMgr:805 - Attr not supported : Dmpu
2024-08-03 10:24:18,208 [ERROR] ConditionMgr:805 - Attr not supported : Dmpu
2024-08-03 10:24:18,208 [ERROR] ConditionMgr:805 - Attr not supported : Dmpu
2024-08-03 10:24:18,208 [ERROR] ConditionMgr:805 - Attr not supported : Dmpu
2024-08-03 10:24:18,208 [ERROR] ConditionMgr:805 - Attr not supported : Dmpu
2024-08-03 10:24:18,208 [ERROR] ConditionMgr:805 - Attr not supported : Dmpu
2024-08-03 10:24:18,208 [ERROR] ConditionMgr:805 - Attr not supported : Dmpu
2024-08-03 10:24:18,208 [ERROR] ConditionMgr:805 - Attr not supported : Dmpu
2024-08-03 10:24:18,209 [ERROR] ConditionMgr:805 - Attr not supported : Dmpu
2024-08-03 10:24:18,209 [ERROR] ConditionMgr:805 - Attr not supported : Dmpu
2024-08-03 10:24:18,209 [ERROR] ConditionMgr:805 - Attr not supported : Dmpu
2024-08-03 10:24:18,209 [ERROR] ConditionMgr:805 - Attr not supported : Dmpu
2024-08-03 10:24:18,209 [ERROR] ConditionMgr:805 - Attr not supported : Dmpu
2024-08-03 10:24:18,209 [ERROR] ConditionMgr:805 - Attr not supported : Dmpu
2024-08-03 10:24:18,209 [ERROR] ConditionMgr:805 - Attr not supported : Dmpu
2024-08-03 10:24:18,209 [ERROR] ConditionMgr:805 - Attr not supported : Dmpu
2024-08-03 10:24:18,210 [ERROR] ConditionMgr:805 - Attr not supported : Dmpu
2024-08-03 10:24:18,210 [ERROR] ConditionMgr:805 - Attr not supported : Dmpu
2024-08-03 10:24:18,210 [ERROR] ConditionMgr:805 - Attr not supported : Dmpu
2024-08-03 10:24:18,210 [ERROR] ConditionMgr:805 - Attr not supported : Dmpu
2024-08-03 10:24:18,210 [ERROR] ConditionMgr:805 - Attr not supported : Dmpu
2024-08-03 10:24:18,210 [ERROR] ConditionMgr:805 - Attr not supported : Dmpu
2024-08-03 10:24:18,210 [ERROR] ConditionMgr:805 - Attr not supported : Dmpu
2024-08-03 10:24:18,210 [ERROR] ConditionMgr:805 - Attr not supported : Dmpu
2024-08-03 10:24:18,210 [ERROR] ConditionMgr:805 - Attr not supported : Dmpu
2024-08-03 10:24:18,210 [ERROR] ConditionMgr:805 - Attr not supported : Dmpu
2024-08-03 10:24:18,211 [ERROR] ConditionMgr:805 - Attr not supported : Dmpu
2024-08-03 10:24:18,211 [ERROR] ConditionMgr:805 - Attr not supported : Dmpu
2024-08-03 10:24:18,211 [ERROR] ConditionMgr:805 - Attr not supported : Dmpu
2024-08-03 10:24:18,220 [WARN] PackLoader:240 - Cannot read IP mode file for RealThread.X-CUBE-RT-Thread_Nano.4.1.1
2024-08-03 10:24:18,226 [WARN] PackLoader:240 - Cannot read IP mode file for wolfSSL.I-CUBE-wolfSSL.5.7.0
2024-08-03 10:24:18,232 [WARN] PackLoader:240 - Cannot read IP mode file for STMicroelectronics.FP-ATR-SIGFOX1.3.2.0
2024-08-03 10:24:18,247 [WARN] PackLoader:240 - Cannot read IP mode file for STMicroelectronics.X-CUBE-EEPRMA1.5.1.0
2024-08-03 10:24:18,262 [WARN] PackLoader:240 - Cannot read IP mode file for ITTIA_DB.I-CUBE-ITTIADB.8.9.0
2024-08-03 10:24:18,312 [WARN] PackLoader:240 - Cannot read IP mode file for SEGGER.I-CUBE-embOS.1.3.1
2024-08-03 10:24:18,413 [WARN] PackLoader:240 - Cannot read IP mode file for STMicroelectronics.X-CUBE-ALGOBUILD.1.4.0
2024-08-03 10:24:18,425 [WARN] PackLoader:240 - Cannot read IP mode file for STMicroelectronics.X-CUBE-GNSS1.6.0.0
2024-08-03 10:24:18,458 [WARN] PackLoader:240 - Cannot read IP mode file for STMicroelectronics.X-CUBE-AZRTOS-F4.1.1.0
2024-08-03 10:24:18,475 [WARN] PackLoader:240 - Cannot read IP mode file for STMicroelectronics.X-CUBE-FREERTOS.1.2.0
2024-08-03 10:24:18,507 [WARN] PackLoader:240 - Cannot read IP mode file for STMicroelectronics.X-CUBE-AZRTOS-L5.2.0.0
2024-08-03 10:24:18,526 [WARN] PackLoader:240 - Cannot read IP mode file for STMicroelectronics.X-CUBE-NFC6.3.1.0
2024-08-03 10:24:18,538 [WARN] PackLoader:240 - Cannot read IP mode file for STMicroelectronics.X-CUBE-DPower.1.2.0
2024-08-03 10:24:18,549 [WARN] PackLoader:240 - Cannot read IP mode file for STMicroelectronics.X-CUBE-AI.9.0.0
2024-08-03 10:24:18,559 [WARN] PackLoader:240 - Cannot read IP mode file for STMicroelectronics.X-CUBE-NFC7.1.0.1
2024-08-03 10:24:18,568 [WARN] PackLoader:240 - Cannot read IP mode file for wolfSSL.I-CUBE-wolfTPM.3.2.0
2024-08-03 10:24:18,575 [WARN] PackLoader:240 - Cannot read IP mode file for STMicroelectronics.X-CUBE-AI.8.1.0
2024-08-03 10:24:18,601 [WARN] ConditionMgr:438 - getConditionDescription Invalid condition id : LAN8742 Phy interface Condition cause : null
2024-08-03 10:24:18,602 [WARN] PackLoader:240 - Cannot read IP mode file for STMicroelectronics.X-CUBE-AZRTOS-L4.2.0.0
2024-08-03 10:24:18,604 [WARN] ConditionMgr:1039 - genDependencies : Invalid condition id : LAN8742 Phy interface Condition cause : null
2024-08-03 10:24:18,604 [WARN] ConditionMgr:1039 - genDependencies : Invalid condition id : LAN8742 Phy interface Condition cause : null
2024-08-03 10:24:18,604 [WARN] ConditionMgr:1039 - genDependencies : Invalid condition id : LAN8742 Phy interface Condition cause : null
2024-08-03 10:24:18,620 [WARN] PackLoader:240 - Cannot read IP mode file for STMicroelectronics.X-CUBE-SFXS2LP1.4.0.0
2024-08-03 10:24:18,641 [WARN] ConditionMgr:438 - getConditionDescription Invalid condition id : UX DEVICE CLASS RTOS Condition cause : null
2024-08-03 10:24:18,641 [WARN] ConditionMgr:438 - getConditionDescription Invalid condition id : UX DEVICE CLASS RTOS Condition cause : null
2024-08-03 10:24:18,646 [WARN] PackLoader:240 - Cannot read IP mode file for STMicroelectronics.X-CUBE-AZRTOS-WB.2.0.0
2024-08-03 10:24:18,647 [WARN] ConditionMgr:1039 - genDependencies : Invalid condition id : UX DEVICE CLASS RTOS Condition cause : null
2024-08-03 10:24:18,647 [WARN] ConditionMgr:1039 - genDependencies : Invalid condition id : UX DEVICE CLASS RTOS Condition cause : null
2024-08-03 10:24:18,649 [WARN] ConditionMgr:1039 - genDependencies : Invalid condition id : UX DEVICE CLASS RTOS Condition cause : null
2024-08-03 10:24:18,650 [WARN] ConditionMgr:1039 - genDependencies : Invalid condition id : UX DEVICE CLASS RTOS Condition cause : null
2024-08-03 10:24:18,650 [WARN] ConditionMgr:1039 - genDependencies : Invalid condition id : UX DEVICE CLASS RTOS Condition cause : null
2024-08-03 10:24:18,665 [WARN] PackLoader:240 - Cannot read IP mode file for STMicroelectronics.FP-SNS-STBOX1.2.0.0
2024-08-03 10:24:18,686 [WARN] PackLoader:240 - Cannot read IP mode file for STMicroelectronics.X-CUBE-SUBG2.5.0.0
2024-08-03 10:24:18,700 [WARN] PackLoader:240 - Cannot read IP mode file for Cesanta.I-CUBE-Mongoose.7.13.0
2024-08-03 10:24:18,719 [WARN] PackLoader:240 - Cannot read IP mode file for STMicroelectronics.X-CUBE-AZRTOS-G4.2.0.0
2024-08-03 10:24:18,726 [WARN] PackLoader:240 - Cannot read IP mode file for STMicroelectronics.FP-SNS-MOTENVWB1.1.3.1
2024-08-03 10:24:18,733 [WARN] PackLoader:240 - Cannot read IP mode file for STMicroelectronics.X-CUBE-ISPU.2.0.0
2024-08-03 10:24:18,741 [WARN] PackLoader:240 - Cannot read IP mode file for STMicroelectronics.X-CUBE-ALS.1.0.2
2024-08-03 10:24:18,822 [WARN] PackLoader:240 - Cannot read IP mode file for STMicroelectronics.X-CUBE-MEMS1.10.0.0
2024-08-03 10:24:19,035 [INFO] WebApp:167 - Instantiating new browser for Auth
2024-08-03 10:24:19,036 [WARN] PackLoader:240 - Cannot read IP mode file for STMicroelectronics.X-CUBE-FREERTOS.1.1.0
2024-08-03 10:24:19,042 [WARN] PackLoader:240 - Cannot read IP mode file for STMicroelectronics.X-CUBE-TOUCHGFX.4.24.0
2024-08-03 10:24:19,052 [WARN] PackLoader:240 - Cannot read IP mode file for portGmbH.I-Cube-SoM-uGOAL.1.1.0
2024-08-03 10:24:19,059 [WARN] PackLoader:240 - Cannot read IP mode file for STMicroelectronics.X-CUBE-ALS.1.0.1
2024-08-03 10:24:19,092 [WARN] PackLoader:240 - Cannot read IP mode file for STMicroelectronics.X-CUBE-AZRTOS-H7RS.1.0.0
2024-08-03 10:24:19,106 [WARN] PackLoader:240 - Cannot read IP mode file for STMicroelectronics.FP-ATR-ASTRA1.2.0.0
2024-08-03 10:24:19,131 [WARN] PackLoader:240 - Cannot read IP mode file for STMicroelectronics.X-CUBE-TOF1.3.4.2
2024-08-03 10:24:19,163 [WARN] PackLoader:240 - Cannot read IP mode file for STMicroelectronics.X-CUBE-TOF1.3.4.1
2024-08-03 10:24:19,208 [WARN] PackLoader:240 - Cannot read IP mode file for STMicroelectronics.X-CUBE-AZRTOS-H7.3.2.0
2024-08-03 10:24:19,231 [WARN] PackLoader:240 - Cannot read IP mode file for Infineon.AIROC-Wi-Fi-Bluetooth-STM32.1.6.0
2024-08-03 10:24:19,318 [WARN] PackLoader:240 - Cannot read IP mode file for wolfSSL.I-CUBE-wolfSSH.1.4.17
2024-08-03 10:24:19,319 [INFO] ThirdParty:978 - Integrity check success = true
2024-08-03 10:24:19,319 [INFO] IntegrityCheckThread:100 - exiting critical section [integrity check]
2024-08-03 10:24:19,320 [INFO] IntegrityCheckThread:103 - End integrity checks thread
2024-08-03 10:24:20,566 [INFO] WebApp:448 - Apply proxy settings
2024-08-03 10:24:20,566 [INFO] WebApp:533 - Chromium requires no authentication
2024-08-03 10:24:20,578 [INFO] WebApp:476 - Direct internet connection detected
2024-08-03 10:24:20,617 [INFO] WebApp:869 - Register for checkConnection events
2024-08-03 10:24:20,618 [INFO] WebApp:448 - Apply proxy settings
2024-08-03 10:24:20,618 [INFO] WebApp:533 - Chromium requires no authentication
2024-08-03 10:24:20,619 [INFO] WebApp:476 - Direct internet connection detected
2024-08-03 10:24:20,904 [INFO] WebApp:186 - Connection restablished
2024-08-03 10:24:20,986 [INFO] WebApp:220 - Starting web application
2024-08-03 10:24:20,986 [INFO] WebApp:578 - Web application path used C:\ST\STM32CubeIDE_1.4.0\STM32CubeIDE\plugins\com.st.stm32cube.common.mx_6.12.0.202406281431\db\plugins\mcufinder\reactClient1\index.html
2024-08-03 10:24:21,136 [INFO] UserAuth:417 - Internet connection configuration mode: 1
2024-08-03 17:58:32,031 [ERROR] LogOutputStream:75 - [STDERR_REDIRECT] 
