2024-04-23 09:54:48,600 [INFO] Activator:176 - 


2024-04-23 09:54:48,609 [INFO] Activator:177 - !SESSION log4j initialized
2024-04-23 09:54:56,713 [INFO] LogOutputStream:77 - [STDOUT_REDIRECT] 
2024-04-23 09:55:00,079 [INFO] ApplicationProperties:184 - Using Application install path: C:\ST\STM32CubeIDE_1.4.0\STM32CubeIDE\plugins\com.st.stm32cube.common.mx_6.11.0.202403141607
2024-04-23 09:55:00,129 [INFO] DbMcusXml:78 - Set database path to: C:\ST\STM32CubeIDE_1.4.0\STM32CubeIDE\plugins\com.st.stm32cube.common.mx_6.11.0.202403141607\\db\/mcu/
2024-04-23 09:55:00,130 [INFO] ApiDb:274 - Set plugin database path to: C:\ST\STM32CubeIDE_1.4.0\STM32CubeIDE\plugins\com.st.stm32cube.common.mx_6.11.0.202403141607\\db\/plugins/boardmanager/
2024-04-23 09:55:00,130 [WARN] ApiDb:259 - Overriding images path with different value:  => C:\ST\STM32CubeIDE_1.4.0\STM32CubeIDE\plugins\com.st.stm32cube.common.mx_6.11.0.202403141607\\db\/plugins/mcufinder/images/
2024-04-23 09:55:00,158 [INFO] ApiDb:250 - Set database path to: C:\Users\Abhishek\.stmcufinder\plugins\mcufinder//mcu/
2024-04-23 09:55:00,161 [INFO] DbMcusAds:125 - Set database path to: C:\Users\Abhishek\.stmcufinder\plugins\mcufinder//mcu/
2024-04-23 09:55:00,164 [INFO] CrossReferenceDbSqlite:203 - Set database path to: C:\Users\Abhishek\.stmcufinder\plugins\mcufinder//mcu/cs/
2024-04-23 09:55:00,398 [INFO] RulesReader:64 - Compatibility file has been processed (297 Rules)
2024-04-23 09:55:00,572 [INFO] DbMcusXml:78 - Set database path to: C:\ST\STM32CubeIDE_1.4.0\STM32CubeIDE\plugins\com.st.stm32cube.common.mx_6.11.0.202403141607\\db\/mcu/
2024-04-23 09:55:00,572 [INFO] ApiDb:274 - Set plugin database path to: C:\ST\STM32CubeIDE_1.4.0\STM32CubeIDE\plugins\com.st.stm32cube.common.mx_6.11.0.202403141607\\db\/plugins/boardmanager/
2024-04-23 09:55:00,573 [INFO] ApiDb:261 - Set plugin images path to: C:\ST\STM32CubeIDE_1.4.0\STM32CubeIDE\plugins\com.st.stm32cube.common.mx_6.11.0.202403141607\\db\/plugins/mcufinder/images/
2024-04-23 09:55:00,573 [WARN] DbFile:41 - Overriding database path with different value: C:\Users\Abhishek\.stmcufinder\plugins\mcufinder/ => C:\Users\Abhishek\.stmcufinder\plugins\mcufinder
2024-04-23 09:55:00,573 [INFO] ApiDb:250 - Set database path to: C:\Users\Abhishek\.stmcufinder\plugins\mcufinder//mcu/
2024-04-23 09:55:00,573 [WARN] DbFile:41 - Overriding database path with different value: C:\Users\Abhishek\.stmcufinder\plugins\mcufinder/ => C:\Users\Abhishek\.stmcufinder\plugins\mcufinder
2024-04-23 09:55:00,573 [INFO] DbMcusAds:125 - Set database path to: C:\Users\Abhishek\.stmcufinder\plugins\mcufinder//mcu/
2024-04-23 09:55:00,573 [WARN] DbFile:41 - Overriding database path with different value: C:\Users\Abhishek\.stmcufinder\plugins\mcufinder/ => C:\Users\Abhishek\.stmcufinder\plugins\mcufinder
2024-04-23 09:55:00,574 [WARN] DbFile:41 - Overriding database path with different value: C:\Users\Abhishek\.stmcufinder\plugins\mcufinder/ => C:\Users\Abhishek\.stmcufinder\plugins\mcufinder
2024-04-23 09:55:00,574 [INFO] CrossReferenceDbSqlite:203 - Set database path to: C:\Users\Abhishek\.stmcufinder\plugins\mcufinder//mcu/cs/
2024-04-23 09:55:00,705 [INFO] MainPanel:264 - HeapMemory: 268435456
2024-04-23 09:55:00,964 [INFO] DbMcusXml:78 - Set database path to: C:\ST\STM32CubeIDE_1.4.0\STM32CubeIDE\plugins\com.st.stm32cube.common.mx_6.11.0.202403141607\\db\/mcu/
2024-04-23 09:55:00,965 [INFO] ApiDb:274 - Set plugin database path to: C:\ST\STM32CubeIDE_1.4.0\STM32CubeIDE\plugins\com.st.stm32cube.common.mx_6.11.0.202403141607\\db\/plugins/boardmanager/
2024-04-23 09:55:00,965 [INFO] ApiDb:261 - Set plugin images path to: C:\ST\STM32CubeIDE_1.4.0\STM32CubeIDE\plugins\com.st.stm32cube.common.mx_6.11.0.202403141607\\db\/plugins/mcufinder/images/
2024-04-23 09:55:00,965 [WARN] DbFile:41 - Overriding database path with different value: C:\Users\Abhishek\.stmcufinder\plugins\mcufinder/ => C:\Users\Abhishek\.stmcufinder\plugins\mcufinder
2024-04-23 09:55:00,966 [INFO] ApiDb:250 - Set database path to: C:\Users\Abhishek\.stmcufinder\plugins\mcufinder//mcu/
2024-04-23 09:55:00,966 [WARN] DbFile:41 - Overriding database path with different value: C:\Users\Abhishek\.stmcufinder\plugins\mcufinder/ => C:\Users\Abhishek\.stmcufinder\plugins\mcufinder
2024-04-23 09:55:00,966 [INFO] DbMcusAds:125 - Set database path to: C:\Users\Abhishek\.stmcufinder\plugins\mcufinder//mcu/
2024-04-23 09:55:00,966 [WARN] DbFile:41 - Overriding database path with different value: C:\Users\Abhishek\.stmcufinder\plugins\mcufinder/ => C:\Users\Abhishek\.stmcufinder\plugins\mcufinder
2024-04-23 09:55:00,966 [WARN] DbFile:41 - Overriding database path with different value: C:\Users\Abhishek\.stmcufinder\plugins\mcufinder/ => C:\Users\Abhishek\.stmcufinder\plugins\mcufinder
2024-04-23 09:55:00,966 [INFO] CrossReferenceDbSqlite:203 - Set database path to: C:\Users\Abhishek\.stmcufinder\plugins\mcufinder//mcu/cs/
2024-04-23 09:55:01,023 [INFO] ApplicationProperties:184 - Using Application install path: C:\ST\STM32CubeIDE_1.4.0\STM32CubeIDE\plugins\com.st.stm32cube.common.mx_6.11.0.202403141607
2024-04-23 09:55:01,028 [INFO] PluginManage:196 - Search for loadable plugins [exclusion list=, ]
2024-04-23 09:55:01,033 [INFO] PluginManage:310 - Check plugin analytics
2024-04-23 09:55:01,383 [INFO] AnalyticsPlugin:253 - Accepted Software Licenses: STM32CubeMX.6.1.0,STM32CubeMX.6.4.0,STM32CubeMX.6.2.0,STM32CubeMX.6.10.0
2024-04-23 09:55:01,384 [INFO] AnalyticsPlugin:255 - Accepted CMSIS Pack Licenses: 
2024-04-23 09:55:01,384 [INFO] AnalyticsPlugin:257 - Accepted Firmware Licenses: 
2024-04-23 09:55:01,388 [INFO] PluginManage:359 - Loaded plugin analytics (category:tool,tabindex:-1)
2024-04-23 09:55:01,388 [INFO] PluginManage:310 - Check plugin cadmodel
2024-04-23 09:55:01,405 [INFO] CADModel:105 - Init CAD model plugin
2024-04-23 09:55:01,405 [INFO] PluginManage:359 - Loaded plugin cadmodel (category:power,tabindex:5)
2024-04-23 09:55:01,406 [INFO] PluginManage:310 - Check plugin clock
2024-04-23 09:55:01,523 [INFO] PluginManage:359 - Loaded plugin clock (category:base,tabindex:2)
2024-04-23 09:55:01,524 [INFO] PluginManage:310 - Check plugin ddr
2024-04-23 09:55:01,528 [INFO] PluginManage:359 - Loaded plugin ddr (category:tool,tabindex:6)
2024-04-23 09:55:01,529 [INFO] PluginManage:310 - Check plugin filemanager
2024-04-23 09:55:01,794 [INFO] PluginManage:359 - Loaded plugin filemanager (category:base,tabindex:10)
2024-04-23 09:55:01,795 [INFO] PluginManage:310 - Check plugin ipmanager
2024-04-23 09:55:01,805 [INFO] PluginManage:359 - Loaded plugin ipmanager (category:base,tabindex:5)
2024-04-23 09:55:01,805 [INFO] PluginManage:310 - Check plugin lpbam
2024-04-23 09:55:01,842 [INFO] PluginManage:359 - Loaded plugin lpbam (category:base,tabindex:0)
2024-04-23 09:55:01,843 [INFO] PluginManage:310 - Check plugin memorymap
2024-04-23 09:55:01,887 [INFO] PluginManage:359 - Loaded plugin memorymap (category:base,tabindex:4)
2024-04-23 09:55:01,887 [INFO] PluginManage:310 - Check plugin pinoutandconfiguration
2024-04-23 09:55:01,949 [INFO] PluginManage:359 - Loaded plugin pinoutandconfiguration (category:base,tabindex:1)
2024-04-23 09:55:01,950 [INFO] PluginManage:310 - Check plugin pinoutconfig
2024-04-23 09:55:02,218 [WARN] SupportedApi:132 - Cannot load RTOS API schema: s4s-elt-must-match.1: The content of 'definitions' must match (annotation?, (simpleType | complexType)?, (unique | key | keyref)*)). A problem was found starting at: attribute.
2024-04-23 09:55:02,524 [INFO] PluginManage:359 - Loaded plugin pinoutconfig (category:base,tabindex:0)
2024-04-23 09:55:02,524 [INFO] PluginManage:310 - Check plugin power
2024-04-23 09:55:02,551 [INFO] PluginManage:359 - Loaded plugin power (category:power,tabindex:4)
2024-04-23 09:55:02,551 [INFO] PluginManage:310 - Check plugin projectmanager
2024-04-23 09:55:02,588 [INFO] PluginManage:359 - Loaded plugin projectmanager (category:projectmanager,tabindex:3)
2024-04-23 09:55:02,588 [INFO] PluginManage:310 - Check plugin thirdparty
2024-04-23 09:55:02,906 [INFO] PluginManage:359 - Loaded plugin thirdparty (category:base,tabindex:-1)
2024-04-23 09:55:02,906 [INFO] PluginManage:310 - Check plugin tools
2024-04-23 09:55:02,906 [WARN] IntegrityCheckThread:84 - waiting for thirdparty lock release [integrity check]
2024-04-23 09:55:02,907 [INFO] IntegrityCheckThread:86 - entering critical section [integrity check]
2024-04-23 09:55:02,908 [INFO] ThirdPartyUpdaterWithRetryManager:70 - Updater plugin not ready yet. [1/15]
2024-04-23 09:55:02,917 [INFO] PluginManage:359 - Loaded plugin tools (category:base,tabindex:7)
2024-04-23 09:55:02,917 [INFO] PluginManage:310 - Check plugin tutovideos
2024-04-23 09:55:03,278 [INFO] PluginManage:359 - Loaded plugin tutovideos (category:base,tabindex:-1)
2024-04-23 09:55:03,278 [INFO] PluginManage:310 - Check plugin updater
2024-04-23 09:55:03,306 [INFO] PluginManage:359 - Loaded plugin updater (category:base,tabindex:12)
2024-04-23 09:55:03,307 [INFO] PluginManage:310 - Check plugin userauth
2024-04-23 09:55:03,318 [INFO] UserAuth:114 - Init User Auth plugin
2024-04-23 09:55:03,318 [INFO] PluginManage:359 - Loaded plugin userauth (category:base,tabindex:14)
2024-04-23 09:55:03,319 [INFO] PluginManage:283 - PluginManage : Loaded plugins [17]
2024-04-23 09:55:04,022 [INFO] PinOutPanel:1561 - setPackage(No Configuration,No Configuration)
2024-04-23 09:55:04,231 [INFO] CADModel:165 - CPN selected for project level
2024-04-23 09:55:04,231 [INFO] CADModel:114 - Register for checkConnection events
2024-04-23 09:55:04,297 [INFO] IPUIPlugin:80 - create IPUIPlugin
2024-04-23 09:55:04,298 [INFO] PluginManager:220 - loadIPPluginJar : add adc
2024-04-23 09:55:04,307 [INFO] IPUIPlugin:80 - create IPUIPlugin
2024-04-23 09:55:04,307 [INFO] PluginManager:220 - loadIPPluginJar : add aes
2024-04-23 09:55:04,316 [INFO] IPUIPlugin:80 - create IPUIPlugin
2024-04-23 09:55:04,316 [INFO] PluginManager:220 - loadIPPluginJar : add can
2024-04-23 09:55:04,323 [INFO] IPUIPlugin:80 - create IPUIPlugin
2024-04-23 09:55:04,323 [INFO] PluginManager:220 - loadIPPluginJar : add comp
2024-04-23 09:55:04,332 [INFO] IPUIPlugin:80 - create IPUIPlugin
2024-04-23 09:55:04,332 [INFO] PluginManager:220 - loadIPPluginJar : add cryp
2024-04-23 09:55:04,339 [INFO] IPUIPlugin:80 - create IPUIPlugin
2024-04-23 09:55:04,340 [INFO] PluginManager:220 - loadIPPluginJar : add dfsdm
2024-04-23 09:55:04,360 [INFO] IPUIPlugin:80 - create IPUIPlugin
2024-04-23 09:55:04,361 [INFO] PluginManager:220 - loadIPPluginJar : add dma
2024-04-23 09:55:04,367 [INFO] IPUIPlugin:80 - create IPUIPlugin
2024-04-23 09:55:04,368 [INFO] PluginManager:220 - loadIPPluginJar : add dma3
2024-04-23 09:55:04,411 [INFO] IPUIPlugin:80 - create IPUIPlugin
2024-04-23 09:55:04,411 [INFO] PluginManager:220 - loadIPPluginJar : add extmemmanager
2024-04-23 09:55:04,417 [INFO] IPUIPlugin:80 - create IPUIPlugin
2024-04-23 09:55:04,417 [INFO] PluginManager:220 - loadIPPluginJar : add fatfs
2024-04-23 09:55:04,432 [INFO] IPUIPlugin:80 - create IPUIPlugin
2024-04-23 09:55:04,432 [INFO] PluginManager:220 - loadIPPluginJar : add fmc
2024-04-23 09:55:04,493 [INFO] IPUIPlugin:80 - create IPUIPlugin
2024-04-23 09:55:04,494 [INFO] PluginManager:220 - loadIPPluginJar : add freertos
2024-04-23 09:55:04,498 [INFO] IPUIPlugin:80 - create IPUIPlugin
2024-04-23 09:55:04,498 [INFO] PluginManager:220 - loadIPPluginJar : add genericplugin
2024-04-23 09:55:04,506 [INFO] IPUIPlugin:80 - create IPUIPlugin
2024-04-23 09:55:04,506 [INFO] PluginManager:220 - loadIPPluginJar : add gfxmmu
2024-04-23 09:55:04,532 [INFO] IPUIPlugin:80 - create IPUIPlugin
2024-04-23 09:55:04,532 [INFO] PluginManager:220 - loadIPPluginJar : add gic
2024-04-23 09:55:04,561 [INFO] IPUIPlugin:80 - create IPUIPlugin
2024-04-23 09:55:04,561 [INFO] PluginManager:220 - loadIPPluginJar : add gpio
2024-04-23 09:55:04,579 [INFO] IPUIPlugin:80 - create IPUIPlugin
2024-04-23 09:55:04,579 [INFO] PluginManager:220 - loadIPPluginJar : add gtzc
2024-04-23 09:55:04,588 [INFO] IPUIPlugin:80 - create IPUIPlugin
2024-04-23 09:55:04,588 [INFO] PluginManager:220 - loadIPPluginJar : add hash
2024-04-23 09:55:04,598 [INFO] IPUIPlugin:80 - create IPUIPlugin
2024-04-23 09:55:04,598 [INFO] PluginManager:220 - loadIPPluginJar : add i2c
2024-04-23 09:55:04,607 [INFO] IPUIPlugin:80 - create IPUIPlugin
2024-04-23 09:55:04,607 [INFO] PluginManager:220 - loadIPPluginJar : add i2s
2024-04-23 09:55:04,617 [INFO] IPUIPlugin:80 - create IPUIPlugin
2024-04-23 09:55:04,617 [INFO] PluginManager:220 - loadIPPluginJar : add i3c
2024-04-23 09:55:04,635 [INFO] IPUIPlugin:80 - create IPUIPlugin
2024-04-23 09:55:04,636 [INFO] PluginManager:220 - loadIPPluginJar : add ipddr
2024-04-23 09:55:04,663 [INFO] IPUIPlugin:80 - create IPUIPlugin
2024-04-23 09:55:04,663 [INFO] PluginManager:220 - loadIPPluginJar : add linkedlist
2024-04-23 09:55:04,673 [INFO] IPUIPlugin:80 - create IPUIPlugin
2024-04-23 09:55:04,673 [INFO] PluginManager:220 - loadIPPluginJar : add lorawan
2024-04-23 09:55:04,684 [INFO] IPUIPlugin:80 - create IPUIPlugin
2024-04-23 09:55:04,684 [INFO] PluginManager:220 - loadIPPluginJar : add ltdc
2024-04-23 09:55:04,742 [INFO] IPUIPlugin:80 - create IPUIPlugin
2024-04-23 09:55:04,742 [INFO] PluginManager:220 - loadIPPluginJar : add mdma
2024-04-23 09:55:04,777 [INFO] IPUIPlugin:80 - create IPUIPlugin
2024-04-23 09:55:04,777 [INFO] PluginManager:220 - loadIPPluginJar : add nvic
2024-04-23 09:55:04,789 [INFO] IPUIPlugin:80 - create IPUIPlugin
2024-04-23 09:55:04,789 [INFO] PluginManager:220 - loadIPPluginJar : add opamp
2024-04-23 09:55:04,801 [INFO] IPUIPlugin:80 - create IPUIPlugin
2024-04-23 09:55:04,802 [INFO] PluginManager:220 - loadIPPluginJar : add openamp
2024-04-23 09:55:04,818 [INFO] IPUIPlugin:80 - create IPUIPlugin
2024-04-23 09:55:04,819 [INFO] PluginManager:220 - loadIPPluginJar : add pdm2pcm
2024-04-23 09:55:04,855 [INFO] IPUIPlugin:80 - create IPUIPlugin
2024-04-23 09:55:04,859 [INFO] PluginManager:220 - loadIPPluginJar : add plateformsettings
2024-04-23 09:55:04,867 [INFO] IPUIPlugin:80 - create IPUIPlugin
2024-04-23 09:55:04,868 [INFO] PluginManager:220 - loadIPPluginJar : add quadspi
2024-04-23 09:55:04,940 [INFO] IPUIPlugin:80 - create IPUIPlugin
2024-04-23 09:55:04,940 [INFO] PluginManager:220 - loadIPPluginJar : add resmgrutility
2024-04-23 09:55:04,950 [INFO] IPUIPlugin:80 - create IPUIPlugin
2024-04-23 09:55:04,951 [INFO] PluginManager:220 - loadIPPluginJar : add sai
2024-04-23 09:55:04,959 [INFO] IPUIPlugin:80 - create IPUIPlugin
2024-04-23 09:55:04,959 [INFO] PluginManager:220 - loadIPPluginJar : add spi
2024-04-23 09:55:04,974 [INFO] IPUIPlugin:80 - create IPUIPlugin
2024-04-23 09:55:04,974 [INFO] PluginManager:220 - loadIPPluginJar : add stm32_wpan
2024-04-23 09:55:04,982 [INFO] IPUIPlugin:80 - create IPUIPlugin
2024-04-23 09:55:04,982 [INFO] PluginManager:220 - loadIPPluginJar : add tim
2024-04-23 09:55:04,992 [INFO] IPUIPlugin:80 - create IPUIPlugin
2024-04-23 09:55:04,992 [INFO] PluginManager:220 - loadIPPluginJar : add touchsensing
2024-04-23 09:55:04,998 [INFO] IPUIPlugin:80 - create IPUIPlugin
2024-04-23 09:55:04,999 [INFO] PluginManager:220 - loadIPPluginJar : add tracer_emb
2024-04-23 09:55:05,004 [INFO] IPUIPlugin:80 - create IPUIPlugin
2024-04-23 09:55:05,005 [INFO] PluginManager:220 - loadIPPluginJar : add ts
2024-04-23 09:55:05,011 [INFO] IPUIPlugin:80 - create IPUIPlugin
2024-04-23 09:55:05,011 [INFO] PluginManager:220 - loadIPPluginJar : add tsc
2024-04-23 09:55:05,016 [INFO] IPUIPlugin:80 - create IPUIPlugin
2024-04-23 09:55:05,016 [INFO] PluginManager:220 - loadIPPluginJar : add ucpd
2024-04-23 09:55:05,026 [INFO] IPUIPlugin:80 - create IPUIPlugin
2024-04-23 09:55:05,026 [INFO] PluginManager:220 - loadIPPluginJar : add usart
2024-04-23 09:55:05,035 [INFO] IPUIPlugin:80 - create IPUIPlugin
2024-04-23 09:55:05,035 [INFO] PluginManager:220 - loadIPPluginJar : add usbx
2024-04-23 09:55:05,190 [INFO] CADModel:165 - CPN selected for project level
2024-04-23 09:55:05,190 [INFO] CADModel:114 - Register for checkConnection events
2024-04-23 09:55:05,190 [FATAL] Updater:308 - Updater called before beeing initialized
2024-04-23 09:55:05,190 [ERROR] CADModel:125 - Updater not yet initialized, retry later 
2024-04-23 09:55:05,368 [INFO] CADModel:165 - CPN selected for project level
2024-04-23 09:55:05,368 [INFO] CADModel:114 - Register for checkConnection events
2024-04-23 09:55:05,368 [FATAL] Updater:308 - Updater called before beeing initialized
2024-04-23 09:55:05,368 [ERROR] CADModel:125 - Updater not yet initialized, retry later 
2024-04-23 09:55:05,372 [FATAL] Updater:308 - Updater called before beeing initialized
2024-04-23 09:55:05,606 [FATAL] Updater:308 - Updater called before beeing initialized
2024-04-23 09:55:05,616 [INFO] DbMcusAds:53 - JSON generation date=Wed Nov 29 16:22:27 IST 2023 (1701255147349)
2024-04-23 09:55:05,616 [FATAL] Updater:308 - Updater called before beeing initialized
2024-04-23 09:55:05,695 [WARN] DetailPanel:346 - Failed to get advertising image, set to default
2024-04-23 09:55:05,811 [FATAL] Updater:308 - Updater called before beeing initialized
2024-04-23 09:55:05,814 [FATAL] Updater:308 - Updater called before beeing initialized
2024-04-23 09:55:05,814 [FATAL] Updater:308 - Updater called before beeing initialized
2024-04-23 09:55:05,814 [WARN] DetailPanel:346 - Failed to get advertising image, set to default
2024-04-23 09:55:05,815 [FATAL] Updater:308 - Updater called before beeing initialized
2024-04-23 09:55:05,906 [ERROR] Updater:1120 - MainUpdater not yet initialized. External WinMGr cannot be set.
2024-04-23 09:55:05,909 [INFO] ThirdPartyUpdaterWithRetryManager:70 - Updater plugin not ready yet. [2/15]
2024-04-23 09:55:05,913 [INFO] Updater:1056 - Updater Version found : 6.11.0
2024-04-23 09:55:05,954 [INFO] ApplicationProperties:184 - Using Application install path: C:\ST\STM32CubeIDE_1.4.0\STM32CubeIDE\plugins\com.st.stm32cube.common.mx_6.11.0.202403141607
2024-04-23 09:55:06,577 [INFO] MainUpdater:2873 - connection check result : 10
2024-04-23 09:55:06,577 [INFO] MainUpdater:3567 - Updater definition file requires update
2024-04-23 09:55:06,578 [INFO] MainUpdater:290 - Updater Check For Update Now.
2024-04-23 09:55:06,579 [INFO] MicroXplorer:498 - Change Database Version : DB.6.0.110
2024-04-23 09:55:06,586 [INFO] McuFinderGlobals:63 - Set McuFinder mode to 2 (CubeIDE integrated)
2024-04-23 09:55:06,586 [INFO] UserAuth:179 - activating auth plugin
2024-04-23 09:55:06,589 [INFO] UserAuth:415 - Internet connection configuration mode: 1
2024-04-23 09:55:06,615 [INFO] JxBrowserEngine:152 - Initiate JxBrowser Engine with user profile folder
2024-04-23 09:55:06,646 [INFO] ServerAccessManage:473 - Download File updaters.zip
2024-04-23 09:55:06,769 [INFO] FileExtend:240 - Unzip File : updaters.zip
2024-04-23 09:55:06,769 [INFO] FileExtend:255 - Standard Zip Deflate
2024-04-23 09:55:08,722 [INFO] ServerAccessManage:473 - Download File PacksControlFlags.xml
2024-04-23 09:55:08,912 [WARN] MainUpdater:1194 - Updater busy. Cannot search thirdparties
2024-04-23 09:55:08,913 [INFO] ThirdPartyUpdaterWithRetryManager:96 - Updater plugin is busy. [1/15]
2024-04-23 09:55:08,934 [INFO] ServerAccessManage:473 - Download File cubemx.pidx
2024-04-23 09:55:09,458 [INFO] WebApp:161 - Instantiating new browser for Auth
2024-04-23 09:55:09,545 [INFO] ServerAccessManage:473 - Download File STMicroelectronics.FP-SNS-MOTENVWB1.pdsc
2024-04-23 09:55:09,713 [INFO] ServerAccessManage:473 - Download File STMicroelectronics.X-CUBE-AI.pdsc
2024-04-23 09:55:10,525 [INFO] ServerAccessManage:473 - Download File STMicroelectronics.X-CUBE-AZRTOS-H7RS.pdsc
2024-04-23 09:55:10,815 [INFO] WebApp:779 - Register for checkConnection events
2024-04-23 09:55:10,815 [INFO] WebApp:414 - Apply proxy settings
2024-04-23 09:55:10,815 [INFO] WebApp:499 - Chromium requires no authentication
2024-04-23 09:55:10,834 [INFO] WebApp:442 - Direct internet connection detected
2024-04-23 09:55:11,017 [WARN] PackLoader:240 - Cannot read IP mode file for STMicroelectronics.FP-SNS-MOTENVWB1.1.4.0
2024-04-23 09:55:11,033 [WARN] PackLoader:240 - Cannot read IP mode file for STMicroelectronics.X-CUBE-AI.9.0.0
2024-04-23 09:55:11,077 [WARN] PackLoader:240 - Cannot read IP mode file for STMicroelectronics.X-CUBE-AZRTOS-H7RS.1.0.0
2024-04-23 09:55:11,086 [INFO] PopulateThirdPartyThread:66 - Ending populate Thread
2024-04-23 09:55:11,088 [INFO] ThirdParty:1030 - CMSIS Pack Vendor :STMicroelectronics FP-SNS-MOTENVWB1 1.4.0
2024-04-23 09:55:11,088 [INFO] ThirdParty:1030 - CMSIS Pack Vendor :STMicroelectronics X-CUBE-AI 9.0.0
2024-04-23 09:55:11,088 [INFO] ThirdParty:1030 - CMSIS Pack Vendor :STMicroelectronics X-CUBE-AZRTOS-H7RS 1.0.0
2024-04-23 09:55:11,089 [INFO] LoadServerUpdatesThread:375 - End of LoadServerUpdate Thread
2024-04-23 09:55:11,148 [INFO] CheckServerUpdateThread:120 - End of CheckServer Thread
2024-04-23 09:55:11,308 [INFO] WebApp:192 - Starting web application
2024-04-23 09:55:11,308 [INFO] WebApp:544 - Web application path used C:\ST\STM32CubeIDE_1.4.0\STM32CubeIDE\plugins\com.st.stm32cube.common.mx_6.11.0.202403141607\db\plugins\mcufinder\reactClient1\index.html
2024-04-23 09:55:12,168 [WARN] PackLoader:240 - Cannot read IP mode file for STMicroelectronics.FP-SNS-MOTENVWB1.1.4.0
2024-04-23 09:55:12,180 [WARN] PackLoader:240 - Cannot read IP mode file for STMicroelectronics.X-CUBE-SMBUS.2.1.0
2024-04-23 09:55:12,188 [WARN] PackLoader:240 - Cannot read IP mode file for STMicroelectronics.X-CUBE-TOUCHGFX.4.23.2
2024-04-23 09:55:12,214 [WARN] PackLoader:240 - Cannot read IP mode file for STMicroelectronics.X-CUBE-AZRTOS-F7.1.1.0
2024-04-23 09:55:12,224 [WARN] PackLoader:240 - Cannot read IP mode file for STMicroelectronics.FP-SNS-FLIGHT1.5.0.2
2024-04-23 09:55:12,233 [WARN] PackLoader:240 - Cannot read IP mode file for STMicroelectronics.X-CUBE-DISPLAY.3.0.0
2024-04-23 09:55:12,246 [WARN] PackLoader:240 - Cannot read IP mode file for STMicroelectronics.X-CUBE-BLE1.7.0.0
2024-04-23 09:55:12,252 [WARN] PackLoader:240 - Cannot read IP mode file for emotas.I-CUBE-CANOPEN.1.3.0
2024-04-23 09:55:12,264 [WARN] PackLoader:240 - Cannot read IP mode file for STMicroelectronics.X-CUBE-BLEMGR.3.1.0
2024-04-23 09:55:12,272 [WARN] PackLoader:240 - Cannot read IP mode file for STMicroelectronics.FP-SNS-SMARTAG2.1.2.0
2024-04-23 09:55:12,281 [INFO] LogOutputStream:77 - [STDOUT_REDIRECT] 1 : Invalid condition id : UX_CORESTACK_Condition cause : null
2024-04-23 09:55:12,282 [INFO] LogOutputStream:77 - [STDOUT_REDIRECT] 1 : Invalid condition id : UX_CORESTACK_Condition cause : null
2024-04-23 09:55:12,283 [INFO] LogOutputStream:77 - [STDOUT_REDIRECT] 1 : Invalid condition id : UX_CORESTACK_Condition cause : null
2024-04-23 09:55:12,285 [INFO] LogOutputStream:77 - [STDOUT_REDIRECT] 1 : Invalid condition id : UX_CORESTACK_Condition cause : null
2024-04-23 09:55:12,286 [INFO] LogOutputStream:77 - [STDOUT_REDIRECT] 1 : Invalid condition id : UX_CORESTACK_Condition cause : null
2024-04-23 09:55:12,289 [WARN] PackLoader:240 - Cannot read IP mode file for STMicroelectronics.X-CUBE-AZRTOS-WL.2.0.0
2024-04-23 09:55:12,296 [WARN] PackLoader:240 - Cannot read IP mode file for STMicroelectronics.FP-SNS-MOTENV1.5.0.0
2024-04-23 09:55:12,304 [WARN] PackLoader:240 - Cannot read IP mode file for WES.I-CUBE-Cesium.1.3.0
2024-04-23 09:55:12,310 [WARN] PackLoader:240 - Cannot read IP mode file for STMicroelectronics.X-CUBE-BLE2.3.3.0
2024-04-23 09:55:12,319 [WARN] PackLoader:240 - Cannot read IP mode file for STMicroelectronics.X-CUBE-TCPP.4.1.0
2024-04-23 09:55:12,329 [WARN] PackLoader:240 - Cannot read IP mode file for STMicroelectronics.X-CUBE-ALGOBUILD.1.3.0
2024-04-23 09:55:12,343 [WARN] PackLoader:240 - Cannot read IP mode file for STMicroelectronics.X-CUBE-AZRTOS-G0.1.1.0
2024-04-23 09:55:12,352 [WARN] PackLoader:240 - Cannot read IP mode file for STMicroelectronics.X-CUBE-SAFEA1.1.2.2
2024-04-23 09:55:12,359 [WARN] PackLoader:240 - Cannot read IP mode file for STMicroelectronics.X-CUBE-NFC4.3.0.0
2024-04-23 09:55:12,364 [WARN] PackLoader:240 - Cannot read IP mode file for wolfSSL.I-CUBE-wolfSSL.5.7.0
2024-04-23 09:55:12,369 [WARN] PackLoader:240 - Cannot read IP mode file for STMicroelectronics.FP-ATR-SIGFOX1.3.2.0
2024-04-23 09:55:12,375 [WARN] PackLoader:240 - Cannot read IP mode file for STMicroelectronics.X-CUBE-EEPRMA1.5.1.0
2024-04-23 09:55:12,385 [WARN] PackLoader:240 - Cannot read IP mode file for ITTIA_DB.I-CUBE-ITTIADB.8.9.0
2024-04-23 09:55:12,411 [WARN] PackLoader:240 - Cannot read IP mode file for SEGGER.I-CUBE-embOS.1.3.1
2024-04-23 09:55:12,470 [WARN] PackLoader:240 - Cannot read IP mode file for STMicroelectronics.X-CUBE-GNSS1.6.0.0
2024-04-23 09:55:12,488 [WARN] PackLoader:240 - Cannot read IP mode file for STMicroelectronics.X-CUBE-AZRTOS-F4.1.1.0
2024-04-23 09:55:12,508 [WARN] PackLoader:240 - Cannot read IP mode file for STMicroelectronics.X-CUBE-AZRTOS-L5.2.0.0
2024-04-23 09:55:12,518 [WARN] PackLoader:240 - Cannot read IP mode file for STMicroelectronics.X-CUBE-NFC6.3.1.0
2024-04-23 09:55:12,523 [WARN] PackLoader:240 - Cannot read IP mode file for STMicroelectronics.X-CUBE-AI.9.0.0
2024-04-23 09:55:12,530 [WARN] PackLoader:240 - Cannot read IP mode file for STMicroelectronics.X-CUBE-NFC7.1.0.1
2024-04-23 09:55:12,534 [WARN] PackLoader:240 - Cannot read IP mode file for STMicroelectronics.X-CUBE-AI.8.1.0
2024-04-23 09:55:12,550 [WARN] ConditionMgr:438 - getConditionDescription Invalid condition id : LAN8742 Phy interface Condition cause : null
2024-04-23 09:55:12,550 [WARN] PackLoader:240 - Cannot read IP mode file for STMicroelectronics.X-CUBE-AZRTOS-L4.2.0.0
2024-04-23 09:55:12,552 [WARN] ConditionMgr:1039 - genDependencies : Invalid condition id : LAN8742 Phy interface Condition cause : null
2024-04-23 09:55:12,552 [WARN] ConditionMgr:1039 - genDependencies : Invalid condition id : LAN8742 Phy interface Condition cause : null
2024-04-23 09:55:12,553 [WARN] ConditionMgr:1039 - genDependencies : Invalid condition id : LAN8742 Phy interface Condition cause : null
2024-04-23 09:55:12,560 [WARN] PackLoader:240 - Cannot read IP mode file for STMicroelectronics.X-CUBE-SFXS2LP1.4.0.0
2024-04-23 09:55:12,571 [WARN] ConditionMgr:438 - getConditionDescription Invalid condition id : UX DEVICE CLASS RTOS Condition cause : null
2024-04-23 09:55:12,571 [WARN] ConditionMgr:438 - getConditionDescription Invalid condition id : UX DEVICE CLASS RTOS Condition cause : null
2024-04-23 09:55:12,573 [WARN] PackLoader:240 - Cannot read IP mode file for STMicroelectronics.X-CUBE-AZRTOS-WB.2.0.0
2024-04-23 09:55:12,573 [WARN] ConditionMgr:1039 - genDependencies : Invalid condition id : UX DEVICE CLASS RTOS Condition cause : null
2024-04-23 09:55:12,574 [WARN] ConditionMgr:1039 - genDependencies : Invalid condition id : UX DEVICE CLASS RTOS Condition cause : null
2024-04-23 09:55:12,574 [WARN] ConditionMgr:1039 - genDependencies : Invalid condition id : UX DEVICE CLASS RTOS Condition cause : null
2024-04-23 09:55:12,574 [WARN] ConditionMgr:1039 - genDependencies : Invalid condition id : UX DEVICE CLASS RTOS Condition cause : null
2024-04-23 09:55:12,574 [WARN] ConditionMgr:1039 - genDependencies : Invalid condition id : UX DEVICE CLASS RTOS Condition cause : null
2024-04-23 09:55:12,586 [WARN] PackLoader:240 - Cannot read IP mode file for STMicroelectronics.X-CUBE-SUBG2.5.0.0
2024-04-23 09:55:12,605 [WARN] PackLoader:240 - Cannot read IP mode file for STMicroelectronics.X-CUBE-AZRTOS-G4.2.0.0
2024-04-23 09:55:12,610 [WARN] PackLoader:240 - Cannot read IP mode file for STMicroelectronics.FP-SNS-MOTENVWB1.1.3.1
2024-04-23 09:55:12,615 [WARN] PackLoader:240 - Cannot read IP mode file for STMicroelectronics.X-CUBE-ISPU.2.0.0
2024-04-23 09:55:12,647 [WARN] PackLoader:240 - Cannot read IP mode file for STMicroelectronics.X-CUBE-MEMS1.10.0.0
2024-04-23 09:55:12,747 [WARN] PackLoader:240 - Cannot read IP mode file for STMicroelectronics.X-CUBE-FREERTOS.1.1.0
2024-04-23 09:55:12,753 [WARN] PackLoader:240 - Cannot read IP mode file for portGmbH.I-Cube-SoM-uGOAL.1.1.0
2024-04-23 09:55:12,758 [WARN] PackLoader:240 - Cannot read IP mode file for STMicroelectronics.X-CUBE-ALS.1.0.1
2024-04-23 09:55:12,774 [WARN] PackLoader:240 - Cannot read IP mode file for STMicroelectronics.X-CUBE-AZRTOS-H7RS.1.0.0
2024-04-23 09:55:12,785 [WARN] PackLoader:240 - Cannot read IP mode file for STMicroelectronics.FP-ATR-ASTRA1.2.0.0
2024-04-23 09:55:12,795 [WARN] PackLoader:240 - Cannot read IP mode file for STMicroelectronics.X-CUBE-TOF1.3.4.1
2024-04-23 09:55:12,821 [WARN] PackLoader:240 - Cannot read IP mode file for STMicroelectronics.X-CUBE-AZRTOS-H7.3.2.0
2024-04-23 09:55:12,834 [WARN] PackLoader:240 - Cannot read IP mode file for Infineon.AIROC-Wi-Fi-Bluetooth-STM32.1.6.0
2024-04-23 09:55:12,838 [INFO] ThirdParty:978 - Integrity check success = true
2024-04-23 09:55:12,838 [INFO] IntegrityCheckThread:100 - exiting critical section [integrity check]
2024-04-23 09:55:12,839 [INFO] IntegrityCheckThread:103 - End integrity checks thread
2024-04-23 17:40:23,870 [ERROR] LogOutputStream:75 - [STDERR_REDIRECT] 
