2024-05-25 11:47:13,453 [INFO] Activator:176 - 


2024-05-25 11:47:13,473 [INFO] Activator:177 - !SESSION log4j initialized
2024-05-25 11:47:25,563 [INFO] LogOutputStream:77 - [STDOUT_REDIRECT] 
2024-05-25 11:47:27,488 [INFO] ApplicationProperties:184 - Using Application install path: C:\ST\STM32CubeIDE_1.4.0\STM32CubeIDE\plugins\com.st.stm32cube.common.mx_6.11.1.202404110753
2024-05-25 11:47:27,523 [INFO] DbMcusXml:78 - Set database path to: C:\ST\STM32CubeIDE_1.4.0\STM32CubeIDE\plugins\com.st.stm32cube.common.mx_6.11.1.202404110753\\db\/mcu/
2024-05-25 11:47:27,524 [INFO] ApiDb:274 - Set plugin database path to: C:\ST\STM32CubeIDE_1.4.0\STM32CubeIDE\plugins\com.st.stm32cube.common.mx_6.11.1.202404110753\\db\/plugins/boardmanager/
2024-05-25 11:47:27,524 [WARN] ApiDb:259 - Overriding images path with different value:  => C:\ST\STM32CubeIDE_1.4.0\STM32CubeIDE\plugins\com.st.stm32cube.common.mx_6.11.1.202404110753\\db\/plugins/mcufinder/images/
2024-05-25 11:47:27,544 [INFO] ApiDb:250 - Set database path to: C:\Users\Abhishek\.stmcufinder\plugins\mcufinder//mcu/
2024-05-25 11:47:27,545 [INFO] DbMcusAds:125 - Set database path to: C:\Users\Abhishek\.stmcufinder\plugins\mcufinder//mcu/
2024-05-25 11:47:27,548 [INFO] CrossReferenceDbSqlite:203 - Set database path to: C:\Users\Abhishek\.stmcufinder\plugins\mcufinder//mcu/cs/
2024-05-25 11:47:27,755 [INFO] RulesReader:64 - Compatibility file has been processed (297 Rules)
2024-05-25 11:47:27,957 [INFO] DbMcusXml:78 - Set database path to: C:\ST\STM32CubeIDE_1.4.0\STM32CubeIDE\plugins\com.st.stm32cube.common.mx_6.11.1.202404110753\\db\/mcu/
2024-05-25 11:47:27,957 [INFO] ApiDb:274 - Set plugin database path to: C:\ST\STM32CubeIDE_1.4.0\STM32CubeIDE\plugins\com.st.stm32cube.common.mx_6.11.1.202404110753\\db\/plugins/boardmanager/
2024-05-25 11:47:27,957 [INFO] ApiDb:261 - Set plugin images path to: C:\ST\STM32CubeIDE_1.4.0\STM32CubeIDE\plugins\com.st.stm32cube.common.mx_6.11.1.202404110753\\db\/plugins/mcufinder/images/
2024-05-25 11:47:27,958 [WARN] DbFile:41 - Overriding database path with different value: C:\Users\Abhishek\.stmcufinder\plugins\mcufinder/ => C:\Users\Abhishek\.stmcufinder\plugins\mcufinder
2024-05-25 11:47:27,958 [INFO] ApiDb:250 - Set database path to: C:\Users\Abhishek\.stmcufinder\plugins\mcufinder//mcu/
2024-05-25 11:47:27,958 [WARN] DbFile:41 - Overriding database path with different value: C:\Users\Abhishek\.stmcufinder\plugins\mcufinder/ => C:\Users\Abhishek\.stmcufinder\plugins\mcufinder
2024-05-25 11:47:27,958 [INFO] DbMcusAds:125 - Set database path to: C:\Users\Abhishek\.stmcufinder\plugins\mcufinder//mcu/
2024-05-25 11:47:27,958 [WARN] DbFile:41 - Overriding database path with different value: C:\Users\Abhishek\.stmcufinder\plugins\mcufinder/ => C:\Users\Abhishek\.stmcufinder\plugins\mcufinder
2024-05-25 11:47:27,958 [WARN] DbFile:41 - Overriding database path with different value: C:\Users\Abhishek\.stmcufinder\plugins\mcufinder/ => C:\Users\Abhishek\.stmcufinder\plugins\mcufinder
2024-05-25 11:47:27,959 [INFO] CrossReferenceDbSqlite:203 - Set database path to: C:\Users\Abhishek\.stmcufinder\plugins\mcufinder//mcu/cs/
2024-05-25 11:47:28,101 [INFO] MainPanel:264 - HeapMemory: 268435456
2024-05-25 11:47:28,269 [INFO] DbMcusXml:78 - Set database path to: C:\ST\STM32CubeIDE_1.4.0\STM32CubeIDE\plugins\com.st.stm32cube.common.mx_6.11.1.202404110753\\db\/mcu/
2024-05-25 11:47:28,269 [INFO] ApiDb:274 - Set plugin database path to: C:\ST\STM32CubeIDE_1.4.0\STM32CubeIDE\plugins\com.st.stm32cube.common.mx_6.11.1.202404110753\\db\/plugins/boardmanager/
2024-05-25 11:47:28,270 [INFO] ApiDb:261 - Set plugin images path to: C:\ST\STM32CubeIDE_1.4.0\STM32CubeIDE\plugins\com.st.stm32cube.common.mx_6.11.1.202404110753\\db\/plugins/mcufinder/images/
2024-05-25 11:47:28,270 [WARN] DbFile:41 - Overriding database path with different value: C:\Users\Abhishek\.stmcufinder\plugins\mcufinder/ => C:\Users\Abhishek\.stmcufinder\plugins\mcufinder
2024-05-25 11:47:28,270 [INFO] ApiDb:250 - Set database path to: C:\Users\Abhishek\.stmcufinder\plugins\mcufinder//mcu/
2024-05-25 11:47:28,270 [WARN] DbFile:41 - Overriding database path with different value: C:\Users\Abhishek\.stmcufinder\plugins\mcufinder/ => C:\Users\Abhishek\.stmcufinder\plugins\mcufinder
2024-05-25 11:47:28,270 [INFO] DbMcusAds:125 - Set database path to: C:\Users\Abhishek\.stmcufinder\plugins\mcufinder//mcu/
2024-05-25 11:47:28,270 [WARN] DbFile:41 - Overriding database path with different value: C:\Users\Abhishek\.stmcufinder\plugins\mcufinder/ => C:\Users\Abhishek\.stmcufinder\plugins\mcufinder
2024-05-25 11:47:28,270 [WARN] DbFile:41 - Overriding database path with different value: C:\Users\Abhishek\.stmcufinder\plugins\mcufinder/ => C:\Users\Abhishek\.stmcufinder\plugins\mcufinder
2024-05-25 11:47:28,270 [INFO] CrossReferenceDbSqlite:203 - Set database path to: C:\Users\Abhishek\.stmcufinder\plugins\mcufinder//mcu/cs/
2024-05-25 11:47:28,296 [INFO] ApplicationProperties:184 - Using Application install path: C:\ST\STM32CubeIDE_1.4.0\STM32CubeIDE\plugins\com.st.stm32cube.common.mx_6.11.1.202404110753
2024-05-25 11:47:28,299 [INFO] PluginManage:196 - Search for loadable plugins [exclusion list=, ]
2024-05-25 11:47:28,301 [INFO] PluginManage:310 - Check plugin analytics
2024-05-25 11:47:28,686 [INFO] AnalyticsPlugin:253 - Accepted Software Licenses: STM32CubeMX.6.1.0,STM32CubeMX.6.4.0,STM32CubeMX.6.2.0,STM32CubeMX.6.10.0
2024-05-25 11:47:28,687 [INFO] AnalyticsPlugin:255 - Accepted CMSIS Pack Licenses: 
2024-05-25 11:47:28,687 [INFO] AnalyticsPlugin:257 - Accepted Firmware Licenses: 
2024-05-25 11:47:28,691 [INFO] PluginManage:359 - Loaded plugin analytics (category:tool,tabindex:-1)
2024-05-25 11:47:28,691 [INFO] PluginManage:310 - Check plugin cadmodel
2024-05-25 11:47:28,764 [INFO] CADModel:105 - Init CAD model plugin
2024-05-25 11:47:28,764 [INFO] PluginManage:359 - Loaded plugin cadmodel (category:power,tabindex:5)
2024-05-25 11:47:28,764 [INFO] PluginManage:310 - Check plugin clock
2024-05-25 11:47:28,854 [INFO] PluginManage:359 - Loaded plugin clock (category:base,tabindex:2)
2024-05-25 11:47:28,855 [INFO] PluginManage:310 - Check plugin ddr
2024-05-25 11:47:28,859 [INFO] PluginManage:359 - Loaded plugin ddr (category:tool,tabindex:6)
2024-05-25 11:47:28,859 [INFO] PluginManage:310 - Check plugin filemanager
2024-05-25 11:47:29,111 [INFO] PluginManage:359 - Loaded plugin filemanager (category:base,tabindex:10)
2024-05-25 11:47:29,111 [INFO] PluginManage:310 - Check plugin ipmanager
2024-05-25 11:47:29,148 [INFO] PluginManage:359 - Loaded plugin ipmanager (category:base,tabindex:5)
2024-05-25 11:47:29,149 [INFO] PluginManage:310 - Check plugin lpbam
2024-05-25 11:47:29,197 [INFO] PluginManage:359 - Loaded plugin lpbam (category:base,tabindex:0)
2024-05-25 11:47:29,197 [INFO] PluginManage:310 - Check plugin memorymap
2024-05-25 11:47:29,241 [INFO] PluginManage:359 - Loaded plugin memorymap (category:base,tabindex:4)
2024-05-25 11:47:29,241 [INFO] PluginManage:310 - Check plugin pinoutandconfiguration
2024-05-25 11:47:29,291 [INFO] PluginManage:359 - Loaded plugin pinoutandconfiguration (category:base,tabindex:1)
2024-05-25 11:47:29,291 [INFO] PluginManage:310 - Check plugin pinoutconfig
2024-05-25 11:47:29,520 [WARN] SupportedApi:132 - Cannot load RTOS API schema: s4s-elt-must-match.1: The content of 'definitions' must match (annotation?, (simpleType | complexType)?, (unique | key | keyref)*)). A problem was found starting at: attribute.
2024-05-25 11:47:29,896 [INFO] PluginManage:359 - Loaded plugin pinoutconfig (category:base,tabindex:0)
2024-05-25 11:47:29,896 [INFO] PluginManage:310 - Check plugin power
2024-05-25 11:47:29,920 [INFO] PluginManage:359 - Loaded plugin power (category:power,tabindex:4)
2024-05-25 11:47:29,920 [INFO] PluginManage:310 - Check plugin projectmanager
2024-05-25 11:47:29,948 [INFO] PluginManage:359 - Loaded plugin projectmanager (category:projectmanager,tabindex:3)
2024-05-25 11:47:29,948 [INFO] PluginManage:310 - Check plugin thirdparty
2024-05-25 11:47:30,227 [INFO] PluginManage:359 - Loaded plugin thirdparty (category:base,tabindex:-1)
2024-05-25 11:47:30,228 [INFO] PluginManage:310 - Check plugin tools
2024-05-25 11:47:30,227 [WARN] IntegrityCheckThread:84 - waiting for thirdparty lock release [integrity check]
2024-05-25 11:47:30,228 [INFO] IntegrityCheckThread:86 - entering critical section [integrity check]
2024-05-25 11:47:30,229 [INFO] ThirdPartyUpdaterWithRetryManager:70 - Updater plugin not ready yet. [1/15]
2024-05-25 11:47:30,237 [INFO] PluginManage:359 - Loaded plugin tools (category:base,tabindex:7)
2024-05-25 11:47:30,237 [INFO] PluginManage:310 - Check plugin tutovideos
2024-05-25 11:47:30,560 [INFO] PluginManage:359 - Loaded plugin tutovideos (category:base,tabindex:-1)
2024-05-25 11:47:30,560 [INFO] PluginManage:310 - Check plugin updater
2024-05-25 11:47:30,582 [INFO] PluginManage:359 - Loaded plugin updater (category:base,tabindex:12)
2024-05-25 11:47:30,582 [INFO] PluginManage:310 - Check plugin userauth
2024-05-25 11:47:30,592 [INFO] UserAuth:114 - Init User Auth plugin
2024-05-25 11:47:30,592 [INFO] PluginManage:359 - Loaded plugin userauth (category:base,tabindex:14)
2024-05-25 11:47:30,593 [INFO] PluginManage:283 - PluginManage : Loaded plugins [17]
2024-05-25 11:47:30,987 [INFO] PinOutPanel:1561 - setPackage(No Configuration,No Configuration)
2024-05-25 11:47:31,151 [INFO] CADModel:165 - CPN selected for project level
2024-05-25 11:47:31,151 [INFO] CADModel:114 - Register for checkConnection events
2024-05-25 11:47:31,197 [INFO] IPUIPlugin:80 - create IPUIPlugin
2024-05-25 11:47:31,197 [INFO] PluginManager:220 - loadIPPluginJar : add adc
2024-05-25 11:47:31,206 [INFO] IPUIPlugin:80 - create IPUIPlugin
2024-05-25 11:47:31,206 [INFO] PluginManager:220 - loadIPPluginJar : add aes
2024-05-25 11:47:31,216 [INFO] IPUIPlugin:80 - create IPUIPlugin
2024-05-25 11:47:31,216 [INFO] PluginManager:220 - loadIPPluginJar : add can
2024-05-25 11:47:31,220 [INFO] IPUIPlugin:80 - create IPUIPlugin
2024-05-25 11:47:31,221 [INFO] PluginManager:220 - loadIPPluginJar : add comp
2024-05-25 11:47:31,228 [INFO] IPUIPlugin:80 - create IPUIPlugin
2024-05-25 11:47:31,228 [INFO] PluginManager:220 - loadIPPluginJar : add cryp
2024-05-25 11:47:31,234 [INFO] IPUIPlugin:80 - create IPUIPlugin
2024-05-25 11:47:31,234 [INFO] PluginManager:220 - loadIPPluginJar : add dfsdm
2024-05-25 11:47:31,252 [INFO] IPUIPlugin:80 - create IPUIPlugin
2024-05-25 11:47:31,252 [INFO] PluginManager:220 - loadIPPluginJar : add dma
2024-05-25 11:47:31,259 [INFO] IPUIPlugin:80 - create IPUIPlugin
2024-05-25 11:47:31,259 [INFO] PluginManager:220 - loadIPPluginJar : add dma3
2024-05-25 11:47:31,268 [INFO] IPUIPlugin:80 - create IPUIPlugin
2024-05-25 11:47:31,268 [INFO] PluginManager:220 - loadIPPluginJar : add extmemmanager
2024-05-25 11:47:31,272 [INFO] IPUIPlugin:80 - create IPUIPlugin
2024-05-25 11:47:31,272 [INFO] PluginManager:220 - loadIPPluginJar : add fatfs
2024-05-25 11:47:31,282 [INFO] IPUIPlugin:80 - create IPUIPlugin
2024-05-25 11:47:31,282 [INFO] PluginManager:220 - loadIPPluginJar : add fmc
2024-05-25 11:47:31,335 [INFO] IPUIPlugin:80 - create IPUIPlugin
2024-05-25 11:47:31,335 [INFO] PluginManager:220 - loadIPPluginJar : add freertos
2024-05-25 11:47:31,340 [INFO] IPUIPlugin:80 - create IPUIPlugin
2024-05-25 11:47:31,340 [INFO] PluginManager:220 - loadIPPluginJar : add genericplugin
2024-05-25 11:47:31,347 [INFO] IPUIPlugin:80 - create IPUIPlugin
2024-05-25 11:47:31,347 [INFO] PluginManager:220 - loadIPPluginJar : add gfxmmu
2024-05-25 11:47:31,360 [INFO] IPUIPlugin:80 - create IPUIPlugin
2024-05-25 11:47:31,360 [INFO] PluginManager:220 - loadIPPluginJar : add gic
2024-05-25 11:47:31,377 [INFO] IPUIPlugin:80 - create IPUIPlugin
2024-05-25 11:47:31,377 [INFO] PluginManager:220 - loadIPPluginJar : add gpio
2024-05-25 11:47:31,386 [INFO] IPUIPlugin:80 - create IPUIPlugin
2024-05-25 11:47:31,386 [INFO] PluginManager:220 - loadIPPluginJar : add gtzc
2024-05-25 11:47:31,390 [INFO] IPUIPlugin:80 - create IPUIPlugin
2024-05-25 11:47:31,391 [INFO] PluginManager:220 - loadIPPluginJar : add hash
2024-05-25 11:47:31,397 [INFO] IPUIPlugin:80 - create IPUIPlugin
2024-05-25 11:47:31,397 [INFO] PluginManager:220 - loadIPPluginJar : add i2c
2024-05-25 11:47:31,403 [INFO] IPUIPlugin:80 - create IPUIPlugin
2024-05-25 11:47:31,403 [INFO] PluginManager:220 - loadIPPluginJar : add i2s
2024-05-25 11:47:31,410 [INFO] IPUIPlugin:80 - create IPUIPlugin
2024-05-25 11:47:31,410 [INFO] PluginManager:220 - loadIPPluginJar : add i3c
2024-05-25 11:47:31,421 [INFO] IPUIPlugin:80 - create IPUIPlugin
2024-05-25 11:47:31,422 [INFO] PluginManager:220 - loadIPPluginJar : add ipddr
2024-05-25 11:47:31,438 [INFO] IPUIPlugin:80 - create IPUIPlugin
2024-05-25 11:47:31,438 [INFO] PluginManager:220 - loadIPPluginJar : add linkedlist
2024-05-25 11:47:31,444 [INFO] IPUIPlugin:80 - create IPUIPlugin
2024-05-25 11:47:31,444 [INFO] PluginManager:220 - loadIPPluginJar : add lorawan
2024-05-25 11:47:31,449 [INFO] IPUIPlugin:80 - create IPUIPlugin
2024-05-25 11:47:31,449 [INFO] PluginManager:220 - loadIPPluginJar : add ltdc
2024-05-25 11:47:31,472 [INFO] IPUIPlugin:80 - create IPUIPlugin
2024-05-25 11:47:31,472 [INFO] PluginManager:220 - loadIPPluginJar : add mdma
2024-05-25 11:47:31,489 [INFO] IPUIPlugin:80 - create IPUIPlugin
2024-05-25 11:47:31,490 [INFO] PluginManager:220 - loadIPPluginJar : add nvic
2024-05-25 11:47:31,495 [INFO] IPUIPlugin:80 - create IPUIPlugin
2024-05-25 11:47:31,495 [INFO] PluginManager:220 - loadIPPluginJar : add opamp
2024-05-25 11:47:31,503 [INFO] IPUIPlugin:80 - create IPUIPlugin
2024-05-25 11:47:31,503 [INFO] PluginManager:220 - loadIPPluginJar : add openamp
2024-05-25 11:47:31,510 [INFO] IPUIPlugin:80 - create IPUIPlugin
2024-05-25 11:47:31,510 [INFO] PluginManager:220 - loadIPPluginJar : add pdm2pcm
2024-05-25 11:47:31,529 [INFO] IPUIPlugin:80 - create IPUIPlugin
2024-05-25 11:47:31,533 [INFO] PluginManager:220 - loadIPPluginJar : add plateformsettings
2024-05-25 11:47:31,537 [INFO] IPUIPlugin:80 - create IPUIPlugin
2024-05-25 11:47:31,538 [INFO] PluginManager:220 - loadIPPluginJar : add quadspi
2024-05-25 11:47:31,585 [INFO] IPUIPlugin:80 - create IPUIPlugin
2024-05-25 11:47:31,585 [INFO] PluginManager:220 - loadIPPluginJar : add resmgrutility
2024-05-25 11:47:31,593 [INFO] IPUIPlugin:80 - create IPUIPlugin
2024-05-25 11:47:31,593 [INFO] PluginManager:220 - loadIPPluginJar : add sai
2024-05-25 11:47:31,598 [INFO] IPUIPlugin:80 - create IPUIPlugin
2024-05-25 11:47:31,598 [INFO] PluginManager:220 - loadIPPluginJar : add spi
2024-05-25 11:47:31,609 [INFO] IPUIPlugin:80 - create IPUIPlugin
2024-05-25 11:47:31,609 [INFO] PluginManager:220 - loadIPPluginJar : add stm32_wpan
2024-05-25 11:47:31,613 [INFO] IPUIPlugin:80 - create IPUIPlugin
2024-05-25 11:47:31,613 [INFO] PluginManager:220 - loadIPPluginJar : add tim
2024-05-25 11:47:31,622 [INFO] IPUIPlugin:80 - create IPUIPlugin
2024-05-25 11:47:31,622 [INFO] PluginManager:220 - loadIPPluginJar : add touchsensing
2024-05-25 11:47:31,627 [INFO] IPUIPlugin:80 - create IPUIPlugin
2024-05-25 11:47:31,627 [INFO] PluginManager:220 - loadIPPluginJar : add tracer_emb
2024-05-25 11:47:31,631 [INFO] IPUIPlugin:80 - create IPUIPlugin
2024-05-25 11:47:31,632 [INFO] PluginManager:220 - loadIPPluginJar : add ts
2024-05-25 11:47:31,636 [INFO] IPUIPlugin:80 - create IPUIPlugin
2024-05-25 11:47:31,636 [INFO] PluginManager:220 - loadIPPluginJar : add tsc
2024-05-25 11:47:31,641 [INFO] IPUIPlugin:80 - create IPUIPlugin
2024-05-25 11:47:31,641 [INFO] PluginManager:220 - loadIPPluginJar : add ucpd
2024-05-25 11:47:31,648 [INFO] IPUIPlugin:80 - create IPUIPlugin
2024-05-25 11:47:31,648 [INFO] PluginManager:220 - loadIPPluginJar : add usart
2024-05-25 11:47:31,654 [INFO] IPUIPlugin:80 - create IPUIPlugin
2024-05-25 11:47:31,654 [INFO] PluginManager:220 - loadIPPluginJar : add usbx
2024-05-25 11:47:31,810 [INFO] CADModel:165 - CPN selected for project level
2024-05-25 11:47:31,810 [INFO] CADModel:114 - Register for checkConnection events
2024-05-25 11:47:31,810 [FATAL] Updater:308 - Updater called before beeing initialized
2024-05-25 11:47:31,810 [ERROR] CADModel:125 - Updater not yet initialized, retry later 
2024-05-25 11:47:32,009 [INFO] CADModel:165 - CPN selected for project level
2024-05-25 11:47:32,009 [INFO] CADModel:114 - Register for checkConnection events
2024-05-25 11:47:32,009 [FATAL] Updater:308 - Updater called before beeing initialized
2024-05-25 11:47:32,010 [ERROR] CADModel:125 - Updater not yet initialized, retry later 
2024-05-25 11:47:32,015 [FATAL] Updater:308 - Updater called before beeing initialized
2024-05-25 11:47:32,185 [FATAL] Updater:308 - Updater called before beeing initialized
2024-05-25 11:47:32,193 [INFO] DbMcusAds:53 - JSON generation date=Thu May 02 14:07:29 IST 2024 (1714639049318)
2024-05-25 11:47:32,193 [FATAL] Updater:308 - Updater called before beeing initialized
2024-05-25 11:47:32,259 [WARN] DetailPanel:346 - Failed to get advertising image, set to default
2024-05-25 11:47:32,369 [FATAL] Updater:308 - Updater called before beeing initialized
2024-05-25 11:47:32,372 [FATAL] Updater:308 - Updater called before beeing initialized
2024-05-25 11:47:32,373 [FATAL] Updater:308 - Updater called before beeing initialized
2024-05-25 11:47:32,373 [WARN] DetailPanel:346 - Failed to get advertising image, set to default
2024-05-25 11:47:32,373 [FATAL] Updater:308 - Updater called before beeing initialized
2024-05-25 11:47:32,440 [ERROR] Updater:1120 - MainUpdater not yet initialized. External WinMGr cannot be set.
2024-05-25 11:47:32,444 [INFO] Updater:1056 - Updater Version found : 6.11.1
2024-05-25 11:47:32,475 [INFO] ApplicationProperties:184 - Using Application install path: C:\ST\STM32CubeIDE_1.4.0\STM32CubeIDE\plugins\com.st.stm32cube.common.mx_6.11.1.202404110753
2024-05-25 11:47:32,992 [INFO] MainUpdater:2873 - connection check result : 10
2024-05-25 11:47:32,992 [INFO] MainUpdater:3567 - Updater definition file requires update
2024-05-25 11:47:32,993 [INFO] MainUpdater:290 - Updater Check For Update Now.
2024-05-25 11:47:32,994 [INFO] MicroXplorer:498 - Change Database Version : DB.6.0.111
2024-05-25 11:47:33,004 [INFO] McuFinderGlobals:63 - Set McuFinder mode to 2 (CubeIDE integrated)
2024-05-25 11:47:33,004 [INFO] UserAuth:179 - activating auth plugin
2024-05-25 11:47:33,007 [INFO] UserAuth:415 - Internet connection configuration mode: 1
2024-05-25 11:47:33,040 [INFO] JxBrowserEngine:152 - Initiate JxBrowser Engine with user profile folder
2024-05-25 11:47:33,070 [INFO] ServerAccessManage:473 - Download File updaters.zip
2024-05-25 11:47:33,214 [INFO] FileExtend:240 - Unzip File : updaters.zip
2024-05-25 11:47:33,214 [INFO] FileExtend:255 - Standard Zip Deflate
2024-05-25 11:47:33,232 [WARN] MainUpdater:1194 - Updater busy. Cannot search thirdparties
2024-05-25 11:47:33,232 [INFO] ThirdPartyUpdaterWithRetryManager:96 - Updater plugin is busy. [1/15]
2024-05-25 11:47:34,956 [INFO] ServerAccessManage:473 - Download File PacksControlFlags.xml
2024-05-25 11:47:35,091 [INFO] ServerAccessManage:473 - Download File cubemx.pidx
2024-05-25 11:47:36,234 [WARN] MainUpdater:1194 - Updater busy. Cannot search thirdparties
2024-05-25 11:47:36,234 [INFO] ThirdPartyUpdaterWithRetryManager:96 - Updater plugin is busy. [2/15]
2024-05-25 11:47:39,235 [WARN] MainUpdater:1194 - Updater busy. Cannot search thirdparties
2024-05-25 11:47:39,235 [INFO] ThirdPartyUpdaterWithRetryManager:96 - Updater plugin is busy. [3/15]
2024-05-25 11:47:42,237 [WARN] MainUpdater:1194 - Updater busy. Cannot search thirdparties
2024-05-25 11:47:42,237 [INFO] ThirdPartyUpdaterWithRetryManager:96 - Updater plugin is busy. [4/15]
2024-05-25 11:47:42,587 [INFO] ServerAccessManage:473 - Download File STMicroelectronics.X-CUBE-ALS.pdsc
2024-05-25 11:47:42,924 [INFO] WebApp:161 - Instantiating new browser for Auth
2024-05-25 11:47:44,345 [INFO] ServerAccessManage:473 - Download File STMicroelectronics.X-CUBE-ALGOBUILD.pdsc
2024-05-25 11:47:44,475 [INFO] WebApp:779 - Register for checkConnection events
2024-05-25 11:47:44,475 [INFO] WebApp:414 - Apply proxy settings
2024-05-25 11:47:44,475 [INFO] WebApp:499 - Chromium requires no authentication
2024-05-25 11:47:44,498 [INFO] WebApp:442 - Direct internet connection detected
2024-05-25 11:47:44,936 [INFO] WebApp:192 - Starting web application
2024-05-25 11:47:44,936 [INFO] WebApp:544 - Web application path used C:\ST\STM32CubeIDE_1.4.0\STM32CubeIDE\plugins\com.st.stm32cube.common.mx_6.11.1.202404110753\db\plugins\mcufinder\reactClient1\index.html
2024-05-25 11:47:45,239 [WARN] MainUpdater:1194 - Updater busy. Cannot search thirdparties
2024-05-25 11:47:45,239 [INFO] ThirdPartyUpdaterWithRetryManager:96 - Updater plugin is busy. [5/15]
2024-05-25 11:47:48,242 [WARN] MainUpdater:1194 - Updater busy. Cannot search thirdparties
2024-05-25 11:47:48,242 [INFO] ThirdPartyUpdaterWithRetryManager:96 - Updater plugin is busy. [6/15]
2024-05-25 11:47:51,244 [WARN] MainUpdater:1194 - Updater busy. Cannot search thirdparties
2024-05-25 11:47:51,244 [INFO] ThirdPartyUpdaterWithRetryManager:96 - Updater plugin is busy. [7/15]
2024-05-25 11:47:54,246 [WARN] MainUpdater:1194 - Updater busy. Cannot search thirdparties
2024-05-25 11:47:54,246 [INFO] ThirdPartyUpdaterWithRetryManager:96 - Updater plugin is busy. [8/15]
2024-05-25 11:47:56,594 [INFO] ServerAccessManage:473 - Download File Cesanta.I-CUBE-Mongoose.pdsc
2024-05-25 11:47:57,248 [WARN] MainUpdater:1194 - Updater busy. Cannot search thirdparties
2024-05-25 11:47:57,248 [INFO] ThirdPartyUpdaterWithRetryManager:96 - Updater plugin is busy. [9/15]
2024-05-25 11:47:58,647 [WARN] PackLoader:240 - Cannot read IP mode file for STMicroelectronics.X-CUBE-ALS.1.0.2
2024-05-25 11:47:58,670 [WARN] PackLoader:240 - Cannot read IP mode file for STMicroelectronics.X-CUBE-ALGOBUILD.1.4.0
2024-05-25 11:47:58,676 [WARN] PackLoader:240 - Cannot read IP mode file for Cesanta.I-CUBE-Mongoose.7.13.0
2024-05-25 11:47:58,677 [INFO] PopulateThirdPartyThread:66 - Ending populate Thread
2024-05-25 11:47:58,679 [INFO] ThirdParty:1030 - CMSIS Pack Vendor :STMicroelectronics X-CUBE-ALS 1.0.2
2024-05-25 11:47:58,679 [INFO] ThirdParty:1030 - CMSIS Pack Vendor :Cesanta I-CUBE-Mongoose 7.13.0
2024-05-25 11:47:58,679 [INFO] ThirdParty:1030 - CMSIS Pack Vendor :STMicroelectronics X-CUBE-ALGOBUILD 1.4.0
2024-05-25 11:47:58,679 [INFO] LoadServerUpdatesThread:375 - End of LoadServerUpdate Thread
2024-05-25 11:47:58,752 [INFO] CheckServerUpdateThread:120 - End of CheckServer Thread
2024-05-25 11:48:00,509 [WARN] PackLoader:240 - Cannot read IP mode file for STMicroelectronics.FP-SNS-MOTENVWB1.1.4.0
2024-05-25 11:48:00,532 [WARN] PackLoader:240 - Cannot read IP mode file for STMicroelectronics.X-CUBE-SMBUS.2.1.0
2024-05-25 11:48:00,536 [WARN] PackLoader:240 - Cannot read IP mode file for STMicroelectronics.X-CUBE-TOUCHGFX.4.23.2
2024-05-25 11:48:00,567 [WARN] PackLoader:240 - Cannot read IP mode file for STMicroelectronics.X-CUBE-AZRTOS-F7.1.1.0
2024-05-25 11:48:00,575 [WARN] PackLoader:240 - Cannot read IP mode file for STMicroelectronics.FP-SNS-FLIGHT1.5.0.2
2024-05-25 11:48:00,586 [WARN] PackLoader:240 - Cannot read IP mode file for STMicroelectronics.X-CUBE-DISPLAY.3.0.0
2024-05-25 11:48:00,608 [WARN] PackLoader:240 - Cannot read IP mode file for STMicroelectronics.X-CUBE-BLE1.7.0.0
2024-05-25 11:48:00,615 [WARN] PackLoader:240 - Cannot read IP mode file for emotas.I-CUBE-CANOPEN.1.3.0
2024-05-25 11:48:00,628 [WARN] PackLoader:240 - Cannot read IP mode file for STMicroelectronics.X-CUBE-BLEMGR.3.1.0
2024-05-25 11:48:00,637 [WARN] PackLoader:240 - Cannot read IP mode file for STMicroelectronics.FP-SNS-SMARTAG2.1.2.0
2024-05-25 11:48:00,652 [INFO] LogOutputStream:77 - [STDOUT_REDIRECT] 1 : Invalid condition id : UX_CORESTACK_Condition cause : null
2024-05-25 11:48:00,653 [INFO] LogOutputStream:77 - [STDOUT_REDIRECT] 1 : Invalid condition id : UX_CORESTACK_Condition cause : null
2024-05-25 11:48:00,654 [INFO] LogOutputStream:77 - [STDOUT_REDIRECT] 1 : Invalid condition id : UX_CORESTACK_Condition cause : null
2024-05-25 11:48:00,655 [INFO] LogOutputStream:77 - [STDOUT_REDIRECT] 1 : Invalid condition id : UX_CORESTACK_Condition cause : null
2024-05-25 11:48:00,657 [INFO] LogOutputStream:77 - [STDOUT_REDIRECT] 1 : Invalid condition id : UX_CORESTACK_Condition cause : null
2024-05-25 11:48:00,678 [WARN] PackLoader:240 - Cannot read IP mode file for STMicroelectronics.X-CUBE-AZRTOS-WL.2.0.0
2024-05-25 11:48:00,690 [WARN] PackLoader:240 - Cannot read IP mode file for STMicroelectronics.FP-SNS-MOTENV1.5.0.0
2024-05-25 11:48:00,703 [WARN] PackLoader:240 - Cannot read IP mode file for WES.I-CUBE-Cesium.1.3.0
2024-05-25 11:48:00,709 [WARN] PackLoader:240 - Cannot read IP mode file for STMicroelectronics.X-CUBE-BLE2.3.3.0
2024-05-25 11:48:00,719 [WARN] PackLoader:240 - Cannot read IP mode file for STMicroelectronics.X-CUBE-TCPP.4.1.0
2024-05-25 11:48:00,732 [WARN] PackLoader:240 - Cannot read IP mode file for STMicroelectronics.X-CUBE-ALGOBUILD.1.3.0
2024-05-25 11:48:01,632 [WARN] PackLoader:240 - Cannot read IP mode file for STMicroelectronics.X-CUBE-AZRTOS-G0.1.1.0
2024-05-25 11:48:01,640 [WARN] PackLoader:240 - Cannot read IP mode file for STMicroelectronics.X-CUBE-SAFEA1.1.2.2
2024-05-25 11:48:01,664 [WARN] PackLoader:240 - Cannot read IP mode file for STMicroelectronics.X-CUBE-NFC4.3.0.0
2024-05-25 11:48:01,671 [WARN] PackLoader:240 - Cannot read IP mode file for wolfSSL.I-CUBE-wolfSSL.5.7.0
2024-05-25 11:48:01,675 [WARN] PackLoader:240 - Cannot read IP mode file for STMicroelectronics.FP-ATR-SIGFOX1.3.2.0
2024-05-25 11:48:01,682 [WARN] PackLoader:240 - Cannot read IP mode file for STMicroelectronics.X-CUBE-EEPRMA1.5.1.0
2024-05-25 11:48:01,703 [WARN] PackLoader:240 - Cannot read IP mode file for ITTIA_DB.I-CUBE-ITTIADB.8.9.0
2024-05-25 11:48:01,743 [WARN] PackLoader:240 - Cannot read IP mode file for SEGGER.I-CUBE-embOS.1.3.1
2024-05-25 11:48:01,806 [WARN] PackLoader:240 - Cannot read IP mode file for STMicroelectronics.X-CUBE-ALGOBUILD.1.4.0
2024-05-25 11:48:01,816 [WARN] PackLoader:240 - Cannot read IP mode file for STMicroelectronics.X-CUBE-GNSS1.6.0.0
2024-05-25 11:48:01,842 [WARN] PackLoader:240 - Cannot read IP mode file for STMicroelectronics.X-CUBE-AZRTOS-F4.1.1.0
2024-05-25 11:48:01,864 [WARN] PackLoader:240 - Cannot read IP mode file for STMicroelectronics.X-CUBE-FREERTOS.1.2.0
2024-05-25 11:48:01,890 [WARN] PackLoader:240 - Cannot read IP mode file for STMicroelectronics.X-CUBE-AZRTOS-L5.2.0.0
2024-05-25 11:48:01,914 [WARN] PackLoader:240 - Cannot read IP mode file for STMicroelectronics.X-CUBE-NFC6.3.1.0
2024-05-25 11:48:01,920 [WARN] PackLoader:240 - Cannot read IP mode file for STMicroelectronics.X-CUBE-AI.9.0.0
2024-05-25 11:48:01,938 [WARN] PackLoader:240 - Cannot read IP mode file for STMicroelectronics.X-CUBE-NFC7.1.0.1
2024-05-25 11:48:01,947 [WARN] PackLoader:240 - Cannot read IP mode file for STMicroelectronics.X-CUBE-AI.8.1.0
2024-05-25 11:48:01,983 [WARN] ConditionMgr:438 - getConditionDescription Invalid condition id : LAN8742 Phy interface Condition cause : null
2024-05-25 11:48:01,984 [WARN] PackLoader:240 - Cannot read IP mode file for STMicroelectronics.X-CUBE-AZRTOS-L4.2.0.0
2024-05-25 11:48:01,986 [WARN] ConditionMgr:1039 - genDependencies : Invalid condition id : LAN8742 Phy interface Condition cause : null
2024-05-25 11:48:01,986 [WARN] ConditionMgr:1039 - genDependencies : Invalid condition id : LAN8742 Phy interface Condition cause : null
2024-05-25 11:48:01,987 [WARN] ConditionMgr:1039 - genDependencies : Invalid condition id : LAN8742 Phy interface Condition cause : null
2024-05-25 11:48:02,012 [WARN] PackLoader:240 - Cannot read IP mode file for STMicroelectronics.X-CUBE-SFXS2LP1.4.0.0
2024-05-25 11:48:02,032 [WARN] ConditionMgr:438 - getConditionDescription Invalid condition id : UX DEVICE CLASS RTOS Condition cause : null
2024-05-25 11:48:02,032 [WARN] ConditionMgr:438 - getConditionDescription Invalid condition id : UX DEVICE CLASS RTOS Condition cause : null
2024-05-25 11:48:02,034 [WARN] PackLoader:240 - Cannot read IP mode file for STMicroelectronics.X-CUBE-AZRTOS-WB.2.0.0
2024-05-25 11:48:02,034 [WARN] ConditionMgr:1039 - genDependencies : Invalid condition id : UX DEVICE CLASS RTOS Condition cause : null
2024-05-25 11:48:02,034 [WARN] ConditionMgr:1039 - genDependencies : Invalid condition id : UX DEVICE CLASS RTOS Condition cause : null
2024-05-25 11:48:02,035 [WARN] ConditionMgr:1039 - genDependencies : Invalid condition id : UX DEVICE CLASS RTOS Condition cause : null
2024-05-25 11:48:02,035 [WARN] ConditionMgr:1039 - genDependencies : Invalid condition id : UX DEVICE CLASS RTOS Condition cause : null
2024-05-25 11:48:02,035 [WARN] ConditionMgr:1039 - genDependencies : Invalid condition id : UX DEVICE CLASS RTOS Condition cause : null
2024-05-25 11:48:02,047 [WARN] PackLoader:240 - Cannot read IP mode file for STMicroelectronics.X-CUBE-SUBG2.5.0.0
2024-05-25 11:48:02,055 [WARN] PackLoader:240 - Cannot read IP mode file for Cesanta.I-CUBE-Mongoose.7.13.0
2024-05-25 11:48:02,067 [WARN] PackLoader:240 - Cannot read IP mode file for STMicroelectronics.X-CUBE-AZRTOS-G4.2.0.0
2024-05-25 11:48:02,073 [WARN] PackLoader:240 - Cannot read IP mode file for STMicroelectronics.FP-SNS-MOTENVWB1.1.3.1
2024-05-25 11:48:02,078 [WARN] PackLoader:240 - Cannot read IP mode file for STMicroelectronics.X-CUBE-ISPU.2.0.0
2024-05-25 11:48:02,082 [WARN] PackLoader:240 - Cannot read IP mode file for STMicroelectronics.X-CUBE-ALS.1.0.2
2024-05-25 11:48:02,117 [WARN] PackLoader:240 - Cannot read IP mode file for STMicroelectronics.X-CUBE-MEMS1.10.0.0
2024-05-25 11:48:02,254 [WARN] PackLoader:240 - Cannot read IP mode file for STMicroelectronics.X-CUBE-FREERTOS.1.1.0
2024-05-25 11:48:02,263 [WARN] PackLoader:240 - Cannot read IP mode file for portGmbH.I-Cube-SoM-uGOAL.1.1.0
2024-05-25 11:48:02,269 [WARN] PackLoader:240 - Cannot read IP mode file for STMicroelectronics.X-CUBE-ALS.1.0.1
2024-05-25 11:48:02,292 [WARN] PackLoader:240 - Cannot read IP mode file for STMicroelectronics.X-CUBE-AZRTOS-H7RS.1.0.0
2024-05-25 11:48:02,300 [WARN] PackLoader:240 - Cannot read IP mode file for STMicroelectronics.FP-ATR-ASTRA1.2.0.0
2024-05-25 11:48:02,315 [WARN] PackLoader:240 - Cannot read IP mode file for STMicroelectronics.X-CUBE-TOF1.3.4.1
2024-05-25 11:48:02,353 [WARN] PackLoader:240 - Cannot read IP mode file for STMicroelectronics.X-CUBE-AZRTOS-H7.3.2.0
2024-05-25 11:48:02,374 [WARN] PackLoader:240 - Cannot read IP mode file for Infineon.AIROC-Wi-Fi-Bluetooth-STM32.1.6.0
2024-05-25 11:48:02,380 [INFO] ThirdParty:978 - Integrity check success = true
2024-05-25 11:48:02,380 [INFO] IntegrityCheckThread:100 - exiting critical section [integrity check]
2024-05-25 11:48:02,381 [INFO] IntegrityCheckThread:103 - End integrity checks thread
2024-05-25 11:53:52,416 [ERROR] LogOutputStream:75 - [STDERR_REDIRECT] 
