2024-09-02 16:31:10,163 [INFO] Activator:176 - 


2024-09-02 16:31:10,183 [INFO] Activator:177 - !SESSION log4j initialized
2024-09-02 16:31:18,977 [INFO] LogOutputStream:77 - [STDOUT_REDIRECT] 
2024-09-02 16:31:20,730 [INFO] ApplicationProperties:184 - Using Application install path: C:\ST\STM32CubeIDE_1.4.0\STM32CubeIDE\plugins\com.st.stm32cube.common.mx_6.12.0.202406281431
2024-09-02 16:31:20,754 [INFO] DbMcusXml:78 - Set database path to: C:\ST\STM32CubeIDE_1.4.0\STM32CubeIDE\plugins\com.st.stm32cube.common.mx_6.12.0.202406281431\\db\/mcu/
2024-09-02 16:31:20,754 [INFO] ApiDb:274 - Set plugin database path to: C:\ST\STM32CubeIDE_1.4.0\STM32CubeIDE\plugins\com.st.stm32cube.common.mx_6.12.0.202406281431\\db\/plugins/boardmanager/
2024-09-02 16:31:20,755 [WARN] ApiDb:259 - Overriding images path with different value:  => C:\ST\STM32CubeIDE_1.4.0\STM32CubeIDE\plugins\com.st.stm32cube.common.mx_6.12.0.202406281431\\db\/plugins/mcufinder/images/
2024-09-02 16:31:20,770 [INFO] ApiDb:250 - Set database path to: C:\Users\Abhishek\.stmcufinder\plugins\mcufinder//mcu/
2024-09-02 16:31:20,771 [INFO] DbMcusAds:125 - Set database path to: C:\Users\Abhishek\.stmcufinder\plugins\mcufinder//mcu/
2024-09-02 16:31:20,776 [INFO] CrossReferenceDbSqlite:203 - Set database path to: C:\Users\Abhishek\.stmcufinder\plugins\mcufinder//mcu/cs/
2024-09-02 16:31:20,924 [INFO] RulesReader:64 - Compatibility file has been processed (297 Rules)
2024-09-02 16:31:21,041 [INFO] DbMcusXml:78 - Set database path to: C:\ST\STM32CubeIDE_1.4.0\STM32CubeIDE\plugins\com.st.stm32cube.common.mx_6.12.0.202406281431\\db\/mcu/
2024-09-02 16:31:21,041 [INFO] ApiDb:274 - Set plugin database path to: C:\ST\STM32CubeIDE_1.4.0\STM32CubeIDE\plugins\com.st.stm32cube.common.mx_6.12.0.202406281431\\db\/plugins/boardmanager/
2024-09-02 16:31:21,042 [INFO] ApiDb:261 - Set plugin images path to: C:\ST\STM32CubeIDE_1.4.0\STM32CubeIDE\plugins\com.st.stm32cube.common.mx_6.12.0.202406281431\\db\/plugins/mcufinder/images/
2024-09-02 16:31:21,042 [WARN] DbFile:41 - Overriding database path with different value: C:\Users\Abhishek\.stmcufinder\plugins\mcufinder/ => C:\Users\Abhishek\.stmcufinder\plugins\mcufinder
2024-09-02 16:31:21,042 [INFO] ApiDb:250 - Set database path to: C:\Users\Abhishek\.stmcufinder\plugins\mcufinder//mcu/
2024-09-02 16:31:21,042 [WARN] DbFile:41 - Overriding database path with different value: C:\Users\Abhishek\.stmcufinder\plugins\mcufinder/ => C:\Users\Abhishek\.stmcufinder\plugins\mcufinder
2024-09-02 16:31:21,042 [INFO] DbMcusAds:125 - Set database path to: C:\Users\Abhishek\.stmcufinder\plugins\mcufinder//mcu/
2024-09-02 16:31:21,042 [WARN] DbFile:41 - Overriding database path with different value: C:\Users\Abhishek\.stmcufinder\plugins\mcufinder/ => C:\Users\Abhishek\.stmcufinder\plugins\mcufinder
2024-09-02 16:31:21,042 [WARN] DbFile:41 - Overriding database path with different value: C:\Users\Abhishek\.stmcufinder\plugins\mcufinder/ => C:\Users\Abhishek\.stmcufinder\plugins\mcufinder
2024-09-02 16:31:21,042 [INFO] CrossReferenceDbSqlite:203 - Set database path to: C:\Users\Abhishek\.stmcufinder\plugins\mcufinder//mcu/cs/
2024-09-02 16:31:21,158 [INFO] MainPanel:268 - HeapMemory: 268435456
2024-09-02 16:31:21,457 [INFO] DbMcusXml:78 - Set database path to: C:\ST\STM32CubeIDE_1.4.0\STM32CubeIDE\plugins\com.st.stm32cube.common.mx_6.12.0.202406281431\\db\/mcu/
2024-09-02 16:31:21,457 [INFO] ApiDb:274 - Set plugin database path to: C:\ST\STM32CubeIDE_1.4.0\STM32CubeIDE\plugins\com.st.stm32cube.common.mx_6.12.0.202406281431\\db\/plugins/boardmanager/
2024-09-02 16:31:21,457 [INFO] ApiDb:261 - Set plugin images path to: C:\ST\STM32CubeIDE_1.4.0\STM32CubeIDE\plugins\com.st.stm32cube.common.mx_6.12.0.202406281431\\db\/plugins/mcufinder/images/
2024-09-02 16:31:21,459 [WARN] DbFile:41 - Overriding database path with different value: C:\Users\Abhishek\.stmcufinder\plugins\mcufinder/ => C:\Users\Abhishek\.stmcufinder\plugins\mcufinder
2024-09-02 16:31:21,459 [INFO] ApiDb:250 - Set database path to: C:\Users\Abhishek\.stmcufinder\plugins\mcufinder//mcu/
2024-09-02 16:31:21,460 [WARN] DbFile:41 - Overriding database path with different value: C:\Users\Abhishek\.stmcufinder\plugins\mcufinder/ => C:\Users\Abhishek\.stmcufinder\plugins\mcufinder
2024-09-02 16:31:21,460 [INFO] DbMcusAds:125 - Set database path to: C:\Users\Abhishek\.stmcufinder\plugins\mcufinder//mcu/
2024-09-02 16:31:21,460 [WARN] DbFile:41 - Overriding database path with different value: C:\Users\Abhishek\.stmcufinder\plugins\mcufinder/ => C:\Users\Abhishek\.stmcufinder\plugins\mcufinder
2024-09-02 16:31:21,460 [WARN] DbFile:41 - Overriding database path with different value: C:\Users\Abhishek\.stmcufinder\plugins\mcufinder/ => C:\Users\Abhishek\.stmcufinder\plugins\mcufinder
2024-09-02 16:31:21,460 [INFO] CrossReferenceDbSqlite:203 - Set database path to: C:\Users\Abhishek\.stmcufinder\plugins\mcufinder//mcu/cs/
2024-09-02 16:31:21,548 [INFO] ApplicationProperties:184 - Using Application install path: C:\ST\STM32CubeIDE_1.4.0\STM32CubeIDE\plugins\com.st.stm32cube.common.mx_6.12.0.202406281431
2024-09-02 16:31:21,549 [INFO] PluginManage:196 - Search for loadable plugins [exclusion list=, ]
2024-09-02 16:31:21,551 [INFO] PluginManage:310 - Check plugin analytics
2024-09-02 16:31:21,801 [INFO] AnalyticsPlugin:253 - Accepted Software Licenses: STM32CubeMX.6.1.0,STM32CubeMX.6.4.0,STM32CubeMX.6.2.0,STM32CubeMX.6.10.0
2024-09-02 16:31:21,801 [INFO] AnalyticsPlugin:255 - Accepted CMSIS Pack Licenses: 
2024-09-02 16:31:21,802 [INFO] AnalyticsPlugin:257 - Accepted Firmware Licenses: 
2024-09-02 16:31:21,804 [INFO] PluginManage:359 - Loaded plugin analytics (category:tool,tabindex:-1)
2024-09-02 16:31:21,805 [INFO] PluginManage:310 - Check plugin cadmodel
2024-09-02 16:31:21,820 [INFO] CADModel:105 - Init CAD model plugin
2024-09-02 16:31:21,820 [INFO] PluginManage:359 - Loaded plugin cadmodel (category:power,tabindex:5)
2024-09-02 16:31:21,821 [INFO] PluginManage:310 - Check plugin clock
2024-09-02 16:31:21,842 [INFO] PluginManage:359 - Loaded plugin clock (category:base,tabindex:2)
2024-09-02 16:31:21,843 [INFO] PluginManage:310 - Check plugin ddr
2024-09-02 16:31:21,849 [INFO] PluginManage:359 - Loaded plugin ddr (category:tool,tabindex:6)
2024-09-02 16:31:21,849 [INFO] PluginManage:310 - Check plugin filemanager
2024-09-02 16:31:22,034 [INFO] PluginManage:359 - Loaded plugin filemanager (category:base,tabindex:10)
2024-09-02 16:31:22,034 [INFO] PluginManage:310 - Check plugin ipmanager
2024-09-02 16:31:22,042 [INFO] PluginManage:359 - Loaded plugin ipmanager (category:base,tabindex:5)
2024-09-02 16:31:22,042 [INFO] PluginManage:310 - Check plugin lpbam
2024-09-02 16:31:22,073 [INFO] PluginManage:359 - Loaded plugin lpbam (category:base,tabindex:0)
2024-09-02 16:31:22,073 [INFO] PluginManage:310 - Check plugin memorymap
2024-09-02 16:31:22,106 [INFO] PluginManage:359 - Loaded plugin memorymap (category:base,tabindex:4)
2024-09-02 16:31:22,106 [INFO] PluginManage:310 - Check plugin pinoutandconfiguration
2024-09-02 16:31:22,120 [INFO] PluginManage:359 - Loaded plugin pinoutandconfiguration (category:base,tabindex:1)
2024-09-02 16:31:22,120 [INFO] PluginManage:310 - Check plugin pinoutconfig
2024-09-02 16:31:22,248 [WARN] SupportedApi:132 - Cannot load RTOS API schema: s4s-elt-must-match.1: The content of 'definitions' must match (annotation?, (simpleType | complexType)?, (unique | key | keyref)*)). A problem was found starting at: attribute.
2024-09-02 16:31:22,422 [INFO] PluginManage:359 - Loaded plugin pinoutconfig (category:base,tabindex:0)
2024-09-02 16:31:22,423 [INFO] PluginManage:310 - Check plugin power
2024-09-02 16:31:22,442 [INFO] PluginManage:359 - Loaded plugin power (category:power,tabindex:4)
2024-09-02 16:31:22,442 [INFO] PluginManage:310 - Check plugin projectmanager
2024-09-02 16:31:22,462 [INFO] PluginManage:359 - Loaded plugin projectmanager (category:projectmanager,tabindex:4)
2024-09-02 16:31:22,462 [INFO] PluginManage:310 - Check plugin rif
2024-09-02 16:31:22,521 [INFO] PluginManage:359 - Loaded plugin rif (category:base,tabindex:3)
2024-09-02 16:31:22,521 [INFO] PluginManage:310 - Check plugin thirdparty
2024-09-02 16:31:22,696 [INFO] PluginManage:359 - Loaded plugin thirdparty (category:base,tabindex:-1)
2024-09-02 16:31:22,696 [WARN] IntegrityCheckThread:84 - waiting for thirdparty lock release [integrity check]
2024-09-02 16:31:22,696 [INFO] PluginManage:310 - Check plugin tools
2024-09-02 16:31:22,696 [INFO] IntegrityCheckThread:86 - entering critical section [integrity check]
2024-09-02 16:31:22,697 [INFO] ThirdPartyUpdaterWithRetryManager:70 - Updater plugin not ready yet. [1/15]
2024-09-02 16:31:22,702 [INFO] PluginManage:359 - Loaded plugin tools (category:base,tabindex:7)
2024-09-02 16:31:22,702 [INFO] PluginManage:310 - Check plugin tutovideos
2024-09-02 16:31:22,960 [INFO] PluginManage:359 - Loaded plugin tutovideos (category:base,tabindex:-1)
2024-09-02 16:31:22,960 [INFO] PluginManage:310 - Check plugin updater
2024-09-02 16:31:22,978 [INFO] PluginManage:359 - Loaded plugin updater (category:base,tabindex:12)
2024-09-02 16:31:22,978 [INFO] PluginManage:310 - Check plugin userauth
2024-09-02 16:31:22,986 [INFO] UserAuth:113 - Init User Auth plugin
2024-09-02 16:31:22,986 [INFO] PluginManage:359 - Loaded plugin userauth (category:base,tabindex:14)
2024-09-02 16:31:22,986 [INFO] PluginManage:283 - PluginManage : Loaded plugins [18]
2024-09-02 16:31:23,276 [INFO] PinOutPanel:1561 - setPackage(No Configuration,No Configuration)
2024-09-02 16:31:23,393 [INFO] CADModel:165 - CPN selected for project level
2024-09-02 16:31:23,394 [INFO] CADModel:114 - Register for checkConnection events
2024-09-02 16:31:23,422 [INFO] IPUIPlugin:80 - create IPUIPlugin
2024-09-02 16:31:23,422 [INFO] PluginManager:220 - loadIPPluginJar : add adc
2024-09-02 16:31:23,427 [INFO] IPUIPlugin:80 - create IPUIPlugin
2024-09-02 16:31:23,427 [INFO] PluginManager:220 - loadIPPluginJar : add aes
2024-09-02 16:31:23,433 [INFO] IPUIPlugin:80 - create IPUIPlugin
2024-09-02 16:31:23,433 [INFO] PluginManager:220 - loadIPPluginJar : add can
2024-09-02 16:31:23,437 [INFO] IPUIPlugin:80 - create IPUIPlugin
2024-09-02 16:31:23,437 [INFO] PluginManager:220 - loadIPPluginJar : add comp
2024-09-02 16:31:23,443 [INFO] IPUIPlugin:80 - create IPUIPlugin
2024-09-02 16:31:23,443 [INFO] PluginManager:220 - loadIPPluginJar : add cryp
2024-09-02 16:31:23,450 [INFO] IPUIPlugin:80 - create IPUIPlugin
2024-09-02 16:31:23,450 [INFO] PluginManager:220 - loadIPPluginJar : add ddr_ctrl_phy
2024-09-02 16:31:23,457 [INFO] IPUIPlugin:80 - create IPUIPlugin
2024-09-02 16:31:23,457 [INFO] PluginManager:220 - loadIPPluginJar : add dfsdm
2024-09-02 16:31:23,476 [INFO] IPUIPlugin:80 - create IPUIPlugin
2024-09-02 16:31:23,477 [INFO] PluginManager:220 - loadIPPluginJar : add dma
2024-09-02 16:31:23,485 [INFO] IPUIPlugin:80 - create IPUIPlugin
2024-09-02 16:31:23,485 [INFO] PluginManager:220 - loadIPPluginJar : add dma3
2024-09-02 16:31:23,494 [INFO] IPUIPlugin:80 - create IPUIPlugin
2024-09-02 16:31:23,494 [INFO] PluginManager:220 - loadIPPluginJar : add extmemmanager
2024-09-02 16:31:23,501 [INFO] IPUIPlugin:80 - create IPUIPlugin
2024-09-02 16:31:23,501 [INFO] PluginManager:220 - loadIPPluginJar : add fatfs
2024-09-02 16:31:23,514 [INFO] IPUIPlugin:80 - create IPUIPlugin
2024-09-02 16:31:23,515 [INFO] PluginManager:220 - loadIPPluginJar : add fmc
2024-09-02 16:31:23,585 [INFO] IPUIPlugin:80 - create IPUIPlugin
2024-09-02 16:31:23,585 [INFO] PluginManager:220 - loadIPPluginJar : add freertos
2024-09-02 16:31:23,590 [INFO] IPUIPlugin:80 - create IPUIPlugin
2024-09-02 16:31:23,590 [INFO] PluginManager:220 - loadIPPluginJar : add genericplugin
2024-09-02 16:31:23,599 [INFO] IPUIPlugin:80 - create IPUIPlugin
2024-09-02 16:31:23,599 [INFO] PluginManager:220 - loadIPPluginJar : add gfxmmu
2024-09-02 16:31:23,615 [INFO] IPUIPlugin:80 - create IPUIPlugin
2024-09-02 16:31:23,615 [INFO] PluginManager:220 - loadIPPluginJar : add gic
2024-09-02 16:31:23,637 [INFO] IPUIPlugin:80 - create IPUIPlugin
2024-09-02 16:31:23,637 [INFO] PluginManager:220 - loadIPPluginJar : add gpio
2024-09-02 16:31:23,647 [INFO] IPUIPlugin:80 - create IPUIPlugin
2024-09-02 16:31:23,647 [INFO] PluginManager:220 - loadIPPluginJar : add gtzc
2024-09-02 16:31:23,653 [INFO] IPUIPlugin:80 - create IPUIPlugin
2024-09-02 16:31:23,653 [INFO] PluginManager:220 - loadIPPluginJar : add hash
2024-09-02 16:31:23,660 [INFO] IPUIPlugin:80 - create IPUIPlugin
2024-09-02 16:31:23,660 [INFO] PluginManager:220 - loadIPPluginJar : add i2c
2024-09-02 16:31:23,669 [INFO] IPUIPlugin:80 - create IPUIPlugin
2024-09-02 16:31:23,669 [INFO] PluginManager:220 - loadIPPluginJar : add i2s
2024-09-02 16:31:23,676 [INFO] IPUIPlugin:80 - create IPUIPlugin
2024-09-02 16:31:23,676 [INFO] PluginManager:220 - loadIPPluginJar : add i3c
2024-09-02 16:31:23,686 [INFO] IPUIPlugin:80 - create IPUIPlugin
2024-09-02 16:31:23,687 [INFO] PluginManager:220 - loadIPPluginJar : add ipddr
2024-09-02 16:31:23,707 [INFO] IPUIPlugin:80 - create IPUIPlugin
2024-09-02 16:31:23,708 [INFO] PluginManager:220 - loadIPPluginJar : add linkedlist
2024-09-02 16:31:23,718 [INFO] IPUIPlugin:80 - create IPUIPlugin
2024-09-02 16:31:23,719 [INFO] PluginManager:220 - loadIPPluginJar : add lorawan
2024-09-02 16:31:23,727 [INFO] IPUIPlugin:80 - create IPUIPlugin
2024-09-02 16:31:23,727 [INFO] PluginManager:220 - loadIPPluginJar : add ltdc
2024-09-02 16:31:23,757 [INFO] IPUIPlugin:80 - create IPUIPlugin
2024-09-02 16:31:23,757 [INFO] PluginManager:220 - loadIPPluginJar : add mdma
2024-09-02 16:31:23,784 [INFO] IPUIPlugin:80 - create IPUIPlugin
2024-09-02 16:31:23,784 [INFO] PluginManager:220 - loadIPPluginJar : add nvic
2024-09-02 16:31:23,792 [INFO] IPUIPlugin:80 - create IPUIPlugin
2024-09-02 16:31:23,792 [INFO] PluginManager:220 - loadIPPluginJar : add opamp
2024-09-02 16:31:23,803 [INFO] IPUIPlugin:80 - create IPUIPlugin
2024-09-02 16:31:23,803 [INFO] PluginManager:220 - loadIPPluginJar : add openamp
2024-09-02 16:31:23,816 [INFO] IPUIPlugin:80 - create IPUIPlugin
2024-09-02 16:31:23,816 [INFO] PluginManager:220 - loadIPPluginJar : add pdm2pcm
2024-09-02 16:31:23,847 [INFO] IPUIPlugin:80 - create IPUIPlugin
2024-09-02 16:31:23,852 [INFO] PluginManager:220 - loadIPPluginJar : add plateformsettings
2024-09-02 16:31:23,859 [INFO] IPUIPlugin:80 - create IPUIPlugin
2024-09-02 16:31:23,860 [INFO] PluginManager:220 - loadIPPluginJar : add quadspi
2024-09-02 16:31:23,868 [INFO] IPUIPlugin:80 - create IPUIPlugin
2024-09-02 16:31:23,869 [INFO] PluginManager:220 - loadIPPluginJar : add radio
2024-09-02 16:31:23,938 [INFO] IPUIPlugin:80 - create IPUIPlugin
2024-09-02 16:31:23,938 [INFO] PluginManager:220 - loadIPPluginJar : add resmgrutility
2024-09-02 16:31:23,948 [INFO] IPUIPlugin:80 - create IPUIPlugin
2024-09-02 16:31:23,948 [INFO] PluginManager:220 - loadIPPluginJar : add sai
2024-09-02 16:31:23,955 [INFO] IPUIPlugin:80 - create IPUIPlugin
2024-09-02 16:31:23,955 [INFO] PluginManager:220 - loadIPPluginJar : add spi
2024-09-02 16:31:23,968 [INFO] IPUIPlugin:80 - create IPUIPlugin
2024-09-02 16:31:23,968 [INFO] PluginManager:220 - loadIPPluginJar : add stm32_wpan
2024-09-02 16:31:23,973 [INFO] IPUIPlugin:80 - create IPUIPlugin
2024-09-02 16:31:23,973 [INFO] PluginManager:220 - loadIPPluginJar : add tim
2024-09-02 16:31:23,983 [INFO] IPUIPlugin:80 - create IPUIPlugin
2024-09-02 16:31:23,983 [INFO] PluginManager:220 - loadIPPluginJar : add touchsensing
2024-09-02 16:31:23,988 [INFO] IPUIPlugin:80 - create IPUIPlugin
2024-09-02 16:31:23,989 [INFO] PluginManager:220 - loadIPPluginJar : add tracer_emb
2024-09-02 16:31:23,995 [INFO] IPUIPlugin:80 - create IPUIPlugin
2024-09-02 16:31:23,995 [INFO] PluginManager:220 - loadIPPluginJar : add ts
2024-09-02 16:31:24,001 [INFO] IPUIPlugin:80 - create IPUIPlugin
2024-09-02 16:31:24,001 [INFO] PluginManager:220 - loadIPPluginJar : add tsc
2024-09-02 16:31:24,007 [INFO] IPUIPlugin:80 - create IPUIPlugin
2024-09-02 16:31:24,007 [INFO] PluginManager:220 - loadIPPluginJar : add ucpd
2024-09-02 16:31:24,016 [INFO] IPUIPlugin:80 - create IPUIPlugin
2024-09-02 16:31:24,016 [INFO] PluginManager:220 - loadIPPluginJar : add usart
2024-09-02 16:31:24,025 [INFO] IPUIPlugin:80 - create IPUIPlugin
2024-09-02 16:31:24,026 [INFO] PluginManager:220 - loadIPPluginJar : add usbx
2024-09-02 16:31:24,178 [INFO] CADModel:165 - CPN selected for project level
2024-09-02 16:31:24,178 [INFO] CADModel:114 - Register for checkConnection events
2024-09-02 16:31:24,178 [FATAL] Updater:334 - Updater called before beeing initialized
2024-09-02 16:31:24,178 [ERROR] CADModel:125 - Updater not yet initialized, retry later 
2024-09-02 16:31:24,358 [INFO] CADModel:165 - CPN selected for project level
2024-09-02 16:31:24,358 [INFO] CADModel:114 - Register for checkConnection events
2024-09-02 16:31:24,358 [FATAL] Updater:334 - Updater called before beeing initialized
2024-09-02 16:31:24,359 [ERROR] CADModel:125 - Updater not yet initialized, retry later 
2024-09-02 16:31:24,364 [FATAL] Updater:334 - Updater called before beeing initialized
2024-09-02 16:31:24,513 [FATAL] Updater:334 - Updater called before beeing initialized
2024-09-02 16:31:24,520 [INFO] DbMcusAds:53 - JSON generation date=Thu May 16 14:52:00 IST 2024 (1715851320667)
2024-09-02 16:31:24,520 [FATAL] Updater:334 - Updater called before beeing initialized
2024-09-02 16:31:24,575 [WARN] DetailPanel:346 - Failed to get advertising image, set to default
2024-09-02 16:31:24,695 [FATAL] Updater:334 - Updater called before beeing initialized
2024-09-02 16:31:24,700 [FATAL] Updater:334 - Updater called before beeing initialized
2024-09-02 16:31:24,700 [FATAL] Updater:334 - Updater called before beeing initialized
2024-09-02 16:31:24,700 [WARN] DetailPanel:346 - Failed to get advertising image, set to default
2024-09-02 16:31:24,701 [FATAL] Updater:334 - Updater called before beeing initialized
2024-09-02 16:31:24,794 [ERROR] Updater:1164 - MainUpdater not yet initialized. External WinMGr cannot be set.
2024-09-02 16:31:24,800 [INFO] Updater:1100 - Updater Version found : 6.12.0
2024-09-02 16:31:24,833 [INFO] ApplicationProperties:184 - Using Application install path: C:\ST\STM32CubeIDE_1.4.0\STM32CubeIDE\plugins\com.st.stm32cube.common.mx_6.12.0.202406281431
2024-09-02 16:31:25,699 [INFO] ThirdPartyUpdaterWithRetryManager:70 - Updater plugin not ready yet. [2/15]
2024-09-02 16:31:25,770 [INFO] MainUpdater:2873 - connection check result : 10
2024-09-02 16:31:25,771 [INFO] MainUpdater:290 - Updater Check For Update Now.
2024-09-02 16:31:25,771 [INFO] MicroXplorer:498 - Change Database Version : DB.6.0.120
2024-09-02 16:31:25,780 [INFO] McuFinderGlobals:63 - Set McuFinder mode to 2 (CubeIDE integrated)
2024-09-02 16:31:25,783 [INFO] UserAuth:417 - Internet connection configuration mode: 1
2024-09-02 16:31:25,822 [INFO] JxBrowserEngine:152 - Initiate JxBrowser Engine with user profile folder
2024-09-02 16:31:26,016 [INFO] CheckServerUpdateThread:120 - End of CheckServer Thread
2024-09-02 16:31:28,121 [INFO] WebApp:167 - Instantiating new browser for Auth
2024-09-02 16:31:29,058 [WARN] PackLoader:240 - Cannot read IP mode file for STMicroelectronics.FP-SNS-MOTENVWB1.1.4.0
2024-09-02 16:31:29,080 [WARN] PackLoader:240 - Cannot read IP mode file for STMicroelectronics.X-CUBE-SMBUS.2.1.0
2024-09-02 16:31:29,089 [WARN] PackLoader:240 - Cannot read IP mode file for STMicroelectronics.X-CUBE-TOUCHGFX.4.23.2
2024-09-02 16:31:29,137 [WARN] PackLoader:240 - Cannot read IP mode file for STMicroelectronics.X-CUBE-AZRTOS-F7.1.1.0
2024-09-02 16:31:29,286 [WARN] PackLoader:240 - Cannot read IP mode file for STMicroelectronics.X-CUBE-MEMS1.11.0.0
2024-09-02 16:31:29,557 [WARN] PackLoader:240 - Cannot read IP mode file for STMicroelectronics.FP-SNS-FLIGHT1.5.0.2
2024-09-02 16:31:29,568 [WARN] PackLoader:240 - Cannot read IP mode file for STMicroelectronics.X-CUBE-DISPLAY.3.0.0
2024-09-02 16:31:29,590 [WARN] PackLoader:240 - Cannot read IP mode file for STMicroelectronics.X-CUBE-BLE1.7.0.0
2024-09-02 16:31:29,597 [WARN] PackLoader:240 - Cannot read IP mode file for emotas.I-CUBE-CANOPEN.1.3.0
2024-09-02 16:31:29,618 [WARN] PackLoader:240 - Cannot read IP mode file for STMicroelectronics.X-CUBE-BLEMGR.3.1.0
2024-09-02 16:31:29,630 [WARN] PackLoader:240 - Cannot read IP mode file for STMicroelectronics.FP-SNS-SMARTAG2.1.2.0
2024-09-02 16:31:29,644 [INFO] LogOutputStream:77 - [STDOUT_REDIRECT] 1 : Invalid condition id : UX_CORESTACK_Condition cause : null
2024-09-02 16:31:29,645 [INFO] LogOutputStream:77 - [STDOUT_REDIRECT] 1 : Invalid condition id : UX_CORESTACK_Condition cause : null
2024-09-02 16:31:29,647 [INFO] LogOutputStream:77 - [STDOUT_REDIRECT] 1 : Invalid condition id : UX_CORESTACK_Condition cause : null
2024-09-02 16:31:29,649 [INFO] LogOutputStream:77 - [STDOUT_REDIRECT] 1 : Invalid condition id : UX_CORESTACK_Condition cause : null
2024-09-02 16:31:29,652 [INFO] LogOutputStream:77 - [STDOUT_REDIRECT] 1 : Invalid condition id : UX_CORESTACK_Condition cause : null
2024-09-02 16:31:29,658 [WARN] PackLoader:240 - Cannot read IP mode file for STMicroelectronics.X-CUBE-AZRTOS-WL.2.0.0
2024-09-02 16:31:29,668 [WARN] PackLoader:240 - Cannot read IP mode file for STMicroelectronics.FP-SNS-MOTENV1.5.0.0
2024-09-02 16:31:29,677 [WARN] PackLoader:240 - Cannot read IP mode file for wolfSSL.I-CUBE-wolfMQTT.1.19.0
2024-09-02 16:31:29,691 [WARN] PackLoader:240 - Cannot read IP mode file for WES.I-CUBE-Cesium.1.3.0
2024-09-02 16:31:29,702 [WARN] PackLoader:240 - Cannot read IP mode file for STMicroelectronics.X-CUBE-BLE2.3.3.0
2024-09-02 16:31:29,721 [WARN] PackLoader:240 - Cannot read IP mode file for STMicroelectronics.X-CUBE-TCPP.4.1.0
2024-09-02 16:31:29,736 [WARN] PackLoader:240 - Cannot read IP mode file for STMicroelectronics.X-CUBE-ALGOBUILD.1.3.0
2024-09-02 16:31:29,784 [WARN] PackLoader:240 - Cannot read IP mode file for STMicroelectronics.X-CUBE-AZRTOS-G0.1.1.0
2024-09-02 16:31:29,803 [WARN] PackLoader:240 - Cannot read IP mode file for STMicroelectronics.X-CUBE-SAFEA1.1.2.2
2024-09-02 16:31:29,818 [WARN] PackLoader:240 - Cannot read IP mode file for STMicroelectronics.X-CUBE-NFC4.3.0.0
2024-09-02 16:31:29,836 [WARN] PackLoader:240 - Cannot read IP mode file for EmbeddedOffice.I-CUBE-FS-RTOS.1.0.1
2024-09-02 16:31:29,837 [ERROR] ConditionMgr:805 - Attr not supported : Dmpu
2024-09-02 16:31:29,837 [ERROR] ConditionMgr:805 - Attr not supported : Dmpu
2024-09-02 16:31:29,837 [ERROR] ConditionMgr:805 - Attr not supported : Dmpu
2024-09-02 16:31:29,837 [ERROR] ConditionMgr:805 - Attr not supported : Dmpu
2024-09-02 16:31:29,837 [ERROR] ConditionMgr:805 - Attr not supported : Dmpu
2024-09-02 16:31:29,838 [ERROR] ConditionMgr:805 - Attr not supported : Dmpu
2024-09-02 16:31:29,838 [ERROR] ConditionMgr:805 - Attr not supported : Dmpu
2024-09-02 16:31:29,838 [ERROR] ConditionMgr:805 - Attr not supported : Dmpu
2024-09-02 16:31:29,838 [ERROR] ConditionMgr:805 - Attr not supported : Dmpu
2024-09-02 16:31:29,838 [ERROR] ConditionMgr:805 - Attr not supported : Dmpu
2024-09-02 16:31:29,838 [ERROR] ConditionMgr:805 - Attr not supported : Dmpu
2024-09-02 16:31:29,838 [ERROR] ConditionMgr:805 - Attr not supported : Dmpu
2024-09-02 16:31:29,838 [ERROR] ConditionMgr:805 - Attr not supported : Dmpu
2024-09-02 16:31:29,839 [ERROR] ConditionMgr:805 - Attr not supported : Dmpu
2024-09-02 16:31:29,839 [ERROR] ConditionMgr:805 - Attr not supported : Dmpu
2024-09-02 16:31:29,839 [ERROR] ConditionMgr:805 - Attr not supported : Dmpu
2024-09-02 16:31:29,839 [ERROR] ConditionMgr:805 - Attr not supported : Dmpu
2024-09-02 16:31:29,839 [ERROR] ConditionMgr:805 - Attr not supported : Dmpu
2024-09-02 16:31:29,839 [ERROR] ConditionMgr:805 - Attr not supported : Dmpu
2024-09-02 16:31:29,839 [ERROR] ConditionMgr:805 - Attr not supported : Dmpu
2024-09-02 16:31:29,839 [ERROR] ConditionMgr:805 - Attr not supported : Dmpu
2024-09-02 16:31:29,839 [ERROR] ConditionMgr:805 - Attr not supported : Dmpu
2024-09-02 16:31:29,840 [ERROR] ConditionMgr:805 - Attr not supported : Dmpu
2024-09-02 16:31:29,840 [ERROR] ConditionMgr:805 - Attr not supported : Dmpu
2024-09-02 16:31:29,840 [ERROR] ConditionMgr:805 - Attr not supported : Dmpu
2024-09-02 16:31:29,840 [ERROR] ConditionMgr:805 - Attr not supported : Dmpu
2024-09-02 16:31:29,840 [ERROR] ConditionMgr:805 - Attr not supported : Dmpu
2024-09-02 16:31:29,840 [ERROR] ConditionMgr:805 - Attr not supported : Dmpu
2024-09-02 16:31:29,840 [ERROR] ConditionMgr:805 - Attr not supported : Dmpu
2024-09-02 16:31:29,840 [ERROR] ConditionMgr:805 - Attr not supported : Dmpu
2024-09-02 16:31:29,840 [ERROR] ConditionMgr:805 - Attr not supported : Dmpu
2024-09-02 16:31:29,841 [ERROR] ConditionMgr:805 - Attr not supported : Dmpu
2024-09-02 16:31:29,841 [ERROR] ConditionMgr:805 - Attr not supported : Dmpu
2024-09-02 16:31:29,841 [ERROR] ConditionMgr:805 - Attr not supported : Dmpu
2024-09-02 16:31:29,841 [ERROR] ConditionMgr:805 - Attr not supported : Dmpu
2024-09-02 16:31:29,841 [ERROR] ConditionMgr:805 - Attr not supported : Dmpu
2024-09-02 16:31:29,841 [ERROR] ConditionMgr:805 - Attr not supported : Dmpu
2024-09-02 16:31:29,841 [ERROR] ConditionMgr:805 - Attr not supported : Dmpu
2024-09-02 16:31:29,842 [ERROR] ConditionMgr:805 - Attr not supported : Dmpu
2024-09-02 16:31:29,842 [ERROR] ConditionMgr:805 - Attr not supported : Dmpu
2024-09-02 16:31:29,842 [ERROR] ConditionMgr:805 - Attr not supported : Dmpu
2024-09-02 16:31:29,842 [ERROR] ConditionMgr:805 - Attr not supported : Dmpu
2024-09-02 16:31:29,842 [ERROR] ConditionMgr:805 - Attr not supported : Dmpu
2024-09-02 16:31:29,842 [ERROR] ConditionMgr:805 - Attr not supported : Dmpu
2024-09-02 16:31:29,842 [ERROR] ConditionMgr:805 - Attr not supported : Dmpu
2024-09-02 16:31:29,842 [ERROR] ConditionMgr:805 - Attr not supported : Dmpu
2024-09-02 16:31:29,843 [ERROR] ConditionMgr:805 - Attr not supported : Dmpu
2024-09-02 16:31:29,843 [ERROR] ConditionMgr:805 - Attr not supported : Dmpu
2024-09-02 16:31:29,843 [ERROR] ConditionMgr:805 - Attr not supported : Dmpu
2024-09-02 16:31:29,843 [ERROR] ConditionMgr:805 - Attr not supported : Dmpu
2024-09-02 16:31:29,843 [ERROR] ConditionMgr:805 - Attr not supported : Dmpu
2024-09-02 16:31:29,843 [ERROR] ConditionMgr:805 - Attr not supported : Dmpu
2024-09-02 16:31:29,843 [ERROR] ConditionMgr:805 - Attr not supported : Dmpu
2024-09-02 16:31:29,843 [ERROR] ConditionMgr:805 - Attr not supported : Dmpu
2024-09-02 16:31:29,844 [ERROR] ConditionMgr:805 - Attr not supported : Dmpu
2024-09-02 16:31:29,844 [ERROR] ConditionMgr:805 - Attr not supported : Dmpu
2024-09-02 16:31:29,844 [ERROR] ConditionMgr:805 - Attr not supported : Dmpu
2024-09-02 16:31:29,844 [ERROR] ConditionMgr:805 - Attr not supported : Dmpu
2024-09-02 16:31:29,844 [ERROR] ConditionMgr:805 - Attr not supported : Dmpu
2024-09-02 16:31:29,844 [ERROR] ConditionMgr:805 - Attr not supported : Dmpu
2024-09-02 16:31:29,844 [ERROR] ConditionMgr:805 - Attr not supported : Dmpu
2024-09-02 16:31:29,844 [ERROR] ConditionMgr:805 - Attr not supported : Dmpu
2024-09-02 16:31:29,845 [ERROR] ConditionMgr:805 - Attr not supported : Dmpu
2024-09-02 16:31:29,845 [ERROR] ConditionMgr:805 - Attr not supported : Dmpu
2024-09-02 16:31:29,854 [WARN] PackLoader:240 - Cannot read IP mode file for RealThread.X-CUBE-RT-Thread_Nano.4.1.1
2024-09-02 16:31:29,869 [WARN] PackLoader:240 - Cannot read IP mode file for wolfSSL.I-CUBE-wolfSSL.5.7.0
2024-09-02 16:31:29,882 [WARN] PackLoader:240 - Cannot read IP mode file for STMicroelectronics.FP-ATR-SIGFOX1.3.2.0
2024-09-02 16:31:29,892 [WARN] PackLoader:240 - Cannot read IP mode file for STMicroelectronics.X-CUBE-EEPRMA1.5.1.0
2024-09-02 16:31:29,906 [WARN] PackLoader:240 - Cannot read IP mode file for ITTIA_DB.I-CUBE-ITTIADB.8.9.0
2024-09-02 16:31:29,953 [WARN] PackLoader:240 - Cannot read IP mode file for SEGGER.I-CUBE-embOS.1.3.1
2024-09-02 16:31:30,031 [WARN] PackLoader:240 - Cannot read IP mode file for STMicroelectronics.X-CUBE-ALGOBUILD.1.4.0
2024-09-02 16:31:30,042 [WARN] PackLoader:240 - Cannot read IP mode file for STMicroelectronics.X-CUBE-GNSS1.6.0.0
2024-09-02 16:31:30,069 [WARN] PackLoader:240 - Cannot read IP mode file for STMicroelectronics.X-CUBE-AZRTOS-F4.1.1.0
2024-09-02 16:31:30,080 [WARN] PackLoader:240 - Cannot read IP mode file for STMicroelectronics.X-CUBE-FREERTOS.1.2.0
2024-09-02 16:31:30,104 [INFO] WebApp:448 - Apply proxy settings
2024-09-02 16:31:30,105 [INFO] WebApp:533 - Chromium requires no authentication
2024-09-02 16:31:30,114 [WARN] PackLoader:240 - Cannot read IP mode file for STMicroelectronics.X-CUBE-AZRTOS-L5.2.0.0
2024-09-02 16:31:30,130 [WARN] PackLoader:240 - Cannot read IP mode file for STMicroelectronics.X-CUBE-NFC6.3.1.0
2024-09-02 16:31:30,131 [INFO] WebApp:476 - Direct internet connection detected
2024-09-02 16:31:30,142 [WARN] PackLoader:240 - Cannot read IP mode file for STMicroelectronics.X-CUBE-DPower.1.2.0
2024-09-02 16:31:30,151 [WARN] PackLoader:240 - Cannot read IP mode file for STMicroelectronics.X-CUBE-AI.9.0.0
2024-09-02 16:31:30,161 [WARN] PackLoader:240 - Cannot read IP mode file for STMicroelectronics.X-CUBE-NFC7.1.0.1
2024-09-02 16:31:30,170 [WARN] PackLoader:240 - Cannot read IP mode file for wolfSSL.I-CUBE-wolfTPM.3.2.0
2024-09-02 16:31:30,201 [WARN] PackLoader:240 - Cannot read IP mode file for STMicroelectronics.X-CUBE-AI.8.1.0
2024-09-02 16:31:30,220 [INFO] WebApp:869 - Register for checkConnection events
2024-09-02 16:31:30,221 [INFO] WebApp:448 - Apply proxy settings
2024-09-02 16:31:30,221 [INFO] WebApp:533 - Chromium requires no authentication
2024-09-02 16:31:30,222 [INFO] WebApp:476 - Direct internet connection detected
2024-09-02 16:31:30,228 [WARN] ConditionMgr:438 - getConditionDescription Invalid condition id : LAN8742 Phy interface Condition cause : null
2024-09-02 16:31:30,230 [WARN] PackLoader:240 - Cannot read IP mode file for STMicroelectronics.X-CUBE-AZRTOS-L4.2.0.0
2024-09-02 16:31:30,239 [WARN] ConditionMgr:1039 - genDependencies : Invalid condition id : LAN8742 Phy interface Condition cause : null
2024-09-02 16:31:30,241 [WARN] ConditionMgr:1039 - genDependencies : Invalid condition id : LAN8742 Phy interface Condition cause : null
2024-09-02 16:31:30,242 [WARN] ConditionMgr:1039 - genDependencies : Invalid condition id : LAN8742 Phy interface Condition cause : null
2024-09-02 16:31:30,254 [WARN] PackLoader:240 - Cannot read IP mode file for STMicroelectronics.X-CUBE-SFXS2LP1.4.0.0
2024-09-02 16:31:30,279 [WARN] PackLoader:240 - Cannot read IP mode file for STMicroelectronics.X-CUBE-AZRTOS-H7.3.3.0
2024-09-02 16:31:30,299 [WARN] ConditionMgr:438 - getConditionDescription Invalid condition id : UX DEVICE CLASS RTOS Condition cause : null
2024-09-02 16:31:30,299 [WARN] ConditionMgr:438 - getConditionDescription Invalid condition id : UX DEVICE CLASS RTOS Condition cause : null
2024-09-02 16:31:30,302 [WARN] PackLoader:240 - Cannot read IP mode file for STMicroelectronics.X-CUBE-AZRTOS-WB.2.0.0
2024-09-02 16:31:30,303 [WARN] ConditionMgr:1039 - genDependencies : Invalid condition id : UX DEVICE CLASS RTOS Condition cause : null
2024-09-02 16:31:30,303 [WARN] ConditionMgr:1039 - genDependencies : Invalid condition id : UX DEVICE CLASS RTOS Condition cause : null
2024-09-02 16:31:30,303 [WARN] ConditionMgr:1039 - genDependencies : Invalid condition id : UX DEVICE CLASS RTOS Condition cause : null
2024-09-02 16:31:30,304 [WARN] ConditionMgr:1039 - genDependencies : Invalid condition id : UX DEVICE CLASS RTOS Condition cause : null
2024-09-02 16:31:30,304 [WARN] ConditionMgr:1039 - genDependencies : Invalid condition id : UX DEVICE CLASS RTOS Condition cause : null
2024-09-02 16:31:30,315 [WARN] PackLoader:240 - Cannot read IP mode file for STMicroelectronics.FP-SNS-STBOX1.2.0.0
2024-09-02 16:31:30,331 [WARN] PackLoader:240 - Cannot read IP mode file for STMicroelectronics.X-CUBE-SUBG2.5.0.0
2024-09-02 16:31:30,344 [WARN] PackLoader:240 - Cannot read IP mode file for Cesanta.I-CUBE-Mongoose.7.13.0
2024-09-02 16:31:30,365 [WARN] PackLoader:240 - Cannot read IP mode file for STMicroelectronics.X-CUBE-AZRTOS-G4.2.0.0
2024-09-02 16:31:30,370 [WARN] PackLoader:240 - Cannot read IP mode file for STMicroelectronics.FP-SNS-MOTENVWB1.1.3.1
2024-09-02 16:31:30,376 [WARN] PackLoader:240 - Cannot read IP mode file for STMicroelectronics.X-CUBE-ISPU.2.0.0
2024-09-02 16:31:30,383 [WARN] PackLoader:240 - Cannot read IP mode file for STMicroelectronics.X-CUBE-ALS.1.0.2
2024-09-02 16:31:30,442 [WARN] PackLoader:240 - Cannot read IP mode file for STMicroelectronics.X-CUBE-MEMS1.10.0.0
2024-09-02 16:31:30,579 [WARN] PackLoader:240 - Cannot read IP mode file for STMicroelectronics.X-CUBE-FREERTOS.1.1.0
2024-09-02 16:31:30,584 [WARN] PackLoader:240 - Cannot read IP mode file for STMicroelectronics.X-CUBE-TOUCHGFX.4.24.0
2024-09-02 16:31:30,593 [WARN] PackLoader:240 - Cannot read IP mode file for portGmbH.I-Cube-SoM-uGOAL.1.1.0
2024-09-02 16:31:30,598 [WARN] PackLoader:240 - Cannot read IP mode file for STMicroelectronics.X-CUBE-ALS.1.0.1
2024-09-02 16:31:30,623 [WARN] PackLoader:240 - Cannot read IP mode file for STMicroelectronics.X-CUBE-AZRTOS-H7RS.1.0.0
2024-09-02 16:31:30,632 [WARN] PackLoader:240 - Cannot read IP mode file for STMicroelectronics.FP-ATR-ASTRA1.2.0.0
2024-09-02 16:31:30,646 [WARN] PackLoader:240 - Cannot read IP mode file for STMicroelectronics.X-CUBE-TOF1.3.4.2
2024-09-02 16:31:30,675 [WARN] PackLoader:240 - Cannot read IP mode file for STMicroelectronics.X-CUBE-TOF1.3.4.1
2024-09-02 16:31:30,724 [WARN] PackLoader:240 - Cannot read IP mode file for STMicroelectronics.X-CUBE-AZRTOS-H7.3.2.0
2024-09-02 16:31:30,730 [INFO] WebApp:220 - Starting web application
2024-09-02 16:31:30,730 [INFO] WebApp:578 - Web application path used C:\ST\STM32CubeIDE_1.4.0\STM32CubeIDE\plugins\com.st.stm32cube.common.mx_6.12.0.202406281431\db\plugins\mcufinder\reactClient1\index.html
2024-09-02 16:31:30,760 [WARN] PackLoader:240 - Cannot read IP mode file for Infineon.AIROC-Wi-Fi-Bluetooth-STM32.1.6.0
2024-09-02 16:31:30,777 [WARN] PackLoader:240 - Cannot read IP mode file for wolfSSL.I-CUBE-wolfSSH.1.4.17
2024-09-02 16:31:30,778 [INFO] ThirdParty:978 - Integrity check success = true
2024-09-02 16:31:30,779 [INFO] IntegrityCheckThread:100 - exiting critical section [integrity check]
2024-09-02 16:31:30,779 [INFO] IntegrityCheckThread:103 - End integrity checks thread
2024-09-02 16:31:31,002 [INFO] UserAuth:417 - Internet connection configuration mode: 1
2024-09-02 16:31:31,051 [INFO] WebApp:186 - Connection restablished
2024-09-02 16:56:40,220 [ERROR] LogOutputStream:75 - [STDERR_REDIRECT] 
