2024-08-13 17:26:14,050 [INFO] Activator:176 - 


2024-08-13 17:26:14,065 [INFO] Activator:177 - !SESSION log4j initialized
2024-08-13 17:26:22,471 [INFO] LogOutputStream:77 - [STDOUT_REDIRECT] 
2024-08-13 17:26:23,700 [INFO] ApplicationProperties:184 - Using Application install path: C:\ST\STM32CubeIDE_1.4.0\STM32CubeIDE\plugins\com.st.stm32cube.common.mx_6.12.0.202406281431
2024-08-13 17:26:23,727 [INFO] DbMcusXml:78 - Set database path to: C:\ST\STM32CubeIDE_1.4.0\STM32CubeIDE\plugins\com.st.stm32cube.common.mx_6.12.0.202406281431\\db\/mcu/
2024-08-13 17:26:23,727 [INFO] ApiDb:274 - Set plugin database path to: C:\ST\STM32CubeIDE_1.4.0\STM32CubeIDE\plugins\com.st.stm32cube.common.mx_6.12.0.202406281431\\db\/plugins/boardmanager/
2024-08-13 17:26:23,728 [WARN] ApiDb:259 - Overriding images path with different value:  => C:\ST\STM32CubeIDE_1.4.0\STM32CubeIDE\plugins\com.st.stm32cube.common.mx_6.12.0.202406281431\\db\/plugins/mcufinder/images/
2024-08-13 17:26:23,747 [INFO] ApiDb:250 - Set database path to: C:\Users\Abhishek\.stmcufinder\plugins\mcufinder//mcu/
2024-08-13 17:26:23,748 [INFO] DbMcusAds:125 - Set database path to: C:\Users\Abhishek\.stmcufinder\plugins\mcufinder//mcu/
2024-08-13 17:26:23,753 [INFO] CrossReferenceDbSqlite:203 - Set database path to: C:\Users\Abhishek\.stmcufinder\plugins\mcufinder//mcu/cs/
2024-08-13 17:26:23,905 [INFO] RulesReader:64 - Compatibility file has been processed (297 Rules)
2024-08-13 17:26:24,034 [INFO] DbMcusXml:78 - Set database path to: C:\ST\STM32CubeIDE_1.4.0\STM32CubeIDE\plugins\com.st.stm32cube.common.mx_6.12.0.202406281431\\db\/mcu/
2024-08-13 17:26:24,034 [INFO] ApiDb:274 - Set plugin database path to: C:\ST\STM32CubeIDE_1.4.0\STM32CubeIDE\plugins\com.st.stm32cube.common.mx_6.12.0.202406281431\\db\/plugins/boardmanager/
2024-08-13 17:26:24,034 [INFO] ApiDb:261 - Set plugin images path to: C:\ST\STM32CubeIDE_1.4.0\STM32CubeIDE\plugins\com.st.stm32cube.common.mx_6.12.0.202406281431\\db\/plugins/mcufinder/images/
2024-08-13 17:26:24,034 [WARN] DbFile:41 - Overriding database path with different value: C:\Users\Abhishek\.stmcufinder\plugins\mcufinder/ => C:\Users\Abhishek\.stmcufinder\plugins\mcufinder
2024-08-13 17:26:24,035 [INFO] ApiDb:250 - Set database path to: C:\Users\Abhishek\.stmcufinder\plugins\mcufinder//mcu/
2024-08-13 17:26:24,035 [WARN] DbFile:41 - Overriding database path with different value: C:\Users\Abhishek\.stmcufinder\plugins\mcufinder/ => C:\Users\Abhishek\.stmcufinder\plugins\mcufinder
2024-08-13 17:26:24,035 [INFO] DbMcusAds:125 - Set database path to: C:\Users\Abhishek\.stmcufinder\plugins\mcufinder//mcu/
2024-08-13 17:26:24,035 [WARN] DbFile:41 - Overriding database path with different value: C:\Users\Abhishek\.stmcufinder\plugins\mcufinder/ => C:\Users\Abhishek\.stmcufinder\plugins\mcufinder
2024-08-13 17:26:24,035 [WARN] DbFile:41 - Overriding database path with different value: C:\Users\Abhishek\.stmcufinder\plugins\mcufinder/ => C:\Users\Abhishek\.stmcufinder\plugins\mcufinder
2024-08-13 17:26:24,035 [INFO] CrossReferenceDbSqlite:203 - Set database path to: C:\Users\Abhishek\.stmcufinder\plugins\mcufinder//mcu/cs/
2024-08-13 17:26:24,154 [INFO] MainPanel:268 - HeapMemory: 268435456
2024-08-13 17:26:24,345 [INFO] DbMcusXml:78 - Set database path to: C:\ST\STM32CubeIDE_1.4.0\STM32CubeIDE\plugins\com.st.stm32cube.common.mx_6.12.0.202406281431\\db\/mcu/
2024-08-13 17:26:24,346 [INFO] ApiDb:274 - Set plugin database path to: C:\ST\STM32CubeIDE_1.4.0\STM32CubeIDE\plugins\com.st.stm32cube.common.mx_6.12.0.202406281431\\db\/plugins/boardmanager/
2024-08-13 17:26:24,346 [INFO] ApiDb:261 - Set plugin images path to: C:\ST\STM32CubeIDE_1.4.0\STM32CubeIDE\plugins\com.st.stm32cube.common.mx_6.12.0.202406281431\\db\/plugins/mcufinder/images/
2024-08-13 17:26:24,346 [WARN] DbFile:41 - Overriding database path with different value: C:\Users\Abhishek\.stmcufinder\plugins\mcufinder/ => C:\Users\Abhishek\.stmcufinder\plugins\mcufinder
2024-08-13 17:26:24,346 [INFO] ApiDb:250 - Set database path to: C:\Users\Abhishek\.stmcufinder\plugins\mcufinder//mcu/
2024-08-13 17:26:24,347 [WARN] DbFile:41 - Overriding database path with different value: C:\Users\Abhishek\.stmcufinder\plugins\mcufinder/ => C:\Users\Abhishek\.stmcufinder\plugins\mcufinder
2024-08-13 17:26:24,347 [INFO] DbMcusAds:125 - Set database path to: C:\Users\Abhishek\.stmcufinder\plugins\mcufinder//mcu/
2024-08-13 17:26:24,347 [WARN] DbFile:41 - Overriding database path with different value: C:\Users\Abhishek\.stmcufinder\plugins\mcufinder/ => C:\Users\Abhishek\.stmcufinder\plugins\mcufinder
2024-08-13 17:26:24,347 [WARN] DbFile:41 - Overriding database path with different value: C:\Users\Abhishek\.stmcufinder\plugins\mcufinder/ => C:\Users\Abhishek\.stmcufinder\plugins\mcufinder
2024-08-13 17:26:24,347 [INFO] CrossReferenceDbSqlite:203 - Set database path to: C:\Users\Abhishek\.stmcufinder\plugins\mcufinder//mcu/cs/
2024-08-13 17:26:24,374 [INFO] ApplicationProperties:184 - Using Application install path: C:\ST\STM32CubeIDE_1.4.0\STM32CubeIDE\plugins\com.st.stm32cube.common.mx_6.12.0.202406281431
2024-08-13 17:26:24,375 [INFO] PluginManage:196 - Search for loadable plugins [exclusion list=, ]
2024-08-13 17:26:24,378 [INFO] PluginManage:310 - Check plugin analytics
2024-08-13 17:26:24,646 [INFO] AnalyticsPlugin:253 - Accepted Software Licenses: STM32CubeMX.6.1.0,STM32CubeMX.6.4.0,STM32CubeMX.6.2.0,STM32CubeMX.6.10.0
2024-08-13 17:26:24,646 [INFO] AnalyticsPlugin:255 - Accepted CMSIS Pack Licenses: 
2024-08-13 17:26:24,647 [INFO] AnalyticsPlugin:257 - Accepted Firmware Licenses: 
2024-08-13 17:26:24,650 [INFO] PluginManage:359 - Loaded plugin analytics (category:tool,tabindex:-1)
2024-08-13 17:26:24,651 [INFO] PluginManage:310 - Check plugin cadmodel
2024-08-13 17:26:24,664 [INFO] CADModel:105 - Init CAD model plugin
2024-08-13 17:26:24,664 [INFO] PluginManage:359 - Loaded plugin cadmodel (category:power,tabindex:5)
2024-08-13 17:26:24,664 [INFO] PluginManage:310 - Check plugin clock
2024-08-13 17:26:24,685 [INFO] PluginManage:359 - Loaded plugin clock (category:base,tabindex:2)
2024-08-13 17:26:24,685 [INFO] PluginManage:310 - Check plugin ddr
2024-08-13 17:26:24,690 [INFO] PluginManage:359 - Loaded plugin ddr (category:tool,tabindex:6)
2024-08-13 17:26:24,691 [INFO] PluginManage:310 - Check plugin filemanager
2024-08-13 17:26:24,860 [INFO] PluginManage:359 - Loaded plugin filemanager (category:base,tabindex:10)
2024-08-13 17:26:24,860 [INFO] PluginManage:310 - Check plugin ipmanager
2024-08-13 17:26:24,870 [INFO] PluginManage:359 - Loaded plugin ipmanager (category:base,tabindex:5)
2024-08-13 17:26:24,870 [INFO] PluginManage:310 - Check plugin lpbam
2024-08-13 17:26:24,899 [INFO] PluginManage:359 - Loaded plugin lpbam (category:base,tabindex:0)
2024-08-13 17:26:24,900 [INFO] PluginManage:310 - Check plugin memorymap
2024-08-13 17:26:24,938 [INFO] PluginManage:359 - Loaded plugin memorymap (category:base,tabindex:4)
2024-08-13 17:26:24,938 [INFO] PluginManage:310 - Check plugin pinoutandconfiguration
2024-08-13 17:26:24,954 [INFO] PluginManage:359 - Loaded plugin pinoutandconfiguration (category:base,tabindex:1)
2024-08-13 17:26:24,954 [INFO] PluginManage:310 - Check plugin pinoutconfig
2024-08-13 17:26:25,091 [WARN] SupportedApi:132 - Cannot load RTOS API schema: s4s-elt-must-match.1: The content of 'definitions' must match (annotation?, (simpleType | complexType)?, (unique | key | keyref)*)). A problem was found starting at: attribute.
2024-08-13 17:26:25,262 [INFO] PluginManage:359 - Loaded plugin pinoutconfig (category:base,tabindex:0)
2024-08-13 17:26:25,262 [INFO] PluginManage:310 - Check plugin power
2024-08-13 17:26:25,284 [INFO] PluginManage:359 - Loaded plugin power (category:power,tabindex:4)
2024-08-13 17:26:25,284 [INFO] PluginManage:310 - Check plugin projectmanager
2024-08-13 17:26:25,306 [INFO] PluginManage:359 - Loaded plugin projectmanager (category:projectmanager,tabindex:4)
2024-08-13 17:26:25,306 [INFO] PluginManage:310 - Check plugin rif
2024-08-13 17:26:25,365 [INFO] PluginManage:359 - Loaded plugin rif (category:base,tabindex:3)
2024-08-13 17:26:25,365 [INFO] PluginManage:310 - Check plugin thirdparty
2024-08-13 17:26:25,542 [INFO] PluginManage:359 - Loaded plugin thirdparty (category:base,tabindex:-1)
2024-08-13 17:26:25,542 [INFO] PluginManage:310 - Check plugin tools
2024-08-13 17:26:25,542 [WARN] IntegrityCheckThread:84 - waiting for thirdparty lock release [integrity check]
2024-08-13 17:26:25,543 [INFO] IntegrityCheckThread:86 - entering critical section [integrity check]
2024-08-13 17:26:25,543 [INFO] ThirdPartyUpdaterWithRetryManager:70 - Updater plugin not ready yet. [1/15]
2024-08-13 17:26:25,550 [INFO] PluginManage:359 - Loaded plugin tools (category:base,tabindex:7)
2024-08-13 17:26:25,551 [INFO] PluginManage:310 - Check plugin tutovideos
2024-08-13 17:26:25,799 [INFO] PluginManage:359 - Loaded plugin tutovideos (category:base,tabindex:-1)
2024-08-13 17:26:25,799 [INFO] PluginManage:310 - Check plugin updater
2024-08-13 17:26:25,820 [INFO] PluginManage:359 - Loaded plugin updater (category:base,tabindex:12)
2024-08-13 17:26:25,820 [INFO] PluginManage:310 - Check plugin userauth
2024-08-13 17:26:25,828 [INFO] UserAuth:113 - Init User Auth plugin
2024-08-13 17:26:25,828 [INFO] PluginManage:359 - Loaded plugin userauth (category:base,tabindex:14)
2024-08-13 17:26:25,829 [INFO] PluginManage:283 - PluginManage : Loaded plugins [18]
2024-08-13 17:26:26,095 [INFO] PinOutPanel:1561 - setPackage(No Configuration,No Configuration)
2024-08-13 17:26:26,215 [INFO] CADModel:165 - CPN selected for project level
2024-08-13 17:26:26,215 [INFO] CADModel:114 - Register for checkConnection events
2024-08-13 17:26:26,246 [INFO] IPUIPlugin:80 - create IPUIPlugin
2024-08-13 17:26:26,246 [INFO] PluginManager:220 - loadIPPluginJar : add adc
2024-08-13 17:26:26,252 [INFO] IPUIPlugin:80 - create IPUIPlugin
2024-08-13 17:26:26,252 [INFO] PluginManager:220 - loadIPPluginJar : add aes
2024-08-13 17:26:26,259 [INFO] IPUIPlugin:80 - create IPUIPlugin
2024-08-13 17:26:26,259 [INFO] PluginManager:220 - loadIPPluginJar : add can
2024-08-13 17:26:26,264 [INFO] IPUIPlugin:80 - create IPUIPlugin
2024-08-13 17:26:26,264 [INFO] PluginManager:220 - loadIPPluginJar : add comp
2024-08-13 17:26:26,270 [INFO] IPUIPlugin:80 - create IPUIPlugin
2024-08-13 17:26:26,270 [INFO] PluginManager:220 - loadIPPluginJar : add cryp
2024-08-13 17:26:26,277 [INFO] IPUIPlugin:80 - create IPUIPlugin
2024-08-13 17:26:26,278 [INFO] PluginManager:220 - loadIPPluginJar : add ddr_ctrl_phy
2024-08-13 17:26:26,283 [INFO] IPUIPlugin:80 - create IPUIPlugin
2024-08-13 17:26:26,283 [INFO] PluginManager:220 - loadIPPluginJar : add dfsdm
2024-08-13 17:26:26,298 [INFO] IPUIPlugin:80 - create IPUIPlugin
2024-08-13 17:26:26,298 [INFO] PluginManager:220 - loadIPPluginJar : add dma
2024-08-13 17:26:26,304 [INFO] IPUIPlugin:80 - create IPUIPlugin
2024-08-13 17:26:26,304 [INFO] PluginManager:220 - loadIPPluginJar : add dma3
2024-08-13 17:26:26,311 [INFO] IPUIPlugin:80 - create IPUIPlugin
2024-08-13 17:26:26,311 [INFO] PluginManager:220 - loadIPPluginJar : add extmemmanager
2024-08-13 17:26:26,315 [INFO] IPUIPlugin:80 - create IPUIPlugin
2024-08-13 17:26:26,315 [INFO] PluginManager:220 - loadIPPluginJar : add fatfs
2024-08-13 17:26:26,323 [INFO] IPUIPlugin:80 - create IPUIPlugin
2024-08-13 17:26:26,323 [INFO] PluginManager:220 - loadIPPluginJar : add fmc
2024-08-13 17:26:26,371 [INFO] IPUIPlugin:80 - create IPUIPlugin
2024-08-13 17:26:26,371 [INFO] PluginManager:220 - loadIPPluginJar : add freertos
2024-08-13 17:26:26,376 [INFO] IPUIPlugin:80 - create IPUIPlugin
2024-08-13 17:26:26,376 [INFO] PluginManager:220 - loadIPPluginJar : add genericplugin
2024-08-13 17:26:26,382 [INFO] IPUIPlugin:80 - create IPUIPlugin
2024-08-13 17:26:26,383 [INFO] PluginManager:220 - loadIPPluginJar : add gfxmmu
2024-08-13 17:26:26,395 [INFO] IPUIPlugin:80 - create IPUIPlugin
2024-08-13 17:26:26,395 [INFO] PluginManager:220 - loadIPPluginJar : add gic
2024-08-13 17:26:26,414 [INFO] IPUIPlugin:80 - create IPUIPlugin
2024-08-13 17:26:26,414 [INFO] PluginManager:220 - loadIPPluginJar : add gpio
2024-08-13 17:26:26,423 [INFO] IPUIPlugin:80 - create IPUIPlugin
2024-08-13 17:26:26,423 [INFO] PluginManager:220 - loadIPPluginJar : add gtzc
2024-08-13 17:26:26,428 [INFO] IPUIPlugin:80 - create IPUIPlugin
2024-08-13 17:26:26,428 [INFO] PluginManager:220 - loadIPPluginJar : add hash
2024-08-13 17:26:26,435 [INFO] IPUIPlugin:80 - create IPUIPlugin
2024-08-13 17:26:26,435 [INFO] PluginManager:220 - loadIPPluginJar : add i2c
2024-08-13 17:26:26,442 [INFO] IPUIPlugin:80 - create IPUIPlugin
2024-08-13 17:26:26,442 [INFO] PluginManager:220 - loadIPPluginJar : add i2s
2024-08-13 17:26:26,449 [INFO] IPUIPlugin:80 - create IPUIPlugin
2024-08-13 17:26:26,449 [INFO] PluginManager:220 - loadIPPluginJar : add i3c
2024-08-13 17:26:26,458 [INFO] IPUIPlugin:80 - create IPUIPlugin
2024-08-13 17:26:26,458 [INFO] PluginManager:220 - loadIPPluginJar : add ipddr
2024-08-13 17:26:26,486 [INFO] IPUIPlugin:80 - create IPUIPlugin
2024-08-13 17:26:26,486 [INFO] PluginManager:220 - loadIPPluginJar : add linkedlist
2024-08-13 17:26:26,491 [INFO] IPUIPlugin:80 - create IPUIPlugin
2024-08-13 17:26:26,491 [INFO] PluginManager:220 - loadIPPluginJar : add lorawan
2024-08-13 17:26:26,497 [INFO] IPUIPlugin:80 - create IPUIPlugin
2024-08-13 17:26:26,497 [INFO] PluginManager:220 - loadIPPluginJar : add ltdc
2024-08-13 17:26:26,517 [INFO] IPUIPlugin:80 - create IPUIPlugin
2024-08-13 17:26:26,518 [INFO] PluginManager:220 - loadIPPluginJar : add mdma
2024-08-13 17:26:26,535 [INFO] IPUIPlugin:80 - create IPUIPlugin
2024-08-13 17:26:26,536 [INFO] PluginManager:220 - loadIPPluginJar : add nvic
2024-08-13 17:26:26,541 [INFO] IPUIPlugin:80 - create IPUIPlugin
2024-08-13 17:26:26,541 [INFO] PluginManager:220 - loadIPPluginJar : add opamp
2024-08-13 17:26:26,558 [INFO] IPUIPlugin:80 - create IPUIPlugin
2024-08-13 17:26:26,558 [INFO] PluginManager:220 - loadIPPluginJar : add openamp
2024-08-13 17:26:26,564 [INFO] IPUIPlugin:80 - create IPUIPlugin
2024-08-13 17:26:26,565 [INFO] PluginManager:220 - loadIPPluginJar : add pdm2pcm
2024-08-13 17:26:26,581 [INFO] IPUIPlugin:80 - create IPUIPlugin
2024-08-13 17:26:26,583 [INFO] PluginManager:220 - loadIPPluginJar : add plateformsettings
2024-08-13 17:26:26,588 [INFO] IPUIPlugin:80 - create IPUIPlugin
2024-08-13 17:26:26,588 [INFO] PluginManager:220 - loadIPPluginJar : add quadspi
2024-08-13 17:26:26,592 [INFO] IPUIPlugin:80 - create IPUIPlugin
2024-08-13 17:26:26,593 [INFO] PluginManager:220 - loadIPPluginJar : add radio
2024-08-13 17:26:26,638 [INFO] IPUIPlugin:80 - create IPUIPlugin
2024-08-13 17:26:26,639 [INFO] PluginManager:220 - loadIPPluginJar : add resmgrutility
2024-08-13 17:26:26,646 [INFO] IPUIPlugin:80 - create IPUIPlugin
2024-08-13 17:26:26,646 [INFO] PluginManager:220 - loadIPPluginJar : add sai
2024-08-13 17:26:26,653 [INFO] IPUIPlugin:80 - create IPUIPlugin
2024-08-13 17:26:26,653 [INFO] PluginManager:220 - loadIPPluginJar : add spi
2024-08-13 17:26:26,664 [INFO] IPUIPlugin:80 - create IPUIPlugin
2024-08-13 17:26:26,664 [INFO] PluginManager:220 - loadIPPluginJar : add stm32_wpan
2024-08-13 17:26:26,669 [INFO] IPUIPlugin:80 - create IPUIPlugin
2024-08-13 17:26:26,669 [INFO] PluginManager:220 - loadIPPluginJar : add tim
2024-08-13 17:26:26,678 [INFO] IPUIPlugin:80 - create IPUIPlugin
2024-08-13 17:26:26,678 [INFO] PluginManager:220 - loadIPPluginJar : add touchsensing
2024-08-13 17:26:26,683 [INFO] IPUIPlugin:80 - create IPUIPlugin
2024-08-13 17:26:26,683 [INFO] PluginManager:220 - loadIPPluginJar : add tracer_emb
2024-08-13 17:26:26,688 [INFO] IPUIPlugin:80 - create IPUIPlugin
2024-08-13 17:26:26,688 [INFO] PluginManager:220 - loadIPPluginJar : add ts
2024-08-13 17:26:26,692 [INFO] IPUIPlugin:80 - create IPUIPlugin
2024-08-13 17:26:26,692 [INFO] PluginManager:220 - loadIPPluginJar : add tsc
2024-08-13 17:26:26,698 [INFO] IPUIPlugin:80 - create IPUIPlugin
2024-08-13 17:26:26,698 [INFO] PluginManager:220 - loadIPPluginJar : add ucpd
2024-08-13 17:26:26,705 [INFO] IPUIPlugin:80 - create IPUIPlugin
2024-08-13 17:26:26,705 [INFO] PluginManager:220 - loadIPPluginJar : add usart
2024-08-13 17:26:26,714 [INFO] IPUIPlugin:80 - create IPUIPlugin
2024-08-13 17:26:26,714 [INFO] PluginManager:220 - loadIPPluginJar : add usbx
2024-08-13 17:26:26,855 [INFO] CADModel:165 - CPN selected for project level
2024-08-13 17:26:26,855 [INFO] CADModel:114 - Register for checkConnection events
2024-08-13 17:26:26,856 [FATAL] Updater:334 - Updater called before beeing initialized
2024-08-13 17:26:26,856 [ERROR] CADModel:125 - Updater not yet initialized, retry later 
2024-08-13 17:26:27,068 [INFO] CADModel:165 - CPN selected for project level
2024-08-13 17:26:27,069 [INFO] CADModel:114 - Register for checkConnection events
2024-08-13 17:26:27,069 [FATAL] Updater:334 - Updater called before beeing initialized
2024-08-13 17:26:27,069 [ERROR] CADModel:125 - Updater not yet initialized, retry later 
2024-08-13 17:26:27,073 [FATAL] Updater:334 - Updater called before beeing initialized
2024-08-13 17:26:27,278 [FATAL] Updater:334 - Updater called before beeing initialized
2024-08-13 17:26:27,286 [INFO] DbMcusAds:53 - JSON generation date=Thu May 16 14:52:00 IST 2024 (1715851320667)
2024-08-13 17:26:27,286 [FATAL] Updater:334 - Updater called before beeing initialized
2024-08-13 17:26:27,363 [WARN] DetailPanel:346 - Failed to get advertising image, set to default
2024-08-13 17:26:27,502 [FATAL] Updater:334 - Updater called before beeing initialized
2024-08-13 17:26:27,505 [FATAL] Updater:334 - Updater called before beeing initialized
2024-08-13 17:26:27,505 [FATAL] Updater:334 - Updater called before beeing initialized
2024-08-13 17:26:27,505 [WARN] DetailPanel:346 - Failed to get advertising image, set to default
2024-08-13 17:26:27,505 [FATAL] Updater:334 - Updater called before beeing initialized
2024-08-13 17:26:27,566 [ERROR] Updater:1164 - MainUpdater not yet initialized. External WinMGr cannot be set.
2024-08-13 17:26:27,571 [INFO] Updater:1100 - Updater Version found : 6.12.0
2024-08-13 17:26:27,595 [INFO] ApplicationProperties:184 - Using Application install path: C:\ST\STM32CubeIDE_1.4.0\STM32CubeIDE\plugins\com.st.stm32cube.common.mx_6.12.0.202406281431
2024-08-13 17:26:28,505 [INFO] MainUpdater:2873 - connection check result : 10
2024-08-13 17:26:28,506 [INFO] MainUpdater:290 - Updater Check For Update Now.
2024-08-13 17:26:28,506 [INFO] MicroXplorer:498 - Change Database Version : DB.6.0.120
2024-08-13 17:26:28,518 [INFO] McuFinderGlobals:63 - Set McuFinder mode to 2 (CubeIDE integrated)
2024-08-13 17:26:28,521 [INFO] UserAuth:417 - Internet connection configuration mode: 1
2024-08-13 17:26:28,546 [WARN] MainUpdater:1194 - Updater busy. Cannot search thirdparties
2024-08-13 17:26:28,547 [INFO] ThirdPartyUpdaterWithRetryManager:96 - Updater plugin is busy. [1/15]
2024-08-13 17:26:28,559 [INFO] JxBrowserEngine:152 - Initiate JxBrowser Engine with user profile folder
2024-08-13 17:26:28,749 [INFO] CheckServerUpdateThread:120 - End of CheckServer Thread
2024-08-13 17:26:30,900 [INFO] WebApp:167 - Instantiating new browser for Auth
2024-08-13 17:26:31,980 [WARN] PackLoader:240 - Cannot read IP mode file for STMicroelectronics.FP-SNS-MOTENVWB1.1.4.0
2024-08-13 17:26:31,999 [WARN] PackLoader:240 - Cannot read IP mode file for STMicroelectronics.X-CUBE-SMBUS.2.1.0
2024-08-13 17:26:32,008 [WARN] PackLoader:240 - Cannot read IP mode file for STMicroelectronics.X-CUBE-TOUCHGFX.4.23.2
2024-08-13 17:26:32,053 [WARN] PackLoader:240 - Cannot read IP mode file for STMicroelectronics.X-CUBE-AZRTOS-F7.1.1.0
2024-08-13 17:26:32,068 [WARN] PackLoader:240 - Cannot read IP mode file for STMicroelectronics.FP-SNS-FLIGHT1.5.0.2
2024-08-13 17:26:32,082 [WARN] PackLoader:240 - Cannot read IP mode file for STMicroelectronics.X-CUBE-DISPLAY.3.0.0
2024-08-13 17:26:32,099 [WARN] PackLoader:240 - Cannot read IP mode file for STMicroelectronics.X-CUBE-BLE1.7.0.0
2024-08-13 17:26:32,108 [WARN] PackLoader:240 - Cannot read IP mode file for emotas.I-CUBE-CANOPEN.1.3.0
2024-08-13 17:26:32,126 [WARN] PackLoader:240 - Cannot read IP mode file for STMicroelectronics.X-CUBE-BLEMGR.3.1.0
2024-08-13 17:26:32,137 [WARN] PackLoader:240 - Cannot read IP mode file for STMicroelectronics.FP-SNS-SMARTAG2.1.2.0
2024-08-13 17:26:32,152 [INFO] LogOutputStream:77 - [STDOUT_REDIRECT] 1 : Invalid condition id : UX_CORESTACK_Condition cause : null
2024-08-13 17:26:32,153 [INFO] LogOutputStream:77 - [STDOUT_REDIRECT] 1 : Invalid condition id : UX_CORESTACK_Condition cause : null
2024-08-13 17:26:32,155 [INFO] LogOutputStream:77 - [STDOUT_REDIRECT] 1 : Invalid condition id : UX_CORESTACK_Condition cause : null
2024-08-13 17:26:32,158 [INFO] LogOutputStream:77 - [STDOUT_REDIRECT] 1 : Invalid condition id : UX_CORESTACK_Condition cause : null
2024-08-13 17:26:32,160 [INFO] LogOutputStream:77 - [STDOUT_REDIRECT] 1 : Invalid condition id : UX_CORESTACK_Condition cause : null
2024-08-13 17:26:32,167 [WARN] PackLoader:240 - Cannot read IP mode file for STMicroelectronics.X-CUBE-AZRTOS-WL.2.0.0
2024-08-13 17:26:32,178 [WARN] PackLoader:240 - Cannot read IP mode file for STMicroelectronics.FP-SNS-MOTENV1.5.0.0
2024-08-13 17:26:32,187 [WARN] PackLoader:240 - Cannot read IP mode file for wolfSSL.I-CUBE-wolfMQTT.1.19.0
2024-08-13 17:26:32,200 [WARN] PackLoader:240 - Cannot read IP mode file for WES.I-CUBE-Cesium.1.3.0
2024-08-13 17:26:32,207 [WARN] PackLoader:240 - Cannot read IP mode file for STMicroelectronics.X-CUBE-BLE2.3.3.0
2024-08-13 17:26:32,218 [WARN] PackLoader:240 - Cannot read IP mode file for STMicroelectronics.X-CUBE-TCPP.4.1.0
2024-08-13 17:26:32,232 [WARN] PackLoader:240 - Cannot read IP mode file for STMicroelectronics.X-CUBE-ALGOBUILD.1.3.0
2024-08-13 17:26:32,256 [WARN] PackLoader:240 - Cannot read IP mode file for STMicroelectronics.X-CUBE-AZRTOS-G0.1.1.0
2024-08-13 17:26:32,270 [WARN] PackLoader:240 - Cannot read IP mode file for STMicroelectronics.X-CUBE-SAFEA1.1.2.2
2024-08-13 17:26:32,281 [WARN] PackLoader:240 - Cannot read IP mode file for STMicroelectronics.X-CUBE-NFC4.3.0.0
2024-08-13 17:26:32,298 [WARN] PackLoader:240 - Cannot read IP mode file for EmbeddedOffice.I-CUBE-FS-RTOS.1.0.1
2024-08-13 17:26:32,299 [ERROR] ConditionMgr:805 - Attr not supported : Dmpu
2024-08-13 17:26:32,299 [ERROR] ConditionMgr:805 - Attr not supported : Dmpu
2024-08-13 17:26:32,299 [ERROR] ConditionMgr:805 - Attr not supported : Dmpu
2024-08-13 17:26:32,299 [ERROR] ConditionMgr:805 - Attr not supported : Dmpu
2024-08-13 17:26:32,299 [ERROR] ConditionMgr:805 - Attr not supported : Dmpu
2024-08-13 17:26:32,299 [ERROR] ConditionMgr:805 - Attr not supported : Dmpu
2024-08-13 17:26:32,300 [ERROR] ConditionMgr:805 - Attr not supported : Dmpu
2024-08-13 17:26:32,300 [ERROR] ConditionMgr:805 - Attr not supported : Dmpu
2024-08-13 17:26:32,300 [ERROR] ConditionMgr:805 - Attr not supported : Dmpu
2024-08-13 17:26:32,300 [ERROR] ConditionMgr:805 - Attr not supported : Dmpu
2024-08-13 17:26:32,300 [ERROR] ConditionMgr:805 - Attr not supported : Dmpu
2024-08-13 17:26:32,300 [ERROR] ConditionMgr:805 - Attr not supported : Dmpu
2024-08-13 17:26:32,300 [ERROR] ConditionMgr:805 - Attr not supported : Dmpu
2024-08-13 17:26:32,301 [ERROR] ConditionMgr:805 - Attr not supported : Dmpu
2024-08-13 17:26:32,301 [ERROR] ConditionMgr:805 - Attr not supported : Dmpu
2024-08-13 17:26:32,301 [ERROR] ConditionMgr:805 - Attr not supported : Dmpu
2024-08-13 17:26:32,301 [ERROR] ConditionMgr:805 - Attr not supported : Dmpu
2024-08-13 17:26:32,301 [ERROR] ConditionMgr:805 - Attr not supported : Dmpu
2024-08-13 17:26:32,301 [ERROR] ConditionMgr:805 - Attr not supported : Dmpu
2024-08-13 17:26:32,301 [ERROR] ConditionMgr:805 - Attr not supported : Dmpu
2024-08-13 17:26:32,301 [ERROR] ConditionMgr:805 - Attr not supported : Dmpu
2024-08-13 17:26:32,301 [ERROR] ConditionMgr:805 - Attr not supported : Dmpu
2024-08-13 17:26:32,301 [ERROR] ConditionMgr:805 - Attr not supported : Dmpu
2024-08-13 17:26:32,301 [ERROR] ConditionMgr:805 - Attr not supported : Dmpu
2024-08-13 17:26:32,302 [ERROR] ConditionMgr:805 - Attr not supported : Dmpu
2024-08-13 17:26:32,302 [ERROR] ConditionMgr:805 - Attr not supported : Dmpu
2024-08-13 17:26:32,302 [ERROR] ConditionMgr:805 - Attr not supported : Dmpu
2024-08-13 17:26:32,303 [ERROR] ConditionMgr:805 - Attr not supported : Dmpu
2024-08-13 17:26:32,303 [ERROR] ConditionMgr:805 - Attr not supported : Dmpu
2024-08-13 17:26:32,303 [ERROR] ConditionMgr:805 - Attr not supported : Dmpu
2024-08-13 17:26:32,303 [ERROR] ConditionMgr:805 - Attr not supported : Dmpu
2024-08-13 17:26:32,303 [ERROR] ConditionMgr:805 - Attr not supported : Dmpu
2024-08-13 17:26:32,304 [ERROR] ConditionMgr:805 - Attr not supported : Dmpu
2024-08-13 17:26:32,304 [ERROR] ConditionMgr:805 - Attr not supported : Dmpu
2024-08-13 17:26:32,304 [ERROR] ConditionMgr:805 - Attr not supported : Dmpu
2024-08-13 17:26:32,304 [ERROR] ConditionMgr:805 - Attr not supported : Dmpu
2024-08-13 17:26:32,304 [ERROR] ConditionMgr:805 - Attr not supported : Dmpu
2024-08-13 17:26:32,304 [ERROR] ConditionMgr:805 - Attr not supported : Dmpu
2024-08-13 17:26:32,304 [ERROR] ConditionMgr:805 - Attr not supported : Dmpu
2024-08-13 17:26:32,304 [ERROR] ConditionMgr:805 - Attr not supported : Dmpu
2024-08-13 17:26:32,305 [ERROR] ConditionMgr:805 - Attr not supported : Dmpu
2024-08-13 17:26:32,305 [ERROR] ConditionMgr:805 - Attr not supported : Dmpu
2024-08-13 17:26:32,305 [ERROR] ConditionMgr:805 - Attr not supported : Dmpu
2024-08-13 17:26:32,305 [ERROR] ConditionMgr:805 - Attr not supported : Dmpu
2024-08-13 17:26:32,305 [ERROR] ConditionMgr:805 - Attr not supported : Dmpu
2024-08-13 17:26:32,305 [ERROR] ConditionMgr:805 - Attr not supported : Dmpu
2024-08-13 17:26:32,305 [ERROR] ConditionMgr:805 - Attr not supported : Dmpu
2024-08-13 17:26:32,305 [ERROR] ConditionMgr:805 - Attr not supported : Dmpu
2024-08-13 17:26:32,306 [ERROR] ConditionMgr:805 - Attr not supported : Dmpu
2024-08-13 17:26:32,306 [ERROR] ConditionMgr:805 - Attr not supported : Dmpu
2024-08-13 17:26:32,306 [ERROR] ConditionMgr:805 - Attr not supported : Dmpu
2024-08-13 17:26:32,306 [ERROR] ConditionMgr:805 - Attr not supported : Dmpu
2024-08-13 17:26:32,306 [ERROR] ConditionMgr:805 - Attr not supported : Dmpu
2024-08-13 17:26:32,306 [ERROR] ConditionMgr:805 - Attr not supported : Dmpu
2024-08-13 17:26:32,306 [ERROR] ConditionMgr:805 - Attr not supported : Dmpu
2024-08-13 17:26:32,306 [ERROR] ConditionMgr:805 - Attr not supported : Dmpu
2024-08-13 17:26:32,306 [ERROR] ConditionMgr:805 - Attr not supported : Dmpu
2024-08-13 17:26:32,307 [ERROR] ConditionMgr:805 - Attr not supported : Dmpu
2024-08-13 17:26:32,307 [ERROR] ConditionMgr:805 - Attr not supported : Dmpu
2024-08-13 17:26:32,307 [ERROR] ConditionMgr:805 - Attr not supported : Dmpu
2024-08-13 17:26:32,307 [ERROR] ConditionMgr:805 - Attr not supported : Dmpu
2024-08-13 17:26:32,307 [ERROR] ConditionMgr:805 - Attr not supported : Dmpu
2024-08-13 17:26:32,307 [ERROR] ConditionMgr:805 - Attr not supported : Dmpu
2024-08-13 17:26:32,307 [ERROR] ConditionMgr:805 - Attr not supported : Dmpu
2024-08-13 17:26:32,318 [WARN] PackLoader:240 - Cannot read IP mode file for RealThread.X-CUBE-RT-Thread_Nano.4.1.1
2024-08-13 17:26:32,326 [WARN] PackLoader:240 - Cannot read IP mode file for wolfSSL.I-CUBE-wolfSSL.5.7.0
2024-08-13 17:26:32,333 [WARN] PackLoader:240 - Cannot read IP mode file for STMicroelectronics.FP-ATR-SIGFOX1.3.2.0
2024-08-13 17:26:32,344 [WARN] PackLoader:240 - Cannot read IP mode file for STMicroelectronics.X-CUBE-EEPRMA1.5.1.0
2024-08-13 17:26:32,358 [WARN] PackLoader:240 - Cannot read IP mode file for ITTIA_DB.I-CUBE-ITTIADB.8.9.0
2024-08-13 17:26:32,411 [WARN] PackLoader:240 - Cannot read IP mode file for SEGGER.I-CUBE-embOS.1.3.1
2024-08-13 17:26:32,481 [WARN] PackLoader:240 - Cannot read IP mode file for STMicroelectronics.X-CUBE-ALGOBUILD.1.4.0
2024-08-13 17:26:32,499 [WARN] PackLoader:240 - Cannot read IP mode file for STMicroelectronics.X-CUBE-GNSS1.6.0.0
2024-08-13 17:26:32,524 [WARN] PackLoader:240 - Cannot read IP mode file for STMicroelectronics.X-CUBE-AZRTOS-F4.1.1.0
2024-08-13 17:26:32,534 [WARN] PackLoader:240 - Cannot read IP mode file for STMicroelectronics.X-CUBE-FREERTOS.1.2.0
2024-08-13 17:26:32,557 [WARN] PackLoader:240 - Cannot read IP mode file for STMicroelectronics.X-CUBE-AZRTOS-L5.2.0.0
2024-08-13 17:26:32,568 [WARN] PackLoader:240 - Cannot read IP mode file for STMicroelectronics.X-CUBE-NFC6.3.1.0
2024-08-13 17:26:32,576 [WARN] PackLoader:240 - Cannot read IP mode file for STMicroelectronics.X-CUBE-DPower.1.2.0
2024-08-13 17:26:32,582 [WARN] PackLoader:240 - Cannot read IP mode file for STMicroelectronics.X-CUBE-AI.9.0.0
2024-08-13 17:26:32,588 [WARN] PackLoader:240 - Cannot read IP mode file for STMicroelectronics.X-CUBE-NFC7.1.0.1
2024-08-13 17:26:32,593 [WARN] PackLoader:240 - Cannot read IP mode file for wolfSSL.I-CUBE-wolfTPM.3.2.0
2024-08-13 17:26:32,598 [WARN] PackLoader:240 - Cannot read IP mode file for STMicroelectronics.X-CUBE-AI.8.1.0
2024-08-13 17:26:32,618 [WARN] ConditionMgr:438 - getConditionDescription Invalid condition id : LAN8742 Phy interface Condition cause : null
2024-08-13 17:26:32,619 [WARN] PackLoader:240 - Cannot read IP mode file for STMicroelectronics.X-CUBE-AZRTOS-L4.2.0.0
2024-08-13 17:26:32,620 [WARN] ConditionMgr:1039 - genDependencies : Invalid condition id : LAN8742 Phy interface Condition cause : null
2024-08-13 17:26:32,621 [WARN] ConditionMgr:1039 - genDependencies : Invalid condition id : LAN8742 Phy interface Condition cause : null
2024-08-13 17:26:32,622 [WARN] ConditionMgr:1039 - genDependencies : Invalid condition id : LAN8742 Phy interface Condition cause : null
2024-08-13 17:26:32,633 [WARN] PackLoader:240 - Cannot read IP mode file for STMicroelectronics.X-CUBE-SFXS2LP1.4.0.0
2024-08-13 17:26:32,650 [WARN] ConditionMgr:438 - getConditionDescription Invalid condition id : UX DEVICE CLASS RTOS Condition cause : null
2024-08-13 17:26:32,651 [WARN] ConditionMgr:438 - getConditionDescription Invalid condition id : UX DEVICE CLASS RTOS Condition cause : null
2024-08-13 17:26:32,653 [WARN] PackLoader:240 - Cannot read IP mode file for STMicroelectronics.X-CUBE-AZRTOS-WB.2.0.0
2024-08-13 17:26:32,654 [WARN] ConditionMgr:1039 - genDependencies : Invalid condition id : UX DEVICE CLASS RTOS Condition cause : null
2024-08-13 17:26:32,654 [WARN] ConditionMgr:1039 - genDependencies : Invalid condition id : UX DEVICE CLASS RTOS Condition cause : null
2024-08-13 17:26:32,654 [WARN] ConditionMgr:1039 - genDependencies : Invalid condition id : UX DEVICE CLASS RTOS Condition cause : null
2024-08-13 17:26:32,655 [WARN] ConditionMgr:1039 - genDependencies : Invalid condition id : UX DEVICE CLASS RTOS Condition cause : null
2024-08-13 17:26:32,655 [WARN] ConditionMgr:1039 - genDependencies : Invalid condition id : UX DEVICE CLASS RTOS Condition cause : null
2024-08-13 17:26:32,664 [WARN] PackLoader:240 - Cannot read IP mode file for STMicroelectronics.FP-SNS-STBOX1.2.0.0
2024-08-13 17:26:32,684 [WARN] PackLoader:240 - Cannot read IP mode file for STMicroelectronics.X-CUBE-SUBG2.5.0.0
2024-08-13 17:26:32,706 [WARN] PackLoader:240 - Cannot read IP mode file for Cesanta.I-CUBE-Mongoose.7.13.0
2024-08-13 17:26:32,748 [WARN] PackLoader:240 - Cannot read IP mode file for STMicroelectronics.X-CUBE-AZRTOS-G4.2.0.0
2024-08-13 17:26:32,760 [WARN] PackLoader:240 - Cannot read IP mode file for STMicroelectronics.FP-SNS-MOTENVWB1.1.3.1
2024-08-13 17:26:32,768 [WARN] PackLoader:240 - Cannot read IP mode file for STMicroelectronics.X-CUBE-ISPU.2.0.0
2024-08-13 17:26:32,776 [WARN] PackLoader:240 - Cannot read IP mode file for STMicroelectronics.X-CUBE-ALS.1.0.2
2024-08-13 17:26:32,848 [WARN] PackLoader:240 - Cannot read IP mode file for STMicroelectronics.X-CUBE-MEMS1.10.0.0
2024-08-13 17:26:33,122 [WARN] PackLoader:240 - Cannot read IP mode file for STMicroelectronics.X-CUBE-FREERTOS.1.1.0
2024-08-13 17:26:33,128 [WARN] PackLoader:240 - Cannot read IP mode file for STMicroelectronics.X-CUBE-TOUCHGFX.4.24.0
2024-08-13 17:26:33,143 [WARN] PackLoader:240 - Cannot read IP mode file for portGmbH.I-Cube-SoM-uGOAL.1.1.0
2024-08-13 17:26:33,152 [WARN] PackLoader:240 - Cannot read IP mode file for STMicroelectronics.X-CUBE-ALS.1.0.1
2024-08-13 17:26:33,187 [WARN] PackLoader:240 - Cannot read IP mode file for STMicroelectronics.X-CUBE-AZRTOS-H7RS.1.0.0
2024-08-13 17:26:33,201 [WARN] PackLoader:240 - Cannot read IP mode file for STMicroelectronics.FP-ATR-ASTRA1.2.0.0
2024-08-13 17:26:33,225 [WARN] PackLoader:240 - Cannot read IP mode file for STMicroelectronics.X-CUBE-TOF1.3.4.2
2024-08-13 17:26:33,252 [WARN] PackLoader:240 - Cannot read IP mode file for STMicroelectronics.X-CUBE-TOF1.3.4.1
2024-08-13 17:26:33,261 [INFO] WebApp:448 - Apply proxy settings
2024-08-13 17:26:33,262 [INFO] WebApp:533 - Chromium requires no authentication
2024-08-13 17:26:33,289 [INFO] WebApp:476 - Direct internet connection detected
2024-08-13 17:26:33,295 [WARN] PackLoader:240 - Cannot read IP mode file for STMicroelectronics.X-CUBE-AZRTOS-H7.3.2.0
2024-08-13 17:26:33,325 [WARN] PackLoader:240 - Cannot read IP mode file for Infineon.AIROC-Wi-Fi-Bluetooth-STM32.1.6.0
2024-08-13 17:26:33,338 [WARN] PackLoader:240 - Cannot read IP mode file for wolfSSL.I-CUBE-wolfSSH.1.4.17
2024-08-13 17:26:33,339 [INFO] ThirdParty:978 - Integrity check success = true
2024-08-13 17:26:33,339 [INFO] IntegrityCheckThread:100 - exiting critical section [integrity check]
2024-08-13 17:26:33,339 [INFO] IntegrityCheckThread:103 - End integrity checks thread
2024-08-13 17:26:33,351 [INFO] WebApp:869 - Register for checkConnection events
2024-08-13 17:26:33,352 [INFO] WebApp:448 - Apply proxy settings
2024-08-13 17:26:33,352 [INFO] WebApp:533 - Chromium requires no authentication
2024-08-13 17:26:33,353 [INFO] WebApp:476 - Direct internet connection detected
2024-08-13 17:26:33,665 [INFO] WebApp:186 - Connection restablished
2024-08-13 17:26:34,101 [INFO] WebApp:220 - Starting web application
2024-08-13 17:26:34,102 [INFO] WebApp:578 - Web application path used C:\ST\STM32CubeIDE_1.4.0\STM32CubeIDE\plugins\com.st.stm32cube.common.mx_6.12.0.202406281431\db\plugins\mcufinder\reactClient1\index.html
2024-08-13 17:26:34,487 [INFO] UserAuth:417 - Internet connection configuration mode: 1
2024-08-13 17:26:35,503 [ERROR] LogOutputStream:75 - [STDERR_REDIRECT] 
