2024-09-11 15:05:16,919 [INFO] Activator:176 - 


2024-09-11 15:05:16,927 [INFO] Activator:177 - !SESSION log4j initialized
2024-09-11 15:05:26,352 [INFO] LogOutputStream:77 - [STDOUT_REDIRECT] 
2024-09-11 15:05:27,939 [INFO] ApplicationProperties:184 - Using Application install path: C:\ST\STM32CubeIDE_1.4.0\STM32CubeIDE\plugins\com.st.stm32cube.common.mx_6.12.0.202406281431
2024-09-11 15:05:27,965 [INFO] DbMcusXml:78 - Set database path to: C:\ST\STM32CubeIDE_1.4.0\STM32CubeIDE\plugins\com.st.stm32cube.common.mx_6.12.0.202406281431\\db\/mcu/
2024-09-11 15:05:27,966 [INFO] ApiDb:274 - Set plugin database path to: C:\ST\STM32CubeIDE_1.4.0\STM32CubeIDE\plugins\com.st.stm32cube.common.mx_6.12.0.202406281431\\db\/plugins/boardmanager/
2024-09-11 15:05:27,968 [WARN] ApiDb:259 - Overriding images path with different value:  => C:\ST\STM32CubeIDE_1.4.0\STM32CubeIDE\plugins\com.st.stm32cube.common.mx_6.12.0.202406281431\\db\/plugins/mcufinder/images/
2024-09-11 15:05:27,988 [INFO] ApiDb:250 - Set database path to: C:\Users\Abhishek\.stmcufinder\plugins\mcufinder//mcu/
2024-09-11 15:05:27,989 [INFO] DbMcusAds:125 - Set database path to: C:\Users\Abhishek\.stmcufinder\plugins\mcufinder//mcu/
2024-09-11 15:05:27,994 [INFO] CrossReferenceDbSqlite:203 - Set database path to: C:\Users\Abhishek\.stmcufinder\plugins\mcufinder//mcu/cs/
2024-09-11 15:05:28,137 [INFO] RulesReader:64 - Compatibility file has been processed (297 Rules)
2024-09-11 15:05:28,287 [INFO] DbMcusXml:78 - Set database path to: C:\ST\STM32CubeIDE_1.4.0\STM32CubeIDE\plugins\com.st.stm32cube.common.mx_6.12.0.202406281431\\db\/mcu/
2024-09-11 15:05:28,288 [INFO] ApiDb:274 - Set plugin database path to: C:\ST\STM32CubeIDE_1.4.0\STM32CubeIDE\plugins\com.st.stm32cube.common.mx_6.12.0.202406281431\\db\/plugins/boardmanager/
2024-09-11 15:05:28,288 [INFO] ApiDb:261 - Set plugin images path to: C:\ST\STM32CubeIDE_1.4.0\STM32CubeIDE\plugins\com.st.stm32cube.common.mx_6.12.0.202406281431\\db\/plugins/mcufinder/images/
2024-09-11 15:05:28,288 [WARN] DbFile:41 - Overriding database path with different value: C:\Users\Abhishek\.stmcufinder\plugins\mcufinder/ => C:\Users\Abhishek\.stmcufinder\plugins\mcufinder
2024-09-11 15:05:28,288 [INFO] ApiDb:250 - Set database path to: C:\Users\Abhishek\.stmcufinder\plugins\mcufinder//mcu/
2024-09-11 15:05:28,288 [WARN] DbFile:41 - Overriding database path with different value: C:\Users\Abhishek\.stmcufinder\plugins\mcufinder/ => C:\Users\Abhishek\.stmcufinder\plugins\mcufinder
2024-09-11 15:05:28,288 [INFO] DbMcusAds:125 - Set database path to: C:\Users\Abhishek\.stmcufinder\plugins\mcufinder//mcu/
2024-09-11 15:05:28,288 [WARN] DbFile:41 - Overriding database path with different value: C:\Users\Abhishek\.stmcufinder\plugins\mcufinder/ => C:\Users\Abhishek\.stmcufinder\plugins\mcufinder
2024-09-11 15:05:28,288 [WARN] DbFile:41 - Overriding database path with different value: C:\Users\Abhishek\.stmcufinder\plugins\mcufinder/ => C:\Users\Abhishek\.stmcufinder\plugins\mcufinder
2024-09-11 15:05:28,289 [INFO] CrossReferenceDbSqlite:203 - Set database path to: C:\Users\Abhishek\.stmcufinder\plugins\mcufinder//mcu/cs/
2024-09-11 15:05:28,433 [INFO] MainPanel:268 - HeapMemory: 268435456
2024-09-11 15:05:28,652 [INFO] DbMcusXml:78 - Set database path to: C:\ST\STM32CubeIDE_1.4.0\STM32CubeIDE\plugins\com.st.stm32cube.common.mx_6.12.0.202406281431\\db\/mcu/
2024-09-11 15:05:28,652 [INFO] ApiDb:274 - Set plugin database path to: C:\ST\STM32CubeIDE_1.4.0\STM32CubeIDE\plugins\com.st.stm32cube.common.mx_6.12.0.202406281431\\db\/plugins/boardmanager/
2024-09-11 15:05:28,652 [INFO] ApiDb:261 - Set plugin images path to: C:\ST\STM32CubeIDE_1.4.0\STM32CubeIDE\plugins\com.st.stm32cube.common.mx_6.12.0.202406281431\\db\/plugins/mcufinder/images/
2024-09-11 15:05:28,652 [WARN] DbFile:41 - Overriding database path with different value: C:\Users\Abhishek\.stmcufinder\plugins\mcufinder/ => C:\Users\Abhishek\.stmcufinder\plugins\mcufinder
2024-09-11 15:05:28,652 [INFO] ApiDb:250 - Set database path to: C:\Users\Abhishek\.stmcufinder\plugins\mcufinder//mcu/
2024-09-11 15:05:28,653 [WARN] DbFile:41 - Overriding database path with different value: C:\Users\Abhishek\.stmcufinder\plugins\mcufinder/ => C:\Users\Abhishek\.stmcufinder\plugins\mcufinder
2024-09-11 15:05:28,653 [INFO] DbMcusAds:125 - Set database path to: C:\Users\Abhishek\.stmcufinder\plugins\mcufinder//mcu/
2024-09-11 15:05:28,653 [WARN] DbFile:41 - Overriding database path with different value: C:\Users\Abhishek\.stmcufinder\plugins\mcufinder/ => C:\Users\Abhishek\.stmcufinder\plugins\mcufinder
2024-09-11 15:05:28,653 [WARN] DbFile:41 - Overriding database path with different value: C:\Users\Abhishek\.stmcufinder\plugins\mcufinder/ => C:\Users\Abhishek\.stmcufinder\plugins\mcufinder
2024-09-11 15:05:28,653 [INFO] CrossReferenceDbSqlite:203 - Set database path to: C:\Users\Abhishek\.stmcufinder\plugins\mcufinder//mcu/cs/
2024-09-11 15:05:28,689 [INFO] ApplicationProperties:184 - Using Application install path: C:\ST\STM32CubeIDE_1.4.0\STM32CubeIDE\plugins\com.st.stm32cube.common.mx_6.12.0.202406281431
2024-09-11 15:05:28,690 [INFO] PluginManage:196 - Search for loadable plugins [exclusion list=, ]
2024-09-11 15:05:28,693 [INFO] PluginManage:310 - Check plugin analytics
2024-09-11 15:05:28,926 [INFO] AnalyticsPlugin:253 - Accepted Software Licenses: STM32CubeMX.6.1.0,STM32CubeMX.6.4.0,STM32CubeMX.6.2.0,STM32CubeMX.6.10.0
2024-09-11 15:05:28,926 [INFO] AnalyticsPlugin:255 - Accepted CMSIS Pack Licenses: 
2024-09-11 15:05:28,927 [INFO] AnalyticsPlugin:257 - Accepted Firmware Licenses: 
2024-09-11 15:05:28,930 [INFO] PluginManage:359 - Loaded plugin analytics (category:tool,tabindex:-1)
2024-09-11 15:05:28,930 [INFO] PluginManage:310 - Check plugin cadmodel
2024-09-11 15:05:28,944 [INFO] CADModel:105 - Init CAD model plugin
2024-09-11 15:05:28,944 [INFO] PluginManage:359 - Loaded plugin cadmodel (category:power,tabindex:5)
2024-09-11 15:05:28,944 [INFO] PluginManage:310 - Check plugin clock
2024-09-11 15:05:28,964 [INFO] PluginManage:359 - Loaded plugin clock (category:base,tabindex:2)
2024-09-11 15:05:28,964 [INFO] PluginManage:310 - Check plugin ddr
2024-09-11 15:05:28,970 [INFO] PluginManage:359 - Loaded plugin ddr (category:tool,tabindex:6)
2024-09-11 15:05:28,970 [INFO] PluginManage:310 - Check plugin filemanager
2024-09-11 15:05:29,139 [INFO] PluginManage:359 - Loaded plugin filemanager (category:base,tabindex:10)
2024-09-11 15:05:29,139 [INFO] PluginManage:310 - Check plugin ipmanager
2024-09-11 15:05:29,149 [INFO] PluginManage:359 - Loaded plugin ipmanager (category:base,tabindex:5)
2024-09-11 15:05:29,150 [INFO] PluginManage:310 - Check plugin lpbam
2024-09-11 15:05:29,181 [INFO] PluginManage:359 - Loaded plugin lpbam (category:base,tabindex:0)
2024-09-11 15:05:29,181 [INFO] PluginManage:310 - Check plugin memorymap
2024-09-11 15:05:29,216 [INFO] PluginManage:359 - Loaded plugin memorymap (category:base,tabindex:4)
2024-09-11 15:05:29,216 [INFO] PluginManage:310 - Check plugin pinoutandconfiguration
2024-09-11 15:05:29,233 [INFO] PluginManage:359 - Loaded plugin pinoutandconfiguration (category:base,tabindex:1)
2024-09-11 15:05:29,233 [INFO] PluginManage:310 - Check plugin pinoutconfig
2024-09-11 15:05:29,423 [WARN] SupportedApi:132 - Cannot load RTOS API schema: s4s-elt-must-match.1: The content of 'definitions' must match (annotation?, (simpleType | complexType)?, (unique | key | keyref)*)). A problem was found starting at: attribute.
2024-09-11 15:05:29,633 [INFO] PluginManage:359 - Loaded plugin pinoutconfig (category:base,tabindex:0)
2024-09-11 15:05:29,633 [INFO] PluginManage:310 - Check plugin power
2024-09-11 15:05:29,651 [INFO] PluginManage:359 - Loaded plugin power (category:power,tabindex:4)
2024-09-11 15:05:29,651 [INFO] PluginManage:310 - Check plugin projectmanager
2024-09-11 15:05:29,669 [INFO] PluginManage:359 - Loaded plugin projectmanager (category:projectmanager,tabindex:4)
2024-09-11 15:05:29,669 [INFO] PluginManage:310 - Check plugin rif
2024-09-11 15:05:29,735 [INFO] PluginManage:359 - Loaded plugin rif (category:base,tabindex:3)
2024-09-11 15:05:29,736 [INFO] PluginManage:310 - Check plugin thirdparty
2024-09-11 15:05:29,940 [INFO] PluginManage:359 - Loaded plugin thirdparty (category:base,tabindex:-1)
2024-09-11 15:05:29,940 [WARN] IntegrityCheckThread:84 - waiting for thirdparty lock release [integrity check]
2024-09-11 15:05:29,940 [INFO] PluginManage:310 - Check plugin tools
2024-09-11 15:05:29,940 [INFO] IntegrityCheckThread:86 - entering critical section [integrity check]
2024-09-11 15:05:29,941 [INFO] ThirdPartyUpdaterWithRetryManager:70 - Updater plugin not ready yet. [1/15]
2024-09-11 15:05:29,946 [INFO] PluginManage:359 - Loaded plugin tools (category:base,tabindex:7)
2024-09-11 15:05:29,946 [INFO] PluginManage:310 - Check plugin tutovideos
2024-09-11 15:05:30,196 [INFO] PluginManage:359 - Loaded plugin tutovideos (category:base,tabindex:-1)
2024-09-11 15:05:30,196 [INFO] PluginManage:310 - Check plugin updater
2024-09-11 15:05:30,215 [INFO] PluginManage:359 - Loaded plugin updater (category:base,tabindex:12)
2024-09-11 15:05:30,215 [INFO] PluginManage:310 - Check plugin userauth
2024-09-11 15:05:30,223 [INFO] UserAuth:113 - Init User Auth plugin
2024-09-11 15:05:30,223 [INFO] PluginManage:359 - Loaded plugin userauth (category:base,tabindex:14)
2024-09-11 15:05:30,225 [INFO] PluginManage:283 - PluginManage : Loaded plugins [18]
2024-09-11 15:05:30,485 [INFO] PinOutPanel:1561 - setPackage(No Configuration,No Configuration)
2024-09-11 15:05:30,606 [INFO] CADModel:165 - CPN selected for project level
2024-09-11 15:05:30,606 [INFO] CADModel:114 - Register for checkConnection events
2024-09-11 15:05:30,634 [INFO] IPUIPlugin:80 - create IPUIPlugin
2024-09-11 15:05:30,634 [INFO] PluginManager:220 - loadIPPluginJar : add adc
2024-09-11 15:05:30,640 [INFO] IPUIPlugin:80 - create IPUIPlugin
2024-09-11 15:05:30,640 [INFO] PluginManager:220 - loadIPPluginJar : add aes
2024-09-11 15:05:30,646 [INFO] IPUIPlugin:80 - create IPUIPlugin
2024-09-11 15:05:30,646 [INFO] PluginManager:220 - loadIPPluginJar : add can
2024-09-11 15:05:30,650 [INFO] IPUIPlugin:80 - create IPUIPlugin
2024-09-11 15:05:30,650 [INFO] PluginManager:220 - loadIPPluginJar : add comp
2024-09-11 15:05:30,655 [INFO] IPUIPlugin:80 - create IPUIPlugin
2024-09-11 15:05:30,655 [INFO] PluginManager:220 - loadIPPluginJar : add cryp
2024-09-11 15:05:30,662 [INFO] IPUIPlugin:80 - create IPUIPlugin
2024-09-11 15:05:30,662 [INFO] PluginManager:220 - loadIPPluginJar : add ddr_ctrl_phy
2024-09-11 15:05:30,667 [INFO] IPUIPlugin:80 - create IPUIPlugin
2024-09-11 15:05:30,667 [INFO] PluginManager:220 - loadIPPluginJar : add dfsdm
2024-09-11 15:05:30,680 [INFO] IPUIPlugin:80 - create IPUIPlugin
2024-09-11 15:05:30,681 [INFO] PluginManager:220 - loadIPPluginJar : add dma
2024-09-11 15:05:30,686 [INFO] IPUIPlugin:80 - create IPUIPlugin
2024-09-11 15:05:30,686 [INFO] PluginManager:220 - loadIPPluginJar : add dma3
2024-09-11 15:05:30,692 [INFO] IPUIPlugin:80 - create IPUIPlugin
2024-09-11 15:05:30,692 [INFO] PluginManager:220 - loadIPPluginJar : add extmemmanager
2024-09-11 15:05:30,697 [INFO] IPUIPlugin:80 - create IPUIPlugin
2024-09-11 15:05:30,697 [INFO] PluginManager:220 - loadIPPluginJar : add fatfs
2024-09-11 15:05:30,705 [INFO] IPUIPlugin:80 - create IPUIPlugin
2024-09-11 15:05:30,705 [INFO] PluginManager:220 - loadIPPluginJar : add fmc
2024-09-11 15:05:30,752 [INFO] IPUIPlugin:80 - create IPUIPlugin
2024-09-11 15:05:30,752 [INFO] PluginManager:220 - loadIPPluginJar : add freertos
2024-09-11 15:05:30,757 [INFO] IPUIPlugin:80 - create IPUIPlugin
2024-09-11 15:05:30,757 [INFO] PluginManager:220 - loadIPPluginJar : add genericplugin
2024-09-11 15:05:30,766 [INFO] IPUIPlugin:80 - create IPUIPlugin
2024-09-11 15:05:30,766 [INFO] PluginManager:220 - loadIPPluginJar : add gfxmmu
2024-09-11 15:05:30,778 [INFO] IPUIPlugin:80 - create IPUIPlugin
2024-09-11 15:05:30,778 [INFO] PluginManager:220 - loadIPPluginJar : add gic
2024-09-11 15:05:30,796 [INFO] IPUIPlugin:80 - create IPUIPlugin
2024-09-11 15:05:30,796 [INFO] PluginManager:220 - loadIPPluginJar : add gpio
2024-09-11 15:05:30,807 [INFO] IPUIPlugin:80 - create IPUIPlugin
2024-09-11 15:05:30,807 [INFO] PluginManager:220 - loadIPPluginJar : add gtzc
2024-09-11 15:05:30,813 [INFO] IPUIPlugin:80 - create IPUIPlugin
2024-09-11 15:05:30,813 [INFO] PluginManager:220 - loadIPPluginJar : add hash
2024-09-11 15:05:30,820 [INFO] IPUIPlugin:80 - create IPUIPlugin
2024-09-11 15:05:30,820 [INFO] PluginManager:220 - loadIPPluginJar : add i2c
2024-09-11 15:05:30,827 [INFO] IPUIPlugin:80 - create IPUIPlugin
2024-09-11 15:05:30,827 [INFO] PluginManager:220 - loadIPPluginJar : add i2s
2024-09-11 15:05:30,833 [INFO] IPUIPlugin:80 - create IPUIPlugin
2024-09-11 15:05:30,833 [INFO] PluginManager:220 - loadIPPluginJar : add i3c
2024-09-11 15:05:30,842 [INFO] IPUIPlugin:80 - create IPUIPlugin
2024-09-11 15:05:30,842 [INFO] PluginManager:220 - loadIPPluginJar : add ipddr
2024-09-11 15:05:30,858 [INFO] IPUIPlugin:80 - create IPUIPlugin
2024-09-11 15:05:30,858 [INFO] PluginManager:220 - loadIPPluginJar : add linkedlist
2024-09-11 15:05:30,864 [INFO] IPUIPlugin:80 - create IPUIPlugin
2024-09-11 15:05:30,864 [INFO] PluginManager:220 - loadIPPluginJar : add lorawan
2024-09-11 15:05:30,869 [INFO] IPUIPlugin:80 - create IPUIPlugin
2024-09-11 15:05:30,869 [INFO] PluginManager:220 - loadIPPluginJar : add ltdc
2024-09-11 15:05:30,888 [INFO] IPUIPlugin:80 - create IPUIPlugin
2024-09-11 15:05:30,888 [INFO] PluginManager:220 - loadIPPluginJar : add mdma
2024-09-11 15:05:30,905 [INFO] IPUIPlugin:80 - create IPUIPlugin
2024-09-11 15:05:30,905 [INFO] PluginManager:220 - loadIPPluginJar : add nvic
2024-09-11 15:05:30,911 [INFO] IPUIPlugin:80 - create IPUIPlugin
2024-09-11 15:05:30,911 [INFO] PluginManager:220 - loadIPPluginJar : add opamp
2024-09-11 15:05:30,918 [INFO] IPUIPlugin:80 - create IPUIPlugin
2024-09-11 15:05:30,918 [INFO] PluginManager:220 - loadIPPluginJar : add openamp
2024-09-11 15:05:30,925 [INFO] IPUIPlugin:80 - create IPUIPlugin
2024-09-11 15:05:30,926 [INFO] PluginManager:220 - loadIPPluginJar : add pdm2pcm
2024-09-11 15:05:30,943 [INFO] IPUIPlugin:80 - create IPUIPlugin
2024-09-11 15:05:30,946 [INFO] PluginManager:220 - loadIPPluginJar : add plateformsettings
2024-09-11 15:05:30,950 [INFO] IPUIPlugin:80 - create IPUIPlugin
2024-09-11 15:05:30,950 [INFO] PluginManager:220 - loadIPPluginJar : add quadspi
2024-09-11 15:05:30,955 [INFO] IPUIPlugin:80 - create IPUIPlugin
2024-09-11 15:05:30,955 [INFO] PluginManager:220 - loadIPPluginJar : add radio
2024-09-11 15:05:31,000 [INFO] IPUIPlugin:80 - create IPUIPlugin
2024-09-11 15:05:31,000 [INFO] PluginManager:220 - loadIPPluginJar : add resmgrutility
2024-09-11 15:05:31,007 [INFO] IPUIPlugin:80 - create IPUIPlugin
2024-09-11 15:05:31,007 [INFO] PluginManager:220 - loadIPPluginJar : add sai
2024-09-11 15:05:31,013 [INFO] IPUIPlugin:80 - create IPUIPlugin
2024-09-11 15:05:31,013 [INFO] PluginManager:220 - loadIPPluginJar : add spi
2024-09-11 15:05:31,024 [INFO] IPUIPlugin:80 - create IPUIPlugin
2024-09-11 15:05:31,024 [INFO] PluginManager:220 - loadIPPluginJar : add stm32_wpan
2024-09-11 15:05:31,031 [INFO] IPUIPlugin:80 - create IPUIPlugin
2024-09-11 15:05:31,031 [INFO] PluginManager:220 - loadIPPluginJar : add tim
2024-09-11 15:05:31,040 [INFO] IPUIPlugin:80 - create IPUIPlugin
2024-09-11 15:05:31,040 [INFO] PluginManager:220 - loadIPPluginJar : add touchsensing
2024-09-11 15:05:31,045 [INFO] IPUIPlugin:80 - create IPUIPlugin
2024-09-11 15:05:31,046 [INFO] PluginManager:220 - loadIPPluginJar : add tracer_emb
2024-09-11 15:05:31,051 [INFO] IPUIPlugin:80 - create IPUIPlugin
2024-09-11 15:05:31,051 [INFO] PluginManager:220 - loadIPPluginJar : add ts
2024-09-11 15:05:31,056 [INFO] IPUIPlugin:80 - create IPUIPlugin
2024-09-11 15:05:31,056 [INFO] PluginManager:220 - loadIPPluginJar : add tsc
2024-09-11 15:05:31,061 [INFO] IPUIPlugin:80 - create IPUIPlugin
2024-09-11 15:05:31,061 [INFO] PluginManager:220 - loadIPPluginJar : add ucpd
2024-09-11 15:05:31,067 [INFO] IPUIPlugin:80 - create IPUIPlugin
2024-09-11 15:05:31,067 [INFO] PluginManager:220 - loadIPPluginJar : add usart
2024-09-11 15:05:31,074 [INFO] IPUIPlugin:80 - create IPUIPlugin
2024-09-11 15:05:31,074 [INFO] PluginManager:220 - loadIPPluginJar : add usbx
2024-09-11 15:05:31,218 [INFO] CADModel:165 - CPN selected for project level
2024-09-11 15:05:31,218 [INFO] CADModel:114 - Register for checkConnection events
2024-09-11 15:05:31,219 [FATAL] Updater:334 - Updater called before beeing initialized
2024-09-11 15:05:31,219 [ERROR] CADModel:125 - Updater not yet initialized, retry later 
2024-09-11 15:05:31,408 [INFO] CADModel:165 - CPN selected for project level
2024-09-11 15:05:31,408 [INFO] CADModel:114 - Register for checkConnection events
2024-09-11 15:05:31,408 [FATAL] Updater:334 - Updater called before beeing initialized
2024-09-11 15:05:31,408 [ERROR] CADModel:125 - Updater not yet initialized, retry later 
2024-09-11 15:05:31,413 [FATAL] Updater:334 - Updater called before beeing initialized
2024-09-11 15:05:31,551 [FATAL] Updater:334 - Updater called before beeing initialized
2024-09-11 15:05:31,559 [INFO] DbMcusAds:53 - JSON generation date=Thu May 16 14:52:00 IST 2024 (1715851320667)
2024-09-11 15:05:31,560 [FATAL] Updater:334 - Updater called before beeing initialized
2024-09-11 15:05:31,621 [WARN] DetailPanel:346 - Failed to get advertising image, set to default
2024-09-11 15:05:31,758 [FATAL] Updater:334 - Updater called before beeing initialized
2024-09-11 15:05:31,760 [FATAL] Updater:334 - Updater called before beeing initialized
2024-09-11 15:05:31,760 [FATAL] Updater:334 - Updater called before beeing initialized
2024-09-11 15:05:31,760 [WARN] DetailPanel:346 - Failed to get advertising image, set to default
2024-09-11 15:05:31,761 [FATAL] Updater:334 - Updater called before beeing initialized
2024-09-11 15:05:31,827 [ERROR] Updater:1164 - MainUpdater not yet initialized. External WinMGr cannot be set.
2024-09-11 15:05:31,833 [INFO] Updater:1100 - Updater Version found : 6.12.0
2024-09-11 15:05:31,860 [INFO] ApplicationProperties:184 - Using Application install path: C:\ST\STM32CubeIDE_1.4.0\STM32CubeIDE\plugins\com.st.stm32cube.common.mx_6.12.0.202406281431
2024-09-11 15:05:32,336 [INFO] MainUpdater:2873 - connection check result : 10
2024-09-11 15:05:32,336 [INFO] MainUpdater:3567 - Updater definition file requires update
2024-09-11 15:05:32,337 [INFO] MainUpdater:290 - Updater Check For Update Now.
2024-09-11 15:05:32,337 [INFO] MicroXplorer:498 - Change Database Version : DB.6.0.120
2024-09-11 15:05:32,346 [INFO] McuFinderGlobals:63 - Set McuFinder mode to 2 (CubeIDE integrated)
2024-09-11 15:05:32,346 [INFO] McuFinderGlobals:63 - Set McuFinder mode to 2 (CubeIDE integrated)
2024-09-11 15:05:32,348 [INFO] UserAuth:417 - Internet connection configuration mode: 1
2024-09-11 15:05:32,348 [INFO] UserAuth:417 - Internet connection configuration mode: 1
2024-09-11 15:05:32,377 [INFO] JxBrowserEngine:152 - Initiate JxBrowser Engine with user profile folder
2024-09-11 15:05:32,387 [INFO] ServerAccessManage:473 - Download File updaters.zip
2024-09-11 15:05:32,511 [INFO] FileExtend:240 - Unzip File : updaters.zip
2024-09-11 15:05:32,511 [INFO] FileExtend:255 - Standard Zip Deflate
2024-09-11 15:05:32,943 [WARN] MainUpdater:1194 - Updater busy. Cannot search thirdparties
2024-09-11 15:05:32,943 [INFO] ThirdPartyUpdaterWithRetryManager:96 - Updater plugin is busy. [1/15]
2024-09-11 15:05:34,717 [INFO] ServerAccessManage:473 - Download File PacksControlFlags.xml
2024-09-11 15:05:34,841 [INFO] ServerAccessManage:473 - Download File cubemx.pidx
2024-09-11 15:05:35,183 [INFO] WebApp:167 - Instantiating new browser for Auth
2024-09-11 15:05:35,561 [INFO] ServerAccessManage:473 - Download File STMicroelectronics.X-CUBE-GNSS1.pdsc
2024-09-11 15:05:35,945 [WARN] MainUpdater:1194 - Updater busy. Cannot search thirdparties
2024-09-11 15:05:35,945 [INFO] ThirdPartyUpdaterWithRetryManager:96 - Updater plugin is busy. [2/15]
2024-09-11 15:05:36,239 [ERROR] ServerAccessManage:1089 - Problem, file not found on Server
2024-09-11 15:05:36,398 [ERROR] ServerAccessManage:1089 - Problem, file not found on Server
2024-09-11 15:05:36,580 [INFO] WebApp:448 - Apply proxy settings
2024-09-11 15:05:36,580 [INFO] WebApp:533 - Chromium requires no authentication
2024-09-11 15:05:36,602 [INFO] WebApp:476 - Direct internet connection detected
2024-09-11 15:05:36,645 [INFO] WebApp:869 - Register for checkConnection events
2024-09-11 15:05:36,645 [INFO] WebApp:448 - Apply proxy settings
2024-09-11 15:05:36,645 [INFO] WebApp:533 - Chromium requires no authentication
2024-09-11 15:05:36,646 [INFO] WebApp:476 - Direct internet connection detected
2024-09-11 15:05:36,900 [INFO] WebApp:220 - Starting web application
2024-09-11 15:05:36,901 [INFO] WebApp:578 - Web application path used C:\ST\STM32CubeIDE_1.4.0\STM32CubeIDE\plugins\com.st.stm32cube.common.mx_6.12.0.202406281431\db\plugins\mcufinder\reactClient1\index.html
2024-09-11 15:05:36,985 [ERROR] ServerAccessManage:1089 - Problem, file not found on Server
2024-09-11 15:05:37,070 [INFO] UserAuth:417 - Internet connection configuration mode: 1
2024-09-11 15:05:37,379 [INFO] WebApp:186 - Connection restablished
2024-09-11 15:05:37,576 [ERROR] ServerAccessManage:1089 - Problem, file not found on Server
2024-09-11 15:05:38,180 [ERROR] ServerAccessManage:1089 - Problem, file not found on Server
2024-09-11 15:05:38,772 [ERROR] ServerAccessManage:1089 - Problem, file not found on Server
2024-09-11 15:05:38,947 [WARN] MainUpdater:1194 - Updater busy. Cannot search thirdparties
2024-09-11 15:05:38,947 [INFO] ThirdPartyUpdaterWithRetryManager:96 - Updater plugin is busy. [3/15]
2024-09-11 15:05:39,642 [WARN] PackLoader:240 - Cannot read IP mode file for STMicroelectronics.X-CUBE-GNSS1.7.0.0
2024-09-11 15:05:39,649 [INFO] PopulateThirdPartyThread:66 - Ending populate Thread
2024-09-11 15:05:39,653 [INFO] ThirdParty:1030 - CMSIS Pack Vendor :STMicroelectronics X-CUBE-GNSS1 7.0.0
2024-09-11 15:05:39,653 [INFO] LoadServerUpdatesThread:375 - End of LoadServerUpdate Thread
2024-09-11 15:05:39,815 [INFO] CheckServerUpdateThread:120 - End of CheckServer Thread
2024-09-11 15:05:41,782 [INFO] McuFinderGlobals:63 - Set McuFinder mode to 2 (CubeIDE integrated)
2024-09-11 15:05:41,783 [INFO] UserAuth:417 - Internet connection configuration mode: 1
2024-09-11 15:05:41,792 [INFO] UserAuth:179 - activating auth plugin
2024-09-11 15:05:41,798 [INFO] UserAuth:417 - Internet connection configuration mode: 1
2024-09-11 15:05:42,170 [WARN] PackLoader:240 - Cannot read IP mode file for STMicroelectronics.FP-SNS-MOTENVWB1.1.4.0
2024-09-11 15:05:42,179 [WARN] PackLoader:240 - Cannot read IP mode file for STMicroelectronics.X-CUBE-SMBUS.2.1.0
2024-09-11 15:05:42,185 [WARN] PackLoader:240 - Cannot read IP mode file for STMicroelectronics.X-CUBE-TOUCHGFX.4.23.2
2024-09-11 15:05:42,212 [WARN] PackLoader:240 - Cannot read IP mode file for STMicroelectronics.X-CUBE-AZRTOS-F7.1.1.0
2024-09-11 15:05:42,279 [WARN] PackLoader:240 - Cannot read IP mode file for STMicroelectronics.X-CUBE-MEMS1.11.0.0
2024-09-11 15:05:42,468 [WARN] PackLoader:240 - Cannot read IP mode file for STMicroelectronics.FP-SNS-FLIGHT1.5.0.2
2024-09-11 15:05:42,478 [WARN] PackLoader:240 - Cannot read IP mode file for STMicroelectronics.X-CUBE-DISPLAY.3.0.0
2024-09-11 15:05:42,488 [WARN] PackLoader:240 - Cannot read IP mode file for STMicroelectronics.X-CUBE-BLE1.7.0.0
2024-09-11 15:05:42,495 [WARN] PackLoader:240 - Cannot read IP mode file for emotas.I-CUBE-CANOPEN.1.3.0
2024-09-11 15:05:42,506 [WARN] PackLoader:240 - Cannot read IP mode file for STMicroelectronics.X-CUBE-BLEMGR.3.1.0
2024-09-11 15:05:42,515 [WARN] PackLoader:240 - Cannot read IP mode file for STMicroelectronics.FP-SNS-SMARTAG2.1.2.0
2024-09-11 15:05:42,528 [INFO] LogOutputStream:77 - [STDOUT_REDIRECT] 1 : Invalid condition id : UX_CORESTACK_Condition cause : null
2024-09-11 15:05:42,530 [INFO] LogOutputStream:77 - [STDOUT_REDIRECT] 1 : Invalid condition id : UX_CORESTACK_Condition cause : null
2024-09-11 15:05:42,531 [INFO] LogOutputStream:77 - [STDOUT_REDIRECT] 1 : Invalid condition id : UX_CORESTACK_Condition cause : null
2024-09-11 15:05:42,532 [INFO] LogOutputStream:77 - [STDOUT_REDIRECT] 1 : Invalid condition id : UX_CORESTACK_Condition cause : null
2024-09-11 15:05:42,533 [INFO] LogOutputStream:77 - [STDOUT_REDIRECT] 1 : Invalid condition id : UX_CORESTACK_Condition cause : null
2024-09-11 15:05:42,536 [WARN] PackLoader:240 - Cannot read IP mode file for STMicroelectronics.X-CUBE-AZRTOS-WL.2.0.0
2024-09-11 15:05:42,542 [WARN] PackLoader:240 - Cannot read IP mode file for STMicroelectronics.FP-SNS-MOTENV1.5.0.0
2024-09-11 15:05:42,548 [WARN] PackLoader:240 - Cannot read IP mode file for wolfSSL.I-CUBE-wolfMQTT.1.19.0
2024-09-11 15:05:42,559 [WARN] PackLoader:240 - Cannot read IP mode file for WES.I-CUBE-Cesium.1.3.0
2024-09-11 15:05:42,567 [WARN] PackLoader:240 - Cannot read IP mode file for STMicroelectronics.X-CUBE-BLE2.3.3.0
2024-09-11 15:05:42,575 [WARN] PackLoader:240 - Cannot read IP mode file for STMicroelectronics.X-CUBE-TCPP.4.1.0
2024-09-11 15:05:42,584 [WARN] PackLoader:240 - Cannot read IP mode file for STMicroelectronics.X-CUBE-ALGOBUILD.1.3.0
2024-09-11 15:05:42,602 [WARN] PackLoader:240 - Cannot read IP mode file for STMicroelectronics.X-CUBE-AZRTOS-G0.1.1.0
2024-09-11 15:05:42,612 [WARN] PackLoader:240 - Cannot read IP mode file for STMicroelectronics.X-CUBE-SAFEA1.1.2.2
2024-09-11 15:05:42,622 [WARN] PackLoader:240 - Cannot read IP mode file for STMicroelectronics.X-CUBE-NFC4.3.0.0
2024-09-11 15:05:42,633 [WARN] PackLoader:240 - Cannot read IP mode file for EmbeddedOffice.I-CUBE-FS-RTOS.1.0.1
2024-09-11 15:05:42,633 [ERROR] ConditionMgr:805 - Attr not supported : Dmpu
2024-09-11 15:05:42,633 [ERROR] ConditionMgr:805 - Attr not supported : Dmpu
2024-09-11 15:05:42,633 [ERROR] ConditionMgr:805 - Attr not supported : Dmpu
2024-09-11 15:05:42,633 [ERROR] ConditionMgr:805 - Attr not supported : Dmpu
2024-09-11 15:05:42,633 [ERROR] ConditionMgr:805 - Attr not supported : Dmpu
2024-09-11 15:05:42,633 [ERROR] ConditionMgr:805 - Attr not supported : Dmpu
2024-09-11 15:05:42,633 [ERROR] ConditionMgr:805 - Attr not supported : Dmpu
2024-09-11 15:05:42,633 [ERROR] ConditionMgr:805 - Attr not supported : Dmpu
2024-09-11 15:05:42,634 [ERROR] ConditionMgr:805 - Attr not supported : Dmpu
2024-09-11 15:05:42,634 [ERROR] ConditionMgr:805 - Attr not supported : Dmpu
2024-09-11 15:05:42,634 [ERROR] ConditionMgr:805 - Attr not supported : Dmpu
2024-09-11 15:05:42,634 [ERROR] ConditionMgr:805 - Attr not supported : Dmpu
2024-09-11 15:05:42,634 [ERROR] ConditionMgr:805 - Attr not supported : Dmpu
2024-09-11 15:05:42,634 [ERROR] ConditionMgr:805 - Attr not supported : Dmpu
2024-09-11 15:05:42,634 [ERROR] ConditionMgr:805 - Attr not supported : Dmpu
2024-09-11 15:05:42,634 [ERROR] ConditionMgr:805 - Attr not supported : Dmpu
2024-09-11 15:05:42,634 [ERROR] ConditionMgr:805 - Attr not supported : Dmpu
2024-09-11 15:05:42,634 [ERROR] ConditionMgr:805 - Attr not supported : Dmpu
2024-09-11 15:05:42,634 [ERROR] ConditionMgr:805 - Attr not supported : Dmpu
2024-09-11 15:05:42,634 [ERROR] ConditionMgr:805 - Attr not supported : Dmpu
2024-09-11 15:05:42,634 [ERROR] ConditionMgr:805 - Attr not supported : Dmpu
2024-09-11 15:05:42,634 [ERROR] ConditionMgr:805 - Attr not supported : Dmpu
2024-09-11 15:05:42,635 [ERROR] ConditionMgr:805 - Attr not supported : Dmpu
2024-09-11 15:05:42,635 [ERROR] ConditionMgr:805 - Attr not supported : Dmpu
2024-09-11 15:05:42,635 [ERROR] ConditionMgr:805 - Attr not supported : Dmpu
2024-09-11 15:05:42,635 [ERROR] ConditionMgr:805 - Attr not supported : Dmpu
2024-09-11 15:05:42,635 [ERROR] ConditionMgr:805 - Attr not supported : Dmpu
2024-09-11 15:05:42,635 [ERROR] ConditionMgr:805 - Attr not supported : Dmpu
2024-09-11 15:05:42,635 [ERROR] ConditionMgr:805 - Attr not supported : Dmpu
2024-09-11 15:05:42,635 [ERROR] ConditionMgr:805 - Attr not supported : Dmpu
2024-09-11 15:05:42,635 [ERROR] ConditionMgr:805 - Attr not supported : Dmpu
2024-09-11 15:05:42,635 [ERROR] ConditionMgr:805 - Attr not supported : Dmpu
2024-09-11 15:05:42,635 [ERROR] ConditionMgr:805 - Attr not supported : Dmpu
2024-09-11 15:05:42,636 [ERROR] ConditionMgr:805 - Attr not supported : Dmpu
2024-09-11 15:05:42,636 [ERROR] ConditionMgr:805 - Attr not supported : Dmpu
2024-09-11 15:05:42,636 [ERROR] ConditionMgr:805 - Attr not supported : Dmpu
2024-09-11 15:05:42,636 [ERROR] ConditionMgr:805 - Attr not supported : Dmpu
2024-09-11 15:05:42,636 [ERROR] ConditionMgr:805 - Attr not supported : Dmpu
2024-09-11 15:05:42,636 [ERROR] ConditionMgr:805 - Attr not supported : Dmpu
2024-09-11 15:05:42,636 [ERROR] ConditionMgr:805 - Attr not supported : Dmpu
2024-09-11 15:05:42,636 [ERROR] ConditionMgr:805 - Attr not supported : Dmpu
2024-09-11 15:05:42,636 [ERROR] ConditionMgr:805 - Attr not supported : Dmpu
2024-09-11 15:05:42,636 [ERROR] ConditionMgr:805 - Attr not supported : Dmpu
2024-09-11 15:05:42,637 [ERROR] ConditionMgr:805 - Attr not supported : Dmpu
2024-09-11 15:05:42,637 [ERROR] ConditionMgr:805 - Attr not supported : Dmpu
2024-09-11 15:05:42,637 [ERROR] ConditionMgr:805 - Attr not supported : Dmpu
2024-09-11 15:05:42,637 [ERROR] ConditionMgr:805 - Attr not supported : Dmpu
2024-09-11 15:05:42,637 [ERROR] ConditionMgr:805 - Attr not supported : Dmpu
2024-09-11 15:05:42,637 [ERROR] ConditionMgr:805 - Attr not supported : Dmpu
2024-09-11 15:05:42,637 [ERROR] ConditionMgr:805 - Attr not supported : Dmpu
2024-09-11 15:05:42,637 [ERROR] ConditionMgr:805 - Attr not supported : Dmpu
2024-09-11 15:05:42,637 [ERROR] ConditionMgr:805 - Attr not supported : Dmpu
2024-09-11 15:05:42,637 [ERROR] ConditionMgr:805 - Attr not supported : Dmpu
2024-09-11 15:05:42,637 [ERROR] ConditionMgr:805 - Attr not supported : Dmpu
2024-09-11 15:05:42,637 [ERROR] ConditionMgr:805 - Attr not supported : Dmpu
2024-09-11 15:05:42,638 [ERROR] ConditionMgr:805 - Attr not supported : Dmpu
2024-09-11 15:05:42,638 [ERROR] ConditionMgr:805 - Attr not supported : Dmpu
2024-09-11 15:05:42,638 [ERROR] ConditionMgr:805 - Attr not supported : Dmpu
2024-09-11 15:05:42,638 [ERROR] ConditionMgr:805 - Attr not supported : Dmpu
2024-09-11 15:05:42,638 [ERROR] ConditionMgr:805 - Attr not supported : Dmpu
2024-09-11 15:05:42,638 [ERROR] ConditionMgr:805 - Attr not supported : Dmpu
2024-09-11 15:05:42,638 [ERROR] ConditionMgr:805 - Attr not supported : Dmpu
2024-09-11 15:05:42,638 [ERROR] ConditionMgr:805 - Attr not supported : Dmpu
2024-09-11 15:05:42,638 [ERROR] ConditionMgr:805 - Attr not supported : Dmpu
2024-09-11 15:05:42,645 [WARN] PackLoader:240 - Cannot read IP mode file for RealThread.X-CUBE-RT-Thread_Nano.4.1.1
2024-09-11 15:05:42,652 [WARN] PackLoader:240 - Cannot read IP mode file for wolfSSL.I-CUBE-wolfSSL.5.7.0
2024-09-11 15:05:42,660 [WARN] PackLoader:240 - Cannot read IP mode file for STMicroelectronics.FP-ATR-SIGFOX1.3.2.0
2024-09-11 15:05:42,669 [WARN] PackLoader:240 - Cannot read IP mode file for STMicroelectronics.X-CUBE-EEPRMA1.5.1.0
2024-09-11 15:05:42,680 [WARN] PackLoader:240 - Cannot read IP mode file for ITTIA_DB.I-CUBE-ITTIADB.8.9.0
2024-09-11 15:05:42,714 [WARN] PackLoader:240 - Cannot read IP mode file for SEGGER.I-CUBE-embOS.1.3.1
2024-09-11 15:05:42,773 [WARN] PackLoader:240 - Cannot read IP mode file for STMicroelectronics.X-CUBE-ALGOBUILD.1.4.0
2024-09-11 15:05:42,780 [WARN] PackLoader:240 - Cannot read IP mode file for STMicroelectronics.X-CUBE-GNSS1.6.0.0
2024-09-11 15:05:42,797 [WARN] PackLoader:240 - Cannot read IP mode file for STMicroelectronics.X-CUBE-AZRTOS-F4.1.1.0
2024-09-11 15:05:42,805 [WARN] PackLoader:240 - Cannot read IP mode file for STMicroelectronics.X-CUBE-FREERTOS.1.2.0
2024-09-11 15:05:42,826 [WARN] PackLoader:240 - Cannot read IP mode file for STMicroelectronics.X-CUBE-AZRTOS-L5.2.0.0
2024-09-11 15:05:42,837 [WARN] PackLoader:240 - Cannot read IP mode file for STMicroelectronics.X-CUBE-NFC6.3.1.0
2024-09-11 15:05:42,846 [WARN] PackLoader:240 - Cannot read IP mode file for STMicroelectronics.X-CUBE-DPower.1.2.0
2024-09-11 15:05:42,852 [WARN] PackLoader:240 - Cannot read IP mode file for STMicroelectronics.X-CUBE-AI.9.0.0
2024-09-11 15:05:42,860 [WARN] PackLoader:240 - Cannot read IP mode file for STMicroelectronics.X-CUBE-NFC7.1.0.1
2024-09-11 15:05:42,868 [WARN] PackLoader:240 - Cannot read IP mode file for wolfSSL.I-CUBE-wolfTPM.3.2.0
2024-09-11 15:05:42,874 [WARN] PackLoader:240 - Cannot read IP mode file for STMicroelectronics.X-CUBE-AI.8.1.0
2024-09-11 15:05:42,896 [WARN] ConditionMgr:438 - getConditionDescription Invalid condition id : LAN8742 Phy interface Condition cause : null
2024-09-11 15:05:42,897 [WARN] PackLoader:240 - Cannot read IP mode file for STMicroelectronics.X-CUBE-AZRTOS-L4.2.0.0
2024-09-11 15:05:42,899 [WARN] ConditionMgr:1039 - genDependencies : Invalid condition id : LAN8742 Phy interface Condition cause : null
2024-09-11 15:05:42,899 [WARN] ConditionMgr:1039 - genDependencies : Invalid condition id : LAN8742 Phy interface Condition cause : null
2024-09-11 15:05:42,900 [WARN] ConditionMgr:1039 - genDependencies : Invalid condition id : LAN8742 Phy interface Condition cause : null
2024-09-11 15:05:42,909 [WARN] PackLoader:240 - Cannot read IP mode file for STMicroelectronics.X-CUBE-SFXS2LP1.4.0.0
2024-09-11 15:05:42,932 [WARN] PackLoader:240 - Cannot read IP mode file for STMicroelectronics.X-CUBE-AZRTOS-H7.3.3.0
2024-09-11 15:05:42,950 [WARN] ConditionMgr:438 - getConditionDescription Invalid condition id : UX DEVICE CLASS RTOS Condition cause : null
2024-09-11 15:05:42,950 [WARN] ConditionMgr:438 - getConditionDescription Invalid condition id : UX DEVICE CLASS RTOS Condition cause : null
2024-09-11 15:05:42,952 [WARN] PackLoader:240 - Cannot read IP mode file for STMicroelectronics.X-CUBE-AZRTOS-WB.2.0.0
2024-09-11 15:05:42,953 [WARN] ConditionMgr:1039 - genDependencies : Invalid condition id : UX DEVICE CLASS RTOS Condition cause : null
2024-09-11 15:05:42,953 [WARN] ConditionMgr:1039 - genDependencies : Invalid condition id : UX DEVICE CLASS RTOS Condition cause : null
2024-09-11 15:05:42,953 [WARN] ConditionMgr:1039 - genDependencies : Invalid condition id : UX DEVICE CLASS RTOS Condition cause : null
2024-09-11 15:05:42,953 [WARN] ConditionMgr:1039 - genDependencies : Invalid condition id : UX DEVICE CLASS RTOS Condition cause : null
2024-09-11 15:05:42,953 [WARN] ConditionMgr:1039 - genDependencies : Invalid condition id : UX DEVICE CLASS RTOS Condition cause : null
2024-09-11 15:05:42,958 [WARN] PackLoader:240 - Cannot read IP mode file for STMicroelectronics.X-CUBE-GNSS1.7.0.0
2024-09-11 15:05:42,967 [WARN] PackLoader:240 - Cannot read IP mode file for STMicroelectronics.FP-SNS-STBOX1.2.0.0
2024-09-11 15:05:42,979 [WARN] PackLoader:240 - Cannot read IP mode file for STMicroelectronics.X-CUBE-SUBG2.5.0.0
2024-09-11 15:05:42,988 [WARN] PackLoader:240 - Cannot read IP mode file for Cesanta.I-CUBE-Mongoose.7.13.0
2024-09-11 15:05:43,004 [WARN] PackLoader:240 - Cannot read IP mode file for STMicroelectronics.X-CUBE-AZRTOS-G4.2.0.0
2024-09-11 15:05:43,010 [WARN] PackLoader:240 - Cannot read IP mode file for STMicroelectronics.FP-SNS-MOTENVWB1.1.3.1
2024-09-11 15:05:43,015 [WARN] PackLoader:240 - Cannot read IP mode file for STMicroelectronics.X-CUBE-ISPU.2.0.0
2024-09-11 15:05:43,021 [WARN] PackLoader:240 - Cannot read IP mode file for STMicroelectronics.X-CUBE-ALS.1.0.2
2024-09-11 15:05:43,057 [WARN] PackLoader:240 - Cannot read IP mode file for STMicroelectronics.X-CUBE-MEMS1.10.0.0
2024-09-11 15:05:43,163 [WARN] PackLoader:240 - Cannot read IP mode file for STMicroelectronics.X-CUBE-FREERTOS.1.1.0
2024-09-11 15:05:43,167 [WARN] PackLoader:240 - Cannot read IP mode file for STMicroelectronics.X-CUBE-TOUCHGFX.4.24.0
2024-09-11 15:05:43,175 [WARN] PackLoader:240 - Cannot read IP mode file for portGmbH.I-Cube-SoM-uGOAL.1.1.0
2024-09-11 15:05:43,179 [WARN] PackLoader:240 - Cannot read IP mode file for STMicroelectronics.X-CUBE-ALS.1.0.1
2024-09-11 15:05:43,206 [WARN] PackLoader:240 - Cannot read IP mode file for STMicroelectronics.X-CUBE-AZRTOS-H7RS.1.0.0
2024-09-11 15:05:43,212 [WARN] PackLoader:240 - Cannot read IP mode file for STMicroelectronics.FP-ATR-ASTRA1.2.0.0
2024-09-11 15:05:43,223 [WARN] PackLoader:240 - Cannot read IP mode file for STMicroelectronics.X-CUBE-TOF1.3.4.2
2024-09-11 15:05:43,241 [WARN] PackLoader:240 - Cannot read IP mode file for STMicroelectronics.X-CUBE-TOF1.3.4.1
2024-09-11 15:05:43,266 [WARN] PackLoader:240 - Cannot read IP mode file for STMicroelectronics.X-CUBE-AZRTOS-H7.3.2.0
2024-09-11 15:05:43,282 [WARN] PackLoader:240 - Cannot read IP mode file for Infineon.AIROC-Wi-Fi-Bluetooth-STM32.1.6.0
2024-09-11 15:05:43,375 [WARN] PackLoader:240 - Cannot read IP mode file for wolfSSL.I-CUBE-wolfSSH.1.4.17
2024-09-11 15:05:43,376 [INFO] ThirdParty:978 - Integrity check success = true
2024-09-11 15:05:43,376 [INFO] IntegrityCheckThread:100 - exiting critical section [integrity check]
2024-09-11 15:05:43,376 [INFO] IntegrityCheckThread:103 - End integrity checks thread
2024-09-11 15:29:46,685 [INFO] WebApp:643 - userauth.ini created with success
2024-09-11 17:59:05,156 [ERROR] LogOutputStream:75 - [STDERR_REDIRECT] 
