2024-08-07 11:37:28,850 [INFO] Activator:176 - 


2024-08-07 11:37:28,859 [INFO] Activator:177 - !SESSION log4j initialized
2024-08-07 11:37:38,335 [INFO] LogOutputStream:77 - [STDOUT_REDIRECT] 
2024-08-07 11:37:41,140 [INFO] ApplicationProperties:184 - Using Application install path: C:\ST\STM32CubeIDE_1.4.0\STM32CubeIDE\plugins\com.st.stm32cube.common.mx_6.12.0.202406281431
2024-08-07 11:37:41,464 [INFO] DbMcusXml:78 - Set database path to: C:\ST\STM32CubeIDE_1.4.0\STM32CubeIDE\plugins\com.st.stm32cube.common.mx_6.12.0.202406281431\\db\/mcu/
2024-08-07 11:37:41,465 [INFO] ApiDb:274 - Set plugin database path to: C:\ST\STM32CubeIDE_1.4.0\STM32CubeIDE\plugins\com.st.stm32cube.common.mx_6.12.0.202406281431\\db\/plugins/boardmanager/
2024-08-07 11:37:41,507 [WARN] ApiDb:259 - Overriding images path with different value:  => C:\ST\STM32CubeIDE_1.4.0\STM32CubeIDE\plugins\com.st.stm32cube.common.mx_6.12.0.202406281431\\db\/plugins/mcufinder/images/
2024-08-07 11:37:42,510 [INFO] ApiDb:250 - Set database path to: C:\Users\Abhishek\.stmcufinder\plugins\mcufinder//mcu/
2024-08-07 11:37:42,512 [INFO] DbMcusAds:125 - Set database path to: C:\Users\Abhishek\.stmcufinder\plugins\mcufinder//mcu/
2024-08-07 11:37:42,557 [INFO] CrossReferenceDbSqlite:203 - Set database path to: C:\Users\Abhishek\.stmcufinder\plugins\mcufinder//mcu/cs/
2024-08-07 11:37:42,791 [INFO] RulesReader:64 - Compatibility file has been processed (297 Rules)
2024-08-07 11:37:43,183 [INFO] DbMcusXml:78 - Set database path to: C:\ST\STM32CubeIDE_1.4.0\STM32CubeIDE\plugins\com.st.stm32cube.common.mx_6.12.0.202406281431\\db\/mcu/
2024-08-07 11:37:43,183 [INFO] ApiDb:274 - Set plugin database path to: C:\ST\STM32CubeIDE_1.4.0\STM32CubeIDE\plugins\com.st.stm32cube.common.mx_6.12.0.202406281431\\db\/plugins/boardmanager/
2024-08-07 11:37:43,183 [INFO] ApiDb:261 - Set plugin images path to: C:\ST\STM32CubeIDE_1.4.0\STM32CubeIDE\plugins\com.st.stm32cube.common.mx_6.12.0.202406281431\\db\/plugins/mcufinder/images/
2024-08-07 11:37:43,184 [WARN] DbFile:41 - Overriding database path with different value: C:\Users\Abhishek\.stmcufinder\plugins\mcufinder/ => C:\Users\Abhishek\.stmcufinder\plugins\mcufinder
2024-08-07 11:37:43,184 [INFO] ApiDb:250 - Set database path to: C:\Users\Abhishek\.stmcufinder\plugins\mcufinder//mcu/
2024-08-07 11:37:43,184 [WARN] DbFile:41 - Overriding database path with different value: C:\Users\Abhishek\.stmcufinder\plugins\mcufinder/ => C:\Users\Abhishek\.stmcufinder\plugins\mcufinder
2024-08-07 11:37:43,184 [INFO] DbMcusAds:125 - Set database path to: C:\Users\Abhishek\.stmcufinder\plugins\mcufinder//mcu/
2024-08-07 11:37:43,184 [WARN] DbFile:41 - Overriding database path with different value: C:\Users\Abhishek\.stmcufinder\plugins\mcufinder/ => C:\Users\Abhishek\.stmcufinder\plugins\mcufinder
2024-08-07 11:37:43,184 [WARN] DbFile:41 - Overriding database path with different value: C:\Users\Abhishek\.stmcufinder\plugins\mcufinder/ => C:\Users\Abhishek\.stmcufinder\plugins\mcufinder
2024-08-07 11:37:43,184 [INFO] CrossReferenceDbSqlite:203 - Set database path to: C:\Users\Abhishek\.stmcufinder\plugins\mcufinder//mcu/cs/
2024-08-07 11:37:43,466 [INFO] MainPanel:268 - HeapMemory: 268435456
2024-08-07 11:37:43,776 [INFO] DbMcusXml:78 - Set database path to: C:\ST\STM32CubeIDE_1.4.0\STM32CubeIDE\plugins\com.st.stm32cube.common.mx_6.12.0.202406281431\\db\/mcu/
2024-08-07 11:37:43,776 [INFO] ApiDb:274 - Set plugin database path to: C:\ST\STM32CubeIDE_1.4.0\STM32CubeIDE\plugins\com.st.stm32cube.common.mx_6.12.0.202406281431\\db\/plugins/boardmanager/
2024-08-07 11:37:43,776 [INFO] ApiDb:261 - Set plugin images path to: C:\ST\STM32CubeIDE_1.4.0\STM32CubeIDE\plugins\com.st.stm32cube.common.mx_6.12.0.202406281431\\db\/plugins/mcufinder/images/
2024-08-07 11:37:43,776 [WARN] DbFile:41 - Overriding database path with different value: C:\Users\Abhishek\.stmcufinder\plugins\mcufinder/ => C:\Users\Abhishek\.stmcufinder\plugins\mcufinder
2024-08-07 11:37:43,776 [INFO] ApiDb:250 - Set database path to: C:\Users\Abhishek\.stmcufinder\plugins\mcufinder//mcu/
2024-08-07 11:37:43,780 [WARN] DbFile:41 - Overriding database path with different value: C:\Users\Abhishek\.stmcufinder\plugins\mcufinder/ => C:\Users\Abhishek\.stmcufinder\plugins\mcufinder
2024-08-07 11:37:43,780 [INFO] DbMcusAds:125 - Set database path to: C:\Users\Abhishek\.stmcufinder\plugins\mcufinder//mcu/
2024-08-07 11:37:43,781 [WARN] DbFile:41 - Overriding database path with different value: C:\Users\Abhishek\.stmcufinder\plugins\mcufinder/ => C:\Users\Abhishek\.stmcufinder\plugins\mcufinder
2024-08-07 11:37:43,781 [WARN] DbFile:41 - Overriding database path with different value: C:\Users\Abhishek\.stmcufinder\plugins\mcufinder/ => C:\Users\Abhishek\.stmcufinder\plugins\mcufinder
2024-08-07 11:37:43,781 [INFO] CrossReferenceDbSqlite:203 - Set database path to: C:\Users\Abhishek\.stmcufinder\plugins\mcufinder//mcu/cs/
2024-08-07 11:37:43,811 [INFO] ApplicationProperties:184 - Using Application install path: C:\ST\STM32CubeIDE_1.4.0\STM32CubeIDE\plugins\com.st.stm32cube.common.mx_6.12.0.202406281431
2024-08-07 11:37:43,814 [INFO] PluginManage:196 - Search for loadable plugins [exclusion list=, ]
2024-08-07 11:37:43,816 [INFO] PluginManage:310 - Check plugin analytics
2024-08-07 11:37:45,159 [INFO] AnalyticsPlugin:253 - Accepted Software Licenses: STM32CubeMX.6.1.0,STM32CubeMX.6.4.0,STM32CubeMX.6.2.0,STM32CubeMX.6.10.0
2024-08-07 11:37:45,159 [INFO] AnalyticsPlugin:255 - Accepted CMSIS Pack Licenses: 
2024-08-07 11:37:45,159 [INFO] AnalyticsPlugin:257 - Accepted Firmware Licenses: 
2024-08-07 11:37:45,164 [INFO] PluginManage:359 - Loaded plugin analytics (category:tool,tabindex:-1)
2024-08-07 11:37:45,164 [INFO] PluginManage:310 - Check plugin cadmodel
2024-08-07 11:37:45,181 [INFO] CADModel:105 - Init CAD model plugin
2024-08-07 11:37:45,182 [INFO] PluginManage:359 - Loaded plugin cadmodel (category:power,tabindex:5)
2024-08-07 11:37:45,182 [INFO] PluginManage:310 - Check plugin clock
2024-08-07 11:37:45,202 [INFO] PluginManage:359 - Loaded plugin clock (category:base,tabindex:2)
2024-08-07 11:37:45,202 [INFO] PluginManage:310 - Check plugin ddr
2024-08-07 11:37:45,207 [INFO] PluginManage:359 - Loaded plugin ddr (category:tool,tabindex:6)
2024-08-07 11:37:45,207 [INFO] PluginManage:310 - Check plugin filemanager
2024-08-07 11:37:45,430 [INFO] PluginManage:359 - Loaded plugin filemanager (category:base,tabindex:10)
2024-08-07 11:37:45,430 [INFO] PluginManage:310 - Check plugin ipmanager
2024-08-07 11:37:45,443 [INFO] PluginManage:359 - Loaded plugin ipmanager (category:base,tabindex:5)
2024-08-07 11:37:45,443 [INFO] PluginManage:310 - Check plugin lpbam
2024-08-07 11:37:45,472 [INFO] PluginManage:359 - Loaded plugin lpbam (category:base,tabindex:0)
2024-08-07 11:37:45,472 [INFO] PluginManage:310 - Check plugin memorymap
2024-08-07 11:37:45,506 [INFO] PluginManage:359 - Loaded plugin memorymap (category:base,tabindex:4)
2024-08-07 11:37:45,506 [INFO] PluginManage:310 - Check plugin pinoutandconfiguration
2024-08-07 11:37:45,520 [INFO] PluginManage:359 - Loaded plugin pinoutandconfiguration (category:base,tabindex:1)
2024-08-07 11:37:45,521 [INFO] PluginManage:310 - Check plugin pinoutconfig
2024-08-07 11:37:45,882 [WARN] SupportedApi:132 - Cannot load RTOS API schema: s4s-elt-must-match.1: The content of 'definitions' must match (annotation?, (simpleType | complexType)?, (unique | key | keyref)*)). A problem was found starting at: attribute.
2024-08-07 11:37:46,064 [INFO] PluginManage:359 - Loaded plugin pinoutconfig (category:base,tabindex:0)
2024-08-07 11:37:46,064 [INFO] PluginManage:310 - Check plugin power
2024-08-07 11:37:46,083 [INFO] PluginManage:359 - Loaded plugin power (category:power,tabindex:4)
2024-08-07 11:37:46,084 [INFO] PluginManage:310 - Check plugin projectmanager
2024-08-07 11:37:46,100 [INFO] PluginManage:359 - Loaded plugin projectmanager (category:projectmanager,tabindex:4)
2024-08-07 11:37:46,101 [INFO] PluginManage:310 - Check plugin rif
2024-08-07 11:37:46,154 [INFO] PluginManage:359 - Loaded plugin rif (category:base,tabindex:3)
2024-08-07 11:37:46,154 [INFO] PluginManage:310 - Check plugin thirdparty
2024-08-07 11:37:46,425 [WARN] IntegrityCheckThread:84 - waiting for thirdparty lock release [integrity check]
2024-08-07 11:37:46,425 [INFO] PluginManage:359 - Loaded plugin thirdparty (category:base,tabindex:-1)
2024-08-07 11:37:46,426 [INFO] IntegrityCheckThread:86 - entering critical section [integrity check]
2024-08-07 11:37:46,426 [INFO] PluginManage:310 - Check plugin tools
2024-08-07 11:37:46,426 [INFO] ThirdPartyUpdaterWithRetryManager:70 - Updater plugin not ready yet. [1/15]
2024-08-07 11:37:46,435 [INFO] PluginManage:359 - Loaded plugin tools (category:base,tabindex:7)
2024-08-07 11:37:46,436 [INFO] PluginManage:310 - Check plugin tutovideos
2024-08-07 11:37:46,703 [INFO] PluginManage:359 - Loaded plugin tutovideos (category:base,tabindex:-1)
2024-08-07 11:37:46,703 [INFO] PluginManage:310 - Check plugin updater
2024-08-07 11:37:46,723 [INFO] PluginManage:359 - Loaded plugin updater (category:base,tabindex:12)
2024-08-07 11:37:46,723 [INFO] PluginManage:310 - Check plugin userauth
2024-08-07 11:37:46,731 [INFO] UserAuth:113 - Init User Auth plugin
2024-08-07 11:37:46,731 [INFO] PluginManage:359 - Loaded plugin userauth (category:base,tabindex:14)
2024-08-07 11:37:46,732 [INFO] PluginManage:283 - PluginManage : Loaded plugins [18]
2024-08-07 11:37:47,174 [INFO] PinOutPanel:1561 - setPackage(No Configuration,No Configuration)
2024-08-07 11:37:47,477 [INFO] CADModel:165 - CPN selected for project level
2024-08-07 11:37:47,477 [INFO] CADModel:114 - Register for checkConnection events
2024-08-07 11:37:47,514 [INFO] IPUIPlugin:80 - create IPUIPlugin
2024-08-07 11:37:47,514 [INFO] PluginManager:220 - loadIPPluginJar : add adc
2024-08-07 11:37:47,522 [INFO] IPUIPlugin:80 - create IPUIPlugin
2024-08-07 11:37:47,522 [INFO] PluginManager:220 - loadIPPluginJar : add aes
2024-08-07 11:37:47,529 [INFO] IPUIPlugin:80 - create IPUIPlugin
2024-08-07 11:37:47,530 [INFO] PluginManager:220 - loadIPPluginJar : add can
2024-08-07 11:37:47,535 [INFO] IPUIPlugin:80 - create IPUIPlugin
2024-08-07 11:37:47,535 [INFO] PluginManager:220 - loadIPPluginJar : add comp
2024-08-07 11:37:47,542 [INFO] IPUIPlugin:80 - create IPUIPlugin
2024-08-07 11:37:47,543 [INFO] PluginManager:220 - loadIPPluginJar : add cryp
2024-08-07 11:37:47,550 [INFO] IPUIPlugin:80 - create IPUIPlugin
2024-08-07 11:37:47,550 [INFO] PluginManager:220 - loadIPPluginJar : add ddr_ctrl_phy
2024-08-07 11:37:47,555 [INFO] IPUIPlugin:80 - create IPUIPlugin
2024-08-07 11:37:47,555 [INFO] PluginManager:220 - loadIPPluginJar : add dfsdm
2024-08-07 11:37:47,570 [INFO] IPUIPlugin:80 - create IPUIPlugin
2024-08-07 11:37:47,570 [INFO] PluginManager:220 - loadIPPluginJar : add dma
2024-08-07 11:37:47,577 [INFO] IPUIPlugin:80 - create IPUIPlugin
2024-08-07 11:37:47,577 [INFO] PluginManager:220 - loadIPPluginJar : add dma3
2024-08-07 11:37:47,585 [INFO] IPUIPlugin:80 - create IPUIPlugin
2024-08-07 11:37:47,585 [INFO] PluginManager:220 - loadIPPluginJar : add extmemmanager
2024-08-07 11:37:47,589 [INFO] IPUIPlugin:80 - create IPUIPlugin
2024-08-07 11:37:47,589 [INFO] PluginManager:220 - loadIPPluginJar : add fatfs
2024-08-07 11:37:47,599 [INFO] IPUIPlugin:80 - create IPUIPlugin
2024-08-07 11:37:47,599 [INFO] PluginManager:220 - loadIPPluginJar : add fmc
2024-08-07 11:37:47,646 [INFO] IPUIPlugin:80 - create IPUIPlugin
2024-08-07 11:37:47,646 [INFO] PluginManager:220 - loadIPPluginJar : add freertos
2024-08-07 11:37:47,650 [INFO] IPUIPlugin:80 - create IPUIPlugin
2024-08-07 11:37:47,651 [INFO] PluginManager:220 - loadIPPluginJar : add genericplugin
2024-08-07 11:37:47,660 [INFO] IPUIPlugin:80 - create IPUIPlugin
2024-08-07 11:37:47,660 [INFO] PluginManager:220 - loadIPPluginJar : add gfxmmu
2024-08-07 11:37:47,673 [INFO] IPUIPlugin:80 - create IPUIPlugin
2024-08-07 11:37:47,673 [INFO] PluginManager:220 - loadIPPluginJar : add gic
2024-08-07 11:37:47,692 [INFO] IPUIPlugin:80 - create IPUIPlugin
2024-08-07 11:37:47,692 [INFO] PluginManager:220 - loadIPPluginJar : add gpio
2024-08-07 11:37:47,716 [INFO] IPUIPlugin:80 - create IPUIPlugin
2024-08-07 11:37:47,716 [INFO] PluginManager:220 - loadIPPluginJar : add gtzc
2024-08-07 11:37:47,722 [INFO] IPUIPlugin:80 - create IPUIPlugin
2024-08-07 11:37:47,722 [INFO] PluginManager:220 - loadIPPluginJar : add hash
2024-08-07 11:37:47,729 [INFO] IPUIPlugin:80 - create IPUIPlugin
2024-08-07 11:37:47,730 [INFO] PluginManager:220 - loadIPPluginJar : add i2c
2024-08-07 11:37:47,737 [INFO] IPUIPlugin:80 - create IPUIPlugin
2024-08-07 11:37:47,737 [INFO] PluginManager:220 - loadIPPluginJar : add i2s
2024-08-07 11:37:47,743 [INFO] IPUIPlugin:80 - create IPUIPlugin
2024-08-07 11:37:47,744 [INFO] PluginManager:220 - loadIPPluginJar : add i3c
2024-08-07 11:37:47,753 [INFO] IPUIPlugin:80 - create IPUIPlugin
2024-08-07 11:37:47,754 [INFO] PluginManager:220 - loadIPPluginJar : add ipddr
2024-08-07 11:37:47,769 [INFO] IPUIPlugin:80 - create IPUIPlugin
2024-08-07 11:37:47,769 [INFO] PluginManager:220 - loadIPPluginJar : add linkedlist
2024-08-07 11:37:47,775 [INFO] IPUIPlugin:80 - create IPUIPlugin
2024-08-07 11:37:47,775 [INFO] PluginManager:220 - loadIPPluginJar : add lorawan
2024-08-07 11:37:47,781 [INFO] IPUIPlugin:80 - create IPUIPlugin
2024-08-07 11:37:47,781 [INFO] PluginManager:220 - loadIPPluginJar : add ltdc
2024-08-07 11:37:47,802 [INFO] IPUIPlugin:80 - create IPUIPlugin
2024-08-07 11:37:47,802 [INFO] PluginManager:220 - loadIPPluginJar : add mdma
2024-08-07 11:37:47,835 [INFO] IPUIPlugin:80 - create IPUIPlugin
2024-08-07 11:37:47,835 [INFO] PluginManager:220 - loadIPPluginJar : add nvic
2024-08-07 11:37:47,841 [INFO] IPUIPlugin:80 - create IPUIPlugin
2024-08-07 11:37:47,841 [INFO] PluginManager:220 - loadIPPluginJar : add opamp
2024-08-07 11:37:47,849 [INFO] IPUIPlugin:80 - create IPUIPlugin
2024-08-07 11:37:47,849 [INFO] PluginManager:220 - loadIPPluginJar : add openamp
2024-08-07 11:37:47,857 [INFO] IPUIPlugin:80 - create IPUIPlugin
2024-08-07 11:37:47,857 [INFO] PluginManager:220 - loadIPPluginJar : add pdm2pcm
2024-08-07 11:37:47,875 [INFO] IPUIPlugin:80 - create IPUIPlugin
2024-08-07 11:37:47,877 [INFO] PluginManager:220 - loadIPPluginJar : add plateformsettings
2024-08-07 11:37:47,881 [INFO] IPUIPlugin:80 - create IPUIPlugin
2024-08-07 11:37:47,881 [INFO] PluginManager:220 - loadIPPluginJar : add quadspi
2024-08-07 11:37:47,886 [INFO] IPUIPlugin:80 - create IPUIPlugin
2024-08-07 11:37:47,887 [INFO] PluginManager:220 - loadIPPluginJar : add radio
2024-08-07 11:37:47,933 [INFO] IPUIPlugin:80 - create IPUIPlugin
2024-08-07 11:37:47,933 [INFO] PluginManager:220 - loadIPPluginJar : add resmgrutility
2024-08-07 11:37:47,941 [INFO] IPUIPlugin:80 - create IPUIPlugin
2024-08-07 11:37:47,942 [INFO] PluginManager:220 - loadIPPluginJar : add sai
2024-08-07 11:37:47,948 [INFO] IPUIPlugin:80 - create IPUIPlugin
2024-08-07 11:37:47,948 [INFO] PluginManager:220 - loadIPPluginJar : add spi
2024-08-07 11:37:47,959 [INFO] IPUIPlugin:80 - create IPUIPlugin
2024-08-07 11:37:47,959 [INFO] PluginManager:220 - loadIPPluginJar : add stm32_wpan
2024-08-07 11:37:47,964 [INFO] IPUIPlugin:80 - create IPUIPlugin
2024-08-07 11:37:47,964 [INFO] PluginManager:220 - loadIPPluginJar : add tim
2024-08-07 11:37:47,974 [INFO] IPUIPlugin:80 - create IPUIPlugin
2024-08-07 11:37:47,974 [INFO] PluginManager:220 - loadIPPluginJar : add touchsensing
2024-08-07 11:37:47,980 [INFO] IPUIPlugin:80 - create IPUIPlugin
2024-08-07 11:37:47,980 [INFO] PluginManager:220 - loadIPPluginJar : add tracer_emb
2024-08-07 11:37:47,985 [INFO] IPUIPlugin:80 - create IPUIPlugin
2024-08-07 11:37:47,985 [INFO] PluginManager:220 - loadIPPluginJar : add ts
2024-08-07 11:37:47,990 [INFO] IPUIPlugin:80 - create IPUIPlugin
2024-08-07 11:37:47,990 [INFO] PluginManager:220 - loadIPPluginJar : add tsc
2024-08-07 11:37:47,994 [INFO] IPUIPlugin:80 - create IPUIPlugin
2024-08-07 11:37:47,995 [INFO] PluginManager:220 - loadIPPluginJar : add ucpd
2024-08-07 11:37:48,002 [INFO] IPUIPlugin:80 - create IPUIPlugin
2024-08-07 11:37:48,002 [INFO] PluginManager:220 - loadIPPluginJar : add usart
2024-08-07 11:37:48,010 [INFO] IPUIPlugin:80 - create IPUIPlugin
2024-08-07 11:37:48,010 [INFO] PluginManager:220 - loadIPPluginJar : add usbx
2024-08-07 11:37:48,168 [INFO] CADModel:165 - CPN selected for project level
2024-08-07 11:37:48,169 [INFO] CADModel:114 - Register for checkConnection events
2024-08-07 11:37:48,169 [FATAL] Updater:334 - Updater called before beeing initialized
2024-08-07 11:37:48,169 [ERROR] CADModel:125 - Updater not yet initialized, retry later 
2024-08-07 11:37:48,389 [INFO] CADModel:165 - CPN selected for project level
2024-08-07 11:37:48,389 [INFO] CADModel:114 - Register for checkConnection events
2024-08-07 11:37:48,389 [FATAL] Updater:334 - Updater called before beeing initialized
2024-08-07 11:37:48,389 [ERROR] CADModel:125 - Updater not yet initialized, retry later 
2024-08-07 11:37:48,393 [FATAL] Updater:334 - Updater called before beeing initialized
2024-08-07 11:37:48,829 [FATAL] Updater:334 - Updater called before beeing initialized
2024-08-07 11:37:48,833 [INFO] DbMcusAds:53 - JSON generation date=Thu May 16 14:52:00 IST 2024 (1715851320667)
2024-08-07 11:37:48,834 [FATAL] Updater:334 - Updater called before beeing initialized
2024-08-07 11:37:48,928 [WARN] DetailPanel:346 - Failed to get advertising image, set to default
2024-08-07 11:37:49,032 [FATAL] Updater:334 - Updater called before beeing initialized
2024-08-07 11:37:49,049 [FATAL] Updater:334 - Updater called before beeing initialized
2024-08-07 11:37:49,049 [FATAL] Updater:334 - Updater called before beeing initialized
2024-08-07 11:37:49,050 [WARN] DetailPanel:346 - Failed to get advertising image, set to default
2024-08-07 11:37:49,050 [FATAL] Updater:334 - Updater called before beeing initialized
2024-08-07 11:37:49,116 [ERROR] Updater:1164 - MainUpdater not yet initialized. External WinMGr cannot be set.
2024-08-07 11:37:49,121 [INFO] Updater:1100 - Updater Version found : 6.12.0
2024-08-07 11:37:49,149 [INFO] ApplicationProperties:184 - Using Application install path: C:\ST\STM32CubeIDE_1.4.0\STM32CubeIDE\plugins\com.st.stm32cube.common.mx_6.12.0.202406281431
2024-08-07 11:37:49,428 [INFO] ThirdPartyUpdaterWithRetryManager:70 - Updater plugin not ready yet. [2/15]
2024-08-07 11:37:50,018 [INFO] MainUpdater:2873 - connection check result : 10
2024-08-07 11:37:50,019 [INFO] MainUpdater:290 - Updater Check For Update Now.
2024-08-07 11:37:50,019 [INFO] MicroXplorer:498 - Change Database Version : DB.6.0.120
2024-08-07 11:37:50,030 [INFO] McuFinderGlobals:63 - Set McuFinder mode to 2 (CubeIDE integrated)
2024-08-07 11:37:50,033 [INFO] UserAuth:417 - Internet connection configuration mode: 1
2024-08-07 11:37:50,073 [INFO] JxBrowserEngine:152 - Initiate JxBrowser Engine with user profile folder
2024-08-07 11:37:50,347 [INFO] CheckServerUpdateThread:120 - End of CheckServer Thread
2024-08-07 11:37:56,166 [WARN] PackLoader:240 - Cannot read IP mode file for STMicroelectronics.FP-SNS-MOTENVWB1.1.4.0
2024-08-07 11:37:56,189 [WARN] PackLoader:240 - Cannot read IP mode file for STMicroelectronics.X-CUBE-SMBUS.2.1.0
2024-08-07 11:37:56,201 [WARN] PackLoader:240 - Cannot read IP mode file for STMicroelectronics.X-CUBE-TOUCHGFX.4.23.2
2024-08-07 11:37:56,255 [WARN] PackLoader:240 - Cannot read IP mode file for STMicroelectronics.X-CUBE-AZRTOS-F7.1.1.0
2024-08-07 11:37:56,281 [WARN] PackLoader:240 - Cannot read IP mode file for STMicroelectronics.FP-SNS-FLIGHT1.5.0.2
2024-08-07 11:37:56,294 [WARN] PackLoader:240 - Cannot read IP mode file for STMicroelectronics.X-CUBE-DISPLAY.3.0.0
2024-08-07 11:37:56,320 [WARN] PackLoader:240 - Cannot read IP mode file for STMicroelectronics.X-CUBE-BLE1.7.0.0
2024-08-07 11:37:56,330 [WARN] PackLoader:240 - Cannot read IP mode file for emotas.I-CUBE-CANOPEN.1.3.0
2024-08-07 11:37:56,348 [WARN] PackLoader:240 - Cannot read IP mode file for STMicroelectronics.X-CUBE-BLEMGR.3.1.0
2024-08-07 11:37:56,359 [WARN] PackLoader:240 - Cannot read IP mode file for STMicroelectronics.FP-SNS-SMARTAG2.1.2.0
2024-08-07 11:37:56,374 [INFO] LogOutputStream:77 - [STDOUT_REDIRECT] 1 : Invalid condition id : UX_CORESTACK_Condition cause : null
2024-08-07 11:37:56,375 [INFO] LogOutputStream:77 - [STDOUT_REDIRECT] 1 : Invalid condition id : UX_CORESTACK_Condition cause : null
2024-08-07 11:37:56,377 [INFO] LogOutputStream:77 - [STDOUT_REDIRECT] 1 : Invalid condition id : UX_CORESTACK_Condition cause : null
2024-08-07 11:37:56,379 [INFO] LogOutputStream:77 - [STDOUT_REDIRECT] 1 : Invalid condition id : UX_CORESTACK_Condition cause : null
2024-08-07 11:37:56,382 [INFO] LogOutputStream:77 - [STDOUT_REDIRECT] 1 : Invalid condition id : UX_CORESTACK_Condition cause : null
2024-08-07 11:37:56,390 [WARN] PackLoader:240 - Cannot read IP mode file for STMicroelectronics.X-CUBE-AZRTOS-WL.2.0.0
2024-08-07 11:37:56,399 [WARN] PackLoader:240 - Cannot read IP mode file for STMicroelectronics.FP-SNS-MOTENV1.5.0.0
2024-08-07 11:37:56,407 [WARN] PackLoader:240 - Cannot read IP mode file for wolfSSL.I-CUBE-wolfMQTT.1.19.0
2024-08-07 11:37:56,419 [WARN] PackLoader:240 - Cannot read IP mode file for WES.I-CUBE-Cesium.1.3.0
2024-08-07 11:37:56,428 [WARN] PackLoader:240 - Cannot read IP mode file for STMicroelectronics.X-CUBE-BLE2.3.3.0
2024-08-07 11:37:56,432 [INFO] WebApp:167 - Instantiating new browser for Auth
2024-08-07 11:37:56,439 [WARN] PackLoader:240 - Cannot read IP mode file for STMicroelectronics.X-CUBE-TCPP.4.1.0
2024-08-07 11:37:56,453 [WARN] PackLoader:240 - Cannot read IP mode file for STMicroelectronics.X-CUBE-ALGOBUILD.1.3.0
2024-08-07 11:37:56,485 [WARN] PackLoader:240 - Cannot read IP mode file for STMicroelectronics.X-CUBE-AZRTOS-G0.1.1.0
2024-08-07 11:37:56,512 [WARN] PackLoader:240 - Cannot read IP mode file for STMicroelectronics.X-CUBE-SAFEA1.1.2.2
2024-08-07 11:37:56,525 [WARN] PackLoader:240 - Cannot read IP mode file for STMicroelectronics.X-CUBE-NFC4.3.0.0
2024-08-07 11:37:56,544 [WARN] PackLoader:240 - Cannot read IP mode file for EmbeddedOffice.I-CUBE-FS-RTOS.1.0.1
2024-08-07 11:37:56,545 [ERROR] ConditionMgr:805 - Attr not supported : Dmpu
2024-08-07 11:37:56,545 [ERROR] ConditionMgr:805 - Attr not supported : Dmpu
2024-08-07 11:37:56,546 [ERROR] ConditionMgr:805 - Attr not supported : Dmpu
2024-08-07 11:37:56,546 [ERROR] ConditionMgr:805 - Attr not supported : Dmpu
2024-08-07 11:37:56,546 [ERROR] ConditionMgr:805 - Attr not supported : Dmpu
2024-08-07 11:37:56,547 [ERROR] ConditionMgr:805 - Attr not supported : Dmpu
2024-08-07 11:37:56,547 [ERROR] ConditionMgr:805 - Attr not supported : Dmpu
2024-08-07 11:37:56,547 [ERROR] ConditionMgr:805 - Attr not supported : Dmpu
2024-08-07 11:37:56,547 [ERROR] ConditionMgr:805 - Attr not supported : Dmpu
2024-08-07 11:37:56,548 [ERROR] ConditionMgr:805 - Attr not supported : Dmpu
2024-08-07 11:37:56,548 [ERROR] ConditionMgr:805 - Attr not supported : Dmpu
2024-08-07 11:37:56,549 [ERROR] ConditionMgr:805 - Attr not supported : Dmpu
2024-08-07 11:37:56,549 [ERROR] ConditionMgr:805 - Attr not supported : Dmpu
2024-08-07 11:37:56,549 [ERROR] ConditionMgr:805 - Attr not supported : Dmpu
2024-08-07 11:37:56,549 [ERROR] ConditionMgr:805 - Attr not supported : Dmpu
2024-08-07 11:37:56,549 [ERROR] ConditionMgr:805 - Attr not supported : Dmpu
2024-08-07 11:37:56,549 [ERROR] ConditionMgr:805 - Attr not supported : Dmpu
2024-08-07 11:37:56,549 [ERROR] ConditionMgr:805 - Attr not supported : Dmpu
2024-08-07 11:37:56,549 [ERROR] ConditionMgr:805 - Attr not supported : Dmpu
2024-08-07 11:37:56,549 [ERROR] ConditionMgr:805 - Attr not supported : Dmpu
2024-08-07 11:37:56,550 [ERROR] ConditionMgr:805 - Attr not supported : Dmpu
2024-08-07 11:37:56,550 [ERROR] ConditionMgr:805 - Attr not supported : Dmpu
2024-08-07 11:37:56,550 [ERROR] ConditionMgr:805 - Attr not supported : Dmpu
2024-08-07 11:37:56,550 [ERROR] ConditionMgr:805 - Attr not supported : Dmpu
2024-08-07 11:37:56,550 [ERROR] ConditionMgr:805 - Attr not supported : Dmpu
2024-08-07 11:37:56,550 [ERROR] ConditionMgr:805 - Attr not supported : Dmpu
2024-08-07 11:37:56,550 [ERROR] ConditionMgr:805 - Attr not supported : Dmpu
2024-08-07 11:37:56,550 [ERROR] ConditionMgr:805 - Attr not supported : Dmpu
2024-08-07 11:37:56,550 [ERROR] ConditionMgr:805 - Attr not supported : Dmpu
2024-08-07 11:37:56,551 [ERROR] ConditionMgr:805 - Attr not supported : Dmpu
2024-08-07 11:37:56,551 [ERROR] ConditionMgr:805 - Attr not supported : Dmpu
2024-08-07 11:37:56,551 [ERROR] ConditionMgr:805 - Attr not supported : Dmpu
2024-08-07 11:37:56,551 [ERROR] ConditionMgr:805 - Attr not supported : Dmpu
2024-08-07 11:37:56,551 [ERROR] ConditionMgr:805 - Attr not supported : Dmpu
2024-08-07 11:37:56,551 [ERROR] ConditionMgr:805 - Attr not supported : Dmpu
2024-08-07 11:37:56,551 [ERROR] ConditionMgr:805 - Attr not supported : Dmpu
2024-08-07 11:37:56,552 [ERROR] ConditionMgr:805 - Attr not supported : Dmpu
2024-08-07 11:37:56,552 [ERROR] ConditionMgr:805 - Attr not supported : Dmpu
2024-08-07 11:37:56,552 [ERROR] ConditionMgr:805 - Attr not supported : Dmpu
2024-08-07 11:37:56,552 [ERROR] ConditionMgr:805 - Attr not supported : Dmpu
2024-08-07 11:37:56,552 [ERROR] ConditionMgr:805 - Attr not supported : Dmpu
2024-08-07 11:37:56,552 [ERROR] ConditionMgr:805 - Attr not supported : Dmpu
2024-08-07 11:37:56,552 [ERROR] ConditionMgr:805 - Attr not supported : Dmpu
2024-08-07 11:37:56,553 [ERROR] ConditionMgr:805 - Attr not supported : Dmpu
2024-08-07 11:37:56,553 [ERROR] ConditionMgr:805 - Attr not supported : Dmpu
2024-08-07 11:37:56,553 [ERROR] ConditionMgr:805 - Attr not supported : Dmpu
2024-08-07 11:37:56,553 [ERROR] ConditionMgr:805 - Attr not supported : Dmpu
2024-08-07 11:37:56,553 [ERROR] ConditionMgr:805 - Attr not supported : Dmpu
2024-08-07 11:37:56,553 [ERROR] ConditionMgr:805 - Attr not supported : Dmpu
2024-08-07 11:37:56,553 [ERROR] ConditionMgr:805 - Attr not supported : Dmpu
2024-08-07 11:37:56,554 [ERROR] ConditionMgr:805 - Attr not supported : Dmpu
2024-08-07 11:37:56,554 [ERROR] ConditionMgr:805 - Attr not supported : Dmpu
2024-08-07 11:37:56,554 [ERROR] ConditionMgr:805 - Attr not supported : Dmpu
2024-08-07 11:37:56,554 [ERROR] ConditionMgr:805 - Attr not supported : Dmpu
2024-08-07 11:37:56,554 [ERROR] ConditionMgr:805 - Attr not supported : Dmpu
2024-08-07 11:37:56,554 [ERROR] ConditionMgr:805 - Attr not supported : Dmpu
2024-08-07 11:37:56,554 [ERROR] ConditionMgr:805 - Attr not supported : Dmpu
2024-08-07 11:37:56,554 [ERROR] ConditionMgr:805 - Attr not supported : Dmpu
2024-08-07 11:37:56,554 [ERROR] ConditionMgr:805 - Attr not supported : Dmpu
2024-08-07 11:37:56,554 [ERROR] ConditionMgr:805 - Attr not supported : Dmpu
2024-08-07 11:37:56,555 [ERROR] ConditionMgr:805 - Attr not supported : Dmpu
2024-08-07 11:37:56,555 [ERROR] ConditionMgr:805 - Attr not supported : Dmpu
2024-08-07 11:37:56,555 [ERROR] ConditionMgr:805 - Attr not supported : Dmpu
2024-08-07 11:37:56,555 [ERROR] ConditionMgr:805 - Attr not supported : Dmpu
2024-08-07 11:37:56,574 [WARN] PackLoader:240 - Cannot read IP mode file for RealThread.X-CUBE-RT-Thread_Nano.4.1.1
2024-08-07 11:37:56,583 [WARN] PackLoader:240 - Cannot read IP mode file for wolfSSL.I-CUBE-wolfSSL.5.7.0
2024-08-07 11:37:56,588 [WARN] PackLoader:240 - Cannot read IP mode file for STMicroelectronics.FP-ATR-SIGFOX1.3.2.0
2024-08-07 11:37:56,599 [WARN] PackLoader:240 - Cannot read IP mode file for STMicroelectronics.X-CUBE-EEPRMA1.5.1.0
2024-08-07 11:37:56,621 [WARN] PackLoader:240 - Cannot read IP mode file for ITTIA_DB.I-CUBE-ITTIADB.8.9.0
2024-08-07 11:37:56,667 [WARN] PackLoader:240 - Cannot read IP mode file for SEGGER.I-CUBE-embOS.1.3.1
2024-08-07 11:37:56,752 [WARN] PackLoader:240 - Cannot read IP mode file for STMicroelectronics.X-CUBE-ALGOBUILD.1.4.0
2024-08-07 11:37:56,773 [WARN] PackLoader:240 - Cannot read IP mode file for STMicroelectronics.X-CUBE-GNSS1.6.0.0
2024-08-07 11:37:56,808 [WARN] PackLoader:240 - Cannot read IP mode file for STMicroelectronics.X-CUBE-AZRTOS-F4.1.1.0
2024-08-07 11:37:56,837 [WARN] PackLoader:240 - Cannot read IP mode file for STMicroelectronics.X-CUBE-FREERTOS.1.2.0
2024-08-07 11:37:56,876 [WARN] PackLoader:240 - Cannot read IP mode file for STMicroelectronics.X-CUBE-AZRTOS-L5.2.0.0
2024-08-07 11:37:56,891 [WARN] PackLoader:240 - Cannot read IP mode file for STMicroelectronics.X-CUBE-NFC6.3.1.0
2024-08-07 11:37:56,902 [WARN] PackLoader:240 - Cannot read IP mode file for STMicroelectronics.X-CUBE-DPower.1.2.0
2024-08-07 11:37:56,909 [WARN] PackLoader:240 - Cannot read IP mode file for STMicroelectronics.X-CUBE-AI.9.0.0
2024-08-07 11:37:56,925 [WARN] PackLoader:240 - Cannot read IP mode file for STMicroelectronics.X-CUBE-NFC7.1.0.1
2024-08-07 11:37:56,937 [WARN] PackLoader:240 - Cannot read IP mode file for wolfSSL.I-CUBE-wolfTPM.3.2.0
2024-08-07 11:37:56,953 [WARN] PackLoader:240 - Cannot read IP mode file for STMicroelectronics.X-CUBE-AI.8.1.0
2024-08-07 11:37:56,988 [WARN] ConditionMgr:438 - getConditionDescription Invalid condition id : LAN8742 Phy interface Condition cause : null
2024-08-07 11:37:56,989 [WARN] PackLoader:240 - Cannot read IP mode file for STMicroelectronics.X-CUBE-AZRTOS-L4.2.0.0
2024-08-07 11:37:56,990 [WARN] ConditionMgr:1039 - genDependencies : Invalid condition id : LAN8742 Phy interface Condition cause : null
2024-08-07 11:37:56,990 [WARN] ConditionMgr:1039 - genDependencies : Invalid condition id : LAN8742 Phy interface Condition cause : null
2024-08-07 11:37:56,991 [WARN] ConditionMgr:1039 - genDependencies : Invalid condition id : LAN8742 Phy interface Condition cause : null
2024-08-07 11:37:57,013 [WARN] PackLoader:240 - Cannot read IP mode file for STMicroelectronics.X-CUBE-SFXS2LP1.4.0.0
2024-08-07 11:37:57,051 [WARN] ConditionMgr:438 - getConditionDescription Invalid condition id : UX DEVICE CLASS RTOS Condition cause : null
2024-08-07 11:37:57,052 [WARN] ConditionMgr:438 - getConditionDescription Invalid condition id : UX DEVICE CLASS RTOS Condition cause : null
2024-08-07 11:37:57,056 [WARN] PackLoader:240 - Cannot read IP mode file for STMicroelectronics.X-CUBE-AZRTOS-WB.2.0.0
2024-08-07 11:37:57,057 [WARN] ConditionMgr:1039 - genDependencies : Invalid condition id : UX DEVICE CLASS RTOS Condition cause : null
2024-08-07 11:37:57,058 [WARN] ConditionMgr:1039 - genDependencies : Invalid condition id : UX DEVICE CLASS RTOS Condition cause : null
2024-08-07 11:37:57,059 [WARN] ConditionMgr:1039 - genDependencies : Invalid condition id : UX DEVICE CLASS RTOS Condition cause : null
2024-08-07 11:37:57,060 [WARN] ConditionMgr:1039 - genDependencies : Invalid condition id : UX DEVICE CLASS RTOS Condition cause : null
2024-08-07 11:37:57,060 [WARN] ConditionMgr:1039 - genDependencies : Invalid condition id : UX DEVICE CLASS RTOS Condition cause : null
2024-08-07 11:37:57,103 [WARN] PackLoader:240 - Cannot read IP mode file for STMicroelectronics.FP-SNS-STBOX1.2.0.0
2024-08-07 11:37:57,136 [WARN] PackLoader:240 - Cannot read IP mode file for STMicroelectronics.X-CUBE-SUBG2.5.0.0
2024-08-07 11:37:57,169 [WARN] PackLoader:240 - Cannot read IP mode file for Cesanta.I-CUBE-Mongoose.7.13.0
2024-08-07 11:37:57,210 [WARN] PackLoader:240 - Cannot read IP mode file for STMicroelectronics.X-CUBE-AZRTOS-G4.2.0.0
2024-08-07 11:37:57,234 [WARN] PackLoader:240 - Cannot read IP mode file for STMicroelectronics.FP-SNS-MOTENVWB1.1.3.1
2024-08-07 11:37:57,255 [WARN] PackLoader:240 - Cannot read IP mode file for STMicroelectronics.X-CUBE-ISPU.2.0.0
2024-08-07 11:37:57,268 [WARN] PackLoader:240 - Cannot read IP mode file for STMicroelectronics.X-CUBE-ALS.1.0.2
2024-08-07 11:37:57,318 [WARN] PackLoader:240 - Cannot read IP mode file for STMicroelectronics.X-CUBE-MEMS1.10.0.0
2024-08-07 11:37:57,476 [WARN] PackLoader:240 - Cannot read IP mode file for STMicroelectronics.X-CUBE-FREERTOS.1.1.0
2024-08-07 11:37:57,481 [WARN] PackLoader:240 - Cannot read IP mode file for STMicroelectronics.X-CUBE-TOUCHGFX.4.24.0
2024-08-07 11:37:57,489 [WARN] PackLoader:240 - Cannot read IP mode file for portGmbH.I-Cube-SoM-uGOAL.1.1.0
2024-08-07 11:37:57,495 [WARN] PackLoader:240 - Cannot read IP mode file for STMicroelectronics.X-CUBE-ALS.1.0.1
2024-08-07 11:37:57,519 [WARN] PackLoader:240 - Cannot read IP mode file for STMicroelectronics.X-CUBE-AZRTOS-H7RS.1.0.0
2024-08-07 11:37:57,527 [WARN] PackLoader:240 - Cannot read IP mode file for STMicroelectronics.FP-ATR-ASTRA1.2.0.0
2024-08-07 11:37:57,539 [WARN] PackLoader:240 - Cannot read IP mode file for STMicroelectronics.X-CUBE-TOF1.3.4.2
2024-08-07 11:37:57,563 [WARN] PackLoader:240 - Cannot read IP mode file for STMicroelectronics.X-CUBE-TOF1.3.4.1
2024-08-07 11:37:57,606 [WARN] PackLoader:240 - Cannot read IP mode file for STMicroelectronics.X-CUBE-AZRTOS-H7.3.2.0
2024-08-07 11:37:57,639 [WARN] PackLoader:240 - Cannot read IP mode file for Infineon.AIROC-Wi-Fi-Bluetooth-STM32.1.6.0
2024-08-07 11:37:57,652 [WARN] PackLoader:240 - Cannot read IP mode file for wolfSSL.I-CUBE-wolfSSH.1.4.17
2024-08-07 11:37:57,653 [INFO] ThirdParty:978 - Integrity check success = true
2024-08-07 11:37:57,654 [INFO] IntegrityCheckThread:100 - exiting critical section [integrity check]
2024-08-07 11:37:57,654 [INFO] IntegrityCheckThread:103 - End integrity checks thread
2024-08-07 11:37:59,071 [INFO] WebApp:448 - Apply proxy settings
2024-08-07 11:37:59,072 [INFO] WebApp:533 - Chromium requires no authentication
2024-08-07 11:37:59,123 [INFO] WebApp:476 - Direct internet connection detected
2024-08-07 11:37:59,245 [INFO] WebApp:869 - Register for checkConnection events
2024-08-07 11:37:59,245 [INFO] WebApp:448 - Apply proxy settings
2024-08-07 11:37:59,245 [INFO] WebApp:533 - Chromium requires no authentication
2024-08-07 11:37:59,245 [INFO] WebApp:476 - Direct internet connection detected
2024-08-07 11:37:59,654 [INFO] WebApp:186 - Connection restablished
2024-08-07 11:37:59,772 [INFO] WebApp:220 - Starting web application
2024-08-07 11:37:59,772 [INFO] WebApp:578 - Web application path used C:\ST\STM32CubeIDE_1.4.0\STM32CubeIDE\plugins\com.st.stm32cube.common.mx_6.12.0.202406281431\db\plugins\mcufinder\reactClient1\index.html
2024-08-07 11:38:00,027 [INFO] UserAuth:417 - Internet connection configuration mode: 1
2024-08-07 16:17:20,987 [INFO] Activator:176 - 


2024-08-07 16:17:20,992 [INFO] Activator:177 - !SESSION log4j initialized
2024-08-07 16:17:28,613 [INFO] LogOutputStream:77 - [STDOUT_REDIRECT] 
2024-08-07 16:17:33,285 [INFO] ApplicationProperties:184 - Using Application install path: C:\ST\STM32CubeIDE_1.4.0\STM32CubeIDE\plugins\com.st.stm32cube.common.mx_6.12.0.202406281431
2024-08-07 16:17:33,311 [INFO] DbMcusXml:78 - Set database path to: C:\ST\STM32CubeIDE_1.4.0\STM32CubeIDE\plugins\com.st.stm32cube.common.mx_6.12.0.202406281431\\db\/mcu/
2024-08-07 16:17:33,311 [INFO] ApiDb:274 - Set plugin database path to: C:\ST\STM32CubeIDE_1.4.0\STM32CubeIDE\plugins\com.st.stm32cube.common.mx_6.12.0.202406281431\\db\/plugins/boardmanager/
2024-08-07 16:17:33,312 [WARN] ApiDb:259 - Overriding images path with different value:  => C:\ST\STM32CubeIDE_1.4.0\STM32CubeIDE\plugins\com.st.stm32cube.common.mx_6.12.0.202406281431\\db\/plugins/mcufinder/images/
2024-08-07 16:17:33,332 [INFO] ApiDb:250 - Set database path to: C:\Users\Abhishek\.stmcufinder\plugins\mcufinder//mcu/
2024-08-07 16:17:33,334 [INFO] DbMcusAds:125 - Set database path to: C:\Users\Abhishek\.stmcufinder\plugins\mcufinder//mcu/
2024-08-07 16:17:33,341 [INFO] CrossReferenceDbSqlite:203 - Set database path to: C:\Users\Abhishek\.stmcufinder\plugins\mcufinder//mcu/cs/
2024-08-07 16:17:33,613 [INFO] RulesReader:64 - Compatibility file has been processed (297 Rules)
2024-08-07 16:17:33,815 [INFO] DbMcusXml:78 - Set database path to: C:\ST\STM32CubeIDE_1.4.0\STM32CubeIDE\plugins\com.st.stm32cube.common.mx_6.12.0.202406281431\\db\/mcu/
2024-08-07 16:17:33,816 [INFO] ApiDb:274 - Set plugin database path to: C:\ST\STM32CubeIDE_1.4.0\STM32CubeIDE\plugins\com.st.stm32cube.common.mx_6.12.0.202406281431\\db\/plugins/boardmanager/
2024-08-07 16:17:33,816 [INFO] ApiDb:261 - Set plugin images path to: C:\ST\STM32CubeIDE_1.4.0\STM32CubeIDE\plugins\com.st.stm32cube.common.mx_6.12.0.202406281431\\db\/plugins/mcufinder/images/
2024-08-07 16:17:33,816 [WARN] DbFile:41 - Overriding database path with different value: C:\Users\Abhishek\.stmcufinder\plugins\mcufinder/ => C:\Users\Abhishek\.stmcufinder\plugins\mcufinder
2024-08-07 16:17:33,816 [INFO] ApiDb:250 - Set database path to: C:\Users\Abhishek\.stmcufinder\plugins\mcufinder//mcu/
2024-08-07 16:17:33,816 [WARN] DbFile:41 - Overriding database path with different value: C:\Users\Abhishek\.stmcufinder\plugins\mcufinder/ => C:\Users\Abhishek\.stmcufinder\plugins\mcufinder
2024-08-07 16:17:33,817 [INFO] DbMcusAds:125 - Set database path to: C:\Users\Abhishek\.stmcufinder\plugins\mcufinder//mcu/
2024-08-07 16:17:33,817 [WARN] DbFile:41 - Overriding database path with different value: C:\Users\Abhishek\.stmcufinder\plugins\mcufinder/ => C:\Users\Abhishek\.stmcufinder\plugins\mcufinder
2024-08-07 16:17:33,817 [WARN] DbFile:41 - Overriding database path with different value: C:\Users\Abhishek\.stmcufinder\plugins\mcufinder/ => C:\Users\Abhishek\.stmcufinder\plugins\mcufinder
2024-08-07 16:17:33,817 [INFO] CrossReferenceDbSqlite:203 - Set database path to: C:\Users\Abhishek\.stmcufinder\plugins\mcufinder//mcu/cs/
2024-08-07 16:17:34,017 [INFO] MainPanel:268 - HeapMemory: 268435456
2024-08-07 16:17:34,272 [INFO] DbMcusXml:78 - Set database path to: C:\ST\STM32CubeIDE_1.4.0\STM32CubeIDE\plugins\com.st.stm32cube.common.mx_6.12.0.202406281431\\db\/mcu/
2024-08-07 16:17:34,272 [INFO] ApiDb:274 - Set plugin database path to: C:\ST\STM32CubeIDE_1.4.0\STM32CubeIDE\plugins\com.st.stm32cube.common.mx_6.12.0.202406281431\\db\/plugins/boardmanager/
2024-08-07 16:17:34,272 [INFO] ApiDb:261 - Set plugin images path to: C:\ST\STM32CubeIDE_1.4.0\STM32CubeIDE\plugins\com.st.stm32cube.common.mx_6.12.0.202406281431\\db\/plugins/mcufinder/images/
2024-08-07 16:17:34,272 [WARN] DbFile:41 - Overriding database path with different value: C:\Users\Abhishek\.stmcufinder\plugins\mcufinder/ => C:\Users\Abhishek\.stmcufinder\plugins\mcufinder
2024-08-07 16:17:34,273 [INFO] ApiDb:250 - Set database path to: C:\Users\Abhishek\.stmcufinder\plugins\mcufinder//mcu/
2024-08-07 16:17:34,273 [WARN] DbFile:41 - Overriding database path with different value: C:\Users\Abhishek\.stmcufinder\plugins\mcufinder/ => C:\Users\Abhishek\.stmcufinder\plugins\mcufinder
2024-08-07 16:17:34,273 [INFO] DbMcusAds:125 - Set database path to: C:\Users\Abhishek\.stmcufinder\plugins\mcufinder//mcu/
2024-08-07 16:17:34,273 [WARN] DbFile:41 - Overriding database path with different value: C:\Users\Abhishek\.stmcufinder\plugins\mcufinder/ => C:\Users\Abhishek\.stmcufinder\plugins\mcufinder
2024-08-07 16:17:34,273 [WARN] DbFile:41 - Overriding database path with different value: C:\Users\Abhishek\.stmcufinder\plugins\mcufinder/ => C:\Users\Abhishek\.stmcufinder\plugins\mcufinder
2024-08-07 16:17:34,273 [INFO] CrossReferenceDbSqlite:203 - Set database path to: C:\Users\Abhishek\.stmcufinder\plugins\mcufinder//mcu/cs/
2024-08-07 16:17:34,308 [INFO] ApplicationProperties:184 - Using Application install path: C:\ST\STM32CubeIDE_1.4.0\STM32CubeIDE\plugins\com.st.stm32cube.common.mx_6.12.0.202406281431
2024-08-07 16:17:34,311 [INFO] PluginManage:196 - Search for loadable plugins [exclusion list=, ]
2024-08-07 16:17:34,315 [INFO] PluginManage:310 - Check plugin analytics
2024-08-07 16:17:34,639 [INFO] AnalyticsPlugin:253 - Accepted Software Licenses: STM32CubeMX.6.1.0,STM32CubeMX.6.4.0,STM32CubeMX.6.2.0,STM32CubeMX.6.10.0
2024-08-07 16:17:34,639 [INFO] AnalyticsPlugin:255 - Accepted CMSIS Pack Licenses: 
2024-08-07 16:17:34,640 [INFO] AnalyticsPlugin:257 - Accepted Firmware Licenses: 
2024-08-07 16:17:34,644 [INFO] PluginManage:359 - Loaded plugin analytics (category:tool,tabindex:-1)
2024-08-07 16:17:34,645 [INFO] PluginManage:310 - Check plugin cadmodel
2024-08-07 16:17:34,661 [INFO] CADModel:105 - Init CAD model plugin
2024-08-07 16:17:34,661 [INFO] PluginManage:359 - Loaded plugin cadmodel (category:power,tabindex:5)
2024-08-07 16:17:34,662 [INFO] PluginManage:310 - Check plugin clock
2024-08-07 16:17:34,682 [INFO] PluginManage:359 - Loaded plugin clock (category:base,tabindex:2)
2024-08-07 16:17:34,682 [INFO] PluginManage:310 - Check plugin ddr
2024-08-07 16:17:34,687 [INFO] PluginManage:359 - Loaded plugin ddr (category:tool,tabindex:6)
2024-08-07 16:17:34,687 [INFO] PluginManage:310 - Check plugin filemanager
2024-08-07 16:17:34,969 [INFO] PluginManage:359 - Loaded plugin filemanager (category:base,tabindex:10)
2024-08-07 16:17:34,970 [INFO] PluginManage:310 - Check plugin ipmanager
2024-08-07 16:17:34,982 [INFO] PluginManage:359 - Loaded plugin ipmanager (category:base,tabindex:5)
2024-08-07 16:17:34,982 [INFO] PluginManage:310 - Check plugin lpbam
2024-08-07 16:17:35,023 [INFO] PluginManage:359 - Loaded plugin lpbam (category:base,tabindex:0)
2024-08-07 16:17:35,023 [INFO] PluginManage:310 - Check plugin memorymap
2024-08-07 16:17:35,066 [INFO] PluginManage:359 - Loaded plugin memorymap (category:base,tabindex:4)
2024-08-07 16:17:35,067 [INFO] PluginManage:310 - Check plugin pinoutandconfiguration
2024-08-07 16:17:35,084 [INFO] PluginManage:359 - Loaded plugin pinoutandconfiguration (category:base,tabindex:1)
2024-08-07 16:17:35,084 [INFO] PluginManage:310 - Check plugin pinoutconfig
2024-08-07 16:17:35,261 [WARN] SupportedApi:132 - Cannot load RTOS API schema: s4s-elt-must-match.1: The content of 'definitions' must match (annotation?, (simpleType | complexType)?, (unique | key | keyref)*)). A problem was found starting at: attribute.
2024-08-07 16:17:35,433 [INFO] PluginManage:359 - Loaded plugin pinoutconfig (category:base,tabindex:0)
2024-08-07 16:17:35,433 [INFO] PluginManage:310 - Check plugin power
2024-08-07 16:17:35,454 [INFO] PluginManage:359 - Loaded plugin power (category:power,tabindex:4)
2024-08-07 16:17:35,454 [INFO] PluginManage:310 - Check plugin projectmanager
2024-08-07 16:17:35,473 [INFO] PluginManage:359 - Loaded plugin projectmanager (category:projectmanager,tabindex:4)
2024-08-07 16:17:35,473 [INFO] PluginManage:310 - Check plugin rif
2024-08-07 16:17:35,528 [INFO] PluginManage:359 - Loaded plugin rif (category:base,tabindex:3)
2024-08-07 16:17:35,529 [INFO] PluginManage:310 - Check plugin thirdparty
2024-08-07 16:17:35,755 [INFO] PluginManage:359 - Loaded plugin thirdparty (category:base,tabindex:-1)
2024-08-07 16:17:35,755 [WARN] IntegrityCheckThread:84 - waiting for thirdparty lock release [integrity check]
2024-08-07 16:17:35,755 [INFO] PluginManage:310 - Check plugin tools
2024-08-07 16:17:35,755 [INFO] IntegrityCheckThread:86 - entering critical section [integrity check]
2024-08-07 16:17:35,756 [INFO] ThirdPartyUpdaterWithRetryManager:70 - Updater plugin not ready yet. [1/15]
2024-08-07 16:17:35,762 [INFO] PluginManage:359 - Loaded plugin tools (category:base,tabindex:7)
2024-08-07 16:17:35,762 [INFO] PluginManage:310 - Check plugin tutovideos
2024-08-07 16:17:36,096 [INFO] PluginManage:359 - Loaded plugin tutovideos (category:base,tabindex:-1)
2024-08-07 16:17:36,097 [INFO] PluginManage:310 - Check plugin updater
2024-08-07 16:17:36,140 [INFO] PluginManage:359 - Loaded plugin updater (category:base,tabindex:12)
2024-08-07 16:17:36,141 [INFO] PluginManage:310 - Check plugin userauth
2024-08-07 16:17:36,151 [INFO] UserAuth:113 - Init User Auth plugin
2024-08-07 16:17:36,151 [INFO] PluginManage:359 - Loaded plugin userauth (category:base,tabindex:14)
2024-08-07 16:17:36,152 [INFO] PluginManage:283 - PluginManage : Loaded plugins [18]
2024-08-07 16:17:36,469 [INFO] PinOutPanel:1561 - setPackage(No Configuration,No Configuration)
2024-08-07 16:17:36,592 [INFO] CADModel:165 - CPN selected for project level
2024-08-07 16:17:36,593 [INFO] CADModel:114 - Register for checkConnection events
2024-08-07 16:17:36,625 [INFO] IPUIPlugin:80 - create IPUIPlugin
2024-08-07 16:17:36,625 [INFO] PluginManager:220 - loadIPPluginJar : add adc
2024-08-07 16:17:36,631 [INFO] IPUIPlugin:80 - create IPUIPlugin
2024-08-07 16:17:36,631 [INFO] PluginManager:220 - loadIPPluginJar : add aes
2024-08-07 16:17:36,638 [INFO] IPUIPlugin:80 - create IPUIPlugin
2024-08-07 16:17:36,639 [INFO] PluginManager:220 - loadIPPluginJar : add can
2024-08-07 16:17:36,643 [INFO] IPUIPlugin:80 - create IPUIPlugin
2024-08-07 16:17:36,643 [INFO] PluginManager:220 - loadIPPluginJar : add comp
2024-08-07 16:17:36,652 [INFO] IPUIPlugin:80 - create IPUIPlugin
2024-08-07 16:17:36,653 [INFO] PluginManager:220 - loadIPPluginJar : add cryp
2024-08-07 16:17:36,661 [INFO] IPUIPlugin:80 - create IPUIPlugin
2024-08-07 16:17:36,661 [INFO] PluginManager:220 - loadIPPluginJar : add ddr_ctrl_phy
2024-08-07 16:17:36,667 [INFO] IPUIPlugin:80 - create IPUIPlugin
2024-08-07 16:17:36,668 [INFO] PluginManager:220 - loadIPPluginJar : add dfsdm
2024-08-07 16:17:36,682 [INFO] IPUIPlugin:80 - create IPUIPlugin
2024-08-07 16:17:36,683 [INFO] PluginManager:220 - loadIPPluginJar : add dma
2024-08-07 16:17:36,691 [INFO] IPUIPlugin:80 - create IPUIPlugin
2024-08-07 16:17:36,691 [INFO] PluginManager:220 - loadIPPluginJar : add dma3
2024-08-07 16:17:36,699 [INFO] IPUIPlugin:80 - create IPUIPlugin
2024-08-07 16:17:36,699 [INFO] PluginManager:220 - loadIPPluginJar : add extmemmanager
2024-08-07 16:17:36,702 [INFO] IPUIPlugin:80 - create IPUIPlugin
2024-08-07 16:17:36,703 [INFO] PluginManager:220 - loadIPPluginJar : add fatfs
2024-08-07 16:17:36,712 [INFO] IPUIPlugin:80 - create IPUIPlugin
2024-08-07 16:17:36,713 [INFO] PluginManager:220 - loadIPPluginJar : add fmc
2024-08-07 16:17:36,762 [INFO] IPUIPlugin:80 - create IPUIPlugin
2024-08-07 16:17:36,762 [INFO] PluginManager:220 - loadIPPluginJar : add freertos
2024-08-07 16:17:36,767 [INFO] IPUIPlugin:80 - create IPUIPlugin
2024-08-07 16:17:36,767 [INFO] PluginManager:220 - loadIPPluginJar : add genericplugin
2024-08-07 16:17:36,774 [INFO] IPUIPlugin:80 - create IPUIPlugin
2024-08-07 16:17:36,774 [INFO] PluginManager:220 - loadIPPluginJar : add gfxmmu
2024-08-07 16:17:36,787 [INFO] IPUIPlugin:80 - create IPUIPlugin
2024-08-07 16:17:36,787 [INFO] PluginManager:220 - loadIPPluginJar : add gic
2024-08-07 16:17:36,806 [INFO] IPUIPlugin:80 - create IPUIPlugin
2024-08-07 16:17:36,806 [INFO] PluginManager:220 - loadIPPluginJar : add gpio
2024-08-07 16:17:36,817 [INFO] IPUIPlugin:80 - create IPUIPlugin
2024-08-07 16:17:36,817 [INFO] PluginManager:220 - loadIPPluginJar : add gtzc
2024-08-07 16:17:36,822 [INFO] IPUIPlugin:80 - create IPUIPlugin
2024-08-07 16:17:36,823 [INFO] PluginManager:220 - loadIPPluginJar : add hash
2024-08-07 16:17:36,829 [INFO] IPUIPlugin:80 - create IPUIPlugin
2024-08-07 16:17:36,829 [INFO] PluginManager:220 - loadIPPluginJar : add i2c
2024-08-07 16:17:36,836 [INFO] IPUIPlugin:80 - create IPUIPlugin
2024-08-07 16:17:36,836 [INFO] PluginManager:220 - loadIPPluginJar : add i2s
2024-08-07 16:17:36,843 [INFO] IPUIPlugin:80 - create IPUIPlugin
2024-08-07 16:17:36,843 [INFO] PluginManager:220 - loadIPPluginJar : add i3c
2024-08-07 16:17:36,853 [INFO] IPUIPlugin:80 - create IPUIPlugin
2024-08-07 16:17:36,853 [INFO] PluginManager:220 - loadIPPluginJar : add ipddr
2024-08-07 16:17:36,869 [INFO] IPUIPlugin:80 - create IPUIPlugin
2024-08-07 16:17:36,869 [INFO] PluginManager:220 - loadIPPluginJar : add linkedlist
2024-08-07 16:17:36,879 [INFO] IPUIPlugin:80 - create IPUIPlugin
2024-08-07 16:17:36,879 [INFO] PluginManager:220 - loadIPPluginJar : add lorawan
2024-08-07 16:17:36,884 [INFO] IPUIPlugin:80 - create IPUIPlugin
2024-08-07 16:17:36,884 [INFO] PluginManager:220 - loadIPPluginJar : add ltdc
2024-08-07 16:17:36,908 [INFO] IPUIPlugin:80 - create IPUIPlugin
2024-08-07 16:17:36,908 [INFO] PluginManager:220 - loadIPPluginJar : add mdma
2024-08-07 16:17:36,930 [INFO] IPUIPlugin:80 - create IPUIPlugin
2024-08-07 16:17:36,930 [INFO] PluginManager:220 - loadIPPluginJar : add nvic
2024-08-07 16:17:36,936 [INFO] IPUIPlugin:80 - create IPUIPlugin
2024-08-07 16:17:36,936 [INFO] PluginManager:220 - loadIPPluginJar : add opamp
2024-08-07 16:17:36,944 [INFO] IPUIPlugin:80 - create IPUIPlugin
2024-08-07 16:17:36,944 [INFO] PluginManager:220 - loadIPPluginJar : add openamp
2024-08-07 16:17:36,950 [INFO] IPUIPlugin:80 - create IPUIPlugin
2024-08-07 16:17:36,950 [INFO] PluginManager:220 - loadIPPluginJar : add pdm2pcm
2024-08-07 16:17:36,967 [INFO] IPUIPlugin:80 - create IPUIPlugin
2024-08-07 16:17:36,971 [INFO] PluginManager:220 - loadIPPluginJar : add plateformsettings
2024-08-07 16:17:36,975 [INFO] IPUIPlugin:80 - create IPUIPlugin
2024-08-07 16:17:36,976 [INFO] PluginManager:220 - loadIPPluginJar : add quadspi
2024-08-07 16:17:36,982 [INFO] IPUIPlugin:80 - create IPUIPlugin
2024-08-07 16:17:36,983 [INFO] PluginManager:220 - loadIPPluginJar : add radio
2024-08-07 16:17:37,040 [INFO] IPUIPlugin:80 - create IPUIPlugin
2024-08-07 16:17:37,040 [INFO] PluginManager:220 - loadIPPluginJar : add resmgrutility
2024-08-07 16:17:37,049 [INFO] IPUIPlugin:80 - create IPUIPlugin
2024-08-07 16:17:37,049 [INFO] PluginManager:220 - loadIPPluginJar : add sai
2024-08-07 16:17:37,056 [INFO] IPUIPlugin:80 - create IPUIPlugin
2024-08-07 16:17:37,056 [INFO] PluginManager:220 - loadIPPluginJar : add spi
2024-08-07 16:17:37,067 [INFO] IPUIPlugin:80 - create IPUIPlugin
2024-08-07 16:17:37,067 [INFO] PluginManager:220 - loadIPPluginJar : add stm32_wpan
2024-08-07 16:17:37,072 [INFO] IPUIPlugin:80 - create IPUIPlugin
2024-08-07 16:17:37,072 [INFO] PluginManager:220 - loadIPPluginJar : add tim
2024-08-07 16:17:37,083 [INFO] IPUIPlugin:80 - create IPUIPlugin
2024-08-07 16:17:37,083 [INFO] PluginManager:220 - loadIPPluginJar : add touchsensing
2024-08-07 16:17:37,088 [INFO] IPUIPlugin:80 - create IPUIPlugin
2024-08-07 16:17:37,088 [INFO] PluginManager:220 - loadIPPluginJar : add tracer_emb
2024-08-07 16:17:37,093 [INFO] IPUIPlugin:80 - create IPUIPlugin
2024-08-07 16:17:37,093 [INFO] PluginManager:220 - loadIPPluginJar : add ts
2024-08-07 16:17:37,098 [INFO] IPUIPlugin:80 - create IPUIPlugin
2024-08-07 16:17:37,098 [INFO] PluginManager:220 - loadIPPluginJar : add tsc
2024-08-07 16:17:37,104 [INFO] IPUIPlugin:80 - create IPUIPlugin
2024-08-07 16:17:37,104 [INFO] PluginManager:220 - loadIPPluginJar : add ucpd
2024-08-07 16:17:37,110 [INFO] IPUIPlugin:80 - create IPUIPlugin
2024-08-07 16:17:37,110 [INFO] PluginManager:220 - loadIPPluginJar : add usart
2024-08-07 16:17:37,118 [INFO] IPUIPlugin:80 - create IPUIPlugin
2024-08-07 16:17:37,118 [INFO] PluginManager:220 - loadIPPluginJar : add usbx
2024-08-07 16:17:37,267 [INFO] CADModel:165 - CPN selected for project level
2024-08-07 16:17:37,268 [INFO] CADModel:114 - Register for checkConnection events
2024-08-07 16:17:37,268 [FATAL] Updater:334 - Updater called before beeing initialized
2024-08-07 16:17:37,268 [ERROR] CADModel:125 - Updater not yet initialized, retry later 
2024-08-07 16:17:37,461 [INFO] CADModel:165 - CPN selected for project level
2024-08-07 16:17:37,461 [INFO] CADModel:114 - Register for checkConnection events
2024-08-07 16:17:37,461 [FATAL] Updater:334 - Updater called before beeing initialized
2024-08-07 16:17:37,462 [ERROR] CADModel:125 - Updater not yet initialized, retry later 
2024-08-07 16:17:37,467 [FATAL] Updater:334 - Updater called before beeing initialized
2024-08-07 16:17:37,617 [FATAL] Updater:334 - Updater called before beeing initialized
2024-08-07 16:17:37,623 [INFO] DbMcusAds:53 - JSON generation date=Thu May 16 14:52:00 IST 2024 (1715851320667)
2024-08-07 16:17:37,623 [FATAL] Updater:334 - Updater called before beeing initialized
2024-08-07 16:17:37,684 [WARN] DetailPanel:346 - Failed to get advertising image, set to default
2024-08-07 16:17:37,787 [FATAL] Updater:334 - Updater called before beeing initialized
2024-08-07 16:17:37,789 [FATAL] Updater:334 - Updater called before beeing initialized
2024-08-07 16:17:37,789 [FATAL] Updater:334 - Updater called before beeing initialized
2024-08-07 16:17:37,790 [WARN] DetailPanel:346 - Failed to get advertising image, set to default
2024-08-07 16:17:37,791 [FATAL] Updater:334 - Updater called before beeing initialized
2024-08-07 16:17:37,860 [ERROR] Updater:1164 - MainUpdater not yet initialized. External WinMGr cannot be set.
2024-08-07 16:17:37,865 [INFO] Updater:1100 - Updater Version found : 6.12.0
2024-08-07 16:17:37,895 [INFO] ApplicationProperties:184 - Using Application install path: C:\ST\STM32CubeIDE_1.4.0\STM32CubeIDE\plugins\com.st.stm32cube.common.mx_6.12.0.202406281431
2024-08-07 16:17:38,757 [INFO] ThirdPartyUpdaterWithRetryManager:70 - Updater plugin not ready yet. [2/15]
2024-08-07 16:17:41,759 [FATAL] Updater:334 - Updater called before beeing initialized
2024-08-07 16:17:41,759 [ERROR] IntegrityCheckThread:130 - Cannot retrieve database content from updater: error 21
2024-08-07 16:17:41,759 [INFO] ThirdParty:978 - Integrity check success = false
2024-08-07 16:17:41,760 [INFO] IntegrityCheckThread:100 - exiting critical section [integrity check]
2024-08-07 16:17:41,760 [INFO] IntegrityCheckThread:103 - End integrity checks thread
2024-08-07 16:17:42,674 [WARN] CheckConnectionManager:291 - Warning during Server Connection :  timeout Connect to sw-center.st.com:443 [sw-center.st.com/103.47.13.146, sw-center.st.com/103.47.13.137] failed: Read timed out
2024-08-07 16:17:46,691 [WARN] CheckConnectionManager:291 - Warning during Server Connection :  timeout Connect to sw-center.st.com:443 [sw-center.st.com/103.47.13.146, sw-center.st.com/103.47.13.137] failed: Read timed out
2024-08-07 16:17:46,698 [INFO] MainUpdater:2873 - connection check result : 22
2024-08-07 16:17:46,700 [INFO] MainUpdater:290 - Updater Check For Update Now.
2024-08-07 16:17:46,700 [INFO] MicroXplorer:498 - Change Database Version : DB.6.0.120
2024-08-07 16:17:46,781 [INFO] McuFinderGlobals:63 - Set McuFinder mode to 2 (CubeIDE integrated)
2024-08-07 16:17:46,787 [INFO] UserAuth:417 - Internet connection configuration mode: 2
2024-08-07 16:17:46,799 [INFO] UserAuth:417 - Internet connection configuration mode: 2
2024-08-07 16:17:47,132 [INFO] CheckServerUpdateThread:120 - End of CheckServer Thread
