2024-03-18 14:19:25,093 [INFO] Activator:176 - 


2024-03-18 14:19:25,101 [INFO] Activator:177 - !SESSION log4j initialized
2024-03-18 14:19:32,339 [INFO] LogOutputStream:77 - [STDOUT_REDIRECT] 
2024-03-18 14:19:33,496 [INFO] ApplicationProperties:184 - Using Application install path: C:\ST\STM32CubeIDE_1.4.0\STM32CubeIDE\plugins\com.st.stm32cube.common.mx_6.10.0.202311202037
2024-03-18 14:19:33,529 [INFO] DbMcusXml:78 - Set database path to: C:\ST\STM32CubeIDE_1.4.0\STM32CubeIDE\plugins\com.st.stm32cube.common.mx_6.10.0.202311202037\\db\/mcu/
2024-03-18 14:19:33,529 [INFO] ApiDb:274 - Set plugin database path to: C:\ST\STM32CubeIDE_1.4.0\STM32CubeIDE\plugins\com.st.stm32cube.common.mx_6.10.0.202311202037\\db\/plugins/boardmanager/
2024-03-18 14:19:33,529 [WARN] ApiDb:259 - Overriding images path with different value:  => C:\ST\STM32CubeIDE_1.4.0\STM32CubeIDE\plugins\com.st.stm32cube.common.mx_6.10.0.202311202037\\db\/plugins/mcufinder/images/
2024-03-18 14:19:33,546 [INFO] ApiDb:250 - Set database path to: C:\Users\Abhishek\.stmcufinder\plugins\mcufinder//mcu/
2024-03-18 14:19:33,547 [INFO] DbMcusAds:125 - Set database path to: C:\Users\Abhishek\.stmcufinder\plugins\mcufinder//mcu/
2024-03-18 14:19:33,549 [INFO] CrossReferenceDbSqlite:203 - Set database path to: C:\Users\Abhishek\.stmcufinder\plugins\mcufinder//mcu/cs/
2024-03-18 14:19:33,692 [INFO] RulesReader:64 - Compatibility file has been processed (297 Rules)
2024-03-18 14:19:33,838 [INFO] DbMcusXml:78 - Set database path to: C:\ST\STM32CubeIDE_1.4.0\STM32CubeIDE\plugins\com.st.stm32cube.common.mx_6.10.0.202311202037\\db\/mcu/
2024-03-18 14:19:33,838 [INFO] ApiDb:274 - Set plugin database path to: C:\ST\STM32CubeIDE_1.4.0\STM32CubeIDE\plugins\com.st.stm32cube.common.mx_6.10.0.202311202037\\db\/plugins/boardmanager/
2024-03-18 14:19:33,838 [INFO] ApiDb:261 - Set plugin images path to: C:\ST\STM32CubeIDE_1.4.0\STM32CubeIDE\plugins\com.st.stm32cube.common.mx_6.10.0.202311202037\\db\/plugins/mcufinder/images/
2024-03-18 14:19:33,838 [WARN] DbFile:41 - Overriding database path with different value: C:\Users\Abhishek\.stmcufinder\plugins\mcufinder/ => C:\Users\Abhishek\.stmcufinder\plugins\mcufinder
2024-03-18 14:19:33,839 [INFO] ApiDb:250 - Set database path to: C:\Users\Abhishek\.stmcufinder\plugins\mcufinder//mcu/
2024-03-18 14:19:33,839 [WARN] DbFile:41 - Overriding database path with different value: C:\Users\Abhishek\.stmcufinder\plugins\mcufinder/ => C:\Users\Abhishek\.stmcufinder\plugins\mcufinder
2024-03-18 14:19:33,839 [INFO] DbMcusAds:125 - Set database path to: C:\Users\Abhishek\.stmcufinder\plugins\mcufinder//mcu/
2024-03-18 14:19:33,839 [WARN] DbFile:41 - Overriding database path with different value: C:\Users\Abhishek\.stmcufinder\plugins\mcufinder/ => C:\Users\Abhishek\.stmcufinder\plugins\mcufinder
2024-03-18 14:19:33,839 [WARN] DbFile:41 - Overriding database path with different value: C:\Users\Abhishek\.stmcufinder\plugins\mcufinder/ => C:\Users\Abhishek\.stmcufinder\plugins\mcufinder
2024-03-18 14:19:33,839 [INFO] CrossReferenceDbSqlite:203 - Set database path to: C:\Users\Abhishek\.stmcufinder\plugins\mcufinder//mcu/cs/
2024-03-18 14:19:33,992 [INFO] MainPanel:264 - HeapMemory: 268435456
2024-03-18 14:19:34,181 [INFO] DbMcusXml:78 - Set database path to: C:\ST\STM32CubeIDE_1.4.0\STM32CubeIDE\plugins\com.st.stm32cube.common.mx_6.10.0.202311202037\\db\/mcu/
2024-03-18 14:19:34,182 [INFO] ApiDb:274 - Set plugin database path to: C:\ST\STM32CubeIDE_1.4.0\STM32CubeIDE\plugins\com.st.stm32cube.common.mx_6.10.0.202311202037\\db\/plugins/boardmanager/
2024-03-18 14:19:34,182 [INFO] ApiDb:261 - Set plugin images path to: C:\ST\STM32CubeIDE_1.4.0\STM32CubeIDE\plugins\com.st.stm32cube.common.mx_6.10.0.202311202037\\db\/plugins/mcufinder/images/
2024-03-18 14:19:34,182 [WARN] DbFile:41 - Overriding database path with different value: C:\Users\Abhishek\.stmcufinder\plugins\mcufinder/ => C:\Users\Abhishek\.stmcufinder\plugins\mcufinder
2024-03-18 14:19:34,182 [INFO] ApiDb:250 - Set database path to: C:\Users\Abhishek\.stmcufinder\plugins\mcufinder//mcu/
2024-03-18 14:19:34,182 [WARN] DbFile:41 - Overriding database path with different value: C:\Users\Abhishek\.stmcufinder\plugins\mcufinder/ => C:\Users\Abhishek\.stmcufinder\plugins\mcufinder
2024-03-18 14:19:34,183 [INFO] DbMcusAds:125 - Set database path to: C:\Users\Abhishek\.stmcufinder\plugins\mcufinder//mcu/
2024-03-18 14:19:34,183 [WARN] DbFile:41 - Overriding database path with different value: C:\Users\Abhishek\.stmcufinder\plugins\mcufinder/ => C:\Users\Abhishek\.stmcufinder\plugins\mcufinder
2024-03-18 14:19:34,183 [WARN] DbFile:41 - Overriding database path with different value: C:\Users\Abhishek\.stmcufinder\plugins\mcufinder/ => C:\Users\Abhishek\.stmcufinder\plugins\mcufinder
2024-03-18 14:19:34,183 [INFO] CrossReferenceDbSqlite:203 - Set database path to: C:\Users\Abhishek\.stmcufinder\plugins\mcufinder//mcu/cs/
2024-03-18 14:19:34,212 [INFO] ApplicationProperties:184 - Using Application install path: C:\ST\STM32CubeIDE_1.4.0\STM32CubeIDE\plugins\com.st.stm32cube.common.mx_6.10.0.202311202037
2024-03-18 14:19:34,214 [INFO] PluginManage:196 - Search for loadable plugins [exclusion list=, ]
2024-03-18 14:19:34,217 [INFO] PluginManage:310 - Check plugin analytics
2024-03-18 14:19:34,495 [INFO] AnalyticsPlugin:253 - Accepted Software Licenses: STM32CubeMX.6.1.0,STM32CubeMX.6.4.0,STM32CubeMX.6.2.0,STM32CubeMX.6.10.0
2024-03-18 14:19:34,495 [INFO] AnalyticsPlugin:255 - Accepted CMSIS Pack Licenses: 
2024-03-18 14:19:34,495 [INFO] AnalyticsPlugin:257 - Accepted Firmware Licenses: 
2024-03-18 14:19:34,499 [INFO] PluginManage:359 - Loaded plugin analytics (category:tool,tabindex:-1)
2024-03-18 14:19:34,499 [INFO] PluginManage:310 - Check plugin cadmodel
2024-03-18 14:19:34,511 [INFO] CADModel:105 - Init CAD model plugin
2024-03-18 14:19:34,511 [INFO] PluginManage:359 - Loaded plugin cadmodel (category:power,tabindex:5)
2024-03-18 14:19:34,511 [INFO] PluginManage:310 - Check plugin clock
2024-03-18 14:19:34,584 [INFO] PluginManage:359 - Loaded plugin clock (category:base,tabindex:2)
2024-03-18 14:19:34,584 [INFO] PluginManage:310 - Check plugin ddr
2024-03-18 14:19:34,589 [INFO] PluginManage:359 - Loaded plugin ddr (category:tool,tabindex:6)
2024-03-18 14:19:34,589 [INFO] PluginManage:310 - Check plugin filemanager
2024-03-18 14:19:34,785 [INFO] PluginManage:359 - Loaded plugin filemanager (category:base,tabindex:10)
2024-03-18 14:19:34,785 [INFO] PluginManage:310 - Check plugin ipmanager
2024-03-18 14:19:34,795 [INFO] PluginManage:359 - Loaded plugin ipmanager (category:base,tabindex:5)
2024-03-18 14:19:34,796 [INFO] PluginManage:310 - Check plugin lpbam
2024-03-18 14:19:34,823 [INFO] PluginManage:359 - Loaded plugin lpbam (category:base,tabindex:0)
2024-03-18 14:19:34,823 [INFO] PluginManage:310 - Check plugin memorymap
2024-03-18 14:19:34,866 [INFO] PluginManage:359 - Loaded plugin memorymap (category:base,tabindex:4)
2024-03-18 14:19:34,866 [INFO] PluginManage:310 - Check plugin pinoutandconfiguration
2024-03-18 14:19:34,909 [INFO] PluginManage:359 - Loaded plugin pinoutandconfiguration (category:base,tabindex:1)
2024-03-18 14:19:34,909 [INFO] PluginManage:310 - Check plugin pinoutconfig
2024-03-18 14:19:35,048 [WARN] SupportedApi:132 - Cannot load RTOS API schema: s4s-elt-must-match.1: The content of 'definitions' must match (annotation?, (simpleType | complexType)?, (unique | key | keyref)*)). A problem was found starting at: attribute.
2024-03-18 14:19:35,208 [INFO] PluginManage:359 - Loaded plugin pinoutconfig (category:base,tabindex:0)
2024-03-18 14:19:35,208 [INFO] PluginManage:310 - Check plugin power
2024-03-18 14:19:35,230 [INFO] PluginManage:359 - Loaded plugin power (category:power,tabindex:4)
2024-03-18 14:19:35,230 [INFO] PluginManage:310 - Check plugin projectmanager
2024-03-18 14:19:35,247 [INFO] PluginManage:359 - Loaded plugin projectmanager (category:projectmanager,tabindex:3)
2024-03-18 14:19:35,247 [INFO] PluginManage:310 - Check plugin thirdparty
2024-03-18 14:19:35,404 [INFO] PluginManage:359 - Loaded plugin thirdparty (category:base,tabindex:-1)
2024-03-18 14:19:35,404 [WARN] IntegrityCheckThread:84 - waiting for thirdparty lock release [integrity check]
2024-03-18 14:19:35,405 [INFO] PluginManage:310 - Check plugin tools
2024-03-18 14:19:35,405 [INFO] IntegrityCheckThread:86 - entering critical section [integrity check]
2024-03-18 14:19:35,406 [INFO] ThirdPartyUpdaterWithRetryManager:70 - Updater plugin not ready yet. [1/15]
2024-03-18 14:19:35,410 [INFO] PluginManage:359 - Loaded plugin tools (category:base,tabindex:7)
2024-03-18 14:19:35,410 [INFO] PluginManage:310 - Check plugin tutovideos
2024-03-18 14:19:35,657 [INFO] PluginManage:359 - Loaded plugin tutovideos (category:base,tabindex:-1)
2024-03-18 14:19:35,657 [INFO] PluginManage:310 - Check plugin updater
2024-03-18 14:19:35,675 [INFO] PluginManage:359 - Loaded plugin updater (category:base,tabindex:12)
2024-03-18 14:19:35,675 [INFO] PluginManage:310 - Check plugin userauth
2024-03-18 14:19:35,681 [INFO] UserAuth:114 - Init User Auth plugin
2024-03-18 14:19:35,681 [INFO] PluginManage:359 - Loaded plugin userauth (category:base,tabindex:14)
2024-03-18 14:19:35,682 [INFO] PluginManage:283 - PluginManage : Loaded plugins [17]
2024-03-18 14:19:36,071 [INFO] PinOutPanel:1499 - setPackage(No Configuration,No Configuration)
2024-03-18 14:19:36,211 [INFO] CADModel:165 - CPN selected for project level
2024-03-18 14:19:36,211 [INFO] CADModel:114 - Register for checkConnection events
2024-03-18 14:19:36,250 [INFO] IPUIPlugin:80 - create IPUIPlugin
2024-03-18 14:19:36,250 [INFO] PluginManager:220 - loadIPPluginJar : add adc
2024-03-18 14:19:36,256 [INFO] IPUIPlugin:80 - create IPUIPlugin
2024-03-18 14:19:36,256 [INFO] PluginManager:220 - loadIPPluginJar : add aes
2024-03-18 14:19:36,263 [INFO] IPUIPlugin:80 - create IPUIPlugin
2024-03-18 14:19:36,263 [INFO] PluginManager:220 - loadIPPluginJar : add can
2024-03-18 14:19:36,267 [INFO] IPUIPlugin:80 - create IPUIPlugin
2024-03-18 14:19:36,267 [INFO] PluginManager:220 - loadIPPluginJar : add comp
2024-03-18 14:19:36,273 [INFO] IPUIPlugin:80 - create IPUIPlugin
2024-03-18 14:19:36,273 [INFO] PluginManager:220 - loadIPPluginJar : add cryp
2024-03-18 14:19:36,278 [INFO] IPUIPlugin:80 - create IPUIPlugin
2024-03-18 14:19:36,278 [INFO] PluginManager:220 - loadIPPluginJar : add dfsdm
2024-03-18 14:19:36,294 [INFO] IPUIPlugin:80 - create IPUIPlugin
2024-03-18 14:19:36,295 [INFO] PluginManager:220 - loadIPPluginJar : add dma
2024-03-18 14:19:36,301 [INFO] IPUIPlugin:80 - create IPUIPlugin
2024-03-18 14:19:36,301 [INFO] PluginManager:220 - loadIPPluginJar : add dma3
2024-03-18 14:19:36,304 [INFO] IPUIPlugin:80 - create IPUIPlugin
2024-03-18 14:19:36,305 [INFO] PluginManager:220 - loadIPPluginJar : add fatfs
2024-03-18 14:19:36,312 [INFO] IPUIPlugin:80 - create IPUIPlugin
2024-03-18 14:19:36,312 [INFO] PluginManager:220 - loadIPPluginJar : add fmc
2024-03-18 14:19:36,360 [INFO] IPUIPlugin:80 - create IPUIPlugin
2024-03-18 14:19:36,361 [INFO] PluginManager:220 - loadIPPluginJar : add freertos
2024-03-18 14:19:36,364 [INFO] IPUIPlugin:80 - create IPUIPlugin
2024-03-18 14:19:36,365 [INFO] PluginManager:220 - loadIPPluginJar : add genericplugin
2024-03-18 14:19:36,372 [INFO] IPUIPlugin:80 - create IPUIPlugin
2024-03-18 14:19:36,372 [INFO] PluginManager:220 - loadIPPluginJar : add gfxmmu
2024-03-18 14:19:36,385 [INFO] IPUIPlugin:80 - create IPUIPlugin
2024-03-18 14:19:36,385 [INFO] PluginManager:220 - loadIPPluginJar : add gic
2024-03-18 14:19:36,404 [INFO] IPUIPlugin:80 - create IPUIPlugin
2024-03-18 14:19:36,404 [INFO] PluginManager:220 - loadIPPluginJar : add gpio
2024-03-18 14:19:36,414 [INFO] IPUIPlugin:80 - create IPUIPlugin
2024-03-18 14:19:36,414 [INFO] PluginManager:220 - loadIPPluginJar : add gtzc
2024-03-18 14:19:36,419 [INFO] IPUIPlugin:80 - create IPUIPlugin
2024-03-18 14:19:36,419 [INFO] PluginManager:220 - loadIPPluginJar : add hash
2024-03-18 14:19:36,425 [INFO] IPUIPlugin:80 - create IPUIPlugin
2024-03-18 14:19:36,426 [INFO] PluginManager:220 - loadIPPluginJar : add i2c
2024-03-18 14:19:36,431 [INFO] IPUIPlugin:80 - create IPUIPlugin
2024-03-18 14:19:36,431 [INFO] PluginManager:220 - loadIPPluginJar : add i2s
2024-03-18 14:19:36,437 [INFO] IPUIPlugin:80 - create IPUIPlugin
2024-03-18 14:19:36,438 [INFO] PluginManager:220 - loadIPPluginJar : add i3c
2024-03-18 14:19:36,447 [INFO] IPUIPlugin:80 - create IPUIPlugin
2024-03-18 14:19:36,447 [INFO] PluginManager:220 - loadIPPluginJar : add ipddr
2024-03-18 14:19:36,459 [INFO] IPUIPlugin:80 - create IPUIPlugin
2024-03-18 14:19:36,459 [INFO] PluginManager:220 - loadIPPluginJar : add linkedlist
2024-03-18 14:19:36,464 [INFO] IPUIPlugin:80 - create IPUIPlugin
2024-03-18 14:19:36,464 [INFO] PluginManager:220 - loadIPPluginJar : add lorawan
2024-03-18 14:19:36,468 [INFO] IPUIPlugin:80 - create IPUIPlugin
2024-03-18 14:19:36,468 [INFO] PluginManager:220 - loadIPPluginJar : add ltdc
2024-03-18 14:19:36,489 [INFO] IPUIPlugin:80 - create IPUIPlugin
2024-03-18 14:19:36,489 [INFO] PluginManager:220 - loadIPPluginJar : add mdma
2024-03-18 14:19:36,507 [INFO] IPUIPlugin:80 - create IPUIPlugin
2024-03-18 14:19:36,507 [INFO] PluginManager:220 - loadIPPluginJar : add nvic
2024-03-18 14:19:36,514 [INFO] IPUIPlugin:80 - create IPUIPlugin
2024-03-18 14:19:36,514 [INFO] PluginManager:220 - loadIPPluginJar : add opamp
2024-03-18 14:19:36,523 [INFO] IPUIPlugin:80 - create IPUIPlugin
2024-03-18 14:19:36,523 [INFO] PluginManager:220 - loadIPPluginJar : add openamp
2024-03-18 14:19:36,531 [INFO] IPUIPlugin:80 - create IPUIPlugin
2024-03-18 14:19:36,531 [INFO] PluginManager:220 - loadIPPluginJar : add pdm2pcm
2024-03-18 14:19:36,550 [INFO] IPUIPlugin:80 - create IPUIPlugin
2024-03-18 14:19:36,554 [INFO] PluginManager:220 - loadIPPluginJar : add plateformsettings
2024-03-18 14:19:36,558 [INFO] IPUIPlugin:80 - create IPUIPlugin
2024-03-18 14:19:36,558 [INFO] PluginManager:220 - loadIPPluginJar : add quadspi
2024-03-18 14:19:36,606 [INFO] IPUIPlugin:80 - create IPUIPlugin
2024-03-18 14:19:36,606 [INFO] PluginManager:220 - loadIPPluginJar : add resmgrutility
2024-03-18 14:19:36,612 [INFO] IPUIPlugin:80 - create IPUIPlugin
2024-03-18 14:19:36,613 [INFO] PluginManager:220 - loadIPPluginJar : add sai
2024-03-18 14:19:36,618 [INFO] IPUIPlugin:80 - create IPUIPlugin
2024-03-18 14:19:36,618 [INFO] PluginManager:220 - loadIPPluginJar : add spi
2024-03-18 14:19:36,629 [INFO] IPUIPlugin:80 - create IPUIPlugin
2024-03-18 14:19:36,629 [INFO] PluginManager:220 - loadIPPluginJar : add stm32_wpan
2024-03-18 14:19:36,633 [INFO] IPUIPlugin:80 - create IPUIPlugin
2024-03-18 14:19:36,633 [INFO] PluginManager:220 - loadIPPluginJar : add tim
2024-03-18 14:19:36,641 [INFO] IPUIPlugin:80 - create IPUIPlugin
2024-03-18 14:19:36,641 [INFO] PluginManager:220 - loadIPPluginJar : add touchsensing
2024-03-18 14:19:36,645 [INFO] IPUIPlugin:80 - create IPUIPlugin
2024-03-18 14:19:36,645 [INFO] PluginManager:220 - loadIPPluginJar : add tracer_emb
2024-03-18 14:19:36,650 [INFO] IPUIPlugin:80 - create IPUIPlugin
2024-03-18 14:19:36,650 [INFO] PluginManager:220 - loadIPPluginJar : add ts
2024-03-18 14:19:36,654 [INFO] IPUIPlugin:80 - create IPUIPlugin
2024-03-18 14:19:36,654 [INFO] PluginManager:220 - loadIPPluginJar : add tsc
2024-03-18 14:19:36,659 [INFO] IPUIPlugin:80 - create IPUIPlugin
2024-03-18 14:19:36,659 [INFO] PluginManager:220 - loadIPPluginJar : add ucpd
2024-03-18 14:19:36,665 [INFO] IPUIPlugin:80 - create IPUIPlugin
2024-03-18 14:19:36,666 [INFO] PluginManager:220 - loadIPPluginJar : add usart
2024-03-18 14:19:36,672 [INFO] IPUIPlugin:80 - create IPUIPlugin
2024-03-18 14:19:36,672 [INFO] PluginManager:220 - loadIPPluginJar : add usbx
2024-03-18 14:19:36,815 [INFO] CADModel:165 - CPN selected for project level
2024-03-18 14:19:36,816 [INFO] CADModel:114 - Register for checkConnection events
2024-03-18 14:19:36,816 [FATAL] Updater:308 - Updater called before beeing initialized
2024-03-18 14:19:36,816 [ERROR] CADModel:125 - Updater not yet initialized, retry later 
2024-03-18 14:19:37,012 [INFO] CADModel:165 - CPN selected for project level
2024-03-18 14:19:37,013 [INFO] CADModel:114 - Register for checkConnection events
2024-03-18 14:19:37,014 [FATAL] Updater:308 - Updater called before beeing initialized
2024-03-18 14:19:37,014 [ERROR] CADModel:125 - Updater not yet initialized, retry later 
2024-03-18 14:19:37,017 [FATAL] Updater:308 - Updater called before beeing initialized
2024-03-18 14:19:37,250 [FATAL] Updater:308 - Updater called before beeing initialized
2024-03-18 14:19:37,257 [INFO] DbMcusAds:53 - JSON generation date=Wed Nov 29 16:22:27 IST 2023 (1701255147349)
2024-03-18 14:19:37,257 [FATAL] Updater:308 - Updater called before beeing initialized
2024-03-18 14:19:37,315 [WARN] DetailPanel:346 - Failed to get advertising image, set to default
2024-03-18 14:19:37,445 [FATAL] Updater:308 - Updater called before beeing initialized
2024-03-18 14:19:37,448 [FATAL] Updater:308 - Updater called before beeing initialized
2024-03-18 14:19:37,448 [FATAL] Updater:308 - Updater called before beeing initialized
2024-03-18 14:19:37,448 [WARN] DetailPanel:346 - Failed to get advertising image, set to default
2024-03-18 14:19:37,449 [FATAL] Updater:308 - Updater called before beeing initialized
2024-03-18 14:19:37,546 [ERROR] Updater:1120 - MainUpdater not yet initialized. External WinMGr cannot be set.
2024-03-18 14:19:37,552 [INFO] Updater:1056 - Updater Version found : 6.10.0
2024-03-18 14:19:37,591 [INFO] ApplicationProperties:184 - Using Application install path: C:\ST\STM32CubeIDE_1.4.0\STM32CubeIDE\plugins\com.st.stm32cube.common.mx_6.10.0.202311202037
2024-03-18 14:19:38,407 [INFO] ThirdPartyUpdaterWithRetryManager:70 - Updater plugin not ready yet. [2/15]
2024-03-18 14:19:39,054 [INFO] MainUpdater:2873 - connection check result : 10
2024-03-18 14:19:39,055 [INFO] MainUpdater:290 - Updater Check For Update Now.
2024-03-18 14:19:39,055 [INFO] MicroXplorer:498 - Change Database Version : DB.6.0.100
2024-03-18 14:19:39,065 [INFO] McuFinderGlobals:63 - Set McuFinder mode to 2 (CubeIDE integrated)
2024-03-18 14:19:39,065 [INFO] UserAuth:180 - activating auth plugin
2024-03-18 14:19:39,068 [INFO] UserAuth:404 - Internet connection configuration mode: 1
2024-03-18 14:19:39,103 [INFO] JxBrowserEngine:152 - Initiate JxBrowser Engine with user profile folder
2024-03-18 14:19:39,267 [INFO] CheckServerUpdateThread:120 - End of CheckServer Thread
2024-03-18 14:19:41,278 [INFO] WebApp:161 - Instantiating new browser for Auth
2024-03-18 14:19:41,783 [WARN] PackLoader:240 - Cannot read IP mode file for STMicroelectronics.X-CUBE-SMBUS.2.1.0
2024-03-18 14:19:41,810 [WARN] PackLoader:240 - Cannot read IP mode file for STMicroelectronics.X-CUBE-TOUCHGFX.4.23.0
2024-03-18 14:19:41,854 [WARN] PackLoader:240 - Cannot read IP mode file for STMicroelectronics.X-CUBE-AZRTOS-F7.1.1.0
2024-03-18 14:19:41,868 [WARN] PackLoader:240 - Cannot read IP mode file for STMicroelectronics.FP-SNS-MOTENV1.4.3.2
2024-03-18 14:19:41,882 [WARN] PackLoader:240 - Cannot read IP mode file for STMicroelectronics.X-CUBE-BLE1.6.2.4
2024-03-18 14:19:41,889 [WARN] PackLoader:240 - Cannot read IP mode file for STMicroelectronics.FP-SNS-FLIGHT1.5.0.2
2024-03-18 14:19:41,900 [WARN] PackLoader:240 - Cannot read IP mode file for STMicroelectronics.X-CUBE-DISPLAY.3.0.0
2024-03-18 14:19:41,923 [WARN] PackLoader:240 - Cannot read IP mode file for STMicroelectronics.X-CUBE-BLE1.7.0.0
2024-03-18 14:19:42,008 [WARN] PackLoader:240 - Cannot read IP mode file for STMicroelectronics.X-CUBE-MEMS1.9.3.0
2024-03-18 14:19:42,173 [WARN] PackLoader:240 - Cannot read IP mode file for STMicroelectronics.X-CUBE-BLEMGR.3.1.0
2024-03-18 14:19:42,198 [WARN] PackLoader:240 - Cannot read IP mode file for STMicroelectronics.FP-SNS-SMARTAG2.1.2.0
2024-03-18 14:19:42,208 [INFO] LogOutputStream:77 - [STDOUT_REDIRECT] 1 : Invalid condition id : UX_CORESTACK_Condition cause : null
2024-03-18 14:19:42,209 [INFO] LogOutputStream:77 - [STDOUT_REDIRECT] 1 : Invalid condition id : UX_CORESTACK_Condition cause : null
2024-03-18 14:19:42,211 [INFO] LogOutputStream:77 - [STDOUT_REDIRECT] 1 : Invalid condition id : UX_CORESTACK_Condition cause : null
2024-03-18 14:19:42,213 [INFO] LogOutputStream:77 - [STDOUT_REDIRECT] 1 : Invalid condition id : UX_CORESTACK_Condition cause : null
2024-03-18 14:19:42,214 [INFO] LogOutputStream:77 - [STDOUT_REDIRECT] 1 : Invalid condition id : UX_CORESTACK_Condition cause : null
2024-03-18 14:19:42,217 [WARN] PackLoader:240 - Cannot read IP mode file for STMicroelectronics.X-CUBE-AZRTOS-WL.2.0.0
2024-03-18 14:19:42,227 [WARN] PackLoader:240 - Cannot read IP mode file for WES.I-CUBE-Cesium.1.3.0
2024-03-18 14:19:42,238 [WARN] PackLoader:240 - Cannot read IP mode file for STMicroelectronics.X-CUBE-TOF1.3.2.0
2024-03-18 14:19:42,252 [WARN] PackLoader:240 - Cannot read IP mode file for STMicroelectronics.X-CUBE-ISPU.1.0.0
2024-03-18 14:19:42,256 [WARN] PackLoader:240 - Cannot read IP mode file for STMicroelectronics.X-CUBE-TOUCHGFX.4.21.0
2024-03-18 14:19:42,336 [WARN] PackLoader:240 - Cannot read IP mode file for STMicroelectronics.X-CUBE-MEMS1.9.4.0
2024-03-18 14:19:42,568 [WARN] PackLoader:240 - Cannot read IP mode file for STMicroelectronics.X-CUBE-AI.7.3.0
2024-03-18 14:19:42,577 [WARN] PackLoader:240 - Cannot read IP mode file for STMicroelectronics.X-CUBE-NFC4.3.0.0
2024-03-18 14:19:42,598 [WARN] PackLoader:240 - Cannot read IP mode file for STMicroelectronics.X-CUBE-BLEMGR.3.0.0
2024-03-18 14:19:42,619 [WARN] PackLoader:240 - Cannot read IP mode file for STMicroelectronics.X-CUBE-BLEMGR.1.3.0
2024-03-18 14:19:42,628 [WARN] PackLoader:240 - Cannot read IP mode file for STMicroelectronics.FP-ATR-SIGFOX1.3.2.0
2024-03-18 14:19:42,638 [WARN] PackLoader:240 - Cannot read IP mode file for STMicroelectronics.X-CUBE-EEPRMA1.5.1.0
2024-03-18 14:19:42,680 [WARN] PackLoader:240 - Cannot read IP mode file for SEGGER.I-CUBE-embOS.1.3.1
2024-03-18 14:19:42,758 [WARN] PackLoader:240 - Cannot read IP mode file for STMicroelectronics.X-CUBE-AZRTOS-F4.1.1.0
2024-03-18 14:19:42,788 [WARN] PackLoader:240 - Cannot read IP mode file for STMicroelectronics.X-CUBE-AZRTOS-L5.2.0.0
2024-03-18 14:19:42,803 [WARN] PackLoader:240 - Cannot read IP mode file for ITTIA_DB.I-CUBE-ITTIADB.8.8.0
2024-03-18 14:19:42,813 [WARN] PackLoader:240 - Cannot read IP mode file for STMicroelectronics.X-CUBE-NFC4.2.0.5
2024-03-18 14:19:42,823 [WARN] PackLoader:240 - Cannot read IP mode file for STMicroelectronics.X-CUBE-NFC7.1.0.1
2024-03-18 14:19:42,837 [WARN] PackLoader:240 - Cannot read IP mode file for STMicroelectronics.X-CUBE-NFC6.3.0.0
2024-03-18 14:19:42,854 [WARN] PackLoader:240 - Cannot read IP mode file for STMicroelectronics.X-CUBE-EEPRMA1.4.1.0
2024-03-18 14:19:42,861 [WARN] PackLoader:240 - Cannot read IP mode file for STMicroelectronics.X-CUBE-AI.8.1.0
2024-03-18 14:19:42,885 [WARN] ConditionMgr:438 - getConditionDescription Invalid condition id : LAN8742 Phy interface Condition cause : null
2024-03-18 14:19:42,886 [WARN] PackLoader:240 - Cannot read IP mode file for STMicroelectronics.X-CUBE-AZRTOS-L4.2.0.0
2024-03-18 14:19:42,888 [WARN] ConditionMgr:1039 - genDependencies : Invalid condition id : LAN8742 Phy interface Condition cause : null
2024-03-18 14:19:42,888 [WARN] ConditionMgr:1039 - genDependencies : Invalid condition id : LAN8742 Phy interface Condition cause : null
2024-03-18 14:19:42,889 [WARN] ConditionMgr:1039 - genDependencies : Invalid condition id : LAN8742 Phy interface Condition cause : null
2024-03-18 14:19:42,922 [WARN] PackLoader:240 - Cannot read IP mode file for STMicroelectronics.X-CUBE-AZRTOS-H7.3.0.0
2024-03-18 14:19:42,945 [WARN] PackLoader:240 - Cannot read IP mode file for STMicroelectronics.X-CUBE-ISPU.1.1.0
2024-03-18 14:19:42,963 [WARN] ConditionMgr:438 - getConditionDescription Invalid condition id : UX DEVICE CLASS RTOS Condition cause : null
2024-03-18 14:19:42,963 [WARN] ConditionMgr:438 - getConditionDescription Invalid condition id : UX DEVICE CLASS RTOS Condition cause : null
2024-03-18 14:19:42,966 [WARN] PackLoader:240 - Cannot read IP mode file for STMicroelectronics.X-CUBE-AZRTOS-WB.2.0.0
2024-03-18 14:19:42,966 [WARN] ConditionMgr:1039 - genDependencies : Invalid condition id : UX DEVICE CLASS RTOS Condition cause : null
2024-03-18 14:19:42,967 [WARN] ConditionMgr:1039 - genDependencies : Invalid condition id : UX DEVICE CLASS RTOS Condition cause : null
2024-03-18 14:19:42,967 [WARN] ConditionMgr:1039 - genDependencies : Invalid condition id : UX DEVICE CLASS RTOS Condition cause : null
2024-03-18 14:19:42,968 [WARN] ConditionMgr:1039 - genDependencies : Invalid condition id : UX DEVICE CLASS RTOS Condition cause : null
2024-03-18 14:19:42,968 [WARN] ConditionMgr:1039 - genDependencies : Invalid condition id : UX DEVICE CLASS RTOS Condition cause : null
2024-03-18 14:19:42,985 [WARN] PackLoader:240 - Cannot read IP mode file for STMicroelectronics.X-CUBE-BLEMGR.1.0.0
2024-03-18 14:19:43,011 [WARN] PackLoader:240 - Cannot read IP mode file for STMicroelectronics.X-CUBE-AZRTOS-L5.1.1.0
2024-03-18 14:19:43,023 [INFO] WebApp:780 - Register for checkConnection events
2024-03-18 14:19:43,023 [INFO] WebApp:414 - Apply proxy settings
2024-03-18 14:19:43,023 [INFO] WebApp:499 - Chromium requires no authentication
2024-03-18 14:19:43,043 [WARN] PackLoader:240 - Cannot read IP mode file for STMicroelectronics.X-CUBE-AZRTOS-G4.2.0.0
2024-03-18 14:19:43,050 [INFO] WebApp:442 - Direct internet connection detected
2024-03-18 14:19:43,052 [WARN] PackLoader:240 - Cannot read IP mode file for STMicroelectronics.FP-ATR-ASTRA1.1.1.1
2024-03-18 14:19:43,071 [WARN] PackLoader:240 - Cannot read IP mode file for Infineon.AIROC-Wi-Fi-Bluetooth-STM32.1.5.1
2024-03-18 14:19:43,086 [WARN] PackLoader:240 - Cannot read IP mode file for STMicroelectronics.FP-SNS-MOTENVWB1.1.3.1
2024-03-18 14:19:43,097 [WARN] PackLoader:240 - Cannot read IP mode file for STMicroelectronics.X-CUBE-ISPU.2.0.0
2024-03-18 14:19:43,169 [WARN] PackLoader:240 - Cannot read IP mode file for STMicroelectronics.X-CUBE-MEMS1.10.0.0
2024-03-18 14:19:43,348 [WARN] PackLoader:240 - Cannot read IP mode file for STMicroelectronics.X-CUBE-FREERTOS.1.1.0
2024-03-18 14:19:43,371 [WARN] PackLoader:240 - Cannot read IP mode file for STMicroelectronics.X-CUBE-AZRTOS-WB.1.1.0
2024-03-18 14:19:43,379 [WARN] PackLoader:240 - Cannot read IP mode file for STMicroelectronics.FP-ATR-ASTRA1.2.0.0
2024-03-18 14:19:43,404 [WARN] PackLoader:240 - Cannot read IP mode file for STMicroelectronics.X-CUBE-TOF1.3.4.0
2024-03-18 14:19:43,439 [WARN] PackLoader:240 - Cannot read IP mode file for STMicroelectronics.X-CUBE-TOF1.3.4.1
2024-03-18 14:19:43,487 [WARN] PackLoader:240 - Cannot read IP mode file for STMicroelectronics.X-CUBE-AZRTOS-H7.3.2.0
2024-03-18 14:19:43,490 [INFO] ThirdParty:978 - Integrity check success = true
2024-03-18 14:19:43,491 [INFO] IntegrityCheckThread:100 - exiting critical section [integrity check]
2024-03-18 14:19:43,491 [INFO] IntegrityCheckThread:103 - End integrity checks thread
2024-03-18 14:19:43,593 [INFO] WebApp:192 - Starting web application
2024-03-18 14:19:43,593 [INFO] WebApp:544 - Web application path used C:\ST\STM32CubeIDE_1.4.0\STM32CubeIDE\plugins\com.st.stm32cube.common.mx_6.10.0.202311202037\db\plugins\mcufinder\reactClient1\index.html
2024-03-18 14:20:04,572 [ERROR] LogOutputStream:75 - [STDERR_REDIRECT] SLF4J: Failed to load class "org.slf4j.impl.StaticLoggerBinder".
2024-03-18 14:20:04,573 [ERROR] LogOutputStream:75 - [STDERR_REDIRECT] SLF4J: Defaulting to no-operation (NOP) logger implementation
2024-03-18 14:20:04,575 [ERROR] LogOutputStream:75 - [STDERR_REDIRECT] SLF4J: See http://www.slf4j.org/codes.html#StaticLoggerBinder for further details.
2024-03-18 17:50:43,259 [ERROR] LogOutputStream:75 - [STDERR_REDIRECT] 
