2024-04-03 11:11:30,961 [INFO] Activator:176 - 


2024-04-03 11:11:30,969 [INFO] Activator:177 - !SESSION log4j initialized
2024-04-03 11:11:38,227 [INFO] LogOutputStream:77 - [STDOUT_REDIRECT] 
2024-04-03 11:11:40,866 [INFO] ApplicationProperties:184 - Using Application install path: C:\ST\STM32CubeIDE_1.4.0\STM32CubeIDE\plugins\com.st.stm32cube.common.mx_6.11.0.202403141607
2024-04-03 11:11:40,908 [INFO] DbMcusXml:78 - Set database path to: C:\ST\STM32CubeIDE_1.4.0\STM32CubeIDE\plugins\com.st.stm32cube.common.mx_6.11.0.202403141607\\db\/mcu/
2024-04-03 11:11:40,908 [INFO] ApiDb:274 - Set plugin database path to: C:\ST\STM32CubeIDE_1.4.0\STM32CubeIDE\plugins\com.st.stm32cube.common.mx_6.11.0.202403141607\\db\/plugins/boardmanager/
2024-04-03 11:11:40,909 [WARN] ApiDb:259 - Overriding images path with different value:  => C:\ST\STM32CubeIDE_1.4.0\STM32CubeIDE\plugins\com.st.stm32cube.common.mx_6.11.0.202403141607\\db\/plugins/mcufinder/images/
2024-04-03 11:11:40,929 [INFO] ApiDb:250 - Set database path to: C:\Users\Abhishek\.stmcufinder\plugins\mcufinder//mcu/
2024-04-03 11:11:40,930 [INFO] DbMcusAds:125 - Set database path to: C:\Users\Abhishek\.stmcufinder\plugins\mcufinder//mcu/
2024-04-03 11:11:40,934 [INFO] CrossReferenceDbSqlite:203 - Set database path to: C:\Users\Abhishek\.stmcufinder\plugins\mcufinder//mcu/cs/
2024-04-03 11:11:41,091 [INFO] RulesReader:64 - Compatibility file has been processed (297 Rules)
2024-04-03 11:11:41,212 [INFO] DbMcusXml:78 - Set database path to: C:\ST\STM32CubeIDE_1.4.0\STM32CubeIDE\plugins\com.st.stm32cube.common.mx_6.11.0.202403141607\\db\/mcu/
2024-04-03 11:11:41,212 [INFO] ApiDb:274 - Set plugin database path to: C:\ST\STM32CubeIDE_1.4.0\STM32CubeIDE\plugins\com.st.stm32cube.common.mx_6.11.0.202403141607\\db\/plugins/boardmanager/
2024-04-03 11:11:41,212 [INFO] ApiDb:261 - Set plugin images path to: C:\ST\STM32CubeIDE_1.4.0\STM32CubeIDE\plugins\com.st.stm32cube.common.mx_6.11.0.202403141607\\db\/plugins/mcufinder/images/
2024-04-03 11:11:41,212 [WARN] DbFile:41 - Overriding database path with different value: C:\Users\Abhishek\.stmcufinder\plugins\mcufinder/ => C:\Users\Abhishek\.stmcufinder\plugins\mcufinder
2024-04-03 11:11:41,212 [INFO] ApiDb:250 - Set database path to: C:\Users\Abhishek\.stmcufinder\plugins\mcufinder//mcu/
2024-04-03 11:11:41,212 [WARN] DbFile:41 - Overriding database path with different value: C:\Users\Abhishek\.stmcufinder\plugins\mcufinder/ => C:\Users\Abhishek\.stmcufinder\plugins\mcufinder
2024-04-03 11:11:41,212 [INFO] DbMcusAds:125 - Set database path to: C:\Users\Abhishek\.stmcufinder\plugins\mcufinder//mcu/
2024-04-03 11:11:41,212 [WARN] DbFile:41 - Overriding database path with different value: C:\Users\Abhishek\.stmcufinder\plugins\mcufinder/ => C:\Users\Abhishek\.stmcufinder\plugins\mcufinder
2024-04-03 11:11:41,212 [WARN] DbFile:41 - Overriding database path with different value: C:\Users\Abhishek\.stmcufinder\plugins\mcufinder/ => C:\Users\Abhishek\.stmcufinder\plugins\mcufinder
2024-04-03 11:11:41,213 [INFO] CrossReferenceDbSqlite:203 - Set database path to: C:\Users\Abhishek\.stmcufinder\plugins\mcufinder//mcu/cs/
2024-04-03 11:11:41,314 [INFO] MainPanel:264 - HeapMemory: 268435456
2024-04-03 11:11:41,488 [INFO] DbMcusXml:78 - Set database path to: C:\ST\STM32CubeIDE_1.4.0\STM32CubeIDE\plugins\com.st.stm32cube.common.mx_6.11.0.202403141607\\db\/mcu/
2024-04-03 11:11:41,488 [INFO] ApiDb:274 - Set plugin database path to: C:\ST\STM32CubeIDE_1.4.0\STM32CubeIDE\plugins\com.st.stm32cube.common.mx_6.11.0.202403141607\\db\/plugins/boardmanager/
2024-04-03 11:11:41,488 [INFO] ApiDb:261 - Set plugin images path to: C:\ST\STM32CubeIDE_1.4.0\STM32CubeIDE\plugins\com.st.stm32cube.common.mx_6.11.0.202403141607\\db\/plugins/mcufinder/images/
2024-04-03 11:11:41,488 [WARN] DbFile:41 - Overriding database path with different value: C:\Users\Abhishek\.stmcufinder\plugins\mcufinder/ => C:\Users\Abhishek\.stmcufinder\plugins\mcufinder
2024-04-03 11:11:41,488 [INFO] ApiDb:250 - Set database path to: C:\Users\Abhishek\.stmcufinder\plugins\mcufinder//mcu/
2024-04-03 11:11:41,488 [WARN] DbFile:41 - Overriding database path with different value: C:\Users\Abhishek\.stmcufinder\plugins\mcufinder/ => C:\Users\Abhishek\.stmcufinder\plugins\mcufinder
2024-04-03 11:11:41,488 [INFO] DbMcusAds:125 - Set database path to: C:\Users\Abhishek\.stmcufinder\plugins\mcufinder//mcu/
2024-04-03 11:11:41,488 [WARN] DbFile:41 - Overriding database path with different value: C:\Users\Abhishek\.stmcufinder\plugins\mcufinder/ => C:\Users\Abhishek\.stmcufinder\plugins\mcufinder
2024-04-03 11:11:41,489 [WARN] DbFile:41 - Overriding database path with different value: C:\Users\Abhishek\.stmcufinder\plugins\mcufinder/ => C:\Users\Abhishek\.stmcufinder\plugins\mcufinder
2024-04-03 11:11:41,489 [INFO] CrossReferenceDbSqlite:203 - Set database path to: C:\Users\Abhishek\.stmcufinder\plugins\mcufinder//mcu/cs/
2024-04-03 11:11:41,532 [INFO] ApplicationProperties:184 - Using Application install path: C:\ST\STM32CubeIDE_1.4.0\STM32CubeIDE\plugins\com.st.stm32cube.common.mx_6.11.0.202403141607
2024-04-03 11:11:41,534 [INFO] PluginManage:196 - Search for loadable plugins [exclusion list=, ]
2024-04-03 11:11:41,536 [INFO] PluginManage:310 - Check plugin analytics
2024-04-03 11:11:41,839 [INFO] AnalyticsPlugin:253 - Accepted Software Licenses: STM32CubeMX.6.1.0,STM32CubeMX.6.4.0,STM32CubeMX.6.2.0,STM32CubeMX.6.10.0
2024-04-03 11:11:41,839 [INFO] AnalyticsPlugin:255 - Accepted CMSIS Pack Licenses: 
2024-04-03 11:11:41,839 [INFO] AnalyticsPlugin:257 - Accepted Firmware Licenses: 
2024-04-03 11:11:41,844 [INFO] PluginManage:359 - Loaded plugin analytics (category:tool,tabindex:-1)
2024-04-03 11:11:41,845 [INFO] PluginManage:310 - Check plugin cadmodel
2024-04-03 11:11:41,874 [INFO] CADModel:105 - Init CAD model plugin
2024-04-03 11:11:41,874 [INFO] PluginManage:359 - Loaded plugin cadmodel (category:power,tabindex:5)
2024-04-03 11:11:41,875 [INFO] PluginManage:310 - Check plugin clock
2024-04-03 11:11:41,970 [INFO] PluginManage:359 - Loaded plugin clock (category:base,tabindex:2)
2024-04-03 11:11:41,970 [INFO] PluginManage:310 - Check plugin ddr
2024-04-03 11:11:41,974 [INFO] PluginManage:359 - Loaded plugin ddr (category:tool,tabindex:6)
2024-04-03 11:11:41,974 [INFO] PluginManage:310 - Check plugin filemanager
2024-04-03 11:11:42,187 [INFO] PluginManage:359 - Loaded plugin filemanager (category:base,tabindex:10)
2024-04-03 11:11:42,187 [INFO] PluginManage:310 - Check plugin ipmanager
2024-04-03 11:11:42,198 [INFO] PluginManage:359 - Loaded plugin ipmanager (category:base,tabindex:5)
2024-04-03 11:11:42,199 [INFO] PluginManage:310 - Check plugin lpbam
2024-04-03 11:11:42,227 [INFO] PluginManage:359 - Loaded plugin lpbam (category:base,tabindex:0)
2024-04-03 11:11:42,228 [INFO] PluginManage:310 - Check plugin memorymap
2024-04-03 11:11:42,281 [INFO] PluginManage:359 - Loaded plugin memorymap (category:base,tabindex:4)
2024-04-03 11:11:42,281 [INFO] PluginManage:310 - Check plugin pinoutandconfiguration
2024-04-03 11:11:42,325 [INFO] PluginManage:359 - Loaded plugin pinoutandconfiguration (category:base,tabindex:1)
2024-04-03 11:11:42,325 [INFO] PluginManage:310 - Check plugin pinoutconfig
2024-04-03 11:11:42,473 [WARN] SupportedApi:132 - Cannot load RTOS API schema: s4s-elt-must-match.1: The content of 'definitions' must match (annotation?, (simpleType | complexType)?, (unique | key | keyref)*)). A problem was found starting at: attribute.
2024-04-03 11:11:42,666 [INFO] PluginManage:359 - Loaded plugin pinoutconfig (category:base,tabindex:0)
2024-04-03 11:11:42,666 [INFO] PluginManage:310 - Check plugin power
2024-04-03 11:11:42,684 [INFO] PluginManage:359 - Loaded plugin power (category:power,tabindex:4)
2024-04-03 11:11:42,685 [INFO] PluginManage:310 - Check plugin projectmanager
2024-04-03 11:11:42,705 [INFO] PluginManage:359 - Loaded plugin projectmanager (category:projectmanager,tabindex:3)
2024-04-03 11:11:42,706 [INFO] PluginManage:310 - Check plugin thirdparty
2024-04-03 11:11:42,898 [INFO] PluginManage:359 - Loaded plugin thirdparty (category:base,tabindex:-1)
2024-04-03 11:11:42,898 [WARN] IntegrityCheckThread:84 - waiting for thirdparty lock release [integrity check]
2024-04-03 11:11:42,899 [INFO] PluginManage:310 - Check plugin tools
2024-04-03 11:11:42,899 [INFO] IntegrityCheckThread:86 - entering critical section [integrity check]
2024-04-03 11:11:42,899 [INFO] ThirdPartyUpdaterWithRetryManager:70 - Updater plugin not ready yet. [1/15]
2024-04-03 11:11:42,905 [INFO] PluginManage:359 - Loaded plugin tools (category:base,tabindex:7)
2024-04-03 11:11:42,906 [INFO] PluginManage:310 - Check plugin tutovideos
2024-04-03 11:11:43,227 [INFO] PluginManage:359 - Loaded plugin tutovideos (category:base,tabindex:-1)
2024-04-03 11:11:43,227 [INFO] PluginManage:310 - Check plugin updater
2024-04-03 11:11:43,258 [INFO] PluginManage:359 - Loaded plugin updater (category:base,tabindex:12)
2024-04-03 11:11:43,258 [INFO] PluginManage:310 - Check plugin userauth
2024-04-03 11:11:43,267 [INFO] UserAuth:114 - Init User Auth plugin
2024-04-03 11:11:43,267 [INFO] PluginManage:359 - Loaded plugin userauth (category:base,tabindex:14)
2024-04-03 11:11:43,268 [INFO] PluginManage:283 - PluginManage : Loaded plugins [17]
2024-04-03 11:11:43,607 [INFO] PinOutPanel:1561 - setPackage(No Configuration,No Configuration)
2024-04-03 11:11:43,709 [INFO] CADModel:165 - CPN selected for project level
2024-04-03 11:11:43,709 [INFO] CADModel:114 - Register for checkConnection events
2024-04-03 11:11:43,745 [INFO] IPUIPlugin:80 - create IPUIPlugin
2024-04-03 11:11:43,745 [INFO] PluginManager:220 - loadIPPluginJar : add adc
2024-04-03 11:11:43,753 [INFO] IPUIPlugin:80 - create IPUIPlugin
2024-04-03 11:11:43,753 [INFO] PluginManager:220 - loadIPPluginJar : add aes
2024-04-03 11:11:43,760 [INFO] IPUIPlugin:80 - create IPUIPlugin
2024-04-03 11:11:43,761 [INFO] PluginManager:220 - loadIPPluginJar : add can
2024-04-03 11:11:43,767 [INFO] IPUIPlugin:80 - create IPUIPlugin
2024-04-03 11:11:43,767 [INFO] PluginManager:220 - loadIPPluginJar : add comp
2024-04-03 11:11:43,773 [INFO] IPUIPlugin:80 - create IPUIPlugin
2024-04-03 11:11:43,774 [INFO] PluginManager:220 - loadIPPluginJar : add cryp
2024-04-03 11:11:43,779 [INFO] IPUIPlugin:80 - create IPUIPlugin
2024-04-03 11:11:43,779 [INFO] PluginManager:220 - loadIPPluginJar : add dfsdm
2024-04-03 11:11:43,793 [INFO] IPUIPlugin:80 - create IPUIPlugin
2024-04-03 11:11:43,793 [INFO] PluginManager:220 - loadIPPluginJar : add dma
2024-04-03 11:11:43,799 [INFO] IPUIPlugin:80 - create IPUIPlugin
2024-04-03 11:11:43,800 [INFO] PluginManager:220 - loadIPPluginJar : add dma3
2024-04-03 11:11:43,806 [INFO] IPUIPlugin:80 - create IPUIPlugin
2024-04-03 11:11:43,806 [INFO] PluginManager:220 - loadIPPluginJar : add extmemmanager
2024-04-03 11:11:43,810 [INFO] IPUIPlugin:80 - create IPUIPlugin
2024-04-03 11:11:43,810 [INFO] PluginManager:220 - loadIPPluginJar : add fatfs
2024-04-03 11:11:43,819 [INFO] IPUIPlugin:80 - create IPUIPlugin
2024-04-03 11:11:43,819 [INFO] PluginManager:220 - loadIPPluginJar : add fmc
2024-04-03 11:11:43,866 [INFO] IPUIPlugin:80 - create IPUIPlugin
2024-04-03 11:11:43,867 [INFO] PluginManager:220 - loadIPPluginJar : add freertos
2024-04-03 11:11:43,871 [INFO] IPUIPlugin:80 - create IPUIPlugin
2024-04-03 11:11:43,871 [INFO] PluginManager:220 - loadIPPluginJar : add genericplugin
2024-04-03 11:11:43,879 [INFO] IPUIPlugin:80 - create IPUIPlugin
2024-04-03 11:11:43,879 [INFO] PluginManager:220 - loadIPPluginJar : add gfxmmu
2024-04-03 11:11:43,891 [INFO] IPUIPlugin:80 - create IPUIPlugin
2024-04-03 11:11:43,891 [INFO] PluginManager:220 - loadIPPluginJar : add gic
2024-04-03 11:11:43,910 [INFO] IPUIPlugin:80 - create IPUIPlugin
2024-04-03 11:11:43,910 [INFO] PluginManager:220 - loadIPPluginJar : add gpio
2024-04-03 11:11:43,929 [INFO] IPUIPlugin:80 - create IPUIPlugin
2024-04-03 11:11:43,929 [INFO] PluginManager:220 - loadIPPluginJar : add gtzc
2024-04-03 11:11:43,935 [INFO] IPUIPlugin:80 - create IPUIPlugin
2024-04-03 11:11:43,935 [INFO] PluginManager:220 - loadIPPluginJar : add hash
2024-04-03 11:11:43,943 [INFO] IPUIPlugin:80 - create IPUIPlugin
2024-04-03 11:11:43,943 [INFO] PluginManager:220 - loadIPPluginJar : add i2c
2024-04-03 11:11:43,949 [INFO] IPUIPlugin:80 - create IPUIPlugin
2024-04-03 11:11:43,949 [INFO] PluginManager:220 - loadIPPluginJar : add i2s
2024-04-03 11:11:43,957 [INFO] IPUIPlugin:80 - create IPUIPlugin
2024-04-03 11:11:43,957 [INFO] PluginManager:220 - loadIPPluginJar : add i3c
2024-04-03 11:11:43,968 [INFO] IPUIPlugin:80 - create IPUIPlugin
2024-04-03 11:11:43,968 [INFO] PluginManager:220 - loadIPPluginJar : add ipddr
2024-04-03 11:11:43,984 [INFO] IPUIPlugin:80 - create IPUIPlugin
2024-04-03 11:11:43,984 [INFO] PluginManager:220 - loadIPPluginJar : add linkedlist
2024-04-03 11:11:43,990 [INFO] IPUIPlugin:80 - create IPUIPlugin
2024-04-03 11:11:43,990 [INFO] PluginManager:220 - loadIPPluginJar : add lorawan
2024-04-03 11:11:43,995 [INFO] IPUIPlugin:80 - create IPUIPlugin
2024-04-03 11:11:43,995 [INFO] PluginManager:220 - loadIPPluginJar : add ltdc
2024-04-03 11:11:44,015 [INFO] IPUIPlugin:80 - create IPUIPlugin
2024-04-03 11:11:44,015 [INFO] PluginManager:220 - loadIPPluginJar : add mdma
2024-04-03 11:11:44,041 [INFO] IPUIPlugin:80 - create IPUIPlugin
2024-04-03 11:11:44,042 [INFO] PluginManager:220 - loadIPPluginJar : add nvic
2024-04-03 11:11:44,048 [INFO] IPUIPlugin:80 - create IPUIPlugin
2024-04-03 11:11:44,048 [INFO] PluginManager:220 - loadIPPluginJar : add opamp
2024-04-03 11:11:44,055 [INFO] IPUIPlugin:80 - create IPUIPlugin
2024-04-03 11:11:44,055 [INFO] PluginManager:220 - loadIPPluginJar : add openamp
2024-04-03 11:11:44,063 [INFO] IPUIPlugin:80 - create IPUIPlugin
2024-04-03 11:11:44,064 [INFO] PluginManager:220 - loadIPPluginJar : add pdm2pcm
2024-04-03 11:11:44,080 [INFO] IPUIPlugin:80 - create IPUIPlugin
2024-04-03 11:11:44,082 [INFO] PluginManager:220 - loadIPPluginJar : add plateformsettings
2024-04-03 11:11:44,086 [INFO] IPUIPlugin:80 - create IPUIPlugin
2024-04-03 11:11:44,086 [INFO] PluginManager:220 - loadIPPluginJar : add quadspi
2024-04-03 11:11:44,132 [INFO] IPUIPlugin:80 - create IPUIPlugin
2024-04-03 11:11:44,133 [INFO] PluginManager:220 - loadIPPluginJar : add resmgrutility
2024-04-03 11:11:44,140 [INFO] IPUIPlugin:80 - create IPUIPlugin
2024-04-03 11:11:44,140 [INFO] PluginManager:220 - loadIPPluginJar : add sai
2024-04-03 11:11:44,145 [INFO] IPUIPlugin:80 - create IPUIPlugin
2024-04-03 11:11:44,145 [INFO] PluginManager:220 - loadIPPluginJar : add spi
2024-04-03 11:11:44,156 [INFO] IPUIPlugin:80 - create IPUIPlugin
2024-04-03 11:11:44,156 [INFO] PluginManager:220 - loadIPPluginJar : add stm32_wpan
2024-04-03 11:11:44,160 [INFO] IPUIPlugin:80 - create IPUIPlugin
2024-04-03 11:11:44,160 [INFO] PluginManager:220 - loadIPPluginJar : add tim
2024-04-03 11:11:44,168 [INFO] IPUIPlugin:80 - create IPUIPlugin
2024-04-03 11:11:44,169 [INFO] PluginManager:220 - loadIPPluginJar : add touchsensing
2024-04-03 11:11:44,173 [INFO] IPUIPlugin:80 - create IPUIPlugin
2024-04-03 11:11:44,174 [INFO] PluginManager:220 - loadIPPluginJar : add tracer_emb
2024-04-03 11:11:44,178 [INFO] IPUIPlugin:80 - create IPUIPlugin
2024-04-03 11:11:44,178 [INFO] PluginManager:220 - loadIPPluginJar : add ts
2024-04-03 11:11:44,183 [INFO] IPUIPlugin:80 - create IPUIPlugin
2024-04-03 11:11:44,183 [INFO] PluginManager:220 - loadIPPluginJar : add tsc
2024-04-03 11:11:44,187 [INFO] IPUIPlugin:80 - create IPUIPlugin
2024-04-03 11:11:44,188 [INFO] PluginManager:220 - loadIPPluginJar : add ucpd
2024-04-03 11:11:44,194 [INFO] IPUIPlugin:80 - create IPUIPlugin
2024-04-03 11:11:44,194 [INFO] PluginManager:220 - loadIPPluginJar : add usart
2024-04-03 11:11:44,201 [INFO] IPUIPlugin:80 - create IPUIPlugin
2024-04-03 11:11:44,201 [INFO] PluginManager:220 - loadIPPluginJar : add usbx
2024-04-03 11:11:44,356 [INFO] CADModel:165 - CPN selected for project level
2024-04-03 11:11:44,356 [INFO] CADModel:114 - Register for checkConnection events
2024-04-03 11:11:44,356 [FATAL] Updater:308 - Updater called before beeing initialized
2024-04-03 11:11:44,357 [ERROR] CADModel:125 - Updater not yet initialized, retry later 
2024-04-03 11:11:44,612 [INFO] CADModel:165 - CPN selected for project level
2024-04-03 11:11:44,612 [INFO] CADModel:114 - Register for checkConnection events
2024-04-03 11:11:44,612 [FATAL] Updater:308 - Updater called before beeing initialized
2024-04-03 11:11:44,612 [ERROR] CADModel:125 - Updater not yet initialized, retry later 
2024-04-03 11:11:44,617 [FATAL] Updater:308 - Updater called before beeing initialized
2024-04-03 11:11:44,782 [FATAL] Updater:308 - Updater called before beeing initialized
2024-04-03 11:11:44,787 [INFO] DbMcusAds:53 - JSON generation date=Wed Nov 29 16:22:27 IST 2023 (1701255147349)
2024-04-03 11:11:44,788 [FATAL] Updater:308 - Updater called before beeing initialized
2024-04-03 11:11:44,844 [WARN] DetailPanel:346 - Failed to get advertising image, set to default
2024-04-03 11:11:44,951 [FATAL] Updater:308 - Updater called before beeing initialized
2024-04-03 11:11:44,954 [FATAL] Updater:308 - Updater called before beeing initialized
2024-04-03 11:11:44,954 [FATAL] Updater:308 - Updater called before beeing initialized
2024-04-03 11:11:44,954 [WARN] DetailPanel:346 - Failed to get advertising image, set to default
2024-04-03 11:11:44,955 [FATAL] Updater:308 - Updater called before beeing initialized
2024-04-03 11:11:45,041 [ERROR] Updater:1120 - MainUpdater not yet initialized. External WinMGr cannot be set.
2024-04-03 11:11:45,045 [INFO] Updater:1056 - Updater Version found : 6.11.0
2024-04-03 11:11:45,076 [INFO] ApplicationProperties:184 - Using Application install path: C:\ST\STM32CubeIDE_1.4.0\STM32CubeIDE\plugins\com.st.stm32cube.common.mx_6.11.0.202403141607
2024-04-03 11:11:45,659 [INFO] MainUpdater:2873 - connection check result : 10
2024-04-03 11:11:45,660 [INFO] MainUpdater:290 - Updater Check For Update Now.
2024-04-03 11:11:45,660 [INFO] MicroXplorer:498 - Change Database Version : DB.6.0.110
2024-04-03 11:11:45,672 [INFO] McuFinderGlobals:63 - Set McuFinder mode to 2 (CubeIDE integrated)
2024-04-03 11:11:45,673 [INFO] UserAuth:179 - activating auth plugin
2024-04-03 11:11:45,677 [INFO] UserAuth:415 - Internet connection configuration mode: 1
2024-04-03 11:11:45,714 [INFO] JxBrowserEngine:152 - Initiate JxBrowser Engine with user profile folder
2024-04-03 11:11:45,901 [WARN] MainUpdater:1194 - Updater busy. Cannot search thirdparties
2024-04-03 11:11:45,901 [INFO] ThirdPartyUpdaterWithRetryManager:96 - Updater plugin is busy. [1/15]
2024-04-03 11:11:45,916 [INFO] CheckServerUpdateThread:120 - End of CheckServer Thread
2024-04-03 11:11:48,019 [INFO] WebApp:161 - Instantiating new browser for Auth
2024-04-03 11:11:49,041 [INFO] WebApp:779 - Register for checkConnection events
2024-04-03 11:11:49,041 [INFO] WebApp:414 - Apply proxy settings
2024-04-03 11:11:49,041 [INFO] WebApp:499 - Chromium requires no authentication
2024-04-03 11:11:49,055 [INFO] WebApp:442 - Direct internet connection detected
2024-04-03 11:11:49,217 [WARN] PackLoader:240 - Cannot read IP mode file for STMicroelectronics.X-CUBE-SMBUS.2.1.0
2024-04-03 11:11:49,240 [WARN] PackLoader:240 - Cannot read IP mode file for STMicroelectronics.X-CUBE-TOUCHGFX.4.23.1
2024-04-03 11:11:49,256 [WARN] PackLoader:240 - Cannot read IP mode file for STMicroelectronics.X-CUBE-TOUCHGFX.4.23.0
2024-04-03 11:11:49,326 [WARN] PackLoader:240 - Cannot read IP mode file for STMicroelectronics.X-CUBE-AZRTOS-F7.1.1.0
2024-04-03 11:11:49,347 [WARN] PackLoader:240 - Cannot read IP mode file for STMicroelectronics.FP-SNS-MOTENV1.4.3.2
2024-04-03 11:11:49,367 [WARN] PackLoader:240 - Cannot read IP mode file for STMicroelectronics.X-CUBE-BLE1.6.2.4
2024-04-03 11:11:49,390 [WARN] PackLoader:240 - Cannot read IP mode file for STMicroelectronics.FP-SNS-FLIGHT1.5.0.2
2024-04-03 11:11:49,405 [WARN] PackLoader:240 - Cannot read IP mode file for STMicroelectronics.X-CUBE-DISPLAY.3.0.0
2024-04-03 11:11:49,426 [WARN] PackLoader:240 - Cannot read IP mode file for STMicroelectronics.X-CUBE-BLE1.7.0.0
2024-04-03 11:11:49,506 [WARN] PackLoader:240 - Cannot read IP mode file for STMicroelectronics.X-CUBE-MEMS1.9.3.0
2024-04-03 11:11:49,624 [INFO] WebApp:192 - Starting web application
2024-04-03 11:11:49,624 [INFO] WebApp:544 - Web application path used C:\ST\STM32CubeIDE_1.4.0\STM32CubeIDE\plugins\com.st.stm32cube.common.mx_6.11.0.202403141607\db\plugins\mcufinder\reactClient1\index.html
2024-04-03 11:11:49,742 [WARN] PackLoader:240 - Cannot read IP mode file for STMicroelectronics.X-CUBE-BLEMGR.3.1.0
2024-04-03 11:11:49,769 [WARN] PackLoader:240 - Cannot read IP mode file for STMicroelectronics.FP-SNS-SMARTAG2.1.2.0
2024-04-03 11:11:49,787 [INFO] LogOutputStream:77 - [STDOUT_REDIRECT] 1 : Invalid condition id : UX_CORESTACK_Condition cause : null
2024-04-03 11:11:49,788 [INFO] LogOutputStream:77 - [STDOUT_REDIRECT] 1 : Invalid condition id : UX_CORESTACK_Condition cause : null
2024-04-03 11:11:49,790 [INFO] LogOutputStream:77 - [STDOUT_REDIRECT] 1 : Invalid condition id : UX_CORESTACK_Condition cause : null
2024-04-03 11:11:49,793 [INFO] LogOutputStream:77 - [STDOUT_REDIRECT] 1 : Invalid condition id : UX_CORESTACK_Condition cause : null
2024-04-03 11:11:49,794 [INFO] LogOutputStream:77 - [STDOUT_REDIRECT] 1 : Invalid condition id : UX_CORESTACK_Condition cause : null
2024-04-03 11:11:49,800 [WARN] PackLoader:240 - Cannot read IP mode file for STMicroelectronics.X-CUBE-AZRTOS-WL.2.0.0
2024-04-03 11:11:49,808 [WARN] PackLoader:240 - Cannot read IP mode file for STMicroelectronics.FP-SNS-MOTENV1.5.0.0
2024-04-03 11:11:49,824 [WARN] PackLoader:240 - Cannot read IP mode file for WES.I-CUBE-Cesium.1.3.0
2024-04-03 11:11:49,841 [WARN] PackLoader:240 - Cannot read IP mode file for STMicroelectronics.X-CUBE-TOF1.3.2.0
2024-04-03 11:11:49,862 [WARN] PackLoader:240 - Cannot read IP mode file for STMicroelectronics.X-CUBE-ISPU.1.0.0
2024-04-03 11:11:49,873 [WARN] PackLoader:240 - Cannot read IP mode file for STMicroelectronics.X-CUBE-TOUCHGFX.4.21.0
2024-04-03 11:11:49,960 [WARN] PackLoader:240 - Cannot read IP mode file for STMicroelectronics.X-CUBE-MEMS1.9.4.0
2024-04-03 11:11:50,187 [WARN] PackLoader:240 - Cannot read IP mode file for STMicroelectronics.X-CUBE-AI.7.3.0
2024-04-03 11:11:50,196 [WARN] PackLoader:240 - Cannot read IP mode file for STMicroelectronics.X-CUBE-SAFEA1.1.2.2
2024-04-03 11:11:50,203 [WARN] PackLoader:240 - Cannot read IP mode file for STMicroelectronics.X-CUBE-NFC4.3.0.0
2024-04-03 11:11:50,211 [WARN] PackLoader:240 - Cannot read IP mode file for STMicroelectronics.X-CUBE-BLEMGR.3.0.0
2024-04-03 11:11:50,219 [WARN] PackLoader:240 - Cannot read IP mode file for STMicroelectronics.X-CUBE-BLEMGR.1.3.0
2024-04-03 11:11:50,226 [WARN] PackLoader:240 - Cannot read IP mode file for STMicroelectronics.FP-ATR-SIGFOX1.3.2.0
2024-04-03 11:11:50,233 [WARN] PackLoader:240 - Cannot read IP mode file for STMicroelectronics.X-CUBE-EEPRMA1.5.1.0
2024-04-03 11:11:50,264 [WARN] PackLoader:240 - Cannot read IP mode file for SEGGER.I-CUBE-embOS.1.3.1
2024-04-03 11:11:50,353 [WARN] PackLoader:240 - Cannot read IP mode file for STMicroelectronics.X-CUBE-AZRTOS-F4.1.1.0
2024-04-03 11:11:50,378 [WARN] PackLoader:240 - Cannot read IP mode file for STMicroelectronics.X-CUBE-AZRTOS-L5.2.0.0
2024-04-03 11:11:50,391 [WARN] PackLoader:240 - Cannot read IP mode file for STMicroelectronics.X-CUBE-NFC6.3.1.0
2024-04-03 11:11:50,399 [WARN] PackLoader:240 - Cannot read IP mode file for ITTIA_DB.I-CUBE-ITTIADB.8.8.0
2024-04-03 11:11:50,407 [WARN] PackLoader:240 - Cannot read IP mode file for STMicroelectronics.X-CUBE-NFC4.2.0.5
2024-04-03 11:11:50,414 [WARN] PackLoader:240 - Cannot read IP mode file for STMicroelectronics.X-CUBE-NFC7.1.0.1
2024-04-03 11:11:50,423 [WARN] PackLoader:240 - Cannot read IP mode file for STMicroelectronics.X-CUBE-NFC6.3.0.0
2024-04-03 11:11:50,430 [WARN] PackLoader:240 - Cannot read IP mode file for STMicroelectronics.X-CUBE-EEPRMA1.4.1.0
2024-04-03 11:11:50,437 [WARN] PackLoader:240 - Cannot read IP mode file for STMicroelectronics.X-CUBE-AI.8.1.0
2024-04-03 11:11:50,460 [WARN] ConditionMgr:438 - getConditionDescription Invalid condition id : LAN8742 Phy interface Condition cause : null
2024-04-03 11:11:50,461 [WARN] PackLoader:240 - Cannot read IP mode file for STMicroelectronics.X-CUBE-AZRTOS-L4.2.0.0
2024-04-03 11:11:50,462 [WARN] ConditionMgr:1039 - genDependencies : Invalid condition id : LAN8742 Phy interface Condition cause : null
2024-04-03 11:11:50,462 [WARN] ConditionMgr:1039 - genDependencies : Invalid condition id : LAN8742 Phy interface Condition cause : null
2024-04-03 11:11:50,463 [WARN] ConditionMgr:1039 - genDependencies : Invalid condition id : LAN8742 Phy interface Condition cause : null
2024-04-03 11:11:50,488 [WARN] PackLoader:240 - Cannot read IP mode file for STMicroelectronics.X-CUBE-AZRTOS-H7.3.0.0
2024-04-03 11:11:50,498 [WARN] PackLoader:240 - Cannot read IP mode file for STMicroelectronics.X-CUBE-ISPU.1.1.0
2024-04-03 11:11:50,512 [WARN] ConditionMgr:438 - getConditionDescription Invalid condition id : UX DEVICE CLASS RTOS Condition cause : null
2024-04-03 11:11:50,513 [WARN] ConditionMgr:438 - getConditionDescription Invalid condition id : UX DEVICE CLASS RTOS Condition cause : null
2024-04-03 11:11:50,515 [WARN] PackLoader:240 - Cannot read IP mode file for STMicroelectronics.X-CUBE-AZRTOS-WB.2.0.0
2024-04-03 11:11:50,516 [WARN] ConditionMgr:1039 - genDependencies : Invalid condition id : UX DEVICE CLASS RTOS Condition cause : null
2024-04-03 11:11:50,516 [WARN] ConditionMgr:1039 - genDependencies : Invalid condition id : UX DEVICE CLASS RTOS Condition cause : null
2024-04-03 11:11:50,517 [WARN] ConditionMgr:1039 - genDependencies : Invalid condition id : UX DEVICE CLASS RTOS Condition cause : null
2024-04-03 11:11:50,517 [WARN] ConditionMgr:1039 - genDependencies : Invalid condition id : UX DEVICE CLASS RTOS Condition cause : null
2024-04-03 11:11:50,517 [WARN] ConditionMgr:1039 - genDependencies : Invalid condition id : UX DEVICE CLASS RTOS Condition cause : null
2024-04-03 11:11:50,526 [WARN] PackLoader:240 - Cannot read IP mode file for STMicroelectronics.X-CUBE-BLEMGR.1.0.0
2024-04-03 11:11:50,547 [WARN] PackLoader:240 - Cannot read IP mode file for STMicroelectronics.X-CUBE-AZRTOS-L5.1.1.0
2024-04-03 11:11:50,568 [WARN] PackLoader:240 - Cannot read IP mode file for STMicroelectronics.X-CUBE-AZRTOS-G4.2.0.0
2024-04-03 11:11:50,574 [WARN] PackLoader:240 - Cannot read IP mode file for STMicroelectronics.FP-ATR-ASTRA1.1.1.1
2024-04-03 11:11:50,588 [WARN] PackLoader:240 - Cannot read IP mode file for Infineon.AIROC-Wi-Fi-Bluetooth-STM32.1.5.1
2024-04-03 11:11:50,597 [WARN] PackLoader:240 - Cannot read IP mode file for STMicroelectronics.FP-SNS-MOTENVWB1.1.3.1
2024-04-03 11:11:50,602 [WARN] PackLoader:240 - Cannot read IP mode file for STMicroelectronics.X-CUBE-ISPU.2.0.0
2024-04-03 11:11:50,648 [WARN] PackLoader:240 - Cannot read IP mode file for STMicroelectronics.X-CUBE-MEMS1.10.0.0
2024-04-03 11:11:50,809 [WARN] PackLoader:240 - Cannot read IP mode file for STMicroelectronics.X-CUBE-FREERTOS.1.1.0
2024-04-03 11:11:50,825 [WARN] PackLoader:240 - Cannot read IP mode file for STMicroelectronics.X-CUBE-AZRTOS-WB.1.1.0
2024-04-03 11:11:50,830 [WARN] PackLoader:240 - Cannot read IP mode file for STMicroelectronics.FP-ATR-ASTRA1.2.0.0
2024-04-03 11:11:50,892 [WARN] PackLoader:240 - Cannot read IP mode file for STMicroelectronics.X-CUBE-TOF1.3.4.0
2024-04-03 11:11:50,927 [WARN] PackLoader:240 - Cannot read IP mode file for STMicroelectronics.X-CUBE-TOF1.3.4.1
2024-04-03 11:11:50,960 [WARN] PackLoader:240 - Cannot read IP mode file for STMicroelectronics.X-CUBE-AZRTOS-H7.3.2.0
2024-04-03 11:11:50,964 [INFO] ThirdParty:978 - Integrity check success = true
2024-04-03 11:11:50,964 [INFO] IntegrityCheckThread:100 - exiting critical section [integrity check]
2024-04-03 11:11:50,964 [INFO] IntegrityCheckThread:103 - End integrity checks thread
