2024-02-29 14:17:30,569 [INFO] Activator:176 - 


2024-02-29 14:17:30,579 [INFO] Activator:177 - !SESSION log4j initialized
2024-02-29 14:17:37,324 [INFO] LogOutputStream:77 - [STDOUT_REDIRECT] 
2024-02-29 14:17:38,595 [INFO] ApplicationProperties:184 - Using Application install path: C:\ST\STM32CubeIDE_1.4.0\STM32CubeIDE\plugins\com.st.stm32cube.common.mx_6.10.0.202311202037
2024-02-29 14:17:38,626 [INFO] DbMcusXml:78 - Set database path to: C:\ST\STM32CubeIDE_1.4.0\STM32CubeIDE\plugins\com.st.stm32cube.common.mx_6.10.0.202311202037\\db\/mcu/
2024-02-29 14:17:38,627 [INFO] ApiDb:274 - Set plugin database path to: C:\ST\STM32CubeIDE_1.4.0\STM32CubeIDE\plugins\com.st.stm32cube.common.mx_6.10.0.202311202037\\db\/plugins/boardmanager/
2024-02-29 14:17:38,629 [WARN] ApiDb:259 - Overriding images path with different value:  => C:\ST\STM32CubeIDE_1.4.0\STM32CubeIDE\plugins\com.st.stm32cube.common.mx_6.10.0.202311202037\\db\/plugins/mcufinder/images/
2024-02-29 14:17:38,656 [INFO] ApiDb:250 - Set database path to: C:\Users\Abhishek\.stmcufinder\plugins\mcufinder//mcu/
2024-02-29 14:17:38,659 [INFO] DbMcusAds:125 - Set database path to: C:\Users\Abhishek\.stmcufinder\plugins\mcufinder//mcu/
2024-02-29 14:17:38,661 [INFO] CrossReferenceDbSqlite:203 - Set database path to: C:\Users\Abhishek\.stmcufinder\plugins\mcufinder//mcu/cs/
2024-02-29 14:17:38,832 [INFO] RulesReader:64 - Compatibility file has been processed (297 Rules)
2024-02-29 14:17:38,973 [INFO] DbMcusXml:78 - Set database path to: C:\ST\STM32CubeIDE_1.4.0\STM32CubeIDE\plugins\com.st.stm32cube.common.mx_6.10.0.202311202037\\db\/mcu/
2024-02-29 14:17:38,973 [INFO] ApiDb:274 - Set plugin database path to: C:\ST\STM32CubeIDE_1.4.0\STM32CubeIDE\plugins\com.st.stm32cube.common.mx_6.10.0.202311202037\\db\/plugins/boardmanager/
2024-02-29 14:17:38,973 [INFO] ApiDb:261 - Set plugin images path to: C:\ST\STM32CubeIDE_1.4.0\STM32CubeIDE\plugins\com.st.stm32cube.common.mx_6.10.0.202311202037\\db\/plugins/mcufinder/images/
2024-02-29 14:17:38,973 [WARN] DbFile:41 - Overriding database path with different value: C:\Users\Abhishek\.stmcufinder\plugins\mcufinder/ => C:\Users\Abhishek\.stmcufinder\plugins\mcufinder
2024-02-29 14:17:38,974 [INFO] ApiDb:250 - Set database path to: C:\Users\Abhishek\.stmcufinder\plugins\mcufinder//mcu/
2024-02-29 14:17:38,974 [WARN] DbFile:41 - Overriding database path with different value: C:\Users\Abhishek\.stmcufinder\plugins\mcufinder/ => C:\Users\Abhishek\.stmcufinder\plugins\mcufinder
2024-02-29 14:17:38,974 [INFO] DbMcusAds:125 - Set database path to: C:\Users\Abhishek\.stmcufinder\plugins\mcufinder//mcu/
2024-02-29 14:17:38,974 [WARN] DbFile:41 - Overriding database path with different value: C:\Users\Abhishek\.stmcufinder\plugins\mcufinder/ => C:\Users\Abhishek\.stmcufinder\plugins\mcufinder
2024-02-29 14:17:38,974 [WARN] DbFile:41 - Overriding database path with different value: C:\Users\Abhishek\.stmcufinder\plugins\mcufinder/ => C:\Users\Abhishek\.stmcufinder\plugins\mcufinder
2024-02-29 14:17:38,974 [INFO] CrossReferenceDbSqlite:203 - Set database path to: C:\Users\Abhishek\.stmcufinder\plugins\mcufinder//mcu/cs/
2024-02-29 14:17:39,082 [INFO] MainPanel:264 - HeapMemory: 268435456
2024-02-29 14:17:39,227 [INFO] DbMcusXml:78 - Set database path to: C:\ST\STM32CubeIDE_1.4.0\STM32CubeIDE\plugins\com.st.stm32cube.common.mx_6.10.0.202311202037\\db\/mcu/
2024-02-29 14:17:39,227 [INFO] ApiDb:274 - Set plugin database path to: C:\ST\STM32CubeIDE_1.4.0\STM32CubeIDE\plugins\com.st.stm32cube.common.mx_6.10.0.202311202037\\db\/plugins/boardmanager/
2024-02-29 14:17:39,227 [INFO] ApiDb:261 - Set plugin images path to: C:\ST\STM32CubeIDE_1.4.0\STM32CubeIDE\plugins\com.st.stm32cube.common.mx_6.10.0.202311202037\\db\/plugins/mcufinder/images/
2024-02-29 14:17:39,228 [WARN] DbFile:41 - Overriding database path with different value: C:\Users\Abhishek\.stmcufinder\plugins\mcufinder/ => C:\Users\Abhishek\.stmcufinder\plugins\mcufinder
2024-02-29 14:17:39,228 [INFO] ApiDb:250 - Set database path to: C:\Users\Abhishek\.stmcufinder\plugins\mcufinder//mcu/
2024-02-29 14:17:39,228 [WARN] DbFile:41 - Overriding database path with different value: C:\Users\Abhishek\.stmcufinder\plugins\mcufinder/ => C:\Users\Abhishek\.stmcufinder\plugins\mcufinder
2024-02-29 14:17:39,228 [INFO] DbMcusAds:125 - Set database path to: C:\Users\Abhishek\.stmcufinder\plugins\mcufinder//mcu/
2024-02-29 14:17:39,228 [WARN] DbFile:41 - Overriding database path with different value: C:\Users\Abhishek\.stmcufinder\plugins\mcufinder/ => C:\Users\Abhishek\.stmcufinder\plugins\mcufinder
2024-02-29 14:17:39,228 [WARN] DbFile:41 - Overriding database path with different value: C:\Users\Abhishek\.stmcufinder\plugins\mcufinder/ => C:\Users\Abhishek\.stmcufinder\plugins\mcufinder
2024-02-29 14:17:39,228 [INFO] CrossReferenceDbSqlite:203 - Set database path to: C:\Users\Abhishek\.stmcufinder\plugins\mcufinder//mcu/cs/
2024-02-29 14:17:39,252 [INFO] ApplicationProperties:184 - Using Application install path: C:\ST\STM32CubeIDE_1.4.0\STM32CubeIDE\plugins\com.st.stm32cube.common.mx_6.10.0.202311202037
2024-02-29 14:17:39,254 [INFO] PluginManage:196 - Search for loadable plugins [exclusion list=, ]
2024-02-29 14:17:39,258 [INFO] PluginManage:310 - Check plugin analytics
2024-02-29 14:17:39,487 [INFO] AnalyticsPlugin:253 - Accepted Software Licenses: STM32CubeMX.6.1.0,STM32CubeMX.6.4.0,STM32CubeMX.6.2.0,STM32CubeMX.6.10.0
2024-02-29 14:17:39,488 [INFO] AnalyticsPlugin:255 - Accepted CMSIS Pack Licenses: 
2024-02-29 14:17:39,488 [INFO] AnalyticsPlugin:257 - Accepted Firmware Licenses: 
2024-02-29 14:17:39,492 [INFO] PluginManage:359 - Loaded plugin analytics (category:tool,tabindex:-1)
2024-02-29 14:17:39,492 [INFO] PluginManage:310 - Check plugin cadmodel
2024-02-29 14:17:39,504 [INFO] CADModel:105 - Init CAD model plugin
2024-02-29 14:17:39,505 [INFO] PluginManage:359 - Loaded plugin cadmodel (category:power,tabindex:5)
2024-02-29 14:17:39,505 [INFO] PluginManage:310 - Check plugin clock
2024-02-29 14:17:39,575 [INFO] PluginManage:359 - Loaded plugin clock (category:base,tabindex:2)
2024-02-29 14:17:39,575 [INFO] PluginManage:310 - Check plugin ddr
2024-02-29 14:17:39,580 [INFO] PluginManage:359 - Loaded plugin ddr (category:tool,tabindex:6)
2024-02-29 14:17:39,580 [INFO] PluginManage:310 - Check plugin filemanager
2024-02-29 14:17:39,795 [INFO] PluginManage:359 - Loaded plugin filemanager (category:base,tabindex:10)
2024-02-29 14:17:39,796 [INFO] PluginManage:310 - Check plugin ipmanager
2024-02-29 14:17:39,807 [INFO] PluginManage:359 - Loaded plugin ipmanager (category:base,tabindex:5)
2024-02-29 14:17:39,808 [INFO] PluginManage:310 - Check plugin lpbam
2024-02-29 14:17:39,835 [INFO] PluginManage:359 - Loaded plugin lpbam (category:base,tabindex:0)
2024-02-29 14:17:39,835 [INFO] PluginManage:310 - Check plugin memorymap
2024-02-29 14:17:39,869 [INFO] PluginManage:359 - Loaded plugin memorymap (category:base,tabindex:4)
2024-02-29 14:17:39,869 [INFO] PluginManage:310 - Check plugin pinoutandconfiguration
2024-02-29 14:17:39,914 [INFO] PluginManage:359 - Loaded plugin pinoutandconfiguration (category:base,tabindex:1)
2024-02-29 14:17:39,915 [INFO] PluginManage:310 - Check plugin pinoutconfig
2024-02-29 14:17:40,049 [WARN] SupportedApi:132 - Cannot load RTOS API schema: s4s-elt-must-match.1: The content of 'definitions' must match (annotation?, (simpleType | complexType)?, (unique | key | keyref)*)). A problem was found starting at: attribute.
2024-02-29 14:17:40,229 [INFO] PluginManage:359 - Loaded plugin pinoutconfig (category:base,tabindex:0)
2024-02-29 14:17:40,229 [INFO] PluginManage:310 - Check plugin power
2024-02-29 14:17:40,248 [INFO] PluginManage:359 - Loaded plugin power (category:power,tabindex:4)
2024-02-29 14:17:40,248 [INFO] PluginManage:310 - Check plugin projectmanager
2024-02-29 14:17:40,266 [INFO] PluginManage:359 - Loaded plugin projectmanager (category:projectmanager,tabindex:3)
2024-02-29 14:17:40,267 [INFO] PluginManage:310 - Check plugin thirdparty
2024-02-29 14:17:40,449 [INFO] PluginManage:359 - Loaded plugin thirdparty (category:base,tabindex:-1)
2024-02-29 14:17:40,449 [WARN] IntegrityCheckThread:84 - waiting for thirdparty lock release [integrity check]
2024-02-29 14:17:40,449 [INFO] PluginManage:310 - Check plugin tools
2024-02-29 14:17:40,450 [INFO] IntegrityCheckThread:86 - entering critical section [integrity check]
2024-02-29 14:17:40,450 [INFO] ThirdPartyUpdaterWithRetryManager:70 - Updater plugin not ready yet. [1/15]
2024-02-29 14:17:40,459 [INFO] PluginManage:359 - Loaded plugin tools (category:base,tabindex:7)
2024-02-29 14:17:40,459 [INFO] PluginManage:310 - Check plugin tutovideos
2024-02-29 14:17:40,735 [INFO] PluginManage:359 - Loaded plugin tutovideos (category:base,tabindex:-1)
2024-02-29 14:17:40,735 [INFO] PluginManage:310 - Check plugin updater
2024-02-29 14:17:40,754 [INFO] PluginManage:359 - Loaded plugin updater (category:base,tabindex:12)
2024-02-29 14:17:40,754 [INFO] PluginManage:310 - Check plugin userauth
2024-02-29 14:17:40,762 [INFO] UserAuth:114 - Init User Auth plugin
2024-02-29 14:17:40,762 [INFO] PluginManage:359 - Loaded plugin userauth (category:base,tabindex:14)
2024-02-29 14:17:40,763 [INFO] PluginManage:283 - PluginManage : Loaded plugins [17]
2024-02-29 14:17:41,099 [INFO] PinOutPanel:1499 - setPackage(No Configuration,No Configuration)
2024-02-29 14:17:41,207 [INFO] CADModel:165 - CPN selected for project level
2024-02-29 14:17:41,208 [INFO] CADModel:114 - Register for checkConnection events
2024-02-29 14:17:41,239 [INFO] IPUIPlugin:80 - create IPUIPlugin
2024-02-29 14:17:41,239 [INFO] PluginManager:220 - loadIPPluginJar : add adc
2024-02-29 14:17:41,246 [INFO] IPUIPlugin:80 - create IPUIPlugin
2024-02-29 14:17:41,246 [INFO] PluginManager:220 - loadIPPluginJar : add aes
2024-02-29 14:17:41,253 [INFO] IPUIPlugin:80 - create IPUIPlugin
2024-02-29 14:17:41,253 [INFO] PluginManager:220 - loadIPPluginJar : add can
2024-02-29 14:17:41,258 [INFO] IPUIPlugin:80 - create IPUIPlugin
2024-02-29 14:17:41,258 [INFO] PluginManager:220 - loadIPPluginJar : add comp
2024-02-29 14:17:41,263 [INFO] IPUIPlugin:80 - create IPUIPlugin
2024-02-29 14:17:41,263 [INFO] PluginManager:220 - loadIPPluginJar : add cryp
2024-02-29 14:17:41,268 [INFO] IPUIPlugin:80 - create IPUIPlugin
2024-02-29 14:17:41,268 [INFO] PluginManager:220 - loadIPPluginJar : add dfsdm
2024-02-29 14:17:41,284 [INFO] IPUIPlugin:80 - create IPUIPlugin
2024-02-29 14:17:41,285 [INFO] PluginManager:220 - loadIPPluginJar : add dma
2024-02-29 14:17:41,291 [INFO] IPUIPlugin:80 - create IPUIPlugin
2024-02-29 14:17:41,291 [INFO] PluginManager:220 - loadIPPluginJar : add dma3
2024-02-29 14:17:41,295 [INFO] IPUIPlugin:80 - create IPUIPlugin
2024-02-29 14:17:41,295 [INFO] PluginManager:220 - loadIPPluginJar : add fatfs
2024-02-29 14:17:41,305 [INFO] IPUIPlugin:80 - create IPUIPlugin
2024-02-29 14:17:41,305 [INFO] PluginManager:220 - loadIPPluginJar : add fmc
2024-02-29 14:17:41,352 [INFO] IPUIPlugin:80 - create IPUIPlugin
2024-02-29 14:17:41,352 [INFO] PluginManager:220 - loadIPPluginJar : add freertos
2024-02-29 14:17:41,355 [INFO] IPUIPlugin:80 - create IPUIPlugin
2024-02-29 14:17:41,356 [INFO] PluginManager:220 - loadIPPluginJar : add genericplugin
2024-02-29 14:17:41,363 [INFO] IPUIPlugin:80 - create IPUIPlugin
2024-02-29 14:17:41,363 [INFO] PluginManager:220 - loadIPPluginJar : add gfxmmu
2024-02-29 14:17:41,376 [INFO] IPUIPlugin:80 - create IPUIPlugin
2024-02-29 14:17:41,376 [INFO] PluginManager:220 - loadIPPluginJar : add gic
2024-02-29 14:17:41,394 [INFO] IPUIPlugin:80 - create IPUIPlugin
2024-02-29 14:17:41,394 [INFO] PluginManager:220 - loadIPPluginJar : add gpio
2024-02-29 14:17:41,405 [INFO] IPUIPlugin:80 - create IPUIPlugin
2024-02-29 14:17:41,405 [INFO] PluginManager:220 - loadIPPluginJar : add gtzc
2024-02-29 14:17:41,409 [INFO] IPUIPlugin:80 - create IPUIPlugin
2024-02-29 14:17:41,409 [INFO] PluginManager:220 - loadIPPluginJar : add hash
2024-02-29 14:17:41,416 [INFO] IPUIPlugin:80 - create IPUIPlugin
2024-02-29 14:17:41,416 [INFO] PluginManager:220 - loadIPPluginJar : add i2c
2024-02-29 14:17:41,423 [INFO] IPUIPlugin:80 - create IPUIPlugin
2024-02-29 14:17:41,423 [INFO] PluginManager:220 - loadIPPluginJar : add i2s
2024-02-29 14:17:41,430 [INFO] IPUIPlugin:80 - create IPUIPlugin
2024-02-29 14:17:41,431 [INFO] PluginManager:220 - loadIPPluginJar : add i3c
2024-02-29 14:17:41,441 [INFO] IPUIPlugin:80 - create IPUIPlugin
2024-02-29 14:17:41,441 [INFO] PluginManager:220 - loadIPPluginJar : add ipddr
2024-02-29 14:17:41,456 [INFO] IPUIPlugin:80 - create IPUIPlugin
2024-02-29 14:17:41,456 [INFO] PluginManager:220 - loadIPPluginJar : add linkedlist
2024-02-29 14:17:41,461 [INFO] IPUIPlugin:80 - create IPUIPlugin
2024-02-29 14:17:41,461 [INFO] PluginManager:220 - loadIPPluginJar : add lorawan
2024-02-29 14:17:41,465 [INFO] IPUIPlugin:80 - create IPUIPlugin
2024-02-29 14:17:41,466 [INFO] PluginManager:220 - loadIPPluginJar : add ltdc
2024-02-29 14:17:41,490 [INFO] IPUIPlugin:80 - create IPUIPlugin
2024-02-29 14:17:41,490 [INFO] PluginManager:220 - loadIPPluginJar : add mdma
2024-02-29 14:17:41,510 [INFO] IPUIPlugin:80 - create IPUIPlugin
2024-02-29 14:17:41,510 [INFO] PluginManager:220 - loadIPPluginJar : add nvic
2024-02-29 14:17:41,517 [INFO] IPUIPlugin:80 - create IPUIPlugin
2024-02-29 14:17:41,517 [INFO] PluginManager:220 - loadIPPluginJar : add opamp
2024-02-29 14:17:41,526 [INFO] IPUIPlugin:80 - create IPUIPlugin
2024-02-29 14:17:41,526 [INFO] PluginManager:220 - loadIPPluginJar : add openamp
2024-02-29 14:17:41,533 [INFO] IPUIPlugin:80 - create IPUIPlugin
2024-02-29 14:17:41,533 [INFO] PluginManager:220 - loadIPPluginJar : add pdm2pcm
2024-02-29 14:17:41,551 [INFO] IPUIPlugin:80 - create IPUIPlugin
2024-02-29 14:17:41,553 [INFO] PluginManager:220 - loadIPPluginJar : add plateformsettings
2024-02-29 14:17:41,558 [INFO] IPUIPlugin:80 - create IPUIPlugin
2024-02-29 14:17:41,558 [INFO] PluginManager:220 - loadIPPluginJar : add quadspi
2024-02-29 14:17:41,610 [INFO] IPUIPlugin:80 - create IPUIPlugin
2024-02-29 14:17:41,610 [INFO] PluginManager:220 - loadIPPluginJar : add resmgrutility
2024-02-29 14:17:41,618 [INFO] IPUIPlugin:80 - create IPUIPlugin
2024-02-29 14:17:41,618 [INFO] PluginManager:220 - loadIPPluginJar : add sai
2024-02-29 14:17:41,623 [INFO] IPUIPlugin:80 - create IPUIPlugin
2024-02-29 14:17:41,623 [INFO] PluginManager:220 - loadIPPluginJar : add spi
2024-02-29 14:17:41,634 [INFO] IPUIPlugin:80 - create IPUIPlugin
2024-02-29 14:17:41,635 [INFO] PluginManager:220 - loadIPPluginJar : add stm32_wpan
2024-02-29 14:17:41,639 [INFO] IPUIPlugin:80 - create IPUIPlugin
2024-02-29 14:17:41,639 [INFO] PluginManager:220 - loadIPPluginJar : add tim
2024-02-29 14:17:41,647 [INFO] IPUIPlugin:80 - create IPUIPlugin
2024-02-29 14:17:41,647 [INFO] PluginManager:220 - loadIPPluginJar : add touchsensing
2024-02-29 14:17:41,652 [INFO] IPUIPlugin:80 - create IPUIPlugin
2024-02-29 14:17:41,652 [INFO] PluginManager:220 - loadIPPluginJar : add tracer_emb
2024-02-29 14:17:41,658 [INFO] IPUIPlugin:80 - create IPUIPlugin
2024-02-29 14:17:41,658 [INFO] PluginManager:220 - loadIPPluginJar : add ts
2024-02-29 14:17:41,662 [INFO] IPUIPlugin:80 - create IPUIPlugin
2024-02-29 14:17:41,663 [INFO] PluginManager:220 - loadIPPluginJar : add tsc
2024-02-29 14:17:41,668 [INFO] IPUIPlugin:80 - create IPUIPlugin
2024-02-29 14:17:41,668 [INFO] PluginManager:220 - loadIPPluginJar : add ucpd
2024-02-29 14:17:41,675 [INFO] IPUIPlugin:80 - create IPUIPlugin
2024-02-29 14:17:41,675 [INFO] PluginManager:220 - loadIPPluginJar : add usart
2024-02-29 14:17:41,682 [INFO] IPUIPlugin:80 - create IPUIPlugin
2024-02-29 14:17:41,682 [INFO] PluginManager:220 - loadIPPluginJar : add usbx
2024-02-29 14:17:41,830 [INFO] CADModel:165 - CPN selected for project level
2024-02-29 14:17:41,830 [INFO] CADModel:114 - Register for checkConnection events
2024-02-29 14:17:41,830 [FATAL] Updater:308 - Updater called before beeing initialized
2024-02-29 14:17:41,830 [ERROR] CADModel:125 - Updater not yet initialized, retry later 
2024-02-29 14:17:42,026 [INFO] CADModel:165 - CPN selected for project level
2024-02-29 14:17:42,026 [INFO] CADModel:114 - Register for checkConnection events
2024-02-29 14:17:42,026 [FATAL] Updater:308 - Updater called before beeing initialized
2024-02-29 14:17:42,026 [ERROR] CADModel:125 - Updater not yet initialized, retry later 
2024-02-29 14:17:42,028 [FATAL] Updater:308 - Updater called before beeing initialized
2024-02-29 14:17:42,188 [FATAL] Updater:308 - Updater called before beeing initialized
2024-02-29 14:17:42,192 [INFO] DbMcusAds:53 - JSON generation date=Wed Nov 29 16:22:27 IST 2023 (1701255147349)
2024-02-29 14:17:42,192 [FATAL] Updater:308 - Updater called before beeing initialized
2024-02-29 14:17:42,264 [WARN] DetailPanel:346 - Failed to get advertising image, set to default
2024-02-29 14:17:42,377 [FATAL] Updater:308 - Updater called before beeing initialized
2024-02-29 14:17:42,380 [FATAL] Updater:308 - Updater called before beeing initialized
2024-02-29 14:17:42,380 [FATAL] Updater:308 - Updater called before beeing initialized
2024-02-29 14:17:42,380 [WARN] DetailPanel:346 - Failed to get advertising image, set to default
2024-02-29 14:17:42,381 [FATAL] Updater:308 - Updater called before beeing initialized
2024-02-29 14:17:42,437 [ERROR] Updater:1120 - MainUpdater not yet initialized. External WinMGr cannot be set.
2024-02-29 14:17:42,441 [INFO] Updater:1056 - Updater Version found : 6.10.0
2024-02-29 14:17:42,464 [INFO] ApplicationProperties:184 - Using Application install path: C:\ST\STM32CubeIDE_1.4.0\STM32CubeIDE\plugins\com.st.stm32cube.common.mx_6.10.0.202311202037
2024-02-29 14:17:42,626 [INFO] MainUpdater:526 - Copy updater definitions from MX database
2024-02-29 14:17:42,899 [INFO] MainUpdater:2873 - connection check result : 10
2024-02-29 14:17:42,900 [INFO] MainUpdater:3567 - Updater definition file requires update
2024-02-29 14:17:42,901 [INFO] MainUpdater:290 - Updater Check For Update Now.
2024-02-29 14:17:42,901 [INFO] MicroXplorer:498 - Change Database Version : DB.6.0.100
2024-02-29 14:17:42,910 [INFO] McuFinderGlobals:63 - Set McuFinder mode to 2 (CubeIDE integrated)
2024-02-29 14:17:42,911 [INFO] UserAuth:180 - activating auth plugin
2024-02-29 14:17:42,914 [INFO] UserAuth:404 - Internet connection configuration mode: 1
2024-02-29 14:17:42,933 [INFO] ServerAccessManage:473 - Download File updaters.zip
2024-02-29 14:17:42,937 [INFO] JxBrowserEngine:152 - Initiate JxBrowser Engine with user profile folder
2024-02-29 14:17:43,056 [INFO] FileExtend:240 - Unzip File : updaters.zip
2024-02-29 14:17:43,057 [INFO] FileExtend:255 - Standard Zip Deflate
2024-02-29 14:17:43,452 [WARN] MainUpdater:1194 - Updater busy. Cannot search thirdparties
2024-02-29 14:17:43,452 [INFO] ThirdPartyUpdaterWithRetryManager:96 - Updater plugin is busy. [1/15]
2024-02-29 14:17:44,061 [INFO] ServerAccessManage:473 - Download File PacksControlFlags.xml
2024-02-29 14:17:44,190 [INFO] ServerAccessManage:473 - Download File cubemx.pidx
2024-02-29 14:17:45,617 [INFO] ServerAccessManage:473 - Download File STMicroelectronics.X-CUBE-BLEMGR.pdsc
2024-02-29 14:17:46,455 [WARN] MainUpdater:1194 - Updater busy. Cannot search thirdparties
2024-02-29 14:17:46,455 [INFO] ThirdPartyUpdaterWithRetryManager:96 - Updater plugin is busy. [2/15]
2024-02-29 14:17:47,097 [INFO] McuFinderGlobals:63 - Set McuFinder mode to 2 (CubeIDE integrated)
2024-02-29 14:17:49,457 [WARN] MainUpdater:1194 - Updater busy. Cannot search thirdparties
2024-02-29 14:17:49,457 [INFO] ThirdPartyUpdaterWithRetryManager:96 - Updater plugin is busy. [3/15]
2024-02-29 14:17:50,298 [WARN] PackLoader:240 - Cannot read IP mode file for STMicroelectronics.X-CUBE-BLEMGR.3.1.0
2024-02-29 14:17:50,305 [INFO] PopulateThirdPartyThread:66 - Ending populate Thread
2024-02-29 14:17:50,307 [INFO] ThirdParty:1030 - CMSIS Pack Vendor :STMicroelectronics X-CUBE-BLEMGR 3.1.0
2024-02-29 14:17:50,307 [INFO] LoadServerUpdatesThread:375 - End of LoadServerUpdate Thread
2024-02-29 14:17:50,428 [INFO] CheckServerUpdateThread:120 - End of CheckServer Thread
2024-02-29 14:17:50,550 [INFO] MainUpdater:2873 - connection check result : 10
2024-02-29 14:17:50,562 [INFO] McuFinderGlobals:76 - Set McuFinderConnectedMode to true
2024-02-29 14:17:50,793 [INFO] ServerAccessManage:473 - Download File mcusAds.json._tmp_
2024-02-29 14:17:50,911 [INFO] LoadUrlFilesThread:156 - End of LoadUrlFiles Thread
2024-02-29 14:17:51,121 [INFO] WebApp:161 - Instantiating new browser for Auth
2024-02-29 14:17:52,120 [INFO] WebApp:780 - Register for checkConnection events
2024-02-29 14:17:52,120 [INFO] WebApp:414 - Apply proxy settings
2024-02-29 14:17:52,120 [INFO] WebApp:499 - Chromium requires no authentication
2024-02-29 14:17:52,131 [INFO] WebApp:442 - Direct internet connection detected
2024-02-29 14:17:52,372 [INFO] WebApp:192 - Starting web application
2024-02-29 14:17:52,372 [INFO] WebApp:544 - Web application path used C:\ST\STM32CubeIDE_1.4.0\STM32CubeIDE\plugins\com.st.stm32cube.common.mx_6.10.0.202311202037\db\plugins\mcufinder\reactClient1\index.html
2024-02-29 14:17:52,429 [INFO] ServerAccessManage:473 - Download File cube-finder-db.zip
2024-02-29 14:17:52,459 [WARN] MainUpdater:1194 - Updater busy. Cannot search thirdparties
2024-02-29 14:17:52,459 [INFO] ThirdPartyUpdaterWithRetryManager:96 - Updater plugin is busy. [4/15]
2024-02-29 14:17:55,460 [WARN] MainUpdater:1194 - Updater busy. Cannot search thirdparties
2024-02-29 14:17:55,460 [INFO] ThirdPartyUpdaterWithRetryManager:96 - Updater plugin is busy. [5/15]
2024-02-29 14:17:55,806 [INFO] FileExtend:240 - Unzip File : cube-finder-db.zip
2024-02-29 14:17:55,806 [INFO] FileExtend:255 - Standard Zip Deflate
2024-02-29 14:17:57,874 [INFO] LoadUrlFilesThread:156 - End of LoadUrlFiles Thread
2024-02-29 14:17:58,462 [WARN] MainUpdater:1194 - Updater busy. Cannot search thirdparties
2024-02-29 14:17:58,462 [INFO] ThirdPartyUpdaterWithRetryManager:96 - Updater plugin is busy. [6/15]
2024-02-29 14:17:58,619 [INFO] ServerAccessManage:473 - Download File crdb.zip
2024-02-29 14:17:59,570 [INFO] FileExtend:240 - Unzip File : crdb.zip
2024-02-29 14:17:59,570 [INFO] FileExtend:255 - Standard Zip Deflate
2024-02-29 14:17:59,695 [INFO] LoadUrlFilesThread:156 - End of LoadUrlFiles Thread
2024-02-29 14:17:59,835 [INFO] ServerAccessManage:473 - Download File tutoVideoDB.zip
2024-02-29 14:17:59,879 [INFO] FileExtend:240 - Unzip File : tutoVideoDB.zip
2024-02-29 14:17:59,879 [INFO] FileExtend:255 - Standard Zip Deflate
2024-02-29 14:17:59,988 [INFO] LoadUrlFilesThread:156 - End of LoadUrlFiles Thread
2024-02-29 14:17:59,990 [WARN] DbFile:41 - Overriding database path with different value: C:\Users\Abhishek\.stmcufinder\plugins\mcufinder/ => C:\Users\Abhishek\.stmcufinder\plugins\mcufinder
2024-02-29 14:18:00,108 [INFO] ServerAccessManage:473 - Download File api_config.json
2024-02-29 14:18:00,221 [INFO] LoadUrlFilesThread:156 - End of LoadUrlFiles Thread
2024-02-29 14:18:00,223 [INFO] DbMcusAds:53 - JSON generation date=Wed Nov 29 16:22:27 IST 2023 (1701255147349)
2024-02-29 14:18:00,251 [INFO] LoadUrlFilesThread:185 - End of LoadServerUrlFiles without Thread
2024-02-29 14:18:00,251 [INFO] TargetSelectorAdapter:259 - Refresh data is successful
2024-02-29 14:18:00,414 [INFO] ApiDb:581 - Connected to CubeFinder SQLite database (C:\Users\Abhishek\.stmcufinder\plugins\mcufinder\mcu\cube-finder-db.db)
2024-02-29 14:18:00,484 [INFO] ApiDb:668 - CubeFinder database Data Model version=2.1
2024-02-29 14:18:00,484 [INFO] ApiDb:669 - CubeFinder database Configuration version=3.0.39
2024-02-29 14:18:00,485 [INFO] ApiDb:670 - CubeFinder database generation date=2024-02-19 (1708350410)
2024-02-29 14:18:00,485 [INFO] ApiDb:671 - CubeFinder database FW Pack versions=[FP-ATR-ASTRA1_V2.0.0, FP-SNS-FLIGHT1_V5.0.1, FP-SNS-FLIGHT1_V5.0.2, FP-SNS-MOTENV1_V4.3.1, FP-SNS-MOTENV1_V4.3.2, FP-SNS-MOTENVWB1_V1.3.1, FP-SNS-SMARTAG2_V1.2.0, STM32Cube_FW_C0_V1.1.0, STM32Cube_FW_F4_V1.28.0, STM32Cube_FW_F7_V1.17.0, STM32Cube_FW_G0_V1.6.2, STM32Cube_FW_G4_V1.5.2, STM32Cube_FW_H5_V0.5.1, STM32Cube_FW_H5_V1.1.1, STM32Cube_FW_H5_V1.2.0RC2, STM32Cube_FW_H7_V1.11.0, STM32Cube_FW_L0_V1.12.2, STM32Cube_FW_L5_V1.5.0, STM32Cube_FW_U5_V1.3.0RC4, STM32Cube_FW_U5_V1.4.0, STM32Cube_FW_WBA_V1.0.0RC1, STM32Cube_FW_WBA_V1.1.0RC1, STM32Cube_FW_WBA_V1.2.0, STM32Cube_FW_WBA_V1.2.0RC2, STM32Cube_FW_WB_V1.15.0RC1, STM32Cube_FW_WB_V1.16.0, STM32Cube_FW_WB_V1.16.0RC2, STM32Cube_FW_WB_V1.18.0, STM32Cube_FW_WL_V1.3.0, X-CUBE-ALGOBUILD_V1.3.0, X-CUBE-ALS_V1.0.1, X-CUBE-AZRTOS-F4_V1.1.0, X-CUBE-AZRTOS-F7_V1.1.0, X-CUBE-AZRTOS-G0_V1.1.0, X-CUBE-AZRTOS-G4_V2.0.0, X-CUBE-AZRTOS-H7_V3.2.0, X-CUBE-AZRTOS-L4_V1.0.0, X-CUBE-AZRTOS-L4_V2.0.0, X-CUBE-AZRTOS-L5_V1.1.0, X-CUBE-AZRTOS-WB_V2.0.0, X-CUBE-AZRTOS-WL_V2.0.0, X-CUBE-BLE1_V7.0.0, X-CUBE-BLE2_V3.3.0, X-CUBE-BLEMGR_V3.0.0, X-CUBE-EEPRMA1_V4.1.0, X-CUBE-EEPRMA1_V5.1.0, X-CUBE-FREERTOS_V1.1.0, X-CUBE-GNSS1_V6.0.0, X-CUBE-MEMS1_V10.0.0, X-CUBE-MEMS1_V9.1.0, X-CUBE-MEMS1_V9.4.0, X-CUBE-MEMS1_V9.6.0, X-CUBE-NFC4_V3.0.0, X-CUBE-NFC7_V1.0.1, X-CUBE-SFXS2LP1_V4.0.0, X-CUBE-SUBG2_V5.0.0, X-CUBE-TOF1_V3.4.0]
2024-02-29 14:18:01,698 [WARN] PackLoader:240 - Cannot read IP mode file for STMicroelectronics.X-CUBE-SMBUS.2.1.0
2024-02-29 14:18:01,703 [WARN] PackLoader:240 - Cannot read IP mode file for STMicroelectronics.X-CUBE-TOUCHGFX.4.23.0
2024-02-29 14:18:01,731 [WARN] PackLoader:240 - Cannot read IP mode file for STMicroelectronics.X-CUBE-AZRTOS-F7.1.1.0
2024-02-29 14:18:01,748 [WARN] PackLoader:240 - Cannot read IP mode file for STMicroelectronics.FP-SNS-MOTENV1.4.3.2
2024-02-29 14:18:01,762 [WARN] PackLoader:240 - Cannot read IP mode file for STMicroelectronics.X-CUBE-BLE1.6.2.4
2024-02-29 14:18:01,771 [WARN] PackLoader:240 - Cannot read IP mode file for STMicroelectronics.FP-SNS-FLIGHT1.5.0.2
2024-02-29 14:18:01,782 [WARN] PackLoader:240 - Cannot read IP mode file for STMicroelectronics.X-CUBE-DISPLAY.3.0.0
2024-02-29 14:18:01,814 [WARN] PackLoader:240 - Cannot read IP mode file for STMicroelectronics.X-CUBE-BLE1.7.0.0
2024-02-29 14:18:01,886 [WARN] PackLoader:240 - Cannot read IP mode file for STMicroelectronics.X-CUBE-MEMS1.9.3.0
2024-02-29 14:18:02,046 [WARN] PackLoader:240 - Cannot read IP mode file for STMicroelectronics.X-CUBE-BLEMGR.3.1.0
2024-02-29 14:18:02,065 [WARN] PackLoader:240 - Cannot read IP mode file for STMicroelectronics.FP-SNS-SMARTAG2.1.2.0
2024-02-29 14:18:02,077 [INFO] LogOutputStream:77 - [STDOUT_REDIRECT] 1 : Invalid condition id : UX_CORESTACK_Condition cause : null
2024-02-29 14:18:02,078 [INFO] LogOutputStream:77 - [STDOUT_REDIRECT] 1 : Invalid condition id : UX_CORESTACK_Condition cause : null
2024-02-29 14:18:02,080 [INFO] LogOutputStream:77 - [STDOUT_REDIRECT] 1 : Invalid condition id : UX_CORESTACK_Condition cause : null
2024-02-29 14:18:02,082 [INFO] LogOutputStream:77 - [STDOUT_REDIRECT] 1 : Invalid condition id : UX_CORESTACK_Condition cause : null
2024-02-29 14:18:02,083 [INFO] LogOutputStream:77 - [STDOUT_REDIRECT] 1 : Invalid condition id : UX_CORESTACK_Condition cause : null
2024-02-29 14:18:02,087 [WARN] PackLoader:240 - Cannot read IP mode file for STMicroelectronics.X-CUBE-AZRTOS-WL.2.0.0
2024-02-29 14:18:02,099 [WARN] PackLoader:240 - Cannot read IP mode file for WES.I-CUBE-Cesium.1.3.0
2024-02-29 14:18:02,115 [WARN] PackLoader:240 - Cannot read IP mode file for STMicroelectronics.X-CUBE-TOF1.3.2.0
2024-02-29 14:18:02,144 [WARN] PackLoader:240 - Cannot read IP mode file for STMicroelectronics.X-CUBE-ISPU.1.0.0
2024-02-29 14:18:02,149 [WARN] PackLoader:240 - Cannot read IP mode file for STMicroelectronics.X-CUBE-TOUCHGFX.4.21.0
2024-02-29 14:18:02,189 [WARN] PackLoader:240 - Cannot read IP mode file for STMicroelectronics.X-CUBE-MEMS1.9.4.0
2024-02-29 14:18:02,319 [WARN] PackLoader:240 - Cannot read IP mode file for STMicroelectronics.X-CUBE-AI.7.3.0
2024-02-29 14:18:02,328 [WARN] PackLoader:240 - Cannot read IP mode file for STMicroelectronics.X-CUBE-NFC4.3.0.0
2024-02-29 14:18:02,341 [WARN] PackLoader:240 - Cannot read IP mode file for STMicroelectronics.X-CUBE-BLEMGR.3.0.0
2024-02-29 14:18:02,354 [WARN] PackLoader:240 - Cannot read IP mode file for STMicroelectronics.X-CUBE-BLEMGR.1.3.0
2024-02-29 14:18:02,361 [WARN] PackLoader:240 - Cannot read IP mode file for STMicroelectronics.FP-ATR-SIGFOX1.3.2.0
2024-02-29 14:18:02,368 [WARN] PackLoader:240 - Cannot read IP mode file for STMicroelectronics.X-CUBE-EEPRMA1.5.1.0
2024-02-29 14:18:02,421 [WARN] PackLoader:240 - Cannot read IP mode file for SEGGER.I-CUBE-embOS.1.3.1
2024-02-29 14:18:02,506 [WARN] PackLoader:240 - Cannot read IP mode file for STMicroelectronics.X-CUBE-AZRTOS-F4.1.1.0
2024-02-29 14:18:02,535 [WARN] PackLoader:240 - Cannot read IP mode file for STMicroelectronics.X-CUBE-AZRTOS-L5.2.0.0
2024-02-29 14:18:02,543 [WARN] PackLoader:240 - Cannot read IP mode file for ITTIA_DB.I-CUBE-ITTIADB.8.8.0
2024-02-29 14:18:02,568 [WARN] PackLoader:240 - Cannot read IP mode file for STMicroelectronics.X-CUBE-NFC4.2.0.5
2024-02-29 14:18:02,588 [WARN] PackLoader:240 - Cannot read IP mode file for STMicroelectronics.X-CUBE-NFC7.1.0.1
2024-02-29 14:18:02,624 [WARN] PackLoader:240 - Cannot read IP mode file for STMicroelectronics.X-CUBE-NFC6.3.0.0
2024-02-29 14:18:02,637 [WARN] PackLoader:240 - Cannot read IP mode file for STMicroelectronics.X-CUBE-EEPRMA1.4.1.0
2024-02-29 14:18:02,644 [WARN] PackLoader:240 - Cannot read IP mode file for STMicroelectronics.X-CUBE-AI.8.1.0
2024-02-29 14:18:02,671 [WARN] ConditionMgr:438 - getConditionDescription Invalid condition id : LAN8742 Phy interface Condition cause : null
2024-02-29 14:18:02,672 [WARN] PackLoader:240 - Cannot read IP mode file for STMicroelectronics.X-CUBE-AZRTOS-L4.2.0.0
2024-02-29 14:18:02,673 [WARN] ConditionMgr:1039 - genDependencies : Invalid condition id : LAN8742 Phy interface Condition cause : null
2024-02-29 14:18:02,674 [WARN] ConditionMgr:1039 - genDependencies : Invalid condition id : LAN8742 Phy interface Condition cause : null
2024-02-29 14:18:02,674 [WARN] ConditionMgr:1039 - genDependencies : Invalid condition id : LAN8742 Phy interface Condition cause : null
2024-02-29 14:18:02,682 [INFO] ApiDb:240 - Found 371 in-development CPN: [B-G473E-ZEST1S, B-WB1M-WPAN1, B-WL5M-SUBG1, NUCLEO-C031C6, NUCLEO-H503RB, NUCLEO-H563ZI, NUCLEO-U545RE-Q, NUCLEO-U5A5ZJ-Q, NUCLEO-WBA52CG, NUCLEO-WBA55CG, STEVAL-MKBOXPRO, STEVAL-PROTEUS1, STEVAL-STWINBX1, STM320518-EVAL, STM32C0116-DK, STM32C011D6Y3TR, STM32C011D6Y6TR, STM32C011F4P3, STM32C011F4P6, STM32C011F4U3, STM32C011F4U6TR, STM32C011F6P3, STM32C011F6P6, STM32C011F6U3, STM32C011F6U6TR, STM32C011J4M3, STM32C011J4M6, STM32C011J6M3, STM32C011J6M6, STM32C0316-DK, STM32C031C4T3, STM32C031C4T6, STM32C031C4U3, STM32C031C4U6, STM32C031C6T3, STM32C031C6T6, STM32C031C6U3, STM32C031C6U6, STM32C031F4P3, STM32C031F4P6, STM32C031F6P3, STM32C031F6P6, STM32C031G4U3, STM32C031G4U6, STM32C031G6U3, STM32C031G6U6, STM32C031K4T3, STM32C031K4T6, STM32C031K4U3, STM32C031K4U6, STM32C031K6T3, STM32C031K6T6, STM32C031K6U3, STM32C031K6U6, STM32G071K8TXN, STM32G071K8UXN, STM32G081GBU6N, STM32G081KBT6N, STM32G081KBUXN, STM32G0B1CCT6N, STM32G0B1KCT6, STM32G0B1NEY6TR, STM32G0B1RCT6N, STM32G0C1CCT6, STM32G0C1CCT6N, STM32G0C1CCU6N, STM32G0C1CET6N, STM32G0C1CEU6N, STM32G0C1KCT6, STM32G0C1NEY6TR, STM32G0C1RCI6N, STM32G0C1RCT6N, STM32G0C1REI6N, STM32G0C1RET6N, STM32G0C1VCI6, STM32G0C1VEI6, STM32G471CCT6, STM32G471CCU6, STM32G471CET3, STM32G471CET6, STM32G471CEU3, STM32G471CEU6, STM32G471MCT6, STM32G471MET3, STM32G471MET6, STM32G471MEY6TR, STM32G471QCT6, STM32G471QET3, STM32G471RCT6, STM32G471RET3, STM32G471RET6, STM32G471VCH6, STM32G471VCI6, STM32G471VCT6, STM32G471VEH3, STM32G471VEH6, STM32G471VEI3, STM32G471VEI6, STM32G471VET3, STM32G471VET6, STM32G474CCT6, STM32H503CBT6, STM32H503CBU6, STM32H503EBY6TR, STM32H503KBU6, STM32H503RBT6, STM32H562AGI6, STM32H562AII6, STM32H562IGK6, STM32H562IGT6, STM32H562IIK6, STM32H562IIT6, STM32H562RGT6, STM32H562RGV6, STM32H562RIT6, STM32H562RIV6, STM32H562VGT6, STM32H562VIT6, STM32H562ZGT6, STM32H562ZIT6, STM32H563AGI6, STM32H563AII3Q, STM32H563AII6, STM32H563IGK6, STM32H563IGT6, STM32H563IIK3Q, STM32H563IIK6, STM32H563IIT3Q, STM32H563IIT6, STM32H563MIY3QTR, STM32H563RGT6, STM32H563RGV6, STM32H563RIT6, STM32H563RIV6, STM32H563VGT6, STM32H563VIT3Q, STM32H563VIT6, STM32H563ZGT6, STM32H563ZIT3Q, STM32H563ZIT6, STM32H573AII3Q, STM32H573AII6, STM32H573I-DK, STM32H573IIK3Q, STM32H573IIK6, STM32H573IIT3Q, STM32H573IIT6, STM32H573MIY3QTR, STM32H573RIT6, STM32H573RIV6, STM32H573VIT3Q, STM32H573VIT6, STM32H573ZIT3Q, STM32H573ZIT6, STM32L4R5QGI6STR, STM32MP131AAE3, STM32MP131AAF3, STM32MP131AAG3, STM32MP131CAE3, STM32MP131CAF3, STM32MP131CAG3, STM32MP131DAE7, STM32MP131DAF7, STM32MP131DAG7, STM32MP131FAE7, STM32MP131FAF7, STM32MP131FAG7, STM32MP133AAE3, STM32MP133AAF3, STM32MP133AAG3, STM32MP133CAE3, STM32MP133CAF3, STM32MP133CAG3, STM32MP133DAE7, STM32MP133DAF7, STM32MP133DAG7, STM32MP133FAE7, STM32MP133FAF7, STM32MP133FAG7, STM32MP135AAE3, STM32MP135AAF3, STM32MP135AAG3, STM32MP135CAE3, STM32MP135CAF3, STM32MP135CAG3, STM32MP135DAE7, STM32MP135DAF7, STM32MP135DAG7, STM32MP135F-DK, STM32MP135FAE7, STM32MP135FAF7, STM32MP135FAF7T, STM32MP135FAF7U, STM32MP135FAG7, STM32U535CBT6, STM32U535CBT6Q, STM32U535CBU6, STM32U535CBU6Q, STM32U535CCT6, STM32U535CCT6Q, STM32U535CCU6, STM32U535CCU6Q, STM32U535CET6, STM32U535CET6Q, STM32U535CEU6, STM32U535CEU6Q, STM32U535JEY6QTR, STM32U535NCY6QTR, STM32U535NEY6QTR, STM32U535RBI6, STM32U535RBI6Q, STM32U535RBT6, STM32U535RBT6Q, STM32U535RCI6, STM32U535RCI6Q, STM32U535RCT6, STM32U535RCT6Q, STM32U535REI6, STM32U535REI6Q, STM32U535RET6, STM32U535RET6Q, STM32U535VCI6, STM32U535VCI6Q, STM32U535VCT6, STM32U535VCT6Q, STM32U535VEI6, STM32U535VEI6Q, STM32U535VET6, STM32U535VET6Q, STM32U545CET6, STM32U545CET6Q, STM32U545CEU6, STM32U545CEU6Q, STM32U545JEY6QTR, STM32U545NEY6QTR, STM32U545REI6, STM32U545REI6Q, STM32U545RET6, STM32U545RET6Q, STM32U545VEI6, STM32U545VEI6Q, STM32U545VET6, STM32U545VET6Q, STM32U595AIH6, STM32U595AIH6Q, STM32U595AJH6, STM32U595AJH6Q, STM32U595QII6, STM32U595QII6Q, STM32U595QJI6, STM32U595QJI6Q, STM32U595RIT6, STM32U595RIT6Q, STM32U595RJT6, STM32U595RJT6Q, STM32U595VIT6, STM32U595VIT6Q, STM32U595VJT6, STM32U595VJT6Q, STM32U595ZIT6, STM32U595ZIT6Q, STM32U595ZIY6QTR, STM32U595ZJT6, STM32U595ZJT6Q, STM32U595ZJY6QTR, STM32U599BJY6QTR, STM32U599NIH6Q, STM32U599NJH6Q, STM32U599VIT6Q, STM32U599VJT6, STM32U599VJT6Q, STM32U599ZIT6Q, STM32U599ZIY6QTR, STM32U599ZJT6Q, STM32U599ZJY6QTR, STM32U5A5AJH6, STM32U5A5AJH6Q, STM32U5A5QJI6, STM32U5A5QJI6Q, STM32U5A5RJT6, STM32U5A5RJT6Q, STM32U5A5VJT6, STM32U5A5VJT6Q, STM32U5A5ZJT6, STM32U5A5ZJT6Q, STM32U5A5ZJY6QTR, STM32U5A9BJY6QTR, STM32U5A9J-DK, STM32U5A9NJH6Q, STM32U5A9VJT6Q, STM32U5A9ZJT6Q, STM32U5A9ZJY6QTR, STM32U5F7VIT6, STM32U5F7VIT6Q, STM32U5F7VJT6, STM32U5F7VJT6Q, STM32U5F9BJY6QTR, STM32U5F9NJH6Q, STM32U5F9VIT6Q, STM32U5F9VJT6Q, STM32U5F9ZIJ6QTR, STM32U5F9ZIT6Q, STM32U5F9ZJJ6QTR, STM32U5F9ZJT6Q, STM32U5G7VJT6, STM32U5G7VJT6Q, STM32U5G9BJY6QTR, STM32U5G9J-DK1, STM32U5G9J-DK2, STM32U5G9NJH6Q, STM32U5G9VJT6Q, STM32U5G9ZJJ6QTR, STM32U5G9ZJT6Q, STM32WB1MMCH6, STM32WBA50KEU6, STM32WBA50KEU6TR, STM32WBA50KGU6, STM32WBA50KGU6TR, STM32WBA52CEU6, STM32WBA52CEU6TR, STM32WBA52CEU7, STM32WBA52CEU7TR, STM32WBA52CGU6, STM32WBA52CGU6TR, STM32WBA52CGU6U, STM32WBA52CGU7, STM32WBA52CGU7TR, STM32WBA52KEU6, STM32WBA52KEU6TR, STM32WBA52KGU6, STM32WBA52KGU6TR, STM32WBA54CEU6, STM32WBA54CEU6TR, STM32WBA54CEU7, STM32WBA54CEU7TR, STM32WBA54CGU6, STM32WBA54CGU6TR, STM32WBA54CGU7, STM32WBA54CGU7TR, STM32WBA54KEU6, STM32WBA54KEU6TR, STM32WBA54KEU7, STM32WBA54KEU7TR, STM32WBA54KGU6, STM32WBA54KGU6TR, STM32WBA54KGU7, STM32WBA54KGU7TR, STM32WBA55CEU6, STM32WBA55CEU6TR, STM32WBA55CEU7, STM32WBA55CEU7TR, STM32WBA55CGU6, STM32WBA55CGU6TR, STM32WBA55CGU6U, STM32WBA55CGU7, STM32WBA55CGU7TR, STM32WBA55G-DK1, STM32WBA55HEF6, STM32WBA55HEF7, STM32WBA55HGF6, STM32WBA55HGF7, STM32WBA55UEI6, STM32WBA55UEI6TR, STM32WBA55UEI7, STM32WBA55UEI7TR, STM32WBA55UGI6, STM32WBA55UGI6TR, STM32WBA55UGI7, STM32WBA55UGI7TR, STM32WL5MOCH6, STM32WL5MOCH6TR]
2024-02-29 14:18:02,690 [INFO] DbMcus:218 - Found 3930 MCUs, 3930 are supported
2024-02-29 14:18:02,691 [INFO] ApiDb:423 - Load user favorites file C:\Users\Abhishek/.stm32cubeide/favorites.mcus.txt: 1 item(s)
2024-02-29 14:18:02,692 [INFO] ApiDb:427 - User favorites MCUs=[STM32C011F6P3TR]
2024-02-29 14:18:02,692 [INFO] DbMcus:224 - Set 1 / 1 favorites MCUs
2024-02-29 14:18:02,705 [WARN] PackLoader:240 - Cannot read IP mode file for STMicroelectronics.X-CUBE-AZRTOS-H7.3.0.0
2024-02-29 14:18:02,711 [WARN] PackLoader:240 - Cannot read IP mode file for STMicroelectronics.X-CUBE-ISPU.1.1.0
2024-02-29 14:18:02,730 [WARN] ConditionMgr:438 - getConditionDescription Invalid condition id : UX DEVICE CLASS RTOS Condition cause : null
2024-02-29 14:18:02,730 [WARN] ConditionMgr:438 - getConditionDescription Invalid condition id : UX DEVICE CLASS RTOS Condition cause : null
2024-02-29 14:18:02,733 [WARN] PackLoader:240 - Cannot read IP mode file for STMicroelectronics.X-CUBE-AZRTOS-WB.2.0.0
2024-02-29 14:18:02,734 [WARN] ConditionMgr:1039 - genDependencies : Invalid condition id : UX DEVICE CLASS RTOS Condition cause : null
2024-02-29 14:18:02,734 [WARN] ConditionMgr:1039 - genDependencies : Invalid condition id : UX DEVICE CLASS RTOS Condition cause : null
2024-02-29 14:18:02,735 [WARN] ConditionMgr:1039 - genDependencies : Invalid condition id : UX DEVICE CLASS RTOS Condition cause : null
2024-02-29 14:18:02,735 [WARN] ConditionMgr:1039 - genDependencies : Invalid condition id : UX DEVICE CLASS RTOS Condition cause : null
2024-02-29 14:18:02,736 [WARN] ConditionMgr:1039 - genDependencies : Invalid condition id : UX DEVICE CLASS RTOS Condition cause : null
2024-02-29 14:18:02,745 [WARN] PackLoader:240 - Cannot read IP mode file for STMicroelectronics.X-CUBE-BLEMGR.1.0.0
2024-02-29 14:18:02,763 [WARN] PackLoader:240 - Cannot read IP mode file for STMicroelectronics.X-CUBE-AZRTOS-L5.1.1.0
2024-02-29 14:18:02,805 [WARN] PackLoader:240 - Cannot read IP mode file for STMicroelectronics.X-CUBE-AZRTOS-G4.2.0.0
2024-02-29 14:18:02,813 [WARN] PackLoader:240 - Cannot read IP mode file for STMicroelectronics.FP-ATR-ASTRA1.1.1.1
2024-02-29 14:18:02,830 [WARN] PackLoader:240 - Cannot read IP mode file for Infineon.AIROC-Wi-Fi-Bluetooth-STM32.1.5.1
2024-02-29 14:18:02,840 [WARN] PackLoader:240 - Cannot read IP mode file for STMicroelectronics.FP-SNS-MOTENVWB1.1.3.1
2024-02-29 14:18:02,847 [WARN] PackLoader:240 - Cannot read IP mode file for STMicroelectronics.X-CUBE-ISPU.2.0.0
2024-02-29 14:18:02,897 [WARN] PackLoader:240 - Cannot read IP mode file for STMicroelectronics.X-CUBE-MEMS1.10.0.0
2024-02-29 14:18:03,010 [WARN] PackLoader:240 - Cannot read IP mode file for STMicroelectronics.X-CUBE-FREERTOS.1.1.0
2024-02-29 14:18:03,025 [WARN] PackLoader:240 - Cannot read IP mode file for STMicroelectronics.X-CUBE-AZRTOS-WB.1.1.0
2024-02-29 14:18:03,031 [WARN] PackLoader:240 - Cannot read IP mode file for STMicroelectronics.FP-ATR-ASTRA1.2.0.0
2024-02-29 14:18:03,041 [WARN] PackLoader:240 - Cannot read IP mode file for STMicroelectronics.X-CUBE-TOF1.3.4.0
2024-02-29 14:18:03,068 [WARN] PackLoader:240 - Cannot read IP mode file for STMicroelectronics.X-CUBE-AZRTOS-H7.3.2.0
2024-02-29 14:18:03,073 [INFO] ThirdParty:978 - Integrity check success = true
2024-02-29 14:18:03,073 [INFO] IntegrityCheckThread:100 - exiting critical section [integrity check]
2024-02-29 14:18:03,073 [INFO] IntegrityCheckThread:103 - End integrity checks thread
2024-02-29 14:18:03,209 [INFO] ApiDb:668 - CubeFinder database Data Model version=2.1
2024-02-29 14:18:03,209 [INFO] ApiDb:669 - CubeFinder database Configuration version=3.0.39
2024-02-29 14:18:03,210 [INFO] ApiDb:670 - CubeFinder database generation date=2024-02-19 (1708350410)
2024-02-29 14:18:03,210 [INFO] ApiDb:671 - CubeFinder database FW Pack versions=[FP-ATR-ASTRA1_V2.0.0, FP-SNS-FLIGHT1_V5.0.1, FP-SNS-FLIGHT1_V5.0.2, FP-SNS-MOTENV1_V4.3.1, FP-SNS-MOTENV1_V4.3.2, FP-SNS-MOTENVWB1_V1.3.1, FP-SNS-SMARTAG2_V1.2.0, STM32Cube_FW_C0_V1.1.0, STM32Cube_FW_F4_V1.28.0, STM32Cube_FW_F7_V1.17.0, STM32Cube_FW_G0_V1.6.2, STM32Cube_FW_G4_V1.5.2, STM32Cube_FW_H5_V0.5.1, STM32Cube_FW_H5_V1.1.1, STM32Cube_FW_H5_V1.2.0RC2, STM32Cube_FW_H7_V1.11.0, STM32Cube_FW_L0_V1.12.2, STM32Cube_FW_L5_V1.5.0, STM32Cube_FW_U5_V1.3.0RC4, STM32Cube_FW_U5_V1.4.0, STM32Cube_FW_WBA_V1.0.0RC1, STM32Cube_FW_WBA_V1.1.0RC1, STM32Cube_FW_WBA_V1.2.0, STM32Cube_FW_WBA_V1.2.0RC2, STM32Cube_FW_WB_V1.15.0RC1, STM32Cube_FW_WB_V1.16.0, STM32Cube_FW_WB_V1.16.0RC2, STM32Cube_FW_WB_V1.18.0, STM32Cube_FW_WL_V1.3.0, X-CUBE-ALGOBUILD_V1.3.0, X-CUBE-ALS_V1.0.1, X-CUBE-AZRTOS-F4_V1.1.0, X-CUBE-AZRTOS-F7_V1.1.0, X-CUBE-AZRTOS-G0_V1.1.0, X-CUBE-AZRTOS-G4_V2.0.0, X-CUBE-AZRTOS-H7_V3.2.0, X-CUBE-AZRTOS-L4_V1.0.0, X-CUBE-AZRTOS-L4_V2.0.0, X-CUBE-AZRTOS-L5_V1.1.0, X-CUBE-AZRTOS-WB_V2.0.0, X-CUBE-AZRTOS-WL_V2.0.0, X-CUBE-BLE1_V7.0.0, X-CUBE-BLE2_V3.3.0, X-CUBE-BLEMGR_V3.0.0, X-CUBE-EEPRMA1_V4.1.0, X-CUBE-EEPRMA1_V5.1.0, X-CUBE-FREERTOS_V1.1.0, X-CUBE-GNSS1_V6.0.0, X-CUBE-MEMS1_V10.0.0, X-CUBE-MEMS1_V9.1.0, X-CUBE-MEMS1_V9.4.0, X-CUBE-MEMS1_V9.6.0, X-CUBE-NFC4_V3.0.0, X-CUBE-NFC7_V1.0.1, X-CUBE-SFXS2LP1_V4.0.0, X-CUBE-SUBG2_V5.0.0, X-CUBE-TOF1_V3.4.0]
2024-02-29 14:18:03,281 [INFO] DbBoardsSqlite:226 - include board P-NUCLEO-WB55-NUCLEO as a kit item of type 'Nucleo-64'
2024-02-29 14:18:03,282 [INFO] DbBoardsSqlite:226 - include board P-NUCLEO-WB55-USBDONGLE as a kit item of type 'Nucleo USB Dongle'
2024-02-29 14:18:03,282 [INFO] DbBoardsSqlite:226 - include board STEVAL-IDP005V1 as a kit item of type 'Evaluation Board'
2024-02-29 14:18:03,282 [INFO] DbBoardsSqlite:226 - include board STEVAL-IDP005V2 as a kit item of type 'Evaluation Board'
2024-02-29 14:18:03,344 [INFO] ApiDb:240 - Found 371 in-development CPN: [B-G473E-ZEST1S, B-WB1M-WPAN1, B-WL5M-SUBG1, NUCLEO-C031C6, NUCLEO-H503RB, NUCLEO-H563ZI, NUCLEO-U545RE-Q, NUCLEO-U5A5ZJ-Q, NUCLEO-WBA52CG, NUCLEO-WBA55CG, STEVAL-MKBOXPRO, STEVAL-PROTEUS1, STEVAL-STWINBX1, STM320518-EVAL, STM32C0116-DK, STM32C011D6Y3TR, STM32C011D6Y6TR, STM32C011F4P3, STM32C011F4P6, STM32C011F4U3, STM32C011F4U6TR, STM32C011F6P3, STM32C011F6P6, STM32C011F6U3, STM32C011F6U6TR, STM32C011J4M3, STM32C011J4M6, STM32C011J6M3, STM32C011J6M6, STM32C0316-DK, STM32C031C4T3, STM32C031C4T6, STM32C031C4U3, STM32C031C4U6, STM32C031C6T3, STM32C031C6T6, STM32C031C6U3, STM32C031C6U6, STM32C031F4P3, STM32C031F4P6, STM32C031F6P3, STM32C031F6P6, STM32C031G4U3, STM32C031G4U6, STM32C031G6U3, STM32C031G6U6, STM32C031K4T3, STM32C031K4T6, STM32C031K4U3, STM32C031K4U6, STM32C031K6T3, STM32C031K6T6, STM32C031K6U3, STM32C031K6U6, STM32G071K8TXN, STM32G071K8UXN, STM32G081GBU6N, STM32G081KBT6N, STM32G081KBUXN, STM32G0B1CCT6N, STM32G0B1KCT6, STM32G0B1NEY6TR, STM32G0B1RCT6N, STM32G0C1CCT6, STM32G0C1CCT6N, STM32G0C1CCU6N, STM32G0C1CET6N, STM32G0C1CEU6N, STM32G0C1KCT6, STM32G0C1NEY6TR, STM32G0C1RCI6N, STM32G0C1RCT6N, STM32G0C1REI6N, STM32G0C1RET6N, STM32G0C1VCI6, STM32G0C1VEI6, STM32G471CCT6, STM32G471CCU6, STM32G471CET3, STM32G471CET6, STM32G471CEU3, STM32G471CEU6, STM32G471MCT6, STM32G471MET3, STM32G471MET6, STM32G471MEY6TR, STM32G471QCT6, STM32G471QET3, STM32G471RCT6, STM32G471RET3, STM32G471RET6, STM32G471VCH6, STM32G471VCI6, STM32G471VCT6, STM32G471VEH3, STM32G471VEH6, STM32G471VEI3, STM32G471VEI6, STM32G471VET3, STM32G471VET6, STM32G474CCT6, STM32H503CBT6, STM32H503CBU6, STM32H503EBY6TR, STM32H503KBU6, STM32H503RBT6, STM32H562AGI6, STM32H562AII6, STM32H562IGK6, STM32H562IGT6, STM32H562IIK6, STM32H562IIT6, STM32H562RGT6, STM32H562RGV6, STM32H562RIT6, STM32H562RIV6, STM32H562VGT6, STM32H562VIT6, STM32H562ZGT6, STM32H562ZIT6, STM32H563AGI6, STM32H563AII3Q, STM32H563AII6, STM32H563IGK6, STM32H563IGT6, STM32H563IIK3Q, STM32H563IIK6, STM32H563IIT3Q, STM32H563IIT6, STM32H563MIY3QTR, STM32H563RGT6, STM32H563RGV6, STM32H563RIT6, STM32H563RIV6, STM32H563VGT6, STM32H563VIT3Q, STM32H563VIT6, STM32H563ZGT6, STM32H563ZIT3Q, STM32H563ZIT6, STM32H573AII3Q, STM32H573AII6, STM32H573I-DK, STM32H573IIK3Q, STM32H573IIK6, STM32H573IIT3Q, STM32H573IIT6, STM32H573MIY3QTR, STM32H573RIT6, STM32H573RIV6, STM32H573VIT3Q, STM32H573VIT6, STM32H573ZIT3Q, STM32H573ZIT6, STM32L4R5QGI6STR, STM32MP131AAE3, STM32MP131AAF3, STM32MP131AAG3, STM32MP131CAE3, STM32MP131CAF3, STM32MP131CAG3, STM32MP131DAE7, STM32MP131DAF7, STM32MP131DAG7, STM32MP131FAE7, STM32MP131FAF7, STM32MP131FAG7, STM32MP133AAE3, STM32MP133AAF3, STM32MP133AAG3, STM32MP133CAE3, STM32MP133CAF3, STM32MP133CAG3, STM32MP133DAE7, STM32MP133DAF7, STM32MP133DAG7, STM32MP133FAE7, STM32MP133FAF7, STM32MP133FAG7, STM32MP135AAE3, STM32MP135AAF3, STM32MP135AAG3, STM32MP135CAE3, STM32MP135CAF3, STM32MP135CAG3, STM32MP135DAE7, STM32MP135DAF7, STM32MP135DAG7, STM32MP135F-DK, STM32MP135FAE7, STM32MP135FAF7, STM32MP135FAF7T, STM32MP135FAF7U, STM32MP135FAG7, STM32U535CBT6, STM32U535CBT6Q, STM32U535CBU6, STM32U535CBU6Q, STM32U535CCT6, STM32U535CCT6Q, STM32U535CCU6, STM32U535CCU6Q, STM32U535CET6, STM32U535CET6Q, STM32U535CEU6, STM32U535CEU6Q, STM32U535JEY6QTR, STM32U535NCY6QTR, STM32U535NEY6QTR, STM32U535RBI6, STM32U535RBI6Q, STM32U535RBT6, STM32U535RBT6Q, STM32U535RCI6, STM32U535RCI6Q, STM32U535RCT6, STM32U535RCT6Q, STM32U535REI6, STM32U535REI6Q, STM32U535RET6, STM32U535RET6Q, STM32U535VCI6, STM32U535VCI6Q, STM32U535VCT6, STM32U535VCT6Q, STM32U535VEI6, STM32U535VEI6Q, STM32U535VET6, STM32U535VET6Q, STM32U545CET6, STM32U545CET6Q, STM32U545CEU6, STM32U545CEU6Q, STM32U545JEY6QTR, STM32U545NEY6QTR, STM32U545REI6, STM32U545REI6Q, STM32U545RET6, STM32U545RET6Q, STM32U545VEI6, STM32U545VEI6Q, STM32U545VET6, STM32U545VET6Q, STM32U595AIH6, STM32U595AIH6Q, STM32U595AJH6, STM32U595AJH6Q, STM32U595QII6, STM32U595QII6Q, STM32U595QJI6, STM32U595QJI6Q, STM32U595RIT6, STM32U595RIT6Q, STM32U595RJT6, STM32U595RJT6Q, STM32U595VIT6, STM32U595VIT6Q, STM32U595VJT6, STM32U595VJT6Q, STM32U595ZIT6, STM32U595ZIT6Q, STM32U595ZIY6QTR, STM32U595ZJT6, STM32U595ZJT6Q, STM32U595ZJY6QTR, STM32U599BJY6QTR, STM32U599NIH6Q, STM32U599NJH6Q, STM32U599VIT6Q, STM32U599VJT6, STM32U599VJT6Q, STM32U599ZIT6Q, STM32U599ZIY6QTR, STM32U599ZJT6Q, STM32U599ZJY6QTR, STM32U5A5AJH6, STM32U5A5AJH6Q, STM32U5A5QJI6, STM32U5A5QJI6Q, STM32U5A5RJT6, STM32U5A5RJT6Q, STM32U5A5VJT6, STM32U5A5VJT6Q, STM32U5A5ZJT6, STM32U5A5ZJT6Q, STM32U5A5ZJY6QTR, STM32U5A9BJY6QTR, STM32U5A9J-DK, STM32U5A9NJH6Q, STM32U5A9VJT6Q, STM32U5A9ZJT6Q, STM32U5A9ZJY6QTR, STM32U5F7VIT6, STM32U5F7VIT6Q, STM32U5F7VJT6, STM32U5F7VJT6Q, STM32U5F9BJY6QTR, STM32U5F9NJH6Q, STM32U5F9VIT6Q, STM32U5F9VJT6Q, STM32U5F9ZIJ6QTR, STM32U5F9ZIT6Q, STM32U5F9ZJJ6QTR, STM32U5F9ZJT6Q, STM32U5G7VJT6, STM32U5G7VJT6Q, STM32U5G9BJY6QTR, STM32U5G9J-DK1, STM32U5G9J-DK2, STM32U5G9NJH6Q, STM32U5G9VJT6Q, STM32U5G9ZJJ6QTR, STM32U5G9ZJT6Q, STM32WB1MMCH6, STM32WBA50KEU6, STM32WBA50KEU6TR, STM32WBA50KGU6, STM32WBA50KGU6TR, STM32WBA52CEU6, STM32WBA52CEU6TR, STM32WBA52CEU7, STM32WBA52CEU7TR, STM32WBA52CGU6, STM32WBA52CGU6TR, STM32WBA52CGU6U, STM32WBA52CGU7, STM32WBA52CGU7TR, STM32WBA52KEU6, STM32WBA52KEU6TR, STM32WBA52KGU6, STM32WBA52KGU6TR, STM32WBA54CEU6, STM32WBA54CEU6TR, STM32WBA54CEU7, STM32WBA54CEU7TR, STM32WBA54CGU6, STM32WBA54CGU6TR, STM32WBA54CGU7, STM32WBA54CGU7TR, STM32WBA54KEU6, STM32WBA54KEU6TR, STM32WBA54KEU7, STM32WBA54KEU7TR, STM32WBA54KGU6, STM32WBA54KGU6TR, STM32WBA54KGU7, STM32WBA54KGU7TR, STM32WBA55CEU6, STM32WBA55CEU6TR, STM32WBA55CEU7, STM32WBA55CEU7TR, STM32WBA55CGU6, STM32WBA55CGU6TR, STM32WBA55CGU6U, STM32WBA55CGU7, STM32WBA55CGU7TR, STM32WBA55G-DK1, STM32WBA55HEF6, STM32WBA55HEF7, STM32WBA55HGF6, STM32WBA55HGF7, STM32WBA55UEI6, STM32WBA55UEI6TR, STM32WBA55UEI7, STM32WBA55UEI7TR, STM32WBA55UGI6, STM32WBA55UGI6TR, STM32WBA55UGI7, STM32WBA55UGI7TR, STM32WL5MOCH6, STM32WL5MOCH6TR]
2024-02-29 14:18:03,576 [INFO] BoardInfo:889 - No configuration file found for board P-NUCLEO-WB55
2024-02-29 14:18:03,576 [INFO] DbBoards:161 - Kit is not supported: P-NUCLEO-WB55
2024-02-29 14:18:03,581 [INFO] BoardInfo:889 - No configuration file found for board STEVAL-BFA001V1B
2024-02-29 14:18:03,582 [INFO] DbBoards:161 - Kit is not supported: STEVAL-BFA001V1B
2024-02-29 14:18:03,583 [INFO] BoardInfo:889 - No configuration file found for board STEVAL-BFA001V2B
2024-02-29 14:18:03,583 [INFO] DbBoards:161 - Kit is not supported: STEVAL-BFA001V2B
2024-02-29 14:18:03,718 [INFO] DbBoards:168 - Found 193 boards, 190 are supported
2024-02-29 14:18:03,719 [INFO] DbBoards:169 - Found 193 boards, 3 of them is supported for  Bsp
2024-02-29 14:18:03,722 [INFO] ApiDb:423 - Load user favorites file C:\Users\Abhishek/.stm32cubeide/favorites.boards.txt: 0 item(s)
2024-02-29 14:18:03,723 [INFO] ApiDb:427 - User favorites Boards=[]
2024-02-29 14:18:03,723 [INFO] DbBoards:198 - Set 0 / 0 favorites Boards
2024-02-29 14:18:03,729 [INFO] ApiDb:668 - CubeFinder database Data Model version=2.1
2024-02-29 14:18:03,729 [INFO] ApiDb:669 - CubeFinder database Configuration version=3.0.39
2024-02-29 14:18:03,729 [INFO] ApiDb:670 - CubeFinder database generation date=2024-02-19 (1708350410)
2024-02-29 14:18:03,729 [INFO] ApiDb:671 - CubeFinder database FW Pack versions=[FP-ATR-ASTRA1_V2.0.0, FP-SNS-FLIGHT1_V5.0.1, FP-SNS-FLIGHT1_V5.0.2, FP-SNS-MOTENV1_V4.3.1, FP-SNS-MOTENV1_V4.3.2, FP-SNS-MOTENVWB1_V1.3.1, FP-SNS-SMARTAG2_V1.2.0, STM32Cube_FW_C0_V1.1.0, STM32Cube_FW_F4_V1.28.0, STM32Cube_FW_F7_V1.17.0, STM32Cube_FW_G0_V1.6.2, STM32Cube_FW_G4_V1.5.2, STM32Cube_FW_H5_V0.5.1, STM32Cube_FW_H5_V1.1.1, STM32Cube_FW_H5_V1.2.0RC2, STM32Cube_FW_H7_V1.11.0, STM32Cube_FW_L0_V1.12.2, STM32Cube_FW_L5_V1.5.0, STM32Cube_FW_U5_V1.3.0RC4, STM32Cube_FW_U5_V1.4.0, STM32Cube_FW_WBA_V1.0.0RC1, STM32Cube_FW_WBA_V1.1.0RC1, STM32Cube_FW_WBA_V1.2.0, STM32Cube_FW_WBA_V1.2.0RC2, STM32Cube_FW_WB_V1.15.0RC1, STM32Cube_FW_WB_V1.16.0, STM32Cube_FW_WB_V1.16.0RC2, STM32Cube_FW_WB_V1.18.0, STM32Cube_FW_WL_V1.3.0, X-CUBE-ALGOBUILD_V1.3.0, X-CUBE-ALS_V1.0.1, X-CUBE-AZRTOS-F4_V1.1.0, X-CUBE-AZRTOS-F7_V1.1.0, X-CUBE-AZRTOS-G0_V1.1.0, X-CUBE-AZRTOS-G4_V2.0.0, X-CUBE-AZRTOS-H7_V3.2.0, X-CUBE-AZRTOS-L4_V1.0.0, X-CUBE-AZRTOS-L4_V2.0.0, X-CUBE-AZRTOS-L5_V1.1.0, X-CUBE-AZRTOS-WB_V2.0.0, X-CUBE-AZRTOS-WL_V2.0.0, X-CUBE-BLE1_V7.0.0, X-CUBE-BLE2_V3.3.0, X-CUBE-BLEMGR_V3.0.0, X-CUBE-EEPRMA1_V4.1.0, X-CUBE-EEPRMA1_V5.1.0, X-CUBE-FREERTOS_V1.1.0, X-CUBE-GNSS1_V6.0.0, X-CUBE-MEMS1_V10.0.0, X-CUBE-MEMS1_V9.1.0, X-CUBE-MEMS1_V9.4.0, X-CUBE-MEMS1_V9.6.0, X-CUBE-NFC4_V3.0.0, X-CUBE-NFC7_V1.0.1, X-CUBE-SFXS2LP1_V4.0.0, X-CUBE-SUBG2_V5.0.0, X-CUBE-TOF1_V3.4.0]
2024-02-29 14:18:04,479 [ERROR] DbExamplesSqlite:437 - Missing JSON key: board_cpn
2024-02-29 14:18:04,480 [ERROR] DbExamplesSqlite:437 - Missing JSON key: board_cpn
2024-02-29 14:18:04,480 [ERROR] DbExamplesSqlite:437 - Missing JSON key: board_cpn
2024-02-29 14:18:04,480 [ERROR] DbExamplesSqlite:437 - Missing JSON key: board_cpn
2024-02-29 14:18:04,523 [INFO] DbExamplesSqlite:395 - Ignored 55 examples not supported by CubeIDE
2024-02-29 14:18:04,523 [INFO] DbExamplesSqlite:396 - Found 7564 examples active
2024-02-29 14:18:04,523 [INFO] DbExamplesSqlite:397 - Found 844 examples obsolete
2024-02-29 14:18:04,523 [INFO] DbExamplesSqlite:398 - Found 0 examples under development
2024-02-29 14:18:04,523 [INFO] DbExamplesSqlite:399 - Found 8 examples not building
2024-02-29 14:18:04,525 [INFO] DbExamples:125 - Found 7517 examples
2024-02-29 14:18:04,536 [INFO] DbExamples:222 - Found 95 boards with related examples
2024-02-29 14:18:04,537 [INFO] DbExamples:235 - Found 80 MCUs with related examples
2024-02-29 14:18:04,561 [INFO] ApiDb:423 - Load user favorites file C:\Users\Abhishek/.stm32cubeide/favorites.examples.txt: 0 item(s)
2024-02-29 14:18:04,561 [INFO] ApiDb:427 - User favorites Examples=[]
2024-02-29 14:18:04,561 [INFO] DbExamples:250 - Set 0 / 0 favorites Examples
2024-02-29 14:18:04,844 [INFO] McuFinderGlobals:76 - Set McuFinderConnectedMode to true
2024-02-29 14:18:04,866 [INFO] MultiScanPanel:200 - Auto-refresh data requested => check proxy status ongoing
2024-02-29 14:18:04,872 [INFO] FinderPluginLoader:95 - Searching for filters in installed packs
2024-02-29 14:18:06,443 [INFO] LoadUrlFilesThread:185 - End of LoadServerUrlFiles without Thread
2024-02-29 14:18:06,461 [INFO] DetailPanel:341 - Set advertising image to C:/Users/Abhishek/STM32Cube/Repository/\en.prom-stm32wl3-mcu-finder.jpg
2024-02-29 14:18:07,499 [INFO] ToolPreferences:110 - Table McuList, key=mcufinder_cubeide.mculist: column name not found=IO
2024-02-29 14:18:07,499 [INFO] ToolPreferences:110 - Table McuList, key=mcufinder_cubeide.mculist: column name not found=Freq.
2024-02-29 14:18:13,338 [ERROR] LogOutputStream:75 - [STDERR_REDIRECT] SLF4J: Failed to load class "org.slf4j.impl.StaticLoggerBinder".
2024-02-29 14:18:13,338 [ERROR] LogOutputStream:75 - [STDERR_REDIRECT] SLF4J: Defaulting to no-operation (NOP) logger implementation
2024-02-29 14:18:13,339 [ERROR] LogOutputStream:75 - [STDERR_REDIRECT] SLF4J: See http://www.slf4j.org/codes.html#StaticLoggerBinder for further details.
2024-02-29 14:18:51,107 [INFO] MainUpdater:2873 - connection check result : 10
2024-02-29 14:18:51,108 [INFO] MainUpdater:2873 - connection check result : 10
2024-02-29 14:18:51,131 [INFO] MicroXplorer:468 - Change Database Path : 
2024-02-29 14:18:51,131 [INFO] MicroXplorer:498 - Change Database Version : DB.6.0.100
2024-02-29 14:18:51,143 [WARN] ThirdParty:871 - waiting for thirdparty lock release [close project]
2024-02-29 14:18:51,143 [INFO] ThirdParty:873 - entering critical section [close project]
2024-02-29 14:18:51,144 [INFO] ThirdParty:883 - exiting critical section [close project]
2024-02-29 14:18:51,147 [INFO] PinOutPanel:1499 - setPackage(No Configuration,No Configuration)
2024-02-29 14:18:51,151 [INFO] UtilMem:75 - Begin LoadConfig() Used Memory: 584096856 Bytes (849346560)
2024-02-29 14:18:51,154 [INFO] MicroXplorer:468 - Change Database Path : 
2024-02-29 14:18:51,154 [INFO] MicroXplorer:498 - Change Database Version : DB.6.0.100
2024-02-29 14:18:51,155 [INFO] OpenFileManager:312 - Change cursor
2024-02-29 14:18:52,472 [INFO] Mcu:2016 - Initializing MCU STM32F373VCTx STM32F373VCTx STM32F373VCT6
2024-02-29 14:18:54,620 [INFO] Context:659 - Trying to add GPIOservice into a context  which must be forbidden
2024-02-29 14:18:55,140 [INFO] ImportTextPane:194 - (OptionalMessage_ERROR) Unable to find key (Mcu.ThirdPartyNb) in loaded IOC file
2024-02-29 14:18:55,140 [INFO] ImportTextPane:194 - (OptionalMessage_ERROR) Unable to find key (Mcu.PinsNb) in loaded IOC file
2024-02-29 14:18:55,140 [INFO] ImportTextPane:194 - (OptionalMessage_ERROR) Unable to find key (Mcu.IPNb) in loaded IOC file
2024-02-29 14:18:55,331 [INFO] RtosManager:555 - Registered RTOS mode: class=CMSIS, group=RTOS, mode=CMSIS_V1, owner=FREERTOS
2024-02-29 14:18:55,332 [INFO] RtosManager:555 - Registered RTOS mode: class=CMSIS, group=RTOS2, mode=CMSIS_V2, owner=FREERTOS
2024-02-29 14:18:55,332 [INFO] RtosManager:555 - Registered RTOS mode: class=RTOS, group=Core, mode=CMSIS_V1, owner=FREERTOS
2024-02-29 14:18:55,332 [INFO] RtosManager:555 - Registered RTOS mode: class=RTOS, group=Core, mode=CMSIS_V2, owner=FREERTOS
2024-02-29 14:18:55,332 [WARN] ModelIntegratedComponent:184 - Missing modes for component STMicroelectronics:FreeRTOS:0.0.1:STMicroelectronics:RTOS:FreeRTOS:Core:::10.2.0:
2024-02-29 14:18:55,344 [WARN] ModelIntegratedComponent:63 - No mode defined for component null
2024-02-29 14:18:55,345 [WARN] ModelIntegratedComponent:63 - No mode defined for component null
2024-02-29 14:18:55,345 [WARN] ModelIntegratedComponent:63 - No mode defined for component null
2024-02-29 14:18:55,345 [WARN] ModelIntegratedComponent:63 - No mode defined for component null
2024-02-29 14:18:55,345 [WARN] ModelIntegratedComponent:63 - No mode defined for component null
2024-02-29 14:18:55,345 [WARN] ModelIntegratedComponent:63 - No mode defined for component null
2024-02-29 14:18:55,345 [WARN] ModelIntegratedComponent:63 - No mode defined for component null
2024-02-29 14:18:55,345 [WARN] ModelIntegratedComponent:63 - No mode defined for component null
2024-02-29 14:18:55,345 [WARN] ModelIntegratedComponent:63 - No mode defined for component null
2024-02-29 14:18:55,345 [WARN] ModelIntegratedComponent:63 - No mode defined for component null
2024-02-29 14:18:55,345 [WARN] ModelIntegratedComponent:63 - No mode defined for component null
2024-02-29 14:18:55,345 [WARN] ModelIntegratedComponent:63 - No mode defined for component null
2024-02-29 14:18:55,345 [WARN] ModelIntegratedComponent:63 - No mode defined for component null
2024-02-29 14:18:55,346 [WARN] ModelIntegratedComponent:63 - No mode defined for component null
2024-02-29 14:18:55,346 [WARN] ModelIntegratedComponent:63 - No mode defined for component null
2024-02-29 14:18:55,346 [WARN] ModelIntegratedComponent:63 - No mode defined for component null
2024-02-29 14:18:55,346 [WARN] ModelIntegratedComponent:63 - No mode defined for component null
2024-02-29 14:18:55,346 [WARN] ModelIntegratedComponent:63 - No mode defined for component null
2024-02-29 14:18:55,346 [WARN] ModelIntegratedComponent:63 - No mode defined for component null
2024-02-29 14:18:55,346 [WARN] ModelIntegratedComponent:63 - No mode defined for component null
2024-02-29 14:18:55,346 [WARN] ModelIntegratedComponent:63 - No mode defined for component null
2024-02-29 14:18:55,346 [WARN] ModelIntegratedComponent:63 - No mode defined for component null
2024-02-29 14:18:55,346 [WARN] ModelIntegratedComponent:63 - No mode defined for component null
2024-02-29 14:18:55,346 [WARN] ModelIntegratedComponent:63 - No mode defined for component null
2024-02-29 14:18:55,346 [WARN] ModelIntegratedComponent:63 - No mode defined for component null
2024-02-29 14:18:55,346 [WARN] ModelIntegratedComponent:63 - No mode defined for component null
2024-02-29 14:18:55,346 [WARN] ModelIntegratedComponent:63 - No mode defined for component null
2024-02-29 14:18:55,346 [WARN] ModelIntegratedComponent:63 - No mode defined for component null
2024-02-29 14:18:55,346 [WARN] ModelIntegratedComponent:63 - No mode defined for component null
2024-02-29 14:18:55,347 [WARN] ModelIntegratedComponent:63 - No mode defined for component null
2024-02-29 14:18:55,347 [WARN] ModelIntegratedComponent:63 - No mode defined for component null
2024-02-29 14:18:55,347 [WARN] ModelIntegratedComponent:63 - No mode defined for component null
2024-02-29 14:18:55,347 [WARN] ModelIntegratedComponent:63 - No mode defined for component null
2024-02-29 14:18:55,535 [INFO] ThirdPartyModel:298 - Start build external matchings
2024-02-29 14:18:56,505 [INFO] ThirdPartyModel:316 - End build external matchings
2024-02-29 14:18:56,912 [INFO] UtilMem:75 - End LoadConfig() Used Memory: 719002120 Bytes (1073741824)
2024-02-29 14:18:56,936 [INFO] MicroXplorer:468 - Change Database Path : 
2024-02-29 14:18:56,936 [INFO] MicroXplorer:498 - Change Database Version : DB.6.0.100
2024-02-29 14:18:56,937 [WARN] ThirdParty:833 - waiting for thirdparty lock release [change project]
2024-02-29 14:18:56,937 [INFO] ThirdParty:835 - entering critical section [change project]
2024-02-29 14:18:56,937 [INFO] ThirdParty:1030 - CMSIS Pack Vendor :STMicroelectronics X-CUBE-ISPU 1.1.0
2024-02-29 14:18:56,937 [INFO] ThirdParty:1030 - CMSIS Pack Vendor :STMicroelectronics USBPD 4.1
2024-02-29 14:18:56,937 [INFO] ThirdParty:1030 - CMSIS Pack Vendor :STMicroelectronics USB_HOST 2.0.0
2024-02-29 14:18:56,937 [INFO] ThirdParty:1030 - CMSIS Pack Vendor :STMicroelectronics X-CUBE-AZRTOS-F4 1.1.0
2024-02-29 14:18:56,937 [INFO] ThirdParty:1030 - CMSIS Pack Vendor :STMicroelectronics LIBJPEG 8.0.0
2024-02-29 14:18:56,937 [INFO] ThirdParty:1030 - CMSIS Pack Vendor :STMicroelectronics X-CUBE-SMBUS 2.1.0
2024-02-29 14:18:56,938 [INFO] ThirdParty:1030 - CMSIS Pack Vendor :STMicroelectronics USB_DEVICE 3.0.0
2024-02-29 14:18:56,938 [INFO] ThirdParty:1030 - CMSIS Pack Vendor :STMicroelectronics X-CUBE-AZRTOS-WB 2.0.0
2024-02-29 14:18:56,938 [INFO] ThirdParty:1030 - CMSIS Pack Vendor :STMicroelectronics X-CUBE-TOUCHGFX 4.21.0
2024-02-29 14:18:56,938 [INFO] ThirdParty:1030 - CMSIS Pack Vendor :STMicroelectronics X-CUBE-BLEMGR 1.0.0
2024-02-29 14:18:56,938 [INFO] ThirdParty:1030 - CMSIS Pack Vendor :STMicroelectronics X-CUBE-TOUCHGFX 4.23.0
2024-02-29 14:18:56,938 [INFO] ThirdParty:1030 - CMSIS Pack Vendor :STMicroelectronics X-CUBE-AZRTOS-F7 1.1.0
2024-02-29 14:18:56,938 [INFO] ThirdParty:1030 - CMSIS Pack Vendor :STMicroelectronics X-CUBE-AZRTOS-L5 2.0.0
2024-02-29 14:18:56,938 [INFO] ThirdParty:1030 - CMSIS Pack Vendor :STMicroelectronics X-CUBE-MEMS1 9.4.0
2024-02-29 14:18:56,938 [INFO] ThirdParty:1030 - CMSIS Pack Vendor :STMicroelectronics USB_DEVICE 2.0.0
2024-02-29 14:18:56,938 [INFO] ThirdParty:1030 - CMSIS Pack Vendor :STMicroelectronics X-CUBE-AI 7.3.0
2024-02-29 14:18:56,938 [INFO] ThirdParty:1030 - CMSIS Pack Vendor :ITTIA_DB I-CUBE-ITTIADB 8.8.0
2024-02-29 14:18:56,939 [INFO] ThirdParty:1030 - CMSIS Pack Vendor :STMicroelectronics FP-SNS-MOTENV1 4.3.2
2024-02-29 14:18:56,939 [INFO] ThirdParty:1030 - CMSIS Pack Vendor :STMicroelectronics X-CUBE-BLE1 6.2.4
2024-02-29 14:18:56,939 [INFO] ThirdParty:1030 - CMSIS Pack Vendor :STMicroelectronics X-CUBE-AZRTOS-L5 1.1.0
2024-02-29 14:18:56,939 [INFO] ThirdParty:1030 - CMSIS Pack Vendor :STMicroelectronics FreeRTOS 0.0.1
2024-02-29 14:18:56,939 [INFO] ThirdParty:1030 - CMSIS Pack Vendor :STMicroelectronics X-CUBE-NFC4 3.0.0
2024-02-29 14:18:56,939 [INFO] ThirdParty:1030 - CMSIS Pack Vendor :STMicroelectronics STM32_WPAN 1.0.0
2024-02-29 14:18:56,939 [INFO] ThirdParty:1030 - CMSIS Pack Vendor :STMicroelectronics lwIP 2.0.3
2024-02-29 14:18:56,939 [INFO] ThirdParty:1030 - CMSIS Pack Vendor :STMicroelectronics FP-SNS-FLIGHT1 5.0.2
2024-02-29 14:18:56,939 [INFO] ThirdParty:1030 - CMSIS Pack Vendor :STMicroelectronics X-CUBE-NFC4 2.0.5
2024-02-29 14:18:56,939 [INFO] ThirdParty:1030 - CMSIS Pack Vendor :STMicroelectronics USB_HOST 1.0.0
2024-02-29 14:18:56,939 [INFO] ThirdParty:1030 - CMSIS Pack Vendor :STMicroelectronics X-CUBE-AZRTOS-G4 2.0.0
2024-02-29 14:18:56,939 [INFO] ThirdParty:1030 - CMSIS Pack Vendor :STMicroelectronics PDM2PCM 3.1.0
2024-02-29 14:18:56,939 [INFO] ThirdParty:1030 - CMSIS Pack Vendor :STMicroelectronics FP-ATR-ASTRA1 1.1.1
2024-02-29 14:18:56,940 [INFO] ThirdParty:1030 - CMSIS Pack Vendor :Infineon AIROC-Wi-Fi-Bluetooth-STM32 1.5.1
2024-02-29 14:18:56,940 [INFO] ThirdParty:1030 - CMSIS Pack Vendor :STMicroelectronics X-CUBE-BLEMGR 3.0.0
2024-02-29 14:18:56,940 [INFO] ThirdParty:1030 - CMSIS Pack Vendor :STMicroelectronics PDM2PCM 3.3.0
2024-02-29 14:18:56,940 [INFO] ThirdParty:1030 - CMSIS Pack Vendor :STMicroelectronics X-CUBE-DISPLAY 3.0.0
2024-02-29 14:18:56,940 [INFO] ThirdParty:1030 - CMSIS Pack Vendor :STMicroelectronics X-CUBE-BLEMGR 1.3.0
2024-02-29 14:18:56,940 [INFO] ThirdParty:1030 - CMSIS Pack Vendor :STMicroelectronics FP-SNS-MOTENVWB1 1.3.1
2024-02-29 14:18:56,940 [INFO] ThirdParty:1030 - CMSIS Pack Vendor :STMicroelectronics X-CUBE-BLE1 7.0.0
2024-02-29 14:18:56,940 [INFO] ThirdParty:1030 - CMSIS Pack Vendor :STMicroelectronics FP-ATR-SIGFOX1 3.2.0
2024-02-29 14:18:56,940 [INFO] ThirdParty:1030 - CMSIS Pack Vendor :STMicroelectronics X-CUBE-ISPU 2.0.0
2024-02-29 14:18:56,940 [INFO] ThirdParty:1030 - CMSIS Pack Vendor :STMicroelectronics X-CUBE-EEPRMA1 5.1.0
2024-02-29 14:18:56,940 [INFO] ThirdParty:1030 - CMSIS Pack Vendor :STMicroelectronics HAL Drivers 0.0.0
2024-02-29 14:18:56,940 [INFO] ThirdParty:1030 - CMSIS Pack Vendor :STMicroelectronics MBEDTLS 2.16.2
2024-02-29 14:18:56,940 [INFO] ThirdParty:1030 - CMSIS Pack Vendor :STMicroelectronics X-CUBE-MEMS1 10.0.0
2024-02-29 14:18:56,940 [INFO] ThirdParty:1030 - CMSIS Pack Vendor :STMicroelectronics X-CUBE-FREERTOS 1.1.0
2024-02-29 14:18:56,940 [INFO] ThirdParty:1030 - CMSIS Pack Vendor :STMicroelectronics X-CUBE-NFC7 1.0.1
2024-02-29 14:18:56,940 [INFO] ThirdParty:1030 - CMSIS Pack Vendor :STMicroelectronics MBEDTLS 2.14.1
2024-02-29 14:18:56,940 [INFO] ThirdParty:1030 - CMSIS Pack Vendor :STMicroelectronics X-CUBE-NFC6 3.0.0
2024-02-29 14:18:56,940 [INFO] ThirdParty:1030 - CMSIS Pack Vendor :STMicroelectronics X-CUBE-MEMS1 9.3.0
2024-02-29 14:18:56,940 [INFO] ThirdParty:1030 - CMSIS Pack Vendor :STMicroelectronics X-CUBE-EEPRMA1 4.1.0
2024-02-29 14:18:56,940 [INFO] ThirdParty:1030 - CMSIS Pack Vendor :STMicroelectronics X-CUBE-BLEMGR 3.1.0
2024-02-29 14:18:56,940 [INFO] ThirdParty:1030 - CMSIS Pack Vendor :STMicroelectronics ThreadX 1.0.0
2024-02-29 14:18:56,940 [INFO] ThirdParty:1030 - CMSIS Pack Vendor :STMicroelectronics FP-SNS-SMARTAG2 1.2.0
2024-02-29 14:18:56,940 [INFO] ThirdParty:1030 - CMSIS Pack Vendor :STMicroelectronics X-CUBE-AZRTOS-WB 1.1.0
2024-02-29 14:18:56,940 [INFO] ThirdParty:1030 - CMSIS Pack Vendor :STMicroelectronics X-CUBE-AZRTOS-WL 2.0.0
2024-02-29 14:18:56,941 [INFO] ThirdParty:1030 - CMSIS Pack Vendor :SEGGER I-CUBE-embOS 1.3.1
2024-02-29 14:18:56,941 [INFO] ThirdParty:1030 - CMSIS Pack Vendor :STMicroelectronics USB_DEVICE 1.0.0
2024-02-29 14:18:56,941 [INFO] ThirdParty:1030 - CMSIS Pack Vendor :STMicroelectronics X-CUBE-AI 8.1.0
2024-02-29 14:18:56,941 [INFO] ThirdParty:1030 - CMSIS Pack Vendor :STMicroelectronics X-CUBE-AZRTOS-L4 2.0.0
2024-02-29 14:18:56,941 [INFO] ThirdParty:1030 - CMSIS Pack Vendor :STMicroelectronics ThreadX 0.0.2
2024-02-29 14:18:56,941 [INFO] ThirdParty:1030 - CMSIS Pack Vendor :WES I-CUBE-Cesium 1.3.0
2024-02-29 14:18:56,941 [INFO] ThirdParty:1030 - CMSIS Pack Vendor :STMicroelectronics FP-ATR-ASTRA1 2.0.0
2024-02-29 14:18:56,941 [INFO] ThirdParty:1030 - CMSIS Pack Vendor :STMicroelectronics lwIP 2.1.2
2024-02-29 14:18:56,941 [INFO] ThirdParty:1030 - CMSIS Pack Vendor :STMicroelectronics X-CUBE-TOF1 3.4.0
2024-02-29 14:18:56,941 [INFO] ThirdParty:1030 - CMSIS Pack Vendor :STMicroelectronics X-CUBE-TOF1 3.2.0
2024-02-29 14:18:56,941 [INFO] ThirdParty:1030 - CMSIS Pack Vendor :STMicroelectronics X-CUBE-AZRTOS-H7 3.2.0
2024-02-29 14:18:56,941 [INFO] ThirdParty:1030 - CMSIS Pack Vendor :STMicroelectronics PDM2PCM 3.2.0
2024-02-29 14:18:56,941 [INFO] ThirdParty:1030 - CMSIS Pack Vendor :STMicroelectronics X-CUBE-AZRTOS-H7 3.0.0
2024-02-29 14:18:56,941 [INFO] ThirdParty:1030 - CMSIS Pack Vendor :STMicroelectronics X-CUBE-ISPU 1.0.0
2024-02-29 14:18:56,941 [INFO] ThirdParty:841 - exiting critical section [change project]
2024-02-29 14:18:57,450 [INFO] PinOutPanel:1499 - setPackage(No Configuration,No Configuration)
2024-02-29 14:18:57,452 [INFO] PinOutPanel:1499 - setPackage(STM32F373VCTx,LQFP100)
2024-02-29 14:18:58,258 [INFO] UtilMem:75 - Before build in PCC Used Memory: 768120984 Bytes (1073741824)
2024-02-29 14:18:59,307 [INFO] UtilMem:75 - After build in PCC Used Memory: 962196840 Bytes (1073741824)
2024-02-29 14:18:59,336 [INFO] IPUIPlugin:80 - create IPUIPlugin
2024-02-29 14:18:59,336 [INFO] IPUIPlugin:80 - create IPUIPlugin
2024-02-29 14:18:59,336 [INFO] IPUIPlugin:80 - create IPUIPlugin
2024-02-29 14:18:59,336 [INFO] IPUIPlugin:80 - create IPUIPlugin
2024-02-29 14:18:59,337 [INFO] IPUIPlugin:80 - create IPUIPlugin
2024-02-29 14:18:59,337 [INFO] IPUIPlugin:80 - create IPUIPlugin
2024-02-29 14:18:59,337 [INFO] IPUIPlugin:80 - create IPUIPlugin
2024-02-29 14:18:59,337 [INFO] IPUIPlugin:80 - create IPUIPlugin
2024-02-29 14:18:59,337 [INFO] IPUIPlugin:80 - create IPUIPlugin
2024-02-29 14:18:59,337 [INFO] IPUIPlugin:80 - create IPUIPlugin
2024-02-29 14:18:59,337 [INFO] IPUIPlugin:80 - create IPUIPlugin
2024-02-29 14:18:59,338 [INFO] IPUIPlugin:80 - create IPUIPlugin
2024-02-29 14:18:59,338 [INFO] IPUIPlugin:80 - create IPUIPlugin
2024-02-29 14:18:59,338 [INFO] IPUIPlugin:80 - create IPUIPlugin
2024-02-29 14:18:59,338 [INFO] IPUIPlugin:80 - create IPUIPlugin
2024-02-29 14:18:59,338 [INFO] IPUIPlugin:80 - create IPUIPlugin
2024-02-29 14:18:59,338 [INFO] IPUIPlugin:80 - create IPUIPlugin
2024-02-29 14:18:59,339 [INFO] IPUIPlugin:80 - create IPUIPlugin
2024-02-29 14:18:59,339 [INFO] IPUIPlugin:80 - create IPUIPlugin
2024-02-29 14:18:59,339 [INFO] IPUIPlugin:80 - create IPUIPlugin
2024-02-29 14:18:59,339 [INFO] IPUIPlugin:80 - create IPUIPlugin
2024-02-29 14:18:59,339 [INFO] IPUIPlugin:80 - create IPUIPlugin
2024-02-29 14:18:59,339 [INFO] IPUIPlugin:80 - create IPUIPlugin
2024-02-29 14:18:59,340 [INFO] IPUIPlugin:80 - create IPUIPlugin
2024-02-29 14:18:59,340 [INFO] IPUIPlugin:80 - create IPUIPlugin
2024-02-29 14:18:59,340 [INFO] IPUIPlugin:80 - create IPUIPlugin
2024-02-29 14:18:59,340 [INFO] IPUIPlugin:80 - create IPUIPlugin
2024-02-29 14:18:59,340 [INFO] IPUIPlugin:80 - create IPUIPlugin
2024-02-29 14:18:59,340 [INFO] IPUIPlugin:80 - create IPUIPlugin
2024-02-29 14:18:59,341 [INFO] IPUIPlugin:80 - create IPUIPlugin
2024-02-29 14:18:59,341 [INFO] IPUIPlugin:80 - create IPUIPlugin
2024-02-29 14:18:59,341 [INFO] IPUIPlugin:80 - create IPUIPlugin
2024-02-29 14:18:59,341 [INFO] IPUIPlugin:80 - create IPUIPlugin
2024-02-29 14:18:59,342 [INFO] IPUIPlugin:80 - create IPUIPlugin
2024-02-29 14:18:59,342 [INFO] IPUIPlugin:80 - create IPUIPlugin
2024-02-29 14:18:59,342 [INFO] IPUIPlugin:80 - create IPUIPlugin
2024-02-29 14:18:59,342 [INFO] IPUIPlugin:80 - create IPUIPlugin
2024-02-29 14:18:59,343 [INFO] IPUIPlugin:80 - create IPUIPlugin
2024-02-29 14:18:59,343 [INFO] IPUIPlugin:80 - create IPUIPlugin
2024-02-29 14:18:59,343 [INFO] IPUIPlugin:80 - create IPUIPlugin
2024-02-29 14:18:59,343 [INFO] IPUIPlugin:80 - create IPUIPlugin
2024-02-29 14:18:59,344 [INFO] IPUIPlugin:80 - create IPUIPlugin
2024-02-29 14:18:59,344 [INFO] IPUIPlugin:80 - create IPUIPlugin
2024-02-29 14:18:59,344 [INFO] IPUIPlugin:80 - create IPUIPlugin
2024-02-29 14:18:59,345 [INFO] IPUIPlugin:80 - create IPUIPlugin
2024-02-29 14:18:59,345 [INFO] IPUIPlugin:80 - create IPUIPlugin
2024-02-29 14:18:59,345 [INFO] IPUIPlugin:80 - create IPUIPlugin
2024-02-29 14:18:59,346 [INFO] IPUIPlugin:80 - create IPUIPlugin
2024-02-29 14:18:59,346 [INFO] IPUIPlugin:80 - create IPUIPlugin
2024-02-29 14:18:59,346 [INFO] IPUIPlugin:80 - create IPUIPlugin
2024-02-29 14:18:59,347 [INFO] IPUIPlugin:80 - create IPUIPlugin
2024-02-29 14:18:59,602 [INFO] CADModel:165 - CPN selected for project levelSTM32F373VCT6
2024-02-29 14:18:59,603 [INFO] CADModel:114 - Register for checkConnection events
2024-02-29 14:18:59,650 [INFO] OpenFileManager:343 - Restore cursor
2024-02-29 14:19:01,034 [INFO] UtilMem:75 - End SaveConfig() Used Memory: 830312696 Bytes (1073741824)
2024-02-29 14:19:01,164 [INFO] UtilMem:75 - End SaveConfig() Used Memory: 860672320 Bytes (1073741824)
2024-02-29 14:19:01,626 [INFO] BlockDiagram:2759 - set Specific Code input for plugin: RCC
2024-02-29 14:19:01,626 [INFO] BlockDiagram:2759 - set Specific Code input for plugin: NVIC
2024-02-29 14:19:01,628 [INFO] CodeGenerator:807 - code generatio: config db path: C:\ST\STM32CubeIDE_1.4.0\STM32CubeIDE\plugins\com.st.stm32cube.common.mx_6.10.0.202311202037\\db\
2024-02-29 14:19:01,817 [INFO] CodeEngine:255 - oldGeneratedFile, D:\STM32_CubeIDE_Workspace\Aspiration\MXTmpFiles\license.tmp_save
2024-02-29 14:19:02,378 [INFO] CodeEngine:279 - Generated code: D:\STM32_CubeIDE_Workspace\Aspiration\MXTmpFiles\license.tmp
2024-02-29 14:19:02,396 [INFO] CodeEngine:255 - oldGeneratedFile, D:\STM32_CubeIDE_Workspace\Aspiration\Core\Src\stm32f3xx_it.c_save
2024-02-29 14:19:02,672 [INFO] CodeEngine:279 - Generated code: D:\STM32_CubeIDE_Workspace\Aspiration\Core\Src\stm32f3xx_it.c
2024-02-29 14:19:02,681 [INFO] CodeEngine:255 - oldGeneratedFile, D:\STM32_CubeIDE_Workspace\Aspiration\Core\Inc\stm32f3xx_it.h_save
2024-02-29 14:19:02,841 [INFO] CodeEngine:279 - Generated code: D:\STM32_CubeIDE_Workspace\Aspiration\Core\Inc\stm32f3xx_it.h
2024-02-29 14:19:03,074 [INFO] CodeEngine:255 - oldGeneratedFile, D:\STM32_CubeIDE_Workspace\Aspiration\Core\Src\stm32f3xx_hal_msp.c_save
2024-02-29 14:19:03,257 [INFO] CodeEngine:279 - Generated code: D:\STM32_CubeIDE_Workspace\Aspiration\Core\Src\stm32f3xx_hal_msp.c
2024-02-29 14:19:03,263 [INFO] CodeEngine:255 - oldGeneratedFile, D:\STM32_CubeIDE_Workspace\Aspiration\MXTmpFiles\system.tmp_save
2024-02-29 14:19:03,374 [INFO] CodeEngine:279 - Generated code: D:\STM32_CubeIDE_Workspace\Aspiration\MXTmpFiles\system.tmp
2024-02-29 14:19:03,397 [INFO] CodeEngine:311 - oldGeneratedFile, D:\STM32_CubeIDE_Workspace\Aspiration\Core\Inc\stm32f3xx_hal_conf.h_save
2024-02-29 14:19:03,533 [INFO] CodeEngine:335 - Generated code: D:\STM32_CubeIDE_Workspace\Aspiration\Core\Inc\stm32f3xx_hal_conf.h
2024-02-29 14:19:03,587 [INFO] CodeEngine:255 - oldGeneratedFile, D:\STM32_CubeIDE_Workspace\Aspiration\Core\Inc\main.h_save
2024-02-29 14:19:03,699 [INFO] CodeEngine:279 - Generated code: D:\STM32_CubeIDE_Workspace\Aspiration\Core\Inc\main.h
2024-02-29 14:19:03,706 [INFO] CodeEngine:255 - oldGeneratedFile, D:\STM32_CubeIDE_Workspace\Aspiration\Core\Src\main.c_save
2024-02-29 14:19:03,851 [INFO] CodeEngine:279 - Generated code: D:\STM32_CubeIDE_Workspace\Aspiration\Core\Src\main.c
2024-02-29 14:19:04,675 [INFO] ProjectBuilder:3076 - Time for Copy HAL[1] : 290mS.
2024-02-29 14:19:04,684 [INFO] ProjectBuilder:4485 - Project Generator version: 4.2.0-B44
2024-02-29 14:19:05,069 [INFO] ConfigFileManager:1495 - The Die is : DIE432
2024-02-29 14:19:05,081 [INFO] ApiDbMcu:508 - Load IP Config File for FATFS
2024-02-29 14:19:05,094 [INFO] ApiDbMcu:508 - Load IP Config File for FREERTOS
2024-02-29 14:19:05,114 [INFO] ApiDbMcu:508 - Load IP Config File for TOUCHSENSING
2024-02-29 14:19:05,126 [INFO] ApiDbMcu:508 - Load IP Config File for USB_DEVICE
2024-02-29 14:19:06,090 [INFO] LogOutputStream:77 - [STDOUT_REDIRECT] 
2024-02-29 14:19:08,460 [INFO] ProjectBuilder:4747 - Time for Generating toolchain IDE Files: 3776mS.
2024-02-29 14:19:08,461 [INFO] ProjectBuilder:2947 - Time for Copy CMSIS : 1mS.
2024-02-29 14:19:08,463 [INFO] ProjectBuilder:2947 - Time for Copy CMSIS : 0mS.
2024-02-29 14:19:09,431 [INFO] McuFinderGlobals:76 - Set McuFinderConnectedMode to true
2024-02-29 14:19:09,437 [INFO] ApiDb:448 - Save user favorites file C:\Users\Abhishek/.stm32cubeide/favorites.mcus.txt: 1 item(s)
2024-02-29 14:19:09,438 [INFO] ApiDb:452 - User favorites MCUs=[STM32C011F6P3TR]
