2024-07-24 11:44:30,355 [INFO] Activator:176 - 


2024-07-24 11:44:30,363 [INFO] Activator:177 - !SESSION log4j initialized
2024-07-24 11:44:38,083 [INFO] LogOutputStream:77 - [STDOUT_REDIRECT] 
2024-07-24 11:44:40,969 [INFO] ApplicationProperties:184 - Using Application install path: C:\ST\STM32CubeIDE_1.4.0\STM32CubeIDE\plugins\com.st.stm32cube.common.mx_6.11.1.202404110753
2024-07-24 11:44:41,010 [INFO] DbMcusXml:78 - Set database path to: C:\ST\STM32CubeIDE_1.4.0\STM32CubeIDE\plugins\com.st.stm32cube.common.mx_6.11.1.202404110753\\db\/mcu/
2024-07-24 11:44:41,010 [INFO] ApiDb:274 - Set plugin database path to: C:\ST\STM32CubeIDE_1.4.0\STM32CubeIDE\plugins\com.st.stm32cube.common.mx_6.11.1.202404110753\\db\/plugins/boardmanager/
2024-07-24 11:44:41,011 [WARN] ApiDb:259 - Overriding images path with different value:  => C:\ST\STM32CubeIDE_1.4.0\STM32CubeIDE\plugins\com.st.stm32cube.common.mx_6.11.1.202404110753\\db\/plugins/mcufinder/images/
2024-07-24 11:44:41,030 [INFO] ApiDb:250 - Set database path to: C:\Users\Abhishek\.stmcufinder\plugins\mcufinder//mcu/
2024-07-24 11:44:41,032 [INFO] DbMcusAds:125 - Set database path to: C:\Users\Abhishek\.stmcufinder\plugins\mcufinder//mcu/
2024-07-24 11:44:41,033 [INFO] CrossReferenceDbSqlite:203 - Set database path to: C:\Users\Abhishek\.stmcufinder\plugins\mcufinder//mcu/cs/
2024-07-24 11:44:41,197 [INFO] RulesReader:64 - Compatibility file has been processed (297 Rules)
2024-07-24 11:44:41,363 [INFO] DbMcusXml:78 - Set database path to: C:\ST\STM32CubeIDE_1.4.0\STM32CubeIDE\plugins\com.st.stm32cube.common.mx_6.11.1.202404110753\\db\/mcu/
2024-07-24 11:44:41,363 [INFO] ApiDb:274 - Set plugin database path to: C:\ST\STM32CubeIDE_1.4.0\STM32CubeIDE\plugins\com.st.stm32cube.common.mx_6.11.1.202404110753\\db\/plugins/boardmanager/
2024-07-24 11:44:41,363 [INFO] ApiDb:261 - Set plugin images path to: C:\ST\STM32CubeIDE_1.4.0\STM32CubeIDE\plugins\com.st.stm32cube.common.mx_6.11.1.202404110753\\db\/plugins/mcufinder/images/
2024-07-24 11:44:41,364 [WARN] DbFile:41 - Overriding database path with different value: C:\Users\Abhishek\.stmcufinder\plugins\mcufinder/ => C:\Users\Abhishek\.stmcufinder\plugins\mcufinder
2024-07-24 11:44:41,364 [INFO] ApiDb:250 - Set database path to: C:\Users\Abhishek\.stmcufinder\plugins\mcufinder//mcu/
2024-07-24 11:44:41,364 [WARN] DbFile:41 - Overriding database path with different value: C:\Users\Abhishek\.stmcufinder\plugins\mcufinder/ => C:\Users\Abhishek\.stmcufinder\plugins\mcufinder
2024-07-24 11:44:41,364 [INFO] DbMcusAds:125 - Set database path to: C:\Users\Abhishek\.stmcufinder\plugins\mcufinder//mcu/
2024-07-24 11:44:41,364 [WARN] DbFile:41 - Overriding database path with different value: C:\Users\Abhishek\.stmcufinder\plugins\mcufinder/ => C:\Users\Abhishek\.stmcufinder\plugins\mcufinder
2024-07-24 11:44:41,364 [WARN] DbFile:41 - Overriding database path with different value: C:\Users\Abhishek\.stmcufinder\plugins\mcufinder/ => C:\Users\Abhishek\.stmcufinder\plugins\mcufinder
2024-07-24 11:44:41,365 [INFO] CrossReferenceDbSqlite:203 - Set database path to: C:\Users\Abhishek\.stmcufinder\plugins\mcufinder//mcu/cs/
2024-07-24 11:44:41,512 [INFO] MainPanel:264 - HeapMemory: 268435456
2024-07-24 11:44:41,692 [INFO] DbMcusXml:78 - Set database path to: C:\ST\STM32CubeIDE_1.4.0\STM32CubeIDE\plugins\com.st.stm32cube.common.mx_6.11.1.202404110753\\db\/mcu/
2024-07-24 11:44:41,692 [INFO] ApiDb:274 - Set plugin database path to: C:\ST\STM32CubeIDE_1.4.0\STM32CubeIDE\plugins\com.st.stm32cube.common.mx_6.11.1.202404110753\\db\/plugins/boardmanager/
2024-07-24 11:44:41,692 [INFO] ApiDb:261 - Set plugin images path to: C:\ST\STM32CubeIDE_1.4.0\STM32CubeIDE\plugins\com.st.stm32cube.common.mx_6.11.1.202404110753\\db\/plugins/mcufinder/images/
2024-07-24 11:44:41,692 [WARN] DbFile:41 - Overriding database path with different value: C:\Users\Abhishek\.stmcufinder\plugins\mcufinder/ => C:\Users\Abhishek\.stmcufinder\plugins\mcufinder
2024-07-24 11:44:41,692 [INFO] ApiDb:250 - Set database path to: C:\Users\Abhishek\.stmcufinder\plugins\mcufinder//mcu/
2024-07-24 11:44:41,693 [WARN] DbFile:41 - Overriding database path with different value: C:\Users\Abhishek\.stmcufinder\plugins\mcufinder/ => C:\Users\Abhishek\.stmcufinder\plugins\mcufinder
2024-07-24 11:44:41,693 [INFO] DbMcusAds:125 - Set database path to: C:\Users\Abhishek\.stmcufinder\plugins\mcufinder//mcu/
2024-07-24 11:44:41,693 [WARN] DbFile:41 - Overriding database path with different value: C:\Users\Abhishek\.stmcufinder\plugins\mcufinder/ => C:\Users\Abhishek\.stmcufinder\plugins\mcufinder
2024-07-24 11:44:41,693 [WARN] DbFile:41 - Overriding database path with different value: C:\Users\Abhishek\.stmcufinder\plugins\mcufinder/ => C:\Users\Abhishek\.stmcufinder\plugins\mcufinder
2024-07-24 11:44:41,693 [INFO] CrossReferenceDbSqlite:203 - Set database path to: C:\Users\Abhishek\.stmcufinder\plugins\mcufinder//mcu/cs/
2024-07-24 11:44:41,721 [INFO] ApplicationProperties:184 - Using Application install path: C:\ST\STM32CubeIDE_1.4.0\STM32CubeIDE\plugins\com.st.stm32cube.common.mx_6.11.1.202404110753
2024-07-24 11:44:41,724 [INFO] PluginManage:196 - Search for loadable plugins [exclusion list=, ]
2024-07-24 11:44:41,726 [INFO] PluginManage:310 - Check plugin analytics
2024-07-24 11:44:41,999 [INFO] AnalyticsPlugin:253 - Accepted Software Licenses: STM32CubeMX.6.1.0,STM32CubeMX.6.4.0,STM32CubeMX.6.2.0,STM32CubeMX.6.10.0
2024-07-24 11:44:42,000 [INFO] AnalyticsPlugin:255 - Accepted CMSIS Pack Licenses: 
2024-07-24 11:44:42,000 [INFO] AnalyticsPlugin:257 - Accepted Firmware Licenses: 
2024-07-24 11:44:42,004 [INFO] PluginManage:359 - Loaded plugin analytics (category:tool,tabindex:-1)
2024-07-24 11:44:42,004 [INFO] PluginManage:310 - Check plugin cadmodel
2024-07-24 11:44:42,079 [INFO] CADModel:105 - Init CAD model plugin
2024-07-24 11:44:42,079 [INFO] PluginManage:359 - Loaded plugin cadmodel (category:power,tabindex:5)
2024-07-24 11:44:42,080 [INFO] PluginManage:310 - Check plugin clock
2024-07-24 11:44:42,160 [INFO] PluginManage:359 - Loaded plugin clock (category:base,tabindex:2)
2024-07-24 11:44:42,160 [INFO] PluginManage:310 - Check plugin ddr
2024-07-24 11:44:42,166 [INFO] PluginManage:359 - Loaded plugin ddr (category:tool,tabindex:6)
2024-07-24 11:44:42,166 [INFO] PluginManage:310 - Check plugin filemanager
2024-07-24 11:44:42,349 [INFO] PluginManage:359 - Loaded plugin filemanager (category:base,tabindex:10)
2024-07-24 11:44:42,350 [INFO] PluginManage:310 - Check plugin ipmanager
2024-07-24 11:44:42,360 [INFO] PluginManage:359 - Loaded plugin ipmanager (category:base,tabindex:5)
2024-07-24 11:44:42,360 [INFO] PluginManage:310 - Check plugin lpbam
2024-07-24 11:44:42,394 [INFO] PluginManage:359 - Loaded plugin lpbam (category:base,tabindex:0)
2024-07-24 11:44:42,394 [INFO] PluginManage:310 - Check plugin memorymap
2024-07-24 11:44:42,430 [INFO] PluginManage:359 - Loaded plugin memorymap (category:base,tabindex:4)
2024-07-24 11:44:42,430 [INFO] PluginManage:310 - Check plugin pinoutandconfiguration
2024-07-24 11:44:42,477 [INFO] PluginManage:359 - Loaded plugin pinoutandconfiguration (category:base,tabindex:1)
2024-07-24 11:44:42,478 [INFO] PluginManage:310 - Check plugin pinoutconfig
2024-07-24 11:44:42,627 [WARN] SupportedApi:132 - Cannot load RTOS API schema: s4s-elt-must-match.1: The content of 'definitions' must match (annotation?, (simpleType | complexType)?, (unique | key | keyref)*)). A problem was found starting at: attribute.
2024-07-24 11:44:42,795 [INFO] PluginManage:359 - Loaded plugin pinoutconfig (category:base,tabindex:0)
2024-07-24 11:44:42,795 [INFO] PluginManage:310 - Check plugin power
2024-07-24 11:44:42,815 [INFO] PluginManage:359 - Loaded plugin power (category:power,tabindex:4)
2024-07-24 11:44:42,815 [INFO] PluginManage:310 - Check plugin projectmanager
2024-07-24 11:44:42,837 [INFO] PluginManage:359 - Loaded plugin projectmanager (category:projectmanager,tabindex:3)
2024-07-24 11:44:42,838 [INFO] PluginManage:310 - Check plugin thirdparty
2024-07-24 11:44:43,024 [INFO] PluginManage:359 - Loaded plugin thirdparty (category:base,tabindex:-1)
2024-07-24 11:44:43,024 [WARN] IntegrityCheckThread:84 - waiting for thirdparty lock release [integrity check]
2024-07-24 11:44:43,024 [INFO] PluginManage:310 - Check plugin tools
2024-07-24 11:44:43,024 [INFO] IntegrityCheckThread:86 - entering critical section [integrity check]
2024-07-24 11:44:43,025 [INFO] ThirdPartyUpdaterWithRetryManager:70 - Updater plugin not ready yet. [1/15]
2024-07-24 11:44:43,031 [INFO] PluginManage:359 - Loaded plugin tools (category:base,tabindex:7)
2024-07-24 11:44:43,031 [INFO] PluginManage:310 - Check plugin tutovideos
2024-07-24 11:44:43,321 [INFO] PluginManage:359 - Loaded plugin tutovideos (category:base,tabindex:-1)
2024-07-24 11:44:43,321 [INFO] PluginManage:310 - Check plugin updater
2024-07-24 11:44:43,338 [INFO] PluginManage:359 - Loaded plugin updater (category:base,tabindex:12)
2024-07-24 11:44:43,339 [INFO] PluginManage:310 - Check plugin userauth
2024-07-24 11:44:43,347 [INFO] UserAuth:114 - Init User Auth plugin
2024-07-24 11:44:43,348 [INFO] PluginManage:359 - Loaded plugin userauth (category:base,tabindex:14)
2024-07-24 11:44:43,348 [INFO] PluginManage:283 - PluginManage : Loaded plugins [17]
2024-07-24 11:44:43,658 [INFO] PinOutPanel:1561 - setPackage(No Configuration,No Configuration)
2024-07-24 11:44:43,764 [INFO] CADModel:165 - CPN selected for project level
2024-07-24 11:44:43,764 [INFO] CADModel:114 - Register for checkConnection events
2024-07-24 11:44:43,799 [INFO] IPUIPlugin:80 - create IPUIPlugin
2024-07-24 11:44:43,799 [INFO] PluginManager:220 - loadIPPluginJar : add adc
2024-07-24 11:44:43,805 [INFO] IPUIPlugin:80 - create IPUIPlugin
2024-07-24 11:44:43,805 [INFO] PluginManager:220 - loadIPPluginJar : add aes
2024-07-24 11:44:43,813 [INFO] IPUIPlugin:80 - create IPUIPlugin
2024-07-24 11:44:43,814 [INFO] PluginManager:220 - loadIPPluginJar : add can
2024-07-24 11:44:43,817 [INFO] IPUIPlugin:80 - create IPUIPlugin
2024-07-24 11:44:43,818 [INFO] PluginManager:220 - loadIPPluginJar : add comp
2024-07-24 11:44:43,823 [INFO] IPUIPlugin:80 - create IPUIPlugin
2024-07-24 11:44:43,823 [INFO] PluginManager:220 - loadIPPluginJar : add cryp
2024-07-24 11:44:43,829 [INFO] IPUIPlugin:80 - create IPUIPlugin
2024-07-24 11:44:43,830 [INFO] PluginManager:220 - loadIPPluginJar : add dfsdm
2024-07-24 11:44:43,844 [INFO] IPUIPlugin:80 - create IPUIPlugin
2024-07-24 11:44:43,845 [INFO] PluginManager:220 - loadIPPluginJar : add dma
2024-07-24 11:44:43,849 [INFO] IPUIPlugin:80 - create IPUIPlugin
2024-07-24 11:44:43,850 [INFO] PluginManager:220 - loadIPPluginJar : add dma3
2024-07-24 11:44:43,858 [INFO] IPUIPlugin:80 - create IPUIPlugin
2024-07-24 11:44:43,858 [INFO] PluginManager:220 - loadIPPluginJar : add extmemmanager
2024-07-24 11:44:43,861 [INFO] IPUIPlugin:80 - create IPUIPlugin
2024-07-24 11:44:43,861 [INFO] PluginManager:220 - loadIPPluginJar : add fatfs
2024-07-24 11:44:43,869 [INFO] IPUIPlugin:80 - create IPUIPlugin
2024-07-24 11:44:43,870 [INFO] PluginManager:220 - loadIPPluginJar : add fmc
2024-07-24 11:44:43,917 [INFO] IPUIPlugin:80 - create IPUIPlugin
2024-07-24 11:44:43,917 [INFO] PluginManager:220 - loadIPPluginJar : add freertos
2024-07-24 11:44:43,921 [INFO] IPUIPlugin:80 - create IPUIPlugin
2024-07-24 11:44:43,921 [INFO] PluginManager:220 - loadIPPluginJar : add genericplugin
2024-07-24 11:44:43,929 [INFO] IPUIPlugin:80 - create IPUIPlugin
2024-07-24 11:44:43,929 [INFO] PluginManager:220 - loadIPPluginJar : add gfxmmu
2024-07-24 11:44:43,941 [INFO] IPUIPlugin:80 - create IPUIPlugin
2024-07-24 11:44:43,941 [INFO] PluginManager:220 - loadIPPluginJar : add gic
2024-07-24 11:44:43,959 [INFO] IPUIPlugin:80 - create IPUIPlugin
2024-07-24 11:44:43,959 [INFO] PluginManager:220 - loadIPPluginJar : add gpio
2024-07-24 11:44:43,968 [INFO] IPUIPlugin:80 - create IPUIPlugin
2024-07-24 11:44:43,968 [INFO] PluginManager:220 - loadIPPluginJar : add gtzc
2024-07-24 11:44:43,973 [INFO] IPUIPlugin:80 - create IPUIPlugin
2024-07-24 11:44:43,973 [INFO] PluginManager:220 - loadIPPluginJar : add hash
2024-07-24 11:44:43,979 [INFO] IPUIPlugin:80 - create IPUIPlugin
2024-07-24 11:44:43,979 [INFO] PluginManager:220 - loadIPPluginJar : add i2c
2024-07-24 11:44:43,986 [INFO] IPUIPlugin:80 - create IPUIPlugin
2024-07-24 11:44:43,986 [INFO] PluginManager:220 - loadIPPluginJar : add i2s
2024-07-24 11:44:43,991 [INFO] IPUIPlugin:80 - create IPUIPlugin
2024-07-24 11:44:43,991 [INFO] PluginManager:220 - loadIPPluginJar : add i3c
2024-07-24 11:44:44,001 [INFO] IPUIPlugin:80 - create IPUIPlugin
2024-07-24 11:44:44,001 [INFO] PluginManager:220 - loadIPPluginJar : add ipddr
2024-07-24 11:44:44,016 [INFO] IPUIPlugin:80 - create IPUIPlugin
2024-07-24 11:44:44,016 [INFO] PluginManager:220 - loadIPPluginJar : add linkedlist
2024-07-24 11:44:44,021 [INFO] IPUIPlugin:80 - create IPUIPlugin
2024-07-24 11:44:44,021 [INFO] PluginManager:220 - loadIPPluginJar : add lorawan
2024-07-24 11:44:44,026 [INFO] IPUIPlugin:80 - create IPUIPlugin
2024-07-24 11:44:44,026 [INFO] PluginManager:220 - loadIPPluginJar : add ltdc
2024-07-24 11:44:44,048 [INFO] IPUIPlugin:80 - create IPUIPlugin
2024-07-24 11:44:44,048 [INFO] PluginManager:220 - loadIPPluginJar : add mdma
2024-07-24 11:44:44,065 [INFO] IPUIPlugin:80 - create IPUIPlugin
2024-07-24 11:44:44,065 [INFO] PluginManager:220 - loadIPPluginJar : add nvic
2024-07-24 11:44:44,071 [INFO] IPUIPlugin:80 - create IPUIPlugin
2024-07-24 11:44:44,071 [INFO] PluginManager:220 - loadIPPluginJar : add opamp
2024-07-24 11:44:44,080 [INFO] IPUIPlugin:80 - create IPUIPlugin
2024-07-24 11:44:44,080 [INFO] PluginManager:220 - loadIPPluginJar : add openamp
2024-07-24 11:44:44,087 [INFO] IPUIPlugin:80 - create IPUIPlugin
2024-07-24 11:44:44,087 [INFO] PluginManager:220 - loadIPPluginJar : add pdm2pcm
2024-07-24 11:44:44,104 [INFO] IPUIPlugin:80 - create IPUIPlugin
2024-07-24 11:44:44,106 [INFO] PluginManager:220 - loadIPPluginJar : add plateformsettings
2024-07-24 11:44:44,109 [INFO] IPUIPlugin:80 - create IPUIPlugin
2024-07-24 11:44:44,109 [INFO] PluginManager:220 - loadIPPluginJar : add quadspi
2024-07-24 11:44:44,153 [INFO] IPUIPlugin:80 - create IPUIPlugin
2024-07-24 11:44:44,154 [INFO] PluginManager:220 - loadIPPluginJar : add resmgrutility
2024-07-24 11:44:44,162 [INFO] IPUIPlugin:80 - create IPUIPlugin
2024-07-24 11:44:44,162 [INFO] PluginManager:220 - loadIPPluginJar : add sai
2024-07-24 11:44:44,168 [INFO] IPUIPlugin:80 - create IPUIPlugin
2024-07-24 11:44:44,168 [INFO] PluginManager:220 - loadIPPluginJar : add spi
2024-07-24 11:44:44,178 [INFO] IPUIPlugin:80 - create IPUIPlugin
2024-07-24 11:44:44,178 [INFO] PluginManager:220 - loadIPPluginJar : add stm32_wpan
2024-07-24 11:44:44,182 [INFO] IPUIPlugin:80 - create IPUIPlugin
2024-07-24 11:44:44,182 [INFO] PluginManager:220 - loadIPPluginJar : add tim
2024-07-24 11:44:44,191 [INFO] IPUIPlugin:80 - create IPUIPlugin
2024-07-24 11:44:44,191 [INFO] PluginManager:220 - loadIPPluginJar : add touchsensing
2024-07-24 11:44:44,195 [INFO] IPUIPlugin:80 - create IPUIPlugin
2024-07-24 11:44:44,196 [INFO] PluginManager:220 - loadIPPluginJar : add tracer_emb
2024-07-24 11:44:44,200 [INFO] IPUIPlugin:80 - create IPUIPlugin
2024-07-24 11:44:44,200 [INFO] PluginManager:220 - loadIPPluginJar : add ts
2024-07-24 11:44:44,204 [INFO] IPUIPlugin:80 - create IPUIPlugin
2024-07-24 11:44:44,204 [INFO] PluginManager:220 - loadIPPluginJar : add tsc
2024-07-24 11:44:44,208 [INFO] IPUIPlugin:80 - create IPUIPlugin
2024-07-24 11:44:44,209 [INFO] PluginManager:220 - loadIPPluginJar : add ucpd
2024-07-24 11:44:44,215 [INFO] IPUIPlugin:80 - create IPUIPlugin
2024-07-24 11:44:44,215 [INFO] PluginManager:220 - loadIPPluginJar : add usart
2024-07-24 11:44:44,222 [INFO] IPUIPlugin:80 - create IPUIPlugin
2024-07-24 11:44:44,222 [INFO] PluginManager:220 - loadIPPluginJar : add usbx
2024-07-24 11:44:44,373 [INFO] CADModel:165 - CPN selected for project level
2024-07-24 11:44:44,373 [INFO] CADModel:114 - Register for checkConnection events
2024-07-24 11:44:44,373 [FATAL] Updater:308 - Updater called before beeing initialized
2024-07-24 11:44:44,373 [ERROR] CADModel:125 - Updater not yet initialized, retry later 
2024-07-24 11:44:44,543 [INFO] CADModel:165 - CPN selected for project level
2024-07-24 11:44:44,543 [INFO] CADModel:114 - Register for checkConnection events
2024-07-24 11:44:44,543 [FATAL] Updater:308 - Updater called before beeing initialized
2024-07-24 11:44:44,543 [ERROR] CADModel:125 - Updater not yet initialized, retry later 
2024-07-24 11:44:44,547 [FATAL] Updater:308 - Updater called before beeing initialized
2024-07-24 11:44:44,696 [FATAL] Updater:308 - Updater called before beeing initialized
2024-07-24 11:44:44,701 [INFO] DbMcusAds:53 - JSON generation date=Thu May 02 14:07:29 IST 2024 (1714639049318)
2024-07-24 11:44:44,702 [FATAL] Updater:308 - Updater called before beeing initialized
2024-07-24 11:44:44,758 [WARN] DetailPanel:346 - Failed to get advertising image, set to default
2024-07-24 11:44:44,905 [FATAL] Updater:308 - Updater called before beeing initialized
2024-07-24 11:44:44,908 [FATAL] Updater:308 - Updater called before beeing initialized
2024-07-24 11:44:44,908 [FATAL] Updater:308 - Updater called before beeing initialized
2024-07-24 11:44:44,909 [WARN] DetailPanel:346 - Failed to get advertising image, set to default
2024-07-24 11:44:44,909 [FATAL] Updater:308 - Updater called before beeing initialized
2024-07-24 11:44:45,007 [ERROR] Updater:1120 - MainUpdater not yet initialized. External WinMGr cannot be set.
2024-07-24 11:44:45,012 [INFO] Updater:1056 - Updater Version found : 6.11.1
2024-07-24 11:44:45,052 [INFO] ApplicationProperties:184 - Using Application install path: C:\ST\STM32CubeIDE_1.4.0\STM32CubeIDE\plugins\com.st.stm32cube.common.mx_6.11.1.202404110753
2024-07-24 11:44:45,876 [INFO] MainUpdater:2873 - connection check result : 10
2024-07-24 11:44:45,876 [INFO] MainUpdater:3567 - Updater definition file requires update
2024-07-24 11:44:45,877 [INFO] MainUpdater:290 - Updater Check For Update Now.
2024-07-24 11:44:45,877 [INFO] MicroXplorer:498 - Change Database Version : DB.6.0.111
2024-07-24 11:44:45,885 [INFO] McuFinderGlobals:63 - Set McuFinder mode to 2 (CubeIDE integrated)
2024-07-24 11:44:45,885 [INFO] UserAuth:179 - activating auth plugin
2024-07-24 11:44:45,888 [INFO] UserAuth:415 - Internet connection configuration mode: 1
2024-07-24 11:44:45,919 [INFO] JxBrowserEngine:152 - Initiate JxBrowser Engine with user profile folder
2024-07-24 11:44:46,027 [WARN] MainUpdater:1194 - Updater busy. Cannot search thirdparties
2024-07-24 11:44:46,027 [INFO] ThirdPartyUpdaterWithRetryManager:96 - Updater plugin is busy. [1/15]
2024-07-24 11:44:46,239 [INFO] ServerAccessManage:473 - Download File updaters.zip
2024-07-24 11:44:46,531 [INFO] FileExtend:240 - Unzip File : updaters.zip
2024-07-24 11:44:46,531 [INFO] FileExtend:255 - Standard Zip Deflate
2024-07-24 11:44:48,377 [INFO] WebApp:161 - Instantiating new browser for Auth
2024-07-24 11:44:48,690 [INFO] ServerAccessManage:473 - Download File PacksControlFlags.xml
2024-07-24 11:44:48,880 [INFO] ServerAccessManage:473 - Download File cubemx.pidx
2024-07-24 11:44:49,030 [WARN] MainUpdater:1194 - Updater busy. Cannot search thirdparties
2024-07-24 11:44:49,030 [INFO] ThirdPartyUpdaterWithRetryManager:96 - Updater plugin is busy. [2/15]
2024-07-24 11:44:49,468 [INFO] ServerAccessManage:473 - Download File STMicroelectronics.FP-SNS-STBOX1.pdsc
2024-07-24 11:44:49,645 [INFO] WebApp:779 - Register for checkConnection events
2024-07-24 11:44:49,645 [INFO] WebApp:414 - Apply proxy settings
2024-07-24 11:44:49,645 [INFO] WebApp:499 - Chromium requires no authentication
2024-07-24 11:44:49,677 [INFO] WebApp:442 - Direct internet connection detected
2024-07-24 11:44:50,142 [INFO] WebApp:192 - Starting web application
2024-07-24 11:44:50,142 [INFO] WebApp:544 - Web application path used C:\ST\STM32CubeIDE_1.4.0\STM32CubeIDE\plugins\com.st.stm32cube.common.mx_6.11.1.202404110753\db\plugins\mcufinder\reactClient1\index.html
2024-07-24 11:44:50,197 [INFO] ServerAccessManage:473 - Download File STMicroelectronics.X-CUBE-DPOWER.pdsc
2024-07-24 11:44:51,386 [ERROR] ServerAccessManage:1089 - Problem, file not found on Server
2024-07-24 11:44:52,032 [WARN] MainUpdater:1194 - Updater busy. Cannot search thirdparties
2024-07-24 11:44:52,032 [INFO] ThirdPartyUpdaterWithRetryManager:96 - Updater plugin is busy. [3/15]
2024-07-24 11:44:52,294 [ERROR] ServerAccessManage:1089 - Problem, file not found on Server
2024-07-24 11:44:53,194 [ERROR] ServerAccessManage:1089 - Problem, file not found on Server
2024-07-24 11:44:54,119 [ERROR] ServerAccessManage:1089 - Problem, file not found on Server
2024-07-24 11:44:55,014 [ERROR] ServerAccessManage:1089 - Problem, file not found on Server
2024-07-24 11:44:55,033 [WARN] MainUpdater:1194 - Updater busy. Cannot search thirdparties
2024-07-24 11:44:55,033 [INFO] ThirdPartyUpdaterWithRetryManager:96 - Updater plugin is busy. [4/15]
2024-07-24 11:44:55,923 [ERROR] ServerAccessManage:1089 - Problem, file not found on Server
2024-07-24 11:44:56,830 [ERROR] ServerAccessManage:1089 - Problem, file not found on Server
2024-07-24 11:44:57,736 [ERROR] ServerAccessManage:1089 - Problem, file not found on Server
2024-07-24 11:44:58,034 [WARN] MainUpdater:1194 - Updater busy. Cannot search thirdparties
2024-07-24 11:44:58,034 [INFO] ThirdPartyUpdaterWithRetryManager:96 - Updater plugin is busy. [5/15]
2024-07-24 11:44:58,689 [ERROR] ServerAccessManage:1089 - Problem, file not found on Server
2024-07-24 11:44:59,602 [ERROR] ServerAccessManage:1089 - Problem, file not found on Server
2024-07-24 11:45:00,517 [ERROR] ServerAccessManage:1089 - Problem, file not found on Server
2024-07-24 11:45:01,036 [WARN] MainUpdater:1194 - Updater busy. Cannot search thirdparties
2024-07-24 11:45:01,036 [INFO] ThirdPartyUpdaterWithRetryManager:96 - Updater plugin is busy. [6/15]
2024-07-24 11:45:01,053 [INFO] ServerAccessManage:473 - Download File STMicroelectronics.X-CUBE-TOUCHGFX.pdsc
2024-07-24 11:45:04,037 [WARN] MainUpdater:1194 - Updater busy. Cannot search thirdparties
2024-07-24 11:45:04,037 [INFO] ThirdPartyUpdaterWithRetryManager:96 - Updater plugin is busy. [7/15]
2024-07-24 11:45:07,039 [WARN] MainUpdater:1194 - Updater busy. Cannot search thirdparties
2024-07-24 11:45:07,039 [INFO] ThirdPartyUpdaterWithRetryManager:96 - Updater plugin is busy. [8/15]
2024-07-24 11:45:07,054 [INFO] ServerAccessManage:473 - Download File wolfSSL.I-CUBE-wolfMQTT.pdsc
2024-07-24 11:45:09,537 [ERROR] ServerAccessManage:1089 - Problem, file not found on Server
2024-07-24 11:45:09,893 [INFO] ServerAccessManage:473 - Download File wolfSSL.I-CUBE-wolfTPM.pdsc
2024-07-24 11:45:10,042 [WARN] MainUpdater:1194 - Updater busy. Cannot search thirdparties
2024-07-24 11:45:10,042 [INFO] ThirdPartyUpdaterWithRetryManager:96 - Updater plugin is busy. [9/15]
2024-07-24 11:45:12,039 [INFO] ServerAccessManage:473 - Download File wolfSSL.I-CUBE-wolfSSH.pdsc
2024-07-24 11:45:13,043 [WARN] MainUpdater:1194 - Updater busy. Cannot search thirdparties
2024-07-24 11:45:13,043 [INFO] ThirdPartyUpdaterWithRetryManager:96 - Updater plugin is busy. [10/15]
2024-07-24 11:45:16,043 [WARN] MainUpdater:1194 - Updater busy. Cannot search thirdparties
2024-07-24 11:45:16,043 [INFO] ThirdPartyUpdaterWithRetryManager:96 - Updater plugin is busy. [11/15]
2024-07-24 11:45:17,354 [INFO] ServerAccessManage:473 - Download File RealThread.X-CUBE-RT-Thread_Nano.pdsc
2024-07-24 11:45:18,433 [INFO] ServerAccessManage:473 - Download File EmbeddedOffice.I-CUBE-FS-RTOS.pdsc
2024-07-24 11:45:18,916 [WARN] PackLoader:240 - Cannot read IP mode file for STMicroelectronics.FP-SNS-STBOX1.2.0.0
2024-07-24 11:45:18,951 [WARN] PackLoader:240 - Cannot read IP mode file for STMicroelectronics.X-CUBE-DPower.1.2.0
2024-07-24 11:45:18,957 [WARN] PackLoader:240 - Cannot read IP mode file for STMicroelectronics.X-CUBE-TOUCHGFX.4.24.0
2024-07-24 11:45:18,962 [WARN] PackLoader:240 - Cannot read IP mode file for wolfSSL.I-CUBE-wolfMQTT.1.19.0
2024-07-24 11:45:18,966 [WARN] PackLoader:240 - Cannot read IP mode file for wolfSSL.I-CUBE-wolfTPM.3.2.0
2024-07-24 11:45:18,970 [WARN] PackLoader:240 - Cannot read IP mode file for wolfSSL.I-CUBE-wolfSSH.1.4.17
2024-07-24 11:45:18,977 [WARN] PackLoader:240 - Cannot read IP mode file for RealThread.X-CUBE-RT-Thread_Nano.4.1.1
2024-07-24 11:45:18,989 [WARN] PackLoader:240 - Cannot read IP mode file for EmbeddedOffice.I-CUBE-FS-RTOS.1.0.1
2024-07-24 11:45:18,990 [ERROR] ConditionMgr:805 - Attr not supported : Dmpu
2024-07-24 11:45:18,990 [ERROR] ConditionMgr:805 - Attr not supported : Dmpu
2024-07-24 11:45:18,990 [ERROR] ConditionMgr:805 - Attr not supported : Dmpu
2024-07-24 11:45:18,990 [ERROR] ConditionMgr:805 - Attr not supported : Dmpu
2024-07-24 11:45:18,990 [ERROR] ConditionMgr:805 - Attr not supported : Dmpu
2024-07-24 11:45:18,990 [ERROR] ConditionMgr:805 - Attr not supported : Dmpu
2024-07-24 11:45:18,990 [ERROR] ConditionMgr:805 - Attr not supported : Dmpu
2024-07-24 11:45:18,990 [ERROR] ConditionMgr:805 - Attr not supported : Dmpu
2024-07-24 11:45:18,990 [ERROR] ConditionMgr:805 - Attr not supported : Dmpu
2024-07-24 11:45:18,990 [ERROR] ConditionMgr:805 - Attr not supported : Dmpu
2024-07-24 11:45:18,990 [ERROR] ConditionMgr:805 - Attr not supported : Dmpu
2024-07-24 11:45:18,990 [ERROR] ConditionMgr:805 - Attr not supported : Dmpu
2024-07-24 11:45:18,991 [ERROR] ConditionMgr:805 - Attr not supported : Dmpu
2024-07-24 11:45:18,991 [ERROR] ConditionMgr:805 - Attr not supported : Dmpu
2024-07-24 11:45:18,991 [ERROR] ConditionMgr:805 - Attr not supported : Dmpu
2024-07-24 11:45:18,991 [ERROR] ConditionMgr:805 - Attr not supported : Dmpu
2024-07-24 11:45:18,991 [ERROR] ConditionMgr:805 - Attr not supported : Dmpu
2024-07-24 11:45:18,991 [ERROR] ConditionMgr:805 - Attr not supported : Dmpu
2024-07-24 11:45:18,991 [ERROR] ConditionMgr:805 - Attr not supported : Dmpu
2024-07-24 11:45:18,991 [ERROR] ConditionMgr:805 - Attr not supported : Dmpu
2024-07-24 11:45:18,991 [ERROR] ConditionMgr:805 - Attr not supported : Dmpu
2024-07-24 11:45:18,991 [ERROR] ConditionMgr:805 - Attr not supported : Dmpu
2024-07-24 11:45:18,991 [ERROR] ConditionMgr:805 - Attr not supported : Dmpu
2024-07-24 11:45:18,991 [ERROR] ConditionMgr:805 - Attr not supported : Dmpu
2024-07-24 11:45:18,991 [ERROR] ConditionMgr:805 - Attr not supported : Dmpu
2024-07-24 11:45:18,991 [ERROR] ConditionMgr:805 - Attr not supported : Dmpu
2024-07-24 11:45:18,991 [ERROR] ConditionMgr:805 - Attr not supported : Dmpu
2024-07-24 11:45:18,991 [ERROR] ConditionMgr:805 - Attr not supported : Dmpu
2024-07-24 11:45:18,991 [ERROR] ConditionMgr:805 - Attr not supported : Dmpu
2024-07-24 11:45:18,991 [ERROR] ConditionMgr:805 - Attr not supported : Dmpu
2024-07-24 11:45:18,991 [ERROR] ConditionMgr:805 - Attr not supported : Dmpu
2024-07-24 11:45:18,992 [ERROR] ConditionMgr:805 - Attr not supported : Dmpu
2024-07-24 11:45:18,992 [ERROR] ConditionMgr:805 - Attr not supported : Dmpu
2024-07-24 11:45:18,992 [ERROR] ConditionMgr:805 - Attr not supported : Dmpu
2024-07-24 11:45:18,992 [ERROR] ConditionMgr:805 - Attr not supported : Dmpu
2024-07-24 11:45:18,992 [ERROR] ConditionMgr:805 - Attr not supported : Dmpu
2024-07-24 11:45:18,992 [ERROR] ConditionMgr:805 - Attr not supported : Dmpu
2024-07-24 11:45:18,992 [ERROR] ConditionMgr:805 - Attr not supported : Dmpu
2024-07-24 11:45:18,992 [ERROR] ConditionMgr:805 - Attr not supported : Dmpu
2024-07-24 11:45:18,992 [ERROR] ConditionMgr:805 - Attr not supported : Dmpu
2024-07-24 11:45:18,992 [ERROR] ConditionMgr:805 - Attr not supported : Dmpu
2024-07-24 11:45:18,992 [ERROR] ConditionMgr:805 - Attr not supported : Dmpu
2024-07-24 11:45:18,992 [ERROR] ConditionMgr:805 - Attr not supported : Dmpu
2024-07-24 11:45:18,993 [ERROR] ConditionMgr:805 - Attr not supported : Dmpu
2024-07-24 11:45:18,993 [ERROR] ConditionMgr:805 - Attr not supported : Dmpu
2024-07-24 11:45:18,993 [ERROR] ConditionMgr:805 - Attr not supported : Dmpu
2024-07-24 11:45:18,993 [ERROR] ConditionMgr:805 - Attr not supported : Dmpu
2024-07-24 11:45:18,993 [ERROR] ConditionMgr:805 - Attr not supported : Dmpu
2024-07-24 11:45:18,993 [ERROR] ConditionMgr:805 - Attr not supported : Dmpu
2024-07-24 11:45:18,993 [ERROR] ConditionMgr:805 - Attr not supported : Dmpu
2024-07-24 11:45:18,993 [ERROR] ConditionMgr:805 - Attr not supported : Dmpu
2024-07-24 11:45:18,993 [ERROR] ConditionMgr:805 - Attr not supported : Dmpu
2024-07-24 11:45:18,993 [ERROR] ConditionMgr:805 - Attr not supported : Dmpu
2024-07-24 11:45:18,993 [ERROR] ConditionMgr:805 - Attr not supported : Dmpu
2024-07-24 11:45:18,993 [ERROR] ConditionMgr:805 - Attr not supported : Dmpu
2024-07-24 11:45:18,993 [ERROR] ConditionMgr:805 - Attr not supported : Dmpu
2024-07-24 11:45:18,994 [ERROR] ConditionMgr:805 - Attr not supported : Dmpu
2024-07-24 11:45:18,994 [ERROR] ConditionMgr:805 - Attr not supported : Dmpu
2024-07-24 11:45:18,994 [ERROR] ConditionMgr:805 - Attr not supported : Dmpu
2024-07-24 11:45:18,994 [ERROR] ConditionMgr:805 - Attr not supported : Dmpu
2024-07-24 11:45:18,994 [ERROR] ConditionMgr:805 - Attr not supported : Dmpu
2024-07-24 11:45:18,994 [ERROR] ConditionMgr:805 - Attr not supported : Dmpu
2024-07-24 11:45:18,994 [ERROR] ConditionMgr:805 - Attr not supported : Dmpu
2024-07-24 11:45:18,994 [ERROR] ConditionMgr:805 - Attr not supported : Dmpu
2024-07-24 11:45:18,995 [INFO] PopulateThirdPartyThread:66 - Ending populate Thread
2024-07-24 11:45:18,997 [INFO] ThirdParty:1030 - CMSIS Pack Vendor :wolfSSL I-CUBE-wolfMQTT 1.19.0
2024-07-24 11:45:18,997 [INFO] ThirdParty:1030 - CMSIS Pack Vendor :STMicroelectronics FP-SNS-STBOX1 2.0.0
2024-07-24 11:45:18,997 [INFO] ThirdParty:1030 - CMSIS Pack Vendor :EmbeddedOffice I-CUBE-FS-RTOS 1.0.1
2024-07-24 11:45:18,997 [INFO] ThirdParty:1030 - CMSIS Pack Vendor :STMicroelectronics X-CUBE-TOUCHGFX 4.24.0
2024-07-24 11:45:18,997 [INFO] ThirdParty:1030 - CMSIS Pack Vendor :RealThread X-CUBE-RT-Thread_Nano 4.1.1
2024-07-24 11:45:18,997 [INFO] ThirdParty:1030 - CMSIS Pack Vendor :wolfSSL I-CUBE-wolfTPM 3.2.0
2024-07-24 11:45:18,997 [INFO] ThirdParty:1030 - CMSIS Pack Vendor :STMicroelectronics X-CUBE-DPower 1.2.0
2024-07-24 11:45:18,997 [INFO] ThirdParty:1030 - CMSIS Pack Vendor :wolfSSL I-CUBE-wolfSSH 1.4.17
2024-07-24 11:45:18,998 [INFO] LoadServerUpdatesThread:375 - End of LoadServerUpdate Thread
2024-07-24 11:45:19,037 [INFO] CheckServerUpdateThread:120 - End of CheckServer Thread
2024-07-24 11:45:19,321 [WARN] PackLoader:240 - Cannot read IP mode file for STMicroelectronics.FP-SNS-MOTENVWB1.1.4.0
2024-07-24 11:45:19,328 [WARN] PackLoader:240 - Cannot read IP mode file for STMicroelectronics.X-CUBE-SMBUS.2.1.0
2024-07-24 11:45:19,332 [WARN] PackLoader:240 - Cannot read IP mode file for STMicroelectronics.X-CUBE-TOUCHGFX.4.23.2
2024-07-24 11:45:19,351 [WARN] PackLoader:240 - Cannot read IP mode file for STMicroelectronics.X-CUBE-AZRTOS-F7.1.1.0
2024-07-24 11:45:19,360 [WARN] PackLoader:240 - Cannot read IP mode file for STMicroelectronics.FP-SNS-FLIGHT1.5.0.2
2024-07-24 11:45:19,367 [WARN] PackLoader:240 - Cannot read IP mode file for STMicroelectronics.X-CUBE-DISPLAY.3.0.0
2024-07-24 11:45:19,378 [WARN] PackLoader:240 - Cannot read IP mode file for STMicroelectronics.X-CUBE-BLE1.7.0.0
2024-07-24 11:45:19,383 [WARN] PackLoader:240 - Cannot read IP mode file for emotas.I-CUBE-CANOPEN.1.3.0
2024-07-24 11:45:19,392 [WARN] PackLoader:240 - Cannot read IP mode file for STMicroelectronics.X-CUBE-BLEMGR.3.1.0
2024-07-24 11:45:19,398 [WARN] PackLoader:240 - Cannot read IP mode file for STMicroelectronics.FP-SNS-SMARTAG2.1.2.0
2024-07-24 11:45:19,409 [INFO] LogOutputStream:77 - [STDOUT_REDIRECT] 1 : Invalid condition id : UX_CORESTACK_Condition cause : null
2024-07-24 11:45:19,410 [INFO] LogOutputStream:77 - [STDOUT_REDIRECT] 1 : Invalid condition id : UX_CORESTACK_Condition cause : null
2024-07-24 11:45:19,411 [INFO] LogOutputStream:77 - [STDOUT_REDIRECT] 1 : Invalid condition id : UX_CORESTACK_Condition cause : null
2024-07-24 11:45:19,413 [INFO] LogOutputStream:77 - [STDOUT_REDIRECT] 1 : Invalid condition id : UX_CORESTACK_Condition cause : null
2024-07-24 11:45:19,414 [INFO] LogOutputStream:77 - [STDOUT_REDIRECT] 1 : Invalid condition id : UX_CORESTACK_Condition cause : null
2024-07-24 11:45:19,419 [WARN] PackLoader:240 - Cannot read IP mode file for STMicroelectronics.X-CUBE-AZRTOS-WL.2.0.0
2024-07-24 11:45:19,426 [WARN] PackLoader:240 - Cannot read IP mode file for STMicroelectronics.FP-SNS-MOTENV1.5.0.0
2024-07-24 11:45:19,433 [WARN] PackLoader:240 - Cannot read IP mode file for wolfSSL.I-CUBE-wolfMQTT.1.19.0
2024-07-24 11:45:19,442 [WARN] PackLoader:240 - Cannot read IP mode file for WES.I-CUBE-Cesium.1.3.0
2024-07-24 11:45:19,453 [WARN] PackLoader:240 - Cannot read IP mode file for STMicroelectronics.X-CUBE-BLE2.3.3.0
2024-07-24 11:45:19,461 [WARN] PackLoader:240 - Cannot read IP mode file for STMicroelectronics.X-CUBE-TCPP.4.1.0
2024-07-24 11:45:19,469 [WARN] PackLoader:240 - Cannot read IP mode file for STMicroelectronics.X-CUBE-ALGOBUILD.1.3.0
2024-07-24 11:45:19,485 [WARN] PackLoader:240 - Cannot read IP mode file for STMicroelectronics.X-CUBE-AZRTOS-G0.1.1.0
2024-07-24 11:45:19,494 [WARN] PackLoader:240 - Cannot read IP mode file for STMicroelectronics.X-CUBE-SAFEA1.1.2.2
2024-07-24 11:45:19,501 [WARN] PackLoader:240 - Cannot read IP mode file for STMicroelectronics.X-CUBE-NFC4.3.0.0
2024-07-24 11:45:19,513 [WARN] PackLoader:240 - Cannot read IP mode file for EmbeddedOffice.I-CUBE-FS-RTOS.1.0.1
2024-07-24 11:45:19,513 [ERROR] ConditionMgr:805 - Attr not supported : Dmpu
2024-07-24 11:45:19,513 [ERROR] ConditionMgr:805 - Attr not supported : Dmpu
2024-07-24 11:45:19,513 [ERROR] ConditionMgr:805 - Attr not supported : Dmpu
2024-07-24 11:45:19,513 [ERROR] ConditionMgr:805 - Attr not supported : Dmpu
2024-07-24 11:45:19,513 [ERROR] ConditionMgr:805 - Attr not supported : Dmpu
2024-07-24 11:45:19,514 [ERROR] ConditionMgr:805 - Attr not supported : Dmpu
2024-07-24 11:45:19,514 [ERROR] ConditionMgr:805 - Attr not supported : Dmpu
2024-07-24 11:45:19,514 [ERROR] ConditionMgr:805 - Attr not supported : Dmpu
2024-07-24 11:45:19,514 [ERROR] ConditionMgr:805 - Attr not supported : Dmpu
2024-07-24 11:45:19,514 [ERROR] ConditionMgr:805 - Attr not supported : Dmpu
2024-07-24 11:45:19,514 [ERROR] ConditionMgr:805 - Attr not supported : Dmpu
2024-07-24 11:45:19,514 [ERROR] ConditionMgr:805 - Attr not supported : Dmpu
2024-07-24 11:45:19,514 [ERROR] ConditionMgr:805 - Attr not supported : Dmpu
2024-07-24 11:45:19,514 [ERROR] ConditionMgr:805 - Attr not supported : Dmpu
2024-07-24 11:45:19,514 [ERROR] ConditionMgr:805 - Attr not supported : Dmpu
2024-07-24 11:45:19,514 [ERROR] ConditionMgr:805 - Attr not supported : Dmpu
2024-07-24 11:45:19,514 [ERROR] ConditionMgr:805 - Attr not supported : Dmpu
2024-07-24 11:45:19,514 [ERROR] ConditionMgr:805 - Attr not supported : Dmpu
2024-07-24 11:45:19,514 [ERROR] ConditionMgr:805 - Attr not supported : Dmpu
2024-07-24 11:45:19,514 [ERROR] ConditionMgr:805 - Attr not supported : Dmpu
2024-07-24 11:45:19,514 [ERROR] ConditionMgr:805 - Attr not supported : Dmpu
2024-07-24 11:45:19,514 [ERROR] ConditionMgr:805 - Attr not supported : Dmpu
2024-07-24 11:45:19,514 [ERROR] ConditionMgr:805 - Attr not supported : Dmpu
2024-07-24 11:45:19,514 [ERROR] ConditionMgr:805 - Attr not supported : Dmpu
2024-07-24 11:45:19,515 [ERROR] ConditionMgr:805 - Attr not supported : Dmpu
2024-07-24 11:45:19,515 [ERROR] ConditionMgr:805 - Attr not supported : Dmpu
2024-07-24 11:45:19,515 [ERROR] ConditionMgr:805 - Attr not supported : Dmpu
2024-07-24 11:45:19,515 [ERROR] ConditionMgr:805 - Attr not supported : Dmpu
2024-07-24 11:45:19,515 [ERROR] ConditionMgr:805 - Attr not supported : Dmpu
2024-07-24 11:45:19,515 [ERROR] ConditionMgr:805 - Attr not supported : Dmpu
2024-07-24 11:45:19,515 [ERROR] ConditionMgr:805 - Attr not supported : Dmpu
2024-07-24 11:45:19,515 [ERROR] ConditionMgr:805 - Attr not supported : Dmpu
2024-07-24 11:45:19,515 [ERROR] ConditionMgr:805 - Attr not supported : Dmpu
2024-07-24 11:45:19,515 [ERROR] ConditionMgr:805 - Attr not supported : Dmpu
2024-07-24 11:45:19,515 [ERROR] ConditionMgr:805 - Attr not supported : Dmpu
2024-07-24 11:45:19,515 [ERROR] ConditionMgr:805 - Attr not supported : Dmpu
2024-07-24 11:45:19,516 [ERROR] ConditionMgr:805 - Attr not supported : Dmpu
2024-07-24 11:45:19,516 [ERROR] ConditionMgr:805 - Attr not supported : Dmpu
2024-07-24 11:45:19,516 [ERROR] ConditionMgr:805 - Attr not supported : Dmpu
2024-07-24 11:45:19,516 [ERROR] ConditionMgr:805 - Attr not supported : Dmpu
2024-07-24 11:45:19,516 [ERROR] ConditionMgr:805 - Attr not supported : Dmpu
2024-07-24 11:45:19,516 [ERROR] ConditionMgr:805 - Attr not supported : Dmpu
2024-07-24 11:45:19,516 [ERROR] ConditionMgr:805 - Attr not supported : Dmpu
2024-07-24 11:45:19,516 [ERROR] ConditionMgr:805 - Attr not supported : Dmpu
2024-07-24 11:45:19,516 [ERROR] ConditionMgr:805 - Attr not supported : Dmpu
2024-07-24 11:45:19,517 [ERROR] ConditionMgr:805 - Attr not supported : Dmpu
2024-07-24 11:45:19,517 [ERROR] ConditionMgr:805 - Attr not supported : Dmpu
2024-07-24 11:45:19,517 [ERROR] ConditionMgr:805 - Attr not supported : Dmpu
2024-07-24 11:45:19,517 [ERROR] ConditionMgr:805 - Attr not supported : Dmpu
2024-07-24 11:45:19,517 [ERROR] ConditionMgr:805 - Attr not supported : Dmpu
2024-07-24 11:45:19,517 [ERROR] ConditionMgr:805 - Attr not supported : Dmpu
2024-07-24 11:45:19,517 [ERROR] ConditionMgr:805 - Attr not supported : Dmpu
2024-07-24 11:45:19,517 [ERROR] ConditionMgr:805 - Attr not supported : Dmpu
2024-07-24 11:45:19,517 [ERROR] ConditionMgr:805 - Attr not supported : Dmpu
2024-07-24 11:45:19,517 [ERROR] ConditionMgr:805 - Attr not supported : Dmpu
2024-07-24 11:45:19,517 [ERROR] ConditionMgr:805 - Attr not supported : Dmpu
2024-07-24 11:45:19,518 [ERROR] ConditionMgr:805 - Attr not supported : Dmpu
2024-07-24 11:45:19,518 [ERROR] ConditionMgr:805 - Attr not supported : Dmpu
2024-07-24 11:45:19,518 [ERROR] ConditionMgr:805 - Attr not supported : Dmpu
2024-07-24 11:45:19,518 [ERROR] ConditionMgr:805 - Attr not supported : Dmpu
2024-07-24 11:45:19,518 [ERROR] ConditionMgr:805 - Attr not supported : Dmpu
2024-07-24 11:45:19,518 [ERROR] ConditionMgr:805 - Attr not supported : Dmpu
2024-07-24 11:45:19,518 [ERROR] ConditionMgr:805 - Attr not supported : Dmpu
2024-07-24 11:45:19,518 [ERROR] ConditionMgr:805 - Attr not supported : Dmpu
2024-07-24 11:45:19,522 [WARN] PackLoader:240 - Cannot read IP mode file for RealThread.X-CUBE-RT-Thread_Nano.4.1.1
2024-07-24 11:45:19,532 [WARN] PackLoader:240 - Cannot read IP mode file for wolfSSL.I-CUBE-wolfSSL.5.7.0
2024-07-24 11:45:19,536 [WARN] PackLoader:240 - Cannot read IP mode file for STMicroelectronics.FP-ATR-SIGFOX1.3.2.0
2024-07-24 11:45:19,542 [WARN] PackLoader:240 - Cannot read IP mode file for STMicroelectronics.X-CUBE-EEPRMA1.5.1.0
2024-07-24 11:45:19,562 [WARN] PackLoader:240 - Cannot read IP mode file for ITTIA_DB.I-CUBE-ITTIADB.8.9.0
2024-07-24 11:45:19,591 [WARN] PackLoader:240 - Cannot read IP mode file for SEGGER.I-CUBE-embOS.1.3.1
2024-07-24 11:45:19,632 [WARN] PackLoader:240 - Cannot read IP mode file for STMicroelectronics.X-CUBE-ALGOBUILD.1.4.0
2024-07-24 11:45:19,639 [WARN] PackLoader:240 - Cannot read IP mode file for STMicroelectronics.X-CUBE-GNSS1.6.0.0
2024-07-24 11:45:19,669 [WARN] PackLoader:240 - Cannot read IP mode file for STMicroelectronics.X-CUBE-AZRTOS-F4.1.1.0
2024-07-24 11:45:19,677 [WARN] PackLoader:240 - Cannot read IP mode file for STMicroelectronics.X-CUBE-FREERTOS.1.2.0
2024-07-24 11:45:19,695 [WARN] PackLoader:240 - Cannot read IP mode file for STMicroelectronics.X-CUBE-AZRTOS-L5.2.0.0
2024-07-24 11:45:19,712 [WARN] PackLoader:240 - Cannot read IP mode file for STMicroelectronics.X-CUBE-NFC6.3.1.0
2024-07-24 11:45:19,723 [WARN] PackLoader:240 - Cannot read IP mode file for STMicroelectronics.X-CUBE-DPower.1.2.0
2024-07-24 11:45:19,736 [WARN] PackLoader:240 - Cannot read IP mode file for STMicroelectronics.X-CUBE-AI.9.0.0
2024-07-24 11:45:19,744 [WARN] PackLoader:240 - Cannot read IP mode file for STMicroelectronics.X-CUBE-NFC7.1.0.1
2024-07-24 11:45:19,750 [WARN] PackLoader:240 - Cannot read IP mode file for wolfSSL.I-CUBE-wolfTPM.3.2.0
2024-07-24 11:45:19,755 [WARN] PackLoader:240 - Cannot read IP mode file for STMicroelectronics.X-CUBE-AI.8.1.0
2024-07-24 11:45:19,772 [WARN] ConditionMgr:438 - getConditionDescription Invalid condition id : LAN8742 Phy interface Condition cause : null
2024-07-24 11:45:19,773 [WARN] PackLoader:240 - Cannot read IP mode file for STMicroelectronics.X-CUBE-AZRTOS-L4.2.0.0
2024-07-24 11:45:19,774 [WARN] ConditionMgr:1039 - genDependencies : Invalid condition id : LAN8742 Phy interface Condition cause : null
2024-07-24 11:45:19,775 [WARN] ConditionMgr:1039 - genDependencies : Invalid condition id : LAN8742 Phy interface Condition cause : null
2024-07-24 11:45:19,775 [WARN] ConditionMgr:1039 - genDependencies : Invalid condition id : LAN8742 Phy interface Condition cause : null
2024-07-24 11:45:19,783 [WARN] PackLoader:240 - Cannot read IP mode file for STMicroelectronics.X-CUBE-SFXS2LP1.4.0.0
2024-07-24 11:45:19,798 [WARN] ConditionMgr:438 - getConditionDescription Invalid condition id : UX DEVICE CLASS RTOS Condition cause : null
2024-07-24 11:45:19,798 [WARN] ConditionMgr:438 - getConditionDescription Invalid condition id : UX DEVICE CLASS RTOS Condition cause : null
2024-07-24 11:45:19,800 [WARN] PackLoader:240 - Cannot read IP mode file for STMicroelectronics.X-CUBE-AZRTOS-WB.2.0.0
2024-07-24 11:45:19,801 [WARN] ConditionMgr:1039 - genDependencies : Invalid condition id : UX DEVICE CLASS RTOS Condition cause : null
2024-07-24 11:45:19,801 [WARN] ConditionMgr:1039 - genDependencies : Invalid condition id : UX DEVICE CLASS RTOS Condition cause : null
2024-07-24 11:45:19,801 [WARN] ConditionMgr:1039 - genDependencies : Invalid condition id : UX DEVICE CLASS RTOS Condition cause : null
2024-07-24 11:45:19,801 [WARN] ConditionMgr:1039 - genDependencies : Invalid condition id : UX DEVICE CLASS RTOS Condition cause : null
2024-07-24 11:45:19,801 [WARN] ConditionMgr:1039 - genDependencies : Invalid condition id : UX DEVICE CLASS RTOS Condition cause : null
2024-07-24 11:45:19,807 [WARN] PackLoader:240 - Cannot read IP mode file for STMicroelectronics.FP-SNS-STBOX1.2.0.0
2024-07-24 11:45:19,828 [WARN] PackLoader:240 - Cannot read IP mode file for STMicroelectronics.X-CUBE-SUBG2.5.0.0
2024-07-24 11:45:19,836 [WARN] PackLoader:240 - Cannot read IP mode file for Cesanta.I-CUBE-Mongoose.7.13.0
2024-07-24 11:45:19,848 [WARN] PackLoader:240 - Cannot read IP mode file for STMicroelectronics.X-CUBE-AZRTOS-G4.2.0.0
2024-07-24 11:45:19,853 [WARN] PackLoader:240 - Cannot read IP mode file for STMicroelectronics.FP-SNS-MOTENVWB1.1.3.1
2024-07-24 11:45:19,857 [WARN] PackLoader:240 - Cannot read IP mode file for STMicroelectronics.X-CUBE-ISPU.2.0.0
2024-07-24 11:45:19,862 [WARN] PackLoader:240 - Cannot read IP mode file for STMicroelectronics.X-CUBE-ALS.1.0.2
2024-07-24 11:45:19,895 [WARN] PackLoader:240 - Cannot read IP mode file for STMicroelectronics.X-CUBE-MEMS1.10.0.0
2024-07-24 11:45:20,015 [WARN] PackLoader:240 - Cannot read IP mode file for STMicroelectronics.X-CUBE-FREERTOS.1.1.0
2024-07-24 11:45:20,019 [WARN] PackLoader:240 - Cannot read IP mode file for STMicroelectronics.X-CUBE-TOUCHGFX.4.24.0
2024-07-24 11:45:20,025 [WARN] PackLoader:240 - Cannot read IP mode file for portGmbH.I-Cube-SoM-uGOAL.1.1.0
2024-07-24 11:45:20,030 [WARN] PackLoader:240 - Cannot read IP mode file for STMicroelectronics.X-CUBE-ALS.1.0.1
2024-07-24 11:45:20,048 [WARN] PackLoader:240 - Cannot read IP mode file for STMicroelectronics.X-CUBE-AZRTOS-H7RS.1.0.0
2024-07-24 11:45:20,055 [WARN] PackLoader:240 - Cannot read IP mode file for STMicroelectronics.FP-ATR-ASTRA1.2.0.0
2024-07-24 11:45:20,065 [WARN] PackLoader:240 - Cannot read IP mode file for STMicroelectronics.X-CUBE-TOF1.3.4.1
2024-07-24 11:45:20,110 [WARN] PackLoader:240 - Cannot read IP mode file for STMicroelectronics.X-CUBE-AZRTOS-H7.3.2.0
2024-07-24 11:45:20,136 [WARN] PackLoader:240 - Cannot read IP mode file for Infineon.AIROC-Wi-Fi-Bluetooth-STM32.1.6.0
2024-07-24 11:45:20,145 [WARN] PackLoader:240 - Cannot read IP mode file for wolfSSL.I-CUBE-wolfSSH.1.4.17
2024-07-24 11:45:20,146 [INFO] ThirdParty:978 - Integrity check success = true
2024-07-24 11:45:20,146 [INFO] IntegrityCheckThread:100 - exiting critical section [integrity check]
2024-07-24 11:45:20,146 [INFO] IntegrityCheckThread:103 - End integrity checks thread
2024-07-24 13:04:47,579 [ERROR] LogOutputStream:75 - [STDERR_REDIRECT] 
