2024-09-08 14:51:45,352 [INFO] Activator:176 - 


2024-09-08 14:51:45,362 [INFO] Activator:177 - !SESSION log4j initialized
2024-09-08 14:51:52,138 [INFO] LogOutputStream:77 - [STDOUT_REDIRECT] 
2024-09-08 14:51:53,730 [INFO] ApplicationProperties:184 - Using Application install path: C:\ST\STM32CubeIDE_1.4.0\STM32CubeIDE\plugins\com.st.stm32cube.common.mx_6.12.0.202406281431
2024-09-08 14:51:53,765 [INFO] DbMcusXml:78 - Set database path to: C:\ST\STM32CubeIDE_1.4.0\STM32CubeIDE\plugins\com.st.stm32cube.common.mx_6.12.0.202406281431\\db\/mcu/
2024-09-08 14:51:53,766 [INFO] ApiDb:274 - Set plugin database path to: C:\ST\STM32CubeIDE_1.4.0\STM32CubeIDE\plugins\com.st.stm32cube.common.mx_6.12.0.202406281431\\db\/plugins/boardmanager/
2024-09-08 14:51:53,766 [WARN] ApiDb:259 - Overriding images path with different value:  => C:\ST\STM32CubeIDE_1.4.0\STM32CubeIDE\plugins\com.st.stm32cube.common.mx_6.12.0.202406281431\\db\/plugins/mcufinder/images/
2024-09-08 14:51:53,788 [INFO] ApiDb:250 - Set database path to: C:\Users\Abhishek\.stmcufinder\plugins\mcufinder//mcu/
2024-09-08 14:51:53,790 [INFO] DbMcusAds:125 - Set database path to: C:\Users\Abhishek\.stmcufinder\plugins\mcufinder//mcu/
2024-09-08 14:51:53,795 [INFO] CrossReferenceDbSqlite:203 - Set database path to: C:\Users\Abhishek\.stmcufinder\plugins\mcufinder//mcu/cs/
2024-09-08 14:51:53,974 [INFO] RulesReader:64 - Compatibility file has been processed (297 Rules)
2024-09-08 14:51:54,124 [INFO] DbMcusXml:78 - Set database path to: C:\ST\STM32CubeIDE_1.4.0\STM32CubeIDE\plugins\com.st.stm32cube.common.mx_6.12.0.202406281431\\db\/mcu/
2024-09-08 14:51:54,124 [INFO] ApiDb:274 - Set plugin database path to: C:\ST\STM32CubeIDE_1.4.0\STM32CubeIDE\plugins\com.st.stm32cube.common.mx_6.12.0.202406281431\\db\/plugins/boardmanager/
2024-09-08 14:51:54,124 [INFO] ApiDb:261 - Set plugin images path to: C:\ST\STM32CubeIDE_1.4.0\STM32CubeIDE\plugins\com.st.stm32cube.common.mx_6.12.0.202406281431\\db\/plugins/mcufinder/images/
2024-09-08 14:51:54,125 [WARN] DbFile:41 - Overriding database path with different value: C:\Users\Abhishek\.stmcufinder\plugins\mcufinder/ => C:\Users\Abhishek\.stmcufinder\plugins\mcufinder
2024-09-08 14:51:54,125 [INFO] ApiDb:250 - Set database path to: C:\Users\Abhishek\.stmcufinder\plugins\mcufinder//mcu/
2024-09-08 14:51:54,125 [WARN] DbFile:41 - Overriding database path with different value: C:\Users\Abhishek\.stmcufinder\plugins\mcufinder/ => C:\Users\Abhishek\.stmcufinder\plugins\mcufinder
2024-09-08 14:51:54,125 [INFO] DbMcusAds:125 - Set database path to: C:\Users\Abhishek\.stmcufinder\plugins\mcufinder//mcu/
2024-09-08 14:51:54,125 [WARN] DbFile:41 - Overriding database path with different value: C:\Users\Abhishek\.stmcufinder\plugins\mcufinder/ => C:\Users\Abhishek\.stmcufinder\plugins\mcufinder
2024-09-08 14:51:54,125 [WARN] DbFile:41 - Overriding database path with different value: C:\Users\Abhishek\.stmcufinder\plugins\mcufinder/ => C:\Users\Abhishek\.stmcufinder\plugins\mcufinder
2024-09-08 14:51:54,125 [INFO] CrossReferenceDbSqlite:203 - Set database path to: C:\Users\Abhishek\.stmcufinder\plugins\mcufinder//mcu/cs/
2024-09-08 14:51:54,276 [INFO] MainPanel:268 - HeapMemory: 268435456
2024-09-08 14:51:54,500 [INFO] DbMcusXml:78 - Set database path to: C:\ST\STM32CubeIDE_1.4.0\STM32CubeIDE\plugins\com.st.stm32cube.common.mx_6.12.0.202406281431\\db\/mcu/
2024-09-08 14:51:54,500 [INFO] ApiDb:274 - Set plugin database path to: C:\ST\STM32CubeIDE_1.4.0\STM32CubeIDE\plugins\com.st.stm32cube.common.mx_6.12.0.202406281431\\db\/plugins/boardmanager/
2024-09-08 14:51:54,500 [INFO] ApiDb:261 - Set plugin images path to: C:\ST\STM32CubeIDE_1.4.0\STM32CubeIDE\plugins\com.st.stm32cube.common.mx_6.12.0.202406281431\\db\/plugins/mcufinder/images/
2024-09-08 14:51:54,501 [WARN] DbFile:41 - Overriding database path with different value: C:\Users\Abhishek\.stmcufinder\plugins\mcufinder/ => C:\Users\Abhishek\.stmcufinder\plugins\mcufinder
2024-09-08 14:51:54,501 [INFO] ApiDb:250 - Set database path to: C:\Users\Abhishek\.stmcufinder\plugins\mcufinder//mcu/
2024-09-08 14:51:54,501 [WARN] DbFile:41 - Overriding database path with different value: C:\Users\Abhishek\.stmcufinder\plugins\mcufinder/ => C:\Users\Abhishek\.stmcufinder\plugins\mcufinder
2024-09-08 14:51:54,501 [INFO] DbMcusAds:125 - Set database path to: C:\Users\Abhishek\.stmcufinder\plugins\mcufinder//mcu/
2024-09-08 14:51:54,502 [WARN] DbFile:41 - Overriding database path with different value: C:\Users\Abhishek\.stmcufinder\plugins\mcufinder/ => C:\Users\Abhishek\.stmcufinder\plugins\mcufinder
2024-09-08 14:51:54,502 [WARN] DbFile:41 - Overriding database path with different value: C:\Users\Abhishek\.stmcufinder\plugins\mcufinder/ => C:\Users\Abhishek\.stmcufinder\plugins\mcufinder
2024-09-08 14:51:54,502 [INFO] CrossReferenceDbSqlite:203 - Set database path to: C:\Users\Abhishek\.stmcufinder\plugins\mcufinder//mcu/cs/
2024-09-08 14:51:54,530 [INFO] ApplicationProperties:184 - Using Application install path: C:\ST\STM32CubeIDE_1.4.0\STM32CubeIDE\plugins\com.st.stm32cube.common.mx_6.12.0.202406281431
2024-09-08 14:51:54,532 [INFO] PluginManage:196 - Search for loadable plugins [exclusion list=, ]
2024-09-08 14:51:54,535 [INFO] PluginManage:310 - Check plugin analytics
2024-09-08 14:51:54,783 [INFO] AnalyticsPlugin:253 - Accepted Software Licenses: STM32CubeMX.6.1.0,STM32CubeMX.6.4.0,STM32CubeMX.6.2.0,STM32CubeMX.6.10.0
2024-09-08 14:51:54,783 [INFO] AnalyticsPlugin:255 - Accepted CMSIS Pack Licenses: 
2024-09-08 14:51:54,783 [INFO] AnalyticsPlugin:257 - Accepted Firmware Licenses: 
2024-09-08 14:51:54,785 [INFO] PluginManage:359 - Loaded plugin analytics (category:tool,tabindex:-1)
2024-09-08 14:51:54,785 [INFO] PluginManage:310 - Check plugin cadmodel
2024-09-08 14:51:54,799 [INFO] CADModel:105 - Init CAD model plugin
2024-09-08 14:51:54,799 [INFO] PluginManage:359 - Loaded plugin cadmodel (category:power,tabindex:5)
2024-09-08 14:51:54,799 [INFO] PluginManage:310 - Check plugin clock
2024-09-08 14:51:54,820 [INFO] PluginManage:359 - Loaded plugin clock (category:base,tabindex:2)
2024-09-08 14:51:54,820 [INFO] PluginManage:310 - Check plugin ddr
2024-09-08 14:51:54,829 [INFO] PluginManage:359 - Loaded plugin ddr (category:tool,tabindex:6)
2024-09-08 14:51:54,829 [INFO] PluginManage:310 - Check plugin filemanager
2024-09-08 14:51:55,030 [INFO] PluginManage:359 - Loaded plugin filemanager (category:base,tabindex:10)
2024-09-08 14:51:55,030 [INFO] PluginManage:310 - Check plugin ipmanager
2024-09-08 14:51:55,039 [INFO] PluginManage:359 - Loaded plugin ipmanager (category:base,tabindex:5)
2024-09-08 14:51:55,040 [INFO] PluginManage:310 - Check plugin lpbam
2024-09-08 14:51:55,068 [INFO] PluginManage:359 - Loaded plugin lpbam (category:base,tabindex:0)
2024-09-08 14:51:55,069 [INFO] PluginManage:310 - Check plugin memorymap
2024-09-08 14:51:55,103 [INFO] PluginManage:359 - Loaded plugin memorymap (category:base,tabindex:4)
2024-09-08 14:51:55,103 [INFO] PluginManage:310 - Check plugin pinoutandconfiguration
2024-09-08 14:51:55,117 [INFO] PluginManage:359 - Loaded plugin pinoutandconfiguration (category:base,tabindex:1)
2024-09-08 14:51:55,117 [INFO] PluginManage:310 - Check plugin pinoutconfig
2024-09-08 14:51:55,256 [WARN] SupportedApi:132 - Cannot load RTOS API schema: s4s-elt-must-match.1: The content of 'definitions' must match (annotation?, (simpleType | complexType)?, (unique | key | keyref)*)). A problem was found starting at: attribute.
2024-09-08 14:51:55,417 [INFO] PluginManage:359 - Loaded plugin pinoutconfig (category:base,tabindex:0)
2024-09-08 14:51:55,417 [INFO] PluginManage:310 - Check plugin power
2024-09-08 14:51:55,439 [INFO] PluginManage:359 - Loaded plugin power (category:power,tabindex:4)
2024-09-08 14:51:55,440 [INFO] PluginManage:310 - Check plugin projectmanager
2024-09-08 14:51:55,456 [INFO] PluginManage:359 - Loaded plugin projectmanager (category:projectmanager,tabindex:4)
2024-09-08 14:51:55,457 [INFO] PluginManage:310 - Check plugin rif
2024-09-08 14:51:55,515 [INFO] PluginManage:359 - Loaded plugin rif (category:base,tabindex:3)
2024-09-08 14:51:55,515 [INFO] PluginManage:310 - Check plugin thirdparty
2024-09-08 14:51:55,718 [WARN] IntegrityCheckThread:84 - waiting for thirdparty lock release [integrity check]
2024-09-08 14:51:55,718 [INFO] PluginManage:359 - Loaded plugin thirdparty (category:base,tabindex:-1)
2024-09-08 14:51:55,719 [INFO] IntegrityCheckThread:86 - entering critical section [integrity check]
2024-09-08 14:51:55,719 [INFO] PluginManage:310 - Check plugin tools
2024-09-08 14:51:55,719 [INFO] ThirdPartyUpdaterWithRetryManager:70 - Updater plugin not ready yet. [1/15]
2024-09-08 14:51:55,724 [INFO] PluginManage:359 - Loaded plugin tools (category:base,tabindex:7)
2024-09-08 14:51:55,724 [INFO] PluginManage:310 - Check plugin tutovideos
2024-09-08 14:51:56,022 [INFO] PluginManage:359 - Loaded plugin tutovideos (category:base,tabindex:-1)
2024-09-08 14:51:56,022 [INFO] PluginManage:310 - Check plugin updater
2024-09-08 14:51:56,053 [INFO] PluginManage:359 - Loaded plugin updater (category:base,tabindex:12)
2024-09-08 14:51:56,053 [INFO] PluginManage:310 - Check plugin userauth
2024-09-08 14:51:56,066 [INFO] UserAuth:113 - Init User Auth plugin
2024-09-08 14:51:56,067 [INFO] PluginManage:359 - Loaded plugin userauth (category:base,tabindex:14)
2024-09-08 14:51:56,067 [INFO] PluginManage:283 - PluginManage : Loaded plugins [18]
2024-09-08 14:51:56,510 [INFO] PinOutPanel:1561 - setPackage(No Configuration,No Configuration)
2024-09-08 14:51:56,620 [INFO] CADModel:165 - CPN selected for project level
2024-09-08 14:51:56,620 [INFO] CADModel:114 - Register for checkConnection events
2024-09-08 14:51:56,650 [INFO] IPUIPlugin:80 - create IPUIPlugin
2024-09-08 14:51:56,650 [INFO] PluginManager:220 - loadIPPluginJar : add adc
2024-09-08 14:51:56,655 [INFO] IPUIPlugin:80 - create IPUIPlugin
2024-09-08 14:51:56,656 [INFO] PluginManager:220 - loadIPPluginJar : add aes
2024-09-08 14:51:56,662 [INFO] IPUIPlugin:80 - create IPUIPlugin
2024-09-08 14:51:56,662 [INFO] PluginManager:220 - loadIPPluginJar : add can
2024-09-08 14:51:56,667 [INFO] IPUIPlugin:80 - create IPUIPlugin
2024-09-08 14:51:56,667 [INFO] PluginManager:220 - loadIPPluginJar : add comp
2024-09-08 14:51:56,672 [INFO] IPUIPlugin:80 - create IPUIPlugin
2024-09-08 14:51:56,672 [INFO] PluginManager:220 - loadIPPluginJar : add cryp
2024-09-08 14:51:56,679 [INFO] IPUIPlugin:80 - create IPUIPlugin
2024-09-08 14:51:56,679 [INFO] PluginManager:220 - loadIPPluginJar : add ddr_ctrl_phy
2024-09-08 14:51:56,684 [INFO] IPUIPlugin:80 - create IPUIPlugin
2024-09-08 14:51:56,684 [INFO] PluginManager:220 - loadIPPluginJar : add dfsdm
2024-09-08 14:51:56,697 [INFO] IPUIPlugin:80 - create IPUIPlugin
2024-09-08 14:51:56,698 [INFO] PluginManager:220 - loadIPPluginJar : add dma
2024-09-08 14:51:56,703 [INFO] IPUIPlugin:80 - create IPUIPlugin
2024-09-08 14:51:56,703 [INFO] PluginManager:220 - loadIPPluginJar : add dma3
2024-09-08 14:51:56,709 [INFO] IPUIPlugin:80 - create IPUIPlugin
2024-09-08 14:51:56,709 [INFO] PluginManager:220 - loadIPPluginJar : add extmemmanager
2024-09-08 14:51:56,713 [INFO] IPUIPlugin:80 - create IPUIPlugin
2024-09-08 14:51:56,713 [INFO] PluginManager:220 - loadIPPluginJar : add fatfs
2024-09-08 14:51:56,721 [INFO] IPUIPlugin:80 - create IPUIPlugin
2024-09-08 14:51:56,721 [INFO] PluginManager:220 - loadIPPluginJar : add fmc
2024-09-08 14:51:56,765 [INFO] IPUIPlugin:80 - create IPUIPlugin
2024-09-08 14:51:56,765 [INFO] PluginManager:220 - loadIPPluginJar : add freertos
2024-09-08 14:51:56,770 [INFO] IPUIPlugin:80 - create IPUIPlugin
2024-09-08 14:51:56,770 [INFO] PluginManager:220 - loadIPPluginJar : add genericplugin
2024-09-08 14:51:56,777 [INFO] IPUIPlugin:80 - create IPUIPlugin
2024-09-08 14:51:56,778 [INFO] PluginManager:220 - loadIPPluginJar : add gfxmmu
2024-09-08 14:51:56,788 [INFO] IPUIPlugin:80 - create IPUIPlugin
2024-09-08 14:51:56,788 [INFO] PluginManager:220 - loadIPPluginJar : add gic
2024-09-08 14:51:56,806 [INFO] IPUIPlugin:80 - create IPUIPlugin
2024-09-08 14:51:56,806 [INFO] PluginManager:220 - loadIPPluginJar : add gpio
2024-09-08 14:51:56,815 [INFO] IPUIPlugin:80 - create IPUIPlugin
2024-09-08 14:51:56,815 [INFO] PluginManager:220 - loadIPPluginJar : add gtzc
2024-09-08 14:51:56,821 [INFO] IPUIPlugin:80 - create IPUIPlugin
2024-09-08 14:51:56,821 [INFO] PluginManager:220 - loadIPPluginJar : add hash
2024-09-08 14:51:56,828 [INFO] IPUIPlugin:80 - create IPUIPlugin
2024-09-08 14:51:56,828 [INFO] PluginManager:220 - loadIPPluginJar : add i2c
2024-09-08 14:51:56,835 [INFO] IPUIPlugin:80 - create IPUIPlugin
2024-09-08 14:51:56,835 [INFO] PluginManager:220 - loadIPPluginJar : add i2s
2024-09-08 14:51:56,841 [INFO] IPUIPlugin:80 - create IPUIPlugin
2024-09-08 14:51:56,841 [INFO] PluginManager:220 - loadIPPluginJar : add i3c
2024-09-08 14:51:56,850 [INFO] IPUIPlugin:80 - create IPUIPlugin
2024-09-08 14:51:56,850 [INFO] PluginManager:220 - loadIPPluginJar : add ipddr
2024-09-08 14:51:56,866 [INFO] IPUIPlugin:80 - create IPUIPlugin
2024-09-08 14:51:56,866 [INFO] PluginManager:220 - loadIPPluginJar : add linkedlist
2024-09-08 14:51:56,871 [INFO] IPUIPlugin:80 - create IPUIPlugin
2024-09-08 14:51:56,871 [INFO] PluginManager:220 - loadIPPluginJar : add lorawan
2024-09-08 14:51:56,877 [INFO] IPUIPlugin:80 - create IPUIPlugin
2024-09-08 14:51:56,877 [INFO] PluginManager:220 - loadIPPluginJar : add ltdc
2024-09-08 14:51:56,898 [INFO] IPUIPlugin:80 - create IPUIPlugin
2024-09-08 14:51:56,898 [INFO] PluginManager:220 - loadIPPluginJar : add mdma
2024-09-08 14:51:56,915 [INFO] IPUIPlugin:80 - create IPUIPlugin
2024-09-08 14:51:56,915 [INFO] PluginManager:220 - loadIPPluginJar : add nvic
2024-09-08 14:51:56,922 [INFO] IPUIPlugin:80 - create IPUIPlugin
2024-09-08 14:51:56,922 [INFO] PluginManager:220 - loadIPPluginJar : add opamp
2024-09-08 14:51:56,928 [INFO] IPUIPlugin:80 - create IPUIPlugin
2024-09-08 14:51:56,929 [INFO] PluginManager:220 - loadIPPluginJar : add openamp
2024-09-08 14:51:56,936 [INFO] IPUIPlugin:80 - create IPUIPlugin
2024-09-08 14:51:56,936 [INFO] PluginManager:220 - loadIPPluginJar : add pdm2pcm
2024-09-08 14:51:56,953 [INFO] IPUIPlugin:80 - create IPUIPlugin
2024-09-08 14:51:56,955 [INFO] PluginManager:220 - loadIPPluginJar : add plateformsettings
2024-09-08 14:51:56,959 [INFO] IPUIPlugin:80 - create IPUIPlugin
2024-09-08 14:51:56,959 [INFO] PluginManager:220 - loadIPPluginJar : add quadspi
2024-09-08 14:51:56,963 [INFO] IPUIPlugin:80 - create IPUIPlugin
2024-09-08 14:51:56,964 [INFO] PluginManager:220 - loadIPPluginJar : add radio
2024-09-08 14:51:57,019 [INFO] IPUIPlugin:80 - create IPUIPlugin
2024-09-08 14:51:57,019 [INFO] PluginManager:220 - loadIPPluginJar : add resmgrutility
2024-09-08 14:51:57,028 [INFO] IPUIPlugin:80 - create IPUIPlugin
2024-09-08 14:51:57,028 [INFO] PluginManager:220 - loadIPPluginJar : add sai
2024-09-08 14:51:57,034 [INFO] IPUIPlugin:80 - create IPUIPlugin
2024-09-08 14:51:57,034 [INFO] PluginManager:220 - loadIPPluginJar : add spi
2024-09-08 14:51:57,045 [INFO] IPUIPlugin:80 - create IPUIPlugin
2024-09-08 14:51:57,045 [INFO] PluginManager:220 - loadIPPluginJar : add stm32_wpan
2024-09-08 14:51:57,050 [INFO] IPUIPlugin:80 - create IPUIPlugin
2024-09-08 14:51:57,050 [INFO] PluginManager:220 - loadIPPluginJar : add tim
2024-09-08 14:51:57,058 [INFO] IPUIPlugin:80 - create IPUIPlugin
2024-09-08 14:51:57,059 [INFO] PluginManager:220 - loadIPPluginJar : add touchsensing
2024-09-08 14:51:57,064 [INFO] IPUIPlugin:80 - create IPUIPlugin
2024-09-08 14:51:57,064 [INFO] PluginManager:220 - loadIPPluginJar : add tracer_emb
2024-09-08 14:51:57,069 [INFO] IPUIPlugin:80 - create IPUIPlugin
2024-09-08 14:51:57,069 [INFO] PluginManager:220 - loadIPPluginJar : add ts
2024-09-08 14:51:57,073 [INFO] IPUIPlugin:80 - create IPUIPlugin
2024-09-08 14:51:57,073 [INFO] PluginManager:220 - loadIPPluginJar : add tsc
2024-09-08 14:51:57,079 [INFO] IPUIPlugin:80 - create IPUIPlugin
2024-09-08 14:51:57,079 [INFO] PluginManager:220 - loadIPPluginJar : add ucpd
2024-09-08 14:51:57,086 [INFO] IPUIPlugin:80 - create IPUIPlugin
2024-09-08 14:51:57,086 [INFO] PluginManager:220 - loadIPPluginJar : add usart
2024-09-08 14:51:57,093 [INFO] IPUIPlugin:80 - create IPUIPlugin
2024-09-08 14:51:57,094 [INFO] PluginManager:220 - loadIPPluginJar : add usbx
2024-09-08 14:51:57,236 [INFO] CADModel:165 - CPN selected for project level
2024-09-08 14:51:57,236 [INFO] CADModel:114 - Register for checkConnection events
2024-09-08 14:51:57,236 [FATAL] Updater:334 - Updater called before beeing initialized
2024-09-08 14:51:57,236 [ERROR] CADModel:125 - Updater not yet initialized, retry later 
2024-09-08 14:51:57,418 [INFO] CADModel:165 - CPN selected for project level
2024-09-08 14:51:57,418 [INFO] CADModel:114 - Register for checkConnection events
2024-09-08 14:51:57,418 [FATAL] Updater:334 - Updater called before beeing initialized
2024-09-08 14:51:57,418 [ERROR] CADModel:125 - Updater not yet initialized, retry later 
2024-09-08 14:51:57,421 [FATAL] Updater:334 - Updater called before beeing initialized
2024-09-08 14:51:57,555 [FATAL] Updater:334 - Updater called before beeing initialized
2024-09-08 14:51:57,559 [INFO] DbMcusAds:53 - JSON generation date=Thu May 16 14:52:00 IST 2024 (1715851320667)
2024-09-08 14:51:57,559 [FATAL] Updater:334 - Updater called before beeing initialized
2024-09-08 14:51:57,615 [WARN] DetailPanel:346 - Failed to get advertising image, set to default
2024-09-08 14:51:57,711 [FATAL] Updater:334 - Updater called before beeing initialized
2024-09-08 14:51:57,713 [FATAL] Updater:334 - Updater called before beeing initialized
2024-09-08 14:51:57,714 [FATAL] Updater:334 - Updater called before beeing initialized
2024-09-08 14:51:57,714 [WARN] DetailPanel:346 - Failed to get advertising image, set to default
2024-09-08 14:51:57,715 [FATAL] Updater:334 - Updater called before beeing initialized
2024-09-08 14:51:57,789 [ERROR] Updater:1164 - MainUpdater not yet initialized. External WinMGr cannot be set.
2024-09-08 14:51:57,794 [INFO] Updater:1100 - Updater Version found : 6.12.0
2024-09-08 14:51:57,818 [INFO] ApplicationProperties:184 - Using Application install path: C:\ST\STM32CubeIDE_1.4.0\STM32CubeIDE\plugins\com.st.stm32cube.common.mx_6.12.0.202406281431
2024-09-08 14:51:58,425 [INFO] MainUpdater:2873 - connection check result : 10
2024-09-08 14:51:58,426 [INFO] MainUpdater:290 - Updater Check For Update Now.
2024-09-08 14:51:58,426 [INFO] MicroXplorer:498 - Change Database Version : DB.6.0.120
2024-09-08 14:51:58,437 [INFO] McuFinderGlobals:63 - Set McuFinder mode to 2 (CubeIDE integrated)
2024-09-08 14:51:58,440 [INFO] UserAuth:417 - Internet connection configuration mode: 1
2024-09-08 14:51:58,474 [INFO] JxBrowserEngine:152 - Initiate JxBrowser Engine with user profile folder
2024-09-08 14:51:58,669 [INFO] CheckServerUpdateThread:120 - End of CheckServer Thread
2024-09-08 14:51:59,017 [WARN] PackLoader:240 - Cannot read IP mode file for STMicroelectronics.FP-SNS-MOTENVWB1.1.4.0
2024-09-08 14:51:59,033 [WARN] PackLoader:240 - Cannot read IP mode file for STMicroelectronics.X-CUBE-SMBUS.2.1.0
2024-09-08 14:51:59,040 [WARN] PackLoader:240 - Cannot read IP mode file for STMicroelectronics.X-CUBE-TOUCHGFX.4.23.2
2024-09-08 14:51:59,091 [WARN] PackLoader:240 - Cannot read IP mode file for STMicroelectronics.X-CUBE-AZRTOS-F7.1.1.0
2024-09-08 14:52:00,058 [WARN] PackLoader:240 - Cannot read IP mode file for STMicroelectronics.X-CUBE-MEMS1.11.0.0
2024-09-08 14:52:00,361 [WARN] PackLoader:240 - Cannot read IP mode file for STMicroelectronics.FP-SNS-FLIGHT1.5.0.2
2024-09-08 14:52:00,374 [WARN] PackLoader:240 - Cannot read IP mode file for STMicroelectronics.X-CUBE-DISPLAY.3.0.0
2024-09-08 14:52:00,391 [WARN] PackLoader:240 - Cannot read IP mode file for STMicroelectronics.X-CUBE-BLE1.7.0.0
2024-09-08 14:52:00,401 [WARN] PackLoader:240 - Cannot read IP mode file for emotas.I-CUBE-CANOPEN.1.3.0
2024-09-08 14:52:00,417 [WARN] PackLoader:240 - Cannot read IP mode file for STMicroelectronics.X-CUBE-BLEMGR.3.1.0
2024-09-08 14:52:00,430 [WARN] PackLoader:240 - Cannot read IP mode file for STMicroelectronics.FP-SNS-SMARTAG2.1.2.0
2024-09-08 14:52:00,461 [INFO] LogOutputStream:77 - [STDOUT_REDIRECT] 1 : Invalid condition id : UX_CORESTACK_Condition cause : null
2024-09-08 14:52:00,462 [INFO] LogOutputStream:77 - [STDOUT_REDIRECT] 1 : Invalid condition id : UX_CORESTACK_Condition cause : null
2024-09-08 14:52:00,464 [INFO] LogOutputStream:77 - [STDOUT_REDIRECT] 1 : Invalid condition id : UX_CORESTACK_Condition cause : null
2024-09-08 14:52:00,467 [INFO] LogOutputStream:77 - [STDOUT_REDIRECT] 1 : Invalid condition id : UX_CORESTACK_Condition cause : null
2024-09-08 14:52:00,469 [INFO] LogOutputStream:77 - [STDOUT_REDIRECT] 1 : Invalid condition id : UX_CORESTACK_Condition cause : null
2024-09-08 14:52:00,474 [WARN] PackLoader:240 - Cannot read IP mode file for STMicroelectronics.X-CUBE-AZRTOS-WL.2.0.0
2024-09-08 14:52:00,485 [WARN] PackLoader:240 - Cannot read IP mode file for STMicroelectronics.FP-SNS-MOTENV1.5.0.0
2024-09-08 14:52:00,495 [WARN] PackLoader:240 - Cannot read IP mode file for wolfSSL.I-CUBE-wolfMQTT.1.19.0
2024-09-08 14:52:00,512 [WARN] PackLoader:240 - Cannot read IP mode file for WES.I-CUBE-Cesium.1.3.0
2024-09-08 14:52:00,526 [WARN] PackLoader:240 - Cannot read IP mode file for STMicroelectronics.X-CUBE-BLE2.3.3.0
2024-09-08 14:52:00,537 [WARN] PackLoader:240 - Cannot read IP mode file for STMicroelectronics.X-CUBE-TCPP.4.1.0
2024-09-08 14:52:00,553 [WARN] PackLoader:240 - Cannot read IP mode file for STMicroelectronics.X-CUBE-ALGOBUILD.1.3.0
2024-09-08 14:52:00,609 [WARN] PackLoader:240 - Cannot read IP mode file for STMicroelectronics.X-CUBE-AZRTOS-G0.1.1.0
2024-09-08 14:52:00,633 [WARN] PackLoader:240 - Cannot read IP mode file for STMicroelectronics.X-CUBE-SAFEA1.1.2.2
2024-09-08 14:52:00,643 [WARN] PackLoader:240 - Cannot read IP mode file for STMicroelectronics.X-CUBE-NFC4.3.0.0
2024-09-08 14:52:00,659 [WARN] PackLoader:240 - Cannot read IP mode file for EmbeddedOffice.I-CUBE-FS-RTOS.1.0.1
2024-09-08 14:52:00,661 [ERROR] ConditionMgr:805 - Attr not supported : Dmpu
2024-09-08 14:52:00,661 [ERROR] ConditionMgr:805 - Attr not supported : Dmpu
2024-09-08 14:52:00,661 [ERROR] ConditionMgr:805 - Attr not supported : Dmpu
2024-09-08 14:52:00,661 [ERROR] ConditionMgr:805 - Attr not supported : Dmpu
2024-09-08 14:52:00,662 [ERROR] ConditionMgr:805 - Attr not supported : Dmpu
2024-09-08 14:52:00,662 [ERROR] ConditionMgr:805 - Attr not supported : Dmpu
2024-09-08 14:52:00,662 [ERROR] ConditionMgr:805 - Attr not supported : Dmpu
2024-09-08 14:52:00,663 [ERROR] ConditionMgr:805 - Attr not supported : Dmpu
2024-09-08 14:52:00,663 [ERROR] ConditionMgr:805 - Attr not supported : Dmpu
2024-09-08 14:52:00,663 [ERROR] ConditionMgr:805 - Attr not supported : Dmpu
2024-09-08 14:52:00,663 [ERROR] ConditionMgr:805 - Attr not supported : Dmpu
2024-09-08 14:52:00,664 [ERROR] ConditionMgr:805 - Attr not supported : Dmpu
2024-09-08 14:52:00,664 [ERROR] ConditionMgr:805 - Attr not supported : Dmpu
2024-09-08 14:52:00,664 [ERROR] ConditionMgr:805 - Attr not supported : Dmpu
2024-09-08 14:52:00,664 [ERROR] ConditionMgr:805 - Attr not supported : Dmpu
2024-09-08 14:52:00,664 [ERROR] ConditionMgr:805 - Attr not supported : Dmpu
2024-09-08 14:52:00,664 [ERROR] ConditionMgr:805 - Attr not supported : Dmpu
2024-09-08 14:52:00,664 [ERROR] ConditionMgr:805 - Attr not supported : Dmpu
2024-09-08 14:52:00,665 [ERROR] ConditionMgr:805 - Attr not supported : Dmpu
2024-09-08 14:52:00,665 [ERROR] ConditionMgr:805 - Attr not supported : Dmpu
2024-09-08 14:52:00,665 [ERROR] ConditionMgr:805 - Attr not supported : Dmpu
2024-09-08 14:52:00,665 [ERROR] ConditionMgr:805 - Attr not supported : Dmpu
2024-09-08 14:52:00,665 [ERROR] ConditionMgr:805 - Attr not supported : Dmpu
2024-09-08 14:52:00,665 [ERROR] ConditionMgr:805 - Attr not supported : Dmpu
2024-09-08 14:52:00,665 [ERROR] ConditionMgr:805 - Attr not supported : Dmpu
2024-09-08 14:52:00,665 [ERROR] ConditionMgr:805 - Attr not supported : Dmpu
2024-09-08 14:52:00,666 [ERROR] ConditionMgr:805 - Attr not supported : Dmpu
2024-09-08 14:52:00,666 [ERROR] ConditionMgr:805 - Attr not supported : Dmpu
2024-09-08 14:52:00,666 [ERROR] ConditionMgr:805 - Attr not supported : Dmpu
2024-09-08 14:52:00,667 [ERROR] ConditionMgr:805 - Attr not supported : Dmpu
2024-09-08 14:52:00,667 [ERROR] ConditionMgr:805 - Attr not supported : Dmpu
2024-09-08 14:52:00,667 [ERROR] ConditionMgr:805 - Attr not supported : Dmpu
2024-09-08 14:52:00,667 [ERROR] ConditionMgr:805 - Attr not supported : Dmpu
2024-09-08 14:52:00,667 [ERROR] ConditionMgr:805 - Attr not supported : Dmpu
2024-09-08 14:52:00,667 [ERROR] ConditionMgr:805 - Attr not supported : Dmpu
2024-09-08 14:52:00,668 [ERROR] ConditionMgr:805 - Attr not supported : Dmpu
2024-09-08 14:52:00,668 [ERROR] ConditionMgr:805 - Attr not supported : Dmpu
2024-09-08 14:52:00,668 [ERROR] ConditionMgr:805 - Attr not supported : Dmpu
2024-09-08 14:52:00,668 [ERROR] ConditionMgr:805 - Attr not supported : Dmpu
2024-09-08 14:52:00,669 [ERROR] ConditionMgr:805 - Attr not supported : Dmpu
2024-09-08 14:52:00,669 [ERROR] ConditionMgr:805 - Attr not supported : Dmpu
2024-09-08 14:52:00,669 [ERROR] ConditionMgr:805 - Attr not supported : Dmpu
2024-09-08 14:52:00,669 [ERROR] ConditionMgr:805 - Attr not supported : Dmpu
2024-09-08 14:52:00,669 [ERROR] ConditionMgr:805 - Attr not supported : Dmpu
2024-09-08 14:52:00,669 [ERROR] ConditionMgr:805 - Attr not supported : Dmpu
2024-09-08 14:52:00,670 [ERROR] ConditionMgr:805 - Attr not supported : Dmpu
2024-09-08 14:52:00,670 [ERROR] ConditionMgr:805 - Attr not supported : Dmpu
2024-09-08 14:52:00,670 [ERROR] ConditionMgr:805 - Attr not supported : Dmpu
2024-09-08 14:52:00,670 [ERROR] ConditionMgr:805 - Attr not supported : Dmpu
2024-09-08 14:52:00,670 [ERROR] ConditionMgr:805 - Attr not supported : Dmpu
2024-09-08 14:52:00,670 [ERROR] ConditionMgr:805 - Attr not supported : Dmpu
2024-09-08 14:52:00,670 [ERROR] ConditionMgr:805 - Attr not supported : Dmpu
2024-09-08 14:52:00,671 [ERROR] ConditionMgr:805 - Attr not supported : Dmpu
2024-09-08 14:52:00,671 [ERROR] ConditionMgr:805 - Attr not supported : Dmpu
2024-09-08 14:52:00,671 [ERROR] ConditionMgr:805 - Attr not supported : Dmpu
2024-09-08 14:52:00,671 [ERROR] ConditionMgr:805 - Attr not supported : Dmpu
2024-09-08 14:52:00,671 [ERROR] ConditionMgr:805 - Attr not supported : Dmpu
2024-09-08 14:52:00,671 [ERROR] ConditionMgr:805 - Attr not supported : Dmpu
2024-09-08 14:52:00,671 [ERROR] ConditionMgr:805 - Attr not supported : Dmpu
2024-09-08 14:52:00,671 [ERROR] ConditionMgr:805 - Attr not supported : Dmpu
2024-09-08 14:52:00,671 [ERROR] ConditionMgr:805 - Attr not supported : Dmpu
2024-09-08 14:52:00,672 [ERROR] ConditionMgr:805 - Attr not supported : Dmpu
2024-09-08 14:52:00,672 [ERROR] ConditionMgr:805 - Attr not supported : Dmpu
2024-09-08 14:52:00,672 [ERROR] ConditionMgr:805 - Attr not supported : Dmpu
2024-09-08 14:52:00,684 [WARN] PackLoader:240 - Cannot read IP mode file for RealThread.X-CUBE-RT-Thread_Nano.4.1.1
2024-09-08 14:52:00,705 [WARN] PackLoader:240 - Cannot read IP mode file for wolfSSL.I-CUBE-wolfSSL.5.7.0
2024-09-08 14:52:00,714 [WARN] PackLoader:240 - Cannot read IP mode file for STMicroelectronics.FP-ATR-SIGFOX1.3.2.0
2024-09-08 14:52:00,734 [WARN] PackLoader:240 - Cannot read IP mode file for STMicroelectronics.X-CUBE-EEPRMA1.5.1.0
2024-09-08 14:52:00,795 [WARN] PackLoader:240 - Cannot read IP mode file for ITTIA_DB.I-CUBE-ITTIADB.8.9.0
2024-09-08 14:52:00,858 [WARN] PackLoader:240 - Cannot read IP mode file for SEGGER.I-CUBE-embOS.1.3.1
2024-09-08 14:52:00,929 [WARN] PackLoader:240 - Cannot read IP mode file for STMicroelectronics.X-CUBE-ALGOBUILD.1.4.0
2024-09-08 14:52:00,995 [WARN] PackLoader:240 - Cannot read IP mode file for STMicroelectronics.X-CUBE-GNSS1.6.0.0
2024-09-08 14:52:01,032 [WARN] PackLoader:240 - Cannot read IP mode file for STMicroelectronics.X-CUBE-AZRTOS-F4.1.1.0
2024-09-08 14:52:01,049 [WARN] PackLoader:240 - Cannot read IP mode file for STMicroelectronics.X-CUBE-FREERTOS.1.2.0
2024-09-08 14:52:01,080 [WARN] PackLoader:240 - Cannot read IP mode file for STMicroelectronics.X-CUBE-AZRTOS-L5.2.0.0
2024-09-08 14:52:01,100 [WARN] PackLoader:240 - Cannot read IP mode file for STMicroelectronics.X-CUBE-NFC6.3.1.0
2024-09-08 14:52:01,116 [WARN] PackLoader:240 - Cannot read IP mode file for STMicroelectronics.X-CUBE-DPower.1.2.0
2024-09-08 14:52:01,127 [WARN] PackLoader:240 - Cannot read IP mode file for STMicroelectronics.X-CUBE-AI.9.0.0
2024-09-08 14:52:01,139 [WARN] PackLoader:240 - Cannot read IP mode file for STMicroelectronics.X-CUBE-NFC7.1.0.1
2024-09-08 14:52:01,145 [WARN] PackLoader:240 - Cannot read IP mode file for wolfSSL.I-CUBE-wolfTPM.3.2.0
2024-09-08 14:52:01,149 [INFO] WebApp:167 - Instantiating new browser for Auth
2024-09-08 14:52:01,151 [WARN] PackLoader:240 - Cannot read IP mode file for STMicroelectronics.X-CUBE-AI.8.1.0
2024-09-08 14:52:01,176 [WARN] ConditionMgr:438 - getConditionDescription Invalid condition id : LAN8742 Phy interface Condition cause : null
2024-09-08 14:52:01,177 [WARN] PackLoader:240 - Cannot read IP mode file for STMicroelectronics.X-CUBE-AZRTOS-L4.2.0.0
2024-09-08 14:52:01,179 [WARN] ConditionMgr:1039 - genDependencies : Invalid condition id : LAN8742 Phy interface Condition cause : null
2024-09-08 14:52:01,179 [WARN] ConditionMgr:1039 - genDependencies : Invalid condition id : LAN8742 Phy interface Condition cause : null
2024-09-08 14:52:01,180 [WARN] ConditionMgr:1039 - genDependencies : Invalid condition id : LAN8742 Phy interface Condition cause : null
2024-09-08 14:52:01,194 [WARN] PackLoader:240 - Cannot read IP mode file for STMicroelectronics.X-CUBE-SFXS2LP1.4.0.0
2024-09-08 14:52:01,233 [WARN] PackLoader:240 - Cannot read IP mode file for STMicroelectronics.X-CUBE-AZRTOS-H7.3.3.0
2024-09-08 14:52:01,267 [WARN] ConditionMgr:438 - getConditionDescription Invalid condition id : UX DEVICE CLASS RTOS Condition cause : null
2024-09-08 14:52:01,267 [WARN] ConditionMgr:438 - getConditionDescription Invalid condition id : UX DEVICE CLASS RTOS Condition cause : null
2024-09-08 14:52:01,270 [WARN] PackLoader:240 - Cannot read IP mode file for STMicroelectronics.X-CUBE-AZRTOS-WB.2.0.0
2024-09-08 14:52:01,271 [WARN] ConditionMgr:1039 - genDependencies : Invalid condition id : UX DEVICE CLASS RTOS Condition cause : null
2024-09-08 14:52:01,271 [WARN] ConditionMgr:1039 - genDependencies : Invalid condition id : UX DEVICE CLASS RTOS Condition cause : null
2024-09-08 14:52:01,272 [WARN] ConditionMgr:1039 - genDependencies : Invalid condition id : UX DEVICE CLASS RTOS Condition cause : null
2024-09-08 14:52:01,272 [WARN] ConditionMgr:1039 - genDependencies : Invalid condition id : UX DEVICE CLASS RTOS Condition cause : null
2024-09-08 14:52:01,272 [WARN] ConditionMgr:1039 - genDependencies : Invalid condition id : UX DEVICE CLASS RTOS Condition cause : null
2024-09-08 14:52:01,293 [WARN] PackLoader:240 - Cannot read IP mode file for STMicroelectronics.FP-SNS-STBOX1.2.0.0
2024-09-08 14:52:01,315 [WARN] PackLoader:240 - Cannot read IP mode file for STMicroelectronics.X-CUBE-SUBG2.5.0.0
2024-09-08 14:52:01,331 [WARN] PackLoader:240 - Cannot read IP mode file for Cesanta.I-CUBE-Mongoose.7.13.0
2024-09-08 14:52:01,355 [WARN] PackLoader:240 - Cannot read IP mode file for STMicroelectronics.X-CUBE-AZRTOS-G4.2.0.0
2024-09-08 14:52:01,362 [WARN] PackLoader:240 - Cannot read IP mode file for STMicroelectronics.FP-SNS-MOTENVWB1.1.3.1
2024-09-08 14:52:01,368 [WARN] PackLoader:240 - Cannot read IP mode file for STMicroelectronics.X-CUBE-ISPU.2.0.0
2024-09-08 14:52:01,376 [WARN] PackLoader:240 - Cannot read IP mode file for STMicroelectronics.X-CUBE-ALS.1.0.2
2024-09-08 14:52:01,430 [WARN] PackLoader:240 - Cannot read IP mode file for STMicroelectronics.X-CUBE-MEMS1.10.0.0
2024-09-08 14:52:01,597 [WARN] PackLoader:240 - Cannot read IP mode file for STMicroelectronics.X-CUBE-FREERTOS.1.1.0
2024-09-08 14:52:01,603 [WARN] PackLoader:240 - Cannot read IP mode file for STMicroelectronics.X-CUBE-TOUCHGFX.4.24.0
2024-09-08 14:52:01,615 [WARN] PackLoader:240 - Cannot read IP mode file for portGmbH.I-Cube-SoM-uGOAL.1.1.0
2024-09-08 14:52:01,621 [WARN] PackLoader:240 - Cannot read IP mode file for STMicroelectronics.X-CUBE-ALS.1.0.1
2024-09-08 14:52:01,675 [WARN] PackLoader:240 - Cannot read IP mode file for STMicroelectronics.X-CUBE-AZRTOS-H7RS.1.0.0
2024-09-08 14:52:01,687 [WARN] PackLoader:240 - Cannot read IP mode file for STMicroelectronics.FP-ATR-ASTRA1.2.0.0
2024-09-08 14:52:01,707 [WARN] PackLoader:240 - Cannot read IP mode file for STMicroelectronics.X-CUBE-TOF1.3.4.2
2024-09-08 14:52:01,750 [WARN] PackLoader:240 - Cannot read IP mode file for STMicroelectronics.X-CUBE-TOF1.3.4.1
2024-09-08 14:52:01,796 [WARN] PackLoader:240 - Cannot read IP mode file for STMicroelectronics.X-CUBE-AZRTOS-H7.3.2.0
2024-09-08 14:52:01,817 [WARN] PackLoader:240 - Cannot read IP mode file for Infineon.AIROC-Wi-Fi-Bluetooth-STM32.1.6.0
2024-09-08 14:52:01,826 [WARN] PackLoader:240 - Cannot read IP mode file for wolfSSL.I-CUBE-wolfSSH.1.4.17
2024-09-08 14:52:01,827 [INFO] ThirdParty:978 - Integrity check success = true
2024-09-08 14:52:01,827 [INFO] IntegrityCheckThread:100 - exiting critical section [integrity check]
2024-09-08 14:52:01,827 [INFO] IntegrityCheckThread:103 - End integrity checks thread
2024-09-08 14:52:02,860 [INFO] WebApp:448 - Apply proxy settings
2024-09-08 14:52:02,860 [INFO] WebApp:533 - Chromium requires no authentication
2024-09-08 14:52:02,874 [INFO] WebApp:476 - Direct internet connection detected
2024-09-08 14:52:02,911 [INFO] WebApp:869 - Register for checkConnection events
2024-09-08 14:52:02,911 [INFO] WebApp:448 - Apply proxy settings
2024-09-08 14:52:02,912 [INFO] WebApp:533 - Chromium requires no authentication
2024-09-08 14:52:02,912 [INFO] WebApp:476 - Direct internet connection detected
2024-09-08 14:52:03,151 [INFO] WebApp:220 - Starting web application
2024-09-08 14:52:03,152 [INFO] WebApp:578 - Web application path used C:\ST\STM32CubeIDE_1.4.0\STM32CubeIDE\plugins\com.st.stm32cube.common.mx_6.12.0.202406281431\db\plugins\mcufinder\reactClient1\index.html
2024-09-08 14:52:03,274 [INFO] UserAuth:417 - Internet connection configuration mode: 1
2024-09-08 14:52:03,631 [INFO] WebApp:186 - Connection restablished
2024-09-08 15:14:21,110 [ERROR] LogOutputStream:75 - [STDERR_REDIRECT] 
2024-09-08 15:14:33,423 [INFO] Activator:176 - 


2024-09-08 15:14:33,427 [INFO] Activator:177 - !SESSION log4j initialized
2024-09-08 15:14:41,164 [INFO] LogOutputStream:77 - [STDOUT_REDIRECT] 
2024-09-08 15:14:42,630 [INFO] ApplicationProperties:184 - Using Application install path: C:\ST\STM32CubeIDE_1.4.0\STM32CubeIDE\plugins\com.st.stm32cube.common.mx_6.12.0.202406281431
2024-09-08 15:14:42,654 [INFO] DbMcusXml:78 - Set database path to: C:\ST\STM32CubeIDE_1.4.0\STM32CubeIDE\plugins\com.st.stm32cube.common.mx_6.12.0.202406281431\\db\/mcu/
2024-09-08 15:14:42,654 [INFO] ApiDb:274 - Set plugin database path to: C:\ST\STM32CubeIDE_1.4.0\STM32CubeIDE\plugins\com.st.stm32cube.common.mx_6.12.0.202406281431\\db\/plugins/boardmanager/
2024-09-08 15:14:42,654 [WARN] ApiDb:259 - Overriding images path with different value:  => C:\ST\STM32CubeIDE_1.4.0\STM32CubeIDE\plugins\com.st.stm32cube.common.mx_6.12.0.202406281431\\db\/plugins/mcufinder/images/
2024-09-08 15:14:42,663 [INFO] ApiDb:250 - Set database path to: C:\Users\Abhishek\.stmcufinder\plugins\mcufinder//mcu/
2024-09-08 15:14:42,664 [INFO] DbMcusAds:125 - Set database path to: C:\Users\Abhishek\.stmcufinder\plugins\mcufinder//mcu/
2024-09-08 15:14:42,669 [INFO] CrossReferenceDbSqlite:203 - Set database path to: C:\Users\Abhishek\.stmcufinder\plugins\mcufinder//mcu/cs/
2024-09-08 15:14:42,795 [INFO] RulesReader:64 - Compatibility file has been processed (297 Rules)
2024-09-08 15:14:42,918 [INFO] DbMcusXml:78 - Set database path to: C:\ST\STM32CubeIDE_1.4.0\STM32CubeIDE\plugins\com.st.stm32cube.common.mx_6.12.0.202406281431\\db\/mcu/
2024-09-08 15:14:42,918 [INFO] ApiDb:274 - Set plugin database path to: C:\ST\STM32CubeIDE_1.4.0\STM32CubeIDE\plugins\com.st.stm32cube.common.mx_6.12.0.202406281431\\db\/plugins/boardmanager/
2024-09-08 15:14:42,918 [INFO] ApiDb:261 - Set plugin images path to: C:\ST\STM32CubeIDE_1.4.0\STM32CubeIDE\plugins\com.st.stm32cube.common.mx_6.12.0.202406281431\\db\/plugins/mcufinder/images/
2024-09-08 15:14:42,918 [WARN] DbFile:41 - Overriding database path with different value: C:\Users\Abhishek\.stmcufinder\plugins\mcufinder/ => C:\Users\Abhishek\.stmcufinder\plugins\mcufinder
2024-09-08 15:14:42,918 [INFO] ApiDb:250 - Set database path to: C:\Users\Abhishek\.stmcufinder\plugins\mcufinder//mcu/
2024-09-08 15:14:42,919 [WARN] DbFile:41 - Overriding database path with different value: C:\Users\Abhishek\.stmcufinder\plugins\mcufinder/ => C:\Users\Abhishek\.stmcufinder\plugins\mcufinder
2024-09-08 15:14:42,919 [INFO] DbMcusAds:125 - Set database path to: C:\Users\Abhishek\.stmcufinder\plugins\mcufinder//mcu/
2024-09-08 15:14:42,919 [WARN] DbFile:41 - Overriding database path with different value: C:\Users\Abhishek\.stmcufinder\plugins\mcufinder/ => C:\Users\Abhishek\.stmcufinder\plugins\mcufinder
2024-09-08 15:14:42,919 [WARN] DbFile:41 - Overriding database path with different value: C:\Users\Abhishek\.stmcufinder\plugins\mcufinder/ => C:\Users\Abhishek\.stmcufinder\plugins\mcufinder
2024-09-08 15:14:42,919 [INFO] CrossReferenceDbSqlite:203 - Set database path to: C:\Users\Abhishek\.stmcufinder\plugins\mcufinder//mcu/cs/
2024-09-08 15:14:43,050 [INFO] MainPanel:268 - HeapMemory: 268435456
2024-09-08 15:14:43,254 [INFO] DbMcusXml:78 - Set database path to: C:\ST\STM32CubeIDE_1.4.0\STM32CubeIDE\plugins\com.st.stm32cube.common.mx_6.12.0.202406281431\\db\/mcu/
2024-09-08 15:14:43,254 [INFO] ApiDb:274 - Set plugin database path to: C:\ST\STM32CubeIDE_1.4.0\STM32CubeIDE\plugins\com.st.stm32cube.common.mx_6.12.0.202406281431\\db\/plugins/boardmanager/
2024-09-08 15:14:43,254 [INFO] ApiDb:261 - Set plugin images path to: C:\ST\STM32CubeIDE_1.4.0\STM32CubeIDE\plugins\com.st.stm32cube.common.mx_6.12.0.202406281431\\db\/plugins/mcufinder/images/
2024-09-08 15:14:43,254 [WARN] DbFile:41 - Overriding database path with different value: C:\Users\Abhishek\.stmcufinder\plugins\mcufinder/ => C:\Users\Abhishek\.stmcufinder\plugins\mcufinder
2024-09-08 15:14:43,254 [INFO] ApiDb:250 - Set database path to: C:\Users\Abhishek\.stmcufinder\plugins\mcufinder//mcu/
2024-09-08 15:14:43,254 [WARN] DbFile:41 - Overriding database path with different value: C:\Users\Abhishek\.stmcufinder\plugins\mcufinder/ => C:\Users\Abhishek\.stmcufinder\plugins\mcufinder
2024-09-08 15:14:43,254 [INFO] DbMcusAds:125 - Set database path to: C:\Users\Abhishek\.stmcufinder\plugins\mcufinder//mcu/
2024-09-08 15:14:43,254 [WARN] DbFile:41 - Overriding database path with different value: C:\Users\Abhishek\.stmcufinder\plugins\mcufinder/ => C:\Users\Abhishek\.stmcufinder\plugins\mcufinder
2024-09-08 15:14:43,255 [WARN] DbFile:41 - Overriding database path with different value: C:\Users\Abhishek\.stmcufinder\plugins\mcufinder/ => C:\Users\Abhishek\.stmcufinder\plugins\mcufinder
2024-09-08 15:14:43,255 [INFO] CrossReferenceDbSqlite:203 - Set database path to: C:\Users\Abhishek\.stmcufinder\plugins\mcufinder//mcu/cs/
2024-09-08 15:14:43,288 [INFO] ApplicationProperties:184 - Using Application install path: C:\ST\STM32CubeIDE_1.4.0\STM32CubeIDE\plugins\com.st.stm32cube.common.mx_6.12.0.202406281431
2024-09-08 15:14:43,290 [INFO] PluginManage:196 - Search for loadable plugins [exclusion list=, ]
2024-09-08 15:14:43,292 [INFO] PluginManage:310 - Check plugin analytics
2024-09-08 15:14:43,489 [INFO] AnalyticsPlugin:253 - Accepted Software Licenses: STM32CubeMX.6.1.0,STM32CubeMX.6.4.0,STM32CubeMX.6.2.0,STM32CubeMX.6.10.0
2024-09-08 15:14:43,490 [INFO] AnalyticsPlugin:255 - Accepted CMSIS Pack Licenses: 
2024-09-08 15:14:43,490 [INFO] AnalyticsPlugin:257 - Accepted Firmware Licenses: 
2024-09-08 15:14:43,493 [INFO] PluginManage:359 - Loaded plugin analytics (category:tool,tabindex:-1)
2024-09-08 15:14:43,493 [INFO] PluginManage:310 - Check plugin cadmodel
2024-09-08 15:14:43,498 [INFO] CADModel:105 - Init CAD model plugin
2024-09-08 15:14:43,498 [INFO] PluginManage:359 - Loaded plugin cadmodel (category:power,tabindex:5)
2024-09-08 15:14:43,498 [INFO] PluginManage:310 - Check plugin clock
2024-09-08 15:14:43,508 [INFO] PluginManage:359 - Loaded plugin clock (category:base,tabindex:2)
2024-09-08 15:14:43,509 [INFO] PluginManage:310 - Check plugin ddr
2024-09-08 15:14:43,513 [INFO] PluginManage:359 - Loaded plugin ddr (category:tool,tabindex:6)
2024-09-08 15:14:43,514 [INFO] PluginManage:310 - Check plugin filemanager
2024-09-08 15:14:43,706 [INFO] PluginManage:359 - Loaded plugin filemanager (category:base,tabindex:10)
2024-09-08 15:14:43,706 [INFO] PluginManage:310 - Check plugin ipmanager
2024-09-08 15:14:43,714 [INFO] PluginManage:359 - Loaded plugin ipmanager (category:base,tabindex:5)
2024-09-08 15:14:43,714 [INFO] PluginManage:310 - Check plugin lpbam
2024-09-08 15:14:43,722 [INFO] PluginManage:359 - Loaded plugin lpbam (category:base,tabindex:0)
2024-09-08 15:14:43,722 [INFO] PluginManage:310 - Check plugin memorymap
2024-09-08 15:14:43,741 [INFO] PluginManage:359 - Loaded plugin memorymap (category:base,tabindex:4)
2024-09-08 15:14:43,741 [INFO] PluginManage:310 - Check plugin pinoutandconfiguration
2024-09-08 15:14:43,747 [INFO] PluginManage:359 - Loaded plugin pinoutandconfiguration (category:base,tabindex:1)
2024-09-08 15:14:43,747 [INFO] PluginManage:310 - Check plugin pinoutconfig
2024-09-08 15:14:43,859 [WARN] SupportedApi:132 - Cannot load RTOS API schema: s4s-elt-must-match.1: The content of 'definitions' must match (annotation?, (simpleType | complexType)?, (unique | key | keyref)*)). A problem was found starting at: attribute.
2024-09-08 15:14:44,027 [INFO] PluginManage:359 - Loaded plugin pinoutconfig (category:base,tabindex:0)
2024-09-08 15:14:44,027 [INFO] PluginManage:310 - Check plugin power
2024-09-08 15:14:44,037 [INFO] PluginManage:359 - Loaded plugin power (category:power,tabindex:4)
2024-09-08 15:14:44,037 [INFO] PluginManage:310 - Check plugin projectmanager
2024-09-08 15:14:44,054 [INFO] PluginManage:359 - Loaded plugin projectmanager (category:projectmanager,tabindex:4)
2024-09-08 15:14:44,054 [INFO] PluginManage:310 - Check plugin rif
2024-09-08 15:14:44,061 [INFO] PluginManage:359 - Loaded plugin rif (category:base,tabindex:3)
2024-09-08 15:14:44,061 [INFO] PluginManage:310 - Check plugin thirdparty
2024-09-08 15:14:44,202 [INFO] PluginManage:359 - Loaded plugin thirdparty (category:base,tabindex:-1)
2024-09-08 15:14:44,201 [WARN] IntegrityCheckThread:84 - waiting for thirdparty lock release [integrity check]
2024-09-08 15:14:44,202 [INFO] PluginManage:310 - Check plugin tools
2024-09-08 15:14:44,202 [INFO] IntegrityCheckThread:86 - entering critical section [integrity check]
2024-09-08 15:14:44,202 [INFO] ThirdPartyUpdaterWithRetryManager:70 - Updater plugin not ready yet. [1/15]
2024-09-08 15:14:44,206 [INFO] PluginManage:359 - Loaded plugin tools (category:base,tabindex:7)
2024-09-08 15:14:44,206 [INFO] PluginManage:310 - Check plugin tutovideos
2024-09-08 15:14:44,452 [INFO] PluginManage:359 - Loaded plugin tutovideos (category:base,tabindex:-1)
2024-09-08 15:14:44,452 [INFO] PluginManage:310 - Check plugin updater
2024-09-08 15:14:44,474 [INFO] PluginManage:359 - Loaded plugin updater (category:base,tabindex:12)
2024-09-08 15:14:44,474 [INFO] PluginManage:310 - Check plugin userauth
2024-09-08 15:14:44,480 [INFO] UserAuth:113 - Init User Auth plugin
2024-09-08 15:14:44,480 [INFO] PluginManage:359 - Loaded plugin userauth (category:base,tabindex:14)
2024-09-08 15:14:44,481 [INFO] PluginManage:283 - PluginManage : Loaded plugins [18]
2024-09-08 15:14:44,828 [INFO] PinOutPanel:1561 - setPackage(No Configuration,No Configuration)
2024-09-08 15:14:44,942 [INFO] CADModel:165 - CPN selected for project level
2024-09-08 15:14:44,942 [INFO] CADModel:114 - Register for checkConnection events
2024-09-08 15:14:44,964 [INFO] IPUIPlugin:80 - create IPUIPlugin
2024-09-08 15:14:44,964 [INFO] PluginManager:220 - loadIPPluginJar : add adc
2024-09-08 15:14:44,968 [INFO] IPUIPlugin:80 - create IPUIPlugin
2024-09-08 15:14:44,968 [INFO] PluginManager:220 - loadIPPluginJar : add aes
2024-09-08 15:14:44,970 [INFO] IPUIPlugin:80 - create IPUIPlugin
2024-09-08 15:14:44,970 [INFO] PluginManager:220 - loadIPPluginJar : add can
2024-09-08 15:14:44,972 [INFO] IPUIPlugin:80 - create IPUIPlugin
2024-09-08 15:14:44,972 [INFO] PluginManager:220 - loadIPPluginJar : add comp
2024-09-08 15:14:44,974 [INFO] IPUIPlugin:80 - create IPUIPlugin
2024-09-08 15:14:44,974 [INFO] PluginManager:220 - loadIPPluginJar : add cryp
2024-09-08 15:14:44,979 [INFO] IPUIPlugin:80 - create IPUIPlugin
2024-09-08 15:14:44,979 [INFO] PluginManager:220 - loadIPPluginJar : add ddr_ctrl_phy
2024-09-08 15:14:44,983 [INFO] IPUIPlugin:80 - create IPUIPlugin
2024-09-08 15:14:44,983 [INFO] PluginManager:220 - loadIPPluginJar : add dfsdm
2024-09-08 15:14:44,988 [INFO] IPUIPlugin:80 - create IPUIPlugin
2024-09-08 15:14:44,989 [INFO] PluginManager:220 - loadIPPluginJar : add dma
2024-09-08 15:14:44,992 [INFO] IPUIPlugin:80 - create IPUIPlugin
2024-09-08 15:14:44,992 [INFO] PluginManager:220 - loadIPPluginJar : add dma3
2024-09-08 15:14:44,994 [INFO] IPUIPlugin:80 - create IPUIPlugin
2024-09-08 15:14:44,994 [INFO] PluginManager:220 - loadIPPluginJar : add extmemmanager
2024-09-08 15:14:44,996 [INFO] IPUIPlugin:80 - create IPUIPlugin
2024-09-08 15:14:44,997 [INFO] PluginManager:220 - loadIPPluginJar : add fatfs
2024-09-08 15:14:45,000 [INFO] IPUIPlugin:80 - create IPUIPlugin
2024-09-08 15:14:45,001 [INFO] PluginManager:220 - loadIPPluginJar : add fmc
2024-09-08 15:14:45,005 [INFO] IPUIPlugin:80 - create IPUIPlugin
2024-09-08 15:14:45,005 [INFO] PluginManager:220 - loadIPPluginJar : add freertos
2024-09-08 15:14:45,007 [INFO] IPUIPlugin:80 - create IPUIPlugin
2024-09-08 15:14:45,007 [INFO] PluginManager:220 - loadIPPluginJar : add genericplugin
2024-09-08 15:14:45,009 [INFO] IPUIPlugin:80 - create IPUIPlugin
2024-09-08 15:14:45,009 [INFO] PluginManager:220 - loadIPPluginJar : add gfxmmu
2024-09-08 15:14:45,015 [INFO] IPUIPlugin:80 - create IPUIPlugin
2024-09-08 15:14:45,016 [INFO] PluginManager:220 - loadIPPluginJar : add gic
2024-09-08 15:14:45,019 [INFO] IPUIPlugin:80 - create IPUIPlugin
2024-09-08 15:14:45,019 [INFO] PluginManager:220 - loadIPPluginJar : add gpio
2024-09-08 15:14:45,021 [INFO] IPUIPlugin:80 - create IPUIPlugin
2024-09-08 15:14:45,022 [INFO] PluginManager:220 - loadIPPluginJar : add gtzc
2024-09-08 15:14:45,024 [INFO] IPUIPlugin:80 - create IPUIPlugin
2024-09-08 15:14:45,025 [INFO] PluginManager:220 - loadIPPluginJar : add hash
2024-09-08 15:14:45,028 [INFO] IPUIPlugin:80 - create IPUIPlugin
2024-09-08 15:14:45,028 [INFO] PluginManager:220 - loadIPPluginJar : add i2c
2024-09-08 15:14:45,031 [INFO] IPUIPlugin:80 - create IPUIPlugin
2024-09-08 15:14:45,031 [INFO] PluginManager:220 - loadIPPluginJar : add i2s
2024-09-08 15:14:45,034 [INFO] IPUIPlugin:80 - create IPUIPlugin
2024-09-08 15:14:45,034 [INFO] PluginManager:220 - loadIPPluginJar : add i3c
2024-09-08 15:14:45,039 [INFO] IPUIPlugin:80 - create IPUIPlugin
2024-09-08 15:14:45,039 [INFO] PluginManager:220 - loadIPPluginJar : add ipddr
2024-09-08 15:14:45,047 [INFO] IPUIPlugin:80 - create IPUIPlugin
2024-09-08 15:14:45,048 [INFO] PluginManager:220 - loadIPPluginJar : add linkedlist
2024-09-08 15:14:45,051 [INFO] IPUIPlugin:80 - create IPUIPlugin
2024-09-08 15:14:45,052 [INFO] PluginManager:220 - loadIPPluginJar : add lorawan
2024-09-08 15:14:45,053 [INFO] IPUIPlugin:80 - create IPUIPlugin
2024-09-08 15:14:45,054 [INFO] PluginManager:220 - loadIPPluginJar : add ltdc
2024-09-08 15:14:45,059 [INFO] IPUIPlugin:80 - create IPUIPlugin
2024-09-08 15:14:45,060 [INFO] PluginManager:220 - loadIPPluginJar : add mdma
2024-09-08 15:14:45,062 [INFO] IPUIPlugin:80 - create IPUIPlugin
2024-09-08 15:14:45,063 [INFO] PluginManager:220 - loadIPPluginJar : add nvic
2024-09-08 15:14:45,065 [INFO] IPUIPlugin:80 - create IPUIPlugin
2024-09-08 15:14:45,066 [INFO] PluginManager:220 - loadIPPluginJar : add opamp
2024-09-08 15:14:45,069 [INFO] IPUIPlugin:80 - create IPUIPlugin
2024-09-08 15:14:45,069 [INFO] PluginManager:220 - loadIPPluginJar : add openamp
2024-09-08 15:14:45,072 [INFO] IPUIPlugin:80 - create IPUIPlugin
2024-09-08 15:14:45,072 [INFO] PluginManager:220 - loadIPPluginJar : add pdm2pcm
2024-09-08 15:14:45,077 [INFO] IPUIPlugin:80 - create IPUIPlugin
2024-09-08 15:14:45,079 [INFO] PluginManager:220 - loadIPPluginJar : add plateformsettings
2024-09-08 15:14:45,081 [INFO] IPUIPlugin:80 - create IPUIPlugin
2024-09-08 15:14:45,082 [INFO] PluginManager:220 - loadIPPluginJar : add quadspi
2024-09-08 15:14:45,084 [INFO] IPUIPlugin:80 - create IPUIPlugin
2024-09-08 15:14:45,084 [INFO] PluginManager:220 - loadIPPluginJar : add radio
2024-09-08 15:14:45,088 [INFO] IPUIPlugin:80 - create IPUIPlugin
2024-09-08 15:14:45,088 [INFO] PluginManager:220 - loadIPPluginJar : add resmgrutility
2024-09-08 15:14:45,091 [INFO] IPUIPlugin:80 - create IPUIPlugin
2024-09-08 15:14:45,091 [INFO] PluginManager:220 - loadIPPluginJar : add sai
2024-09-08 15:14:45,093 [INFO] IPUIPlugin:80 - create IPUIPlugin
2024-09-08 15:14:45,093 [INFO] PluginManager:220 - loadIPPluginJar : add spi
2024-09-08 15:14:45,098 [INFO] IPUIPlugin:80 - create IPUIPlugin
2024-09-08 15:14:45,098 [INFO] PluginManager:220 - loadIPPluginJar : add stm32_wpan
2024-09-08 15:14:45,099 [INFO] IPUIPlugin:80 - create IPUIPlugin
2024-09-08 15:14:45,099 [INFO] PluginManager:220 - loadIPPluginJar : add tim
2024-09-08 15:14:45,102 [INFO] IPUIPlugin:80 - create IPUIPlugin
2024-09-08 15:14:45,102 [INFO] PluginManager:220 - loadIPPluginJar : add touchsensing
2024-09-08 15:14:45,103 [INFO] IPUIPlugin:80 - create IPUIPlugin
2024-09-08 15:14:45,103 [INFO] PluginManager:220 - loadIPPluginJar : add tracer_emb
2024-09-08 15:14:45,105 [INFO] IPUIPlugin:80 - create IPUIPlugin
2024-09-08 15:14:45,105 [INFO] PluginManager:220 - loadIPPluginJar : add ts
2024-09-08 15:14:45,106 [INFO] IPUIPlugin:80 - create IPUIPlugin
2024-09-08 15:14:45,106 [INFO] PluginManager:220 - loadIPPluginJar : add tsc
2024-09-08 15:14:45,108 [INFO] IPUIPlugin:80 - create IPUIPlugin
2024-09-08 15:14:45,108 [INFO] PluginManager:220 - loadIPPluginJar : add ucpd
2024-09-08 15:14:45,110 [INFO] IPUIPlugin:80 - create IPUIPlugin
2024-09-08 15:14:45,110 [INFO] PluginManager:220 - loadIPPluginJar : add usart
2024-09-08 15:14:45,112 [INFO] IPUIPlugin:80 - create IPUIPlugin
2024-09-08 15:14:45,113 [INFO] PluginManager:220 - loadIPPluginJar : add usbx
2024-09-08 15:14:45,257 [INFO] CADModel:165 - CPN selected for project level
2024-09-08 15:14:45,257 [INFO] CADModel:114 - Register for checkConnection events
2024-09-08 15:14:45,257 [FATAL] Updater:334 - Updater called before beeing initialized
2024-09-08 15:14:45,258 [ERROR] CADModel:125 - Updater not yet initialized, retry later 
2024-09-08 15:14:45,437 [INFO] CADModel:165 - CPN selected for project level
2024-09-08 15:14:45,437 [INFO] CADModel:114 - Register for checkConnection events
2024-09-08 15:14:45,437 [FATAL] Updater:334 - Updater called before beeing initialized
2024-09-08 15:14:45,437 [ERROR] CADModel:125 - Updater not yet initialized, retry later 
2024-09-08 15:14:45,440 [FATAL] Updater:334 - Updater called before beeing initialized
2024-09-08 15:14:45,586 [FATAL] Updater:334 - Updater called before beeing initialized
2024-09-08 15:14:45,591 [INFO] DbMcusAds:53 - JSON generation date=Thu May 16 14:52:00 IST 2024 (1715851320667)
2024-09-08 15:14:45,592 [FATAL] Updater:334 - Updater called before beeing initialized
2024-09-08 15:14:45,636 [WARN] DetailPanel:346 - Failed to get advertising image, set to default
2024-09-08 15:14:45,769 [FATAL] Updater:334 - Updater called before beeing initialized
2024-09-08 15:14:45,771 [FATAL] Updater:334 - Updater called before beeing initialized
2024-09-08 15:14:45,771 [FATAL] Updater:334 - Updater called before beeing initialized
2024-09-08 15:14:45,772 [WARN] DetailPanel:346 - Failed to get advertising image, set to default
2024-09-08 15:14:45,773 [FATAL] Updater:334 - Updater called before beeing initialized
2024-09-08 15:14:45,851 [ERROR] Updater:1164 - MainUpdater not yet initialized. External WinMGr cannot be set.
2024-09-08 15:14:45,854 [INFO] Updater:1100 - Updater Version found : 6.12.0
2024-09-08 15:14:45,873 [INFO] ApplicationProperties:184 - Using Application install path: C:\ST\STM32CubeIDE_1.4.0\STM32CubeIDE\plugins\com.st.stm32cube.common.mx_6.12.0.202406281431
2024-09-08 15:14:46,854 [INFO] MainUpdater:2873 - connection check result : 10
2024-09-08 15:14:46,855 [INFO] MainUpdater:290 - Updater Check For Update Now.
2024-09-08 15:14:46,855 [INFO] MicroXplorer:498 - Change Database Version : DB.6.0.120
2024-09-08 15:14:46,873 [INFO] McuFinderGlobals:63 - Set McuFinder mode to 2 (CubeIDE integrated)
2024-09-08 15:14:46,874 [INFO] UserAuth:417 - Internet connection configuration mode: 1
2024-09-08 15:14:46,909 [INFO] JxBrowserEngine:152 - Initiate JxBrowser Engine with user profile folder
2024-09-08 15:14:47,044 [INFO] CheckServerUpdateThread:120 - End of CheckServer Thread
2024-09-08 15:14:48,281 [WARN] PackLoader:240 - Cannot read IP mode file for STMicroelectronics.FP-SNS-MOTENVWB1.1.4.0
2024-09-08 15:14:48,317 [WARN] PackLoader:240 - Cannot read IP mode file for STMicroelectronics.X-CUBE-SMBUS.2.1.0
2024-09-08 15:14:48,333 [WARN] PackLoader:240 - Cannot read IP mode file for STMicroelectronics.X-CUBE-TOUCHGFX.4.23.2
2024-09-08 15:14:48,394 [WARN] PackLoader:240 - Cannot read IP mode file for STMicroelectronics.X-CUBE-AZRTOS-F7.1.1.0
2024-09-08 15:14:48,560 [WARN] PackLoader:240 - Cannot read IP mode file for STMicroelectronics.X-CUBE-MEMS1.11.0.0
2024-09-08 15:14:48,723 [WARN] PackLoader:240 - Cannot read IP mode file for STMicroelectronics.FP-SNS-FLIGHT1.5.0.2
2024-09-08 15:14:48,733 [WARN] PackLoader:240 - Cannot read IP mode file for STMicroelectronics.X-CUBE-DISPLAY.3.0.0
2024-09-08 15:14:48,745 [WARN] PackLoader:240 - Cannot read IP mode file for STMicroelectronics.X-CUBE-BLE1.7.0.0
2024-09-08 15:14:48,752 [WARN] PackLoader:240 - Cannot read IP mode file for emotas.I-CUBE-CANOPEN.1.3.0
2024-09-08 15:14:48,764 [WARN] PackLoader:240 - Cannot read IP mode file for STMicroelectronics.X-CUBE-BLEMGR.3.1.0
2024-09-08 15:14:48,772 [WARN] PackLoader:240 - Cannot read IP mode file for STMicroelectronics.FP-SNS-SMARTAG2.1.2.0
2024-09-08 15:14:48,782 [INFO] LogOutputStream:77 - [STDOUT_REDIRECT] 1 : Invalid condition id : UX_CORESTACK_Condition cause : null
2024-09-08 15:14:48,783 [INFO] LogOutputStream:77 - [STDOUT_REDIRECT] 1 : Invalid condition id : UX_CORESTACK_Condition cause : null
2024-09-08 15:14:48,784 [INFO] LogOutputStream:77 - [STDOUT_REDIRECT] 1 : Invalid condition id : UX_CORESTACK_Condition cause : null
2024-09-08 15:14:48,786 [INFO] LogOutputStream:77 - [STDOUT_REDIRECT] 1 : Invalid condition id : UX_CORESTACK_Condition cause : null
2024-09-08 15:14:48,787 [INFO] LogOutputStream:77 - [STDOUT_REDIRECT] 1 : Invalid condition id : UX_CORESTACK_Condition cause : null
2024-09-08 15:14:48,790 [WARN] PackLoader:240 - Cannot read IP mode file for STMicroelectronics.X-CUBE-AZRTOS-WL.2.0.0
2024-09-08 15:14:48,796 [WARN] PackLoader:240 - Cannot read IP mode file for STMicroelectronics.FP-SNS-MOTENV1.5.0.0
2024-09-08 15:14:48,802 [WARN] PackLoader:240 - Cannot read IP mode file for wolfSSL.I-CUBE-wolfMQTT.1.19.0
2024-09-08 15:14:48,812 [WARN] PackLoader:240 - Cannot read IP mode file for WES.I-CUBE-Cesium.1.3.0
2024-09-08 15:14:48,820 [WARN] PackLoader:240 - Cannot read IP mode file for STMicroelectronics.X-CUBE-BLE2.3.3.0
2024-09-08 15:14:48,828 [WARN] PackLoader:240 - Cannot read IP mode file for STMicroelectronics.X-CUBE-TCPP.4.1.0
2024-09-08 15:14:48,864 [WARN] PackLoader:240 - Cannot read IP mode file for STMicroelectronics.X-CUBE-ALGOBUILD.1.3.0
2024-09-08 15:14:48,884 [WARN] PackLoader:240 - Cannot read IP mode file for STMicroelectronics.X-CUBE-AZRTOS-G0.1.1.0
2024-09-08 15:14:48,895 [WARN] PackLoader:240 - Cannot read IP mode file for STMicroelectronics.X-CUBE-SAFEA1.1.2.2
2024-09-08 15:14:48,903 [WARN] PackLoader:240 - Cannot read IP mode file for STMicroelectronics.X-CUBE-NFC4.3.0.0
2024-09-08 15:14:48,907 [INFO] WebApp:167 - Instantiating new browser for Auth
2024-09-08 15:14:48,916 [WARN] PackLoader:240 - Cannot read IP mode file for EmbeddedOffice.I-CUBE-FS-RTOS.1.0.1
2024-09-08 15:14:48,916 [ERROR] ConditionMgr:805 - Attr not supported : Dmpu
2024-09-08 15:14:48,916 [ERROR] ConditionMgr:805 - Attr not supported : Dmpu
2024-09-08 15:14:48,916 [ERROR] ConditionMgr:805 - Attr not supported : Dmpu
2024-09-08 15:14:48,916 [ERROR] ConditionMgr:805 - Attr not supported : Dmpu
2024-09-08 15:14:48,916 [ERROR] ConditionMgr:805 - Attr not supported : Dmpu
2024-09-08 15:14:48,916 [ERROR] ConditionMgr:805 - Attr not supported : Dmpu
2024-09-08 15:14:48,916 [ERROR] ConditionMgr:805 - Attr not supported : Dmpu
2024-09-08 15:14:48,917 [ERROR] ConditionMgr:805 - Attr not supported : Dmpu
2024-09-08 15:14:48,917 [ERROR] ConditionMgr:805 - Attr not supported : Dmpu
2024-09-08 15:14:48,917 [ERROR] ConditionMgr:805 - Attr not supported : Dmpu
2024-09-08 15:14:48,917 [ERROR] ConditionMgr:805 - Attr not supported : Dmpu
2024-09-08 15:14:48,917 [ERROR] ConditionMgr:805 - Attr not supported : Dmpu
2024-09-08 15:14:48,917 [ERROR] ConditionMgr:805 - Attr not supported : Dmpu
2024-09-08 15:14:48,917 [ERROR] ConditionMgr:805 - Attr not supported : Dmpu
2024-09-08 15:14:48,917 [ERROR] ConditionMgr:805 - Attr not supported : Dmpu
2024-09-08 15:14:48,917 [ERROR] ConditionMgr:805 - Attr not supported : Dmpu
2024-09-08 15:14:48,917 [ERROR] ConditionMgr:805 - Attr not supported : Dmpu
2024-09-08 15:14:48,917 [ERROR] ConditionMgr:805 - Attr not supported : Dmpu
2024-09-08 15:14:48,917 [ERROR] ConditionMgr:805 - Attr not supported : Dmpu
2024-09-08 15:14:48,917 [ERROR] ConditionMgr:805 - Attr not supported : Dmpu
2024-09-08 15:14:48,917 [ERROR] ConditionMgr:805 - Attr not supported : Dmpu
2024-09-08 15:14:48,917 [ERROR] ConditionMgr:805 - Attr not supported : Dmpu
2024-09-08 15:14:48,918 [ERROR] ConditionMgr:805 - Attr not supported : Dmpu
2024-09-08 15:14:48,918 [ERROR] ConditionMgr:805 - Attr not supported : Dmpu
2024-09-08 15:14:48,918 [ERROR] ConditionMgr:805 - Attr not supported : Dmpu
2024-09-08 15:14:48,918 [ERROR] ConditionMgr:805 - Attr not supported : Dmpu
2024-09-08 15:14:48,918 [ERROR] ConditionMgr:805 - Attr not supported : Dmpu
2024-09-08 15:14:48,918 [ERROR] ConditionMgr:805 - Attr not supported : Dmpu
2024-09-08 15:14:48,918 [ERROR] ConditionMgr:805 - Attr not supported : Dmpu
2024-09-08 15:14:48,918 [ERROR] ConditionMgr:805 - Attr not supported : Dmpu
2024-09-08 15:14:48,918 [ERROR] ConditionMgr:805 - Attr not supported : Dmpu
2024-09-08 15:14:48,918 [ERROR] ConditionMgr:805 - Attr not supported : Dmpu
2024-09-08 15:14:48,918 [ERROR] ConditionMgr:805 - Attr not supported : Dmpu
2024-09-08 15:14:48,918 [ERROR] ConditionMgr:805 - Attr not supported : Dmpu
2024-09-08 15:14:48,918 [ERROR] ConditionMgr:805 - Attr not supported : Dmpu
2024-09-08 15:14:48,918 [ERROR] ConditionMgr:805 - Attr not supported : Dmpu
2024-09-08 15:14:48,918 [ERROR] ConditionMgr:805 - Attr not supported : Dmpu
2024-09-08 15:14:48,919 [ERROR] ConditionMgr:805 - Attr not supported : Dmpu
2024-09-08 15:14:48,919 [ERROR] ConditionMgr:805 - Attr not supported : Dmpu
2024-09-08 15:14:48,919 [ERROR] ConditionMgr:805 - Attr not supported : Dmpu
2024-09-08 15:14:48,919 [ERROR] ConditionMgr:805 - Attr not supported : Dmpu
2024-09-08 15:14:48,919 [ERROR] ConditionMgr:805 - Attr not supported : Dmpu
2024-09-08 15:14:48,919 [ERROR] ConditionMgr:805 - Attr not supported : Dmpu
2024-09-08 15:14:48,920 [ERROR] ConditionMgr:805 - Attr not supported : Dmpu
2024-09-08 15:14:48,920 [ERROR] ConditionMgr:805 - Attr not supported : Dmpu
2024-09-08 15:14:48,920 [ERROR] ConditionMgr:805 - Attr not supported : Dmpu
2024-09-08 15:14:48,920 [ERROR] ConditionMgr:805 - Attr not supported : Dmpu
2024-09-08 15:14:48,920 [ERROR] ConditionMgr:805 - Attr not supported : Dmpu
2024-09-08 15:14:48,920 [ERROR] ConditionMgr:805 - Attr not supported : Dmpu
2024-09-08 15:14:48,921 [ERROR] ConditionMgr:805 - Attr not supported : Dmpu
2024-09-08 15:14:48,921 [ERROR] ConditionMgr:805 - Attr not supported : Dmpu
2024-09-08 15:14:48,921 [ERROR] ConditionMgr:805 - Attr not supported : Dmpu
2024-09-08 15:14:48,921 [ERROR] ConditionMgr:805 - Attr not supported : Dmpu
2024-09-08 15:14:48,921 [ERROR] ConditionMgr:805 - Attr not supported : Dmpu
2024-09-08 15:14:48,922 [ERROR] ConditionMgr:805 - Attr not supported : Dmpu
2024-09-08 15:14:48,922 [ERROR] ConditionMgr:805 - Attr not supported : Dmpu
2024-09-08 15:14:48,922 [ERROR] ConditionMgr:805 - Attr not supported : Dmpu
2024-09-08 15:14:48,923 [ERROR] ConditionMgr:805 - Attr not supported : Dmpu
2024-09-08 15:14:48,923 [ERROR] ConditionMgr:805 - Attr not supported : Dmpu
2024-09-08 15:14:48,923 [ERROR] ConditionMgr:805 - Attr not supported : Dmpu
2024-09-08 15:14:48,923 [ERROR] ConditionMgr:805 - Attr not supported : Dmpu
2024-09-08 15:14:48,923 [ERROR] ConditionMgr:805 - Attr not supported : Dmpu
2024-09-08 15:14:48,924 [ERROR] ConditionMgr:805 - Attr not supported : Dmpu
2024-09-08 15:14:48,924 [ERROR] ConditionMgr:805 - Attr not supported : Dmpu
2024-09-08 15:14:48,938 [WARN] PackLoader:240 - Cannot read IP mode file for RealThread.X-CUBE-RT-Thread_Nano.4.1.1
2024-09-08 15:14:48,953 [WARN] PackLoader:240 - Cannot read IP mode file for wolfSSL.I-CUBE-wolfSSL.5.7.0
2024-09-08 15:14:48,964 [WARN] PackLoader:240 - Cannot read IP mode file for STMicroelectronics.FP-ATR-SIGFOX1.3.2.0
2024-09-08 15:14:48,978 [WARN] PackLoader:240 - Cannot read IP mode file for STMicroelectronics.X-CUBE-EEPRMA1.5.1.0
2024-09-08 15:14:48,997 [WARN] PackLoader:240 - Cannot read IP mode file for ITTIA_DB.I-CUBE-ITTIADB.8.9.0
2024-09-08 15:14:49,051 [WARN] PackLoader:240 - Cannot read IP mode file for SEGGER.I-CUBE-embOS.1.3.1
2024-09-08 15:14:49,125 [WARN] PackLoader:240 - Cannot read IP mode file for STMicroelectronics.X-CUBE-ALGOBUILD.1.4.0
2024-09-08 15:14:49,136 [WARN] PackLoader:240 - Cannot read IP mode file for STMicroelectronics.X-CUBE-GNSS1.6.0.0
2024-09-08 15:14:49,158 [WARN] PackLoader:240 - Cannot read IP mode file for STMicroelectronics.X-CUBE-AZRTOS-F4.1.1.0
2024-09-08 15:14:49,170 [WARN] PackLoader:240 - Cannot read IP mode file for STMicroelectronics.X-CUBE-FREERTOS.1.2.0
2024-09-08 15:14:49,207 [WARN] PackLoader:240 - Cannot read IP mode file for STMicroelectronics.X-CUBE-AZRTOS-L5.2.0.0
2024-09-08 15:14:49,224 [WARN] PackLoader:240 - Cannot read IP mode file for STMicroelectronics.X-CUBE-NFC6.3.1.0
2024-09-08 15:14:49,236 [WARN] PackLoader:240 - Cannot read IP mode file for STMicroelectronics.X-CUBE-DPower.1.2.0
2024-09-08 15:14:49,241 [WARN] PackLoader:240 - Cannot read IP mode file for STMicroelectronics.X-CUBE-AI.9.0.0
2024-09-08 15:14:49,249 [WARN] PackLoader:240 - Cannot read IP mode file for STMicroelectronics.X-CUBE-NFC7.1.0.1
2024-09-08 15:14:49,255 [WARN] PackLoader:240 - Cannot read IP mode file for wolfSSL.I-CUBE-wolfTPM.3.2.0
2024-09-08 15:14:49,259 [WARN] PackLoader:240 - Cannot read IP mode file for STMicroelectronics.X-CUBE-AI.8.1.0
2024-09-08 15:14:49,276 [WARN] ConditionMgr:438 - getConditionDescription Invalid condition id : LAN8742 Phy interface Condition cause : null
2024-09-08 15:14:49,277 [WARN] PackLoader:240 - Cannot read IP mode file for STMicroelectronics.X-CUBE-AZRTOS-L4.2.0.0
2024-09-08 15:14:49,278 [WARN] ConditionMgr:1039 - genDependencies : Invalid condition id : LAN8742 Phy interface Condition cause : null
2024-09-08 15:14:49,278 [WARN] ConditionMgr:1039 - genDependencies : Invalid condition id : LAN8742 Phy interface Condition cause : null
2024-09-08 15:14:49,279 [WARN] ConditionMgr:1039 - genDependencies : Invalid condition id : LAN8742 Phy interface Condition cause : null
2024-09-08 15:14:49,290 [WARN] PackLoader:240 - Cannot read IP mode file for STMicroelectronics.X-CUBE-SFXS2LP1.4.0.0
2024-09-08 15:14:49,311 [WARN] PackLoader:240 - Cannot read IP mode file for STMicroelectronics.X-CUBE-AZRTOS-H7.3.3.0
2024-09-08 15:14:49,332 [WARN] ConditionMgr:438 - getConditionDescription Invalid condition id : UX DEVICE CLASS RTOS Condition cause : null
2024-09-08 15:14:49,333 [WARN] ConditionMgr:438 - getConditionDescription Invalid condition id : UX DEVICE CLASS RTOS Condition cause : null
2024-09-08 15:14:49,335 [WARN] PackLoader:240 - Cannot read IP mode file for STMicroelectronics.X-CUBE-AZRTOS-WB.2.0.0
2024-09-08 15:14:49,335 [WARN] ConditionMgr:1039 - genDependencies : Invalid condition id : UX DEVICE CLASS RTOS Condition cause : null
2024-09-08 15:14:49,336 [WARN] ConditionMgr:1039 - genDependencies : Invalid condition id : UX DEVICE CLASS RTOS Condition cause : null
2024-09-08 15:14:49,336 [WARN] ConditionMgr:1039 - genDependencies : Invalid condition id : UX DEVICE CLASS RTOS Condition cause : null
2024-09-08 15:14:49,336 [WARN] ConditionMgr:1039 - genDependencies : Invalid condition id : UX DEVICE CLASS RTOS Condition cause : null
2024-09-08 15:14:49,336 [WARN] ConditionMgr:1039 - genDependencies : Invalid condition id : UX DEVICE CLASS RTOS Condition cause : null
2024-09-08 15:14:49,343 [WARN] PackLoader:240 - Cannot read IP mode file for STMicroelectronics.FP-SNS-STBOX1.2.0.0
2024-09-08 15:14:49,355 [WARN] PackLoader:240 - Cannot read IP mode file for STMicroelectronics.X-CUBE-SUBG2.5.0.0
2024-09-08 15:14:49,362 [WARN] PackLoader:240 - Cannot read IP mode file for Cesanta.I-CUBE-Mongoose.7.13.0
2024-09-08 15:14:49,378 [WARN] PackLoader:240 - Cannot read IP mode file for STMicroelectronics.X-CUBE-AZRTOS-G4.2.0.0
2024-09-08 15:14:49,384 [WARN] PackLoader:240 - Cannot read IP mode file for STMicroelectronics.FP-SNS-MOTENVWB1.1.3.1
2024-09-08 15:14:49,391 [WARN] PackLoader:240 - Cannot read IP mode file for STMicroelectronics.X-CUBE-ISPU.2.0.0
2024-09-08 15:14:49,397 [WARN] PackLoader:240 - Cannot read IP mode file for STMicroelectronics.X-CUBE-ALS.1.0.2
2024-09-08 15:14:49,449 [WARN] PackLoader:240 - Cannot read IP mode file for STMicroelectronics.X-CUBE-MEMS1.10.0.0
2024-09-08 15:14:49,627 [WARN] PackLoader:240 - Cannot read IP mode file for STMicroelectronics.X-CUBE-FREERTOS.1.1.0
2024-09-08 15:14:49,632 [WARN] PackLoader:240 - Cannot read IP mode file for STMicroelectronics.X-CUBE-TOUCHGFX.4.24.0
2024-09-08 15:14:49,639 [WARN] PackLoader:240 - Cannot read IP mode file for portGmbH.I-Cube-SoM-uGOAL.1.1.0
2024-09-08 15:14:49,645 [WARN] PackLoader:240 - Cannot read IP mode file for STMicroelectronics.X-CUBE-ALS.1.0.1
2024-09-08 15:14:49,668 [WARN] PackLoader:240 - Cannot read IP mode file for STMicroelectronics.X-CUBE-AZRTOS-H7RS.1.0.0
2024-09-08 15:14:49,674 [WARN] PackLoader:240 - Cannot read IP mode file for STMicroelectronics.FP-ATR-ASTRA1.2.0.0
2024-09-08 15:14:49,694 [WARN] PackLoader:240 - Cannot read IP mode file for STMicroelectronics.X-CUBE-TOF1.3.4.2
2024-09-08 15:14:49,717 [WARN] PackLoader:240 - Cannot read IP mode file for STMicroelectronics.X-CUBE-TOF1.3.4.1
2024-09-08 15:14:49,747 [WARN] PackLoader:240 - Cannot read IP mode file for STMicroelectronics.X-CUBE-AZRTOS-H7.3.2.0
2024-09-08 15:14:49,764 [WARN] PackLoader:240 - Cannot read IP mode file for Infineon.AIROC-Wi-Fi-Bluetooth-STM32.1.6.0
2024-09-08 15:14:49,775 [WARN] PackLoader:240 - Cannot read IP mode file for wolfSSL.I-CUBE-wolfSSH.1.4.17
2024-09-08 15:14:49,776 [INFO] ThirdParty:978 - Integrity check success = true
2024-09-08 15:14:49,776 [INFO] IntegrityCheckThread:100 - exiting critical section [integrity check]
2024-09-08 15:14:49,776 [INFO] IntegrityCheckThread:103 - End integrity checks thread
2024-09-08 15:14:50,498 [INFO] WebApp:448 - Apply proxy settings
2024-09-08 15:14:50,499 [INFO] WebApp:533 - Chromium requires no authentication
2024-09-08 15:14:50,514 [INFO] WebApp:476 - Direct internet connection detected
2024-09-08 15:14:50,563 [INFO] WebApp:869 - Register for checkConnection events
2024-09-08 15:14:50,563 [INFO] WebApp:448 - Apply proxy settings
2024-09-08 15:14:50,563 [INFO] WebApp:533 - Chromium requires no authentication
2024-09-08 15:14:50,563 [INFO] WebApp:476 - Direct internet connection detected
2024-09-08 15:14:50,853 [INFO] WebApp:220 - Starting web application
2024-09-08 15:14:50,854 [INFO] WebApp:578 - Web application path used C:\ST\STM32CubeIDE_1.4.0\STM32CubeIDE\plugins\com.st.stm32cube.common.mx_6.12.0.202406281431\db\plugins\mcufinder\reactClient1\index.html
2024-09-08 15:14:50,966 [INFO] UserAuth:417 - Internet connection configuration mode: 1
2024-09-08 15:14:51,214 [INFO] WebApp:186 - Connection restablished
2024-09-08 16:48:55,660 [ERROR] LogOutputStream:75 - [STDERR_REDIRECT] 
