2024-08-31 10:00:18,698 [INFO] Activator:176 - 


2024-08-31 10:00:18,705 [INFO] Activator:177 - !SESSION log4j initialized
2024-08-31 10:00:26,387 [INFO] LogOutputStream:77 - [STDOUT_REDIRECT] 
2024-08-31 10:00:28,867 [INFO] ApplicationProperties:184 - Using Application install path: C:\ST\STM32CubeIDE_1.4.0\STM32CubeIDE\plugins\com.st.stm32cube.common.mx_6.12.0.202406281431
2024-08-31 10:00:28,894 [INFO] DbMcusXml:78 - Set database path to: C:\ST\STM32CubeIDE_1.4.0\STM32CubeIDE\plugins\com.st.stm32cube.common.mx_6.12.0.202406281431\\db\/mcu/
2024-08-31 10:00:28,894 [INFO] ApiDb:274 - Set plugin database path to: C:\ST\STM32CubeIDE_1.4.0\STM32CubeIDE\plugins\com.st.stm32cube.common.mx_6.12.0.202406281431\\db\/plugins/boardmanager/
2024-08-31 10:00:28,896 [WARN] ApiDb:259 - Overriding images path with different value:  => C:\ST\STM32CubeIDE_1.4.0\STM32CubeIDE\plugins\com.st.stm32cube.common.mx_6.12.0.202406281431\\db\/plugins/mcufinder/images/
2024-08-31 10:00:28,912 [INFO] ApiDb:250 - Set database path to: C:\Users\Abhishek\.stmcufinder\plugins\mcufinder//mcu/
2024-08-31 10:00:28,913 [INFO] DbMcusAds:125 - Set database path to: C:\Users\Abhishek\.stmcufinder\plugins\mcufinder//mcu/
2024-08-31 10:00:28,918 [INFO] CrossReferenceDbSqlite:203 - Set database path to: C:\Users\Abhishek\.stmcufinder\plugins\mcufinder//mcu/cs/
2024-08-31 10:00:29,066 [INFO] RulesReader:64 - Compatibility file has been processed (297 Rules)
2024-08-31 10:00:29,225 [INFO] DbMcusXml:78 - Set database path to: C:\ST\STM32CubeIDE_1.4.0\STM32CubeIDE\plugins\com.st.stm32cube.common.mx_6.12.0.202406281431\\db\/mcu/
2024-08-31 10:00:29,225 [INFO] ApiDb:274 - Set plugin database path to: C:\ST\STM32CubeIDE_1.4.0\STM32CubeIDE\plugins\com.st.stm32cube.common.mx_6.12.0.202406281431\\db\/plugins/boardmanager/
2024-08-31 10:00:29,225 [INFO] ApiDb:261 - Set plugin images path to: C:\ST\STM32CubeIDE_1.4.0\STM32CubeIDE\plugins\com.st.stm32cube.common.mx_6.12.0.202406281431\\db\/plugins/mcufinder/images/
2024-08-31 10:00:29,226 [WARN] DbFile:41 - Overriding database path with different value: C:\Users\Abhishek\.stmcufinder\plugins\mcufinder/ => C:\Users\Abhishek\.stmcufinder\plugins\mcufinder
2024-08-31 10:00:29,226 [INFO] ApiDb:250 - Set database path to: C:\Users\Abhishek\.stmcufinder\plugins\mcufinder//mcu/
2024-08-31 10:00:29,226 [WARN] DbFile:41 - Overriding database path with different value: C:\Users\Abhishek\.stmcufinder\plugins\mcufinder/ => C:\Users\Abhishek\.stmcufinder\plugins\mcufinder
2024-08-31 10:00:29,226 [INFO] DbMcusAds:125 - Set database path to: C:\Users\Abhishek\.stmcufinder\plugins\mcufinder//mcu/
2024-08-31 10:00:29,226 [WARN] DbFile:41 - Overriding database path with different value: C:\Users\Abhishek\.stmcufinder\plugins\mcufinder/ => C:\Users\Abhishek\.stmcufinder\plugins\mcufinder
2024-08-31 10:00:29,226 [WARN] DbFile:41 - Overriding database path with different value: C:\Users\Abhishek\.stmcufinder\plugins\mcufinder/ => C:\Users\Abhishek\.stmcufinder\plugins\mcufinder
2024-08-31 10:00:29,227 [INFO] CrossReferenceDbSqlite:203 - Set database path to: C:\Users\Abhishek\.stmcufinder\plugins\mcufinder//mcu/cs/
2024-08-31 10:00:29,376 [INFO] MainPanel:268 - HeapMemory: 268435456
2024-08-31 10:00:29,552 [INFO] DbMcusXml:78 - Set database path to: C:\ST\STM32CubeIDE_1.4.0\STM32CubeIDE\plugins\com.st.stm32cube.common.mx_6.12.0.202406281431\\db\/mcu/
2024-08-31 10:00:29,552 [INFO] ApiDb:274 - Set plugin database path to: C:\ST\STM32CubeIDE_1.4.0\STM32CubeIDE\plugins\com.st.stm32cube.common.mx_6.12.0.202406281431\\db\/plugins/boardmanager/
2024-08-31 10:00:29,552 [INFO] ApiDb:261 - Set plugin images path to: C:\ST\STM32CubeIDE_1.4.0\STM32CubeIDE\plugins\com.st.stm32cube.common.mx_6.12.0.202406281431\\db\/plugins/mcufinder/images/
2024-08-31 10:00:29,553 [WARN] DbFile:41 - Overriding database path with different value: C:\Users\Abhishek\.stmcufinder\plugins\mcufinder/ => C:\Users\Abhishek\.stmcufinder\plugins\mcufinder
2024-08-31 10:00:29,553 [INFO] ApiDb:250 - Set database path to: C:\Users\Abhishek\.stmcufinder\plugins\mcufinder//mcu/
2024-08-31 10:00:29,554 [WARN] DbFile:41 - Overriding database path with different value: C:\Users\Abhishek\.stmcufinder\plugins\mcufinder/ => C:\Users\Abhishek\.stmcufinder\plugins\mcufinder
2024-08-31 10:00:29,554 [INFO] DbMcusAds:125 - Set database path to: C:\Users\Abhishek\.stmcufinder\plugins\mcufinder//mcu/
2024-08-31 10:00:29,554 [WARN] DbFile:41 - Overriding database path with different value: C:\Users\Abhishek\.stmcufinder\plugins\mcufinder/ => C:\Users\Abhishek\.stmcufinder\plugins\mcufinder
2024-08-31 10:00:29,554 [WARN] DbFile:41 - Overriding database path with different value: C:\Users\Abhishek\.stmcufinder\plugins\mcufinder/ => C:\Users\Abhishek\.stmcufinder\plugins\mcufinder
2024-08-31 10:00:29,554 [INFO] CrossReferenceDbSqlite:203 - Set database path to: C:\Users\Abhishek\.stmcufinder\plugins\mcufinder//mcu/cs/
2024-08-31 10:00:29,582 [INFO] ApplicationProperties:184 - Using Application install path: C:\ST\STM32CubeIDE_1.4.0\STM32CubeIDE\plugins\com.st.stm32cube.common.mx_6.12.0.202406281431
2024-08-31 10:00:29,583 [INFO] PluginManage:196 - Search for loadable plugins [exclusion list=, ]
2024-08-31 10:00:29,585 [INFO] PluginManage:310 - Check plugin analytics
2024-08-31 10:00:29,829 [INFO] AnalyticsPlugin:253 - Accepted Software Licenses: STM32CubeMX.6.1.0,STM32CubeMX.6.4.0,STM32CubeMX.6.2.0,STM32CubeMX.6.10.0
2024-08-31 10:00:29,829 [INFO] AnalyticsPlugin:255 - Accepted CMSIS Pack Licenses: 
2024-08-31 10:00:29,830 [INFO] AnalyticsPlugin:257 - Accepted Firmware Licenses: 
2024-08-31 10:00:29,833 [INFO] PluginManage:359 - Loaded plugin analytics (category:tool,tabindex:-1)
2024-08-31 10:00:29,834 [INFO] PluginManage:310 - Check plugin cadmodel
2024-08-31 10:00:29,847 [INFO] CADModel:105 - Init CAD model plugin
2024-08-31 10:00:29,848 [INFO] PluginManage:359 - Loaded plugin cadmodel (category:power,tabindex:5)
2024-08-31 10:00:29,848 [INFO] PluginManage:310 - Check plugin clock
2024-08-31 10:00:29,870 [INFO] PluginManage:359 - Loaded plugin clock (category:base,tabindex:2)
2024-08-31 10:00:29,870 [INFO] PluginManage:310 - Check plugin ddr
2024-08-31 10:00:29,878 [INFO] PluginManage:359 - Loaded plugin ddr (category:tool,tabindex:6)
2024-08-31 10:00:29,878 [INFO] PluginManage:310 - Check plugin filemanager
2024-08-31 10:00:30,101 [INFO] PluginManage:359 - Loaded plugin filemanager (category:base,tabindex:10)
2024-08-31 10:00:30,102 [INFO] PluginManage:310 - Check plugin ipmanager
2024-08-31 10:00:30,111 [INFO] PluginManage:359 - Loaded plugin ipmanager (category:base,tabindex:5)
2024-08-31 10:00:30,111 [INFO] PluginManage:310 - Check plugin lpbam
2024-08-31 10:00:30,140 [INFO] PluginManage:359 - Loaded plugin lpbam (category:base,tabindex:0)
2024-08-31 10:00:30,140 [INFO] PluginManage:310 - Check plugin memorymap
2024-08-31 10:00:30,175 [INFO] PluginManage:359 - Loaded plugin memorymap (category:base,tabindex:4)
2024-08-31 10:00:30,175 [INFO] PluginManage:310 - Check plugin pinoutandconfiguration
2024-08-31 10:00:30,190 [INFO] PluginManage:359 - Loaded plugin pinoutandconfiguration (category:base,tabindex:1)
2024-08-31 10:00:30,190 [INFO] PluginManage:310 - Check plugin pinoutconfig
2024-08-31 10:00:30,399 [WARN] SupportedApi:132 - Cannot load RTOS API schema: s4s-elt-must-match.1: The content of 'definitions' must match (annotation?, (simpleType | complexType)?, (unique | key | keyref)*)). A problem was found starting at: attribute.
2024-08-31 10:00:30,588 [INFO] PluginManage:359 - Loaded plugin pinoutconfig (category:base,tabindex:0)
2024-08-31 10:00:30,588 [INFO] PluginManage:310 - Check plugin power
2024-08-31 10:00:30,605 [INFO] PluginManage:359 - Loaded plugin power (category:power,tabindex:4)
2024-08-31 10:00:30,605 [INFO] PluginManage:310 - Check plugin projectmanager
2024-08-31 10:00:30,620 [INFO] PluginManage:359 - Loaded plugin projectmanager (category:projectmanager,tabindex:4)
2024-08-31 10:00:30,621 [INFO] PluginManage:310 - Check plugin rif
2024-08-31 10:00:30,682 [INFO] PluginManage:359 - Loaded plugin rif (category:base,tabindex:3)
2024-08-31 10:00:30,683 [INFO] PluginManage:310 - Check plugin thirdparty
2024-08-31 10:00:30,847 [WARN] IntegrityCheckThread:84 - waiting for thirdparty lock release [integrity check]
2024-08-31 10:00:30,847 [INFO] PluginManage:359 - Loaded plugin thirdparty (category:base,tabindex:-1)
2024-08-31 10:00:30,847 [INFO] IntegrityCheckThread:86 - entering critical section [integrity check]
2024-08-31 10:00:30,847 [INFO] PluginManage:310 - Check plugin tools
2024-08-31 10:00:30,848 [INFO] ThirdPartyUpdaterWithRetryManager:70 - Updater plugin not ready yet. [1/15]
2024-08-31 10:00:30,853 [INFO] PluginManage:359 - Loaded plugin tools (category:base,tabindex:7)
2024-08-31 10:00:30,854 [INFO] PluginManage:310 - Check plugin tutovideos
2024-08-31 10:00:31,106 [INFO] PluginManage:359 - Loaded plugin tutovideos (category:base,tabindex:-1)
2024-08-31 10:00:31,106 [INFO] PluginManage:310 - Check plugin updater
2024-08-31 10:00:31,128 [INFO] PluginManage:359 - Loaded plugin updater (category:base,tabindex:12)
2024-08-31 10:00:31,128 [INFO] PluginManage:310 - Check plugin userauth
2024-08-31 10:00:31,136 [INFO] UserAuth:113 - Init User Auth plugin
2024-08-31 10:00:31,136 [INFO] PluginManage:359 - Loaded plugin userauth (category:base,tabindex:14)
2024-08-31 10:00:31,136 [INFO] PluginManage:283 - PluginManage : Loaded plugins [18]
2024-08-31 10:00:31,390 [INFO] PinOutPanel:1561 - setPackage(No Configuration,No Configuration)
2024-08-31 10:00:31,523 [INFO] CADModel:165 - CPN selected for project level
2024-08-31 10:00:31,523 [INFO] CADModel:114 - Register for checkConnection events
2024-08-31 10:00:31,553 [INFO] IPUIPlugin:80 - create IPUIPlugin
2024-08-31 10:00:31,553 [INFO] PluginManager:220 - loadIPPluginJar : add adc
2024-08-31 10:00:31,559 [INFO] IPUIPlugin:80 - create IPUIPlugin
2024-08-31 10:00:31,559 [INFO] PluginManager:220 - loadIPPluginJar : add aes
2024-08-31 10:00:31,565 [INFO] IPUIPlugin:80 - create IPUIPlugin
2024-08-31 10:00:31,566 [INFO] PluginManager:220 - loadIPPluginJar : add can
2024-08-31 10:00:31,569 [INFO] IPUIPlugin:80 - create IPUIPlugin
2024-08-31 10:00:31,570 [INFO] PluginManager:220 - loadIPPluginJar : add comp
2024-08-31 10:00:31,575 [INFO] IPUIPlugin:80 - create IPUIPlugin
2024-08-31 10:00:31,575 [INFO] PluginManager:220 - loadIPPluginJar : add cryp
2024-08-31 10:00:31,582 [INFO] IPUIPlugin:80 - create IPUIPlugin
2024-08-31 10:00:31,582 [INFO] PluginManager:220 - loadIPPluginJar : add ddr_ctrl_phy
2024-08-31 10:00:31,586 [INFO] IPUIPlugin:80 - create IPUIPlugin
2024-08-31 10:00:31,586 [INFO] PluginManager:220 - loadIPPluginJar : add dfsdm
2024-08-31 10:00:31,600 [INFO] IPUIPlugin:80 - create IPUIPlugin
2024-08-31 10:00:31,600 [INFO] PluginManager:220 - loadIPPluginJar : add dma
2024-08-31 10:00:31,606 [INFO] IPUIPlugin:80 - create IPUIPlugin
2024-08-31 10:00:31,606 [INFO] PluginManager:220 - loadIPPluginJar : add dma3
2024-08-31 10:00:31,614 [INFO] IPUIPlugin:80 - create IPUIPlugin
2024-08-31 10:00:31,614 [INFO] PluginManager:220 - loadIPPluginJar : add extmemmanager
2024-08-31 10:00:31,619 [INFO] IPUIPlugin:80 - create IPUIPlugin
2024-08-31 10:00:31,619 [INFO] PluginManager:220 - loadIPPluginJar : add fatfs
2024-08-31 10:00:31,627 [INFO] IPUIPlugin:80 - create IPUIPlugin
2024-08-31 10:00:31,627 [INFO] PluginManager:220 - loadIPPluginJar : add fmc
2024-08-31 10:00:31,673 [INFO] IPUIPlugin:80 - create IPUIPlugin
2024-08-31 10:00:31,673 [INFO] PluginManager:220 - loadIPPluginJar : add freertos
2024-08-31 10:00:31,677 [INFO] IPUIPlugin:80 - create IPUIPlugin
2024-08-31 10:00:31,677 [INFO] PluginManager:220 - loadIPPluginJar : add genericplugin
2024-08-31 10:00:31,685 [INFO] IPUIPlugin:80 - create IPUIPlugin
2024-08-31 10:00:31,685 [INFO] PluginManager:220 - loadIPPluginJar : add gfxmmu
2024-08-31 10:00:31,698 [INFO] IPUIPlugin:80 - create IPUIPlugin
2024-08-31 10:00:31,698 [INFO] PluginManager:220 - loadIPPluginJar : add gic
2024-08-31 10:00:31,716 [INFO] IPUIPlugin:80 - create IPUIPlugin
2024-08-31 10:00:31,716 [INFO] PluginManager:220 - loadIPPluginJar : add gpio
2024-08-31 10:00:31,726 [INFO] IPUIPlugin:80 - create IPUIPlugin
2024-08-31 10:00:31,726 [INFO] PluginManager:220 - loadIPPluginJar : add gtzc
2024-08-31 10:00:31,733 [INFO] IPUIPlugin:80 - create IPUIPlugin
2024-08-31 10:00:31,733 [INFO] PluginManager:220 - loadIPPluginJar : add hash
2024-08-31 10:00:31,740 [INFO] IPUIPlugin:80 - create IPUIPlugin
2024-08-31 10:00:31,740 [INFO] PluginManager:220 - loadIPPluginJar : add i2c
2024-08-31 10:00:31,747 [INFO] IPUIPlugin:80 - create IPUIPlugin
2024-08-31 10:00:31,747 [INFO] PluginManager:220 - loadIPPluginJar : add i2s
2024-08-31 10:00:31,753 [INFO] IPUIPlugin:80 - create IPUIPlugin
2024-08-31 10:00:31,753 [INFO] PluginManager:220 - loadIPPluginJar : add i3c
2024-08-31 10:00:31,762 [INFO] IPUIPlugin:80 - create IPUIPlugin
2024-08-31 10:00:31,762 [INFO] PluginManager:220 - loadIPPluginJar : add ipddr
2024-08-31 10:00:31,777 [INFO] IPUIPlugin:80 - create IPUIPlugin
2024-08-31 10:00:31,777 [INFO] PluginManager:220 - loadIPPluginJar : add linkedlist
2024-08-31 10:00:31,783 [INFO] IPUIPlugin:80 - create IPUIPlugin
2024-08-31 10:00:31,783 [INFO] PluginManager:220 - loadIPPluginJar : add lorawan
2024-08-31 10:00:31,789 [INFO] IPUIPlugin:80 - create IPUIPlugin
2024-08-31 10:00:31,789 [INFO] PluginManager:220 - loadIPPluginJar : add ltdc
2024-08-31 10:00:31,809 [INFO] IPUIPlugin:80 - create IPUIPlugin
2024-08-31 10:00:31,809 [INFO] PluginManager:220 - loadIPPluginJar : add mdma
2024-08-31 10:00:31,845 [INFO] IPUIPlugin:80 - create IPUIPlugin
2024-08-31 10:00:31,845 [INFO] PluginManager:220 - loadIPPluginJar : add nvic
2024-08-31 10:00:31,851 [INFO] IPUIPlugin:80 - create IPUIPlugin
2024-08-31 10:00:31,851 [INFO] PluginManager:220 - loadIPPluginJar : add opamp
2024-08-31 10:00:31,859 [INFO] IPUIPlugin:80 - create IPUIPlugin
2024-08-31 10:00:31,859 [INFO] PluginManager:220 - loadIPPluginJar : add openamp
2024-08-31 10:00:31,866 [INFO] IPUIPlugin:80 - create IPUIPlugin
2024-08-31 10:00:31,866 [INFO] PluginManager:220 - loadIPPluginJar : add pdm2pcm
2024-08-31 10:00:31,883 [INFO] IPUIPlugin:80 - create IPUIPlugin
2024-08-31 10:00:31,885 [INFO] PluginManager:220 - loadIPPluginJar : add plateformsettings
2024-08-31 10:00:31,890 [INFO] IPUIPlugin:80 - create IPUIPlugin
2024-08-31 10:00:31,890 [INFO] PluginManager:220 - loadIPPluginJar : add quadspi
2024-08-31 10:00:31,894 [INFO] IPUIPlugin:80 - create IPUIPlugin
2024-08-31 10:00:31,895 [INFO] PluginManager:220 - loadIPPluginJar : add radio
2024-08-31 10:00:31,939 [INFO] IPUIPlugin:80 - create IPUIPlugin
2024-08-31 10:00:31,940 [INFO] PluginManager:220 - loadIPPluginJar : add resmgrutility
2024-08-31 10:00:31,947 [INFO] IPUIPlugin:80 - create IPUIPlugin
2024-08-31 10:00:31,947 [INFO] PluginManager:220 - loadIPPluginJar : add sai
2024-08-31 10:00:31,953 [INFO] IPUIPlugin:80 - create IPUIPlugin
2024-08-31 10:00:31,953 [INFO] PluginManager:220 - loadIPPluginJar : add spi
2024-08-31 10:00:31,963 [INFO] IPUIPlugin:80 - create IPUIPlugin
2024-08-31 10:00:31,963 [INFO] PluginManager:220 - loadIPPluginJar : add stm32_wpan
2024-08-31 10:00:31,968 [INFO] IPUIPlugin:80 - create IPUIPlugin
2024-08-31 10:00:31,968 [INFO] PluginManager:220 - loadIPPluginJar : add tim
2024-08-31 10:00:31,978 [INFO] IPUIPlugin:80 - create IPUIPlugin
2024-08-31 10:00:31,978 [INFO] PluginManager:220 - loadIPPluginJar : add touchsensing
2024-08-31 10:00:31,983 [INFO] IPUIPlugin:80 - create IPUIPlugin
2024-08-31 10:00:31,983 [INFO] PluginManager:220 - loadIPPluginJar : add tracer_emb
2024-08-31 10:00:31,987 [INFO] IPUIPlugin:80 - create IPUIPlugin
2024-08-31 10:00:31,987 [INFO] PluginManager:220 - loadIPPluginJar : add ts
2024-08-31 10:00:31,992 [INFO] IPUIPlugin:80 - create IPUIPlugin
2024-08-31 10:00:31,992 [INFO] PluginManager:220 - loadIPPluginJar : add tsc
2024-08-31 10:00:31,996 [INFO] IPUIPlugin:80 - create IPUIPlugin
2024-08-31 10:00:31,996 [INFO] PluginManager:220 - loadIPPluginJar : add ucpd
2024-08-31 10:00:32,004 [INFO] IPUIPlugin:80 - create IPUIPlugin
2024-08-31 10:00:32,004 [INFO] PluginManager:220 - loadIPPluginJar : add usart
2024-08-31 10:00:32,011 [INFO] IPUIPlugin:80 - create IPUIPlugin
2024-08-31 10:00:32,012 [INFO] PluginManager:220 - loadIPPluginJar : add usbx
2024-08-31 10:00:32,186 [INFO] CADModel:165 - CPN selected for project level
2024-08-31 10:00:32,186 [INFO] CADModel:114 - Register for checkConnection events
2024-08-31 10:00:32,186 [FATAL] Updater:334 - Updater called before beeing initialized
2024-08-31 10:00:32,186 [ERROR] CADModel:125 - Updater not yet initialized, retry later 
2024-08-31 10:00:32,369 [INFO] CADModel:165 - CPN selected for project level
2024-08-31 10:00:32,369 [INFO] CADModel:114 - Register for checkConnection events
2024-08-31 10:00:32,369 [FATAL] Updater:334 - Updater called before beeing initialized
2024-08-31 10:00:32,369 [ERROR] CADModel:125 - Updater not yet initialized, retry later 
2024-08-31 10:00:32,372 [FATAL] Updater:334 - Updater called before beeing initialized
2024-08-31 10:00:32,530 [FATAL] Updater:334 - Updater called before beeing initialized
2024-08-31 10:00:32,534 [INFO] DbMcusAds:53 - JSON generation date=Thu May 16 14:52:00 IST 2024 (1715851320667)
2024-08-31 10:00:32,534 [FATAL] Updater:334 - Updater called before beeing initialized
2024-08-31 10:00:32,591 [WARN] DetailPanel:346 - Failed to get advertising image, set to default
2024-08-31 10:00:32,698 [FATAL] Updater:334 - Updater called before beeing initialized
2024-08-31 10:00:32,701 [FATAL] Updater:334 - Updater called before beeing initialized
2024-08-31 10:00:32,701 [FATAL] Updater:334 - Updater called before beeing initialized
2024-08-31 10:00:32,701 [WARN] DetailPanel:346 - Failed to get advertising image, set to default
2024-08-31 10:00:32,702 [FATAL] Updater:334 - Updater called before beeing initialized
2024-08-31 10:00:32,766 [ERROR] Updater:1164 - MainUpdater not yet initialized. External WinMGr cannot be set.
2024-08-31 10:00:32,771 [INFO] Updater:1100 - Updater Version found : 6.12.0
2024-08-31 10:00:32,792 [INFO] ApplicationProperties:184 - Using Application install path: C:\ST\STM32CubeIDE_1.4.0\STM32CubeIDE\plugins\com.st.stm32cube.common.mx_6.12.0.202406281431
2024-08-31 10:00:33,609 [INFO] MainUpdater:2873 - connection check result : 10
2024-08-31 10:00:33,609 [INFO] MainUpdater:3567 - Updater definition file requires update
2024-08-31 10:00:33,610 [INFO] MainUpdater:290 - Updater Check For Update Now.
2024-08-31 10:00:33,610 [INFO] MicroXplorer:498 - Change Database Version : DB.6.0.120
2024-08-31 10:00:33,627 [INFO] McuFinderGlobals:63 - Set McuFinder mode to 2 (CubeIDE integrated)
2024-08-31 10:00:33,630 [INFO] UserAuth:417 - Internet connection configuration mode: 1
2024-08-31 10:00:33,660 [INFO] JxBrowserEngine:152 - Initiate JxBrowser Engine with user profile folder
2024-08-31 10:00:33,848 [WARN] MainUpdater:1194 - Updater busy. Cannot search thirdparties
2024-08-31 10:00:33,848 [INFO] ThirdPartyUpdaterWithRetryManager:96 - Updater plugin is busy. [1/15]
2024-08-31 10:00:33,997 [INFO] ServerAccessManage:473 - Download File updaters.zip
2024-08-31 10:00:34,296 [INFO] FileExtend:240 - Unzip File : updaters.zip
2024-08-31 10:00:34,296 [INFO] FileExtend:255 - Standard Zip Deflate
2024-08-31 10:00:36,032 [INFO] WebApp:167 - Instantiating new browser for Auth
2024-08-31 10:00:36,533 [INFO] ServerAccessManage:473 - Download File PacksControlFlags.xml
2024-08-31 10:00:36,713 [INFO] ServerAccessManage:473 - Download File cubemx.pidx
2024-08-31 10:00:36,849 [WARN] MainUpdater:1194 - Updater busy. Cannot search thirdparties
2024-08-31 10:00:36,849 [INFO] ThirdPartyUpdaterWithRetryManager:96 - Updater plugin is busy. [2/15]
2024-08-31 10:00:36,861 [INFO] LoadServerUpdatesThread:375 - End of LoadServerUpdate Thread
2024-08-31 10:00:37,088 [INFO] CheckServerUpdateThread:120 - End of CheckServer Thread
2024-08-31 10:00:37,435 [INFO] WebApp:448 - Apply proxy settings
2024-08-31 10:00:37,435 [INFO] WebApp:533 - Chromium requires no authentication
2024-08-31 10:00:37,452 [INFO] WebApp:476 - Direct internet connection detected
2024-08-31 10:00:37,486 [INFO] WebApp:869 - Register for checkConnection events
2024-08-31 10:00:37,486 [INFO] WebApp:448 - Apply proxy settings
2024-08-31 10:00:37,486 [INFO] WebApp:533 - Chromium requires no authentication
2024-08-31 10:00:37,486 [INFO] WebApp:476 - Direct internet connection detected
2024-08-31 10:00:37,724 [INFO] WebApp:220 - Starting web application
2024-08-31 10:00:37,724 [INFO] WebApp:578 - Web application path used C:\ST\STM32CubeIDE_1.4.0\STM32CubeIDE\plugins\com.st.stm32cube.common.mx_6.12.0.202406281431\db\plugins\mcufinder\reactClient1\index.html
2024-08-31 10:00:37,859 [INFO] UserAuth:417 - Internet connection configuration mode: 1
2024-08-31 10:00:38,727 [INFO] WebApp:186 - Connection restablished
2024-08-31 10:00:40,215 [WARN] PackLoader:240 - Cannot read IP mode file for STMicroelectronics.FP-SNS-MOTENVWB1.1.4.0
2024-08-31 10:00:40,231 [WARN] PackLoader:240 - Cannot read IP mode file for STMicroelectronics.X-CUBE-SMBUS.2.1.0
2024-08-31 10:00:40,236 [WARN] PackLoader:240 - Cannot read IP mode file for STMicroelectronics.X-CUBE-TOUCHGFX.4.23.2
2024-08-31 10:00:40,269 [WARN] PackLoader:240 - Cannot read IP mode file for STMicroelectronics.X-CUBE-AZRTOS-F7.1.1.0
2024-08-31 10:00:40,366 [WARN] PackLoader:240 - Cannot read IP mode file for STMicroelectronics.X-CUBE-MEMS1.11.0.0
2024-08-31 10:00:40,618 [WARN] PackLoader:240 - Cannot read IP mode file for STMicroelectronics.FP-SNS-FLIGHT1.5.0.2
2024-08-31 10:00:40,631 [WARN] PackLoader:240 - Cannot read IP mode file for STMicroelectronics.X-CUBE-DISPLAY.3.0.0
2024-08-31 10:00:40,643 [WARN] PackLoader:240 - Cannot read IP mode file for STMicroelectronics.X-CUBE-BLE1.7.0.0
2024-08-31 10:00:40,651 [WARN] PackLoader:240 - Cannot read IP mode file for emotas.I-CUBE-CANOPEN.1.3.0
2024-08-31 10:00:40,665 [WARN] PackLoader:240 - Cannot read IP mode file for STMicroelectronics.X-CUBE-BLEMGR.3.1.0
2024-08-31 10:00:40,676 [WARN] PackLoader:240 - Cannot read IP mode file for STMicroelectronics.FP-SNS-SMARTAG2.1.2.0
2024-08-31 10:00:40,686 [INFO] LogOutputStream:77 - [STDOUT_REDIRECT] 1 : Invalid condition id : UX_CORESTACK_Condition cause : null
2024-08-31 10:00:40,687 [INFO] LogOutputStream:77 - [STDOUT_REDIRECT] 1 : Invalid condition id : UX_CORESTACK_Condition cause : null
2024-08-31 10:00:40,688 [INFO] LogOutputStream:77 - [STDOUT_REDIRECT] 1 : Invalid condition id : UX_CORESTACK_Condition cause : null
2024-08-31 10:00:40,691 [INFO] LogOutputStream:77 - [STDOUT_REDIRECT] 1 : Invalid condition id : UX_CORESTACK_Condition cause : null
2024-08-31 10:00:40,694 [INFO] LogOutputStream:77 - [STDOUT_REDIRECT] 1 : Invalid condition id : UX_CORESTACK_Condition cause : null
2024-08-31 10:00:40,696 [WARN] PackLoader:240 - Cannot read IP mode file for STMicroelectronics.X-CUBE-AZRTOS-WL.2.0.0
2024-08-31 10:00:40,702 [WARN] PackLoader:240 - Cannot read IP mode file for STMicroelectronics.FP-SNS-MOTENV1.5.0.0
2024-08-31 10:00:40,708 [WARN] PackLoader:240 - Cannot read IP mode file for wolfSSL.I-CUBE-wolfMQTT.1.19.0
2024-08-31 10:00:40,718 [WARN] PackLoader:240 - Cannot read IP mode file for WES.I-CUBE-Cesium.1.3.0
2024-08-31 10:00:40,724 [WARN] PackLoader:240 - Cannot read IP mode file for STMicroelectronics.X-CUBE-BLE2.3.3.0
2024-08-31 10:00:40,734 [WARN] PackLoader:240 - Cannot read IP mode file for STMicroelectronics.X-CUBE-TCPP.4.1.0
2024-08-31 10:00:40,745 [WARN] PackLoader:240 - Cannot read IP mode file for STMicroelectronics.X-CUBE-ALGOBUILD.1.3.0
2024-08-31 10:00:40,771 [WARN] PackLoader:240 - Cannot read IP mode file for STMicroelectronics.X-CUBE-AZRTOS-G0.1.1.0
2024-08-31 10:00:40,785 [WARN] PackLoader:240 - Cannot read IP mode file for STMicroelectronics.X-CUBE-SAFEA1.1.2.2
2024-08-31 10:00:40,795 [WARN] PackLoader:240 - Cannot read IP mode file for STMicroelectronics.X-CUBE-NFC4.3.0.0
2024-08-31 10:00:40,808 [WARN] PackLoader:240 - Cannot read IP mode file for EmbeddedOffice.I-CUBE-FS-RTOS.1.0.1
2024-08-31 10:00:40,809 [ERROR] ConditionMgr:805 - Attr not supported : Dmpu
2024-08-31 10:00:40,809 [ERROR] ConditionMgr:805 - Attr not supported : Dmpu
2024-08-31 10:00:40,810 [ERROR] ConditionMgr:805 - Attr not supported : Dmpu
2024-08-31 10:00:40,810 [ERROR] ConditionMgr:805 - Attr not supported : Dmpu
2024-08-31 10:00:40,810 [ERROR] ConditionMgr:805 - Attr not supported : Dmpu
2024-08-31 10:00:40,810 [ERROR] ConditionMgr:805 - Attr not supported : Dmpu
2024-08-31 10:00:40,810 [ERROR] ConditionMgr:805 - Attr not supported : Dmpu
2024-08-31 10:00:40,810 [ERROR] ConditionMgr:805 - Attr not supported : Dmpu
2024-08-31 10:00:40,810 [ERROR] ConditionMgr:805 - Attr not supported : Dmpu
2024-08-31 10:00:40,810 [ERROR] ConditionMgr:805 - Attr not supported : Dmpu
2024-08-31 10:00:40,810 [ERROR] ConditionMgr:805 - Attr not supported : Dmpu
2024-08-31 10:00:40,810 [ERROR] ConditionMgr:805 - Attr not supported : Dmpu
2024-08-31 10:00:40,810 [ERROR] ConditionMgr:805 - Attr not supported : Dmpu
2024-08-31 10:00:40,811 [ERROR] ConditionMgr:805 - Attr not supported : Dmpu
2024-08-31 10:00:40,811 [ERROR] ConditionMgr:805 - Attr not supported : Dmpu
2024-08-31 10:00:40,811 [ERROR] ConditionMgr:805 - Attr not supported : Dmpu
2024-08-31 10:00:40,811 [ERROR] ConditionMgr:805 - Attr not supported : Dmpu
2024-08-31 10:00:40,811 [ERROR] ConditionMgr:805 - Attr not supported : Dmpu
2024-08-31 10:00:40,811 [ERROR] ConditionMgr:805 - Attr not supported : Dmpu
2024-08-31 10:00:40,811 [ERROR] ConditionMgr:805 - Attr not supported : Dmpu
2024-08-31 10:00:40,811 [ERROR] ConditionMgr:805 - Attr not supported : Dmpu
2024-08-31 10:00:40,811 [ERROR] ConditionMgr:805 - Attr not supported : Dmpu
2024-08-31 10:00:40,811 [ERROR] ConditionMgr:805 - Attr not supported : Dmpu
2024-08-31 10:00:40,811 [ERROR] ConditionMgr:805 - Attr not supported : Dmpu
2024-08-31 10:00:40,811 [ERROR] ConditionMgr:805 - Attr not supported : Dmpu
2024-08-31 10:00:40,811 [ERROR] ConditionMgr:805 - Attr not supported : Dmpu
2024-08-31 10:00:40,811 [ERROR] ConditionMgr:805 - Attr not supported : Dmpu
2024-08-31 10:00:40,811 [ERROR] ConditionMgr:805 - Attr not supported : Dmpu
2024-08-31 10:00:40,811 [ERROR] ConditionMgr:805 - Attr not supported : Dmpu
2024-08-31 10:00:40,811 [ERROR] ConditionMgr:805 - Attr not supported : Dmpu
2024-08-31 10:00:40,812 [ERROR] ConditionMgr:805 - Attr not supported : Dmpu
2024-08-31 10:00:40,812 [ERROR] ConditionMgr:805 - Attr not supported : Dmpu
2024-08-31 10:00:40,812 [ERROR] ConditionMgr:805 - Attr not supported : Dmpu
2024-08-31 10:00:40,812 [ERROR] ConditionMgr:805 - Attr not supported : Dmpu
2024-08-31 10:00:40,812 [ERROR] ConditionMgr:805 - Attr not supported : Dmpu
2024-08-31 10:00:40,812 [ERROR] ConditionMgr:805 - Attr not supported : Dmpu
2024-08-31 10:00:40,812 [ERROR] ConditionMgr:805 - Attr not supported : Dmpu
2024-08-31 10:00:40,812 [ERROR] ConditionMgr:805 - Attr not supported : Dmpu
2024-08-31 10:00:40,812 [ERROR] ConditionMgr:805 - Attr not supported : Dmpu
2024-08-31 10:00:40,812 [ERROR] ConditionMgr:805 - Attr not supported : Dmpu
2024-08-31 10:00:40,812 [ERROR] ConditionMgr:805 - Attr not supported : Dmpu
2024-08-31 10:00:40,812 [ERROR] ConditionMgr:805 - Attr not supported : Dmpu
2024-08-31 10:00:40,812 [ERROR] ConditionMgr:805 - Attr not supported : Dmpu
2024-08-31 10:00:40,813 [ERROR] ConditionMgr:805 - Attr not supported : Dmpu
2024-08-31 10:00:40,813 [ERROR] ConditionMgr:805 - Attr not supported : Dmpu
2024-08-31 10:00:40,813 [ERROR] ConditionMgr:805 - Attr not supported : Dmpu
2024-08-31 10:00:40,813 [ERROR] ConditionMgr:805 - Attr not supported : Dmpu
2024-08-31 10:00:40,813 [ERROR] ConditionMgr:805 - Attr not supported : Dmpu
2024-08-31 10:00:40,813 [ERROR] ConditionMgr:805 - Attr not supported : Dmpu
2024-08-31 10:00:40,813 [ERROR] ConditionMgr:805 - Attr not supported : Dmpu
2024-08-31 10:00:40,813 [ERROR] ConditionMgr:805 - Attr not supported : Dmpu
2024-08-31 10:00:40,813 [ERROR] ConditionMgr:805 - Attr not supported : Dmpu
2024-08-31 10:00:40,813 [ERROR] ConditionMgr:805 - Attr not supported : Dmpu
2024-08-31 10:00:40,813 [ERROR] ConditionMgr:805 - Attr not supported : Dmpu
2024-08-31 10:00:40,813 [ERROR] ConditionMgr:805 - Attr not supported : Dmpu
2024-08-31 10:00:40,813 [ERROR] ConditionMgr:805 - Attr not supported : Dmpu
2024-08-31 10:00:40,813 [ERROR] ConditionMgr:805 - Attr not supported : Dmpu
2024-08-31 10:00:40,813 [ERROR] ConditionMgr:805 - Attr not supported : Dmpu
2024-08-31 10:00:40,814 [ERROR] ConditionMgr:805 - Attr not supported : Dmpu
2024-08-31 10:00:40,814 [ERROR] ConditionMgr:805 - Attr not supported : Dmpu
2024-08-31 10:00:40,814 [ERROR] ConditionMgr:805 - Attr not supported : Dmpu
2024-08-31 10:00:40,814 [ERROR] ConditionMgr:805 - Attr not supported : Dmpu
2024-08-31 10:00:40,814 [ERROR] ConditionMgr:805 - Attr not supported : Dmpu
2024-08-31 10:00:40,814 [ERROR] ConditionMgr:805 - Attr not supported : Dmpu
2024-08-31 10:00:40,826 [WARN] PackLoader:240 - Cannot read IP mode file for RealThread.X-CUBE-RT-Thread_Nano.4.1.1
2024-08-31 10:00:40,834 [WARN] PackLoader:240 - Cannot read IP mode file for wolfSSL.I-CUBE-wolfSSL.5.7.0
2024-08-31 10:00:40,839 [WARN] PackLoader:240 - Cannot read IP mode file for STMicroelectronics.FP-ATR-SIGFOX1.3.2.0
2024-08-31 10:00:40,849 [WARN] PackLoader:240 - Cannot read IP mode file for STMicroelectronics.X-CUBE-EEPRMA1.5.1.0
2024-08-31 10:00:40,862 [WARN] PackLoader:240 - Cannot read IP mode file for ITTIA_DB.I-CUBE-ITTIADB.8.9.0
2024-08-31 10:00:40,900 [WARN] PackLoader:240 - Cannot read IP mode file for SEGGER.I-CUBE-embOS.1.3.1
2024-08-31 10:00:40,953 [WARN] PackLoader:240 - Cannot read IP mode file for STMicroelectronics.X-CUBE-ALGOBUILD.1.4.0
2024-08-31 10:00:40,963 [WARN] PackLoader:240 - Cannot read IP mode file for STMicroelectronics.X-CUBE-GNSS1.6.0.0
2024-08-31 10:00:40,984 [WARN] PackLoader:240 - Cannot read IP mode file for STMicroelectronics.X-CUBE-AZRTOS-F4.1.1.0
2024-08-31 10:00:40,994 [WARN] PackLoader:240 - Cannot read IP mode file for STMicroelectronics.X-CUBE-FREERTOS.1.2.0
2024-08-31 10:00:41,024 [WARN] PackLoader:240 - Cannot read IP mode file for STMicroelectronics.X-CUBE-AZRTOS-L5.2.0.0
2024-08-31 10:00:41,036 [WARN] PackLoader:240 - Cannot read IP mode file for STMicroelectronics.X-CUBE-NFC6.3.1.0
2024-08-31 10:00:41,046 [WARN] PackLoader:240 - Cannot read IP mode file for STMicroelectronics.X-CUBE-DPower.1.2.0
2024-08-31 10:00:41,054 [WARN] PackLoader:240 - Cannot read IP mode file for STMicroelectronics.X-CUBE-AI.9.0.0
2024-08-31 10:00:41,062 [WARN] PackLoader:240 - Cannot read IP mode file for STMicroelectronics.X-CUBE-NFC7.1.0.1
2024-08-31 10:00:41,068 [WARN] PackLoader:240 - Cannot read IP mode file for wolfSSL.I-CUBE-wolfTPM.3.2.0
2024-08-31 10:00:41,073 [WARN] PackLoader:240 - Cannot read IP mode file for STMicroelectronics.X-CUBE-AI.8.1.0
2024-08-31 10:00:41,098 [WARN] ConditionMgr:438 - getConditionDescription Invalid condition id : LAN8742 Phy interface Condition cause : null
2024-08-31 10:00:41,099 [WARN] PackLoader:240 - Cannot read IP mode file for STMicroelectronics.X-CUBE-AZRTOS-L4.2.0.0
2024-08-31 10:00:41,101 [WARN] ConditionMgr:1039 - genDependencies : Invalid condition id : LAN8742 Phy interface Condition cause : null
2024-08-31 10:00:41,101 [WARN] ConditionMgr:1039 - genDependencies : Invalid condition id : LAN8742 Phy interface Condition cause : null
2024-08-31 10:00:41,102 [WARN] ConditionMgr:1039 - genDependencies : Invalid condition id : LAN8742 Phy interface Condition cause : null
2024-08-31 10:00:41,113 [WARN] PackLoader:240 - Cannot read IP mode file for STMicroelectronics.X-CUBE-SFXS2LP1.4.0.0
2024-08-31 10:00:41,134 [WARN] PackLoader:240 - Cannot read IP mode file for STMicroelectronics.X-CUBE-AZRTOS-H7.3.3.0
2024-08-31 10:00:41,149 [WARN] ConditionMgr:438 - getConditionDescription Invalid condition id : UX DEVICE CLASS RTOS Condition cause : null
2024-08-31 10:00:41,149 [WARN] ConditionMgr:438 - getConditionDescription Invalid condition id : UX DEVICE CLASS RTOS Condition cause : null
2024-08-31 10:00:41,151 [WARN] PackLoader:240 - Cannot read IP mode file for STMicroelectronics.X-CUBE-AZRTOS-WB.2.0.0
2024-08-31 10:00:41,152 [WARN] ConditionMgr:1039 - genDependencies : Invalid condition id : UX DEVICE CLASS RTOS Condition cause : null
2024-08-31 10:00:41,152 [WARN] ConditionMgr:1039 - genDependencies : Invalid condition id : UX DEVICE CLASS RTOS Condition cause : null
2024-08-31 10:00:41,153 [WARN] ConditionMgr:1039 - genDependencies : Invalid condition id : UX DEVICE CLASS RTOS Condition cause : null
2024-08-31 10:00:41,153 [WARN] ConditionMgr:1039 - genDependencies : Invalid condition id : UX DEVICE CLASS RTOS Condition cause : null
2024-08-31 10:00:41,153 [WARN] ConditionMgr:1039 - genDependencies : Invalid condition id : UX DEVICE CLASS RTOS Condition cause : null
2024-08-31 10:00:41,161 [WARN] PackLoader:240 - Cannot read IP mode file for STMicroelectronics.FP-SNS-STBOX1.2.0.0
2024-08-31 10:00:41,173 [WARN] PackLoader:240 - Cannot read IP mode file for STMicroelectronics.X-CUBE-SUBG2.5.0.0
2024-08-31 10:00:41,184 [WARN] PackLoader:240 - Cannot read IP mode file for Cesanta.I-CUBE-Mongoose.7.13.0
2024-08-31 10:00:41,202 [WARN] PackLoader:240 - Cannot read IP mode file for STMicroelectronics.X-CUBE-AZRTOS-G4.2.0.0
2024-08-31 10:00:41,211 [WARN] PackLoader:240 - Cannot read IP mode file for STMicroelectronics.FP-SNS-MOTENVWB1.1.3.1
2024-08-31 10:00:41,216 [WARN] PackLoader:240 - Cannot read IP mode file for STMicroelectronics.X-CUBE-ISPU.2.0.0
2024-08-31 10:00:41,222 [WARN] PackLoader:240 - Cannot read IP mode file for STMicroelectronics.X-CUBE-ALS.1.0.2
2024-08-31 10:00:41,262 [WARN] PackLoader:240 - Cannot read IP mode file for STMicroelectronics.X-CUBE-MEMS1.10.0.0
2024-08-31 10:00:41,412 [WARN] PackLoader:240 - Cannot read IP mode file for STMicroelectronics.X-CUBE-FREERTOS.1.1.0
2024-08-31 10:00:41,418 [WARN] PackLoader:240 - Cannot read IP mode file for STMicroelectronics.X-CUBE-TOUCHGFX.4.24.0
2024-08-31 10:00:41,427 [WARN] PackLoader:240 - Cannot read IP mode file for portGmbH.I-Cube-SoM-uGOAL.1.1.0
2024-08-31 10:00:41,433 [WARN] PackLoader:240 - Cannot read IP mode file for STMicroelectronics.X-CUBE-ALS.1.0.1
2024-08-31 10:00:41,454 [WARN] PackLoader:240 - Cannot read IP mode file for STMicroelectronics.X-CUBE-AZRTOS-H7RS.1.0.0
2024-08-31 10:00:41,463 [WARN] PackLoader:240 - Cannot read IP mode file for STMicroelectronics.FP-ATR-ASTRA1.2.0.0
2024-08-31 10:00:41,477 [WARN] PackLoader:240 - Cannot read IP mode file for STMicroelectronics.X-CUBE-TOF1.3.4.2
2024-08-31 10:00:41,498 [WARN] PackLoader:240 - Cannot read IP mode file for STMicroelectronics.X-CUBE-TOF1.3.4.1
2024-08-31 10:00:41,531 [WARN] PackLoader:240 - Cannot read IP mode file for STMicroelectronics.X-CUBE-AZRTOS-H7.3.2.0
2024-08-31 10:00:41,562 [WARN] PackLoader:240 - Cannot read IP mode file for Infineon.AIROC-Wi-Fi-Bluetooth-STM32.1.6.0
2024-08-31 10:00:41,570 [WARN] PackLoader:240 - Cannot read IP mode file for wolfSSL.I-CUBE-wolfSSH.1.4.17
2024-08-31 10:00:41,571 [INFO] ThirdParty:978 - Integrity check success = true
2024-08-31 10:00:41,571 [INFO] IntegrityCheckThread:100 - exiting critical section [integrity check]
2024-08-31 10:00:41,571 [INFO] IntegrityCheckThread:103 - End integrity checks thread
2024-08-31 17:05:37,031 [ERROR] LogOutputStream:75 - [STDERR_REDIRECT] 
