2024-03-30 16:07:23,184 [INFO] Activator:176 - 


2024-03-30 16:07:23,184 [INFO] Activator:177 - !SESSION log4j initialized
2024-03-30 16:07:29,539 [INFO] LogOutputStream:77 - [STDOUT_REDIRECT] 
2024-03-30 16:07:31,367 [INFO] ApplicationProperties:184 - Using Application install path: C:\ST\STM32CubeIDE_1.4.0\STM32CubeIDE\plugins\com.st.stm32cube.common.mx_6.11.0.202403141607
2024-03-30 16:07:31,399 [INFO] DbMcusXml:78 - Set database path to: C:\ST\STM32CubeIDE_1.4.0\STM32CubeIDE\plugins\com.st.stm32cube.common.mx_6.11.0.202403141607\\db\/mcu/
2024-03-30 16:07:31,401 [INFO] ApiDb:274 - Set plugin database path to: C:\ST\STM32CubeIDE_1.4.0\STM32CubeIDE\plugins\com.st.stm32cube.common.mx_6.11.0.202403141607\\db\/plugins/boardmanager/
2024-03-30 16:07:31,401 [WARN] ApiDb:259 - Overriding images path with different value:  => C:\ST\STM32CubeIDE_1.4.0\STM32CubeIDE\plugins\com.st.stm32cube.common.mx_6.11.0.202403141607\\db\/plugins/mcufinder/images/
2024-03-30 16:07:31,418 [INFO] ApiDb:250 - Set database path to: C:\Users\Abhishek\.stmcufinder\plugins\mcufinder//mcu/
2024-03-30 16:07:31,419 [INFO] DbMcusAds:125 - Set database path to: C:\Users\Abhishek\.stmcufinder\plugins\mcufinder//mcu/
2024-03-30 16:07:31,421 [INFO] CrossReferenceDbSqlite:203 - Set database path to: C:\Users\Abhishek\.stmcufinder\plugins\mcufinder//mcu/cs/
2024-03-30 16:07:31,581 [INFO] RulesReader:64 - Compatibility file has been processed (297 Rules)
2024-03-30 16:07:31,715 [INFO] DbMcusXml:78 - Set database path to: C:\ST\STM32CubeIDE_1.4.0\STM32CubeIDE\plugins\com.st.stm32cube.common.mx_6.11.0.202403141607\\db\/mcu/
2024-03-30 16:07:31,716 [INFO] ApiDb:274 - Set plugin database path to: C:\ST\STM32CubeIDE_1.4.0\STM32CubeIDE\plugins\com.st.stm32cube.common.mx_6.11.0.202403141607\\db\/plugins/boardmanager/
2024-03-30 16:07:31,716 [INFO] ApiDb:261 - Set plugin images path to: C:\ST\STM32CubeIDE_1.4.0\STM32CubeIDE\plugins\com.st.stm32cube.common.mx_6.11.0.202403141607\\db\/plugins/mcufinder/images/
2024-03-30 16:07:31,716 [WARN] DbFile:41 - Overriding database path with different value: C:\Users\Abhishek\.stmcufinder\plugins\mcufinder/ => C:\Users\Abhishek\.stmcufinder\plugins\mcufinder
2024-03-30 16:07:31,716 [INFO] ApiDb:250 - Set database path to: C:\Users\Abhishek\.stmcufinder\plugins\mcufinder//mcu/
2024-03-30 16:07:31,716 [WARN] DbFile:41 - Overriding database path with different value: C:\Users\Abhishek\.stmcufinder\plugins\mcufinder/ => C:\Users\Abhishek\.stmcufinder\plugins\mcufinder
2024-03-30 16:07:31,716 [INFO] DbMcusAds:125 - Set database path to: C:\Users\Abhishek\.stmcufinder\plugins\mcufinder//mcu/
2024-03-30 16:07:31,716 [WARN] DbFile:41 - Overriding database path with different value: C:\Users\Abhishek\.stmcufinder\plugins\mcufinder/ => C:\Users\Abhishek\.stmcufinder\plugins\mcufinder
2024-03-30 16:07:31,716 [WARN] DbFile:41 - Overriding database path with different value: C:\Users\Abhishek\.stmcufinder\plugins\mcufinder/ => C:\Users\Abhishek\.stmcufinder\plugins\mcufinder
2024-03-30 16:07:31,717 [INFO] CrossReferenceDbSqlite:203 - Set database path to: C:\Users\Abhishek\.stmcufinder\plugins\mcufinder//mcu/cs/
2024-03-30 16:07:31,832 [INFO] MainPanel:264 - HeapMemory: 268435456
2024-03-30 16:07:31,987 [INFO] DbMcusXml:78 - Set database path to: C:\ST\STM32CubeIDE_1.4.0\STM32CubeIDE\plugins\com.st.stm32cube.common.mx_6.11.0.202403141607\\db\/mcu/
2024-03-30 16:07:31,987 [INFO] ApiDb:274 - Set plugin database path to: C:\ST\STM32CubeIDE_1.4.0\STM32CubeIDE\plugins\com.st.stm32cube.common.mx_6.11.0.202403141607\\db\/plugins/boardmanager/
2024-03-30 16:07:31,987 [INFO] ApiDb:261 - Set plugin images path to: C:\ST\STM32CubeIDE_1.4.0\STM32CubeIDE\plugins\com.st.stm32cube.common.mx_6.11.0.202403141607\\db\/plugins/mcufinder/images/
2024-03-30 16:07:31,987 [WARN] DbFile:41 - Overriding database path with different value: C:\Users\Abhishek\.stmcufinder\plugins\mcufinder/ => C:\Users\Abhishek\.stmcufinder\plugins\mcufinder
2024-03-30 16:07:31,987 [INFO] ApiDb:250 - Set database path to: C:\Users\Abhishek\.stmcufinder\plugins\mcufinder//mcu/
2024-03-30 16:07:31,987 [WARN] DbFile:41 - Overriding database path with different value: C:\Users\Abhishek\.stmcufinder\plugins\mcufinder/ => C:\Users\Abhishek\.stmcufinder\plugins\mcufinder
2024-03-30 16:07:31,987 [INFO] DbMcusAds:125 - Set database path to: C:\Users\Abhishek\.stmcufinder\plugins\mcufinder//mcu/
2024-03-30 16:07:31,988 [WARN] DbFile:41 - Overriding database path with different value: C:\Users\Abhishek\.stmcufinder\plugins\mcufinder/ => C:\Users\Abhishek\.stmcufinder\plugins\mcufinder
2024-03-30 16:07:31,988 [WARN] DbFile:41 - Overriding database path with different value: C:\Users\Abhishek\.stmcufinder\plugins\mcufinder/ => C:\Users\Abhishek\.stmcufinder\plugins\mcufinder
2024-03-30 16:07:31,988 [INFO] CrossReferenceDbSqlite:203 - Set database path to: C:\Users\Abhishek\.stmcufinder\plugins\mcufinder//mcu/cs/
2024-03-30 16:07:32,030 [INFO] ApplicationProperties:184 - Using Application install path: C:\ST\STM32CubeIDE_1.4.0\STM32CubeIDE\plugins\com.st.stm32cube.common.mx_6.11.0.202403141607
2024-03-30 16:07:32,033 [INFO] PluginManage:196 - Search for loadable plugins [exclusion list=, ]
2024-03-30 16:07:32,036 [INFO] PluginManage:310 - Check plugin analytics
2024-03-30 16:07:32,269 [INFO] AnalyticsPlugin:253 - Accepted Software Licenses: STM32CubeMX.6.1.0,STM32CubeMX.6.4.0,STM32CubeMX.6.2.0,STM32CubeMX.6.10.0
2024-03-30 16:07:32,270 [INFO] AnalyticsPlugin:255 - Accepted CMSIS Pack Licenses: 
2024-03-30 16:07:32,270 [INFO] AnalyticsPlugin:257 - Accepted Firmware Licenses: 
2024-03-30 16:07:32,274 [INFO] PluginManage:359 - Loaded plugin analytics (category:tool,tabindex:-1)
2024-03-30 16:07:32,274 [INFO] PluginManage:310 - Check plugin cadmodel
2024-03-30 16:07:32,286 [INFO] CADModel:105 - Init CAD model plugin
2024-03-30 16:07:32,286 [INFO] PluginManage:359 - Loaded plugin cadmodel (category:power,tabindex:5)
2024-03-30 16:07:32,286 [INFO] PluginManage:310 - Check plugin clock
2024-03-30 16:07:32,358 [INFO] PluginManage:359 - Loaded plugin clock (category:base,tabindex:2)
2024-03-30 16:07:32,358 [INFO] PluginManage:310 - Check plugin ddr
2024-03-30 16:07:32,361 [INFO] PluginManage:359 - Loaded plugin ddr (category:tool,tabindex:6)
2024-03-30 16:07:32,361 [INFO] PluginManage:310 - Check plugin filemanager
2024-03-30 16:07:32,534 [INFO] PluginManage:359 - Loaded plugin filemanager (category:base,tabindex:10)
2024-03-30 16:07:32,534 [INFO] PluginManage:310 - Check plugin ipmanager
2024-03-30 16:07:32,546 [INFO] PluginManage:359 - Loaded plugin ipmanager (category:base,tabindex:5)
2024-03-30 16:07:32,547 [INFO] PluginManage:310 - Check plugin lpbam
2024-03-30 16:07:32,576 [INFO] PluginManage:359 - Loaded plugin lpbam (category:base,tabindex:0)
2024-03-30 16:07:32,576 [INFO] PluginManage:310 - Check plugin memorymap
2024-03-30 16:07:32,625 [INFO] PluginManage:359 - Loaded plugin memorymap (category:base,tabindex:4)
2024-03-30 16:07:32,625 [INFO] PluginManage:310 - Check plugin pinoutandconfiguration
2024-03-30 16:07:32,668 [INFO] PluginManage:359 - Loaded plugin pinoutandconfiguration (category:base,tabindex:1)
2024-03-30 16:07:32,668 [INFO] PluginManage:310 - Check plugin pinoutconfig
2024-03-30 16:07:32,810 [WARN] SupportedApi:132 - Cannot load RTOS API schema: s4s-elt-must-match.1: The content of 'definitions' must match (annotation?, (simpleType | complexType)?, (unique | key | keyref)*)). A problem was found starting at: attribute.
2024-03-30 16:07:32,966 [INFO] PluginManage:359 - Loaded plugin pinoutconfig (category:base,tabindex:0)
2024-03-30 16:07:32,966 [INFO] PluginManage:310 - Check plugin power
2024-03-30 16:07:32,982 [INFO] PluginManage:359 - Loaded plugin power (category:power,tabindex:4)
2024-03-30 16:07:32,983 [INFO] PluginManage:310 - Check plugin projectmanager
2024-03-30 16:07:32,999 [INFO] PluginManage:359 - Loaded plugin projectmanager (category:projectmanager,tabindex:3)
2024-03-30 16:07:32,999 [INFO] PluginManage:310 - Check plugin thirdparty
2024-03-30 16:07:33,160 [INFO] PluginManage:359 - Loaded plugin thirdparty (category:base,tabindex:-1)
2024-03-30 16:07:33,160 [INFO] PluginManage:310 - Check plugin tools
2024-03-30 16:07:33,160 [WARN] IntegrityCheckThread:84 - waiting for thirdparty lock release [integrity check]
2024-03-30 16:07:33,160 [INFO] IntegrityCheckThread:86 - entering critical section [integrity check]
2024-03-30 16:07:33,162 [INFO] ThirdPartyUpdaterWithRetryManager:70 - Updater plugin not ready yet. [1/15]
2024-03-30 16:07:33,166 [INFO] PluginManage:359 - Loaded plugin tools (category:base,tabindex:7)
2024-03-30 16:07:33,166 [INFO] PluginManage:310 - Check plugin tutovideos
2024-03-30 16:07:33,402 [INFO] PluginManage:359 - Loaded plugin tutovideos (category:base,tabindex:-1)
2024-03-30 16:07:33,402 [INFO] PluginManage:310 - Check plugin updater
2024-03-30 16:07:33,431 [INFO] PluginManage:359 - Loaded plugin updater (category:base,tabindex:12)
2024-03-30 16:07:33,431 [INFO] PluginManage:310 - Check plugin userauth
2024-03-30 16:07:33,444 [INFO] UserAuth:114 - Init User Auth plugin
2024-03-30 16:07:33,445 [INFO] PluginManage:359 - Loaded plugin userauth (category:base,tabindex:14)
2024-03-30 16:07:33,445 [INFO] PluginManage:283 - PluginManage : Loaded plugins [17]
2024-03-30 16:07:33,737 [INFO] PinOutPanel:1561 - setPackage(No Configuration,No Configuration)
2024-03-30 16:07:33,843 [INFO] CADModel:165 - CPN selected for project level
2024-03-30 16:07:33,843 [INFO] CADModel:114 - Register for checkConnection events
2024-03-30 16:07:33,872 [INFO] IPUIPlugin:80 - create IPUIPlugin
2024-03-30 16:07:33,872 [INFO] PluginManager:220 - loadIPPluginJar : add adc
2024-03-30 16:07:33,878 [INFO] IPUIPlugin:80 - create IPUIPlugin
2024-03-30 16:07:33,878 [INFO] PluginManager:220 - loadIPPluginJar : add aes
2024-03-30 16:07:33,884 [INFO] IPUIPlugin:80 - create IPUIPlugin
2024-03-30 16:07:33,884 [INFO] PluginManager:220 - loadIPPluginJar : add can
2024-03-30 16:07:33,888 [INFO] IPUIPlugin:80 - create IPUIPlugin
2024-03-30 16:07:33,888 [INFO] PluginManager:220 - loadIPPluginJar : add comp
2024-03-30 16:07:33,893 [INFO] IPUIPlugin:80 - create IPUIPlugin
2024-03-30 16:07:33,893 [INFO] PluginManager:220 - loadIPPluginJar : add cryp
2024-03-30 16:07:33,898 [INFO] IPUIPlugin:80 - create IPUIPlugin
2024-03-30 16:07:33,898 [INFO] PluginManager:220 - loadIPPluginJar : add dfsdm
2024-03-30 16:07:33,911 [INFO] IPUIPlugin:80 - create IPUIPlugin
2024-03-30 16:07:33,912 [INFO] PluginManager:220 - loadIPPluginJar : add dma
2024-03-30 16:07:33,917 [INFO] IPUIPlugin:80 - create IPUIPlugin
2024-03-30 16:07:33,918 [INFO] PluginManager:220 - loadIPPluginJar : add dma3
2024-03-30 16:07:33,924 [INFO] IPUIPlugin:80 - create IPUIPlugin
2024-03-30 16:07:33,924 [INFO] PluginManager:220 - loadIPPluginJar : add extmemmanager
2024-03-30 16:07:33,927 [INFO] IPUIPlugin:80 - create IPUIPlugin
2024-03-30 16:07:33,927 [INFO] PluginManager:220 - loadIPPluginJar : add fatfs
2024-03-30 16:07:33,935 [INFO] IPUIPlugin:80 - create IPUIPlugin
2024-03-30 16:07:33,935 [INFO] PluginManager:220 - loadIPPluginJar : add fmc
2024-03-30 16:07:33,981 [INFO] IPUIPlugin:80 - create IPUIPlugin
2024-03-30 16:07:33,981 [INFO] PluginManager:220 - loadIPPluginJar : add freertos
2024-03-30 16:07:33,986 [INFO] IPUIPlugin:80 - create IPUIPlugin
2024-03-30 16:07:33,986 [INFO] PluginManager:220 - loadIPPluginJar : add genericplugin
2024-03-30 16:07:33,993 [INFO] IPUIPlugin:80 - create IPUIPlugin
2024-03-30 16:07:33,994 [INFO] PluginManager:220 - loadIPPluginJar : add gfxmmu
2024-03-30 16:07:34,005 [INFO] IPUIPlugin:80 - create IPUIPlugin
2024-03-30 16:07:34,005 [INFO] PluginManager:220 - loadIPPluginJar : add gic
2024-03-30 16:07:34,023 [INFO] IPUIPlugin:80 - create IPUIPlugin
2024-03-30 16:07:34,023 [INFO] PluginManager:220 - loadIPPluginJar : add gpio
2024-03-30 16:07:34,031 [INFO] IPUIPlugin:80 - create IPUIPlugin
2024-03-30 16:07:34,032 [INFO] PluginManager:220 - loadIPPluginJar : add gtzc
2024-03-30 16:07:34,036 [INFO] IPUIPlugin:80 - create IPUIPlugin
2024-03-30 16:07:34,036 [INFO] PluginManager:220 - loadIPPluginJar : add hash
2024-03-30 16:07:34,043 [INFO] IPUIPlugin:80 - create IPUIPlugin
2024-03-30 16:07:34,043 [INFO] PluginManager:220 - loadIPPluginJar : add i2c
2024-03-30 16:07:34,049 [INFO] IPUIPlugin:80 - create IPUIPlugin
2024-03-30 16:07:34,049 [INFO] PluginManager:220 - loadIPPluginJar : add i2s
2024-03-30 16:07:34,056 [INFO] IPUIPlugin:80 - create IPUIPlugin
2024-03-30 16:07:34,056 [INFO] PluginManager:220 - loadIPPluginJar : add i3c
2024-03-30 16:07:34,067 [INFO] IPUIPlugin:80 - create IPUIPlugin
2024-03-30 16:07:34,067 [INFO] PluginManager:220 - loadIPPluginJar : add ipddr
2024-03-30 16:07:34,079 [INFO] IPUIPlugin:80 - create IPUIPlugin
2024-03-30 16:07:34,079 [INFO] PluginManager:220 - loadIPPluginJar : add linkedlist
2024-03-30 16:07:34,086 [INFO] IPUIPlugin:80 - create IPUIPlugin
2024-03-30 16:07:34,086 [INFO] PluginManager:220 - loadIPPluginJar : add lorawan
2024-03-30 16:07:34,090 [INFO] IPUIPlugin:80 - create IPUIPlugin
2024-03-30 16:07:34,090 [INFO] PluginManager:220 - loadIPPluginJar : add ltdc
2024-03-30 16:07:34,112 [INFO] IPUIPlugin:80 - create IPUIPlugin
2024-03-30 16:07:34,112 [INFO] PluginManager:220 - loadIPPluginJar : add mdma
2024-03-30 16:07:34,137 [INFO] IPUIPlugin:80 - create IPUIPlugin
2024-03-30 16:07:34,137 [INFO] PluginManager:220 - loadIPPluginJar : add nvic
2024-03-30 16:07:34,143 [INFO] IPUIPlugin:80 - create IPUIPlugin
2024-03-30 16:07:34,143 [INFO] PluginManager:220 - loadIPPluginJar : add opamp
2024-03-30 16:07:34,151 [INFO] IPUIPlugin:80 - create IPUIPlugin
2024-03-30 16:07:34,151 [INFO] PluginManager:220 - loadIPPluginJar : add openamp
2024-03-30 16:07:34,159 [INFO] IPUIPlugin:80 - create IPUIPlugin
2024-03-30 16:07:34,159 [INFO] PluginManager:220 - loadIPPluginJar : add pdm2pcm
2024-03-30 16:07:34,176 [INFO] IPUIPlugin:80 - create IPUIPlugin
2024-03-30 16:07:34,178 [INFO] PluginManager:220 - loadIPPluginJar : add plateformsettings
2024-03-30 16:07:34,182 [INFO] IPUIPlugin:80 - create IPUIPlugin
2024-03-30 16:07:34,182 [INFO] PluginManager:220 - loadIPPluginJar : add quadspi
2024-03-30 16:07:34,228 [INFO] IPUIPlugin:80 - create IPUIPlugin
2024-03-30 16:07:34,228 [INFO] PluginManager:220 - loadIPPluginJar : add resmgrutility
2024-03-30 16:07:34,235 [INFO] IPUIPlugin:80 - create IPUIPlugin
2024-03-30 16:07:34,235 [INFO] PluginManager:220 - loadIPPluginJar : add sai
2024-03-30 16:07:34,240 [INFO] IPUIPlugin:80 - create IPUIPlugin
2024-03-30 16:07:34,241 [INFO] PluginManager:220 - loadIPPluginJar : add spi
2024-03-30 16:07:34,251 [INFO] IPUIPlugin:80 - create IPUIPlugin
2024-03-30 16:07:34,251 [INFO] PluginManager:220 - loadIPPluginJar : add stm32_wpan
2024-03-30 16:07:34,255 [INFO] IPUIPlugin:80 - create IPUIPlugin
2024-03-30 16:07:34,255 [INFO] PluginManager:220 - loadIPPluginJar : add tim
2024-03-30 16:07:34,263 [INFO] IPUIPlugin:80 - create IPUIPlugin
2024-03-30 16:07:34,264 [INFO] PluginManager:220 - loadIPPluginJar : add touchsensing
2024-03-30 16:07:34,269 [INFO] IPUIPlugin:80 - create IPUIPlugin
2024-03-30 16:07:34,269 [INFO] PluginManager:220 - loadIPPluginJar : add tracer_emb
2024-03-30 16:07:34,273 [INFO] IPUIPlugin:80 - create IPUIPlugin
2024-03-30 16:07:34,273 [INFO] PluginManager:220 - loadIPPluginJar : add ts
2024-03-30 16:07:34,277 [INFO] IPUIPlugin:80 - create IPUIPlugin
2024-03-30 16:07:34,277 [INFO] PluginManager:220 - loadIPPluginJar : add tsc
2024-03-30 16:07:34,283 [INFO] IPUIPlugin:80 - create IPUIPlugin
2024-03-30 16:07:34,283 [INFO] PluginManager:220 - loadIPPluginJar : add ucpd
2024-03-30 16:07:34,289 [INFO] IPUIPlugin:80 - create IPUIPlugin
2024-03-30 16:07:34,290 [INFO] PluginManager:220 - loadIPPluginJar : add usart
2024-03-30 16:07:34,296 [INFO] IPUIPlugin:80 - create IPUIPlugin
2024-03-30 16:07:34,296 [INFO] PluginManager:220 - loadIPPluginJar : add usbx
2024-03-30 16:07:34,444 [INFO] CADModel:165 - CPN selected for project level
2024-03-30 16:07:34,444 [INFO] CADModel:114 - Register for checkConnection events
2024-03-30 16:07:34,444 [FATAL] Updater:308 - Updater called before beeing initialized
2024-03-30 16:07:34,445 [ERROR] CADModel:125 - Updater not yet initialized, retry later 
2024-03-30 16:07:34,649 [INFO] CADModel:165 - CPN selected for project level
2024-03-30 16:07:34,650 [INFO] CADModel:114 - Register for checkConnection events
2024-03-30 16:07:34,650 [FATAL] Updater:308 - Updater called before beeing initialized
2024-03-30 16:07:34,650 [ERROR] CADModel:125 - Updater not yet initialized, retry later 
2024-03-30 16:07:34,653 [FATAL] Updater:308 - Updater called before beeing initialized
2024-03-30 16:07:34,807 [FATAL] Updater:308 - Updater called before beeing initialized
2024-03-30 16:07:34,812 [INFO] DbMcusAds:53 - JSON generation date=Wed Nov 29 16:22:27 IST 2023 (1701255147349)
2024-03-30 16:07:34,812 [FATAL] Updater:308 - Updater called before beeing initialized
2024-03-30 16:07:34,881 [WARN] DetailPanel:346 - Failed to get advertising image, set to default
2024-03-30 16:07:35,019 [FATAL] Updater:308 - Updater called before beeing initialized
2024-03-30 16:07:35,027 [FATAL] Updater:308 - Updater called before beeing initialized
2024-03-30 16:07:35,027 [FATAL] Updater:308 - Updater called before beeing initialized
2024-03-30 16:07:35,027 [WARN] DetailPanel:346 - Failed to get advertising image, set to default
2024-03-30 16:07:35,028 [FATAL] Updater:308 - Updater called before beeing initialized
2024-03-30 16:07:35,093 [ERROR] Updater:1120 - MainUpdater not yet initialized. External WinMGr cannot be set.
2024-03-30 16:07:35,097 [INFO] Updater:1056 - Updater Version found : 6.11.0
2024-03-30 16:07:35,125 [INFO] ApplicationProperties:184 - Using Application install path: C:\ST\STM32CubeIDE_1.4.0\STM32CubeIDE\plugins\com.st.stm32cube.common.mx_6.11.0.202403141607
2024-03-30 16:07:36,015 [INFO] MainUpdater:2873 - connection check result : 10
2024-03-30 16:07:36,016 [INFO] MainUpdater:290 - Updater Check For Update Now.
2024-03-30 16:07:36,016 [INFO] MicroXplorer:498 - Change Database Version : DB.6.0.110
2024-03-30 16:07:36,035 [INFO] McuFinderGlobals:63 - Set McuFinder mode to 2 (CubeIDE integrated)
2024-03-30 16:07:36,035 [INFO] UserAuth:179 - activating auth plugin
2024-03-30 16:07:36,039 [INFO] UserAuth:415 - Internet connection configuration mode: 1
2024-03-30 16:07:36,070 [INFO] JxBrowserEngine:152 - Initiate JxBrowser Engine with user profile folder
2024-03-30 16:07:36,162 [WARN] MainUpdater:1194 - Updater busy. Cannot search thirdparties
2024-03-30 16:07:36,162 [INFO] ThirdPartyUpdaterWithRetryManager:96 - Updater plugin is busy. [1/15]
2024-03-30 16:07:36,232 [INFO] CheckServerUpdateThread:120 - End of CheckServer Thread
2024-03-30 16:07:38,245 [INFO] WebApp:161 - Instantiating new browser for Auth
2024-03-30 16:07:39,358 [INFO] WebApp:779 - Register for checkConnection events
2024-03-30 16:07:39,358 [INFO] WebApp:414 - Apply proxy settings
2024-03-30 16:07:39,358 [INFO] WebApp:499 - Chromium requires no authentication
2024-03-30 16:07:39,374 [INFO] WebApp:442 - Direct internet connection detected
2024-03-30 16:07:39,516 [WARN] PackLoader:240 - Cannot read IP mode file for STMicroelectronics.X-CUBE-SMBUS.2.1.0
2024-03-30 16:07:39,533 [WARN] PackLoader:240 - Cannot read IP mode file for STMicroelectronics.X-CUBE-TOUCHGFX.4.23.0
2024-03-30 16:07:39,570 [WARN] PackLoader:240 - Cannot read IP mode file for STMicroelectronics.X-CUBE-AZRTOS-F7.1.1.0
2024-03-30 16:07:39,593 [WARN] PackLoader:240 - Cannot read IP mode file for STMicroelectronics.FP-SNS-MOTENV1.4.3.2
2024-03-30 16:07:39,606 [WARN] PackLoader:240 - Cannot read IP mode file for STMicroelectronics.X-CUBE-BLE1.6.2.4
2024-03-30 16:07:39,612 [WARN] PackLoader:240 - Cannot read IP mode file for STMicroelectronics.FP-SNS-FLIGHT1.5.0.2
2024-03-30 16:07:39,622 [WARN] PackLoader:240 - Cannot read IP mode file for STMicroelectronics.X-CUBE-DISPLAY.3.0.0
2024-03-30 16:07:39,632 [WARN] PackLoader:240 - Cannot read IP mode file for STMicroelectronics.X-CUBE-BLE1.7.0.0
2024-03-30 16:07:39,704 [WARN] PackLoader:240 - Cannot read IP mode file for STMicroelectronics.X-CUBE-MEMS1.9.3.0
2024-03-30 16:07:39,859 [WARN] PackLoader:240 - Cannot read IP mode file for STMicroelectronics.X-CUBE-BLEMGR.3.1.0
2024-03-30 16:07:39,878 [WARN] PackLoader:240 - Cannot read IP mode file for STMicroelectronics.FP-SNS-SMARTAG2.1.2.0
2024-03-30 16:07:39,896 [INFO] LogOutputStream:77 - [STDOUT_REDIRECT] 1 : Invalid condition id : UX_CORESTACK_Condition cause : null
2024-03-30 16:07:39,897 [INFO] LogOutputStream:77 - [STDOUT_REDIRECT] 1 : Invalid condition id : UX_CORESTACK_Condition cause : null
2024-03-30 16:07:39,899 [INFO] LogOutputStream:77 - [STDOUT_REDIRECT] 1 : Invalid condition id : UX_CORESTACK_Condition cause : null
2024-03-30 16:07:39,902 [INFO] LogOutputStream:77 - [STDOUT_REDIRECT] 1 : Invalid condition id : UX_CORESTACK_Condition cause : null
2024-03-30 16:07:39,904 [INFO] LogOutputStream:77 - [STDOUT_REDIRECT] 1 : Invalid condition id : UX_CORESTACK_Condition cause : null
2024-03-30 16:07:39,909 [WARN] PackLoader:240 - Cannot read IP mode file for STMicroelectronics.X-CUBE-AZRTOS-WL.2.0.0
2024-03-30 16:07:39,922 [WARN] PackLoader:240 - Cannot read IP mode file for WES.I-CUBE-Cesium.1.3.0
2024-03-30 16:07:39,938 [WARN] PackLoader:240 - Cannot read IP mode file for STMicroelectronics.X-CUBE-TOF1.3.2.0
2024-03-30 16:07:39,953 [WARN] PackLoader:240 - Cannot read IP mode file for STMicroelectronics.X-CUBE-ISPU.1.0.0
2024-03-30 16:07:39,954 [INFO] WebApp:192 - Starting web application
2024-03-30 16:07:39,955 [INFO] WebApp:544 - Web application path used C:\ST\STM32CubeIDE_1.4.0\STM32CubeIDE\plugins\com.st.stm32cube.common.mx_6.11.0.202403141607\db\plugins\mcufinder\reactClient1\index.html
2024-03-30 16:07:39,961 [WARN] PackLoader:240 - Cannot read IP mode file for STMicroelectronics.X-CUBE-TOUCHGFX.4.21.0
2024-03-30 16:07:40,075 [WARN] PackLoader:240 - Cannot read IP mode file for STMicroelectronics.X-CUBE-MEMS1.9.4.0
2024-03-30 16:07:40,283 [WARN] PackLoader:240 - Cannot read IP mode file for STMicroelectronics.X-CUBE-AI.7.3.0
2024-03-30 16:07:40,295 [WARN] PackLoader:240 - Cannot read IP mode file for STMicroelectronics.X-CUBE-NFC4.3.0.0
2024-03-30 16:07:40,316 [WARN] PackLoader:240 - Cannot read IP mode file for STMicroelectronics.X-CUBE-BLEMGR.3.0.0
2024-03-30 16:07:40,339 [WARN] PackLoader:240 - Cannot read IP mode file for STMicroelectronics.X-CUBE-BLEMGR.1.3.0
2024-03-30 16:07:40,346 [WARN] PackLoader:240 - Cannot read IP mode file for STMicroelectronics.FP-ATR-SIGFOX1.3.2.0
2024-03-30 16:07:40,354 [WARN] PackLoader:240 - Cannot read IP mode file for STMicroelectronics.X-CUBE-EEPRMA1.5.1.0
2024-03-30 16:07:40,387 [WARN] PackLoader:240 - Cannot read IP mode file for SEGGER.I-CUBE-embOS.1.3.1
2024-03-30 16:07:40,451 [WARN] PackLoader:240 - Cannot read IP mode file for STMicroelectronics.X-CUBE-AZRTOS-F4.1.1.0
2024-03-30 16:07:40,477 [WARN] PackLoader:240 - Cannot read IP mode file for STMicroelectronics.X-CUBE-AZRTOS-L5.2.0.0
2024-03-30 16:07:40,494 [WARN] PackLoader:240 - Cannot read IP mode file for STMicroelectronics.X-CUBE-NFC6.3.1.0
2024-03-30 16:07:40,506 [WARN] PackLoader:240 - Cannot read IP mode file for ITTIA_DB.I-CUBE-ITTIADB.8.8.0
2024-03-30 16:07:40,516 [WARN] PackLoader:240 - Cannot read IP mode file for STMicroelectronics.X-CUBE-NFC4.2.0.5
2024-03-30 16:07:40,527 [WARN] PackLoader:240 - Cannot read IP mode file for STMicroelectronics.X-CUBE-NFC7.1.0.1
2024-03-30 16:07:40,541 [WARN] PackLoader:240 - Cannot read IP mode file for STMicroelectronics.X-CUBE-NFC6.3.0.0
2024-03-30 16:07:40,553 [WARN] PackLoader:240 - Cannot read IP mode file for STMicroelectronics.X-CUBE-EEPRMA1.4.1.0
2024-03-30 16:07:40,560 [WARN] PackLoader:240 - Cannot read IP mode file for STMicroelectronics.X-CUBE-AI.8.1.0
2024-03-30 16:07:40,600 [WARN] ConditionMgr:438 - getConditionDescription Invalid condition id : LAN8742 Phy interface Condition cause : null
2024-03-30 16:07:40,602 [WARN] PackLoader:240 - Cannot read IP mode file for STMicroelectronics.X-CUBE-AZRTOS-L4.2.0.0
2024-03-30 16:07:40,604 [WARN] ConditionMgr:1039 - genDependencies : Invalid condition id : LAN8742 Phy interface Condition cause : null
2024-03-30 16:07:40,605 [WARN] ConditionMgr:1039 - genDependencies : Invalid condition id : LAN8742 Phy interface Condition cause : null
2024-03-30 16:07:40,606 [WARN] ConditionMgr:1039 - genDependencies : Invalid condition id : LAN8742 Phy interface Condition cause : null
2024-03-30 16:07:40,639 [WARN] PackLoader:240 - Cannot read IP mode file for STMicroelectronics.X-CUBE-AZRTOS-H7.3.0.0
2024-03-30 16:07:40,651 [WARN] PackLoader:240 - Cannot read IP mode file for STMicroelectronics.X-CUBE-ISPU.1.1.0
2024-03-30 16:07:40,665 [WARN] ConditionMgr:438 - getConditionDescription Invalid condition id : UX DEVICE CLASS RTOS Condition cause : null
2024-03-30 16:07:40,666 [WARN] ConditionMgr:438 - getConditionDescription Invalid condition id : UX DEVICE CLASS RTOS Condition cause : null
2024-03-30 16:07:40,668 [WARN] PackLoader:240 - Cannot read IP mode file for STMicroelectronics.X-CUBE-AZRTOS-WB.2.0.0
2024-03-30 16:07:40,669 [WARN] ConditionMgr:1039 - genDependencies : Invalid condition id : UX DEVICE CLASS RTOS Condition cause : null
2024-03-30 16:07:40,669 [WARN] ConditionMgr:1039 - genDependencies : Invalid condition id : UX DEVICE CLASS RTOS Condition cause : null
2024-03-30 16:07:40,669 [WARN] ConditionMgr:1039 - genDependencies : Invalid condition id : UX DEVICE CLASS RTOS Condition cause : null
2024-03-30 16:07:40,670 [WARN] ConditionMgr:1039 - genDependencies : Invalid condition id : UX DEVICE CLASS RTOS Condition cause : null
2024-03-30 16:07:40,670 [WARN] ConditionMgr:1039 - genDependencies : Invalid condition id : UX DEVICE CLASS RTOS Condition cause : null
2024-03-30 16:07:40,680 [WARN] PackLoader:240 - Cannot read IP mode file for STMicroelectronics.X-CUBE-BLEMGR.1.0.0
2024-03-30 16:07:40,698 [WARN] PackLoader:240 - Cannot read IP mode file for STMicroelectronics.X-CUBE-AZRTOS-L5.1.1.0
2024-03-30 16:07:40,716 [WARN] PackLoader:240 - Cannot read IP mode file for STMicroelectronics.X-CUBE-AZRTOS-G4.2.0.0
2024-03-30 16:07:40,723 [WARN] PackLoader:240 - Cannot read IP mode file for STMicroelectronics.FP-ATR-ASTRA1.1.1.1
2024-03-30 16:07:40,737 [WARN] PackLoader:240 - Cannot read IP mode file for Infineon.AIROC-Wi-Fi-Bluetooth-STM32.1.5.1
2024-03-30 16:07:40,748 [WARN] PackLoader:240 - Cannot read IP mode file for STMicroelectronics.FP-SNS-MOTENVWB1.1.3.1
2024-03-30 16:07:40,754 [WARN] PackLoader:240 - Cannot read IP mode file for STMicroelectronics.X-CUBE-ISPU.2.0.0
2024-03-30 16:07:40,808 [WARN] PackLoader:240 - Cannot read IP mode file for STMicroelectronics.X-CUBE-MEMS1.10.0.0
2024-03-30 16:07:40,940 [WARN] PackLoader:240 - Cannot read IP mode file for STMicroelectronics.X-CUBE-FREERTOS.1.1.0
2024-03-30 16:07:40,955 [WARN] PackLoader:240 - Cannot read IP mode file for STMicroelectronics.X-CUBE-AZRTOS-WB.1.1.0
2024-03-30 16:07:40,961 [WARN] PackLoader:240 - Cannot read IP mode file for STMicroelectronics.FP-ATR-ASTRA1.2.0.0
2024-03-30 16:07:40,974 [WARN] PackLoader:240 - Cannot read IP mode file for STMicroelectronics.X-CUBE-TOF1.3.4.0
2024-03-30 16:07:41,000 [WARN] PackLoader:240 - Cannot read IP mode file for STMicroelectronics.X-CUBE-TOF1.3.4.1
2024-03-30 16:07:41,036 [WARN] PackLoader:240 - Cannot read IP mode file for STMicroelectronics.X-CUBE-AZRTOS-H7.3.2.0
2024-03-30 16:07:41,041 [INFO] ThirdParty:978 - Integrity check success = true
2024-03-30 16:07:41,041 [INFO] IntegrityCheckThread:100 - exiting critical section [integrity check]
2024-03-30 16:07:41,041 [INFO] IntegrityCheckThread:103 - End integrity checks thread
2024-03-30 17:46:41,465 [ERROR] LogOutputStream:75 - [STDERR_REDIRECT] 
2024-03-30 17:53:54,535 [INFO] Activator:176 - 


2024-03-30 17:53:54,537 [INFO] Activator:177 - !SESSION log4j initialized
2024-03-30 17:54:00,041 [INFO] LogOutputStream:77 - [STDOUT_REDIRECT] 
2024-03-30 17:54:01,600 [INFO] ApplicationProperties:184 - Using Application install path: C:\ST\STM32CubeIDE_1.4.0\STM32CubeIDE\plugins\com.st.stm32cube.common.mx_6.11.0.202403141607
2024-03-30 17:54:01,625 [INFO] DbMcusXml:78 - Set database path to: C:\ST\STM32CubeIDE_1.4.0\STM32CubeIDE\plugins\com.st.stm32cube.common.mx_6.11.0.202403141607\\db\/mcu/
2024-03-30 17:54:01,626 [INFO] ApiDb:274 - Set plugin database path to: C:\ST\STM32CubeIDE_1.4.0\STM32CubeIDE\plugins\com.st.stm32cube.common.mx_6.11.0.202403141607\\db\/plugins/boardmanager/
2024-03-30 17:54:01,626 [WARN] ApiDb:259 - Overriding images path with different value:  => C:\ST\STM32CubeIDE_1.4.0\STM32CubeIDE\plugins\com.st.stm32cube.common.mx_6.11.0.202403141607\\db\/plugins/mcufinder/images/
2024-03-30 17:54:01,632 [INFO] ApiDb:250 - Set database path to: C:\Users\Abhishek\.stmcufinder\plugins\mcufinder//mcu/
2024-03-30 17:54:01,634 [INFO] DbMcusAds:125 - Set database path to: C:\Users\Abhishek\.stmcufinder\plugins\mcufinder//mcu/
2024-03-30 17:54:01,638 [INFO] CrossReferenceDbSqlite:203 - Set database path to: C:\Users\Abhishek\.stmcufinder\plugins\mcufinder//mcu/cs/
2024-03-30 17:54:01,785 [INFO] RulesReader:64 - Compatibility file has been processed (297 Rules)
2024-03-30 17:54:01,926 [INFO] DbMcusXml:78 - Set database path to: C:\ST\STM32CubeIDE_1.4.0\STM32CubeIDE\plugins\com.st.stm32cube.common.mx_6.11.0.202403141607\\db\/mcu/
2024-03-30 17:54:01,927 [INFO] ApiDb:274 - Set plugin database path to: C:\ST\STM32CubeIDE_1.4.0\STM32CubeIDE\plugins\com.st.stm32cube.common.mx_6.11.0.202403141607\\db\/plugins/boardmanager/
2024-03-30 17:54:01,927 [INFO] ApiDb:261 - Set plugin images path to: C:\ST\STM32CubeIDE_1.4.0\STM32CubeIDE\plugins\com.st.stm32cube.common.mx_6.11.0.202403141607\\db\/plugins/mcufinder/images/
2024-03-30 17:54:01,927 [WARN] DbFile:41 - Overriding database path with different value: C:\Users\Abhishek\.stmcufinder\plugins\mcufinder/ => C:\Users\Abhishek\.stmcufinder\plugins\mcufinder
2024-03-30 17:54:01,927 [INFO] ApiDb:250 - Set database path to: C:\Users\Abhishek\.stmcufinder\plugins\mcufinder//mcu/
2024-03-30 17:54:01,927 [WARN] DbFile:41 - Overriding database path with different value: C:\Users\Abhishek\.stmcufinder\plugins\mcufinder/ => C:\Users\Abhishek\.stmcufinder\plugins\mcufinder
2024-03-30 17:54:01,927 [INFO] DbMcusAds:125 - Set database path to: C:\Users\Abhishek\.stmcufinder\plugins\mcufinder//mcu/
2024-03-30 17:54:01,927 [WARN] DbFile:41 - Overriding database path with different value: C:\Users\Abhishek\.stmcufinder\plugins\mcufinder/ => C:\Users\Abhishek\.stmcufinder\plugins\mcufinder
2024-03-30 17:54:01,927 [WARN] DbFile:41 - Overriding database path with different value: C:\Users\Abhishek\.stmcufinder\plugins\mcufinder/ => C:\Users\Abhishek\.stmcufinder\plugins\mcufinder
2024-03-30 17:54:01,928 [INFO] CrossReferenceDbSqlite:203 - Set database path to: C:\Users\Abhishek\.stmcufinder\plugins\mcufinder//mcu/cs/
2024-03-30 17:54:02,037 [INFO] MainPanel:264 - HeapMemory: 268435456
2024-03-30 17:54:02,183 [INFO] DbMcusXml:78 - Set database path to: C:\ST\STM32CubeIDE_1.4.0\STM32CubeIDE\plugins\com.st.stm32cube.common.mx_6.11.0.202403141607\\db\/mcu/
2024-03-30 17:54:02,183 [INFO] ApiDb:274 - Set plugin database path to: C:\ST\STM32CubeIDE_1.4.0\STM32CubeIDE\plugins\com.st.stm32cube.common.mx_6.11.0.202403141607\\db\/plugins/boardmanager/
2024-03-30 17:54:02,184 [INFO] ApiDb:261 - Set plugin images path to: C:\ST\STM32CubeIDE_1.4.0\STM32CubeIDE\plugins\com.st.stm32cube.common.mx_6.11.0.202403141607\\db\/plugins/mcufinder/images/
2024-03-30 17:54:02,184 [WARN] DbFile:41 - Overriding database path with different value: C:\Users\Abhishek\.stmcufinder\plugins\mcufinder/ => C:\Users\Abhishek\.stmcufinder\plugins\mcufinder
2024-03-30 17:54:02,184 [INFO] ApiDb:250 - Set database path to: C:\Users\Abhishek\.stmcufinder\plugins\mcufinder//mcu/
2024-03-30 17:54:02,184 [WARN] DbFile:41 - Overriding database path with different value: C:\Users\Abhishek\.stmcufinder\plugins\mcufinder/ => C:\Users\Abhishek\.stmcufinder\plugins\mcufinder
2024-03-30 17:54:02,184 [INFO] DbMcusAds:125 - Set database path to: C:\Users\Abhishek\.stmcufinder\plugins\mcufinder//mcu/
2024-03-30 17:54:02,184 [WARN] DbFile:41 - Overriding database path with different value: C:\Users\Abhishek\.stmcufinder\plugins\mcufinder/ => C:\Users\Abhishek\.stmcufinder\plugins\mcufinder
2024-03-30 17:54:02,184 [WARN] DbFile:41 - Overriding database path with different value: C:\Users\Abhishek\.stmcufinder\plugins\mcufinder/ => C:\Users\Abhishek\.stmcufinder\plugins\mcufinder
2024-03-30 17:54:02,186 [INFO] CrossReferenceDbSqlite:203 - Set database path to: C:\Users\Abhishek\.stmcufinder\plugins\mcufinder//mcu/cs/
2024-03-30 17:54:02,220 [INFO] ApplicationProperties:184 - Using Application install path: C:\ST\STM32CubeIDE_1.4.0\STM32CubeIDE\plugins\com.st.stm32cube.common.mx_6.11.0.202403141607
2024-03-30 17:54:02,221 [INFO] PluginManage:196 - Search for loadable plugins [exclusion list=, ]
2024-03-30 17:54:02,223 [INFO] PluginManage:310 - Check plugin analytics
2024-03-30 17:54:02,430 [INFO] AnalyticsPlugin:253 - Accepted Software Licenses: STM32CubeMX.6.1.0,STM32CubeMX.6.4.0,STM32CubeMX.6.2.0,STM32CubeMX.6.10.0
2024-03-30 17:54:02,430 [INFO] AnalyticsPlugin:255 - Accepted CMSIS Pack Licenses: 
2024-03-30 17:54:02,430 [INFO] AnalyticsPlugin:257 - Accepted Firmware Licenses: 
2024-03-30 17:54:02,433 [INFO] PluginManage:359 - Loaded plugin analytics (category:tool,tabindex:-1)
2024-03-30 17:54:02,433 [INFO] PluginManage:310 - Check plugin cadmodel
2024-03-30 17:54:02,439 [INFO] CADModel:105 - Init CAD model plugin
2024-03-30 17:54:02,439 [INFO] PluginManage:359 - Loaded plugin cadmodel (category:power,tabindex:5)
2024-03-30 17:54:02,440 [INFO] PluginManage:310 - Check plugin clock
2024-03-30 17:54:02,450 [INFO] PluginManage:359 - Loaded plugin clock (category:base,tabindex:2)
2024-03-30 17:54:02,450 [INFO] PluginManage:310 - Check plugin ddr
2024-03-30 17:54:02,454 [INFO] PluginManage:359 - Loaded plugin ddr (category:tool,tabindex:6)
2024-03-30 17:54:02,454 [INFO] PluginManage:310 - Check plugin filemanager
2024-03-30 17:54:02,616 [INFO] PluginManage:359 - Loaded plugin filemanager (category:base,tabindex:10)
2024-03-30 17:54:02,616 [INFO] PluginManage:310 - Check plugin ipmanager
2024-03-30 17:54:02,624 [INFO] PluginManage:359 - Loaded plugin ipmanager (category:base,tabindex:5)
2024-03-30 17:54:02,624 [INFO] PluginManage:310 - Check plugin lpbam
2024-03-30 17:54:02,632 [INFO] PluginManage:359 - Loaded plugin lpbam (category:base,tabindex:0)
2024-03-30 17:54:02,633 [INFO] PluginManage:310 - Check plugin memorymap
2024-03-30 17:54:02,651 [INFO] PluginManage:359 - Loaded plugin memorymap (category:base,tabindex:4)
2024-03-30 17:54:02,652 [INFO] PluginManage:310 - Check plugin pinoutandconfiguration
2024-03-30 17:54:02,658 [INFO] PluginManage:359 - Loaded plugin pinoutandconfiguration (category:base,tabindex:1)
2024-03-30 17:54:02,659 [INFO] PluginManage:310 - Check plugin pinoutconfig
2024-03-30 17:54:02,752 [WARN] SupportedApi:132 - Cannot load RTOS API schema: s4s-elt-must-match.1: The content of 'definitions' must match (annotation?, (simpleType | complexType)?, (unique | key | keyref)*)). A problem was found starting at: attribute.
2024-03-30 17:54:02,907 [INFO] PluginManage:359 - Loaded plugin pinoutconfig (category:base,tabindex:0)
2024-03-30 17:54:02,907 [INFO] PluginManage:310 - Check plugin power
2024-03-30 17:54:02,923 [INFO] PluginManage:359 - Loaded plugin power (category:power,tabindex:4)
2024-03-30 17:54:02,923 [INFO] PluginManage:310 - Check plugin projectmanager
2024-03-30 17:54:02,940 [INFO] PluginManage:359 - Loaded plugin projectmanager (category:projectmanager,tabindex:3)
2024-03-30 17:54:02,941 [INFO] PluginManage:310 - Check plugin thirdparty
2024-03-30 17:54:03,080 [WARN] IntegrityCheckThread:84 - waiting for thirdparty lock release [integrity check]
2024-03-30 17:54:03,080 [INFO] PluginManage:359 - Loaded plugin thirdparty (category:base,tabindex:-1)
2024-03-30 17:54:03,080 [INFO] IntegrityCheckThread:86 - entering critical section [integrity check]
2024-03-30 17:54:03,080 [INFO] PluginManage:310 - Check plugin tools
2024-03-30 17:54:03,080 [INFO] ThirdPartyUpdaterWithRetryManager:70 - Updater plugin not ready yet. [1/15]
2024-03-30 17:54:03,083 [INFO] PluginManage:359 - Loaded plugin tools (category:base,tabindex:7)
2024-03-30 17:54:03,083 [INFO] PluginManage:310 - Check plugin tutovideos
2024-03-30 17:54:03,293 [INFO] PluginManage:359 - Loaded plugin tutovideos (category:base,tabindex:-1)
2024-03-30 17:54:03,293 [INFO] PluginManage:310 - Check plugin updater
2024-03-30 17:54:03,304 [INFO] PluginManage:359 - Loaded plugin updater (category:base,tabindex:12)
2024-03-30 17:54:03,304 [INFO] PluginManage:310 - Check plugin userauth
2024-03-30 17:54:03,309 [INFO] UserAuth:114 - Init User Auth plugin
2024-03-30 17:54:03,309 [INFO] PluginManage:359 - Loaded plugin userauth (category:base,tabindex:14)
2024-03-30 17:54:03,309 [INFO] PluginManage:283 - PluginManage : Loaded plugins [17]
2024-03-30 17:54:03,588 [INFO] PinOutPanel:1561 - setPackage(No Configuration,No Configuration)
2024-03-30 17:54:03,675 [INFO] CADModel:165 - CPN selected for project level
2024-03-30 17:54:03,675 [INFO] CADModel:114 - Register for checkConnection events
2024-03-30 17:54:03,691 [INFO] IPUIPlugin:80 - create IPUIPlugin
2024-03-30 17:54:03,691 [INFO] PluginManager:220 - loadIPPluginJar : add adc
2024-03-30 17:54:03,695 [INFO] IPUIPlugin:80 - create IPUIPlugin
2024-03-30 17:54:03,695 [INFO] PluginManager:220 - loadIPPluginJar : add aes
2024-03-30 17:54:03,698 [INFO] IPUIPlugin:80 - create IPUIPlugin
2024-03-30 17:54:03,698 [INFO] PluginManager:220 - loadIPPluginJar : add can
2024-03-30 17:54:03,700 [INFO] IPUIPlugin:80 - create IPUIPlugin
2024-03-30 17:54:03,700 [INFO] PluginManager:220 - loadIPPluginJar : add comp
2024-03-30 17:54:03,702 [INFO] IPUIPlugin:80 - create IPUIPlugin
2024-03-30 17:54:03,703 [INFO] PluginManager:220 - loadIPPluginJar : add cryp
2024-03-30 17:54:03,705 [INFO] IPUIPlugin:80 - create IPUIPlugin
2024-03-30 17:54:03,705 [INFO] PluginManager:220 - loadIPPluginJar : add dfsdm
2024-03-30 17:54:03,709 [INFO] IPUIPlugin:80 - create IPUIPlugin
2024-03-30 17:54:03,710 [INFO] PluginManager:220 - loadIPPluginJar : add dma
2024-03-30 17:54:03,712 [INFO] IPUIPlugin:80 - create IPUIPlugin
2024-03-30 17:54:03,712 [INFO] PluginManager:220 - loadIPPluginJar : add dma3
2024-03-30 17:54:03,715 [INFO] IPUIPlugin:80 - create IPUIPlugin
2024-03-30 17:54:03,715 [INFO] PluginManager:220 - loadIPPluginJar : add extmemmanager
2024-03-30 17:54:03,716 [INFO] IPUIPlugin:80 - create IPUIPlugin
2024-03-30 17:54:03,716 [INFO] PluginManager:220 - loadIPPluginJar : add fatfs
2024-03-30 17:54:03,720 [INFO] IPUIPlugin:80 - create IPUIPlugin
2024-03-30 17:54:03,720 [INFO] PluginManager:220 - loadIPPluginJar : add fmc
2024-03-30 17:54:03,725 [INFO] IPUIPlugin:80 - create IPUIPlugin
2024-03-30 17:54:03,725 [INFO] PluginManager:220 - loadIPPluginJar : add freertos
2024-03-30 17:54:03,732 [INFO] IPUIPlugin:80 - create IPUIPlugin
2024-03-30 17:54:03,732 [INFO] PluginManager:220 - loadIPPluginJar : add genericplugin
2024-03-30 17:54:03,734 [INFO] IPUIPlugin:80 - create IPUIPlugin
2024-03-30 17:54:03,734 [INFO] PluginManager:220 - loadIPPluginJar : add gfxmmu
2024-03-30 17:54:03,738 [INFO] IPUIPlugin:80 - create IPUIPlugin
2024-03-30 17:54:03,738 [INFO] PluginManager:220 - loadIPPluginJar : add gic
2024-03-30 17:54:03,742 [INFO] IPUIPlugin:80 - create IPUIPlugin
2024-03-30 17:54:03,742 [INFO] PluginManager:220 - loadIPPluginJar : add gpio
2024-03-30 17:54:03,744 [INFO] IPUIPlugin:80 - create IPUIPlugin
2024-03-30 17:54:03,745 [INFO] PluginManager:220 - loadIPPluginJar : add gtzc
2024-03-30 17:54:03,747 [INFO] IPUIPlugin:80 - create IPUIPlugin
2024-03-30 17:54:03,747 [INFO] PluginManager:220 - loadIPPluginJar : add hash
2024-03-30 17:54:03,749 [INFO] IPUIPlugin:80 - create IPUIPlugin
2024-03-30 17:54:03,749 [INFO] PluginManager:220 - loadIPPluginJar : add i2c
2024-03-30 17:54:03,751 [INFO] IPUIPlugin:80 - create IPUIPlugin
2024-03-30 17:54:03,751 [INFO] PluginManager:220 - loadIPPluginJar : add i2s
2024-03-30 17:54:03,754 [INFO] IPUIPlugin:80 - create IPUIPlugin
2024-03-30 17:54:03,754 [INFO] PluginManager:220 - loadIPPluginJar : add i3c
2024-03-30 17:54:03,758 [INFO] IPUIPlugin:80 - create IPUIPlugin
2024-03-30 17:54:03,758 [INFO] PluginManager:220 - loadIPPluginJar : add ipddr
2024-03-30 17:54:03,765 [INFO] IPUIPlugin:80 - create IPUIPlugin
2024-03-30 17:54:03,765 [INFO] PluginManager:220 - loadIPPluginJar : add linkedlist
2024-03-30 17:54:03,769 [INFO] IPUIPlugin:80 - create IPUIPlugin
2024-03-30 17:54:03,770 [INFO] PluginManager:220 - loadIPPluginJar : add lorawan
2024-03-30 17:54:03,771 [INFO] IPUIPlugin:80 - create IPUIPlugin
2024-03-30 17:54:03,771 [INFO] PluginManager:220 - loadIPPluginJar : add ltdc
2024-03-30 17:54:03,776 [INFO] IPUIPlugin:80 - create IPUIPlugin
2024-03-30 17:54:03,776 [INFO] PluginManager:220 - loadIPPluginJar : add mdma
2024-03-30 17:54:03,778 [INFO] IPUIPlugin:80 - create IPUIPlugin
2024-03-30 17:54:03,779 [INFO] PluginManager:220 - loadIPPluginJar : add nvic
2024-03-30 17:54:03,781 [INFO] IPUIPlugin:80 - create IPUIPlugin
2024-03-30 17:54:03,781 [INFO] PluginManager:220 - loadIPPluginJar : add opamp
2024-03-30 17:54:03,783 [INFO] IPUIPlugin:80 - create IPUIPlugin
2024-03-30 17:54:03,783 [INFO] PluginManager:220 - loadIPPluginJar : add openamp
2024-03-30 17:54:03,786 [INFO] IPUIPlugin:80 - create IPUIPlugin
2024-03-30 17:54:03,786 [INFO] PluginManager:220 - loadIPPluginJar : add pdm2pcm
2024-03-30 17:54:03,791 [INFO] IPUIPlugin:80 - create IPUIPlugin
2024-03-30 17:54:03,793 [INFO] PluginManager:220 - loadIPPluginJar : add plateformsettings
2024-03-30 17:54:03,795 [INFO] IPUIPlugin:80 - create IPUIPlugin
2024-03-30 17:54:03,795 [INFO] PluginManager:220 - loadIPPluginJar : add quadspi
2024-03-30 17:54:03,797 [INFO] IPUIPlugin:80 - create IPUIPlugin
2024-03-30 17:54:03,798 [INFO] PluginManager:220 - loadIPPluginJar : add resmgrutility
2024-03-30 17:54:03,800 [INFO] IPUIPlugin:80 - create IPUIPlugin
2024-03-30 17:54:03,800 [INFO] PluginManager:220 - loadIPPluginJar : add sai
2024-03-30 17:54:03,805 [INFO] IPUIPlugin:80 - create IPUIPlugin
2024-03-30 17:54:03,805 [INFO] PluginManager:220 - loadIPPluginJar : add spi
2024-03-30 17:54:03,809 [INFO] IPUIPlugin:80 - create IPUIPlugin
2024-03-30 17:54:03,809 [INFO] PluginManager:220 - loadIPPluginJar : add stm32_wpan
2024-03-30 17:54:03,811 [INFO] IPUIPlugin:80 - create IPUIPlugin
2024-03-30 17:54:03,811 [INFO] PluginManager:220 - loadIPPluginJar : add tim
2024-03-30 17:54:03,814 [INFO] IPUIPlugin:80 - create IPUIPlugin
2024-03-30 17:54:03,814 [INFO] PluginManager:220 - loadIPPluginJar : add touchsensing
2024-03-30 17:54:03,816 [INFO] IPUIPlugin:80 - create IPUIPlugin
2024-03-30 17:54:03,816 [INFO] PluginManager:220 - loadIPPluginJar : add tracer_emb
2024-03-30 17:54:03,834 [INFO] IPUIPlugin:80 - create IPUIPlugin
2024-03-30 17:54:03,834 [INFO] PluginManager:220 - loadIPPluginJar : add ts
2024-03-30 17:54:03,836 [INFO] IPUIPlugin:80 - create IPUIPlugin
2024-03-30 17:54:03,836 [INFO] PluginManager:220 - loadIPPluginJar : add tsc
2024-03-30 17:54:03,837 [INFO] IPUIPlugin:80 - create IPUIPlugin
2024-03-30 17:54:03,837 [INFO] PluginManager:220 - loadIPPluginJar : add ucpd
2024-03-30 17:54:03,840 [INFO] IPUIPlugin:80 - create IPUIPlugin
2024-03-30 17:54:03,840 [INFO] PluginManager:220 - loadIPPluginJar : add usart
2024-03-30 17:54:03,843 [INFO] IPUIPlugin:80 - create IPUIPlugin
2024-03-30 17:54:03,843 [INFO] PluginManager:220 - loadIPPluginJar : add usbx
2024-03-30 17:54:03,990 [INFO] CADModel:165 - CPN selected for project level
2024-03-30 17:54:03,990 [INFO] CADModel:114 - Register for checkConnection events
2024-03-30 17:54:03,990 [FATAL] Updater:308 - Updater called before beeing initialized
2024-03-30 17:54:03,990 [ERROR] CADModel:125 - Updater not yet initialized, retry later 
2024-03-30 17:54:04,204 [INFO] CADModel:165 - CPN selected for project level
2024-03-30 17:54:04,204 [INFO] CADModel:114 - Register for checkConnection events
2024-03-30 17:54:04,204 [FATAL] Updater:308 - Updater called before beeing initialized
2024-03-30 17:54:04,204 [ERROR] CADModel:125 - Updater not yet initialized, retry later 
2024-03-30 17:54:04,207 [FATAL] Updater:308 - Updater called before beeing initialized
2024-03-30 17:54:04,335 [FATAL] Updater:308 - Updater called before beeing initialized
2024-03-30 17:54:04,339 [INFO] DbMcusAds:53 - JSON generation date=Wed Nov 29 16:22:27 IST 2023 (1701255147349)
2024-03-30 17:54:04,340 [FATAL] Updater:308 - Updater called before beeing initialized
2024-03-30 17:54:04,386 [WARN] DetailPanel:346 - Failed to get advertising image, set to default
2024-03-30 17:54:04,488 [FATAL] Updater:308 - Updater called before beeing initialized
2024-03-30 17:54:04,489 [FATAL] Updater:308 - Updater called before beeing initialized
2024-03-30 17:54:04,489 [FATAL] Updater:308 - Updater called before beeing initialized
2024-03-30 17:54:04,490 [WARN] DetailPanel:346 - Failed to get advertising image, set to default
2024-03-30 17:54:04,490 [FATAL] Updater:308 - Updater called before beeing initialized
2024-03-30 17:54:04,539 [ERROR] Updater:1120 - MainUpdater not yet initialized. External WinMGr cannot be set.
2024-03-30 17:54:04,542 [INFO] Updater:1056 - Updater Version found : 6.11.0
2024-03-30 17:54:04,566 [INFO] ApplicationProperties:184 - Using Application install path: C:\ST\STM32CubeIDE_1.4.0\STM32CubeIDE\plugins\com.st.stm32cube.common.mx_6.11.0.202403141607
2024-03-30 17:54:05,034 [INFO] MainUpdater:2873 - connection check result : 10
2024-03-30 17:54:05,035 [INFO] MainUpdater:290 - Updater Check For Update Now.
2024-03-30 17:54:05,035 [INFO] MicroXplorer:498 - Change Database Version : DB.6.0.110
2024-03-30 17:54:05,049 [INFO] McuFinderGlobals:63 - Set McuFinder mode to 2 (CubeIDE integrated)
2024-03-30 17:54:05,050 [INFO] UserAuth:179 - activating auth plugin
2024-03-30 17:54:05,052 [INFO] UserAuth:415 - Internet connection configuration mode: 1
2024-03-30 17:54:05,091 [INFO] JxBrowserEngine:152 - Initiate JxBrowser Engine with user profile folder
2024-03-30 17:54:05,223 [INFO] CheckServerUpdateThread:120 - End of CheckServer Thread
2024-03-30 17:54:06,331 [WARN] PackLoader:240 - Cannot read IP mode file for STMicroelectronics.X-CUBE-SMBUS.2.1.0
2024-03-30 17:54:06,342 [WARN] PackLoader:240 - Cannot read IP mode file for STMicroelectronics.X-CUBE-TOUCHGFX.4.23.0
2024-03-30 17:54:06,399 [WARN] PackLoader:240 - Cannot read IP mode file for STMicroelectronics.X-CUBE-AZRTOS-F7.1.1.0
2024-03-30 17:54:06,423 [WARN] PackLoader:240 - Cannot read IP mode file for STMicroelectronics.FP-SNS-MOTENV1.4.3.2
2024-03-30 17:54:06,442 [WARN] PackLoader:240 - Cannot read IP mode file for STMicroelectronics.X-CUBE-BLE1.6.2.4
2024-03-30 17:54:06,452 [WARN] PackLoader:240 - Cannot read IP mode file for STMicroelectronics.FP-SNS-FLIGHT1.5.0.2
2024-03-30 17:54:06,467 [WARN] PackLoader:240 - Cannot read IP mode file for STMicroelectronics.X-CUBE-DISPLAY.3.0.0
2024-03-30 17:54:06,487 [WARN] PackLoader:240 - Cannot read IP mode file for STMicroelectronics.X-CUBE-BLE1.7.0.0
2024-03-30 17:54:06,587 [WARN] PackLoader:240 - Cannot read IP mode file for STMicroelectronics.X-CUBE-MEMS1.9.3.0
2024-03-30 17:54:06,797 [WARN] PackLoader:240 - Cannot read IP mode file for STMicroelectronics.X-CUBE-BLEMGR.3.1.0
2024-03-30 17:54:06,805 [WARN] PackLoader:240 - Cannot read IP mode file for STMicroelectronics.FP-SNS-SMARTAG2.1.2.0
2024-03-30 17:54:06,817 [INFO] LogOutputStream:77 - [STDOUT_REDIRECT] 1 : Invalid condition id : UX_CORESTACK_Condition cause : null
2024-03-30 17:54:06,818 [INFO] LogOutputStream:77 - [STDOUT_REDIRECT] 1 : Invalid condition id : UX_CORESTACK_Condition cause : null
2024-03-30 17:54:06,819 [INFO] LogOutputStream:77 - [STDOUT_REDIRECT] 1 : Invalid condition id : UX_CORESTACK_Condition cause : null
2024-03-30 17:54:06,821 [INFO] LogOutputStream:77 - [STDOUT_REDIRECT] 1 : Invalid condition id : UX_CORESTACK_Condition cause : null
2024-03-30 17:54:06,822 [INFO] LogOutputStream:77 - [STDOUT_REDIRECT] 1 : Invalid condition id : UX_CORESTACK_Condition cause : null
2024-03-30 17:54:06,825 [WARN] PackLoader:240 - Cannot read IP mode file for STMicroelectronics.X-CUBE-AZRTOS-WL.2.0.0
2024-03-30 17:54:06,836 [WARN] PackLoader:240 - Cannot read IP mode file for WES.I-CUBE-Cesium.1.3.0
2024-03-30 17:54:06,846 [WARN] PackLoader:240 - Cannot read IP mode file for STMicroelectronics.X-CUBE-TOF1.3.2.0
2024-03-30 17:54:06,871 [WARN] PackLoader:240 - Cannot read IP mode file for STMicroelectronics.X-CUBE-ISPU.1.0.0
2024-03-30 17:54:06,878 [WARN] PackLoader:240 - Cannot read IP mode file for STMicroelectronics.X-CUBE-TOUCHGFX.4.21.0
2024-03-30 17:54:06,939 [WARN] PackLoader:240 - Cannot read IP mode file for STMicroelectronics.X-CUBE-MEMS1.9.4.0
2024-03-30 17:54:07,012 [INFO] WebApp:161 - Instantiating new browser for Auth
2024-03-30 17:54:07,181 [WARN] PackLoader:240 - Cannot read IP mode file for STMicroelectronics.X-CUBE-AI.7.3.0
2024-03-30 17:54:07,196 [WARN] PackLoader:240 - Cannot read IP mode file for STMicroelectronics.X-CUBE-NFC4.3.0.0
2024-03-30 17:54:07,216 [WARN] PackLoader:240 - Cannot read IP mode file for STMicroelectronics.X-CUBE-BLEMGR.3.0.0
2024-03-30 17:54:07,233 [WARN] PackLoader:240 - Cannot read IP mode file for STMicroelectronics.X-CUBE-BLEMGR.1.3.0
2024-03-30 17:54:07,245 [WARN] PackLoader:240 - Cannot read IP mode file for STMicroelectronics.FP-ATR-SIGFOX1.3.2.0
2024-03-30 17:54:07,256 [WARN] PackLoader:240 - Cannot read IP mode file for STMicroelectronics.X-CUBE-EEPRMA1.5.1.0
2024-03-30 17:54:07,306 [WARN] PackLoader:240 - Cannot read IP mode file for SEGGER.I-CUBE-embOS.1.3.1
2024-03-30 17:54:07,380 [WARN] PackLoader:240 - Cannot read IP mode file for STMicroelectronics.X-CUBE-AZRTOS-F4.1.1.0
2024-03-30 17:54:07,404 [WARN] PackLoader:240 - Cannot read IP mode file for STMicroelectronics.X-CUBE-AZRTOS-L5.2.0.0
2024-03-30 17:54:07,416 [WARN] PackLoader:240 - Cannot read IP mode file for STMicroelectronics.X-CUBE-NFC6.3.1.0
2024-03-30 17:54:07,427 [WARN] PackLoader:240 - Cannot read IP mode file for ITTIA_DB.I-CUBE-ITTIADB.8.8.0
2024-03-30 17:54:07,433 [WARN] PackLoader:240 - Cannot read IP mode file for STMicroelectronics.X-CUBE-NFC4.2.0.5
2024-03-30 17:54:07,441 [WARN] PackLoader:240 - Cannot read IP mode file for STMicroelectronics.X-CUBE-NFC7.1.0.1
2024-03-30 17:54:07,451 [WARN] PackLoader:240 - Cannot read IP mode file for STMicroelectronics.X-CUBE-NFC6.3.0.0
2024-03-30 17:54:07,461 [WARN] PackLoader:240 - Cannot read IP mode file for STMicroelectronics.X-CUBE-EEPRMA1.4.1.0
2024-03-30 17:54:07,468 [WARN] PackLoader:240 - Cannot read IP mode file for STMicroelectronics.X-CUBE-AI.8.1.0
2024-03-30 17:54:07,488 [WARN] ConditionMgr:438 - getConditionDescription Invalid condition id : LAN8742 Phy interface Condition cause : null
2024-03-30 17:54:07,489 [WARN] PackLoader:240 - Cannot read IP mode file for STMicroelectronics.X-CUBE-AZRTOS-L4.2.0.0
2024-03-30 17:54:07,491 [WARN] ConditionMgr:1039 - genDependencies : Invalid condition id : LAN8742 Phy interface Condition cause : null
2024-03-30 17:54:07,491 [WARN] ConditionMgr:1039 - genDependencies : Invalid condition id : LAN8742 Phy interface Condition cause : null
2024-03-30 17:54:07,491 [WARN] ConditionMgr:1039 - genDependencies : Invalid condition id : LAN8742 Phy interface Condition cause : null
2024-03-30 17:54:07,515 [WARN] PackLoader:240 - Cannot read IP mode file for STMicroelectronics.X-CUBE-AZRTOS-H7.3.0.0
2024-03-30 17:54:07,528 [WARN] PackLoader:240 - Cannot read IP mode file for STMicroelectronics.X-CUBE-ISPU.1.1.0
2024-03-30 17:54:07,545 [WARN] ConditionMgr:438 - getConditionDescription Invalid condition id : UX DEVICE CLASS RTOS Condition cause : null
2024-03-30 17:54:07,545 [WARN] ConditionMgr:438 - getConditionDescription Invalid condition id : UX DEVICE CLASS RTOS Condition cause : null
2024-03-30 17:54:07,548 [WARN] PackLoader:240 - Cannot read IP mode file for STMicroelectronics.X-CUBE-AZRTOS-WB.2.0.0
2024-03-30 17:54:07,549 [WARN] ConditionMgr:1039 - genDependencies : Invalid condition id : UX DEVICE CLASS RTOS Condition cause : null
2024-03-30 17:54:07,549 [WARN] ConditionMgr:1039 - genDependencies : Invalid condition id : UX DEVICE CLASS RTOS Condition cause : null
2024-03-30 17:54:07,550 [WARN] ConditionMgr:1039 - genDependencies : Invalid condition id : UX DEVICE CLASS RTOS Condition cause : null
2024-03-30 17:54:07,550 [WARN] ConditionMgr:1039 - genDependencies : Invalid condition id : UX DEVICE CLASS RTOS Condition cause : null
2024-03-30 17:54:07,550 [WARN] ConditionMgr:1039 - genDependencies : Invalid condition id : UX DEVICE CLASS RTOS Condition cause : null
2024-03-30 17:54:07,562 [WARN] PackLoader:240 - Cannot read IP mode file for STMicroelectronics.X-CUBE-BLEMGR.1.0.0
2024-03-30 17:54:07,583 [WARN] PackLoader:240 - Cannot read IP mode file for STMicroelectronics.X-CUBE-AZRTOS-L5.1.1.0
2024-03-30 17:54:07,609 [WARN] PackLoader:240 - Cannot read IP mode file for STMicroelectronics.X-CUBE-AZRTOS-G4.2.0.0
2024-03-30 17:54:07,620 [WARN] PackLoader:240 - Cannot read IP mode file for STMicroelectronics.FP-ATR-ASTRA1.1.1.1
2024-03-30 17:54:07,640 [WARN] PackLoader:240 - Cannot read IP mode file for Infineon.AIROC-Wi-Fi-Bluetooth-STM32.1.5.1
2024-03-30 17:54:07,659 [WARN] PackLoader:240 - Cannot read IP mode file for STMicroelectronics.FP-SNS-MOTENVWB1.1.3.1
2024-03-30 17:54:07,665 [WARN] PackLoader:240 - Cannot read IP mode file for STMicroelectronics.X-CUBE-ISPU.2.0.0
2024-03-30 17:54:07,713 [WARN] PackLoader:240 - Cannot read IP mode file for STMicroelectronics.X-CUBE-MEMS1.10.0.0
2024-03-30 17:54:07,850 [WARN] PackLoader:240 - Cannot read IP mode file for STMicroelectronics.X-CUBE-FREERTOS.1.1.0
2024-03-30 17:54:07,868 [WARN] PackLoader:240 - Cannot read IP mode file for STMicroelectronics.X-CUBE-AZRTOS-WB.1.1.0
2024-03-30 17:54:07,874 [WARN] PackLoader:240 - Cannot read IP mode file for STMicroelectronics.FP-ATR-ASTRA1.2.0.0
2024-03-30 17:54:07,887 [WARN] PackLoader:240 - Cannot read IP mode file for STMicroelectronics.X-CUBE-TOF1.3.4.0
2024-03-30 17:54:07,920 [WARN] PackLoader:240 - Cannot read IP mode file for STMicroelectronics.X-CUBE-TOF1.3.4.1
2024-03-30 17:54:07,953 [WARN] PackLoader:240 - Cannot read IP mode file for STMicroelectronics.X-CUBE-AZRTOS-H7.3.2.0
2024-03-30 17:54:07,956 [INFO] ThirdParty:978 - Integrity check success = true
2024-03-30 17:54:07,956 [INFO] IntegrityCheckThread:100 - exiting critical section [integrity check]
2024-03-30 17:54:07,956 [INFO] IntegrityCheckThread:103 - End integrity checks thread
2024-03-30 17:54:08,303 [INFO] WebApp:779 - Register for checkConnection events
2024-03-30 17:54:08,304 [INFO] WebApp:414 - Apply proxy settings
2024-03-30 17:54:08,304 [INFO] WebApp:499 - Chromium requires no authentication
2024-03-30 17:54:08,321 [INFO] WebApp:442 - Direct internet connection detected
2024-03-30 17:54:08,638 [INFO] WebApp:192 - Starting web application
2024-03-30 17:54:08,639 [INFO] WebApp:544 - Web application path used C:\ST\STM32CubeIDE_1.4.0\STM32CubeIDE\plugins\com.st.stm32cube.common.mx_6.11.0.202403141607\db\plugins\mcufinder\reactClient1\index.html
2024-03-30 18:01:15,817 [ERROR] LogOutputStream:75 - [STDERR_REDIRECT] 
