2024-08-01 12:57:46,885 [INFO] Activator:176 - 


2024-08-01 12:57:46,893 [INFO] Activator:177 - !SESSION log4j initialized
2024-08-01 12:57:53,528 [INFO] LogOutputStream:77 - [STDOUT_REDIRECT] 
2024-08-01 12:57:55,062 [INFO] ApplicationProperties:184 - Using Application install path: C:\ST\STM32CubeIDE_1.4.0\STM32CubeIDE\plugins\com.st.stm32cube.common.mx_6.12.0.202406281431
2024-08-01 12:57:55,090 [INFO] DbMcusXml:78 - Set database path to: C:\ST\STM32CubeIDE_1.4.0\STM32CubeIDE\plugins\com.st.stm32cube.common.mx_6.12.0.202406281431\\db\/mcu/
2024-08-01 12:57:55,090 [INFO] ApiDb:274 - Set plugin database path to: C:\ST\STM32CubeIDE_1.4.0\STM32CubeIDE\plugins\com.st.stm32cube.common.mx_6.12.0.202406281431\\db\/plugins/boardmanager/
2024-08-01 12:57:55,092 [WARN] ApiDb:259 - Overriding images path with different value:  => C:\ST\STM32CubeIDE_1.4.0\STM32CubeIDE\plugins\com.st.stm32cube.common.mx_6.12.0.202406281431\\db\/plugins/mcufinder/images/
2024-08-01 12:57:55,113 [INFO] ApiDb:250 - Set database path to: C:\Users\Abhishek\.stmcufinder\plugins\mcufinder//mcu/
2024-08-01 12:57:55,114 [INFO] DbMcusAds:125 - Set database path to: C:\Users\Abhishek\.stmcufinder\plugins\mcufinder//mcu/
2024-08-01 12:57:55,119 [INFO] CrossReferenceDbSqlite:203 - Set database path to: C:\Users\Abhishek\.stmcufinder\plugins\mcufinder//mcu/cs/
2024-08-01 12:57:55,261 [INFO] RulesReader:64 - Compatibility file has been processed (297 Rules)
2024-08-01 12:57:55,372 [INFO] DbMcusXml:78 - Set database path to: C:\ST\STM32CubeIDE_1.4.0\STM32CubeIDE\plugins\com.st.stm32cube.common.mx_6.12.0.202406281431\\db\/mcu/
2024-08-01 12:57:55,372 [INFO] ApiDb:274 - Set plugin database path to: C:\ST\STM32CubeIDE_1.4.0\STM32CubeIDE\plugins\com.st.stm32cube.common.mx_6.12.0.202406281431\\db\/plugins/boardmanager/
2024-08-01 12:57:55,372 [INFO] ApiDb:261 - Set plugin images path to: C:\ST\STM32CubeIDE_1.4.0\STM32CubeIDE\plugins\com.st.stm32cube.common.mx_6.12.0.202406281431\\db\/plugins/mcufinder/images/
2024-08-01 12:57:55,372 [WARN] DbFile:41 - Overriding database path with different value: C:\Users\Abhishek\.stmcufinder\plugins\mcufinder/ => C:\Users\Abhishek\.stmcufinder\plugins\mcufinder
2024-08-01 12:57:55,372 [INFO] ApiDb:250 - Set database path to: C:\Users\Abhishek\.stmcufinder\plugins\mcufinder//mcu/
2024-08-01 12:57:55,372 [WARN] DbFile:41 - Overriding database path with different value: C:\Users\Abhishek\.stmcufinder\plugins\mcufinder/ => C:\Users\Abhishek\.stmcufinder\plugins\mcufinder
2024-08-01 12:57:55,372 [INFO] DbMcusAds:125 - Set database path to: C:\Users\Abhishek\.stmcufinder\plugins\mcufinder//mcu/
2024-08-01 12:57:55,373 [WARN] DbFile:41 - Overriding database path with different value: C:\Users\Abhishek\.stmcufinder\plugins\mcufinder/ => C:\Users\Abhishek\.stmcufinder\plugins\mcufinder
2024-08-01 12:57:55,373 [WARN] DbFile:41 - Overriding database path with different value: C:\Users\Abhishek\.stmcufinder\plugins\mcufinder/ => C:\Users\Abhishek\.stmcufinder\plugins\mcufinder
2024-08-01 12:57:55,373 [INFO] CrossReferenceDbSqlite:203 - Set database path to: C:\Users\Abhishek\.stmcufinder\plugins\mcufinder//mcu/cs/
2024-08-01 12:57:55,487 [INFO] MainPanel:268 - HeapMemory: 268435456
2024-08-01 12:57:55,669 [INFO] DbMcusXml:78 - Set database path to: C:\ST\STM32CubeIDE_1.4.0\STM32CubeIDE\plugins\com.st.stm32cube.common.mx_6.12.0.202406281431\\db\/mcu/
2024-08-01 12:57:55,669 [INFO] ApiDb:274 - Set plugin database path to: C:\ST\STM32CubeIDE_1.4.0\STM32CubeIDE\plugins\com.st.stm32cube.common.mx_6.12.0.202406281431\\db\/plugins/boardmanager/
2024-08-01 12:57:55,669 [INFO] ApiDb:261 - Set plugin images path to: C:\ST\STM32CubeIDE_1.4.0\STM32CubeIDE\plugins\com.st.stm32cube.common.mx_6.12.0.202406281431\\db\/plugins/mcufinder/images/
2024-08-01 12:57:55,669 [WARN] DbFile:41 - Overriding database path with different value: C:\Users\Abhishek\.stmcufinder\plugins\mcufinder/ => C:\Users\Abhishek\.stmcufinder\plugins\mcufinder
2024-08-01 12:57:55,669 [INFO] ApiDb:250 - Set database path to: C:\Users\Abhishek\.stmcufinder\plugins\mcufinder//mcu/
2024-08-01 12:57:55,671 [WARN] DbFile:41 - Overriding database path with different value: C:\Users\Abhishek\.stmcufinder\plugins\mcufinder/ => C:\Users\Abhishek\.stmcufinder\plugins\mcufinder
2024-08-01 12:57:55,671 [INFO] DbMcusAds:125 - Set database path to: C:\Users\Abhishek\.stmcufinder\plugins\mcufinder//mcu/
2024-08-01 12:57:55,671 [WARN] DbFile:41 - Overriding database path with different value: C:\Users\Abhishek\.stmcufinder\plugins\mcufinder/ => C:\Users\Abhishek\.stmcufinder\plugins\mcufinder
2024-08-01 12:57:55,672 [WARN] DbFile:41 - Overriding database path with different value: C:\Users\Abhishek\.stmcufinder\plugins\mcufinder/ => C:\Users\Abhishek\.stmcufinder\plugins\mcufinder
2024-08-01 12:57:55,672 [INFO] CrossReferenceDbSqlite:203 - Set database path to: C:\Users\Abhishek\.stmcufinder\plugins\mcufinder//mcu/cs/
2024-08-01 12:57:55,695 [INFO] ApplicationProperties:184 - Using Application install path: C:\ST\STM32CubeIDE_1.4.0\STM32CubeIDE\plugins\com.st.stm32cube.common.mx_6.12.0.202406281431
2024-08-01 12:57:55,697 [INFO] PluginManage:196 - Search for loadable plugins [exclusion list=, ]
2024-08-01 12:57:55,699 [INFO] PluginManage:310 - Check plugin analytics
2024-08-01 12:57:55,926 [INFO] AnalyticsPlugin:253 - Accepted Software Licenses: STM32CubeMX.6.1.0,STM32CubeMX.6.4.0,STM32CubeMX.6.2.0,STM32CubeMX.6.10.0
2024-08-01 12:57:55,926 [INFO] AnalyticsPlugin:255 - Accepted CMSIS Pack Licenses: 
2024-08-01 12:57:55,927 [INFO] AnalyticsPlugin:257 - Accepted Firmware Licenses: 
2024-08-01 12:57:55,930 [INFO] PluginManage:359 - Loaded plugin analytics (category:tool,tabindex:-1)
2024-08-01 12:57:55,930 [INFO] PluginManage:310 - Check plugin cadmodel
2024-08-01 12:57:55,943 [INFO] CADModel:105 - Init CAD model plugin
2024-08-01 12:57:55,943 [INFO] PluginManage:359 - Loaded plugin cadmodel (category:power,tabindex:5)
2024-08-01 12:57:55,943 [INFO] PluginManage:310 - Check plugin clock
2024-08-01 12:57:55,961 [INFO] PluginManage:359 - Loaded plugin clock (category:base,tabindex:2)
2024-08-01 12:57:55,961 [INFO] PluginManage:310 - Check plugin ddr
2024-08-01 12:57:55,966 [INFO] PluginManage:359 - Loaded plugin ddr (category:tool,tabindex:6)
2024-08-01 12:57:55,966 [INFO] PluginManage:310 - Check plugin filemanager
2024-08-01 12:57:56,180 [INFO] PluginManage:359 - Loaded plugin filemanager (category:base,tabindex:10)
2024-08-01 12:57:56,180 [INFO] PluginManage:310 - Check plugin ipmanager
2024-08-01 12:57:56,189 [INFO] PluginManage:359 - Loaded plugin ipmanager (category:base,tabindex:5)
2024-08-01 12:57:56,190 [INFO] PluginManage:310 - Check plugin lpbam
2024-08-01 12:57:56,218 [INFO] PluginManage:359 - Loaded plugin lpbam (category:base,tabindex:0)
2024-08-01 12:57:56,218 [INFO] PluginManage:310 - Check plugin memorymap
2024-08-01 12:57:56,251 [INFO] PluginManage:359 - Loaded plugin memorymap (category:base,tabindex:4)
2024-08-01 12:57:56,251 [INFO] PluginManage:310 - Check plugin pinoutandconfiguration
2024-08-01 12:57:56,265 [INFO] PluginManage:359 - Loaded plugin pinoutandconfiguration (category:base,tabindex:1)
2024-08-01 12:57:56,265 [INFO] PluginManage:310 - Check plugin pinoutconfig
2024-08-01 12:57:56,405 [WARN] SupportedApi:132 - Cannot load RTOS API schema: s4s-elt-must-match.1: The content of 'definitions' must match (annotation?, (simpleType | complexType)?, (unique | key | keyref)*)). A problem was found starting at: attribute.
2024-08-01 12:57:56,587 [INFO] PluginManage:359 - Loaded plugin pinoutconfig (category:base,tabindex:0)
2024-08-01 12:57:56,588 [INFO] PluginManage:310 - Check plugin power
2024-08-01 12:57:56,608 [INFO] PluginManage:359 - Loaded plugin power (category:power,tabindex:4)
2024-08-01 12:57:56,608 [INFO] PluginManage:310 - Check plugin projectmanager
2024-08-01 12:57:56,627 [INFO] PluginManage:359 - Loaded plugin projectmanager (category:projectmanager,tabindex:4)
2024-08-01 12:57:56,627 [INFO] PluginManage:310 - Check plugin rif
2024-08-01 12:57:56,680 [INFO] PluginManage:359 - Loaded plugin rif (category:base,tabindex:3)
2024-08-01 12:57:56,681 [INFO] PluginManage:310 - Check plugin thirdparty
2024-08-01 12:57:56,858 [INFO] PluginManage:359 - Loaded plugin thirdparty (category:base,tabindex:-1)
2024-08-01 12:57:56,858 [WARN] IntegrityCheckThread:84 - waiting for thirdparty lock release [integrity check]
2024-08-01 12:57:56,858 [INFO] PluginManage:310 - Check plugin tools
2024-08-01 12:57:56,858 [INFO] IntegrityCheckThread:86 - entering critical section [integrity check]
2024-08-01 12:57:56,859 [INFO] ThirdPartyUpdaterWithRetryManager:70 - Updater plugin not ready yet. [1/15]
2024-08-01 12:57:56,866 [INFO] PluginManage:359 - Loaded plugin tools (category:base,tabindex:7)
2024-08-01 12:57:56,866 [INFO] PluginManage:310 - Check plugin tutovideos
2024-08-01 12:57:57,126 [INFO] PluginManage:359 - Loaded plugin tutovideos (category:base,tabindex:-1)
2024-08-01 12:57:57,127 [INFO] PluginManage:310 - Check plugin updater
2024-08-01 12:57:57,145 [INFO] PluginManage:359 - Loaded plugin updater (category:base,tabindex:12)
2024-08-01 12:57:57,146 [INFO] PluginManage:310 - Check plugin userauth
2024-08-01 12:57:57,153 [INFO] UserAuth:113 - Init User Auth plugin
2024-08-01 12:57:57,153 [INFO] PluginManage:359 - Loaded plugin userauth (category:base,tabindex:14)
2024-08-01 12:57:57,154 [INFO] PluginManage:283 - PluginManage : Loaded plugins [18]
2024-08-01 12:57:57,392 [INFO] PinOutPanel:1561 - setPackage(No Configuration,No Configuration)
2024-08-01 12:57:57,503 [INFO] CADModel:165 - CPN selected for project level
2024-08-01 12:57:57,503 [INFO] CADModel:114 - Register for checkConnection events
2024-08-01 12:57:57,532 [INFO] IPUIPlugin:80 - create IPUIPlugin
2024-08-01 12:57:57,532 [INFO] PluginManager:220 - loadIPPluginJar : add adc
2024-08-01 12:57:57,538 [INFO] IPUIPlugin:80 - create IPUIPlugin
2024-08-01 12:57:57,538 [INFO] PluginManager:220 - loadIPPluginJar : add aes
2024-08-01 12:57:57,544 [INFO] IPUIPlugin:80 - create IPUIPlugin
2024-08-01 12:57:57,544 [INFO] PluginManager:220 - loadIPPluginJar : add can
2024-08-01 12:57:57,548 [INFO] IPUIPlugin:80 - create IPUIPlugin
2024-08-01 12:57:57,548 [INFO] PluginManager:220 - loadIPPluginJar : add comp
2024-08-01 12:57:57,555 [INFO] IPUIPlugin:80 - create IPUIPlugin
2024-08-01 12:57:57,555 [INFO] PluginManager:220 - loadIPPluginJar : add cryp
2024-08-01 12:57:57,563 [INFO] IPUIPlugin:80 - create IPUIPlugin
2024-08-01 12:57:57,563 [INFO] PluginManager:220 - loadIPPluginJar : add ddr_ctrl_phy
2024-08-01 12:57:57,567 [INFO] IPUIPlugin:80 - create IPUIPlugin
2024-08-01 12:57:57,567 [INFO] PluginManager:220 - loadIPPluginJar : add dfsdm
2024-08-01 12:57:57,582 [INFO] IPUIPlugin:80 - create IPUIPlugin
2024-08-01 12:57:57,582 [INFO] PluginManager:220 - loadIPPluginJar : add dma
2024-08-01 12:57:57,588 [INFO] IPUIPlugin:80 - create IPUIPlugin
2024-08-01 12:57:57,588 [INFO] PluginManager:220 - loadIPPluginJar : add dma3
2024-08-01 12:57:57,595 [INFO] IPUIPlugin:80 - create IPUIPlugin
2024-08-01 12:57:57,595 [INFO] PluginManager:220 - loadIPPluginJar : add extmemmanager
2024-08-01 12:57:57,599 [INFO] IPUIPlugin:80 - create IPUIPlugin
2024-08-01 12:57:57,599 [INFO] PluginManager:220 - loadIPPluginJar : add fatfs
2024-08-01 12:57:57,608 [INFO] IPUIPlugin:80 - create IPUIPlugin
2024-08-01 12:57:57,608 [INFO] PluginManager:220 - loadIPPluginJar : add fmc
2024-08-01 12:57:57,653 [INFO] IPUIPlugin:80 - create IPUIPlugin
2024-08-01 12:57:57,653 [INFO] PluginManager:220 - loadIPPluginJar : add freertos
2024-08-01 12:57:57,658 [INFO] IPUIPlugin:80 - create IPUIPlugin
2024-08-01 12:57:57,658 [INFO] PluginManager:220 - loadIPPluginJar : add genericplugin
2024-08-01 12:57:57,666 [INFO] IPUIPlugin:80 - create IPUIPlugin
2024-08-01 12:57:57,666 [INFO] PluginManager:220 - loadIPPluginJar : add gfxmmu
2024-08-01 12:57:57,678 [INFO] IPUIPlugin:80 - create IPUIPlugin
2024-08-01 12:57:57,679 [INFO] PluginManager:220 - loadIPPluginJar : add gic
2024-08-01 12:57:57,697 [INFO] IPUIPlugin:80 - create IPUIPlugin
2024-08-01 12:57:57,697 [INFO] PluginManager:220 - loadIPPluginJar : add gpio
2024-08-01 12:57:57,707 [INFO] IPUIPlugin:80 - create IPUIPlugin
2024-08-01 12:57:57,707 [INFO] PluginManager:220 - loadIPPluginJar : add gtzc
2024-08-01 12:57:57,713 [INFO] IPUIPlugin:80 - create IPUIPlugin
2024-08-01 12:57:57,713 [INFO] PluginManager:220 - loadIPPluginJar : add hash
2024-08-01 12:57:57,721 [INFO] IPUIPlugin:80 - create IPUIPlugin
2024-08-01 12:57:57,721 [INFO] PluginManager:220 - loadIPPluginJar : add i2c
2024-08-01 12:57:57,728 [INFO] IPUIPlugin:80 - create IPUIPlugin
2024-08-01 12:57:57,728 [INFO] PluginManager:220 - loadIPPluginJar : add i2s
2024-08-01 12:57:57,734 [INFO] IPUIPlugin:80 - create IPUIPlugin
2024-08-01 12:57:57,734 [INFO] PluginManager:220 - loadIPPluginJar : add i3c
2024-08-01 12:57:57,743 [INFO] IPUIPlugin:80 - create IPUIPlugin
2024-08-01 12:57:57,743 [INFO] PluginManager:220 - loadIPPluginJar : add ipddr
2024-08-01 12:57:57,758 [INFO] IPUIPlugin:80 - create IPUIPlugin
2024-08-01 12:57:57,758 [INFO] PluginManager:220 - loadIPPluginJar : add linkedlist
2024-08-01 12:57:57,765 [INFO] IPUIPlugin:80 - create IPUIPlugin
2024-08-01 12:57:57,765 [INFO] PluginManager:220 - loadIPPluginJar : add lorawan
2024-08-01 12:57:57,772 [INFO] IPUIPlugin:80 - create IPUIPlugin
2024-08-01 12:57:57,772 [INFO] PluginManager:220 - loadIPPluginJar : add ltdc
2024-08-01 12:57:57,791 [INFO] IPUIPlugin:80 - create IPUIPlugin
2024-08-01 12:57:57,792 [INFO] PluginManager:220 - loadIPPluginJar : add mdma
2024-08-01 12:57:57,808 [INFO] IPUIPlugin:80 - create IPUIPlugin
2024-08-01 12:57:57,808 [INFO] PluginManager:220 - loadIPPluginJar : add nvic
2024-08-01 12:57:57,816 [INFO] IPUIPlugin:80 - create IPUIPlugin
2024-08-01 12:57:57,816 [INFO] PluginManager:220 - loadIPPluginJar : add opamp
2024-08-01 12:57:57,824 [INFO] IPUIPlugin:80 - create IPUIPlugin
2024-08-01 12:57:57,824 [INFO] PluginManager:220 - loadIPPluginJar : add openamp
2024-08-01 12:57:57,831 [INFO] IPUIPlugin:80 - create IPUIPlugin
2024-08-01 12:57:57,831 [INFO] PluginManager:220 - loadIPPluginJar : add pdm2pcm
2024-08-01 12:57:57,848 [INFO] IPUIPlugin:80 - create IPUIPlugin
2024-08-01 12:57:57,850 [INFO] PluginManager:220 - loadIPPluginJar : add plateformsettings
2024-08-01 12:57:57,856 [INFO] IPUIPlugin:80 - create IPUIPlugin
2024-08-01 12:57:57,856 [INFO] PluginManager:220 - loadIPPluginJar : add quadspi
2024-08-01 12:57:57,860 [INFO] IPUIPlugin:80 - create IPUIPlugin
2024-08-01 12:57:57,861 [INFO] PluginManager:220 - loadIPPluginJar : add radio
2024-08-01 12:57:57,907 [INFO] IPUIPlugin:80 - create IPUIPlugin
2024-08-01 12:57:57,907 [INFO] PluginManager:220 - loadIPPluginJar : add resmgrutility
2024-08-01 12:57:57,916 [INFO] IPUIPlugin:80 - create IPUIPlugin
2024-08-01 12:57:57,916 [INFO] PluginManager:220 - loadIPPluginJar : add sai
2024-08-01 12:57:57,922 [INFO] IPUIPlugin:80 - create IPUIPlugin
2024-08-01 12:57:57,922 [INFO] PluginManager:220 - loadIPPluginJar : add spi
2024-08-01 12:57:57,933 [INFO] IPUIPlugin:80 - create IPUIPlugin
2024-08-01 12:57:57,933 [INFO] PluginManager:220 - loadIPPluginJar : add stm32_wpan
2024-08-01 12:57:57,938 [INFO] IPUIPlugin:80 - create IPUIPlugin
2024-08-01 12:57:57,938 [INFO] PluginManager:220 - loadIPPluginJar : add tim
2024-08-01 12:57:57,947 [INFO] IPUIPlugin:80 - create IPUIPlugin
2024-08-01 12:57:57,948 [INFO] PluginManager:220 - loadIPPluginJar : add touchsensing
2024-08-01 12:57:57,952 [INFO] IPUIPlugin:80 - create IPUIPlugin
2024-08-01 12:57:57,952 [INFO] PluginManager:220 - loadIPPluginJar : add tracer_emb
2024-08-01 12:57:57,957 [INFO] IPUIPlugin:80 - create IPUIPlugin
2024-08-01 12:57:57,957 [INFO] PluginManager:220 - loadIPPluginJar : add ts
2024-08-01 12:57:57,961 [INFO] IPUIPlugin:80 - create IPUIPlugin
2024-08-01 12:57:57,961 [INFO] PluginManager:220 - loadIPPluginJar : add tsc
2024-08-01 12:57:57,966 [INFO] IPUIPlugin:80 - create IPUIPlugin
2024-08-01 12:57:57,966 [INFO] PluginManager:220 - loadIPPluginJar : add ucpd
2024-08-01 12:57:57,973 [INFO] IPUIPlugin:80 - create IPUIPlugin
2024-08-01 12:57:57,973 [INFO] PluginManager:220 - loadIPPluginJar : add usart
2024-08-01 12:57:57,980 [INFO] IPUIPlugin:80 - create IPUIPlugin
2024-08-01 12:57:57,980 [INFO] PluginManager:220 - loadIPPluginJar : add usbx
2024-08-01 12:57:58,120 [INFO] CADModel:165 - CPN selected for project level
2024-08-01 12:57:58,120 [INFO] CADModel:114 - Register for checkConnection events
2024-08-01 12:57:58,120 [FATAL] Updater:334 - Updater called before beeing initialized
2024-08-01 12:57:58,120 [ERROR] CADModel:125 - Updater not yet initialized, retry later 
2024-08-01 12:57:58,307 [INFO] CADModel:165 - CPN selected for project level
2024-08-01 12:57:58,307 [INFO] CADModel:114 - Register for checkConnection events
2024-08-01 12:57:58,307 [FATAL] Updater:334 - Updater called before beeing initialized
2024-08-01 12:57:58,307 [ERROR] CADModel:125 - Updater not yet initialized, retry later 
2024-08-01 12:57:58,312 [FATAL] Updater:334 - Updater called before beeing initialized
2024-08-01 12:57:58,455 [FATAL] Updater:334 - Updater called before beeing initialized
2024-08-01 12:57:58,461 [INFO] DbMcusAds:53 - JSON generation date=Thu May 16 14:52:00 IST 2024 (1715851320667)
2024-08-01 12:57:58,461 [FATAL] Updater:334 - Updater called before beeing initialized
2024-08-01 12:57:58,517 [WARN] DetailPanel:346 - Failed to get advertising image, set to default
2024-08-01 12:57:58,621 [FATAL] Updater:334 - Updater called before beeing initialized
2024-08-01 12:57:58,623 [FATAL] Updater:334 - Updater called before beeing initialized
2024-08-01 12:57:58,623 [FATAL] Updater:334 - Updater called before beeing initialized
2024-08-01 12:57:58,623 [WARN] DetailPanel:346 - Failed to get advertising image, set to default
2024-08-01 12:57:58,624 [FATAL] Updater:334 - Updater called before beeing initialized
2024-08-01 12:57:58,684 [ERROR] Updater:1164 - MainUpdater not yet initialized. External WinMGr cannot be set.
2024-08-01 12:57:58,688 [INFO] Updater:1100 - Updater Version found : 6.12.0
2024-08-01 12:57:58,714 [INFO] ApplicationProperties:184 - Using Application install path: C:\ST\STM32CubeIDE_1.4.0\STM32CubeIDE\plugins\com.st.stm32cube.common.mx_6.12.0.202406281431
2024-08-01 12:57:59,198 [INFO] MainUpdater:2873 - connection check result : 10
2024-08-01 12:57:59,199 [INFO] MainUpdater:290 - Updater Check For Update Now.
2024-08-01 12:57:59,199 [INFO] MicroXplorer:498 - Change Database Version : DB.6.0.120
2024-08-01 12:57:59,208 [INFO] McuFinderGlobals:63 - Set McuFinder mode to 2 (CubeIDE integrated)
2024-08-01 12:57:59,212 [INFO] UserAuth:417 - Internet connection configuration mode: 1
2024-08-01 12:57:59,246 [INFO] JxBrowserEngine:152 - Initiate JxBrowser Engine with user profile folder
2024-08-01 12:57:59,435 [INFO] CheckServerUpdateThread:120 - End of CheckServer Thread
2024-08-01 12:58:01,197 [WARN] PackLoader:240 - Cannot read IP mode file for STMicroelectronics.FP-SNS-MOTENVWB1.1.4.0
2024-08-01 12:58:01,229 [WARN] PackLoader:240 - Cannot read IP mode file for STMicroelectronics.X-CUBE-SMBUS.2.1.0
2024-08-01 12:58:01,247 [WARN] PackLoader:240 - Cannot read IP mode file for STMicroelectronics.X-CUBE-TOUCHGFX.4.23.2
2024-08-01 12:58:01,305 [WARN] PackLoader:240 - Cannot read IP mode file for STMicroelectronics.X-CUBE-AZRTOS-F7.1.1.0
2024-08-01 12:58:01,321 [WARN] PackLoader:240 - Cannot read IP mode file for STMicroelectronics.FP-SNS-FLIGHT1.5.0.2
2024-08-01 12:58:01,341 [WARN] PackLoader:240 - Cannot read IP mode file for STMicroelectronics.X-CUBE-DISPLAY.3.0.0
2024-08-01 12:58:01,368 [WARN] PackLoader:240 - Cannot read IP mode file for STMicroelectronics.X-CUBE-BLE1.7.0.0
2024-08-01 12:58:01,380 [WARN] PackLoader:240 - Cannot read IP mode file for emotas.I-CUBE-CANOPEN.1.3.0
2024-08-01 12:58:01,400 [WARN] PackLoader:240 - Cannot read IP mode file for STMicroelectronics.X-CUBE-BLEMGR.3.1.0
2024-08-01 12:58:01,415 [WARN] PackLoader:240 - Cannot read IP mode file for STMicroelectronics.FP-SNS-SMARTAG2.1.2.0
2024-08-01 12:58:01,438 [INFO] LogOutputStream:77 - [STDOUT_REDIRECT] 1 : Invalid condition id : UX_CORESTACK_Condition cause : null
2024-08-01 12:58:01,439 [INFO] LogOutputStream:77 - [STDOUT_REDIRECT] 1 : Invalid condition id : UX_CORESTACK_Condition cause : null
2024-08-01 12:58:01,443 [INFO] LogOutputStream:77 - [STDOUT_REDIRECT] 1 : Invalid condition id : UX_CORESTACK_Condition cause : null
2024-08-01 12:58:01,446 [INFO] LogOutputStream:77 - [STDOUT_REDIRECT] 1 : Invalid condition id : UX_CORESTACK_Condition cause : null
2024-08-01 12:58:01,448 [INFO] LogOutputStream:77 - [STDOUT_REDIRECT] 1 : Invalid condition id : UX_CORESTACK_Condition cause : null
2024-08-01 12:58:01,454 [WARN] PackLoader:240 - Cannot read IP mode file for STMicroelectronics.X-CUBE-AZRTOS-WL.2.0.0
2024-08-01 12:58:01,470 [WARN] PackLoader:240 - Cannot read IP mode file for STMicroelectronics.FP-SNS-MOTENV1.5.0.0
2024-08-01 12:58:01,481 [WARN] PackLoader:240 - Cannot read IP mode file for wolfSSL.I-CUBE-wolfMQTT.1.19.0
2024-08-01 12:58:01,499 [WARN] PackLoader:240 - Cannot read IP mode file for WES.I-CUBE-Cesium.1.3.0
2024-08-01 12:58:01,520 [WARN] PackLoader:240 - Cannot read IP mode file for STMicroelectronics.X-CUBE-BLE2.3.3.0
2024-08-01 12:58:01,531 [WARN] PackLoader:240 - Cannot read IP mode file for STMicroelectronics.X-CUBE-TCPP.4.1.0
2024-08-01 12:58:01,542 [WARN] PackLoader:240 - Cannot read IP mode file for STMicroelectronics.X-CUBE-ALGOBUILD.1.3.0
2024-08-01 12:58:01,568 [WARN] PackLoader:240 - Cannot read IP mode file for STMicroelectronics.X-CUBE-AZRTOS-G0.1.1.0
2024-08-01 12:58:01,586 [WARN] PackLoader:240 - Cannot read IP mode file for STMicroelectronics.X-CUBE-SAFEA1.1.2.2
2024-08-01 12:58:01,598 [WARN] PackLoader:240 - Cannot read IP mode file for STMicroelectronics.X-CUBE-NFC4.3.0.0
2024-08-01 12:58:01,616 [WARN] PackLoader:240 - Cannot read IP mode file for EmbeddedOffice.I-CUBE-FS-RTOS.1.0.1
2024-08-01 12:58:01,617 [ERROR] ConditionMgr:805 - Attr not supported : Dmpu
2024-08-01 12:58:01,617 [ERROR] ConditionMgr:805 - Attr not supported : Dmpu
2024-08-01 12:58:01,617 [ERROR] ConditionMgr:805 - Attr not supported : Dmpu
2024-08-01 12:58:01,617 [ERROR] ConditionMgr:805 - Attr not supported : Dmpu
2024-08-01 12:58:01,617 [ERROR] ConditionMgr:805 - Attr not supported : Dmpu
2024-08-01 12:58:01,617 [ERROR] ConditionMgr:805 - Attr not supported : Dmpu
2024-08-01 12:58:01,617 [ERROR] ConditionMgr:805 - Attr not supported : Dmpu
2024-08-01 12:58:01,618 [ERROR] ConditionMgr:805 - Attr not supported : Dmpu
2024-08-01 12:58:01,618 [ERROR] ConditionMgr:805 - Attr not supported : Dmpu
2024-08-01 12:58:01,618 [ERROR] ConditionMgr:805 - Attr not supported : Dmpu
2024-08-01 12:58:01,618 [ERROR] ConditionMgr:805 - Attr not supported : Dmpu
2024-08-01 12:58:01,618 [ERROR] ConditionMgr:805 - Attr not supported : Dmpu
2024-08-01 12:58:01,618 [ERROR] ConditionMgr:805 - Attr not supported : Dmpu
2024-08-01 12:58:01,618 [ERROR] ConditionMgr:805 - Attr not supported : Dmpu
2024-08-01 12:58:01,618 [ERROR] ConditionMgr:805 - Attr not supported : Dmpu
2024-08-01 12:58:01,618 [ERROR] ConditionMgr:805 - Attr not supported : Dmpu
2024-08-01 12:58:01,618 [ERROR] ConditionMgr:805 - Attr not supported : Dmpu
2024-08-01 12:58:01,619 [ERROR] ConditionMgr:805 - Attr not supported : Dmpu
2024-08-01 12:58:01,619 [ERROR] ConditionMgr:805 - Attr not supported : Dmpu
2024-08-01 12:58:01,619 [ERROR] ConditionMgr:805 - Attr not supported : Dmpu
2024-08-01 12:58:01,619 [ERROR] ConditionMgr:805 - Attr not supported : Dmpu
2024-08-01 12:58:01,619 [ERROR] ConditionMgr:805 - Attr not supported : Dmpu
2024-08-01 12:58:01,619 [ERROR] ConditionMgr:805 - Attr not supported : Dmpu
2024-08-01 12:58:01,619 [ERROR] ConditionMgr:805 - Attr not supported : Dmpu
2024-08-01 12:58:01,619 [ERROR] ConditionMgr:805 - Attr not supported : Dmpu
2024-08-01 12:58:01,619 [ERROR] ConditionMgr:805 - Attr not supported : Dmpu
2024-08-01 12:58:01,619 [ERROR] ConditionMgr:805 - Attr not supported : Dmpu
2024-08-01 12:58:01,619 [ERROR] ConditionMgr:805 - Attr not supported : Dmpu
2024-08-01 12:58:01,620 [ERROR] ConditionMgr:805 - Attr not supported : Dmpu
2024-08-01 12:58:01,620 [ERROR] ConditionMgr:805 - Attr not supported : Dmpu
2024-08-01 12:58:01,620 [ERROR] ConditionMgr:805 - Attr not supported : Dmpu
2024-08-01 12:58:01,620 [ERROR] ConditionMgr:805 - Attr not supported : Dmpu
2024-08-01 12:58:01,620 [ERROR] ConditionMgr:805 - Attr not supported : Dmpu
2024-08-01 12:58:01,620 [ERROR] ConditionMgr:805 - Attr not supported : Dmpu
2024-08-01 12:58:01,620 [ERROR] ConditionMgr:805 - Attr not supported : Dmpu
2024-08-01 12:58:01,620 [ERROR] ConditionMgr:805 - Attr not supported : Dmpu
2024-08-01 12:58:01,620 [ERROR] ConditionMgr:805 - Attr not supported : Dmpu
2024-08-01 12:58:01,621 [ERROR] ConditionMgr:805 - Attr not supported : Dmpu
2024-08-01 12:58:01,621 [ERROR] ConditionMgr:805 - Attr not supported : Dmpu
2024-08-01 12:58:01,621 [ERROR] ConditionMgr:805 - Attr not supported : Dmpu
2024-08-01 12:58:01,621 [ERROR] ConditionMgr:805 - Attr not supported : Dmpu
2024-08-01 12:58:01,621 [ERROR] ConditionMgr:805 - Attr not supported : Dmpu
2024-08-01 12:58:01,621 [ERROR] ConditionMgr:805 - Attr not supported : Dmpu
2024-08-01 12:58:01,621 [ERROR] ConditionMgr:805 - Attr not supported : Dmpu
2024-08-01 12:58:01,621 [ERROR] ConditionMgr:805 - Attr not supported : Dmpu
2024-08-01 12:58:01,621 [ERROR] ConditionMgr:805 - Attr not supported : Dmpu
2024-08-01 12:58:01,621 [ERROR] ConditionMgr:805 - Attr not supported : Dmpu
2024-08-01 12:58:01,622 [ERROR] ConditionMgr:805 - Attr not supported : Dmpu
2024-08-01 12:58:01,622 [ERROR] ConditionMgr:805 - Attr not supported : Dmpu
2024-08-01 12:58:01,622 [ERROR] ConditionMgr:805 - Attr not supported : Dmpu
2024-08-01 12:58:01,622 [ERROR] ConditionMgr:805 - Attr not supported : Dmpu
2024-08-01 12:58:01,622 [ERROR] ConditionMgr:805 - Attr not supported : Dmpu
2024-08-01 12:58:01,622 [ERROR] ConditionMgr:805 - Attr not supported : Dmpu
2024-08-01 12:58:01,622 [ERROR] ConditionMgr:805 - Attr not supported : Dmpu
2024-08-01 12:58:01,622 [ERROR] ConditionMgr:805 - Attr not supported : Dmpu
2024-08-01 12:58:01,623 [ERROR] ConditionMgr:805 - Attr not supported : Dmpu
2024-08-01 12:58:01,623 [ERROR] ConditionMgr:805 - Attr not supported : Dmpu
2024-08-01 12:58:01,623 [ERROR] ConditionMgr:805 - Attr not supported : Dmpu
2024-08-01 12:58:01,623 [ERROR] ConditionMgr:805 - Attr not supported : Dmpu
2024-08-01 12:58:01,623 [ERROR] ConditionMgr:805 - Attr not supported : Dmpu
2024-08-01 12:58:01,623 [ERROR] ConditionMgr:805 - Attr not supported : Dmpu
2024-08-01 12:58:01,623 [ERROR] ConditionMgr:805 - Attr not supported : Dmpu
2024-08-01 12:58:01,624 [ERROR] ConditionMgr:805 - Attr not supported : Dmpu
2024-08-01 12:58:01,624 [ERROR] ConditionMgr:805 - Attr not supported : Dmpu
2024-08-01 12:58:01,633 [WARN] PackLoader:240 - Cannot read IP mode file for RealThread.X-CUBE-RT-Thread_Nano.4.1.1
2024-08-01 12:58:01,641 [WARN] PackLoader:240 - Cannot read IP mode file for wolfSSL.I-CUBE-wolfSSL.5.7.0
2024-08-01 12:58:01,647 [WARN] PackLoader:240 - Cannot read IP mode file for STMicroelectronics.FP-ATR-SIGFOX1.3.2.0
2024-08-01 12:58:01,655 [WARN] PackLoader:240 - Cannot read IP mode file for STMicroelectronics.X-CUBE-EEPRMA1.5.1.0
2024-08-01 12:58:01,668 [WARN] PackLoader:240 - Cannot read IP mode file for ITTIA_DB.I-CUBE-ITTIADB.8.9.0
2024-08-01 12:58:01,704 [WARN] PackLoader:240 - Cannot read IP mode file for SEGGER.I-CUBE-embOS.1.3.1
2024-08-01 12:58:01,760 [WARN] PackLoader:240 - Cannot read IP mode file for STMicroelectronics.X-CUBE-ALGOBUILD.1.4.0
2024-08-01 12:58:01,769 [WARN] PackLoader:240 - Cannot read IP mode file for STMicroelectronics.X-CUBE-GNSS1.6.0.0
2024-08-01 12:58:01,785 [INFO] WebApp:167 - Instantiating new browser for Auth
2024-08-01 12:58:01,790 [WARN] PackLoader:240 - Cannot read IP mode file for STMicroelectronics.X-CUBE-AZRTOS-F4.1.1.0
2024-08-01 12:58:01,802 [WARN] PackLoader:240 - Cannot read IP mode file for STMicroelectronics.X-CUBE-FREERTOS.1.2.0
2024-08-01 12:58:01,858 [WARN] PackLoader:240 - Cannot read IP mode file for STMicroelectronics.X-CUBE-AZRTOS-L5.2.0.0
2024-08-01 12:58:01,880 [WARN] PackLoader:240 - Cannot read IP mode file for STMicroelectronics.X-CUBE-NFC6.3.1.0
2024-08-01 12:58:01,895 [WARN] PackLoader:240 - Cannot read IP mode file for STMicroelectronics.X-CUBE-DPower.1.2.0
2024-08-01 12:58:01,908 [WARN] PackLoader:240 - Cannot read IP mode file for STMicroelectronics.X-CUBE-AI.9.0.0
2024-08-01 12:58:01,919 [WARN] PackLoader:240 - Cannot read IP mode file for STMicroelectronics.X-CUBE-NFC7.1.0.1
2024-08-01 12:58:01,926 [WARN] PackLoader:240 - Cannot read IP mode file for wolfSSL.I-CUBE-wolfTPM.3.2.0
2024-08-01 12:58:01,934 [WARN] PackLoader:240 - Cannot read IP mode file for STMicroelectronics.X-CUBE-AI.8.1.0
2024-08-01 12:58:01,963 [WARN] ConditionMgr:438 - getConditionDescription Invalid condition id : LAN8742 Phy interface Condition cause : null
2024-08-01 12:58:01,986 [WARN] PackLoader:240 - Cannot read IP mode file for STMicroelectronics.X-CUBE-AZRTOS-L4.2.0.0
2024-08-01 12:58:01,988 [WARN] ConditionMgr:1039 - genDependencies : Invalid condition id : LAN8742 Phy interface Condition cause : null
2024-08-01 12:58:01,989 [WARN] ConditionMgr:1039 - genDependencies : Invalid condition id : LAN8742 Phy interface Condition cause : null
2024-08-01 12:58:01,990 [WARN] ConditionMgr:1039 - genDependencies : Invalid condition id : LAN8742 Phy interface Condition cause : null
2024-08-01 12:58:02,004 [WARN] PackLoader:240 - Cannot read IP mode file for STMicroelectronics.X-CUBE-SFXS2LP1.4.0.0
2024-08-01 12:58:02,052 [WARN] ConditionMgr:438 - getConditionDescription Invalid condition id : UX DEVICE CLASS RTOS Condition cause : null
2024-08-01 12:58:02,052 [WARN] ConditionMgr:438 - getConditionDescription Invalid condition id : UX DEVICE CLASS RTOS Condition cause : null
2024-08-01 12:58:02,055 [WARN] PackLoader:240 - Cannot read IP mode file for STMicroelectronics.X-CUBE-AZRTOS-WB.2.0.0
2024-08-01 12:58:02,056 [WARN] ConditionMgr:1039 - genDependencies : Invalid condition id : UX DEVICE CLASS RTOS Condition cause : null
2024-08-01 12:58:02,056 [WARN] ConditionMgr:1039 - genDependencies : Invalid condition id : UX DEVICE CLASS RTOS Condition cause : null
2024-08-01 12:58:02,057 [WARN] ConditionMgr:1039 - genDependencies : Invalid condition id : UX DEVICE CLASS RTOS Condition cause : null
2024-08-01 12:58:02,059 [WARN] ConditionMgr:1039 - genDependencies : Invalid condition id : UX DEVICE CLASS RTOS Condition cause : null
2024-08-01 12:58:02,059 [WARN] ConditionMgr:1039 - genDependencies : Invalid condition id : UX DEVICE CLASS RTOS Condition cause : null
2024-08-01 12:58:02,074 [WARN] PackLoader:240 - Cannot read IP mode file for STMicroelectronics.FP-SNS-STBOX1.2.0.0
2024-08-01 12:58:02,092 [WARN] PackLoader:240 - Cannot read IP mode file for STMicroelectronics.X-CUBE-SUBG2.5.0.0
2024-08-01 12:58:02,111 [WARN] PackLoader:240 - Cannot read IP mode file for Cesanta.I-CUBE-Mongoose.7.13.0
2024-08-01 12:58:02,138 [WARN] PackLoader:240 - Cannot read IP mode file for STMicroelectronics.X-CUBE-AZRTOS-G4.2.0.0
2024-08-01 12:58:02,147 [WARN] PackLoader:240 - Cannot read IP mode file for STMicroelectronics.FP-SNS-MOTENVWB1.1.3.1
2024-08-01 12:58:02,158 [WARN] PackLoader:240 - Cannot read IP mode file for STMicroelectronics.X-CUBE-ISPU.2.0.0
2024-08-01 12:58:02,167 [WARN] PackLoader:240 - Cannot read IP mode file for STMicroelectronics.X-CUBE-ALS.1.0.2
2024-08-01 12:58:02,207 [WARN] PackLoader:240 - Cannot read IP mode file for STMicroelectronics.X-CUBE-MEMS1.10.0.0
2024-08-01 12:58:02,387 [WARN] PackLoader:240 - Cannot read IP mode file for STMicroelectronics.X-CUBE-FREERTOS.1.1.0
2024-08-01 12:58:02,392 [WARN] PackLoader:240 - Cannot read IP mode file for STMicroelectronics.X-CUBE-TOUCHGFX.4.24.0
2024-08-01 12:58:02,401 [WARN] PackLoader:240 - Cannot read IP mode file for portGmbH.I-Cube-SoM-uGOAL.1.1.0
2024-08-01 12:58:02,409 [WARN] PackLoader:240 - Cannot read IP mode file for STMicroelectronics.X-CUBE-ALS.1.0.1
2024-08-01 12:58:02,432 [WARN] PackLoader:240 - Cannot read IP mode file for STMicroelectronics.X-CUBE-AZRTOS-H7RS.1.0.0
2024-08-01 12:58:02,439 [WARN] PackLoader:240 - Cannot read IP mode file for STMicroelectronics.FP-ATR-ASTRA1.2.0.0
2024-08-01 12:58:02,453 [WARN] PackLoader:240 - Cannot read IP mode file for STMicroelectronics.X-CUBE-TOF1.3.4.2
2024-08-01 12:58:02,485 [WARN] PackLoader:240 - Cannot read IP mode file for STMicroelectronics.X-CUBE-TOF1.3.4.1
2024-08-01 12:58:02,538 [WARN] PackLoader:240 - Cannot read IP mode file for STMicroelectronics.X-CUBE-AZRTOS-H7.3.2.0
2024-08-01 12:58:02,563 [WARN] PackLoader:240 - Cannot read IP mode file for Infineon.AIROC-Wi-Fi-Bluetooth-STM32.1.6.0
2024-08-01 12:58:02,574 [WARN] PackLoader:240 - Cannot read IP mode file for wolfSSL.I-CUBE-wolfSSH.1.4.17
2024-08-01 12:58:02,575 [INFO] ThirdParty:978 - Integrity check success = true
2024-08-01 12:58:02,575 [INFO] IntegrityCheckThread:100 - exiting critical section [integrity check]
2024-08-01 12:58:02,575 [INFO] IntegrityCheckThread:103 - End integrity checks thread
2024-08-01 12:58:03,821 [INFO] WebApp:448 - Apply proxy settings
2024-08-01 12:58:03,821 [INFO] WebApp:533 - Chromium requires no authentication
2024-08-01 12:58:03,844 [INFO] WebApp:476 - Direct internet connection detected
2024-08-01 12:58:03,890 [INFO] WebApp:869 - Register for checkConnection events
2024-08-01 12:58:03,890 [INFO] WebApp:448 - Apply proxy settings
2024-08-01 12:58:03,890 [INFO] WebApp:533 - Chromium requires no authentication
2024-08-01 12:58:03,891 [INFO] WebApp:476 - Direct internet connection detected
2024-08-01 12:58:04,134 [INFO] WebApp:186 - Connection restablished
2024-08-01 12:58:04,465 [INFO] WebApp:220 - Starting web application
2024-08-01 12:58:04,465 [INFO] WebApp:578 - Web application path used C:\ST\STM32CubeIDE_1.4.0\STM32CubeIDE\plugins\com.st.stm32cube.common.mx_6.12.0.202406281431\db\plugins\mcufinder\reactClient1\index.html
2024-08-01 12:58:04,706 [INFO] UserAuth:417 - Internet connection configuration mode: 1
2024-08-01 13:46:58,187 [ERROR] LogOutputStream:75 - [STDERR_REDIRECT] 
2024-08-01 14:19:42,302 [INFO] Activator:176 - 


2024-08-01 14:19:42,304 [INFO] Activator:177 - !SESSION log4j initialized
2024-08-01 14:19:48,859 [INFO] LogOutputStream:77 - [STDOUT_REDIRECT] 
2024-08-01 14:19:50,474 [INFO] ApplicationProperties:184 - Using Application install path: C:\ST\STM32CubeIDE_1.4.0\STM32CubeIDE\plugins\com.st.stm32cube.common.mx_6.12.0.202406281431
2024-08-01 14:19:50,501 [INFO] DbMcusXml:78 - Set database path to: C:\ST\STM32CubeIDE_1.4.0\STM32CubeIDE\plugins\com.st.stm32cube.common.mx_6.12.0.202406281431\\db\/mcu/
2024-08-01 14:19:50,501 [INFO] ApiDb:274 - Set plugin database path to: C:\ST\STM32CubeIDE_1.4.0\STM32CubeIDE\plugins\com.st.stm32cube.common.mx_6.12.0.202406281431\\db\/plugins/boardmanager/
2024-08-01 14:19:50,501 [WARN] ApiDb:259 - Overriding images path with different value:  => C:\ST\STM32CubeIDE_1.4.0\STM32CubeIDE\plugins\com.st.stm32cube.common.mx_6.12.0.202406281431\\db\/plugins/mcufinder/images/
2024-08-01 14:19:50,518 [INFO] ApiDb:250 - Set database path to: C:\Users\Abhishek\.stmcufinder\plugins\mcufinder//mcu/
2024-08-01 14:19:50,519 [INFO] DbMcusAds:125 - Set database path to: C:\Users\Abhishek\.stmcufinder\plugins\mcufinder//mcu/
2024-08-01 14:19:50,523 [INFO] CrossReferenceDbSqlite:203 - Set database path to: C:\Users\Abhishek\.stmcufinder\plugins\mcufinder//mcu/cs/
2024-08-01 14:19:50,661 [INFO] RulesReader:64 - Compatibility file has been processed (297 Rules)
2024-08-01 14:19:50,784 [INFO] DbMcusXml:78 - Set database path to: C:\ST\STM32CubeIDE_1.4.0\STM32CubeIDE\plugins\com.st.stm32cube.common.mx_6.12.0.202406281431\\db\/mcu/
2024-08-01 14:19:50,784 [INFO] ApiDb:274 - Set plugin database path to: C:\ST\STM32CubeIDE_1.4.0\STM32CubeIDE\plugins\com.st.stm32cube.common.mx_6.12.0.202406281431\\db\/plugins/boardmanager/
2024-08-01 14:19:50,784 [INFO] ApiDb:261 - Set plugin images path to: C:\ST\STM32CubeIDE_1.4.0\STM32CubeIDE\plugins\com.st.stm32cube.common.mx_6.12.0.202406281431\\db\/plugins/mcufinder/images/
2024-08-01 14:19:50,785 [WARN] DbFile:41 - Overriding database path with different value: C:\Users\Abhishek\.stmcufinder\plugins\mcufinder/ => C:\Users\Abhishek\.stmcufinder\plugins\mcufinder
2024-08-01 14:19:50,785 [INFO] ApiDb:250 - Set database path to: C:\Users\Abhishek\.stmcufinder\plugins\mcufinder//mcu/
2024-08-01 14:19:50,785 [WARN] DbFile:41 - Overriding database path with different value: C:\Users\Abhishek\.stmcufinder\plugins\mcufinder/ => C:\Users\Abhishek\.stmcufinder\plugins\mcufinder
2024-08-01 14:19:50,785 [INFO] DbMcusAds:125 - Set database path to: C:\Users\Abhishek\.stmcufinder\plugins\mcufinder//mcu/
2024-08-01 14:19:50,785 [WARN] DbFile:41 - Overriding database path with different value: C:\Users\Abhishek\.stmcufinder\plugins\mcufinder/ => C:\Users\Abhishek\.stmcufinder\plugins\mcufinder
2024-08-01 14:19:50,785 [WARN] DbFile:41 - Overriding database path with different value: C:\Users\Abhishek\.stmcufinder\plugins\mcufinder/ => C:\Users\Abhishek\.stmcufinder\plugins\mcufinder
2024-08-01 14:19:50,785 [INFO] CrossReferenceDbSqlite:203 - Set database path to: C:\Users\Abhishek\.stmcufinder\plugins\mcufinder//mcu/cs/
2024-08-01 14:19:50,929 [INFO] MainPanel:268 - HeapMemory: 268435456
2024-08-01 14:19:51,151 [INFO] DbMcusXml:78 - Set database path to: C:\ST\STM32CubeIDE_1.4.0\STM32CubeIDE\plugins\com.st.stm32cube.common.mx_6.12.0.202406281431\\db\/mcu/
2024-08-01 14:19:51,151 [INFO] ApiDb:274 - Set plugin database path to: C:\ST\STM32CubeIDE_1.4.0\STM32CubeIDE\plugins\com.st.stm32cube.common.mx_6.12.0.202406281431\\db\/plugins/boardmanager/
2024-08-01 14:19:51,151 [INFO] ApiDb:261 - Set plugin images path to: C:\ST\STM32CubeIDE_1.4.0\STM32CubeIDE\plugins\com.st.stm32cube.common.mx_6.12.0.202406281431\\db\/plugins/mcufinder/images/
2024-08-01 14:19:51,153 [WARN] DbFile:41 - Overriding database path with different value: C:\Users\Abhishek\.stmcufinder\plugins\mcufinder/ => C:\Users\Abhishek\.stmcufinder\plugins\mcufinder
2024-08-01 14:19:51,153 [INFO] ApiDb:250 - Set database path to: C:\Users\Abhishek\.stmcufinder\plugins\mcufinder//mcu/
2024-08-01 14:19:51,153 [WARN] DbFile:41 - Overriding database path with different value: C:\Users\Abhishek\.stmcufinder\plugins\mcufinder/ => C:\Users\Abhishek\.stmcufinder\plugins\mcufinder
2024-08-01 14:19:51,153 [INFO] DbMcusAds:125 - Set database path to: C:\Users\Abhishek\.stmcufinder\plugins\mcufinder//mcu/
2024-08-01 14:19:51,153 [WARN] DbFile:41 - Overriding database path with different value: C:\Users\Abhishek\.stmcufinder\plugins\mcufinder/ => C:\Users\Abhishek\.stmcufinder\plugins\mcufinder
2024-08-01 14:19:51,153 [WARN] DbFile:41 - Overriding database path with different value: C:\Users\Abhishek\.stmcufinder\plugins\mcufinder/ => C:\Users\Abhishek\.stmcufinder\plugins\mcufinder
2024-08-01 14:19:51,153 [INFO] CrossReferenceDbSqlite:203 - Set database path to: C:\Users\Abhishek\.stmcufinder\plugins\mcufinder//mcu/cs/
2024-08-01 14:19:51,184 [INFO] ApplicationProperties:184 - Using Application install path: C:\ST\STM32CubeIDE_1.4.0\STM32CubeIDE\plugins\com.st.stm32cube.common.mx_6.12.0.202406281431
2024-08-01 14:19:51,185 [INFO] PluginManage:196 - Search for loadable plugins [exclusion list=, ]
2024-08-01 14:19:51,187 [INFO] PluginManage:310 - Check plugin analytics
2024-08-01 14:19:51,431 [INFO] AnalyticsPlugin:253 - Accepted Software Licenses: STM32CubeMX.6.1.0,STM32CubeMX.6.4.0,STM32CubeMX.6.2.0,STM32CubeMX.6.10.0
2024-08-01 14:19:51,432 [INFO] AnalyticsPlugin:255 - Accepted CMSIS Pack Licenses: 
2024-08-01 14:19:51,432 [INFO] AnalyticsPlugin:257 - Accepted Firmware Licenses: 
2024-08-01 14:19:51,435 [INFO] PluginManage:359 - Loaded plugin analytics (category:tool,tabindex:-1)
2024-08-01 14:19:51,435 [INFO] PluginManage:310 - Check plugin cadmodel
2024-08-01 14:19:51,449 [INFO] CADModel:105 - Init CAD model plugin
2024-08-01 14:19:51,449 [INFO] PluginManage:359 - Loaded plugin cadmodel (category:power,tabindex:5)
2024-08-01 14:19:51,449 [INFO] PluginManage:310 - Check plugin clock
2024-08-01 14:19:51,468 [INFO] PluginManage:359 - Loaded plugin clock (category:base,tabindex:2)
2024-08-01 14:19:51,468 [INFO] PluginManage:310 - Check plugin ddr
2024-08-01 14:19:51,473 [INFO] PluginManage:359 - Loaded plugin ddr (category:tool,tabindex:6)
2024-08-01 14:19:51,474 [INFO] PluginManage:310 - Check plugin filemanager
2024-08-01 14:19:51,658 [INFO] PluginManage:359 - Loaded plugin filemanager (category:base,tabindex:10)
2024-08-01 14:19:51,658 [INFO] PluginManage:310 - Check plugin ipmanager
2024-08-01 14:19:51,667 [INFO] PluginManage:359 - Loaded plugin ipmanager (category:base,tabindex:5)
2024-08-01 14:19:51,667 [INFO] PluginManage:310 - Check plugin lpbam
2024-08-01 14:19:51,679 [INFO] PluginManage:359 - Loaded plugin lpbam (category:base,tabindex:0)
2024-08-01 14:19:51,680 [INFO] PluginManage:310 - Check plugin memorymap
2024-08-01 14:19:51,699 [INFO] PluginManage:359 - Loaded plugin memorymap (category:base,tabindex:4)
2024-08-01 14:19:51,699 [INFO] PluginManage:310 - Check plugin pinoutandconfiguration
2024-08-01 14:19:51,712 [INFO] PluginManage:359 - Loaded plugin pinoutandconfiguration (category:base,tabindex:1)
2024-08-01 14:19:51,712 [INFO] PluginManage:310 - Check plugin pinoutconfig
2024-08-01 14:19:51,819 [WARN] SupportedApi:132 - Cannot load RTOS API schema: s4s-elt-must-match.1: The content of 'definitions' must match (annotation?, (simpleType | complexType)?, (unique | key | keyref)*)). A problem was found starting at: attribute.
2024-08-01 14:19:51,985 [INFO] PluginManage:359 - Loaded plugin pinoutconfig (category:base,tabindex:0)
2024-08-01 14:19:51,985 [INFO] PluginManage:310 - Check plugin power
2024-08-01 14:19:52,006 [INFO] PluginManage:359 - Loaded plugin power (category:power,tabindex:4)
2024-08-01 14:19:52,006 [INFO] PluginManage:310 - Check plugin projectmanager
2024-08-01 14:19:52,028 [INFO] PluginManage:359 - Loaded plugin projectmanager (category:projectmanager,tabindex:4)
2024-08-01 14:19:52,028 [INFO] PluginManage:310 - Check plugin rif
2024-08-01 14:19:52,039 [INFO] PluginManage:359 - Loaded plugin rif (category:base,tabindex:3)
2024-08-01 14:19:52,039 [INFO] PluginManage:310 - Check plugin thirdparty
2024-08-01 14:19:52,207 [WARN] IntegrityCheckThread:84 - waiting for thirdparty lock release [integrity check]
2024-08-01 14:19:52,207 [INFO] PluginManage:359 - Loaded plugin thirdparty (category:base,tabindex:-1)
2024-08-01 14:19:52,207 [INFO] IntegrityCheckThread:86 - entering critical section [integrity check]
2024-08-01 14:19:52,208 [INFO] PluginManage:310 - Check plugin tools
2024-08-01 14:19:52,208 [INFO] ThirdPartyUpdaterWithRetryManager:70 - Updater plugin not ready yet. [1/15]
2024-08-01 14:19:52,213 [INFO] PluginManage:359 - Loaded plugin tools (category:base,tabindex:7)
2024-08-01 14:19:52,213 [INFO] PluginManage:310 - Check plugin tutovideos
2024-08-01 14:19:52,503 [INFO] PluginManage:359 - Loaded plugin tutovideos (category:base,tabindex:-1)
2024-08-01 14:19:52,503 [INFO] PluginManage:310 - Check plugin updater
2024-08-01 14:19:52,523 [INFO] PluginManage:359 - Loaded plugin updater (category:base,tabindex:12)
2024-08-01 14:19:52,524 [INFO] PluginManage:310 - Check plugin userauth
2024-08-01 14:19:52,531 [INFO] UserAuth:113 - Init User Auth plugin
2024-08-01 14:19:52,532 [INFO] PluginManage:359 - Loaded plugin userauth (category:base,tabindex:14)
2024-08-01 14:19:52,532 [INFO] PluginManage:283 - PluginManage : Loaded plugins [18]
2024-08-01 14:19:52,801 [INFO] PinOutPanel:1561 - setPackage(No Configuration,No Configuration)
2024-08-01 14:19:52,920 [INFO] CADModel:165 - CPN selected for project level
2024-08-01 14:19:52,921 [INFO] CADModel:114 - Register for checkConnection events
2024-08-01 14:19:52,948 [INFO] IPUIPlugin:80 - create IPUIPlugin
2024-08-01 14:19:52,948 [INFO] PluginManager:220 - loadIPPluginJar : add adc
2024-08-01 14:19:52,953 [INFO] IPUIPlugin:80 - create IPUIPlugin
2024-08-01 14:19:52,953 [INFO] PluginManager:220 - loadIPPluginJar : add aes
2024-08-01 14:19:52,958 [INFO] IPUIPlugin:80 - create IPUIPlugin
2024-08-01 14:19:52,958 [INFO] PluginManager:220 - loadIPPluginJar : add can
2024-08-01 14:19:52,961 [INFO] IPUIPlugin:80 - create IPUIPlugin
2024-08-01 14:19:52,962 [INFO] PluginManager:220 - loadIPPluginJar : add comp
2024-08-01 14:19:52,967 [INFO] IPUIPlugin:80 - create IPUIPlugin
2024-08-01 14:19:52,967 [INFO] PluginManager:220 - loadIPPluginJar : add cryp
2024-08-01 14:19:52,974 [INFO] IPUIPlugin:80 - create IPUIPlugin
2024-08-01 14:19:52,974 [INFO] PluginManager:220 - loadIPPluginJar : add ddr_ctrl_phy
2024-08-01 14:19:52,977 [INFO] IPUIPlugin:80 - create IPUIPlugin
2024-08-01 14:19:52,977 [INFO] PluginManager:220 - loadIPPluginJar : add dfsdm
2024-08-01 14:19:52,984 [INFO] IPUIPlugin:80 - create IPUIPlugin
2024-08-01 14:19:52,985 [INFO] PluginManager:220 - loadIPPluginJar : add dma
2024-08-01 14:19:52,988 [INFO] IPUIPlugin:80 - create IPUIPlugin
2024-08-01 14:19:52,988 [INFO] PluginManager:220 - loadIPPluginJar : add dma3
2024-08-01 14:19:52,991 [INFO] IPUIPlugin:80 - create IPUIPlugin
2024-08-01 14:19:52,991 [INFO] PluginManager:220 - loadIPPluginJar : add extmemmanager
2024-08-01 14:19:52,993 [INFO] IPUIPlugin:80 - create IPUIPlugin
2024-08-01 14:19:52,993 [INFO] PluginManager:220 - loadIPPluginJar : add fatfs
2024-08-01 14:19:52,998 [INFO] IPUIPlugin:80 - create IPUIPlugin
2024-08-01 14:19:52,998 [INFO] PluginManager:220 - loadIPPluginJar : add fmc
2024-08-01 14:19:53,006 [INFO] IPUIPlugin:80 - create IPUIPlugin
2024-08-01 14:19:53,006 [INFO] PluginManager:220 - loadIPPluginJar : add freertos
2024-08-01 14:19:53,008 [INFO] IPUIPlugin:80 - create IPUIPlugin
2024-08-01 14:19:53,009 [INFO] PluginManager:220 - loadIPPluginJar : add genericplugin
2024-08-01 14:19:53,012 [INFO] IPUIPlugin:80 - create IPUIPlugin
2024-08-01 14:19:53,012 [INFO] PluginManager:220 - loadIPPluginJar : add gfxmmu
2024-08-01 14:19:53,018 [INFO] IPUIPlugin:80 - create IPUIPlugin
2024-08-01 14:19:53,018 [INFO] PluginManager:220 - loadIPPluginJar : add gic
2024-08-01 14:19:53,023 [INFO] IPUIPlugin:80 - create IPUIPlugin
2024-08-01 14:19:53,023 [INFO] PluginManager:220 - loadIPPluginJar : add gpio
2024-08-01 14:19:53,026 [INFO] IPUIPlugin:80 - create IPUIPlugin
2024-08-01 14:19:53,026 [INFO] PluginManager:220 - loadIPPluginJar : add gtzc
2024-08-01 14:19:53,029 [INFO] IPUIPlugin:80 - create IPUIPlugin
2024-08-01 14:19:53,029 [INFO] PluginManager:220 - loadIPPluginJar : add hash
2024-08-01 14:19:53,032 [INFO] IPUIPlugin:80 - create IPUIPlugin
2024-08-01 14:19:53,032 [INFO] PluginManager:220 - loadIPPluginJar : add i2c
2024-08-01 14:19:53,035 [INFO] IPUIPlugin:80 - create IPUIPlugin
2024-08-01 14:19:53,036 [INFO] PluginManager:220 - loadIPPluginJar : add i2s
2024-08-01 14:19:53,039 [INFO] IPUIPlugin:80 - create IPUIPlugin
2024-08-01 14:19:53,039 [INFO] PluginManager:220 - loadIPPluginJar : add i3c
2024-08-01 14:19:53,045 [INFO] IPUIPlugin:80 - create IPUIPlugin
2024-08-01 14:19:53,045 [INFO] PluginManager:220 - loadIPPluginJar : add ipddr
2024-08-01 14:19:53,054 [INFO] IPUIPlugin:80 - create IPUIPlugin
2024-08-01 14:19:53,054 [INFO] PluginManager:220 - loadIPPluginJar : add linkedlist
2024-08-01 14:19:53,058 [INFO] IPUIPlugin:80 - create IPUIPlugin
2024-08-01 14:19:53,058 [INFO] PluginManager:220 - loadIPPluginJar : add lorawan
2024-08-01 14:19:53,061 [INFO] IPUIPlugin:80 - create IPUIPlugin
2024-08-01 14:19:53,061 [INFO] PluginManager:220 - loadIPPluginJar : add ltdc
2024-08-01 14:19:53,068 [INFO] IPUIPlugin:80 - create IPUIPlugin
2024-08-01 14:19:53,068 [INFO] PluginManager:220 - loadIPPluginJar : add mdma
2024-08-01 14:19:53,074 [INFO] IPUIPlugin:80 - create IPUIPlugin
2024-08-01 14:19:53,074 [INFO] PluginManager:220 - loadIPPluginJar : add nvic
2024-08-01 14:19:53,078 [INFO] IPUIPlugin:80 - create IPUIPlugin
2024-08-01 14:19:53,078 [INFO] PluginManager:220 - loadIPPluginJar : add opamp
2024-08-01 14:19:53,082 [INFO] IPUIPlugin:80 - create IPUIPlugin
2024-08-01 14:19:53,083 [INFO] PluginManager:220 - loadIPPluginJar : add openamp
2024-08-01 14:19:53,087 [INFO] IPUIPlugin:80 - create IPUIPlugin
2024-08-01 14:19:53,087 [INFO] PluginManager:220 - loadIPPluginJar : add pdm2pcm
2024-08-01 14:19:53,094 [INFO] IPUIPlugin:80 - create IPUIPlugin
2024-08-01 14:19:53,097 [INFO] PluginManager:220 - loadIPPluginJar : add plateformsettings
2024-08-01 14:19:53,099 [INFO] IPUIPlugin:80 - create IPUIPlugin
2024-08-01 14:19:53,099 [INFO] PluginManager:220 - loadIPPluginJar : add quadspi
2024-08-01 14:19:53,102 [INFO] IPUIPlugin:80 - create IPUIPlugin
2024-08-01 14:19:53,103 [INFO] PluginManager:220 - loadIPPluginJar : add radio
2024-08-01 14:19:53,111 [INFO] IPUIPlugin:80 - create IPUIPlugin
2024-08-01 14:19:53,111 [INFO] PluginManager:220 - loadIPPluginJar : add resmgrutility
2024-08-01 14:19:53,115 [INFO] IPUIPlugin:80 - create IPUIPlugin
2024-08-01 14:19:53,115 [INFO] PluginManager:220 - loadIPPluginJar : add sai
2024-08-01 14:19:53,119 [INFO] IPUIPlugin:80 - create IPUIPlugin
2024-08-01 14:19:53,119 [INFO] PluginManager:220 - loadIPPluginJar : add spi
2024-08-01 14:19:53,126 [INFO] IPUIPlugin:80 - create IPUIPlugin
2024-08-01 14:19:53,126 [INFO] PluginManager:220 - loadIPPluginJar : add stm32_wpan
2024-08-01 14:19:53,129 [INFO] IPUIPlugin:80 - create IPUIPlugin
2024-08-01 14:19:53,129 [INFO] PluginManager:220 - loadIPPluginJar : add tim
2024-08-01 14:19:53,133 [INFO] IPUIPlugin:80 - create IPUIPlugin
2024-08-01 14:19:53,134 [INFO] PluginManager:220 - loadIPPluginJar : add touchsensing
2024-08-01 14:19:53,137 [INFO] IPUIPlugin:80 - create IPUIPlugin
2024-08-01 14:19:53,137 [INFO] PluginManager:220 - loadIPPluginJar : add tracer_emb
2024-08-01 14:19:53,140 [INFO] IPUIPlugin:80 - create IPUIPlugin
2024-08-01 14:19:53,141 [INFO] PluginManager:220 - loadIPPluginJar : add ts
2024-08-01 14:19:53,143 [INFO] IPUIPlugin:80 - create IPUIPlugin
2024-08-01 14:19:53,143 [INFO] PluginManager:220 - loadIPPluginJar : add tsc
2024-08-01 14:19:53,146 [INFO] IPUIPlugin:80 - create IPUIPlugin
2024-08-01 14:19:53,146 [INFO] PluginManager:220 - loadIPPluginJar : add ucpd
2024-08-01 14:19:53,150 [INFO] IPUIPlugin:80 - create IPUIPlugin
2024-08-01 14:19:53,151 [INFO] PluginManager:220 - loadIPPluginJar : add usart
2024-08-01 14:19:53,155 [INFO] IPUIPlugin:80 - create IPUIPlugin
2024-08-01 14:19:53,155 [INFO] PluginManager:220 - loadIPPluginJar : add usbx
2024-08-01 14:19:53,294 [INFO] CADModel:165 - CPN selected for project level
2024-08-01 14:19:53,294 [INFO] CADModel:114 - Register for checkConnection events
2024-08-01 14:19:53,294 [FATAL] Updater:334 - Updater called before beeing initialized
2024-08-01 14:19:53,294 [ERROR] CADModel:125 - Updater not yet initialized, retry later 
2024-08-01 14:19:53,471 [INFO] CADModel:165 - CPN selected for project level
2024-08-01 14:19:53,471 [INFO] CADModel:114 - Register for checkConnection events
2024-08-01 14:19:53,472 [FATAL] Updater:334 - Updater called before beeing initialized
2024-08-01 14:19:53,472 [ERROR] CADModel:125 - Updater not yet initialized, retry later 
2024-08-01 14:19:53,475 [FATAL] Updater:334 - Updater called before beeing initialized
2024-08-01 14:19:53,627 [FATAL] Updater:334 - Updater called before beeing initialized
2024-08-01 14:19:53,633 [INFO] DbMcusAds:53 - JSON generation date=Thu May 16 14:52:00 IST 2024 (1715851320667)
2024-08-01 14:19:53,633 [FATAL] Updater:334 - Updater called before beeing initialized
2024-08-01 14:19:53,696 [WARN] DetailPanel:346 - Failed to get advertising image, set to default
2024-08-01 14:19:53,799 [FATAL] Updater:334 - Updater called before beeing initialized
2024-08-01 14:19:53,802 [FATAL] Updater:334 - Updater called before beeing initialized
2024-08-01 14:19:53,802 [FATAL] Updater:334 - Updater called before beeing initialized
2024-08-01 14:19:53,802 [WARN] DetailPanel:346 - Failed to get advertising image, set to default
2024-08-01 14:19:53,803 [FATAL] Updater:334 - Updater called before beeing initialized
2024-08-01 14:19:53,864 [ERROR] Updater:1164 - MainUpdater not yet initialized. External WinMGr cannot be set.
2024-08-01 14:19:53,868 [INFO] Updater:1100 - Updater Version found : 6.12.0
2024-08-01 14:19:53,893 [INFO] ApplicationProperties:184 - Using Application install path: C:\ST\STM32CubeIDE_1.4.0\STM32CubeIDE\plugins\com.st.stm32cube.common.mx_6.12.0.202406281431
2024-08-01 14:19:54,477 [INFO] MainUpdater:2873 - connection check result : 10
2024-08-01 14:19:54,477 [INFO] MainUpdater:290 - Updater Check For Update Now.
2024-08-01 14:19:54,478 [INFO] MicroXplorer:498 - Change Database Version : DB.6.0.120
2024-08-01 14:19:54,487 [INFO] McuFinderGlobals:63 - Set McuFinder mode to 2 (CubeIDE integrated)
2024-08-01 14:19:54,489 [INFO] UserAuth:417 - Internet connection configuration mode: 1
2024-08-01 14:19:54,527 [INFO] JxBrowserEngine:152 - Initiate JxBrowser Engine with user profile folder
2024-08-01 14:19:54,672 [INFO] CheckServerUpdateThread:120 - End of CheckServer Thread
2024-08-01 14:19:56,314 [WARN] PackLoader:240 - Cannot read IP mode file for STMicroelectronics.FP-SNS-MOTENVWB1.1.4.0
2024-08-01 14:19:56,336 [WARN] PackLoader:240 - Cannot read IP mode file for STMicroelectronics.X-CUBE-SMBUS.2.1.0
2024-08-01 14:19:56,344 [WARN] PackLoader:240 - Cannot read IP mode file for STMicroelectronics.X-CUBE-TOUCHGFX.4.23.2
2024-08-01 14:19:56,382 [WARN] PackLoader:240 - Cannot read IP mode file for STMicroelectronics.X-CUBE-AZRTOS-F7.1.1.0
2024-08-01 14:19:56,391 [WARN] PackLoader:240 - Cannot read IP mode file for STMicroelectronics.FP-SNS-FLIGHT1.5.0.2
2024-08-01 14:19:56,401 [WARN] PackLoader:240 - Cannot read IP mode file for STMicroelectronics.X-CUBE-DISPLAY.3.0.0
2024-08-01 14:19:56,415 [WARN] PackLoader:240 - Cannot read IP mode file for STMicroelectronics.X-CUBE-BLE1.7.0.0
2024-08-01 14:19:56,422 [WARN] PackLoader:240 - Cannot read IP mode file for emotas.I-CUBE-CANOPEN.1.3.0
2024-08-01 14:19:56,440 [WARN] PackLoader:240 - Cannot read IP mode file for STMicroelectronics.X-CUBE-BLEMGR.3.1.0
2024-08-01 14:19:56,454 [WARN] PackLoader:240 - Cannot read IP mode file for STMicroelectronics.FP-SNS-SMARTAG2.1.2.0
2024-08-01 14:19:56,465 [INFO] LogOutputStream:77 - [STDOUT_REDIRECT] 1 : Invalid condition id : UX_CORESTACK_Condition cause : null
2024-08-01 14:19:56,466 [INFO] LogOutputStream:77 - [STDOUT_REDIRECT] 1 : Invalid condition id : UX_CORESTACK_Condition cause : null
2024-08-01 14:19:56,468 [INFO] LogOutputStream:77 - [STDOUT_REDIRECT] 1 : Invalid condition id : UX_CORESTACK_Condition cause : null
2024-08-01 14:19:56,470 [INFO] LogOutputStream:77 - [STDOUT_REDIRECT] 1 : Invalid condition id : UX_CORESTACK_Condition cause : null
2024-08-01 14:19:56,471 [INFO] LogOutputStream:77 - [STDOUT_REDIRECT] 1 : Invalid condition id : UX_CORESTACK_Condition cause : null
2024-08-01 14:19:56,475 [WARN] PackLoader:240 - Cannot read IP mode file for STMicroelectronics.X-CUBE-AZRTOS-WL.2.0.0
2024-08-01 14:19:56,483 [WARN] PackLoader:240 - Cannot read IP mode file for STMicroelectronics.FP-SNS-MOTENV1.5.0.0
2024-08-01 14:19:56,488 [WARN] PackLoader:240 - Cannot read IP mode file for wolfSSL.I-CUBE-wolfMQTT.1.19.0
2024-08-01 14:19:56,498 [WARN] PackLoader:240 - Cannot read IP mode file for WES.I-CUBE-Cesium.1.3.0
2024-08-01 14:19:56,504 [WARN] PackLoader:240 - Cannot read IP mode file for STMicroelectronics.X-CUBE-BLE2.3.3.0
2024-08-01 14:19:56,512 [WARN] PackLoader:240 - Cannot read IP mode file for STMicroelectronics.X-CUBE-TCPP.4.1.0
2024-08-01 14:19:56,522 [WARN] PackLoader:240 - Cannot read IP mode file for STMicroelectronics.X-CUBE-ALGOBUILD.1.3.0
2024-08-01 14:19:56,536 [WARN] PackLoader:240 - Cannot read IP mode file for STMicroelectronics.X-CUBE-AZRTOS-G0.1.1.0
2024-08-01 14:19:56,557 [WARN] PackLoader:240 - Cannot read IP mode file for STMicroelectronics.X-CUBE-SAFEA1.1.2.2
2024-08-01 14:19:56,567 [WARN] PackLoader:240 - Cannot read IP mode file for STMicroelectronics.X-CUBE-NFC4.3.0.0
2024-08-01 14:19:56,582 [WARN] PackLoader:240 - Cannot read IP mode file for EmbeddedOffice.I-CUBE-FS-RTOS.1.0.1
2024-08-01 14:19:56,583 [ERROR] ConditionMgr:805 - Attr not supported : Dmpu
2024-08-01 14:19:56,583 [ERROR] ConditionMgr:805 - Attr not supported : Dmpu
2024-08-01 14:19:56,583 [ERROR] ConditionMgr:805 - Attr not supported : Dmpu
2024-08-01 14:19:56,583 [ERROR] ConditionMgr:805 - Attr not supported : Dmpu
2024-08-01 14:19:56,583 [ERROR] ConditionMgr:805 - Attr not supported : Dmpu
2024-08-01 14:19:56,583 [ERROR] ConditionMgr:805 - Attr not supported : Dmpu
2024-08-01 14:19:56,583 [ERROR] ConditionMgr:805 - Attr not supported : Dmpu
2024-08-01 14:19:56,583 [ERROR] ConditionMgr:805 - Attr not supported : Dmpu
2024-08-01 14:19:56,583 [ERROR] ConditionMgr:805 - Attr not supported : Dmpu
2024-08-01 14:19:56,583 [ERROR] ConditionMgr:805 - Attr not supported : Dmpu
2024-08-01 14:19:56,584 [ERROR] ConditionMgr:805 - Attr not supported : Dmpu
2024-08-01 14:19:56,584 [ERROR] ConditionMgr:805 - Attr not supported : Dmpu
2024-08-01 14:19:56,584 [ERROR] ConditionMgr:805 - Attr not supported : Dmpu
2024-08-01 14:19:56,584 [ERROR] ConditionMgr:805 - Attr not supported : Dmpu
2024-08-01 14:19:56,584 [ERROR] ConditionMgr:805 - Attr not supported : Dmpu
2024-08-01 14:19:56,584 [ERROR] ConditionMgr:805 - Attr not supported : Dmpu
2024-08-01 14:19:56,584 [ERROR] ConditionMgr:805 - Attr not supported : Dmpu
2024-08-01 14:19:56,584 [ERROR] ConditionMgr:805 - Attr not supported : Dmpu
2024-08-01 14:19:56,584 [ERROR] ConditionMgr:805 - Attr not supported : Dmpu
2024-08-01 14:19:56,584 [ERROR] ConditionMgr:805 - Attr not supported : Dmpu
2024-08-01 14:19:56,585 [ERROR] ConditionMgr:805 - Attr not supported : Dmpu
2024-08-01 14:19:56,585 [ERROR] ConditionMgr:805 - Attr not supported : Dmpu
2024-08-01 14:19:56,585 [ERROR] ConditionMgr:805 - Attr not supported : Dmpu
2024-08-01 14:19:56,585 [ERROR] ConditionMgr:805 - Attr not supported : Dmpu
2024-08-01 14:19:56,585 [ERROR] ConditionMgr:805 - Attr not supported : Dmpu
2024-08-01 14:19:56,585 [ERROR] ConditionMgr:805 - Attr not supported : Dmpu
2024-08-01 14:19:56,585 [ERROR] ConditionMgr:805 - Attr not supported : Dmpu
2024-08-01 14:19:56,585 [ERROR] ConditionMgr:805 - Attr not supported : Dmpu
2024-08-01 14:19:56,585 [ERROR] ConditionMgr:805 - Attr not supported : Dmpu
2024-08-01 14:19:56,585 [ERROR] ConditionMgr:805 - Attr not supported : Dmpu
2024-08-01 14:19:56,585 [ERROR] ConditionMgr:805 - Attr not supported : Dmpu
2024-08-01 14:19:56,586 [ERROR] ConditionMgr:805 - Attr not supported : Dmpu
2024-08-01 14:19:56,586 [ERROR] ConditionMgr:805 - Attr not supported : Dmpu
2024-08-01 14:19:56,586 [ERROR] ConditionMgr:805 - Attr not supported : Dmpu
2024-08-01 14:19:56,586 [ERROR] ConditionMgr:805 - Attr not supported : Dmpu
2024-08-01 14:19:56,586 [ERROR] ConditionMgr:805 - Attr not supported : Dmpu
2024-08-01 14:19:56,586 [ERROR] ConditionMgr:805 - Attr not supported : Dmpu
2024-08-01 14:19:56,586 [ERROR] ConditionMgr:805 - Attr not supported : Dmpu
2024-08-01 14:19:56,586 [ERROR] ConditionMgr:805 - Attr not supported : Dmpu
2024-08-01 14:19:56,587 [ERROR] ConditionMgr:805 - Attr not supported : Dmpu
2024-08-01 14:19:56,587 [ERROR] ConditionMgr:805 - Attr not supported : Dmpu
2024-08-01 14:19:56,587 [ERROR] ConditionMgr:805 - Attr not supported : Dmpu
2024-08-01 14:19:56,587 [ERROR] ConditionMgr:805 - Attr not supported : Dmpu
2024-08-01 14:19:56,587 [ERROR] ConditionMgr:805 - Attr not supported : Dmpu
2024-08-01 14:19:56,587 [ERROR] ConditionMgr:805 - Attr not supported : Dmpu
2024-08-01 14:19:56,587 [ERROR] ConditionMgr:805 - Attr not supported : Dmpu
2024-08-01 14:19:56,587 [ERROR] ConditionMgr:805 - Attr not supported : Dmpu
2024-08-01 14:19:56,587 [ERROR] ConditionMgr:805 - Attr not supported : Dmpu
2024-08-01 14:19:56,588 [ERROR] ConditionMgr:805 - Attr not supported : Dmpu
2024-08-01 14:19:56,588 [ERROR] ConditionMgr:805 - Attr not supported : Dmpu
2024-08-01 14:19:56,588 [ERROR] ConditionMgr:805 - Attr not supported : Dmpu
2024-08-01 14:19:56,588 [ERROR] ConditionMgr:805 - Attr not supported : Dmpu
2024-08-01 14:19:56,588 [ERROR] ConditionMgr:805 - Attr not supported : Dmpu
2024-08-01 14:19:56,588 [ERROR] ConditionMgr:805 - Attr not supported : Dmpu
2024-08-01 14:19:56,588 [ERROR] ConditionMgr:805 - Attr not supported : Dmpu
2024-08-01 14:19:56,588 [ERROR] ConditionMgr:805 - Attr not supported : Dmpu
2024-08-01 14:19:56,589 [ERROR] ConditionMgr:805 - Attr not supported : Dmpu
2024-08-01 14:19:56,589 [ERROR] ConditionMgr:805 - Attr not supported : Dmpu
2024-08-01 14:19:56,589 [ERROR] ConditionMgr:805 - Attr not supported : Dmpu
2024-08-01 14:19:56,589 [ERROR] ConditionMgr:805 - Attr not supported : Dmpu
2024-08-01 14:19:56,589 [ERROR] ConditionMgr:805 - Attr not supported : Dmpu
2024-08-01 14:19:56,590 [ERROR] ConditionMgr:805 - Attr not supported : Dmpu
2024-08-01 14:19:56,590 [ERROR] ConditionMgr:805 - Attr not supported : Dmpu
2024-08-01 14:19:56,590 [ERROR] ConditionMgr:805 - Attr not supported : Dmpu
2024-08-01 14:19:56,597 [WARN] PackLoader:240 - Cannot read IP mode file for RealThread.X-CUBE-RT-Thread_Nano.4.1.1
2024-08-01 14:19:56,603 [WARN] PackLoader:240 - Cannot read IP mode file for wolfSSL.I-CUBE-wolfSSL.5.7.0
2024-08-01 14:19:56,611 [WARN] PackLoader:240 - Cannot read IP mode file for STMicroelectronics.FP-ATR-SIGFOX1.3.2.0
2024-08-01 14:19:56,621 [WARN] PackLoader:240 - Cannot read IP mode file for STMicroelectronics.X-CUBE-EEPRMA1.5.1.0
2024-08-01 14:19:56,633 [WARN] PackLoader:240 - Cannot read IP mode file for ITTIA_DB.I-CUBE-ITTIADB.8.9.0
2024-08-01 14:19:56,637 [INFO] WebApp:167 - Instantiating new browser for Auth
2024-08-01 14:19:56,691 [WARN] PackLoader:240 - Cannot read IP mode file for SEGGER.I-CUBE-embOS.1.3.1
2024-08-01 14:19:56,774 [WARN] PackLoader:240 - Cannot read IP mode file for STMicroelectronics.X-CUBE-ALGOBUILD.1.4.0
2024-08-01 14:19:56,799 [WARN] PackLoader:240 - Cannot read IP mode file for STMicroelectronics.X-CUBE-GNSS1.6.0.0
2024-08-01 14:19:56,842 [WARN] PackLoader:240 - Cannot read IP mode file for STMicroelectronics.X-CUBE-AZRTOS-F4.1.1.0
2024-08-01 14:19:56,873 [WARN] PackLoader:240 - Cannot read IP mode file for STMicroelectronics.X-CUBE-FREERTOS.1.2.0
2024-08-01 14:19:56,903 [WARN] PackLoader:240 - Cannot read IP mode file for STMicroelectronics.X-CUBE-AZRTOS-L5.2.0.0
2024-08-01 14:19:56,915 [WARN] PackLoader:240 - Cannot read IP mode file for STMicroelectronics.X-CUBE-NFC6.3.1.0
2024-08-01 14:19:56,926 [WARN] PackLoader:240 - Cannot read IP mode file for STMicroelectronics.X-CUBE-DPower.1.2.0
2024-08-01 14:19:56,932 [WARN] PackLoader:240 - Cannot read IP mode file for STMicroelectronics.X-CUBE-AI.9.0.0
2024-08-01 14:19:56,941 [WARN] PackLoader:240 - Cannot read IP mode file for STMicroelectronics.X-CUBE-NFC7.1.0.1
2024-08-01 14:19:56,947 [WARN] PackLoader:240 - Cannot read IP mode file for wolfSSL.I-CUBE-wolfTPM.3.2.0
2024-08-01 14:19:56,954 [WARN] PackLoader:240 - Cannot read IP mode file for STMicroelectronics.X-CUBE-AI.8.1.0
2024-08-01 14:19:56,986 [WARN] ConditionMgr:438 - getConditionDescription Invalid condition id : LAN8742 Phy interface Condition cause : null
2024-08-01 14:19:56,987 [WARN] PackLoader:240 - Cannot read IP mode file for STMicroelectronics.X-CUBE-AZRTOS-L4.2.0.0
2024-08-01 14:19:56,988 [WARN] ConditionMgr:1039 - genDependencies : Invalid condition id : LAN8742 Phy interface Condition cause : null
2024-08-01 14:19:56,989 [WARN] ConditionMgr:1039 - genDependencies : Invalid condition id : LAN8742 Phy interface Condition cause : null
2024-08-01 14:19:56,990 [WARN] ConditionMgr:1039 - genDependencies : Invalid condition id : LAN8742 Phy interface Condition cause : null
2024-08-01 14:19:57,003 [WARN] PackLoader:240 - Cannot read IP mode file for STMicroelectronics.X-CUBE-SFXS2LP1.4.0.0
2024-08-01 14:19:57,028 [WARN] ConditionMgr:438 - getConditionDescription Invalid condition id : UX DEVICE CLASS RTOS Condition cause : null
2024-08-01 14:19:57,028 [WARN] ConditionMgr:438 - getConditionDescription Invalid condition id : UX DEVICE CLASS RTOS Condition cause : null
2024-08-01 14:19:57,037 [WARN] PackLoader:240 - Cannot read IP mode file for STMicroelectronics.X-CUBE-AZRTOS-WB.2.0.0
2024-08-01 14:19:57,038 [WARN] ConditionMgr:1039 - genDependencies : Invalid condition id : UX DEVICE CLASS RTOS Condition cause : null
2024-08-01 14:19:57,038 [WARN] ConditionMgr:1039 - genDependencies : Invalid condition id : UX DEVICE CLASS RTOS Condition cause : null
2024-08-01 14:19:57,039 [WARN] ConditionMgr:1039 - genDependencies : Invalid condition id : UX DEVICE CLASS RTOS Condition cause : null
2024-08-01 14:19:57,040 [WARN] ConditionMgr:1039 - genDependencies : Invalid condition id : UX DEVICE CLASS RTOS Condition cause : null
2024-08-01 14:19:57,041 [WARN] ConditionMgr:1039 - genDependencies : Invalid condition id : UX DEVICE CLASS RTOS Condition cause : null
2024-08-01 14:19:57,051 [WARN] PackLoader:240 - Cannot read IP mode file for STMicroelectronics.FP-SNS-STBOX1.2.0.0
2024-08-01 14:19:57,068 [WARN] PackLoader:240 - Cannot read IP mode file for STMicroelectronics.X-CUBE-SUBG2.5.0.0
2024-08-01 14:19:57,077 [WARN] PackLoader:240 - Cannot read IP mode file for Cesanta.I-CUBE-Mongoose.7.13.0
2024-08-01 14:19:57,094 [WARN] PackLoader:240 - Cannot read IP mode file for STMicroelectronics.X-CUBE-AZRTOS-G4.2.0.0
2024-08-01 14:19:57,103 [WARN] PackLoader:240 - Cannot read IP mode file for STMicroelectronics.FP-SNS-MOTENVWB1.1.3.1
2024-08-01 14:19:57,110 [WARN] PackLoader:240 - Cannot read IP mode file for STMicroelectronics.X-CUBE-ISPU.2.0.0
2024-08-01 14:19:57,115 [WARN] PackLoader:240 - Cannot read IP mode file for STMicroelectronics.X-CUBE-ALS.1.0.2
2024-08-01 14:19:57,152 [WARN] PackLoader:240 - Cannot read IP mode file for STMicroelectronics.X-CUBE-MEMS1.10.0.0
2024-08-01 14:19:57,285 [WARN] PackLoader:240 - Cannot read IP mode file for STMicroelectronics.X-CUBE-FREERTOS.1.1.0
2024-08-01 14:19:57,294 [WARN] PackLoader:240 - Cannot read IP mode file for STMicroelectronics.X-CUBE-TOUCHGFX.4.24.0
2024-08-01 14:19:57,300 [WARN] PackLoader:240 - Cannot read IP mode file for portGmbH.I-Cube-SoM-uGOAL.1.1.0
2024-08-01 14:19:57,305 [WARN] PackLoader:240 - Cannot read IP mode file for STMicroelectronics.X-CUBE-ALS.1.0.1
2024-08-01 14:19:57,322 [WARN] PackLoader:240 - Cannot read IP mode file for STMicroelectronics.X-CUBE-AZRTOS-H7RS.1.0.0
2024-08-01 14:19:57,329 [WARN] PackLoader:240 - Cannot read IP mode file for STMicroelectronics.FP-ATR-ASTRA1.2.0.0
2024-08-01 14:19:57,340 [WARN] PackLoader:240 - Cannot read IP mode file for STMicroelectronics.X-CUBE-TOF1.3.4.2
2024-08-01 14:19:57,357 [WARN] PackLoader:240 - Cannot read IP mode file for STMicroelectronics.X-CUBE-TOF1.3.4.1
2024-08-01 14:19:57,384 [WARN] PackLoader:240 - Cannot read IP mode file for STMicroelectronics.X-CUBE-AZRTOS-H7.3.2.0
2024-08-01 14:19:57,401 [WARN] PackLoader:240 - Cannot read IP mode file for Infineon.AIROC-Wi-Fi-Bluetooth-STM32.1.6.0
2024-08-01 14:19:57,411 [WARN] PackLoader:240 - Cannot read IP mode file for wolfSSL.I-CUBE-wolfSSH.1.4.17
2024-08-01 14:19:57,411 [INFO] ThirdParty:978 - Integrity check success = true
2024-08-01 14:19:57,411 [INFO] IntegrityCheckThread:100 - exiting critical section [integrity check]
2024-08-01 14:19:57,412 [INFO] IntegrityCheckThread:103 - End integrity checks thread
2024-08-01 14:19:58,210 [INFO] WebApp:448 - Apply proxy settings
2024-08-01 14:19:58,211 [INFO] WebApp:533 - Chromium requires no authentication
2024-08-01 14:19:58,233 [INFO] WebApp:476 - Direct internet connection detected
2024-08-01 14:19:58,269 [INFO] WebApp:869 - Register for checkConnection events
2024-08-01 14:19:58,270 [INFO] WebApp:448 - Apply proxy settings
2024-08-01 14:19:58,270 [INFO] WebApp:533 - Chromium requires no authentication
2024-08-01 14:19:58,270 [INFO] WebApp:476 - Direct internet connection detected
2024-08-01 14:19:58,564 [INFO] WebApp:186 - Connection restablished
2024-08-01 14:19:58,622 [INFO] WebApp:220 - Starting web application
2024-08-01 14:19:58,623 [INFO] WebApp:578 - Web application path used C:\ST\STM32CubeIDE_1.4.0\STM32CubeIDE\plugins\com.st.stm32cube.common.mx_6.12.0.202406281431\db\plugins\mcufinder\reactClient1\index.html
2024-08-01 14:19:58,765 [INFO] UserAuth:417 - Internet connection configuration mode: 1
2024-08-01 17:59:39,960 [ERROR] LogOutputStream:75 - [STDERR_REDIRECT] 
