2024-09-18 17:40:37,148 [INFO] Activator:176 - 


2024-09-18 17:40:37,156 [INFO] Activator:177 - !SESSION log4j initialized
2024-09-18 17:40:43,867 [INFO] LogOutputStream:77 - [STDOUT_REDIRECT] 
2024-09-18 17:40:45,254 [INFO] ApplicationProperties:184 - Using Application install path: C:\ST\STM32CubeIDE_1.4.0\STM32CubeIDE\plugins\com.st.stm32cube.common.mx_6.12.0.202406281431
2024-09-18 17:40:45,283 [INFO] DbMcusXml:78 - Set database path to: C:\ST\STM32CubeIDE_1.4.0\STM32CubeIDE\plugins\com.st.stm32cube.common.mx_6.12.0.202406281431\\db\/mcu/
2024-09-18 17:40:45,283 [INFO] ApiDb:274 - Set plugin database path to: C:\ST\STM32CubeIDE_1.4.0\STM32CubeIDE\plugins\com.st.stm32cube.common.mx_6.12.0.202406281431\\db\/plugins/boardmanager/
2024-09-18 17:40:45,284 [WARN] ApiDb:259 - Overriding images path with different value:  => C:\ST\STM32CubeIDE_1.4.0\STM32CubeIDE\plugins\com.st.stm32cube.common.mx_6.12.0.202406281431\\db\/plugins/mcufinder/images/
2024-09-18 17:40:45,302 [INFO] ApiDb:250 - Set database path to: C:\Users\Abhishek\.stmcufinder\plugins\mcufinder//mcu/
2024-09-18 17:40:45,303 [INFO] DbMcusAds:125 - Set database path to: C:\Users\Abhishek\.stmcufinder\plugins\mcufinder//mcu/
2024-09-18 17:40:45,307 [INFO] CrossReferenceDbSqlite:203 - Set database path to: C:\Users\Abhishek\.stmcufinder\plugins\mcufinder//mcu/cs/
2024-09-18 17:40:45,452 [INFO] RulesReader:64 - Compatibility file has been processed (297 Rules)
2024-09-18 17:40:45,586 [INFO] DbMcusXml:78 - Set database path to: C:\ST\STM32CubeIDE_1.4.0\STM32CubeIDE\plugins\com.st.stm32cube.common.mx_6.12.0.202406281431\\db\/mcu/
2024-09-18 17:40:45,586 [INFO] ApiDb:274 - Set plugin database path to: C:\ST\STM32CubeIDE_1.4.0\STM32CubeIDE\plugins\com.st.stm32cube.common.mx_6.12.0.202406281431\\db\/plugins/boardmanager/
2024-09-18 17:40:45,586 [INFO] ApiDb:261 - Set plugin images path to: C:\ST\STM32CubeIDE_1.4.0\STM32CubeIDE\plugins\com.st.stm32cube.common.mx_6.12.0.202406281431\\db\/plugins/mcufinder/images/
2024-09-18 17:40:45,587 [WARN] DbFile:41 - Overriding database path with different value: C:\Users\Abhishek\.stmcufinder\plugins\mcufinder/ => C:\Users\Abhishek\.stmcufinder\plugins\mcufinder
2024-09-18 17:40:45,587 [INFO] ApiDb:250 - Set database path to: C:\Users\Abhishek\.stmcufinder\plugins\mcufinder//mcu/
2024-09-18 17:40:45,587 [WARN] DbFile:41 - Overriding database path with different value: C:\Users\Abhishek\.stmcufinder\plugins\mcufinder/ => C:\Users\Abhishek\.stmcufinder\plugins\mcufinder
2024-09-18 17:40:45,587 [INFO] DbMcusAds:125 - Set database path to: C:\Users\Abhishek\.stmcufinder\plugins\mcufinder//mcu/
2024-09-18 17:40:45,587 [WARN] DbFile:41 - Overriding database path with different value: C:\Users\Abhishek\.stmcufinder\plugins\mcufinder/ => C:\Users\Abhishek\.stmcufinder\plugins\mcufinder
2024-09-18 17:40:45,587 [WARN] DbFile:41 - Overriding database path with different value: C:\Users\Abhishek\.stmcufinder\plugins\mcufinder/ => C:\Users\Abhishek\.stmcufinder\plugins\mcufinder
2024-09-18 17:40:45,587 [INFO] CrossReferenceDbSqlite:203 - Set database path to: C:\Users\Abhishek\.stmcufinder\plugins\mcufinder//mcu/cs/
2024-09-18 17:40:45,744 [INFO] MainPanel:268 - HeapMemory: 268435456
2024-09-18 17:40:45,948 [INFO] DbMcusXml:78 - Set database path to: C:\ST\STM32CubeIDE_1.4.0\STM32CubeIDE\plugins\com.st.stm32cube.common.mx_6.12.0.202406281431\\db\/mcu/
2024-09-18 17:40:45,948 [INFO] ApiDb:274 - Set plugin database path to: C:\ST\STM32CubeIDE_1.4.0\STM32CubeIDE\plugins\com.st.stm32cube.common.mx_6.12.0.202406281431\\db\/plugins/boardmanager/
2024-09-18 17:40:45,948 [INFO] ApiDb:261 - Set plugin images path to: C:\ST\STM32CubeIDE_1.4.0\STM32CubeIDE\plugins\com.st.stm32cube.common.mx_6.12.0.202406281431\\db\/plugins/mcufinder/images/
2024-09-18 17:40:45,949 [WARN] DbFile:41 - Overriding database path with different value: C:\Users\Abhishek\.stmcufinder\plugins\mcufinder/ => C:\Users\Abhishek\.stmcufinder\plugins\mcufinder
2024-09-18 17:40:45,949 [INFO] ApiDb:250 - Set database path to: C:\Users\Abhishek\.stmcufinder\plugins\mcufinder//mcu/
2024-09-18 17:40:45,949 [WARN] DbFile:41 - Overriding database path with different value: C:\Users\Abhishek\.stmcufinder\plugins\mcufinder/ => C:\Users\Abhishek\.stmcufinder\plugins\mcufinder
2024-09-18 17:40:45,949 [INFO] DbMcusAds:125 - Set database path to: C:\Users\Abhishek\.stmcufinder\plugins\mcufinder//mcu/
2024-09-18 17:40:45,949 [WARN] DbFile:41 - Overriding database path with different value: C:\Users\Abhishek\.stmcufinder\plugins\mcufinder/ => C:\Users\Abhishek\.stmcufinder\plugins\mcufinder
2024-09-18 17:40:45,949 [WARN] DbFile:41 - Overriding database path with different value: C:\Users\Abhishek\.stmcufinder\plugins\mcufinder/ => C:\Users\Abhishek\.stmcufinder\plugins\mcufinder
2024-09-18 17:40:45,949 [INFO] CrossReferenceDbSqlite:203 - Set database path to: C:\Users\Abhishek\.stmcufinder\plugins\mcufinder//mcu/cs/
2024-09-18 17:40:45,985 [INFO] ApplicationProperties:184 - Using Application install path: C:\ST\STM32CubeIDE_1.4.0\STM32CubeIDE\plugins\com.st.stm32cube.common.mx_6.12.0.202406281431
2024-09-18 17:40:45,987 [INFO] PluginManage:196 - Search for loadable plugins [exclusion list=, ]
2024-09-18 17:40:45,989 [INFO] PluginManage:310 - Check plugin analytics
2024-09-18 17:40:46,273 [INFO] AnalyticsPlugin:253 - Accepted Software Licenses: STM32CubeMX.6.1.0,STM32CubeMX.6.4.0,STM32CubeMX.6.2.0,STM32CubeMX.6.10.0
2024-09-18 17:40:46,274 [INFO] AnalyticsPlugin:255 - Accepted CMSIS Pack Licenses: 
2024-09-18 17:40:46,274 [INFO] AnalyticsPlugin:257 - Accepted Firmware Licenses: 
2024-09-18 17:40:46,281 [INFO] PluginManage:359 - Loaded plugin analytics (category:tool,tabindex:-1)
2024-09-18 17:40:46,281 [INFO] PluginManage:310 - Check plugin cadmodel
2024-09-18 17:40:46,296 [INFO] CADModel:105 - Init CAD model plugin
2024-09-18 17:40:46,296 [INFO] PluginManage:359 - Loaded plugin cadmodel (category:power,tabindex:5)
2024-09-18 17:40:46,296 [INFO] PluginManage:310 - Check plugin clock
2024-09-18 17:40:46,313 [INFO] PluginManage:359 - Loaded plugin clock (category:base,tabindex:2)
2024-09-18 17:40:46,314 [INFO] PluginManage:310 - Check plugin ddr
2024-09-18 17:40:46,319 [INFO] PluginManage:359 - Loaded plugin ddr (category:tool,tabindex:6)
2024-09-18 17:40:46,319 [INFO] PluginManage:310 - Check plugin filemanager
2024-09-18 17:40:46,501 [INFO] PluginManage:359 - Loaded plugin filemanager (category:base,tabindex:10)
2024-09-18 17:40:46,501 [INFO] PluginManage:310 - Check plugin ipmanager
2024-09-18 17:40:46,510 [INFO] PluginManage:359 - Loaded plugin ipmanager (category:base,tabindex:5)
2024-09-18 17:40:46,511 [INFO] PluginManage:310 - Check plugin lpbam
2024-09-18 17:40:46,540 [INFO] PluginManage:359 - Loaded plugin lpbam (category:base,tabindex:0)
2024-09-18 17:40:46,540 [INFO] PluginManage:310 - Check plugin memorymap
2024-09-18 17:40:46,581 [INFO] PluginManage:359 - Loaded plugin memorymap (category:base,tabindex:4)
2024-09-18 17:40:46,582 [INFO] PluginManage:310 - Check plugin pinoutandconfiguration
2024-09-18 17:40:46,600 [INFO] PluginManage:359 - Loaded plugin pinoutandconfiguration (category:base,tabindex:1)
2024-09-18 17:40:46,600 [INFO] PluginManage:310 - Check plugin pinoutconfig
2024-09-18 17:40:46,737 [WARN] SupportedApi:132 - Cannot load RTOS API schema: s4s-elt-must-match.1: The content of 'definitions' must match (annotation?, (simpleType | complexType)?, (unique | key | keyref)*)). A problem was found starting at: attribute.
2024-09-18 17:40:46,894 [INFO] PluginManage:359 - Loaded plugin pinoutconfig (category:base,tabindex:0)
2024-09-18 17:40:46,894 [INFO] PluginManage:310 - Check plugin power
2024-09-18 17:40:46,915 [INFO] PluginManage:359 - Loaded plugin power (category:power,tabindex:4)
2024-09-18 17:40:46,915 [INFO] PluginManage:310 - Check plugin projectmanager
2024-09-18 17:40:46,931 [INFO] PluginManage:359 - Loaded plugin projectmanager (category:projectmanager,tabindex:4)
2024-09-18 17:40:46,932 [INFO] PluginManage:310 - Check plugin rif
2024-09-18 17:40:46,996 [INFO] PluginManage:359 - Loaded plugin rif (category:base,tabindex:3)
2024-09-18 17:40:46,996 [INFO] PluginManage:310 - Check plugin thirdparty
2024-09-18 17:40:47,179 [INFO] PluginManage:359 - Loaded plugin thirdparty (category:base,tabindex:-1)
2024-09-18 17:40:47,179 [WARN] IntegrityCheckThread:84 - waiting for thirdparty lock release [integrity check]
2024-09-18 17:40:47,179 [INFO] IntegrityCheckThread:86 - entering critical section [integrity check]
2024-09-18 17:40:47,179 [INFO] PluginManage:310 - Check plugin tools
2024-09-18 17:40:47,179 [INFO] ThirdPartyUpdaterWithRetryManager:70 - Updater plugin not ready yet. [1/15]
2024-09-18 17:40:47,184 [INFO] PluginManage:359 - Loaded plugin tools (category:base,tabindex:7)
2024-09-18 17:40:47,184 [INFO] PluginManage:310 - Check plugin tutovideos
2024-09-18 17:40:47,464 [INFO] PluginManage:359 - Loaded plugin tutovideos (category:base,tabindex:-1)
2024-09-18 17:40:47,464 [INFO] PluginManage:310 - Check plugin updater
2024-09-18 17:40:47,483 [INFO] PluginManage:359 - Loaded plugin updater (category:base,tabindex:12)
2024-09-18 17:40:47,483 [INFO] PluginManage:310 - Check plugin userauth
2024-09-18 17:40:47,490 [INFO] UserAuth:113 - Init User Auth plugin
2024-09-18 17:40:47,490 [INFO] PluginManage:359 - Loaded plugin userauth (category:base,tabindex:14)
2024-09-18 17:40:47,491 [INFO] PluginManage:283 - PluginManage : Loaded plugins [18]
2024-09-18 17:40:47,735 [INFO] PinOutPanel:1561 - setPackage(No Configuration,No Configuration)
2024-09-18 17:40:47,853 [INFO] CADModel:165 - CPN selected for project level
2024-09-18 17:40:47,853 [INFO] CADModel:114 - Register for checkConnection events
2024-09-18 17:40:47,883 [INFO] IPUIPlugin:80 - create IPUIPlugin
2024-09-18 17:40:47,883 [INFO] PluginManager:220 - loadIPPluginJar : add adc
2024-09-18 17:40:47,888 [INFO] IPUIPlugin:80 - create IPUIPlugin
2024-09-18 17:40:47,888 [INFO] PluginManager:220 - loadIPPluginJar : add aes
2024-09-18 17:40:47,895 [INFO] IPUIPlugin:80 - create IPUIPlugin
2024-09-18 17:40:47,895 [INFO] PluginManager:220 - loadIPPluginJar : add can
2024-09-18 17:40:47,900 [INFO] IPUIPlugin:80 - create IPUIPlugin
2024-09-18 17:40:47,900 [INFO] PluginManager:220 - loadIPPluginJar : add comp
2024-09-18 17:40:47,906 [INFO] IPUIPlugin:80 - create IPUIPlugin
2024-09-18 17:40:47,906 [INFO] PluginManager:220 - loadIPPluginJar : add cryp
2024-09-18 17:40:47,913 [INFO] IPUIPlugin:80 - create IPUIPlugin
2024-09-18 17:40:47,913 [INFO] PluginManager:220 - loadIPPluginJar : add ddr_ctrl_phy
2024-09-18 17:40:47,917 [INFO] IPUIPlugin:80 - create IPUIPlugin
2024-09-18 17:40:47,917 [INFO] PluginManager:220 - loadIPPluginJar : add dfsdm
2024-09-18 17:40:47,930 [INFO] IPUIPlugin:80 - create IPUIPlugin
2024-09-18 17:40:47,931 [INFO] PluginManager:220 - loadIPPluginJar : add dma
2024-09-18 17:40:47,937 [INFO] IPUIPlugin:80 - create IPUIPlugin
2024-09-18 17:40:47,937 [INFO] PluginManager:220 - loadIPPluginJar : add dma3
2024-09-18 17:40:47,943 [INFO] IPUIPlugin:80 - create IPUIPlugin
2024-09-18 17:40:47,943 [INFO] PluginManager:220 - loadIPPluginJar : add extmemmanager
2024-09-18 17:40:47,948 [INFO] IPUIPlugin:80 - create IPUIPlugin
2024-09-18 17:40:47,948 [INFO] PluginManager:220 - loadIPPluginJar : add fatfs
2024-09-18 17:40:47,956 [INFO] IPUIPlugin:80 - create IPUIPlugin
2024-09-18 17:40:47,956 [INFO] PluginManager:220 - loadIPPluginJar : add fmc
2024-09-18 17:40:48,000 [INFO] IPUIPlugin:80 - create IPUIPlugin
2024-09-18 17:40:48,000 [INFO] PluginManager:220 - loadIPPluginJar : add freertos
2024-09-18 17:40:48,004 [INFO] IPUIPlugin:80 - create IPUIPlugin
2024-09-18 17:40:48,004 [INFO] PluginManager:220 - loadIPPluginJar : add genericplugin
2024-09-18 17:40:48,011 [INFO] IPUIPlugin:80 - create IPUIPlugin
2024-09-18 17:40:48,011 [INFO] PluginManager:220 - loadIPPluginJar : add gfxmmu
2024-09-18 17:40:48,023 [INFO] IPUIPlugin:80 - create IPUIPlugin
2024-09-18 17:40:48,023 [INFO] PluginManager:220 - loadIPPluginJar : add gic
2024-09-18 17:40:48,040 [INFO] IPUIPlugin:80 - create IPUIPlugin
2024-09-18 17:40:48,040 [INFO] PluginManager:220 - loadIPPluginJar : add gpio
2024-09-18 17:40:48,050 [INFO] IPUIPlugin:80 - create IPUIPlugin
2024-09-18 17:40:48,050 [INFO] PluginManager:220 - loadIPPluginJar : add gtzc
2024-09-18 17:40:48,055 [INFO] IPUIPlugin:80 - create IPUIPlugin
2024-09-18 17:40:48,055 [INFO] PluginManager:220 - loadIPPluginJar : add hash
2024-09-18 17:40:48,061 [INFO] IPUIPlugin:80 - create IPUIPlugin
2024-09-18 17:40:48,061 [INFO] PluginManager:220 - loadIPPluginJar : add i2c
2024-09-18 17:40:48,067 [INFO] IPUIPlugin:80 - create IPUIPlugin
2024-09-18 17:40:48,067 [INFO] PluginManager:220 - loadIPPluginJar : add i2s
2024-09-18 17:40:48,073 [INFO] IPUIPlugin:80 - create IPUIPlugin
2024-09-18 17:40:48,074 [INFO] PluginManager:220 - loadIPPluginJar : add i3c
2024-09-18 17:40:48,083 [INFO] IPUIPlugin:80 - create IPUIPlugin
2024-09-18 17:40:48,084 [INFO] PluginManager:220 - loadIPPluginJar : add ipddr
2024-09-18 17:40:48,097 [INFO] IPUIPlugin:80 - create IPUIPlugin
2024-09-18 17:40:48,097 [INFO] PluginManager:220 - loadIPPluginJar : add linkedlist
2024-09-18 17:40:48,102 [INFO] IPUIPlugin:80 - create IPUIPlugin
2024-09-18 17:40:48,102 [INFO] PluginManager:220 - loadIPPluginJar : add lorawan
2024-09-18 17:40:48,106 [INFO] IPUIPlugin:80 - create IPUIPlugin
2024-09-18 17:40:48,107 [INFO] PluginManager:220 - loadIPPluginJar : add ltdc
2024-09-18 17:40:48,126 [INFO] IPUIPlugin:80 - create IPUIPlugin
2024-09-18 17:40:48,126 [INFO] PluginManager:220 - loadIPPluginJar : add mdma
2024-09-18 17:40:48,142 [INFO] IPUIPlugin:80 - create IPUIPlugin
2024-09-18 17:40:48,142 [INFO] PluginManager:220 - loadIPPluginJar : add nvic
2024-09-18 17:40:48,148 [INFO] IPUIPlugin:80 - create IPUIPlugin
2024-09-18 17:40:48,148 [INFO] PluginManager:220 - loadIPPluginJar : add opamp
2024-09-18 17:40:48,154 [INFO] IPUIPlugin:80 - create IPUIPlugin
2024-09-18 17:40:48,155 [INFO] PluginManager:220 - loadIPPluginJar : add openamp
2024-09-18 17:40:48,162 [INFO] IPUIPlugin:80 - create IPUIPlugin
2024-09-18 17:40:48,162 [INFO] PluginManager:220 - loadIPPluginJar : add pdm2pcm
2024-09-18 17:40:48,179 [INFO] IPUIPlugin:80 - create IPUIPlugin
2024-09-18 17:40:48,181 [INFO] PluginManager:220 - loadIPPluginJar : add plateformsettings
2024-09-18 17:40:48,185 [INFO] IPUIPlugin:80 - create IPUIPlugin
2024-09-18 17:40:48,185 [INFO] PluginManager:220 - loadIPPluginJar : add quadspi
2024-09-18 17:40:48,190 [INFO] IPUIPlugin:80 - create IPUIPlugin
2024-09-18 17:40:48,191 [INFO] PluginManager:220 - loadIPPluginJar : add radio
2024-09-18 17:40:48,239 [INFO] IPUIPlugin:80 - create IPUIPlugin
2024-09-18 17:40:48,239 [INFO] PluginManager:220 - loadIPPluginJar : add resmgrutility
2024-09-18 17:40:48,250 [INFO] IPUIPlugin:80 - create IPUIPlugin
2024-09-18 17:40:48,250 [INFO] PluginManager:220 - loadIPPluginJar : add sai
2024-09-18 17:40:48,259 [INFO] IPUIPlugin:80 - create IPUIPlugin
2024-09-18 17:40:48,259 [INFO] PluginManager:220 - loadIPPluginJar : add spi
2024-09-18 17:40:48,273 [INFO] IPUIPlugin:80 - create IPUIPlugin
2024-09-18 17:40:48,273 [INFO] PluginManager:220 - loadIPPluginJar : add stm32_wpan
2024-09-18 17:40:48,281 [INFO] IPUIPlugin:80 - create IPUIPlugin
2024-09-18 17:40:48,281 [INFO] PluginManager:220 - loadIPPluginJar : add tim
2024-09-18 17:40:48,290 [INFO] IPUIPlugin:80 - create IPUIPlugin
2024-09-18 17:40:48,291 [INFO] PluginManager:220 - loadIPPluginJar : add touchsensing
2024-09-18 17:40:48,297 [INFO] IPUIPlugin:80 - create IPUIPlugin
2024-09-18 17:40:48,298 [INFO] PluginManager:220 - loadIPPluginJar : add tracer_emb
2024-09-18 17:40:48,302 [INFO] IPUIPlugin:80 - create IPUIPlugin
2024-09-18 17:40:48,302 [INFO] PluginManager:220 - loadIPPluginJar : add ts
2024-09-18 17:40:48,312 [INFO] IPUIPlugin:80 - create IPUIPlugin
2024-09-18 17:40:48,312 [INFO] PluginManager:220 - loadIPPluginJar : add tsc
2024-09-18 17:40:48,317 [INFO] IPUIPlugin:80 - create IPUIPlugin
2024-09-18 17:40:48,317 [INFO] PluginManager:220 - loadIPPluginJar : add ucpd
2024-09-18 17:40:48,324 [INFO] IPUIPlugin:80 - create IPUIPlugin
2024-09-18 17:40:48,324 [INFO] PluginManager:220 - loadIPPluginJar : add usart
2024-09-18 17:40:48,332 [INFO] IPUIPlugin:80 - create IPUIPlugin
2024-09-18 17:40:48,332 [INFO] PluginManager:220 - loadIPPluginJar : add usbx
2024-09-18 17:40:48,478 [INFO] CADModel:165 - CPN selected for project level
2024-09-18 17:40:48,478 [INFO] CADModel:114 - Register for checkConnection events
2024-09-18 17:40:48,478 [FATAL] Updater:334 - Updater called before beeing initialized
2024-09-18 17:40:48,478 [ERROR] CADModel:125 - Updater not yet initialized, retry later 
2024-09-18 17:40:48,663 [INFO] CADModel:165 - CPN selected for project level
2024-09-18 17:40:48,663 [INFO] CADModel:114 - Register for checkConnection events
2024-09-18 17:40:48,664 [FATAL] Updater:334 - Updater called before beeing initialized
2024-09-18 17:40:48,664 [ERROR] CADModel:125 - Updater not yet initialized, retry later 
2024-09-18 17:40:48,669 [FATAL] Updater:334 - Updater called before beeing initialized
2024-09-18 17:40:48,800 [FATAL] Updater:334 - Updater called before beeing initialized
2024-09-18 17:40:48,806 [INFO] DbMcusAds:53 - JSON generation date=Thu May 16 14:52:00 IST 2024 (1715851320667)
2024-09-18 17:40:48,806 [FATAL] Updater:334 - Updater called before beeing initialized
2024-09-18 17:40:48,865 [WARN] DetailPanel:346 - Failed to get advertising image, set to default
2024-09-18 17:40:48,989 [FATAL] Updater:334 - Updater called before beeing initialized
2024-09-18 17:40:48,992 [FATAL] Updater:334 - Updater called before beeing initialized
2024-09-18 17:40:48,992 [FATAL] Updater:334 - Updater called before beeing initialized
2024-09-18 17:40:48,992 [WARN] DetailPanel:346 - Failed to get advertising image, set to default
2024-09-18 17:40:48,994 [FATAL] Updater:334 - Updater called before beeing initialized
2024-09-18 17:40:49,060 [ERROR] Updater:1164 - MainUpdater not yet initialized. External WinMGr cannot be set.
2024-09-18 17:40:49,064 [INFO] Updater:1100 - Updater Version found : 6.12.0
2024-09-18 17:40:49,086 [INFO] ApplicationProperties:184 - Using Application install path: C:\ST\STM32CubeIDE_1.4.0\STM32CubeIDE\plugins\com.st.stm32cube.common.mx_6.12.0.202406281431
2024-09-18 17:40:49,943 [INFO] MainUpdater:2873 - connection check result : 10
2024-09-18 17:40:49,943 [INFO] MainUpdater:3567 - Updater definition file requires update
2024-09-18 17:40:49,944 [INFO] MainUpdater:290 - Updater Check For Update Now.
2024-09-18 17:40:49,944 [INFO] MicroXplorer:498 - Change Database Version : DB.6.0.120
2024-09-18 17:40:49,954 [INFO] McuFinderGlobals:63 - Set McuFinder mode to 2 (CubeIDE integrated)
2024-09-18 17:40:49,956 [INFO] UserAuth:417 - Internet connection configuration mode: 1
2024-09-18 17:40:49,988 [INFO] JxBrowserEngine:152 - Initiate JxBrowser Engine with user profile folder
2024-09-18 17:40:50,181 [WARN] MainUpdater:1194 - Updater busy. Cannot search thirdparties
2024-09-18 17:40:50,181 [INFO] ThirdPartyUpdaterWithRetryManager:96 - Updater plugin is busy. [1/15]
2024-09-18 17:40:50,287 [INFO] ServerAccessManage:473 - Download File updaters.zip
2024-09-18 17:40:50,566 [INFO] FileExtend:240 - Unzip File : updaters.zip
2024-09-18 17:40:50,566 [INFO] FileExtend:255 - Standard Zip Deflate
2024-09-18 17:40:52,612 [INFO] WebApp:167 - Instantiating new browser for Auth
2024-09-18 17:40:53,048 [INFO] ServerAccessManage:473 - Download File PacksControlFlags.xml
2024-09-18 17:40:53,183 [WARN] MainUpdater:1194 - Updater busy. Cannot search thirdparties
2024-09-18 17:40:53,183 [INFO] ThirdPartyUpdaterWithRetryManager:96 - Updater plugin is busy. [2/15]
2024-09-18 17:40:53,218 [INFO] ServerAccessManage:473 - Download File cubemx.pidx
2024-09-18 17:40:54,381 [INFO] ServerAccessManage:473 - Download File STMicroelectronics.X-CUBE-ISPU.pdsc
2024-09-18 17:40:54,844 [INFO] WebApp:448 - Apply proxy settings
2024-09-18 17:40:54,845 [INFO] WebApp:533 - Chromium requires no authentication
2024-09-18 17:40:54,869 [INFO] WebApp:476 - Direct internet connection detected
2024-09-18 17:40:54,925 [INFO] WebApp:869 - Register for checkConnection events
2024-09-18 17:40:54,925 [INFO] WebApp:448 - Apply proxy settings
2024-09-18 17:40:54,925 [INFO] WebApp:533 - Chromium requires no authentication
2024-09-18 17:40:54,926 [INFO] WebApp:476 - Direct internet connection detected
2024-09-18 17:40:55,619 [INFO] WebApp:186 - Connection restablished
2024-09-18 17:40:55,673 [INFO] WebApp:220 - Starting web application
2024-09-18 17:40:55,673 [INFO] WebApp:578 - Web application path used C:\ST\STM32CubeIDE_1.4.0\STM32CubeIDE\plugins\com.st.stm32cube.common.mx_6.12.0.202406281431\db\plugins\mcufinder\reactClient1\index.html
2024-09-18 17:40:56,087 [INFO] UserAuth:417 - Internet connection configuration mode: 1
2024-09-18 17:40:56,185 [WARN] MainUpdater:1194 - Updater busy. Cannot search thirdparties
2024-09-18 17:40:56,186 [INFO] ThirdPartyUpdaterWithRetryManager:96 - Updater plugin is busy. [3/15]
2024-09-18 17:40:56,700 [WARN] PackLoader:240 - Cannot read IP mode file for STMicroelectronics.X-CUBE-ISPU.2.1.0
2024-09-18 17:40:56,705 [INFO] PopulateThirdPartyThread:66 - Ending populate Thread
2024-09-18 17:40:56,707 [INFO] ThirdParty:1030 - CMSIS Pack Vendor :STMicroelectronics X-CUBE-ISPU 2.1.0
2024-09-18 17:40:56,708 [INFO] LoadServerUpdatesThread:375 - End of LoadServerUpdate Thread
2024-09-18 17:40:56,891 [INFO] CheckServerUpdateThread:120 - End of CheckServer Thread
2024-09-18 17:40:59,461 [WARN] PackLoader:240 - Cannot read IP mode file for STMicroelectronics.FP-SNS-MOTENVWB1.1.4.0
2024-09-18 17:40:59,471 [WARN] PackLoader:240 - Cannot read IP mode file for STMicroelectronics.X-CUBE-SMBUS.2.1.0
2024-09-18 17:40:59,478 [WARN] PackLoader:240 - Cannot read IP mode file for STMicroelectronics.X-CUBE-TOUCHGFX.4.23.2
2024-09-18 17:40:59,517 [WARN] PackLoader:240 - Cannot read IP mode file for STMicroelectronics.X-CUBE-AZRTOS-F7.1.1.0
2024-09-18 17:40:59,608 [WARN] PackLoader:240 - Cannot read IP mode file for STMicroelectronics.X-CUBE-MEMS1.11.0.0
2024-09-18 17:40:59,980 [WARN] PackLoader:240 - Cannot read IP mode file for STMicroelectronics.FP-SNS-FLIGHT1.5.0.2
2024-09-18 17:40:59,990 [WARN] PackLoader:240 - Cannot read IP mode file for STMicroelectronics.X-CUBE-DISPLAY.3.0.0
2024-09-18 17:41:00,009 [WARN] PackLoader:240 - Cannot read IP mode file for STMicroelectronics.X-CUBE-BLE1.7.0.0
2024-09-18 17:41:00,029 [WARN] PackLoader:240 - Cannot read IP mode file for emotas.I-CUBE-CANOPEN.1.3.0
2024-09-18 17:41:00,052 [WARN] PackLoader:240 - Cannot read IP mode file for STMicroelectronics.X-CUBE-BLEMGR.3.1.0
2024-09-18 17:41:00,072 [WARN] PackLoader:240 - Cannot read IP mode file for STMicroelectronics.FP-SNS-SMARTAG2.1.2.0
2024-09-18 17:41:00,087 [INFO] LogOutputStream:77 - [STDOUT_REDIRECT] 1 : Invalid condition id : UX_CORESTACK_Condition cause : null
2024-09-18 17:41:00,088 [INFO] LogOutputStream:77 - [STDOUT_REDIRECT] 1 : Invalid condition id : UX_CORESTACK_Condition cause : null
2024-09-18 17:41:00,090 [INFO] LogOutputStream:77 - [STDOUT_REDIRECT] 1 : Invalid condition id : UX_CORESTACK_Condition cause : null
2024-09-18 17:41:00,094 [INFO] LogOutputStream:77 - [STDOUT_REDIRECT] 1 : Invalid condition id : UX_CORESTACK_Condition cause : null
2024-09-18 17:41:00,096 [INFO] LogOutputStream:77 - [STDOUT_REDIRECT] 1 : Invalid condition id : UX_CORESTACK_Condition cause : null
2024-09-18 17:41:00,100 [WARN] PackLoader:240 - Cannot read IP mode file for STMicroelectronics.X-CUBE-AZRTOS-WL.2.0.0
2024-09-18 17:41:00,111 [WARN] PackLoader:240 - Cannot read IP mode file for STMicroelectronics.FP-SNS-MOTENV1.5.0.0
2024-09-18 17:41:00,122 [WARN] PackLoader:240 - Cannot read IP mode file for wolfSSL.I-CUBE-wolfMQTT.1.19.0
2024-09-18 17:41:00,150 [WARN] PackLoader:240 - Cannot read IP mode file for WES.I-CUBE-Cesium.1.3.0
2024-09-18 17:41:00,164 [WARN] PackLoader:240 - Cannot read IP mode file for STMicroelectronics.X-CUBE-BLE2.3.3.0
2024-09-18 17:41:00,180 [WARN] PackLoader:240 - Cannot read IP mode file for STMicroelectronics.X-CUBE-TCPP.4.1.0
2024-09-18 17:41:00,199 [WARN] PackLoader:240 - Cannot read IP mode file for STMicroelectronics.X-CUBE-ALGOBUILD.1.3.0
2024-09-18 17:41:00,235 [WARN] PackLoader:240 - Cannot read IP mode file for STMicroelectronics.X-CUBE-AZRTOS-G0.1.1.0
2024-09-18 17:41:00,252 [WARN] PackLoader:240 - Cannot read IP mode file for STMicroelectronics.X-CUBE-SAFEA1.1.2.2
2024-09-18 17:41:00,265 [WARN] PackLoader:240 - Cannot read IP mode file for STMicroelectronics.X-CUBE-NFC4.3.0.0
2024-09-18 17:41:00,281 [WARN] PackLoader:240 - Cannot read IP mode file for EmbeddedOffice.I-CUBE-FS-RTOS.1.0.1
2024-09-18 17:41:00,281 [ERROR] ConditionMgr:805 - Attr not supported : Dmpu
2024-09-18 17:41:00,282 [ERROR] ConditionMgr:805 - Attr not supported : Dmpu
2024-09-18 17:41:00,282 [ERROR] ConditionMgr:805 - Attr not supported : Dmpu
2024-09-18 17:41:00,282 [ERROR] ConditionMgr:805 - Attr not supported : Dmpu
2024-09-18 17:41:00,282 [ERROR] ConditionMgr:805 - Attr not supported : Dmpu
2024-09-18 17:41:00,282 [ERROR] ConditionMgr:805 - Attr not supported : Dmpu
2024-09-18 17:41:00,282 [ERROR] ConditionMgr:805 - Attr not supported : Dmpu
2024-09-18 17:41:00,282 [ERROR] ConditionMgr:805 - Attr not supported : Dmpu
2024-09-18 17:41:00,282 [ERROR] ConditionMgr:805 - Attr not supported : Dmpu
2024-09-18 17:41:00,283 [ERROR] ConditionMgr:805 - Attr not supported : Dmpu
2024-09-18 17:41:00,283 [ERROR] ConditionMgr:805 - Attr not supported : Dmpu
2024-09-18 17:41:00,283 [ERROR] ConditionMgr:805 - Attr not supported : Dmpu
2024-09-18 17:41:00,283 [ERROR] ConditionMgr:805 - Attr not supported : Dmpu
2024-09-18 17:41:00,283 [ERROR] ConditionMgr:805 - Attr not supported : Dmpu
2024-09-18 17:41:00,283 [ERROR] ConditionMgr:805 - Attr not supported : Dmpu
2024-09-18 17:41:00,283 [ERROR] ConditionMgr:805 - Attr not supported : Dmpu
2024-09-18 17:41:00,283 [ERROR] ConditionMgr:805 - Attr not supported : Dmpu
2024-09-18 17:41:00,283 [ERROR] ConditionMgr:805 - Attr not supported : Dmpu
2024-09-18 17:41:00,284 [ERROR] ConditionMgr:805 - Attr not supported : Dmpu
2024-09-18 17:41:00,284 [ERROR] ConditionMgr:805 - Attr not supported : Dmpu
2024-09-18 17:41:00,284 [ERROR] ConditionMgr:805 - Attr not supported : Dmpu
2024-09-18 17:41:00,284 [ERROR] ConditionMgr:805 - Attr not supported : Dmpu
2024-09-18 17:41:00,284 [ERROR] ConditionMgr:805 - Attr not supported : Dmpu
2024-09-18 17:41:00,284 [ERROR] ConditionMgr:805 - Attr not supported : Dmpu
2024-09-18 17:41:00,284 [ERROR] ConditionMgr:805 - Attr not supported : Dmpu
2024-09-18 17:41:00,284 [ERROR] ConditionMgr:805 - Attr not supported : Dmpu
2024-09-18 17:41:00,284 [ERROR] ConditionMgr:805 - Attr not supported : Dmpu
2024-09-18 17:41:00,285 [ERROR] ConditionMgr:805 - Attr not supported : Dmpu
2024-09-18 17:41:00,285 [ERROR] ConditionMgr:805 - Attr not supported : Dmpu
2024-09-18 17:41:00,285 [ERROR] ConditionMgr:805 - Attr not supported : Dmpu
2024-09-18 17:41:00,285 [ERROR] ConditionMgr:805 - Attr not supported : Dmpu
2024-09-18 17:41:00,285 [ERROR] ConditionMgr:805 - Attr not supported : Dmpu
2024-09-18 17:41:00,285 [ERROR] ConditionMgr:805 - Attr not supported : Dmpu
2024-09-18 17:41:00,285 [ERROR] ConditionMgr:805 - Attr not supported : Dmpu
2024-09-18 17:41:00,285 [ERROR] ConditionMgr:805 - Attr not supported : Dmpu
2024-09-18 17:41:00,285 [ERROR] ConditionMgr:805 - Attr not supported : Dmpu
2024-09-18 17:41:00,285 [ERROR] ConditionMgr:805 - Attr not supported : Dmpu
2024-09-18 17:41:00,285 [ERROR] ConditionMgr:805 - Attr not supported : Dmpu
2024-09-18 17:41:00,286 [ERROR] ConditionMgr:805 - Attr not supported : Dmpu
2024-09-18 17:41:00,286 [ERROR] ConditionMgr:805 - Attr not supported : Dmpu
2024-09-18 17:41:00,286 [ERROR] ConditionMgr:805 - Attr not supported : Dmpu
2024-09-18 17:41:00,286 [ERROR] ConditionMgr:805 - Attr not supported : Dmpu
2024-09-18 17:41:00,286 [ERROR] ConditionMgr:805 - Attr not supported : Dmpu
2024-09-18 17:41:00,286 [ERROR] ConditionMgr:805 - Attr not supported : Dmpu
2024-09-18 17:41:00,286 [ERROR] ConditionMgr:805 - Attr not supported : Dmpu
2024-09-18 17:41:00,286 [ERROR] ConditionMgr:805 - Attr not supported : Dmpu
2024-09-18 17:41:00,286 [ERROR] ConditionMgr:805 - Attr not supported : Dmpu
2024-09-18 17:41:00,286 [ERROR] ConditionMgr:805 - Attr not supported : Dmpu
2024-09-18 17:41:00,287 [ERROR] ConditionMgr:805 - Attr not supported : Dmpu
2024-09-18 17:41:00,287 [ERROR] ConditionMgr:805 - Attr not supported : Dmpu
2024-09-18 17:41:00,287 [ERROR] ConditionMgr:805 - Attr not supported : Dmpu
2024-09-18 17:41:00,287 [ERROR] ConditionMgr:805 - Attr not supported : Dmpu
2024-09-18 17:41:00,287 [ERROR] ConditionMgr:805 - Attr not supported : Dmpu
2024-09-18 17:41:00,287 [ERROR] ConditionMgr:805 - Attr not supported : Dmpu
2024-09-18 17:41:00,287 [ERROR] ConditionMgr:805 - Attr not supported : Dmpu
2024-09-18 17:41:00,287 [ERROR] ConditionMgr:805 - Attr not supported : Dmpu
2024-09-18 17:41:00,287 [ERROR] ConditionMgr:805 - Attr not supported : Dmpu
2024-09-18 17:41:00,287 [ERROR] ConditionMgr:805 - Attr not supported : Dmpu
2024-09-18 17:41:00,288 [ERROR] ConditionMgr:805 - Attr not supported : Dmpu
2024-09-18 17:41:00,288 [ERROR] ConditionMgr:805 - Attr not supported : Dmpu
2024-09-18 17:41:00,288 [ERROR] ConditionMgr:805 - Attr not supported : Dmpu
2024-09-18 17:41:00,288 [ERROR] ConditionMgr:805 - Attr not supported : Dmpu
2024-09-18 17:41:00,288 [ERROR] ConditionMgr:805 - Attr not supported : Dmpu
2024-09-18 17:41:00,288 [ERROR] ConditionMgr:805 - Attr not supported : Dmpu
2024-09-18 17:41:00,301 [WARN] PackLoader:240 - Cannot read IP mode file for RealThread.X-CUBE-RT-Thread_Nano.4.1.1
2024-09-18 17:41:00,307 [WARN] PackLoader:240 - Cannot read IP mode file for wolfSSL.I-CUBE-wolfSSL.5.7.0
2024-09-18 17:41:00,316 [WARN] PackLoader:240 - Cannot read IP mode file for STMicroelectronics.FP-ATR-SIGFOX1.3.2.0
2024-09-18 17:41:00,326 [WARN] PackLoader:240 - Cannot read IP mode file for STMicroelectronics.X-CUBE-EEPRMA1.5.1.0
2024-09-18 17:41:00,340 [WARN] PackLoader:240 - Cannot read IP mode file for ITTIA_DB.I-CUBE-ITTIADB.8.9.0
2024-09-18 17:41:00,386 [WARN] PackLoader:240 - Cannot read IP mode file for SEGGER.I-CUBE-embOS.1.3.1
2024-09-18 17:41:00,464 [WARN] PackLoader:240 - Cannot read IP mode file for STMicroelectronics.X-CUBE-ALGOBUILD.1.4.0
2024-09-18 17:41:00,473 [WARN] PackLoader:240 - Cannot read IP mode file for STMicroelectronics.X-CUBE-GNSS1.6.0.0
2024-09-18 17:41:00,498 [WARN] PackLoader:240 - Cannot read IP mode file for STMicroelectronics.X-CUBE-AZRTOS-F4.1.1.0
2024-09-18 17:41:00,507 [WARN] PackLoader:240 - Cannot read IP mode file for STMicroelectronics.X-CUBE-ISPU.2.1.0
2024-09-18 17:41:00,516 [WARN] PackLoader:240 - Cannot read IP mode file for STMicroelectronics.X-CUBE-FREERTOS.1.2.0
2024-09-18 17:41:00,544 [WARN] PackLoader:240 - Cannot read IP mode file for STMicroelectronics.X-CUBE-AZRTOS-L5.2.0.0
2024-09-18 17:41:00,555 [WARN] PackLoader:240 - Cannot read IP mode file for STMicroelectronics.X-CUBE-NFC6.3.1.0
2024-09-18 17:41:00,567 [WARN] PackLoader:240 - Cannot read IP mode file for STMicroelectronics.X-CUBE-DPower.1.2.0
2024-09-18 17:41:00,573 [WARN] PackLoader:240 - Cannot read IP mode file for STMicroelectronics.X-CUBE-AI.9.0.0
2024-09-18 17:41:00,581 [WARN] PackLoader:240 - Cannot read IP mode file for STMicroelectronics.X-CUBE-NFC7.1.0.1
2024-09-18 17:41:00,587 [WARN] PackLoader:240 - Cannot read IP mode file for wolfSSL.I-CUBE-wolfTPM.3.2.0
2024-09-18 17:41:00,592 [WARN] PackLoader:240 - Cannot read IP mode file for STMicroelectronics.X-CUBE-AI.8.1.0
2024-09-18 17:41:00,616 [WARN] ConditionMgr:438 - getConditionDescription Invalid condition id : LAN8742 Phy interface Condition cause : null
2024-09-18 17:41:00,617 [WARN] PackLoader:240 - Cannot read IP mode file for STMicroelectronics.X-CUBE-AZRTOS-L4.2.0.0
2024-09-18 17:41:00,618 [WARN] ConditionMgr:1039 - genDependencies : Invalid condition id : LAN8742 Phy interface Condition cause : null
2024-09-18 17:41:00,618 [WARN] ConditionMgr:1039 - genDependencies : Invalid condition id : LAN8742 Phy interface Condition cause : null
2024-09-18 17:41:00,619 [WARN] ConditionMgr:1039 - genDependencies : Invalid condition id : LAN8742 Phy interface Condition cause : null
2024-09-18 17:41:00,631 [WARN] PackLoader:240 - Cannot read IP mode file for STMicroelectronics.X-CUBE-SFXS2LP1.4.0.0
2024-09-18 17:41:00,658 [WARN] PackLoader:240 - Cannot read IP mode file for STMicroelectronics.X-CUBE-AZRTOS-H7.3.3.0
2024-09-18 17:41:00,675 [WARN] ConditionMgr:438 - getConditionDescription Invalid condition id : UX DEVICE CLASS RTOS Condition cause : null
2024-09-18 17:41:00,677 [WARN] ConditionMgr:438 - getConditionDescription Invalid condition id : UX DEVICE CLASS RTOS Condition cause : null
2024-09-18 17:41:00,679 [WARN] PackLoader:240 - Cannot read IP mode file for STMicroelectronics.X-CUBE-AZRTOS-WB.2.0.0
2024-09-18 17:41:00,679 [WARN] ConditionMgr:1039 - genDependencies : Invalid condition id : UX DEVICE CLASS RTOS Condition cause : null
2024-09-18 17:41:00,680 [WARN] ConditionMgr:1039 - genDependencies : Invalid condition id : UX DEVICE CLASS RTOS Condition cause : null
2024-09-18 17:41:00,680 [WARN] ConditionMgr:1039 - genDependencies : Invalid condition id : UX DEVICE CLASS RTOS Condition cause : null
2024-09-18 17:41:00,680 [WARN] ConditionMgr:1039 - genDependencies : Invalid condition id : UX DEVICE CLASS RTOS Condition cause : null
2024-09-18 17:41:00,680 [WARN] ConditionMgr:1039 - genDependencies : Invalid condition id : UX DEVICE CLASS RTOS Condition cause : null
2024-09-18 17:41:00,686 [WARN] PackLoader:240 - Cannot read IP mode file for STMicroelectronics.X-CUBE-GNSS1.7.0.0
2024-09-18 17:41:00,695 [WARN] PackLoader:240 - Cannot read IP mode file for STMicroelectronics.FP-SNS-STBOX1.2.0.0
2024-09-18 17:41:00,707 [WARN] PackLoader:240 - Cannot read IP mode file for STMicroelectronics.X-CUBE-SUBG2.5.0.0
2024-09-18 17:41:00,720 [WARN] PackLoader:240 - Cannot read IP mode file for Cesanta.I-CUBE-Mongoose.7.13.0
2024-09-18 17:41:00,738 [WARN] PackLoader:240 - Cannot read IP mode file for STMicroelectronics.X-CUBE-AZRTOS-G4.2.0.0
2024-09-18 17:41:00,745 [WARN] PackLoader:240 - Cannot read IP mode file for STMicroelectronics.FP-SNS-MOTENVWB1.1.3.1
2024-09-18 17:41:00,751 [WARN] PackLoader:240 - Cannot read IP mode file for STMicroelectronics.X-CUBE-ISPU.2.0.0
2024-09-18 17:41:00,764 [WARN] PackLoader:240 - Cannot read IP mode file for STMicroelectronics.X-CUBE-ALS.1.0.2
2024-09-18 17:41:00,802 [WARN] PackLoader:240 - Cannot read IP mode file for STMicroelectronics.X-CUBE-MEMS1.10.0.0
2024-09-18 17:41:00,938 [WARN] PackLoader:240 - Cannot read IP mode file for STMicroelectronics.X-CUBE-FREERTOS.1.1.0
2024-09-18 17:41:00,943 [WARN] PackLoader:240 - Cannot read IP mode file for STMicroelectronics.X-CUBE-TOUCHGFX.4.24.0
2024-09-18 17:41:00,952 [WARN] PackLoader:240 - Cannot read IP mode file for portGmbH.I-Cube-SoM-uGOAL.1.1.0
2024-09-18 17:41:00,958 [WARN] PackLoader:240 - Cannot read IP mode file for STMicroelectronics.X-CUBE-ALS.1.0.1
2024-09-18 17:41:00,981 [WARN] PackLoader:240 - Cannot read IP mode file for STMicroelectronics.X-CUBE-AZRTOS-H7RS.1.0.0
2024-09-18 17:41:00,988 [WARN] PackLoader:240 - Cannot read IP mode file for STMicroelectronics.FP-ATR-ASTRA1.2.0.0
2024-09-18 17:41:01,000 [WARN] PackLoader:240 - Cannot read IP mode file for STMicroelectronics.X-CUBE-TOF1.3.4.2
2024-09-18 17:41:01,039 [WARN] PackLoader:240 - Cannot read IP mode file for STMicroelectronics.X-CUBE-TOF1.3.4.1
2024-09-18 17:41:01,079 [WARN] PackLoader:240 - Cannot read IP mode file for STMicroelectronics.X-CUBE-AZRTOS-H7.3.2.0
2024-09-18 17:41:01,110 [WARN] PackLoader:240 - Cannot read IP mode file for Infineon.AIROC-Wi-Fi-Bluetooth-STM32.1.6.0
2024-09-18 17:41:01,126 [WARN] PackLoader:240 - Cannot read IP mode file for wolfSSL.I-CUBE-wolfSSH.1.4.17
2024-09-18 17:41:01,128 [INFO] ThirdParty:978 - Integrity check success = true
2024-09-18 17:41:01,128 [INFO] IntegrityCheckThread:100 - exiting critical section [integrity check]
2024-09-18 17:41:01,128 [INFO] IntegrityCheckThread:103 - End integrity checks thread
