2024-09-25 10:50:36,888 [INFO] Activator:176 - 


2024-09-25 10:50:36,897 [INFO] Activator:177 - !SESSION log4j initialized
2024-09-25 10:50:44,033 [INFO] LogOutputStream:77 - [STDOUT_REDIRECT] 
2024-09-25 10:50:45,280 [INFO] ApplicationProperties:184 - Using Application install path: C:\ST\STM32CubeIDE_1.4.0\STM32CubeIDE\plugins\com.st.stm32cube.common.mx_6.12.1.202409122256
2024-09-25 10:50:45,305 [INFO] DbMcusXml:78 - Set database path to: C:\ST\STM32CubeIDE_1.4.0\STM32CubeIDE\plugins\com.st.stm32cube.common.mx_6.12.1.202409122256\\db\/mcu/
2024-09-25 10:50:45,305 [INFO] ApiDb:274 - Set plugin database path to: C:\ST\STM32CubeIDE_1.4.0\STM32CubeIDE\plugins\com.st.stm32cube.common.mx_6.12.1.202409122256\\db\/plugins/boardmanager/
2024-09-25 10:50:45,306 [WARN] ApiDb:259 - Overriding images path with different value:  => C:\ST\STM32CubeIDE_1.4.0\STM32CubeIDE\plugins\com.st.stm32cube.common.mx_6.12.1.202409122256\\db\/plugins/mcufinder/images/
2024-09-25 10:50:45,324 [INFO] ApiDb:250 - Set database path to: C:\Users\Abhishek\.stmcufinder\plugins\mcufinder//mcu/
2024-09-25 10:50:45,325 [INFO] DbMcusAds:125 - Set database path to: C:\Users\Abhishek\.stmcufinder\plugins\mcufinder//mcu/
2024-09-25 10:50:45,329 [INFO] CrossReferenceDbSqlite:203 - Set database path to: C:\Users\Abhishek\.stmcufinder\plugins\mcufinder//mcu/cs/
2024-09-25 10:50:45,480 [INFO] RulesReader:64 - Compatibility file has been processed (297 Rules)
2024-09-25 10:50:45,642 [INFO] DbMcusXml:78 - Set database path to: C:\ST\STM32CubeIDE_1.4.0\STM32CubeIDE\plugins\com.st.stm32cube.common.mx_6.12.1.202409122256\\db\/mcu/
2024-09-25 10:50:45,642 [INFO] ApiDb:274 - Set plugin database path to: C:\ST\STM32CubeIDE_1.4.0\STM32CubeIDE\plugins\com.st.stm32cube.common.mx_6.12.1.202409122256\\db\/plugins/boardmanager/
2024-09-25 10:50:45,642 [INFO] ApiDb:261 - Set plugin images path to: C:\ST\STM32CubeIDE_1.4.0\STM32CubeIDE\plugins\com.st.stm32cube.common.mx_6.12.1.202409122256\\db\/plugins/mcufinder/images/
2024-09-25 10:50:45,642 [WARN] DbFile:41 - Overriding database path with different value: C:\Users\Abhishek\.stmcufinder\plugins\mcufinder/ => C:\Users\Abhishek\.stmcufinder\plugins\mcufinder
2024-09-25 10:50:45,642 [INFO] ApiDb:250 - Set database path to: C:\Users\Abhishek\.stmcufinder\plugins\mcufinder//mcu/
2024-09-25 10:50:45,643 [WARN] DbFile:41 - Overriding database path with different value: C:\Users\Abhishek\.stmcufinder\plugins\mcufinder/ => C:\Users\Abhishek\.stmcufinder\plugins\mcufinder
2024-09-25 10:50:45,643 [INFO] DbMcusAds:125 - Set database path to: C:\Users\Abhishek\.stmcufinder\plugins\mcufinder//mcu/
2024-09-25 10:50:45,643 [WARN] DbFile:41 - Overriding database path with different value: C:\Users\Abhishek\.stmcufinder\plugins\mcufinder/ => C:\Users\Abhishek\.stmcufinder\plugins\mcufinder
2024-09-25 10:50:45,643 [WARN] DbFile:41 - Overriding database path with different value: C:\Users\Abhishek\.stmcufinder\plugins\mcufinder/ => C:\Users\Abhishek\.stmcufinder\plugins\mcufinder
2024-09-25 10:50:45,643 [INFO] CrossReferenceDbSqlite:203 - Set database path to: C:\Users\Abhishek\.stmcufinder\plugins\mcufinder//mcu/cs/
2024-09-25 10:50:45,829 [INFO] MainPanel:268 - HeapMemory: 268435456
2024-09-25 10:50:46,098 [INFO] DbMcusXml:78 - Set database path to: C:\ST\STM32CubeIDE_1.4.0\STM32CubeIDE\plugins\com.st.stm32cube.common.mx_6.12.1.202409122256\\db\/mcu/
2024-09-25 10:50:46,099 [INFO] ApiDb:274 - Set plugin database path to: C:\ST\STM32CubeIDE_1.4.0\STM32CubeIDE\plugins\com.st.stm32cube.common.mx_6.12.1.202409122256\\db\/plugins/boardmanager/
2024-09-25 10:50:46,099 [INFO] ApiDb:261 - Set plugin images path to: C:\ST\STM32CubeIDE_1.4.0\STM32CubeIDE\plugins\com.st.stm32cube.common.mx_6.12.1.202409122256\\db\/plugins/mcufinder/images/
2024-09-25 10:50:46,099 [WARN] DbFile:41 - Overriding database path with different value: C:\Users\Abhishek\.stmcufinder\plugins\mcufinder/ => C:\Users\Abhishek\.stmcufinder\plugins\mcufinder
2024-09-25 10:50:46,099 [INFO] ApiDb:250 - Set database path to: C:\Users\Abhishek\.stmcufinder\plugins\mcufinder//mcu/
2024-09-25 10:50:46,099 [WARN] DbFile:41 - Overriding database path with different value: C:\Users\Abhishek\.stmcufinder\plugins\mcufinder/ => C:\Users\Abhishek\.stmcufinder\plugins\mcufinder
2024-09-25 10:50:46,099 [INFO] DbMcusAds:125 - Set database path to: C:\Users\Abhishek\.stmcufinder\plugins\mcufinder//mcu/
2024-09-25 10:50:46,099 [WARN] DbFile:41 - Overriding database path with different value: C:\Users\Abhishek\.stmcufinder\plugins\mcufinder/ => C:\Users\Abhishek\.stmcufinder\plugins\mcufinder
2024-09-25 10:50:46,099 [WARN] DbFile:41 - Overriding database path with different value: C:\Users\Abhishek\.stmcufinder\plugins\mcufinder/ => C:\Users\Abhishek\.stmcufinder\plugins\mcufinder
2024-09-25 10:50:46,100 [INFO] CrossReferenceDbSqlite:203 - Set database path to: C:\Users\Abhishek\.stmcufinder\plugins\mcufinder//mcu/cs/
2024-09-25 10:50:46,138 [INFO] ApplicationProperties:184 - Using Application install path: C:\ST\STM32CubeIDE_1.4.0\STM32CubeIDE\plugins\com.st.stm32cube.common.mx_6.12.1.202409122256
2024-09-25 10:50:46,140 [INFO] PluginManage:196 - Search for loadable plugins [exclusion list=, ]
2024-09-25 10:50:46,142 [INFO] PluginManage:310 - Check plugin analytics
2024-09-25 10:50:46,385 [INFO] AnalyticsPlugin:253 - Accepted Software Licenses: STM32CubeMX.6.1.0,STM32CubeMX.6.4.0,STM32CubeMX.6.2.0,STM32CubeMX.6.10.0
2024-09-25 10:50:46,385 [INFO] AnalyticsPlugin:255 - Accepted CMSIS Pack Licenses: 
2024-09-25 10:50:46,386 [INFO] AnalyticsPlugin:257 - Accepted Firmware Licenses: 
2024-09-25 10:50:46,389 [INFO] PluginManage:359 - Loaded plugin analytics (category:tool,tabindex:-1)
2024-09-25 10:50:46,389 [INFO] PluginManage:310 - Check plugin cadmodel
2024-09-25 10:50:46,402 [INFO] CADModel:105 - Init CAD model plugin
2024-09-25 10:50:46,402 [INFO] PluginManage:359 - Loaded plugin cadmodel (category:power,tabindex:5)
2024-09-25 10:50:46,402 [INFO] PluginManage:310 - Check plugin clock
2024-09-25 10:50:46,423 [INFO] PluginManage:359 - Loaded plugin clock (category:base,tabindex:2)
2024-09-25 10:50:46,423 [INFO] PluginManage:310 - Check plugin ddr
2024-09-25 10:50:46,428 [INFO] PluginManage:359 - Loaded plugin ddr (category:tool,tabindex:6)
2024-09-25 10:50:46,428 [INFO] PluginManage:310 - Check plugin filemanager
2024-09-25 10:50:46,638 [INFO] PluginManage:359 - Loaded plugin filemanager (category:base,tabindex:10)
2024-09-25 10:50:46,639 [INFO] PluginManage:310 - Check plugin ipmanager
2024-09-25 10:50:46,648 [INFO] PluginManage:359 - Loaded plugin ipmanager (category:base,tabindex:5)
2024-09-25 10:50:46,648 [INFO] PluginManage:310 - Check plugin lpbam
2024-09-25 10:50:46,678 [INFO] PluginManage:359 - Loaded plugin lpbam (category:base,tabindex:0)
2024-09-25 10:50:46,678 [INFO] PluginManage:310 - Check plugin memorymap
2024-09-25 10:50:46,719 [INFO] PluginManage:359 - Loaded plugin memorymap (category:base,tabindex:4)
2024-09-25 10:50:46,720 [INFO] PluginManage:310 - Check plugin pinoutandconfiguration
2024-09-25 10:50:46,733 [INFO] PluginManage:359 - Loaded plugin pinoutandconfiguration (category:base,tabindex:1)
2024-09-25 10:50:46,733 [INFO] PluginManage:310 - Check plugin pinoutconfig
2024-09-25 10:50:46,872 [WARN] SupportedApi:132 - Cannot load RTOS API schema: s4s-elt-must-match.1: The content of 'definitions' must match (annotation?, (simpleType | complexType)?, (unique | key | keyref)*)). A problem was found starting at: attribute.
2024-09-25 10:50:47,043 [INFO] PluginManage:359 - Loaded plugin pinoutconfig (category:base,tabindex:0)
2024-09-25 10:50:47,043 [INFO] PluginManage:310 - Check plugin power
2024-09-25 10:50:47,064 [INFO] PluginManage:359 - Loaded plugin power (category:power,tabindex:4)
2024-09-25 10:50:47,064 [INFO] PluginManage:310 - Check plugin projectmanager
2024-09-25 10:50:47,081 [INFO] PluginManage:359 - Loaded plugin projectmanager (category:projectmanager,tabindex:4)
2024-09-25 10:50:47,081 [INFO] PluginManage:310 - Check plugin rif
2024-09-25 10:50:47,135 [INFO] PluginManage:359 - Loaded plugin rif (category:base,tabindex:3)
2024-09-25 10:50:47,135 [INFO] PluginManage:310 - Check plugin thirdparty
2024-09-25 10:50:47,295 [WARN] IntegrityCheckThread:84 - waiting for thirdparty lock release [integrity check]
2024-09-25 10:50:47,296 [INFO] PluginManage:359 - Loaded plugin thirdparty (category:base,tabindex:-1)
2024-09-25 10:50:47,296 [INFO] IntegrityCheckThread:86 - entering critical section [integrity check]
2024-09-25 10:50:47,296 [INFO] PluginManage:310 - Check plugin tools
2024-09-25 10:50:47,297 [INFO] ThirdPartyUpdaterWithRetryManager:70 - Updater plugin not ready yet. [1/15]
2024-09-25 10:50:47,302 [INFO] PluginManage:359 - Loaded plugin tools (category:base,tabindex:7)
2024-09-25 10:50:47,302 [INFO] PluginManage:310 - Check plugin tutovideos
2024-09-25 10:50:48,448 [INFO] PluginManage:359 - Loaded plugin tutovideos (category:base,tabindex:-1)
2024-09-25 10:50:48,449 [INFO] PluginManage:310 - Check plugin updater
2024-09-25 10:50:48,468 [INFO] PluginManage:359 - Loaded plugin updater (category:base,tabindex:12)
2024-09-25 10:50:48,468 [INFO] PluginManage:310 - Check plugin userauth
2024-09-25 10:50:48,476 [INFO] UserAuth:113 - Init User Auth plugin
2024-09-25 10:50:48,476 [INFO] PluginManage:359 - Loaded plugin userauth (category:base,tabindex:14)
2024-09-25 10:50:48,476 [INFO] PluginManage:283 - PluginManage : Loaded plugins [18]
2024-09-25 10:50:48,725 [INFO] PinOutPanel:1561 - setPackage(No Configuration,No Configuration)
2024-09-25 10:50:48,835 [INFO] CADModel:165 - CPN selected for project level
2024-09-25 10:50:48,835 [INFO] CADModel:114 - Register for checkConnection events
2024-09-25 10:50:48,864 [INFO] IPUIPlugin:80 - create IPUIPlugin
2024-09-25 10:50:48,865 [INFO] PluginManager:220 - loadIPPluginJar : add adc
2024-09-25 10:50:48,870 [INFO] IPUIPlugin:80 - create IPUIPlugin
2024-09-25 10:50:48,871 [INFO] PluginManager:220 - loadIPPluginJar : add aes
2024-09-25 10:50:48,882 [INFO] IPUIPlugin:80 - create IPUIPlugin
2024-09-25 10:50:48,882 [INFO] PluginManager:220 - loadIPPluginJar : add can
2024-09-25 10:50:48,886 [INFO] IPUIPlugin:80 - create IPUIPlugin
2024-09-25 10:50:48,886 [INFO] PluginManager:220 - loadIPPluginJar : add comp
2024-09-25 10:50:48,891 [INFO] IPUIPlugin:80 - create IPUIPlugin
2024-09-25 10:50:48,891 [INFO] PluginManager:220 - loadIPPluginJar : add cryp
2024-09-25 10:50:48,897 [INFO] IPUIPlugin:80 - create IPUIPlugin
2024-09-25 10:50:48,897 [INFO] PluginManager:220 - loadIPPluginJar : add ddr_ctrl_phy
2024-09-25 10:50:48,902 [INFO] IPUIPlugin:80 - create IPUIPlugin
2024-09-25 10:50:48,902 [INFO] PluginManager:220 - loadIPPluginJar : add dfsdm
2024-09-25 10:50:48,915 [INFO] IPUIPlugin:80 - create IPUIPlugin
2024-09-25 10:50:48,916 [INFO] PluginManager:220 - loadIPPluginJar : add dma
2024-09-25 10:50:48,921 [INFO] IPUIPlugin:80 - create IPUIPlugin
2024-09-25 10:50:48,922 [INFO] PluginManager:220 - loadIPPluginJar : add dma3
2024-09-25 10:50:48,928 [INFO] IPUIPlugin:80 - create IPUIPlugin
2024-09-25 10:50:48,928 [INFO] PluginManager:220 - loadIPPluginJar : add extmemmanager
2024-09-25 10:50:48,933 [INFO] IPUIPlugin:80 - create IPUIPlugin
2024-09-25 10:50:48,933 [INFO] PluginManager:220 - loadIPPluginJar : add fatfs
2024-09-25 10:50:48,941 [INFO] IPUIPlugin:80 - create IPUIPlugin
2024-09-25 10:50:48,941 [INFO] PluginManager:220 - loadIPPluginJar : add fmc
2024-09-25 10:50:48,986 [INFO] IPUIPlugin:80 - create IPUIPlugin
2024-09-25 10:50:48,986 [INFO] PluginManager:220 - loadIPPluginJar : add freertos
2024-09-25 10:50:48,990 [INFO] IPUIPlugin:80 - create IPUIPlugin
2024-09-25 10:50:48,990 [INFO] PluginManager:220 - loadIPPluginJar : add genericplugin
2024-09-25 10:50:48,997 [INFO] IPUIPlugin:80 - create IPUIPlugin
2024-09-25 10:50:48,998 [INFO] PluginManager:220 - loadIPPluginJar : add gfxmmu
2024-09-25 10:50:49,010 [INFO] IPUIPlugin:80 - create IPUIPlugin
2024-09-25 10:50:49,010 [INFO] PluginManager:220 - loadIPPluginJar : add gic
2024-09-25 10:50:49,029 [INFO] IPUIPlugin:80 - create IPUIPlugin
2024-09-25 10:50:49,029 [INFO] PluginManager:220 - loadIPPluginJar : add gpio
2024-09-25 10:50:49,038 [INFO] IPUIPlugin:80 - create IPUIPlugin
2024-09-25 10:50:49,038 [INFO] PluginManager:220 - loadIPPluginJar : add gtzc
2024-09-25 10:50:49,044 [INFO] IPUIPlugin:80 - create IPUIPlugin
2024-09-25 10:50:49,044 [INFO] PluginManager:220 - loadIPPluginJar : add hash
2024-09-25 10:50:49,051 [INFO] IPUIPlugin:80 - create IPUIPlugin
2024-09-25 10:50:49,051 [INFO] PluginManager:220 - loadIPPluginJar : add i2c
2024-09-25 10:50:49,057 [INFO] IPUIPlugin:80 - create IPUIPlugin
2024-09-25 10:50:49,057 [INFO] PluginManager:220 - loadIPPluginJar : add i2s
2024-09-25 10:50:49,064 [INFO] IPUIPlugin:80 - create IPUIPlugin
2024-09-25 10:50:49,064 [INFO] PluginManager:220 - loadIPPluginJar : add i3c
2024-09-25 10:50:49,073 [INFO] IPUIPlugin:80 - create IPUIPlugin
2024-09-25 10:50:49,074 [INFO] PluginManager:220 - loadIPPluginJar : add ipddr
2024-09-25 10:50:49,092 [INFO] IPUIPlugin:80 - create IPUIPlugin
2024-09-25 10:50:49,092 [INFO] PluginManager:220 - loadIPPluginJar : add linkedlist
2024-09-25 10:50:49,097 [INFO] IPUIPlugin:80 - create IPUIPlugin
2024-09-25 10:50:49,097 [INFO] PluginManager:220 - loadIPPluginJar : add lorawan
2024-09-25 10:50:49,102 [INFO] IPUIPlugin:80 - create IPUIPlugin
2024-09-25 10:50:49,102 [INFO] PluginManager:220 - loadIPPluginJar : add ltdc
2024-09-25 10:50:49,123 [INFO] IPUIPlugin:80 - create IPUIPlugin
2024-09-25 10:50:49,123 [INFO] PluginManager:220 - loadIPPluginJar : add mdma
2024-09-25 10:50:49,138 [INFO] IPUIPlugin:80 - create IPUIPlugin
2024-09-25 10:50:49,138 [INFO] PluginManager:220 - loadIPPluginJar : add nvic
2024-09-25 10:50:49,145 [INFO] IPUIPlugin:80 - create IPUIPlugin
2024-09-25 10:50:49,145 [INFO] PluginManager:220 - loadIPPluginJar : add opamp
2024-09-25 10:50:49,153 [INFO] IPUIPlugin:80 - create IPUIPlugin
2024-09-25 10:50:49,153 [INFO] PluginManager:220 - loadIPPluginJar : add openamp
2024-09-25 10:50:49,160 [INFO] IPUIPlugin:80 - create IPUIPlugin
2024-09-25 10:50:49,160 [INFO] PluginManager:220 - loadIPPluginJar : add pdm2pcm
2024-09-25 10:50:49,178 [INFO] IPUIPlugin:80 - create IPUIPlugin
2024-09-25 10:50:49,180 [INFO] PluginManager:220 - loadIPPluginJar : add plateformsettings
2024-09-25 10:50:49,184 [INFO] IPUIPlugin:80 - create IPUIPlugin
2024-09-25 10:50:49,184 [INFO] PluginManager:220 - loadIPPluginJar : add quadspi
2024-09-25 10:50:49,188 [INFO] IPUIPlugin:80 - create IPUIPlugin
2024-09-25 10:50:49,190 [INFO] PluginManager:220 - loadIPPluginJar : add radio
2024-09-25 10:50:49,234 [INFO] IPUIPlugin:80 - create IPUIPlugin
2024-09-25 10:50:49,235 [INFO] PluginManager:220 - loadIPPluginJar : add resmgrutility
2024-09-25 10:50:49,242 [INFO] IPUIPlugin:80 - create IPUIPlugin
2024-09-25 10:50:49,242 [INFO] PluginManager:220 - loadIPPluginJar : add sai
2024-09-25 10:50:49,248 [INFO] IPUIPlugin:80 - create IPUIPlugin
2024-09-25 10:50:49,248 [INFO] PluginManager:220 - loadIPPluginJar : add spi
2024-09-25 10:50:49,259 [INFO] IPUIPlugin:80 - create IPUIPlugin
2024-09-25 10:50:49,259 [INFO] PluginManager:220 - loadIPPluginJar : add stm32_wpan
2024-09-25 10:50:49,263 [INFO] IPUIPlugin:80 - create IPUIPlugin
2024-09-25 10:50:49,263 [INFO] PluginManager:220 - loadIPPluginJar : add tim
2024-09-25 10:50:49,273 [INFO] IPUIPlugin:80 - create IPUIPlugin
2024-09-25 10:50:49,273 [INFO] PluginManager:220 - loadIPPluginJar : add touchsensing
2024-09-25 10:50:49,277 [INFO] IPUIPlugin:80 - create IPUIPlugin
2024-09-25 10:50:49,277 [INFO] PluginManager:220 - loadIPPluginJar : add tracer_emb
2024-09-25 10:50:49,282 [INFO] IPUIPlugin:80 - create IPUIPlugin
2024-09-25 10:50:49,282 [INFO] PluginManager:220 - loadIPPluginJar : add ts
2024-09-25 10:50:49,286 [INFO] IPUIPlugin:80 - create IPUIPlugin
2024-09-25 10:50:49,286 [INFO] PluginManager:220 - loadIPPluginJar : add tsc
2024-09-25 10:50:49,291 [INFO] IPUIPlugin:80 - create IPUIPlugin
2024-09-25 10:50:49,292 [INFO] PluginManager:220 - loadIPPluginJar : add ucpd
2024-09-25 10:50:49,298 [INFO] IPUIPlugin:80 - create IPUIPlugin
2024-09-25 10:50:49,298 [INFO] PluginManager:220 - loadIPPluginJar : add usart
2024-09-25 10:50:49,304 [INFO] IPUIPlugin:80 - create IPUIPlugin
2024-09-25 10:50:49,304 [INFO] PluginManager:220 - loadIPPluginJar : add usbx
2024-09-25 10:50:49,444 [INFO] CADModel:165 - CPN selected for project level
2024-09-25 10:50:49,444 [INFO] CADModel:114 - Register for checkConnection events
2024-09-25 10:50:49,444 [FATAL] Updater:334 - Updater called before beeing initialized
2024-09-25 10:50:49,445 [ERROR] CADModel:125 - Updater not yet initialized, retry later 
2024-09-25 10:50:49,646 [INFO] CADModel:165 - CPN selected for project level
2024-09-25 10:50:49,646 [INFO] CADModel:114 - Register for checkConnection events
2024-09-25 10:50:49,646 [FATAL] Updater:334 - Updater called before beeing initialized
2024-09-25 10:50:49,646 [ERROR] CADModel:125 - Updater not yet initialized, retry later 
2024-09-25 10:50:49,653 [FATAL] Updater:334 - Updater called before beeing initialized
2024-09-25 10:50:49,790 [FATAL] Updater:334 - Updater called before beeing initialized
2024-09-25 10:50:49,795 [INFO] DbMcusAds:53 - JSON generation date=Fri Sep 20 18:34:23 IST 2024 (1726837463113)
2024-09-25 10:50:49,795 [FATAL] Updater:334 - Updater called before beeing initialized
2024-09-25 10:50:49,850 [WARN] DetailPanel:346 - Failed to get advertising image, set to default
2024-09-25 10:50:49,954 [FATAL] Updater:334 - Updater called before beeing initialized
2024-09-25 10:50:49,956 [FATAL] Updater:334 - Updater called before beeing initialized
2024-09-25 10:50:49,956 [FATAL] Updater:334 - Updater called before beeing initialized
2024-09-25 10:50:49,956 [WARN] DetailPanel:346 - Failed to get advertising image, set to default
2024-09-25 10:50:49,957 [FATAL] Updater:334 - Updater called before beeing initialized
2024-09-25 10:50:50,015 [ERROR] Updater:1164 - MainUpdater not yet initialized. External WinMGr cannot be set.
2024-09-25 10:50:50,019 [INFO] Updater:1100 - Updater Version found : 6.12.1
2024-09-25 10:50:50,046 [INFO] ApplicationProperties:184 - Using Application install path: C:\ST\STM32CubeIDE_1.4.0\STM32CubeIDE\plugins\com.st.stm32cube.common.mx_6.12.1.202409122256
2024-09-25 10:50:50,297 [INFO] ThirdPartyUpdaterWithRetryManager:70 - Updater plugin not ready yet. [2/15]
2024-09-25 10:50:50,949 [INFO] MainUpdater:2873 - connection check result : 10
2024-09-25 10:50:50,950 [INFO] MainUpdater:290 - Updater Check For Update Now.
2024-09-25 10:50:50,950 [INFO] MicroXplorer:498 - Change Database Version : DB.6.0.121
2024-09-25 10:50:50,961 [INFO] McuFinderGlobals:63 - Set McuFinder mode to 2 (CubeIDE integrated)
2024-09-25 10:50:50,963 [INFO] UserAuth:417 - Internet connection configuration mode: 1
2024-09-25 10:50:51,001 [INFO] JxBrowserEngine:152 - Initiate JxBrowser Engine with user profile folder
2024-09-25 10:50:51,184 [INFO] CheckServerUpdateThread:120 - End of CheckServer Thread
2024-09-25 10:50:53,292 [INFO] WebApp:167 - Instantiating new browser for Auth
2024-09-25 10:50:53,710 [WARN] PackLoader:240 - Cannot read IP mode file for STMicroelectronics.FP-SNS-MOTENVWB1.1.4.0
2024-09-25 10:50:53,734 [WARN] PackLoader:240 - Cannot read IP mode file for STMicroelectronics.X-CUBE-SMBUS.2.1.0
2024-09-25 10:50:53,742 [WARN] PackLoader:240 - Cannot read IP mode file for STMicroelectronics.X-CUBE-TOUCHGFX.4.23.2
2024-09-25 10:50:53,787 [WARN] PackLoader:240 - Cannot read IP mode file for STMicroelectronics.X-CUBE-AZRTOS-F7.1.1.0
2024-09-25 10:50:53,878 [WARN] PackLoader:240 - Cannot read IP mode file for STMicroelectronics.X-CUBE-MEMS1.11.0.0
2024-09-25 10:50:54,059 [WARN] PackLoader:240 - Cannot read IP mode file for STMicroelectronics.FP-SNS-FLIGHT1.5.0.2
2024-09-25 10:50:54,070 [WARN] PackLoader:240 - Cannot read IP mode file for STMicroelectronics.X-CUBE-DISPLAY.3.0.0
2024-09-25 10:50:54,082 [WARN] PackLoader:240 - Cannot read IP mode file for STMicroelectronics.X-CUBE-BLE1.7.0.0
2024-09-25 10:50:54,089 [WARN] PackLoader:240 - Cannot read IP mode file for emotas.I-CUBE-CANOPEN.1.3.0
2024-09-25 10:50:54,115 [WARN] PackLoader:240 - Cannot read IP mode file for STMicroelectronics.X-CUBE-BLEMGR.3.1.0
2024-09-25 10:50:54,124 [WARN] PackLoader:240 - Cannot read IP mode file for STMicroelectronics.FP-SNS-SMARTAG2.1.2.0
2024-09-25 10:50:54,142 [INFO] LogOutputStream:77 - [STDOUT_REDIRECT] 1 : Invalid condition id : UX_CORESTACK_Condition cause : null
2024-09-25 10:50:54,143 [INFO] LogOutputStream:77 - [STDOUT_REDIRECT] 1 : Invalid condition id : UX_CORESTACK_Condition cause : null
2024-09-25 10:50:54,146 [INFO] LogOutputStream:77 - [STDOUT_REDIRECT] 1 : Invalid condition id : UX_CORESTACK_Condition cause : null
2024-09-25 10:50:54,149 [INFO] LogOutputStream:77 - [STDOUT_REDIRECT] 1 : Invalid condition id : UX_CORESTACK_Condition cause : null
2024-09-25 10:50:54,152 [INFO] LogOutputStream:77 - [STDOUT_REDIRECT] 1 : Invalid condition id : UX_CORESTACK_Condition cause : null
2024-09-25 10:50:54,157 [WARN] PackLoader:240 - Cannot read IP mode file for STMicroelectronics.X-CUBE-AZRTOS-WL.2.0.0
2024-09-25 10:50:54,166 [WARN] PackLoader:240 - Cannot read IP mode file for STMicroelectronics.FP-SNS-MOTENV1.5.0.0
2024-09-25 10:50:54,175 [WARN] PackLoader:240 - Cannot read IP mode file for wolfSSL.I-CUBE-wolfMQTT.1.19.0
2024-09-25 10:50:54,186 [WARN] PackLoader:240 - Cannot read IP mode file for WES.I-CUBE-Cesium.1.3.0
2024-09-25 10:50:54,194 [WARN] PackLoader:240 - Cannot read IP mode file for STMicroelectronics.X-CUBE-BLE2.3.3.0
2024-09-25 10:50:54,203 [WARN] PackLoader:240 - Cannot read IP mode file for STMicroelectronics.X-CUBE-TCPP.4.1.0
2024-09-25 10:50:54,217 [WARN] PackLoader:240 - Cannot read IP mode file for STMicroelectronics.X-CUBE-ALGOBUILD.1.3.0
2024-09-25 10:50:54,269 [WARN] PackLoader:240 - Cannot read IP mode file for STMicroelectronics.X-CUBE-AZRTOS-G0.1.1.0
2024-09-25 10:50:54,322 [WARN] PackLoader:240 - Cannot read IP mode file for STMicroelectronics.X-CUBE-SAFEA1.1.2.2
2024-09-25 10:50:54,331 [WARN] PackLoader:240 - Cannot read IP mode file for STMicroelectronics.X-CUBE-NFC4.3.0.0
2024-09-25 10:50:54,344 [WARN] PackLoader:240 - Cannot read IP mode file for EmbeddedOffice.I-CUBE-FS-RTOS.1.0.1
2024-09-25 10:50:54,345 [ERROR] ConditionMgr:805 - Attr not supported : Dmpu
2024-09-25 10:50:54,345 [ERROR] ConditionMgr:805 - Attr not supported : Dmpu
2024-09-25 10:50:54,345 [ERROR] ConditionMgr:805 - Attr not supported : Dmpu
2024-09-25 10:50:54,345 [ERROR] ConditionMgr:805 - Attr not supported : Dmpu
2024-09-25 10:50:54,345 [ERROR] ConditionMgr:805 - Attr not supported : Dmpu
2024-09-25 10:50:54,345 [ERROR] ConditionMgr:805 - Attr not supported : Dmpu
2024-09-25 10:50:54,345 [ERROR] ConditionMgr:805 - Attr not supported : Dmpu
2024-09-25 10:50:54,346 [ERROR] ConditionMgr:805 - Attr not supported : Dmpu
2024-09-25 10:50:54,346 [ERROR] ConditionMgr:805 - Attr not supported : Dmpu
2024-09-25 10:50:54,346 [ERROR] ConditionMgr:805 - Attr not supported : Dmpu
2024-09-25 10:50:54,346 [ERROR] ConditionMgr:805 - Attr not supported : Dmpu
2024-09-25 10:50:54,346 [ERROR] ConditionMgr:805 - Attr not supported : Dmpu
2024-09-25 10:50:54,346 [ERROR] ConditionMgr:805 - Attr not supported : Dmpu
2024-09-25 10:50:54,346 [ERROR] ConditionMgr:805 - Attr not supported : Dmpu
2024-09-25 10:50:54,346 [ERROR] ConditionMgr:805 - Attr not supported : Dmpu
2024-09-25 10:50:54,346 [ERROR] ConditionMgr:805 - Attr not supported : Dmpu
2024-09-25 10:50:54,346 [ERROR] ConditionMgr:805 - Attr not supported : Dmpu
2024-09-25 10:50:54,347 [ERROR] ConditionMgr:805 - Attr not supported : Dmpu
2024-09-25 10:50:54,347 [ERROR] ConditionMgr:805 - Attr not supported : Dmpu
2024-09-25 10:50:54,347 [ERROR] ConditionMgr:805 - Attr not supported : Dmpu
2024-09-25 10:50:54,347 [ERROR] ConditionMgr:805 - Attr not supported : Dmpu
2024-09-25 10:50:54,347 [ERROR] ConditionMgr:805 - Attr not supported : Dmpu
2024-09-25 10:50:54,347 [ERROR] ConditionMgr:805 - Attr not supported : Dmpu
2024-09-25 10:50:54,347 [ERROR] ConditionMgr:805 - Attr not supported : Dmpu
2024-09-25 10:50:54,348 [ERROR] ConditionMgr:805 - Attr not supported : Dmpu
2024-09-25 10:50:54,348 [ERROR] ConditionMgr:805 - Attr not supported : Dmpu
2024-09-25 10:50:54,348 [ERROR] ConditionMgr:805 - Attr not supported : Dmpu
2024-09-25 10:50:54,348 [ERROR] ConditionMgr:805 - Attr not supported : Dmpu
2024-09-25 10:50:54,348 [ERROR] ConditionMgr:805 - Attr not supported : Dmpu
2024-09-25 10:50:54,348 [ERROR] ConditionMgr:805 - Attr not supported : Dmpu
2024-09-25 10:50:54,348 [ERROR] ConditionMgr:805 - Attr not supported : Dmpu
2024-09-25 10:50:54,348 [ERROR] ConditionMgr:805 - Attr not supported : Dmpu
2024-09-25 10:50:54,349 [ERROR] ConditionMgr:805 - Attr not supported : Dmpu
2024-09-25 10:50:54,349 [ERROR] ConditionMgr:805 - Attr not supported : Dmpu
2024-09-25 10:50:54,349 [ERROR] ConditionMgr:805 - Attr not supported : Dmpu
2024-09-25 10:50:54,349 [ERROR] ConditionMgr:805 - Attr not supported : Dmpu
2024-09-25 10:50:54,349 [ERROR] ConditionMgr:805 - Attr not supported : Dmpu
2024-09-25 10:50:54,349 [ERROR] ConditionMgr:805 - Attr not supported : Dmpu
2024-09-25 10:50:54,349 [ERROR] ConditionMgr:805 - Attr not supported : Dmpu
2024-09-25 10:50:54,349 [ERROR] ConditionMgr:805 - Attr not supported : Dmpu
2024-09-25 10:50:54,349 [ERROR] ConditionMgr:805 - Attr not supported : Dmpu
2024-09-25 10:50:54,349 [ERROR] ConditionMgr:805 - Attr not supported : Dmpu
2024-09-25 10:50:54,350 [ERROR] ConditionMgr:805 - Attr not supported : Dmpu
2024-09-25 10:50:54,350 [ERROR] ConditionMgr:805 - Attr not supported : Dmpu
2024-09-25 10:50:54,350 [ERROR] ConditionMgr:805 - Attr not supported : Dmpu
2024-09-25 10:50:54,350 [ERROR] ConditionMgr:805 - Attr not supported : Dmpu
2024-09-25 10:50:54,350 [ERROR] ConditionMgr:805 - Attr not supported : Dmpu
2024-09-25 10:50:54,350 [ERROR] ConditionMgr:805 - Attr not supported : Dmpu
2024-09-25 10:50:54,350 [ERROR] ConditionMgr:805 - Attr not supported : Dmpu
2024-09-25 10:50:54,350 [ERROR] ConditionMgr:805 - Attr not supported : Dmpu
2024-09-25 10:50:54,350 [ERROR] ConditionMgr:805 - Attr not supported : Dmpu
2024-09-25 10:50:54,350 [ERROR] ConditionMgr:805 - Attr not supported : Dmpu
2024-09-25 10:50:54,350 [ERROR] ConditionMgr:805 - Attr not supported : Dmpu
2024-09-25 10:50:54,350 [ERROR] ConditionMgr:805 - Attr not supported : Dmpu
2024-09-25 10:50:54,351 [ERROR] ConditionMgr:805 - Attr not supported : Dmpu
2024-09-25 10:50:54,351 [ERROR] ConditionMgr:805 - Attr not supported : Dmpu
2024-09-25 10:50:54,351 [ERROR] ConditionMgr:805 - Attr not supported : Dmpu
2024-09-25 10:50:54,351 [ERROR] ConditionMgr:805 - Attr not supported : Dmpu
2024-09-25 10:50:54,351 [ERROR] ConditionMgr:805 - Attr not supported : Dmpu
2024-09-25 10:50:54,351 [ERROR] ConditionMgr:805 - Attr not supported : Dmpu
2024-09-25 10:50:54,351 [ERROR] ConditionMgr:805 - Attr not supported : Dmpu
2024-09-25 10:50:54,351 [ERROR] ConditionMgr:805 - Attr not supported : Dmpu
2024-09-25 10:50:54,351 [ERROR] ConditionMgr:805 - Attr not supported : Dmpu
2024-09-25 10:50:54,351 [ERROR] ConditionMgr:805 - Attr not supported : Dmpu
2024-09-25 10:50:54,365 [WARN] PackLoader:240 - Cannot read IP mode file for RealThread.X-CUBE-RT-Thread_Nano.4.1.1
2024-09-25 10:50:54,373 [WARN] PackLoader:240 - Cannot read IP mode file for wolfSSL.I-CUBE-wolfSSL.5.7.0
2024-09-25 10:50:54,378 [WARN] PackLoader:240 - Cannot read IP mode file for STMicroelectronics.FP-ATR-SIGFOX1.3.2.0
2024-09-25 10:50:54,388 [WARN] PackLoader:240 - Cannot read IP mode file for STMicroelectronics.X-CUBE-EEPRMA1.5.1.0
2024-09-25 10:50:54,403 [WARN] PackLoader:240 - Cannot read IP mode file for ITTIA_DB.I-CUBE-ITTIADB.8.9.0
2024-09-25 10:50:54,445 [WARN] PackLoader:240 - Cannot read IP mode file for SEGGER.I-CUBE-embOS.1.3.1
2024-09-25 10:50:54,515 [WARN] PackLoader:240 - Cannot read IP mode file for STMicroelectronics.X-CUBE-ALGOBUILD.1.4.0
2024-09-25 10:50:54,525 [WARN] PackLoader:240 - Cannot read IP mode file for STMicroelectronics.X-CUBE-GNSS1.6.0.0
2024-09-25 10:50:54,553 [WARN] PackLoader:240 - Cannot read IP mode file for STMicroelectronics.X-CUBE-AZRTOS-F4.1.1.0
2024-09-25 10:50:54,561 [WARN] PackLoader:240 - Cannot read IP mode file for STMicroelectronics.X-CUBE-ISPU.2.1.0
2024-09-25 10:50:54,570 [WARN] PackLoader:240 - Cannot read IP mode file for STMicroelectronics.X-CUBE-FREERTOS.1.2.0
2024-09-25 10:50:54,600 [WARN] PackLoader:240 - Cannot read IP mode file for STMicroelectronics.X-CUBE-AZRTOS-L5.2.0.0
2024-09-25 10:50:54,615 [WARN] PackLoader:240 - Cannot read IP mode file for STMicroelectronics.X-CUBE-NFC6.3.1.0
2024-09-25 10:50:54,627 [WARN] PackLoader:240 - Cannot read IP mode file for STMicroelectronics.X-CUBE-DPower.1.2.0
2024-09-25 10:50:54,634 [WARN] PackLoader:240 - Cannot read IP mode file for STMicroelectronics.X-CUBE-AI.9.0.0
2024-09-25 10:50:54,641 [WARN] PackLoader:240 - Cannot read IP mode file for STMicroelectronics.X-CUBE-NFC7.1.0.1
2024-09-25 10:50:54,650 [WARN] PackLoader:240 - Cannot read IP mode file for wolfSSL.I-CUBE-wolfTPM.3.2.0
2024-09-25 10:50:54,656 [WARN] PackLoader:240 - Cannot read IP mode file for STMicroelectronics.X-CUBE-AI.8.1.0
2024-09-25 10:50:54,682 [WARN] ConditionMgr:438 - getConditionDescription Invalid condition id : LAN8742 Phy interface Condition cause : null
2024-09-25 10:50:54,683 [WARN] PackLoader:240 - Cannot read IP mode file for STMicroelectronics.X-CUBE-AZRTOS-L4.2.0.0
2024-09-25 10:50:54,685 [WARN] ConditionMgr:1039 - genDependencies : Invalid condition id : LAN8742 Phy interface Condition cause : null
2024-09-25 10:50:54,686 [WARN] ConditionMgr:1039 - genDependencies : Invalid condition id : LAN8742 Phy interface Condition cause : null
2024-09-25 10:50:54,686 [WARN] ConditionMgr:1039 - genDependencies : Invalid condition id : LAN8742 Phy interface Condition cause : null
2024-09-25 10:50:54,697 [WARN] PackLoader:240 - Cannot read IP mode file for STMicroelectronics.X-CUBE-SFXS2LP1.4.0.0
2024-09-25 10:50:54,725 [WARN] PackLoader:240 - Cannot read IP mode file for STMicroelectronics.X-CUBE-AZRTOS-H7.3.3.0
2024-09-25 10:50:54,743 [WARN] ConditionMgr:438 - getConditionDescription Invalid condition id : UX DEVICE CLASS RTOS Condition cause : null
2024-09-25 10:50:54,744 [WARN] ConditionMgr:438 - getConditionDescription Invalid condition id : UX DEVICE CLASS RTOS Condition cause : null
2024-09-25 10:50:54,748 [WARN] PackLoader:240 - Cannot read IP mode file for STMicroelectronics.X-CUBE-AZRTOS-WB.2.0.0
2024-09-25 10:50:54,749 [WARN] ConditionMgr:1039 - genDependencies : Invalid condition id : UX DEVICE CLASS RTOS Condition cause : null
2024-09-25 10:50:54,749 [WARN] ConditionMgr:1039 - genDependencies : Invalid condition id : UX DEVICE CLASS RTOS Condition cause : null
2024-09-25 10:50:54,749 [WARN] ConditionMgr:1039 - genDependencies : Invalid condition id : UX DEVICE CLASS RTOS Condition cause : null
2024-09-25 10:50:54,750 [WARN] ConditionMgr:1039 - genDependencies : Invalid condition id : UX DEVICE CLASS RTOS Condition cause : null
2024-09-25 10:50:54,750 [WARN] ConditionMgr:1039 - genDependencies : Invalid condition id : UX DEVICE CLASS RTOS Condition cause : null
2024-09-25 10:50:54,756 [WARN] PackLoader:240 - Cannot read IP mode file for STMicroelectronics.X-CUBE-GNSS1.7.0.0
2024-09-25 10:50:54,766 [WARN] PackLoader:240 - Cannot read IP mode file for STMicroelectronics.FP-SNS-STBOX1.2.0.0
2024-09-25 10:50:54,780 [WARN] PackLoader:240 - Cannot read IP mode file for STMicroelectronics.X-CUBE-SUBG2.5.0.0
2024-09-25 10:50:54,791 [WARN] PackLoader:240 - Cannot read IP mode file for Cesanta.I-CUBE-Mongoose.7.13.0
2024-09-25 10:50:54,812 [WARN] PackLoader:240 - Cannot read IP mode file for STMicroelectronics.X-CUBE-AZRTOS-G4.2.0.0
2024-09-25 10:50:54,821 [WARN] PackLoader:240 - Cannot read IP mode file for STMicroelectronics.FP-SNS-MOTENVWB1.1.3.1
2024-09-25 10:50:54,830 [WARN] PackLoader:240 - Cannot read IP mode file for STMicroelectronics.X-CUBE-ISPU.2.0.0
2024-09-25 10:50:54,838 [WARN] PackLoader:240 - Cannot read IP mode file for STMicroelectronics.X-CUBE-ALS.1.0.2
2024-09-25 10:50:54,915 [WARN] PackLoader:240 - Cannot read IP mode file for STMicroelectronics.X-CUBE-MEMS1.10.0.0
2024-09-25 10:50:55,172 [WARN] PackLoader:240 - Cannot read IP mode file for STMicroelectronics.X-CUBE-FREERTOS.1.1.0
2024-09-25 10:50:55,176 [WARN] PackLoader:240 - Cannot read IP mode file for STMicroelectronics.X-CUBE-TOUCHGFX.4.24.0
2024-09-25 10:50:55,181 [WARN] PackLoader:240 - Cannot read IP mode file for STMicroelectronics.X-CUBE-TOUCHGFX.4.24.1
2024-09-25 10:50:55,191 [WARN] PackLoader:240 - Cannot read IP mode file for portGmbH.I-Cube-SoM-uGOAL.1.1.0
2024-09-25 10:50:55,196 [WARN] PackLoader:240 - Cannot read IP mode file for STMicroelectronics.X-CUBE-ALS.1.0.1
2024-09-25 10:50:55,229 [WARN] PackLoader:240 - Cannot read IP mode file for STMicroelectronics.X-CUBE-AZRTOS-H7RS.1.0.0
2024-09-25 10:50:55,239 [WARN] PackLoader:240 - Cannot read IP mode file for STMicroelectronics.FP-ATR-ASTRA1.2.0.0
2024-09-25 10:50:55,257 [WARN] PackLoader:240 - Cannot read IP mode file for STMicroelectronics.X-CUBE-TOF1.3.4.2
2024-09-25 10:50:55,300 [WARN] PackLoader:240 - Cannot read IP mode file for STMicroelectronics.X-CUBE-TOF1.3.4.1
2024-09-25 10:50:55,340 [WARN] PackLoader:240 - Cannot read IP mode file for STMicroelectronics.X-CUBE-AZRTOS-H7.3.2.0
2024-09-25 10:50:55,367 [WARN] PackLoader:240 - Cannot read IP mode file for Infineon.AIROC-Wi-Fi-Bluetooth-STM32.1.6.0
2024-09-25 10:50:55,376 [INFO] WebApp:448 - Apply proxy settings
2024-09-25 10:50:55,377 [INFO] WebApp:533 - Chromium requires no authentication
2024-09-25 10:50:55,377 [WARN] PackLoader:240 - Cannot read IP mode file for wolfSSL.I-CUBE-wolfSSH.1.4.17
2024-09-25 10:50:55,378 [INFO] ThirdParty:978 - Integrity check success = true
2024-09-25 10:50:55,378 [INFO] IntegrityCheckThread:100 - exiting critical section [integrity check]
2024-09-25 10:50:55,378 [INFO] IntegrityCheckThread:103 - End integrity checks thread
2024-09-25 10:50:55,395 [INFO] WebApp:476 - Direct internet connection detected
2024-09-25 10:50:55,454 [INFO] WebApp:869 - Register for checkConnection events
2024-09-25 10:50:55,454 [INFO] WebApp:448 - Apply proxy settings
2024-09-25 10:50:55,454 [INFO] WebApp:533 - Chromium requires no authentication
2024-09-25 10:50:55,455 [INFO] WebApp:476 - Direct internet connection detected
2024-09-25 10:50:55,828 [INFO] WebApp:220 - Starting web application
2024-09-25 10:50:55,829 [INFO] WebApp:578 - Web application path used C:\ST\STM32CubeIDE_1.4.0\STM32CubeIDE\plugins\com.st.stm32cube.common.mx_6.12.1.202409122256\db\plugins\mcufinder\reactClient1\index.html
2024-09-25 10:50:56,023 [INFO] UserAuth:417 - Internet connection configuration mode: 1
2024-09-25 10:50:56,310 [INFO] WebApp:186 - Connection restablished
2024-09-25 10:58:27,248 [INFO] Activator:176 - 


2024-09-25 10:58:27,253 [INFO] Activator:177 - !SESSION log4j initialized
2024-09-25 10:58:33,929 [INFO] LogOutputStream:77 - [STDOUT_REDIRECT] 
2024-09-25 10:58:34,793 [INFO] ApplicationProperties:184 - Using Application install path: C:\ST\STM32CubeIDE_1.4.0\STM32CubeIDE\plugins\com.st.stm32cube.common.mx_6.12.1.202409122256
2024-09-25 10:58:34,810 [INFO] DbMcusXml:78 - Set database path to: C:\ST\STM32CubeIDE_1.4.0\STM32CubeIDE\plugins\com.st.stm32cube.common.mx_6.12.1.202409122256\\db\/mcu/
2024-09-25 10:58:34,810 [INFO] ApiDb:274 - Set plugin database path to: C:\ST\STM32CubeIDE_1.4.0\STM32CubeIDE\plugins\com.st.stm32cube.common.mx_6.12.1.202409122256\\db\/plugins/boardmanager/
2024-09-25 10:58:34,810 [WARN] ApiDb:259 - Overriding images path with different value:  => C:\ST\STM32CubeIDE_1.4.0\STM32CubeIDE\plugins\com.st.stm32cube.common.mx_6.12.1.202409122256\\db\/plugins/mcufinder/images/
2024-09-25 10:58:34,815 [INFO] ApiDb:250 - Set database path to: C:\Users\Abhishek\.stmcufinder\plugins\mcufinder//mcu/
2024-09-25 10:58:34,817 [INFO] DbMcusAds:125 - Set database path to: C:\Users\Abhishek\.stmcufinder\plugins\mcufinder//mcu/
2024-09-25 10:58:34,819 [INFO] CrossReferenceDbSqlite:203 - Set database path to: C:\Users\Abhishek\.stmcufinder\plugins\mcufinder//mcu/cs/
2024-09-25 10:58:34,938 [INFO] RulesReader:64 - Compatibility file has been processed (297 Rules)
2024-09-25 10:58:35,023 [INFO] DbMcusXml:78 - Set database path to: C:\ST\STM32CubeIDE_1.4.0\STM32CubeIDE\plugins\com.st.stm32cube.common.mx_6.12.1.202409122256\\db\/mcu/
2024-09-25 10:58:35,024 [INFO] ApiDb:274 - Set plugin database path to: C:\ST\STM32CubeIDE_1.4.0\STM32CubeIDE\plugins\com.st.stm32cube.common.mx_6.12.1.202409122256\\db\/plugins/boardmanager/
2024-09-25 10:58:35,024 [INFO] ApiDb:261 - Set plugin images path to: C:\ST\STM32CubeIDE_1.4.0\STM32CubeIDE\plugins\com.st.stm32cube.common.mx_6.12.1.202409122256\\db\/plugins/mcufinder/images/
2024-09-25 10:58:35,024 [WARN] DbFile:41 - Overriding database path with different value: C:\Users\Abhishek\.stmcufinder\plugins\mcufinder/ => C:\Users\Abhishek\.stmcufinder\plugins\mcufinder
2024-09-25 10:58:35,024 [INFO] ApiDb:250 - Set database path to: C:\Users\Abhishek\.stmcufinder\plugins\mcufinder//mcu/
2024-09-25 10:58:35,024 [WARN] DbFile:41 - Overriding database path with different value: C:\Users\Abhishek\.stmcufinder\plugins\mcufinder/ => C:\Users\Abhishek\.stmcufinder\plugins\mcufinder
2024-09-25 10:58:35,024 [INFO] DbMcusAds:125 - Set database path to: C:\Users\Abhishek\.stmcufinder\plugins\mcufinder//mcu/
2024-09-25 10:58:35,024 [WARN] DbFile:41 - Overriding database path with different value: C:\Users\Abhishek\.stmcufinder\plugins\mcufinder/ => C:\Users\Abhishek\.stmcufinder\plugins\mcufinder
2024-09-25 10:58:35,024 [WARN] DbFile:41 - Overriding database path with different value: C:\Users\Abhishek\.stmcufinder\plugins\mcufinder/ => C:\Users\Abhishek\.stmcufinder\plugins\mcufinder
2024-09-25 10:58:35,024 [INFO] CrossReferenceDbSqlite:203 - Set database path to: C:\Users\Abhishek\.stmcufinder\plugins\mcufinder//mcu/cs/
2024-09-25 10:58:35,112 [INFO] MainPanel:268 - HeapMemory: 268435456
2024-09-25 10:58:35,213 [INFO] DbMcusXml:78 - Set database path to: C:\ST\STM32CubeIDE_1.4.0\STM32CubeIDE\plugins\com.st.stm32cube.common.mx_6.12.1.202409122256\\db\/mcu/
2024-09-25 10:58:35,213 [INFO] ApiDb:274 - Set plugin database path to: C:\ST\STM32CubeIDE_1.4.0\STM32CubeIDE\plugins\com.st.stm32cube.common.mx_6.12.1.202409122256\\db\/plugins/boardmanager/
2024-09-25 10:58:35,213 [INFO] ApiDb:261 - Set plugin images path to: C:\ST\STM32CubeIDE_1.4.0\STM32CubeIDE\plugins\com.st.stm32cube.common.mx_6.12.1.202409122256\\db\/plugins/mcufinder/images/
2024-09-25 10:58:35,214 [WARN] DbFile:41 - Overriding database path with different value: C:\Users\Abhishek\.stmcufinder\plugins\mcufinder/ => C:\Users\Abhishek\.stmcufinder\plugins\mcufinder
2024-09-25 10:58:35,214 [INFO] ApiDb:250 - Set database path to: C:\Users\Abhishek\.stmcufinder\plugins\mcufinder//mcu/
2024-09-25 10:58:35,214 [WARN] DbFile:41 - Overriding database path with different value: C:\Users\Abhishek\.stmcufinder\plugins\mcufinder/ => C:\Users\Abhishek\.stmcufinder\plugins\mcufinder
2024-09-25 10:58:35,214 [INFO] DbMcusAds:125 - Set database path to: C:\Users\Abhishek\.stmcufinder\plugins\mcufinder//mcu/
2024-09-25 10:58:35,214 [WARN] DbFile:41 - Overriding database path with different value: C:\Users\Abhishek\.stmcufinder\plugins\mcufinder/ => C:\Users\Abhishek\.stmcufinder\plugins\mcufinder
2024-09-25 10:58:35,214 [WARN] DbFile:41 - Overriding database path with different value: C:\Users\Abhishek\.stmcufinder\plugins\mcufinder/ => C:\Users\Abhishek\.stmcufinder\plugins\mcufinder
2024-09-25 10:58:35,214 [INFO] CrossReferenceDbSqlite:203 - Set database path to: C:\Users\Abhishek\.stmcufinder\plugins\mcufinder//mcu/cs/
2024-09-25 10:58:35,234 [INFO] ApplicationProperties:184 - Using Application install path: C:\ST\STM32CubeIDE_1.4.0\STM32CubeIDE\plugins\com.st.stm32cube.common.mx_6.12.1.202409122256
2024-09-25 10:58:35,236 [INFO] PluginManage:196 - Search for loadable plugins [exclusion list=, ]
2024-09-25 10:58:35,237 [INFO] PluginManage:310 - Check plugin analytics
2024-09-25 10:58:35,453 [INFO] AnalyticsPlugin:253 - Accepted Software Licenses: STM32CubeMX.6.1.0,STM32CubeMX.6.4.0,STM32CubeMX.6.2.0,STM32CubeMX.6.10.0
2024-09-25 10:58:35,454 [INFO] AnalyticsPlugin:255 - Accepted CMSIS Pack Licenses: 
2024-09-25 10:58:35,454 [INFO] AnalyticsPlugin:257 - Accepted Firmware Licenses: 
2024-09-25 10:58:35,457 [INFO] PluginManage:359 - Loaded plugin analytics (category:tool,tabindex:-1)
2024-09-25 10:58:35,458 [INFO] PluginManage:310 - Check plugin cadmodel
2024-09-25 10:58:35,461 [INFO] CADModel:105 - Init CAD model plugin
2024-09-25 10:58:35,462 [INFO] PluginManage:359 - Loaded plugin cadmodel (category:power,tabindex:5)
2024-09-25 10:58:35,462 [INFO] PluginManage:310 - Check plugin clock
2024-09-25 10:58:35,472 [INFO] PluginManage:359 - Loaded plugin clock (category:base,tabindex:2)
2024-09-25 10:58:35,472 [INFO] PluginManage:310 - Check plugin ddr
2024-09-25 10:58:35,474 [INFO] PluginManage:359 - Loaded plugin ddr (category:tool,tabindex:6)
2024-09-25 10:58:35,474 [INFO] PluginManage:310 - Check plugin filemanager
2024-09-25 10:58:35,635 [INFO] PluginManage:359 - Loaded plugin filemanager (category:base,tabindex:10)
2024-09-25 10:58:35,635 [INFO] PluginManage:310 - Check plugin ipmanager
2024-09-25 10:58:35,643 [INFO] PluginManage:359 - Loaded plugin ipmanager (category:base,tabindex:5)
2024-09-25 10:58:35,643 [INFO] PluginManage:310 - Check plugin lpbam
2024-09-25 10:58:35,652 [INFO] PluginManage:359 - Loaded plugin lpbam (category:base,tabindex:0)
2024-09-25 10:58:35,653 [INFO] PluginManage:310 - Check plugin memorymap
2024-09-25 10:58:35,664 [INFO] PluginManage:359 - Loaded plugin memorymap (category:base,tabindex:4)
2024-09-25 10:58:35,664 [INFO] PluginManage:310 - Check plugin pinoutandconfiguration
2024-09-25 10:58:35,672 [INFO] PluginManage:359 - Loaded plugin pinoutandconfiguration (category:base,tabindex:1)
2024-09-25 10:58:35,673 [INFO] PluginManage:310 - Check plugin pinoutconfig
2024-09-25 10:58:35,784 [WARN] SupportedApi:132 - Cannot load RTOS API schema: s4s-elt-must-match.1: The content of 'definitions' must match (annotation?, (simpleType | complexType)?, (unique | key | keyref)*)). A problem was found starting at: attribute.
2024-09-25 10:58:35,928 [INFO] PluginManage:359 - Loaded plugin pinoutconfig (category:base,tabindex:0)
2024-09-25 10:58:35,929 [INFO] PluginManage:310 - Check plugin power
2024-09-25 10:58:35,943 [INFO] PluginManage:359 - Loaded plugin power (category:power,tabindex:4)
2024-09-25 10:58:35,943 [INFO] PluginManage:310 - Check plugin projectmanager
2024-09-25 10:58:35,960 [INFO] PluginManage:359 - Loaded plugin projectmanager (category:projectmanager,tabindex:4)
2024-09-25 10:58:35,961 [INFO] PluginManage:310 - Check plugin rif
2024-09-25 10:58:35,967 [INFO] PluginManage:359 - Loaded plugin rif (category:base,tabindex:3)
2024-09-25 10:58:35,968 [INFO] PluginManage:310 - Check plugin thirdparty
2024-09-25 10:58:36,092 [WARN] IntegrityCheckThread:84 - waiting for thirdparty lock release [integrity check]
2024-09-25 10:58:36,093 [INFO] IntegrityCheckThread:86 - entering critical section [integrity check]
2024-09-25 10:58:36,093 [INFO] PluginManage:359 - Loaded plugin thirdparty (category:base,tabindex:-1)
2024-09-25 10:58:36,093 [INFO] PluginManage:310 - Check plugin tools
2024-09-25 10:58:36,093 [INFO] ThirdPartyUpdaterWithRetryManager:70 - Updater plugin not ready yet. [1/15]
2024-09-25 10:58:36,095 [INFO] PluginManage:359 - Loaded plugin tools (category:base,tabindex:7)
2024-09-25 10:58:36,095 [INFO] PluginManage:310 - Check plugin tutovideos
2024-09-25 10:58:36,280 [INFO] PluginManage:359 - Loaded plugin tutovideos (category:base,tabindex:-1)
2024-09-25 10:58:36,281 [INFO] PluginManage:310 - Check plugin updater
2024-09-25 10:58:36,297 [INFO] PluginManage:359 - Loaded plugin updater (category:base,tabindex:12)
2024-09-25 10:58:36,297 [INFO] PluginManage:310 - Check plugin userauth
2024-09-25 10:58:36,303 [INFO] UserAuth:113 - Init User Auth plugin
2024-09-25 10:58:36,303 [INFO] PluginManage:359 - Loaded plugin userauth (category:base,tabindex:14)
2024-09-25 10:58:36,304 [INFO] PluginManage:283 - PluginManage : Loaded plugins [18]
2024-09-25 10:58:36,524 [INFO] PinOutPanel:1561 - setPackage(No Configuration,No Configuration)
2024-09-25 10:58:36,637 [INFO] CADModel:165 - CPN selected for project level
2024-09-25 10:58:36,637 [INFO] CADModel:114 - Register for checkConnection events
2024-09-25 10:58:36,656 [INFO] IPUIPlugin:80 - create IPUIPlugin
2024-09-25 10:58:36,657 [INFO] PluginManager:220 - loadIPPluginJar : add adc
2024-09-25 10:58:36,660 [INFO] IPUIPlugin:80 - create IPUIPlugin
2024-09-25 10:58:36,660 [INFO] PluginManager:220 - loadIPPluginJar : add aes
2024-09-25 10:58:36,663 [INFO] IPUIPlugin:80 - create IPUIPlugin
2024-09-25 10:58:36,663 [INFO] PluginManager:220 - loadIPPluginJar : add can
2024-09-25 10:58:36,667 [INFO] IPUIPlugin:80 - create IPUIPlugin
2024-09-25 10:58:36,667 [INFO] PluginManager:220 - loadIPPluginJar : add comp
2024-09-25 10:58:36,670 [INFO] IPUIPlugin:80 - create IPUIPlugin
2024-09-25 10:58:36,671 [INFO] PluginManager:220 - loadIPPluginJar : add cryp
2024-09-25 10:58:36,674 [INFO] IPUIPlugin:80 - create IPUIPlugin
2024-09-25 10:58:36,675 [INFO] PluginManager:220 - loadIPPluginJar : add ddr_ctrl_phy
2024-09-25 10:58:36,679 [INFO] IPUIPlugin:80 - create IPUIPlugin
2024-09-25 10:58:36,679 [INFO] PluginManager:220 - loadIPPluginJar : add dfsdm
2024-09-25 10:58:36,688 [INFO] IPUIPlugin:80 - create IPUIPlugin
2024-09-25 10:58:36,688 [INFO] PluginManager:220 - loadIPPluginJar : add dma
2024-09-25 10:58:36,693 [INFO] IPUIPlugin:80 - create IPUIPlugin
2024-09-25 10:58:36,693 [INFO] PluginManager:220 - loadIPPluginJar : add dma3
2024-09-25 10:58:36,697 [INFO] IPUIPlugin:80 - create IPUIPlugin
2024-09-25 10:58:36,697 [INFO] PluginManager:220 - loadIPPluginJar : add extmemmanager
2024-09-25 10:58:36,701 [INFO] IPUIPlugin:80 - create IPUIPlugin
2024-09-25 10:58:36,701 [INFO] PluginManager:220 - loadIPPluginJar : add fatfs
2024-09-25 10:58:36,708 [INFO] IPUIPlugin:80 - create IPUIPlugin
2024-09-25 10:58:36,708 [INFO] PluginManager:220 - loadIPPluginJar : add fmc
2024-09-25 10:58:36,718 [INFO] IPUIPlugin:80 - create IPUIPlugin
2024-09-25 10:58:36,718 [INFO] PluginManager:220 - loadIPPluginJar : add freertos
2024-09-25 10:58:36,720 [INFO] IPUIPlugin:80 - create IPUIPlugin
2024-09-25 10:58:36,721 [INFO] PluginManager:220 - loadIPPluginJar : add genericplugin
2024-09-25 10:58:36,723 [INFO] IPUIPlugin:80 - create IPUIPlugin
2024-09-25 10:58:36,723 [INFO] PluginManager:220 - loadIPPluginJar : add gfxmmu
2024-09-25 10:58:36,729 [INFO] IPUIPlugin:80 - create IPUIPlugin
2024-09-25 10:58:36,729 [INFO] PluginManager:220 - loadIPPluginJar : add gic
2024-09-25 10:58:36,736 [INFO] IPUIPlugin:80 - create IPUIPlugin
2024-09-25 10:58:36,736 [INFO] PluginManager:220 - loadIPPluginJar : add gpio
2024-09-25 10:58:36,739 [INFO] IPUIPlugin:80 - create IPUIPlugin
2024-09-25 10:58:36,739 [INFO] PluginManager:220 - loadIPPluginJar : add gtzc
2024-09-25 10:58:36,742 [INFO] IPUIPlugin:80 - create IPUIPlugin
2024-09-25 10:58:36,742 [INFO] PluginManager:220 - loadIPPluginJar : add hash
2024-09-25 10:58:36,745 [INFO] IPUIPlugin:80 - create IPUIPlugin
2024-09-25 10:58:36,745 [INFO] PluginManager:220 - loadIPPluginJar : add i2c
2024-09-25 10:58:36,750 [INFO] IPUIPlugin:80 - create IPUIPlugin
2024-09-25 10:58:36,750 [INFO] PluginManager:220 - loadIPPluginJar : add i2s
2024-09-25 10:58:36,753 [INFO] IPUIPlugin:80 - create IPUIPlugin
2024-09-25 10:58:36,753 [INFO] PluginManager:220 - loadIPPluginJar : add i3c
2024-09-25 10:58:36,757 [INFO] IPUIPlugin:80 - create IPUIPlugin
2024-09-25 10:58:36,757 [INFO] PluginManager:220 - loadIPPluginJar : add ipddr
2024-09-25 10:58:36,765 [INFO] IPUIPlugin:80 - create IPUIPlugin
2024-09-25 10:58:36,766 [INFO] PluginManager:220 - loadIPPluginJar : add linkedlist
2024-09-25 10:58:36,769 [INFO] IPUIPlugin:80 - create IPUIPlugin
2024-09-25 10:58:36,770 [INFO] PluginManager:220 - loadIPPluginJar : add lorawan
2024-09-25 10:58:36,771 [INFO] IPUIPlugin:80 - create IPUIPlugin
2024-09-25 10:58:36,771 [INFO] PluginManager:220 - loadIPPluginJar : add ltdc
2024-09-25 10:58:36,779 [INFO] IPUIPlugin:80 - create IPUIPlugin
2024-09-25 10:58:36,779 [INFO] PluginManager:220 - loadIPPluginJar : add mdma
2024-09-25 10:58:36,785 [INFO] IPUIPlugin:80 - create IPUIPlugin
2024-09-25 10:58:36,785 [INFO] PluginManager:220 - loadIPPluginJar : add nvic
2024-09-25 10:58:36,789 [INFO] IPUIPlugin:80 - create IPUIPlugin
2024-09-25 10:58:36,790 [INFO] PluginManager:220 - loadIPPluginJar : add opamp
2024-09-25 10:58:36,811 [INFO] IPUIPlugin:80 - create IPUIPlugin
2024-09-25 10:58:36,811 [INFO] PluginManager:220 - loadIPPluginJar : add openamp
2024-09-25 10:58:36,817 [INFO] IPUIPlugin:80 - create IPUIPlugin
2024-09-25 10:58:36,817 [INFO] PluginManager:220 - loadIPPluginJar : add pdm2pcm
2024-09-25 10:58:36,824 [INFO] IPUIPlugin:80 - create IPUIPlugin
2024-09-25 10:58:36,828 [INFO] PluginManager:220 - loadIPPluginJar : add plateformsettings
2024-09-25 10:58:36,830 [INFO] IPUIPlugin:80 - create IPUIPlugin
2024-09-25 10:58:36,830 [INFO] PluginManager:220 - loadIPPluginJar : add quadspi
2024-09-25 10:58:36,834 [INFO] IPUIPlugin:80 - create IPUIPlugin
2024-09-25 10:58:36,836 [INFO] PluginManager:220 - loadIPPluginJar : add radio
2024-09-25 10:58:36,847 [INFO] IPUIPlugin:80 - create IPUIPlugin
2024-09-25 10:58:36,847 [INFO] PluginManager:220 - loadIPPluginJar : add resmgrutility
2024-09-25 10:58:36,853 [INFO] IPUIPlugin:80 - create IPUIPlugin
2024-09-25 10:58:36,853 [INFO] PluginManager:220 - loadIPPluginJar : add sai
2024-09-25 10:58:36,856 [INFO] IPUIPlugin:80 - create IPUIPlugin
2024-09-25 10:58:36,857 [INFO] PluginManager:220 - loadIPPluginJar : add spi
2024-09-25 10:58:36,863 [INFO] IPUIPlugin:80 - create IPUIPlugin
2024-09-25 10:58:36,863 [INFO] PluginManager:220 - loadIPPluginJar : add stm32_wpan
2024-09-25 10:58:36,867 [INFO] IPUIPlugin:80 - create IPUIPlugin
2024-09-25 10:58:36,867 [INFO] PluginManager:220 - loadIPPluginJar : add tim
2024-09-25 10:58:36,872 [INFO] IPUIPlugin:80 - create IPUIPlugin
2024-09-25 10:58:36,872 [INFO] PluginManager:220 - loadIPPluginJar : add touchsensing
2024-09-25 10:58:36,876 [INFO] IPUIPlugin:80 - create IPUIPlugin
2024-09-25 10:58:36,876 [INFO] PluginManager:220 - loadIPPluginJar : add tracer_emb
2024-09-25 10:58:36,878 [INFO] IPUIPlugin:80 - create IPUIPlugin
2024-09-25 10:58:36,878 [INFO] PluginManager:220 - loadIPPluginJar : add ts
2024-09-25 10:58:36,880 [INFO] IPUIPlugin:80 - create IPUIPlugin
2024-09-25 10:58:36,881 [INFO] PluginManager:220 - loadIPPluginJar : add tsc
2024-09-25 10:58:36,884 [INFO] IPUIPlugin:80 - create IPUIPlugin
2024-09-25 10:58:36,885 [INFO] PluginManager:220 - loadIPPluginJar : add ucpd
2024-09-25 10:58:36,887 [INFO] IPUIPlugin:80 - create IPUIPlugin
2024-09-25 10:58:36,888 [INFO] PluginManager:220 - loadIPPluginJar : add usart
2024-09-25 10:58:36,891 [INFO] IPUIPlugin:80 - create IPUIPlugin
2024-09-25 10:58:36,891 [INFO] PluginManager:220 - loadIPPluginJar : add usbx
2024-09-25 10:58:37,026 [INFO] CADModel:165 - CPN selected for project level
2024-09-25 10:58:37,026 [INFO] CADModel:114 - Register for checkConnection events
2024-09-25 10:58:37,027 [FATAL] Updater:334 - Updater called before beeing initialized
2024-09-25 10:58:37,027 [ERROR] CADModel:125 - Updater not yet initialized, retry later 
2024-09-25 10:58:37,143 [INFO] CADModel:165 - CPN selected for project level
2024-09-25 10:58:37,143 [INFO] CADModel:114 - Register for checkConnection events
2024-09-25 10:58:37,143 [FATAL] Updater:334 - Updater called before beeing initialized
2024-09-25 10:58:37,143 [ERROR] CADModel:125 - Updater not yet initialized, retry later 
2024-09-25 10:58:37,146 [FATAL] Updater:334 - Updater called before beeing initialized
2024-09-25 10:58:37,278 [FATAL] Updater:334 - Updater called before beeing initialized
2024-09-25 10:58:37,286 [INFO] DbMcusAds:53 - JSON generation date=Fri Sep 20 18:34:23 IST 2024 (1726837463113)
2024-09-25 10:58:37,286 [FATAL] Updater:334 - Updater called before beeing initialized
2024-09-25 10:58:37,322 [WARN] DetailPanel:346 - Failed to get advertising image, set to default
2024-09-25 10:58:37,426 [FATAL] Updater:334 - Updater called before beeing initialized
2024-09-25 10:58:37,428 [FATAL] Updater:334 - Updater called before beeing initialized
2024-09-25 10:58:37,428 [FATAL] Updater:334 - Updater called before beeing initialized
2024-09-25 10:58:37,428 [WARN] DetailPanel:346 - Failed to get advertising image, set to default
2024-09-25 10:58:37,429 [FATAL] Updater:334 - Updater called before beeing initialized
2024-09-25 10:58:37,491 [ERROR] Updater:1164 - MainUpdater not yet initialized. External WinMGr cannot be set.
2024-09-25 10:58:37,494 [INFO] Updater:1100 - Updater Version found : 6.12.1
2024-09-25 10:58:37,519 [INFO] ApplicationProperties:184 - Using Application install path: C:\ST\STM32CubeIDE_1.4.0\STM32CubeIDE\plugins\com.st.stm32cube.common.mx_6.12.1.202409122256
2024-09-25 10:58:39,094 [INFO] ThirdPartyUpdaterWithRetryManager:70 - Updater plugin not ready yet. [2/15]
2024-09-25 10:58:40,926 [INFO] MainUpdater:2873 - connection check result : 10
2024-09-25 10:58:40,927 [INFO] MainUpdater:290 - Updater Check For Update Now.
2024-09-25 10:58:40,927 [INFO] MicroXplorer:498 - Change Database Version : DB.6.0.121
2024-09-25 10:58:40,937 [INFO] McuFinderGlobals:63 - Set McuFinder mode to 2 (CubeIDE integrated)
2024-09-25 10:58:40,938 [INFO] UserAuth:417 - Internet connection configuration mode: 1
2024-09-25 10:58:40,963 [INFO] JxBrowserEngine:152 - Initiate JxBrowser Engine with user profile folder
2024-09-25 10:58:41,144 [INFO] CheckServerUpdateThread:120 - End of CheckServer Thread
2024-09-25 10:58:41,783 [INFO] WebApp:167 - Instantiating new browser for Auth
2024-09-25 10:58:42,426 [WARN] PackLoader:240 - Cannot read IP mode file for STMicroelectronics.FP-SNS-MOTENVWB1.1.4.0
2024-09-25 10:58:42,447 [WARN] PackLoader:240 - Cannot read IP mode file for STMicroelectronics.X-CUBE-SMBUS.2.1.0
2024-09-25 10:58:42,455 [WARN] PackLoader:240 - Cannot read IP mode file for STMicroelectronics.X-CUBE-TOUCHGFX.4.23.2
2024-09-25 10:58:42,513 [WARN] PackLoader:240 - Cannot read IP mode file for STMicroelectronics.X-CUBE-AZRTOS-F7.1.1.0
2024-09-25 10:58:42,613 [WARN] PackLoader:240 - Cannot read IP mode file for STMicroelectronics.X-CUBE-MEMS1.11.0.0
2024-09-25 10:58:42,928 [WARN] PackLoader:240 - Cannot read IP mode file for STMicroelectronics.FP-SNS-FLIGHT1.5.0.2
2024-09-25 10:58:42,958 [WARN] PackLoader:240 - Cannot read IP mode file for STMicroelectronics.X-CUBE-DISPLAY.3.0.0
2024-09-25 10:58:42,989 [WARN] PackLoader:240 - Cannot read IP mode file for STMicroelectronics.X-CUBE-BLE1.7.0.0
2024-09-25 10:58:42,998 [WARN] PackLoader:240 - Cannot read IP mode file for emotas.I-CUBE-CANOPEN.1.3.0
2024-09-25 10:58:43,025 [WARN] PackLoader:240 - Cannot read IP mode file for STMicroelectronics.X-CUBE-BLEMGR.3.1.0
2024-09-25 10:58:43,040 [WARN] PackLoader:240 - Cannot read IP mode file for STMicroelectronics.FP-SNS-SMARTAG2.1.2.0
2024-09-25 10:58:43,078 [INFO] LogOutputStream:77 - [STDOUT_REDIRECT] 1 : Invalid condition id : UX_CORESTACK_Condition cause : null
2024-09-25 10:58:43,090 [INFO] LogOutputStream:77 - [STDOUT_REDIRECT] 1 : Invalid condition id : UX_CORESTACK_Condition cause : null
2024-09-25 10:58:43,095 [INFO] LogOutputStream:77 - [STDOUT_REDIRECT] 1 : Invalid condition id : UX_CORESTACK_Condition cause : null
2024-09-25 10:58:43,103 [INFO] LogOutputStream:77 - [STDOUT_REDIRECT] 1 : Invalid condition id : UX_CORESTACK_Condition cause : null
2024-09-25 10:58:43,105 [INFO] LogOutputStream:77 - [STDOUT_REDIRECT] 1 : Invalid condition id : UX_CORESTACK_Condition cause : null
2024-09-25 10:58:43,109 [WARN] PackLoader:240 - Cannot read IP mode file for STMicroelectronics.X-CUBE-AZRTOS-WL.2.0.0
2024-09-25 10:58:43,127 [WARN] PackLoader:240 - Cannot read IP mode file for STMicroelectronics.FP-SNS-MOTENV1.5.0.0
2024-09-25 10:58:43,154 [WARN] PackLoader:240 - Cannot read IP mode file for wolfSSL.I-CUBE-wolfMQTT.1.19.0
2024-09-25 10:58:43,168 [WARN] PackLoader:240 - Cannot read IP mode file for WES.I-CUBE-Cesium.1.3.0
2024-09-25 10:58:43,180 [WARN] PackLoader:240 - Cannot read IP mode file for STMicroelectronics.X-CUBE-BLE2.3.3.0
2024-09-25 10:58:43,194 [WARN] PackLoader:240 - Cannot read IP mode file for STMicroelectronics.X-CUBE-TCPP.4.1.0
2024-09-25 10:58:43,206 [WARN] PackLoader:240 - Cannot read IP mode file for STMicroelectronics.X-CUBE-ALGOBUILD.1.3.0
2024-09-25 10:58:43,229 [WARN] PackLoader:240 - Cannot read IP mode file for STMicroelectronics.X-CUBE-AZRTOS-G0.1.1.0
2024-09-25 10:58:43,247 [WARN] PackLoader:240 - Cannot read IP mode file for STMicroelectronics.X-CUBE-SAFEA1.1.2.2
2024-09-25 10:58:43,261 [WARN] PackLoader:240 - Cannot read IP mode file for STMicroelectronics.X-CUBE-NFC4.3.0.0
2024-09-25 10:58:43,276 [WARN] PackLoader:240 - Cannot read IP mode file for EmbeddedOffice.I-CUBE-FS-RTOS.1.0.1
2024-09-25 10:58:43,277 [ERROR] ConditionMgr:805 - Attr not supported : Dmpu
2024-09-25 10:58:43,277 [ERROR] ConditionMgr:805 - Attr not supported : Dmpu
2024-09-25 10:58:43,277 [ERROR] ConditionMgr:805 - Attr not supported : Dmpu
2024-09-25 10:58:43,277 [ERROR] ConditionMgr:805 - Attr not supported : Dmpu
2024-09-25 10:58:43,277 [ERROR] ConditionMgr:805 - Attr not supported : Dmpu
2024-09-25 10:58:43,277 [ERROR] ConditionMgr:805 - Attr not supported : Dmpu
2024-09-25 10:58:43,277 [ERROR] ConditionMgr:805 - Attr not supported : Dmpu
2024-09-25 10:58:43,277 [ERROR] ConditionMgr:805 - Attr not supported : Dmpu
2024-09-25 10:58:43,278 [ERROR] ConditionMgr:805 - Attr not supported : Dmpu
2024-09-25 10:58:43,278 [ERROR] ConditionMgr:805 - Attr not supported : Dmpu
2024-09-25 10:58:43,278 [ERROR] ConditionMgr:805 - Attr not supported : Dmpu
2024-09-25 10:58:43,278 [ERROR] ConditionMgr:805 - Attr not supported : Dmpu
2024-09-25 10:58:43,279 [ERROR] ConditionMgr:805 - Attr not supported : Dmpu
2024-09-25 10:58:43,279 [ERROR] ConditionMgr:805 - Attr not supported : Dmpu
2024-09-25 10:58:43,279 [ERROR] ConditionMgr:805 - Attr not supported : Dmpu
2024-09-25 10:58:43,279 [ERROR] ConditionMgr:805 - Attr not supported : Dmpu
2024-09-25 10:58:43,279 [ERROR] ConditionMgr:805 - Attr not supported : Dmpu
2024-09-25 10:58:43,279 [ERROR] ConditionMgr:805 - Attr not supported : Dmpu
2024-09-25 10:58:43,279 [ERROR] ConditionMgr:805 - Attr not supported : Dmpu
2024-09-25 10:58:43,279 [ERROR] ConditionMgr:805 - Attr not supported : Dmpu
2024-09-25 10:58:43,279 [ERROR] ConditionMgr:805 - Attr not supported : Dmpu
2024-09-25 10:58:43,279 [ERROR] ConditionMgr:805 - Attr not supported : Dmpu
2024-09-25 10:58:43,280 [ERROR] ConditionMgr:805 - Attr not supported : Dmpu
2024-09-25 10:58:43,280 [ERROR] ConditionMgr:805 - Attr not supported : Dmpu
2024-09-25 10:58:43,280 [ERROR] ConditionMgr:805 - Attr not supported : Dmpu
2024-09-25 10:58:43,280 [ERROR] ConditionMgr:805 - Attr not supported : Dmpu
2024-09-25 10:58:43,280 [ERROR] ConditionMgr:805 - Attr not supported : Dmpu
2024-09-25 10:58:43,280 [ERROR] ConditionMgr:805 - Attr not supported : Dmpu
2024-09-25 10:58:43,280 [ERROR] ConditionMgr:805 - Attr not supported : Dmpu
2024-09-25 10:58:43,280 [ERROR] ConditionMgr:805 - Attr not supported : Dmpu
2024-09-25 10:58:43,280 [ERROR] ConditionMgr:805 - Attr not supported : Dmpu
2024-09-25 10:58:43,281 [ERROR] ConditionMgr:805 - Attr not supported : Dmpu
2024-09-25 10:58:43,281 [ERROR] ConditionMgr:805 - Attr not supported : Dmpu
2024-09-25 10:58:43,281 [ERROR] ConditionMgr:805 - Attr not supported : Dmpu
2024-09-25 10:58:43,281 [ERROR] ConditionMgr:805 - Attr not supported : Dmpu
2024-09-25 10:58:43,281 [ERROR] ConditionMgr:805 - Attr not supported : Dmpu
2024-09-25 10:58:43,282 [ERROR] ConditionMgr:805 - Attr not supported : Dmpu
2024-09-25 10:58:43,282 [ERROR] ConditionMgr:805 - Attr not supported : Dmpu
2024-09-25 10:58:43,282 [ERROR] ConditionMgr:805 - Attr not supported : Dmpu
2024-09-25 10:58:43,284 [ERROR] ConditionMgr:805 - Attr not supported : Dmpu
2024-09-25 10:58:43,284 [ERROR] ConditionMgr:805 - Attr not supported : Dmpu
2024-09-25 10:58:43,284 [ERROR] ConditionMgr:805 - Attr not supported : Dmpu
2024-09-25 10:58:43,284 [ERROR] ConditionMgr:805 - Attr not supported : Dmpu
2024-09-25 10:58:43,284 [ERROR] ConditionMgr:805 - Attr not supported : Dmpu
2024-09-25 10:58:43,285 [ERROR] ConditionMgr:805 - Attr not supported : Dmpu
2024-09-25 10:58:43,285 [ERROR] ConditionMgr:805 - Attr not supported : Dmpu
2024-09-25 10:58:43,285 [ERROR] ConditionMgr:805 - Attr not supported : Dmpu
2024-09-25 10:58:43,285 [ERROR] ConditionMgr:805 - Attr not supported : Dmpu
2024-09-25 10:58:43,285 [ERROR] ConditionMgr:805 - Attr not supported : Dmpu
2024-09-25 10:58:43,285 [ERROR] ConditionMgr:805 - Attr not supported : Dmpu
2024-09-25 10:58:43,285 [ERROR] ConditionMgr:805 - Attr not supported : Dmpu
2024-09-25 10:58:43,286 [ERROR] ConditionMgr:805 - Attr not supported : Dmpu
2024-09-25 10:58:43,286 [ERROR] ConditionMgr:805 - Attr not supported : Dmpu
2024-09-25 10:58:43,286 [ERROR] ConditionMgr:805 - Attr not supported : Dmpu
2024-09-25 10:58:43,286 [ERROR] ConditionMgr:805 - Attr not supported : Dmpu
2024-09-25 10:58:43,286 [ERROR] ConditionMgr:805 - Attr not supported : Dmpu
2024-09-25 10:58:43,286 [ERROR] ConditionMgr:805 - Attr not supported : Dmpu
2024-09-25 10:58:43,286 [ERROR] ConditionMgr:805 - Attr not supported : Dmpu
2024-09-25 10:58:43,286 [ERROR] ConditionMgr:805 - Attr not supported : Dmpu
2024-09-25 10:58:43,286 [ERROR] ConditionMgr:805 - Attr not supported : Dmpu
2024-09-25 10:58:43,286 [ERROR] ConditionMgr:805 - Attr not supported : Dmpu
2024-09-25 10:58:43,287 [ERROR] ConditionMgr:805 - Attr not supported : Dmpu
2024-09-25 10:58:43,287 [ERROR] ConditionMgr:805 - Attr not supported : Dmpu
2024-09-25 10:58:43,287 [ERROR] ConditionMgr:805 - Attr not supported : Dmpu
2024-09-25 10:58:43,297 [WARN] PackLoader:240 - Cannot read IP mode file for RealThread.X-CUBE-RT-Thread_Nano.4.1.1
2024-09-25 10:58:43,304 [WARN] PackLoader:240 - Cannot read IP mode file for wolfSSL.I-CUBE-wolfSSL.5.7.0
2024-09-25 10:58:43,311 [WARN] PackLoader:240 - Cannot read IP mode file for STMicroelectronics.FP-ATR-SIGFOX1.3.2.0
2024-09-25 10:58:43,323 [WARN] PackLoader:240 - Cannot read IP mode file for STMicroelectronics.X-CUBE-EEPRMA1.5.1.0
2024-09-25 10:58:43,328 [INFO] WebApp:448 - Apply proxy settings
2024-09-25 10:58:43,329 [INFO] WebApp:533 - Chromium requires no authentication
2024-09-25 10:58:43,336 [WARN] PackLoader:240 - Cannot read IP mode file for ITTIA_DB.I-CUBE-ITTIADB.8.9.0
2024-09-25 10:58:43,347 [INFO] WebApp:476 - Direct internet connection detected
2024-09-25 10:58:43,369 [WARN] PackLoader:240 - Cannot read IP mode file for SEGGER.I-CUBE-embOS.1.3.1
2024-09-25 10:58:43,427 [INFO] WebApp:869 - Register for checkConnection events
2024-09-25 10:58:43,427 [INFO] WebApp:448 - Apply proxy settings
2024-09-25 10:58:43,428 [INFO] WebApp:533 - Chromium requires no authentication
2024-09-25 10:58:43,430 [INFO] WebApp:476 - Direct internet connection detected
2024-09-25 10:58:43,462 [WARN] PackLoader:240 - Cannot read IP mode file for STMicroelectronics.X-CUBE-ALGOBUILD.1.4.0
2024-09-25 10:58:43,474 [WARN] PackLoader:240 - Cannot read IP mode file for STMicroelectronics.X-CUBE-GNSS1.6.0.0
2024-09-25 10:58:43,493 [WARN] PackLoader:240 - Cannot read IP mode file for STMicroelectronics.X-CUBE-AZRTOS-F4.1.1.0
2024-09-25 10:58:43,506 [WARN] PackLoader:240 - Cannot read IP mode file for STMicroelectronics.X-CUBE-ISPU.2.1.0
2024-09-25 10:58:43,517 [WARN] PackLoader:240 - Cannot read IP mode file for STMicroelectronics.X-CUBE-FREERTOS.1.2.0
2024-09-25 10:58:43,544 [WARN] PackLoader:240 - Cannot read IP mode file for STMicroelectronics.X-CUBE-AZRTOS-L5.2.0.0
2024-09-25 10:58:43,571 [WARN] PackLoader:240 - Cannot read IP mode file for STMicroelectronics.X-CUBE-NFC6.3.1.0
2024-09-25 10:58:43,584 [WARN] PackLoader:240 - Cannot read IP mode file for STMicroelectronics.X-CUBE-DPower.1.2.0
2024-09-25 10:58:43,589 [WARN] PackLoader:240 - Cannot read IP mode file for STMicroelectronics.X-CUBE-AI.9.0.0
2024-09-25 10:58:43,596 [WARN] PackLoader:240 - Cannot read IP mode file for STMicroelectronics.X-CUBE-NFC7.1.0.1
2024-09-25 10:58:43,605 [WARN] PackLoader:240 - Cannot read IP mode file for wolfSSL.I-CUBE-wolfTPM.3.2.0
2024-09-25 10:58:43,611 [WARN] PackLoader:240 - Cannot read IP mode file for STMicroelectronics.X-CUBE-AI.8.1.0
2024-09-25 10:58:43,630 [WARN] ConditionMgr:438 - getConditionDescription Invalid condition id : LAN8742 Phy interface Condition cause : null
2024-09-25 10:58:43,631 [WARN] PackLoader:240 - Cannot read IP mode file for STMicroelectronics.X-CUBE-AZRTOS-L4.2.0.0
2024-09-25 10:58:43,635 [WARN] ConditionMgr:1039 - genDependencies : Invalid condition id : LAN8742 Phy interface Condition cause : null
2024-09-25 10:58:43,636 [WARN] ConditionMgr:1039 - genDependencies : Invalid condition id : LAN8742 Phy interface Condition cause : null
2024-09-25 10:58:43,637 [WARN] ConditionMgr:1039 - genDependencies : Invalid condition id : LAN8742 Phy interface Condition cause : null
2024-09-25 10:58:43,645 [WARN] PackLoader:240 - Cannot read IP mode file for STMicroelectronics.X-CUBE-SFXS2LP1.4.0.0
2024-09-25 10:58:43,678 [WARN] PackLoader:240 - Cannot read IP mode file for STMicroelectronics.X-CUBE-AZRTOS-H7.3.3.0
2024-09-25 10:58:43,721 [WARN] ConditionMgr:438 - getConditionDescription Invalid condition id : UX DEVICE CLASS RTOS Condition cause : null
2024-09-25 10:58:43,722 [WARN] ConditionMgr:438 - getConditionDescription Invalid condition id : UX DEVICE CLASS RTOS Condition cause : null
2024-09-25 10:58:43,729 [WARN] PackLoader:240 - Cannot read IP mode file for STMicroelectronics.X-CUBE-AZRTOS-WB.2.0.0
2024-09-25 10:58:43,730 [WARN] ConditionMgr:1039 - genDependencies : Invalid condition id : UX DEVICE CLASS RTOS Condition cause : null
2024-09-25 10:58:43,731 [WARN] ConditionMgr:1039 - genDependencies : Invalid condition id : UX DEVICE CLASS RTOS Condition cause : null
2024-09-25 10:58:43,736 [WARN] ConditionMgr:1039 - genDependencies : Invalid condition id : UX DEVICE CLASS RTOS Condition cause : null
2024-09-25 10:58:43,736 [WARN] ConditionMgr:1039 - genDependencies : Invalid condition id : UX DEVICE CLASS RTOS Condition cause : null
2024-09-25 10:58:43,737 [WARN] ConditionMgr:1039 - genDependencies : Invalid condition id : UX DEVICE CLASS RTOS Condition cause : null
2024-09-25 10:58:43,747 [WARN] PackLoader:240 - Cannot read IP mode file for STMicroelectronics.X-CUBE-GNSS1.7.0.0
2024-09-25 10:58:43,771 [WARN] PackLoader:240 - Cannot read IP mode file for STMicroelectronics.FP-SNS-STBOX1.2.0.0
2024-09-25 10:58:43,802 [WARN] PackLoader:240 - Cannot read IP mode file for STMicroelectronics.X-CUBE-SUBG2.5.0.0
2024-09-25 10:58:43,826 [WARN] PackLoader:240 - Cannot read IP mode file for Cesanta.I-CUBE-Mongoose.7.13.0
2024-09-25 10:58:43,871 [WARN] PackLoader:240 - Cannot read IP mode file for STMicroelectronics.X-CUBE-AZRTOS-G4.2.0.0
2024-09-25 10:58:43,892 [WARN] PackLoader:240 - Cannot read IP mode file for STMicroelectronics.FP-SNS-MOTENVWB1.1.3.1
2024-09-25 10:58:43,908 [WARN] PackLoader:240 - Cannot read IP mode file for STMicroelectronics.X-CUBE-ISPU.2.0.0
2024-09-25 10:58:43,920 [WARN] PackLoader:240 - Cannot read IP mode file for STMicroelectronics.X-CUBE-ALS.1.0.2
2024-09-25 10:58:44,030 [WARN] PackLoader:240 - Cannot read IP mode file for STMicroelectronics.X-CUBE-MEMS1.10.0.0
2024-09-25 10:58:44,100 [INFO] WebApp:186 - Connection restablished
2024-09-25 10:58:44,118 [INFO] WebApp:220 - Starting web application
2024-09-25 10:58:44,119 [INFO] WebApp:578 - Web application path used C:\ST\STM32CubeIDE_1.4.0\STM32CubeIDE\plugins\com.st.stm32cube.common.mx_6.12.1.202409122256\db\plugins\mcufinder\reactClient1\index.html
2024-09-25 10:58:44,292 [WARN] PackLoader:240 - Cannot read IP mode file for STMicroelectronics.X-CUBE-FREERTOS.1.1.0
2024-09-25 10:58:44,297 [WARN] PackLoader:240 - Cannot read IP mode file for STMicroelectronics.X-CUBE-TOUCHGFX.4.24.0
2024-09-25 10:58:44,303 [WARN] PackLoader:240 - Cannot read IP mode file for STMicroelectronics.X-CUBE-TOUCHGFX.4.24.1
2024-09-25 10:58:44,312 [WARN] PackLoader:240 - Cannot read IP mode file for portGmbH.I-Cube-SoM-uGOAL.1.1.0
2024-09-25 10:58:44,317 [INFO] UserAuth:417 - Internet connection configuration mode: 1
2024-09-25 10:58:44,319 [WARN] PackLoader:240 - Cannot read IP mode file for STMicroelectronics.X-CUBE-ALS.1.0.1
2024-09-25 10:58:44,348 [WARN] PackLoader:240 - Cannot read IP mode file for STMicroelectronics.X-CUBE-AZRTOS-H7RS.1.0.0
2024-09-25 10:58:44,364 [WARN] PackLoader:240 - Cannot read IP mode file for STMicroelectronics.FP-ATR-ASTRA1.2.0.0
2024-09-25 10:58:44,386 [WARN] PackLoader:240 - Cannot read IP mode file for STMicroelectronics.X-CUBE-TOF1.3.4.2
2024-09-25 10:58:44,411 [WARN] PackLoader:240 - Cannot read IP mode file for STMicroelectronics.X-CUBE-TOF1.3.4.1
2024-09-25 10:58:44,454 [WARN] PackLoader:240 - Cannot read IP mode file for STMicroelectronics.X-CUBE-AZRTOS-H7.3.2.0
2024-09-25 10:58:44,483 [WARN] PackLoader:240 - Cannot read IP mode file for Infineon.AIROC-Wi-Fi-Bluetooth-STM32.1.6.0
2024-09-25 10:58:44,495 [WARN] PackLoader:240 - Cannot read IP mode file for wolfSSL.I-CUBE-wolfSSH.1.4.17
2024-09-25 10:58:44,496 [INFO] ThirdParty:978 - Integrity check success = true
2024-09-25 10:58:44,496 [INFO] IntegrityCheckThread:100 - exiting critical section [integrity check]
2024-09-25 10:58:44,497 [INFO] IntegrityCheckThread:103 - End integrity checks thread
