2024-04-02 10:41:15,118 [INFO] Activator:176 - 


2024-04-02 10:41:15,127 [INFO] Activator:177 - !SESSION log4j initialized
2024-04-02 10:41:22,116 [INFO] LogOutputStream:77 - [STDOUT_REDIRECT] 
2024-04-02 10:41:24,670 [INFO] ApplicationProperties:184 - Using Application install path: C:\ST\STM32CubeIDE_1.4.0\STM32CubeIDE\plugins\com.st.stm32cube.common.mx_6.11.0.202403141607
2024-04-02 10:41:24,695 [INFO] DbMcusXml:78 - Set database path to: C:\ST\STM32CubeIDE_1.4.0\STM32CubeIDE\plugins\com.st.stm32cube.common.mx_6.11.0.202403141607\\db\/mcu/
2024-04-02 10:41:24,695 [INFO] ApiDb:274 - Set plugin database path to: C:\ST\STM32CubeIDE_1.4.0\STM32CubeIDE\plugins\com.st.stm32cube.common.mx_6.11.0.202403141607\\db\/plugins/boardmanager/
2024-04-02 10:41:24,695 [WARN] ApiDb:259 - Overriding images path with different value:  => C:\ST\STM32CubeIDE_1.4.0\STM32CubeIDE\plugins\com.st.stm32cube.common.mx_6.11.0.202403141607\\db\/plugins/mcufinder/images/
2024-04-02 10:41:24,718 [INFO] ApiDb:250 - Set database path to: C:\Users\Abhishek\.stmcufinder\plugins\mcufinder//mcu/
2024-04-02 10:41:24,719 [INFO] DbMcusAds:125 - Set database path to: C:\Users\Abhishek\.stmcufinder\plugins\mcufinder//mcu/
2024-04-02 10:41:24,721 [INFO] CrossReferenceDbSqlite:203 - Set database path to: C:\Users\Abhishek\.stmcufinder\plugins\mcufinder//mcu/cs/
2024-04-02 10:41:24,902 [INFO] RulesReader:64 - Compatibility file has been processed (297 Rules)
2024-04-02 10:41:25,045 [INFO] DbMcusXml:78 - Set database path to: C:\ST\STM32CubeIDE_1.4.0\STM32CubeIDE\plugins\com.st.stm32cube.common.mx_6.11.0.202403141607\\db\/mcu/
2024-04-02 10:41:25,045 [INFO] ApiDb:274 - Set plugin database path to: C:\ST\STM32CubeIDE_1.4.0\STM32CubeIDE\plugins\com.st.stm32cube.common.mx_6.11.0.202403141607\\db\/plugins/boardmanager/
2024-04-02 10:41:25,045 [INFO] ApiDb:261 - Set plugin images path to: C:\ST\STM32CubeIDE_1.4.0\STM32CubeIDE\plugins\com.st.stm32cube.common.mx_6.11.0.202403141607\\db\/plugins/mcufinder/images/
2024-04-02 10:41:25,046 [WARN] DbFile:41 - Overriding database path with different value: C:\Users\Abhishek\.stmcufinder\plugins\mcufinder/ => C:\Users\Abhishek\.stmcufinder\plugins\mcufinder
2024-04-02 10:41:25,046 [INFO] ApiDb:250 - Set database path to: C:\Users\Abhishek\.stmcufinder\plugins\mcufinder//mcu/
2024-04-02 10:41:25,046 [WARN] DbFile:41 - Overriding database path with different value: C:\Users\Abhishek\.stmcufinder\plugins\mcufinder/ => C:\Users\Abhishek\.stmcufinder\plugins\mcufinder
2024-04-02 10:41:25,046 [INFO] DbMcusAds:125 - Set database path to: C:\Users\Abhishek\.stmcufinder\plugins\mcufinder//mcu/
2024-04-02 10:41:25,046 [WARN] DbFile:41 - Overriding database path with different value: C:\Users\Abhishek\.stmcufinder\plugins\mcufinder/ => C:\Users\Abhishek\.stmcufinder\plugins\mcufinder
2024-04-02 10:41:25,047 [WARN] DbFile:41 - Overriding database path with different value: C:\Users\Abhishek\.stmcufinder\plugins\mcufinder/ => C:\Users\Abhishek\.stmcufinder\plugins\mcufinder
2024-04-02 10:41:25,047 [INFO] CrossReferenceDbSqlite:203 - Set database path to: C:\Users\Abhishek\.stmcufinder\plugins\mcufinder//mcu/cs/
2024-04-02 10:41:25,185 [INFO] MainPanel:264 - HeapMemory: 268435456
2024-04-02 10:41:25,349 [INFO] DbMcusXml:78 - Set database path to: C:\ST\STM32CubeIDE_1.4.0\STM32CubeIDE\plugins\com.st.stm32cube.common.mx_6.11.0.202403141607\\db\/mcu/
2024-04-02 10:41:25,349 [INFO] ApiDb:274 - Set plugin database path to: C:\ST\STM32CubeIDE_1.4.0\STM32CubeIDE\plugins\com.st.stm32cube.common.mx_6.11.0.202403141607\\db\/plugins/boardmanager/
2024-04-02 10:41:25,349 [INFO] ApiDb:261 - Set plugin images path to: C:\ST\STM32CubeIDE_1.4.0\STM32CubeIDE\plugins\com.st.stm32cube.common.mx_6.11.0.202403141607\\db\/plugins/mcufinder/images/
2024-04-02 10:41:25,350 [WARN] DbFile:41 - Overriding database path with different value: C:\Users\Abhishek\.stmcufinder\plugins\mcufinder/ => C:\Users\Abhishek\.stmcufinder\plugins\mcufinder
2024-04-02 10:41:25,350 [INFO] ApiDb:250 - Set database path to: C:\Users\Abhishek\.stmcufinder\plugins\mcufinder//mcu/
2024-04-02 10:41:25,350 [WARN] DbFile:41 - Overriding database path with different value: C:\Users\Abhishek\.stmcufinder\plugins\mcufinder/ => C:\Users\Abhishek\.stmcufinder\plugins\mcufinder
2024-04-02 10:41:25,350 [INFO] DbMcusAds:125 - Set database path to: C:\Users\Abhishek\.stmcufinder\plugins\mcufinder//mcu/
2024-04-02 10:41:25,350 [WARN] DbFile:41 - Overriding database path with different value: C:\Users\Abhishek\.stmcufinder\plugins\mcufinder/ => C:\Users\Abhishek\.stmcufinder\plugins\mcufinder
2024-04-02 10:41:25,350 [WARN] DbFile:41 - Overriding database path with different value: C:\Users\Abhishek\.stmcufinder\plugins\mcufinder/ => C:\Users\Abhishek\.stmcufinder\plugins\mcufinder
2024-04-02 10:41:25,350 [INFO] CrossReferenceDbSqlite:203 - Set database path to: C:\Users\Abhishek\.stmcufinder\plugins\mcufinder//mcu/cs/
2024-04-02 10:41:25,392 [INFO] ApplicationProperties:184 - Using Application install path: C:\ST\STM32CubeIDE_1.4.0\STM32CubeIDE\plugins\com.st.stm32cube.common.mx_6.11.0.202403141607
2024-04-02 10:41:25,396 [INFO] PluginManage:196 - Search for loadable plugins [exclusion list=, ]
2024-04-02 10:41:25,401 [INFO] PluginManage:310 - Check plugin analytics
2024-04-02 10:41:25,704 [INFO] AnalyticsPlugin:253 - Accepted Software Licenses: STM32CubeMX.6.1.0,STM32CubeMX.6.4.0,STM32CubeMX.6.2.0,STM32CubeMX.6.10.0
2024-04-02 10:41:25,704 [INFO] AnalyticsPlugin:255 - Accepted CMSIS Pack Licenses: 
2024-04-02 10:41:25,704 [INFO] AnalyticsPlugin:257 - Accepted Firmware Licenses: 
2024-04-02 10:41:25,707 [INFO] PluginManage:359 - Loaded plugin analytics (category:tool,tabindex:-1)
2024-04-02 10:41:25,708 [INFO] PluginManage:310 - Check plugin cadmodel
2024-04-02 10:41:25,756 [INFO] CADModel:105 - Init CAD model plugin
2024-04-02 10:41:25,757 [INFO] PluginManage:359 - Loaded plugin cadmodel (category:power,tabindex:5)
2024-04-02 10:41:25,757 [INFO] PluginManage:310 - Check plugin clock
2024-04-02 10:41:25,833 [INFO] PluginManage:359 - Loaded plugin clock (category:base,tabindex:2)
2024-04-02 10:41:25,833 [INFO] PluginManage:310 - Check plugin ddr
2024-04-02 10:41:25,837 [INFO] PluginManage:359 - Loaded plugin ddr (category:tool,tabindex:6)
2024-04-02 10:41:25,837 [INFO] PluginManage:310 - Check plugin filemanager
2024-04-02 10:41:26,016 [INFO] PluginManage:359 - Loaded plugin filemanager (category:base,tabindex:10)
2024-04-02 10:41:26,016 [INFO] PluginManage:310 - Check plugin ipmanager
2024-04-02 10:41:26,029 [INFO] PluginManage:359 - Loaded plugin ipmanager (category:base,tabindex:5)
2024-04-02 10:41:26,030 [INFO] PluginManage:310 - Check plugin lpbam
2024-04-02 10:41:26,058 [INFO] PluginManage:359 - Loaded plugin lpbam (category:base,tabindex:0)
2024-04-02 10:41:26,058 [INFO] PluginManage:310 - Check plugin memorymap
2024-04-02 10:41:26,096 [INFO] PluginManage:359 - Loaded plugin memorymap (category:base,tabindex:4)
2024-04-02 10:41:26,096 [INFO] PluginManage:310 - Check plugin pinoutandconfiguration
2024-04-02 10:41:26,139 [INFO] PluginManage:359 - Loaded plugin pinoutandconfiguration (category:base,tabindex:1)
2024-04-02 10:41:26,140 [INFO] PluginManage:310 - Check plugin pinoutconfig
2024-04-02 10:41:26,284 [WARN] SupportedApi:132 - Cannot load RTOS API schema: s4s-elt-must-match.1: The content of 'definitions' must match (annotation?, (simpleType | complexType)?, (unique | key | keyref)*)). A problem was found starting at: attribute.
2024-04-02 10:41:26,457 [INFO] PluginManage:359 - Loaded plugin pinoutconfig (category:base,tabindex:0)
2024-04-02 10:41:26,457 [INFO] PluginManage:310 - Check plugin power
2024-04-02 10:41:26,477 [INFO] PluginManage:359 - Loaded plugin power (category:power,tabindex:4)
2024-04-02 10:41:26,477 [INFO] PluginManage:310 - Check plugin projectmanager
2024-04-02 10:41:26,495 [INFO] PluginManage:359 - Loaded plugin projectmanager (category:projectmanager,tabindex:3)
2024-04-02 10:41:26,496 [INFO] PluginManage:310 - Check plugin thirdparty
2024-04-02 10:41:26,690 [INFO] PluginManage:359 - Loaded plugin thirdparty (category:base,tabindex:-1)
2024-04-02 10:41:26,690 [WARN] IntegrityCheckThread:84 - waiting for thirdparty lock release [integrity check]
2024-04-02 10:41:26,690 [INFO] IntegrityCheckThread:86 - entering critical section [integrity check]
2024-04-02 10:41:26,690 [INFO] PluginManage:310 - Check plugin tools
2024-04-02 10:41:26,691 [INFO] ThirdPartyUpdaterWithRetryManager:70 - Updater plugin not ready yet. [1/15]
2024-04-02 10:41:26,696 [INFO] PluginManage:359 - Loaded plugin tools (category:base,tabindex:7)
2024-04-02 10:41:26,696 [INFO] PluginManage:310 - Check plugin tutovideos
2024-04-02 10:41:26,927 [INFO] PluginManage:359 - Loaded plugin tutovideos (category:base,tabindex:-1)
2024-04-02 10:41:26,928 [INFO] PluginManage:310 - Check plugin updater
2024-04-02 10:41:26,944 [INFO] PluginManage:359 - Loaded plugin updater (category:base,tabindex:12)
2024-04-02 10:41:26,944 [INFO] PluginManage:310 - Check plugin userauth
2024-04-02 10:41:26,953 [INFO] UserAuth:114 - Init User Auth plugin
2024-04-02 10:41:26,953 [INFO] PluginManage:359 - Loaded plugin userauth (category:base,tabindex:14)
2024-04-02 10:41:26,954 [INFO] PluginManage:283 - PluginManage : Loaded plugins [17]
2024-04-02 10:41:27,250 [INFO] PinOutPanel:1561 - setPackage(No Configuration,No Configuration)
2024-04-02 10:41:27,348 [INFO] CADModel:165 - CPN selected for project level
2024-04-02 10:41:27,348 [INFO] CADModel:114 - Register for checkConnection events
2024-04-02 10:41:27,381 [INFO] IPUIPlugin:80 - create IPUIPlugin
2024-04-02 10:41:27,381 [INFO] PluginManager:220 - loadIPPluginJar : add adc
2024-04-02 10:41:27,385 [INFO] IPUIPlugin:80 - create IPUIPlugin
2024-04-02 10:41:27,385 [INFO] PluginManager:220 - loadIPPluginJar : add aes
2024-04-02 10:41:27,392 [INFO] IPUIPlugin:80 - create IPUIPlugin
2024-04-02 10:41:27,392 [INFO] PluginManager:220 - loadIPPluginJar : add can
2024-04-02 10:41:27,396 [INFO] IPUIPlugin:80 - create IPUIPlugin
2024-04-02 10:41:27,396 [INFO] PluginManager:220 - loadIPPluginJar : add comp
2024-04-02 10:41:27,401 [INFO] IPUIPlugin:80 - create IPUIPlugin
2024-04-02 10:41:27,401 [INFO] PluginManager:220 - loadIPPluginJar : add cryp
2024-04-02 10:41:27,406 [INFO] IPUIPlugin:80 - create IPUIPlugin
2024-04-02 10:41:27,406 [INFO] PluginManager:220 - loadIPPluginJar : add dfsdm
2024-04-02 10:41:27,419 [INFO] IPUIPlugin:80 - create IPUIPlugin
2024-04-02 10:41:27,419 [INFO] PluginManager:220 - loadIPPluginJar : add dma
2024-04-02 10:41:27,424 [INFO] IPUIPlugin:80 - create IPUIPlugin
2024-04-02 10:41:27,424 [INFO] PluginManager:220 - loadIPPluginJar : add dma3
2024-04-02 10:41:27,429 [INFO] IPUIPlugin:80 - create IPUIPlugin
2024-04-02 10:41:27,429 [INFO] PluginManager:220 - loadIPPluginJar : add extmemmanager
2024-04-02 10:41:27,432 [INFO] IPUIPlugin:80 - create IPUIPlugin
2024-04-02 10:41:27,432 [INFO] PluginManager:220 - loadIPPluginJar : add fatfs
2024-04-02 10:41:27,440 [INFO] IPUIPlugin:80 - create IPUIPlugin
2024-04-02 10:41:27,441 [INFO] PluginManager:220 - loadIPPluginJar : add fmc
2024-04-02 10:41:27,486 [INFO] IPUIPlugin:80 - create IPUIPlugin
2024-04-02 10:41:27,487 [INFO] PluginManager:220 - loadIPPluginJar : add freertos
2024-04-02 10:41:27,490 [INFO] IPUIPlugin:80 - create IPUIPlugin
2024-04-02 10:41:27,490 [INFO] PluginManager:220 - loadIPPluginJar : add genericplugin
2024-04-02 10:41:27,497 [INFO] IPUIPlugin:80 - create IPUIPlugin
2024-04-02 10:41:27,497 [INFO] PluginManager:220 - loadIPPluginJar : add gfxmmu
2024-04-02 10:41:27,507 [INFO] IPUIPlugin:80 - create IPUIPlugin
2024-04-02 10:41:27,508 [INFO] PluginManager:220 - loadIPPluginJar : add gic
2024-04-02 10:41:27,524 [INFO] IPUIPlugin:80 - create IPUIPlugin
2024-04-02 10:41:27,525 [INFO] PluginManager:220 - loadIPPluginJar : add gpio
2024-04-02 10:41:27,533 [INFO] IPUIPlugin:80 - create IPUIPlugin
2024-04-02 10:41:27,533 [INFO] PluginManager:220 - loadIPPluginJar : add gtzc
2024-04-02 10:41:27,539 [INFO] IPUIPlugin:80 - create IPUIPlugin
2024-04-02 10:41:27,539 [INFO] PluginManager:220 - loadIPPluginJar : add hash
2024-04-02 10:41:27,545 [INFO] IPUIPlugin:80 - create IPUIPlugin
2024-04-02 10:41:27,545 [INFO] PluginManager:220 - loadIPPluginJar : add i2c
2024-04-02 10:41:27,551 [INFO] IPUIPlugin:80 - create IPUIPlugin
2024-04-02 10:41:27,551 [INFO] PluginManager:220 - loadIPPluginJar : add i2s
2024-04-02 10:41:27,558 [INFO] IPUIPlugin:80 - create IPUIPlugin
2024-04-02 10:41:27,558 [INFO] PluginManager:220 - loadIPPluginJar : add i3c
2024-04-02 10:41:27,566 [INFO] IPUIPlugin:80 - create IPUIPlugin
2024-04-02 10:41:27,567 [INFO] PluginManager:220 - loadIPPluginJar : add ipddr
2024-04-02 10:41:27,581 [INFO] IPUIPlugin:80 - create IPUIPlugin
2024-04-02 10:41:27,581 [INFO] PluginManager:220 - loadIPPluginJar : add linkedlist
2024-04-02 10:41:27,585 [INFO] IPUIPlugin:80 - create IPUIPlugin
2024-04-02 10:41:27,585 [INFO] PluginManager:220 - loadIPPluginJar : add lorawan
2024-04-02 10:41:27,589 [INFO] IPUIPlugin:80 - create IPUIPlugin
2024-04-02 10:41:27,590 [INFO] PluginManager:220 - loadIPPluginJar : add ltdc
2024-04-02 10:41:27,609 [INFO] IPUIPlugin:80 - create IPUIPlugin
2024-04-02 10:41:27,609 [INFO] PluginManager:220 - loadIPPluginJar : add mdma
2024-04-02 10:41:27,626 [INFO] IPUIPlugin:80 - create IPUIPlugin
2024-04-02 10:41:27,626 [INFO] PluginManager:220 - loadIPPluginJar : add nvic
2024-04-02 10:41:27,631 [INFO] IPUIPlugin:80 - create IPUIPlugin
2024-04-02 10:41:27,631 [INFO] PluginManager:220 - loadIPPluginJar : add opamp
2024-04-02 10:41:27,639 [INFO] IPUIPlugin:80 - create IPUIPlugin
2024-04-02 10:41:27,639 [INFO] PluginManager:220 - loadIPPluginJar : add openamp
2024-04-02 10:41:27,646 [INFO] IPUIPlugin:80 - create IPUIPlugin
2024-04-02 10:41:27,646 [INFO] PluginManager:220 - loadIPPluginJar : add pdm2pcm
2024-04-02 10:41:27,662 [INFO] IPUIPlugin:80 - create IPUIPlugin
2024-04-02 10:41:27,665 [INFO] PluginManager:220 - loadIPPluginJar : add plateformsettings
2024-04-02 10:41:27,668 [INFO] IPUIPlugin:80 - create IPUIPlugin
2024-04-02 10:41:27,668 [INFO] PluginManager:220 - loadIPPluginJar : add quadspi
2024-04-02 10:41:27,711 [INFO] IPUIPlugin:80 - create IPUIPlugin
2024-04-02 10:41:27,712 [INFO] PluginManager:220 - loadIPPluginJar : add resmgrutility
2024-04-02 10:41:27,718 [INFO] IPUIPlugin:80 - create IPUIPlugin
2024-04-02 10:41:27,718 [INFO] PluginManager:220 - loadIPPluginJar : add sai
2024-04-02 10:41:27,723 [INFO] IPUIPlugin:80 - create IPUIPlugin
2024-04-02 10:41:27,723 [INFO] PluginManager:220 - loadIPPluginJar : add spi
2024-04-02 10:41:27,733 [INFO] IPUIPlugin:80 - create IPUIPlugin
2024-04-02 10:41:27,733 [INFO] PluginManager:220 - loadIPPluginJar : add stm32_wpan
2024-04-02 10:41:27,737 [INFO] IPUIPlugin:80 - create IPUIPlugin
2024-04-02 10:41:27,737 [INFO] PluginManager:220 - loadIPPluginJar : add tim
2024-04-02 10:41:27,745 [INFO] IPUIPlugin:80 - create IPUIPlugin
2024-04-02 10:41:27,745 [INFO] PluginManager:220 - loadIPPluginJar : add touchsensing
2024-04-02 10:41:27,749 [INFO] IPUIPlugin:80 - create IPUIPlugin
2024-04-02 10:41:27,749 [INFO] PluginManager:220 - loadIPPluginJar : add tracer_emb
2024-04-02 10:41:27,753 [INFO] IPUIPlugin:80 - create IPUIPlugin
2024-04-02 10:41:27,753 [INFO] PluginManager:220 - loadIPPluginJar : add ts
2024-04-02 10:41:27,757 [INFO] IPUIPlugin:80 - create IPUIPlugin
2024-04-02 10:41:27,757 [INFO] PluginManager:220 - loadIPPluginJar : add tsc
2024-04-02 10:41:27,761 [INFO] IPUIPlugin:80 - create IPUIPlugin
2024-04-02 10:41:27,761 [INFO] PluginManager:220 - loadIPPluginJar : add ucpd
2024-04-02 10:41:27,767 [INFO] IPUIPlugin:80 - create IPUIPlugin
2024-04-02 10:41:27,767 [INFO] PluginManager:220 - loadIPPluginJar : add usart
2024-04-02 10:41:27,773 [INFO] IPUIPlugin:80 - create IPUIPlugin
2024-04-02 10:41:27,773 [INFO] PluginManager:220 - loadIPPluginJar : add usbx
2024-04-02 10:41:27,913 [INFO] CADModel:165 - CPN selected for project level
2024-04-02 10:41:27,914 [INFO] CADModel:114 - Register for checkConnection events
2024-04-02 10:41:27,914 [FATAL] Updater:308 - Updater called before beeing initialized
2024-04-02 10:41:27,914 [ERROR] CADModel:125 - Updater not yet initialized, retry later 
2024-04-02 10:41:28,098 [INFO] CADModel:165 - CPN selected for project level
2024-04-02 10:41:28,098 [INFO] CADModel:114 - Register for checkConnection events
2024-04-02 10:41:28,098 [FATAL] Updater:308 - Updater called before beeing initialized
2024-04-02 10:41:28,098 [ERROR] CADModel:125 - Updater not yet initialized, retry later 
2024-04-02 10:41:28,101 [FATAL] Updater:308 - Updater called before beeing initialized
2024-04-02 10:41:28,247 [FATAL] Updater:308 - Updater called before beeing initialized
2024-04-02 10:41:28,253 [INFO] DbMcusAds:53 - JSON generation date=Wed Nov 29 16:22:27 IST 2023 (1701255147349)
2024-04-02 10:41:28,253 [FATAL] Updater:308 - Updater called before beeing initialized
2024-04-02 10:41:28,308 [WARN] DetailPanel:346 - Failed to get advertising image, set to default
2024-04-02 10:41:28,412 [FATAL] Updater:308 - Updater called before beeing initialized
2024-04-02 10:41:28,416 [FATAL] Updater:308 - Updater called before beeing initialized
2024-04-02 10:41:28,416 [FATAL] Updater:308 - Updater called before beeing initialized
2024-04-02 10:41:28,416 [WARN] DetailPanel:346 - Failed to get advertising image, set to default
2024-04-02 10:41:28,416 [FATAL] Updater:308 - Updater called before beeing initialized
2024-04-02 10:41:28,476 [ERROR] Updater:1120 - MainUpdater not yet initialized. External WinMGr cannot be set.
2024-04-02 10:41:28,480 [INFO] Updater:1056 - Updater Version found : 6.11.0
2024-04-02 10:41:28,505 [INFO] ApplicationProperties:184 - Using Application install path: C:\ST\STM32CubeIDE_1.4.0\STM32CubeIDE\plugins\com.st.stm32cube.common.mx_6.11.0.202403141607
2024-04-02 10:41:29,066 [INFO] MainUpdater:2873 - connection check result : 10
2024-04-02 10:41:29,067 [INFO] MainUpdater:290 - Updater Check For Update Now.
2024-04-02 10:41:29,067 [INFO] MicroXplorer:498 - Change Database Version : DB.6.0.110
2024-04-02 10:41:29,074 [INFO] McuFinderGlobals:63 - Set McuFinder mode to 2 (CubeIDE integrated)
2024-04-02 10:41:29,074 [INFO] UserAuth:179 - activating auth plugin
2024-04-02 10:41:29,078 [INFO] UserAuth:415 - Internet connection configuration mode: 1
2024-04-02 10:41:29,115 [INFO] JxBrowserEngine:152 - Initiate JxBrowser Engine with user profile folder
2024-04-02 10:41:29,299 [INFO] CheckServerUpdateThread:120 - End of CheckServer Thread
2024-04-02 10:41:30,826 [WARN] PackLoader:240 - Cannot read IP mode file for STMicroelectronics.X-CUBE-SMBUS.2.1.0
2024-04-02 10:41:30,839 [WARN] PackLoader:240 - Cannot read IP mode file for STMicroelectronics.X-CUBE-TOUCHGFX.4.23.1
2024-04-02 10:41:30,845 [WARN] PackLoader:240 - Cannot read IP mode file for STMicroelectronics.X-CUBE-TOUCHGFX.4.23.0
2024-04-02 10:41:30,898 [WARN] PackLoader:240 - Cannot read IP mode file for STMicroelectronics.X-CUBE-AZRTOS-F7.1.1.0
2024-04-02 10:41:30,995 [WARN] PackLoader:240 - Cannot read IP mode file for STMicroelectronics.FP-SNS-MOTENV1.4.3.2
2024-04-02 10:41:31,027 [WARN] PackLoader:240 - Cannot read IP mode file for STMicroelectronics.X-CUBE-BLE1.6.2.4
2024-04-02 10:41:31,038 [WARN] PackLoader:240 - Cannot read IP mode file for STMicroelectronics.FP-SNS-FLIGHT1.5.0.2
2024-04-02 10:41:31,056 [WARN] PackLoader:240 - Cannot read IP mode file for STMicroelectronics.X-CUBE-DISPLAY.3.0.0
2024-04-02 10:41:31,078 [WARN] PackLoader:240 - Cannot read IP mode file for STMicroelectronics.X-CUBE-BLE1.7.0.0
2024-04-02 10:41:31,185 [WARN] PackLoader:240 - Cannot read IP mode file for STMicroelectronics.X-CUBE-MEMS1.9.3.0
2024-04-02 10:41:31,409 [WARN] PackLoader:240 - Cannot read IP mode file for STMicroelectronics.X-CUBE-BLEMGR.3.1.0
2024-04-02 10:41:31,419 [WARN] PackLoader:240 - Cannot read IP mode file for STMicroelectronics.FP-SNS-SMARTAG2.1.2.0
2024-04-02 10:41:31,435 [INFO] LogOutputStream:77 - [STDOUT_REDIRECT] 1 : Invalid condition id : UX_CORESTACK_Condition cause : null
2024-04-02 10:41:31,436 [INFO] LogOutputStream:77 - [STDOUT_REDIRECT] 1 : Invalid condition id : UX_CORESTACK_Condition cause : null
2024-04-02 10:41:31,439 [INFO] LogOutputStream:77 - [STDOUT_REDIRECT] 1 : Invalid condition id : UX_CORESTACK_Condition cause : null
2024-04-02 10:41:31,441 [INFO] LogOutputStream:77 - [STDOUT_REDIRECT] 1 : Invalid condition id : UX_CORESTACK_Condition cause : null
2024-04-02 10:41:31,444 [INFO] LogOutputStream:77 - [STDOUT_REDIRECT] 1 : Invalid condition id : UX_CORESTACK_Condition cause : null
2024-04-02 10:41:31,448 [WARN] PackLoader:240 - Cannot read IP mode file for STMicroelectronics.X-CUBE-AZRTOS-WL.2.0.0
2024-04-02 10:41:31,457 [WARN] PackLoader:240 - Cannot read IP mode file for STMicroelectronics.FP-SNS-MOTENV1.5.0.0
2024-04-02 10:41:31,469 [WARN] PackLoader:240 - Cannot read IP mode file for WES.I-CUBE-Cesium.1.3.0
2024-04-02 10:41:31,482 [WARN] PackLoader:240 - Cannot read IP mode file for STMicroelectronics.X-CUBE-TOF1.3.2.0
2024-04-02 10:41:31,495 [WARN] PackLoader:240 - Cannot read IP mode file for STMicroelectronics.X-CUBE-ISPU.1.0.0
2024-04-02 10:41:31,501 [WARN] PackLoader:240 - Cannot read IP mode file for STMicroelectronics.X-CUBE-TOUCHGFX.4.21.0
2024-04-02 10:41:31,556 [WARN] PackLoader:240 - Cannot read IP mode file for STMicroelectronics.X-CUBE-MEMS1.9.4.0
2024-04-02 10:41:31,622 [INFO] WebApp:161 - Instantiating new browser for Auth
2024-04-02 10:41:31,812 [WARN] PackLoader:240 - Cannot read IP mode file for STMicroelectronics.X-CUBE-AI.7.3.0
2024-04-02 10:41:31,825 [WARN] PackLoader:240 - Cannot read IP mode file for STMicroelectronics.X-CUBE-SAFEA1.1.2.2
2024-04-02 10:41:31,837 [WARN] PackLoader:240 - Cannot read IP mode file for STMicroelectronics.X-CUBE-NFC4.3.0.0
2024-04-02 10:41:31,852 [WARN] PackLoader:240 - Cannot read IP mode file for STMicroelectronics.X-CUBE-BLEMGR.3.0.0
2024-04-02 10:41:31,868 [WARN] PackLoader:240 - Cannot read IP mode file for STMicroelectronics.X-CUBE-BLEMGR.1.3.0
2024-04-02 10:41:31,901 [WARN] PackLoader:240 - Cannot read IP mode file for STMicroelectronics.FP-ATR-SIGFOX1.3.2.0
2024-04-02 10:41:31,912 [WARN] PackLoader:240 - Cannot read IP mode file for STMicroelectronics.X-CUBE-EEPRMA1.5.1.0
2024-04-02 10:41:31,973 [WARN] PackLoader:240 - Cannot read IP mode file for SEGGER.I-CUBE-embOS.1.3.1
2024-04-02 10:41:32,070 [WARN] PackLoader:240 - Cannot read IP mode file for STMicroelectronics.X-CUBE-AZRTOS-F4.1.1.0
2024-04-02 10:41:32,094 [WARN] PackLoader:240 - Cannot read IP mode file for STMicroelectronics.X-CUBE-AZRTOS-L5.2.0.0
2024-04-02 10:41:32,104 [WARN] PackLoader:240 - Cannot read IP mode file for STMicroelectronics.X-CUBE-NFC6.3.1.0
2024-04-02 10:41:32,116 [WARN] PackLoader:240 - Cannot read IP mode file for ITTIA_DB.I-CUBE-ITTIADB.8.8.0
2024-04-02 10:41:32,123 [WARN] PackLoader:240 - Cannot read IP mode file for STMicroelectronics.X-CUBE-NFC4.2.0.5
2024-04-02 10:41:32,130 [WARN] PackLoader:240 - Cannot read IP mode file for STMicroelectronics.X-CUBE-NFC7.1.0.1
2024-04-02 10:41:32,137 [WARN] PackLoader:240 - Cannot read IP mode file for STMicroelectronics.X-CUBE-NFC6.3.0.0
2024-04-02 10:41:32,147 [WARN] PackLoader:240 - Cannot read IP mode file for STMicroelectronics.X-CUBE-EEPRMA1.4.1.0
2024-04-02 10:41:32,152 [WARN] PackLoader:240 - Cannot read IP mode file for STMicroelectronics.X-CUBE-AI.8.1.0
2024-04-02 10:41:32,173 [WARN] ConditionMgr:438 - getConditionDescription Invalid condition id : LAN8742 Phy interface Condition cause : null
2024-04-02 10:41:32,175 [WARN] PackLoader:240 - Cannot read IP mode file for STMicroelectronics.X-CUBE-AZRTOS-L4.2.0.0
2024-04-02 10:41:32,176 [WARN] ConditionMgr:1039 - genDependencies : Invalid condition id : LAN8742 Phy interface Condition cause : null
2024-04-02 10:41:32,177 [WARN] ConditionMgr:1039 - genDependencies : Invalid condition id : LAN8742 Phy interface Condition cause : null
2024-04-02 10:41:32,177 [WARN] ConditionMgr:1039 - genDependencies : Invalid condition id : LAN8742 Phy interface Condition cause : null
2024-04-02 10:41:32,327 [WARN] PackLoader:240 - Cannot read IP mode file for STMicroelectronics.X-CUBE-AZRTOS-H7.3.0.0
2024-04-02 10:41:32,369 [WARN] PackLoader:240 - Cannot read IP mode file for STMicroelectronics.X-CUBE-ISPU.1.1.0
2024-04-02 10:41:32,628 [WARN] ConditionMgr:438 - getConditionDescription Invalid condition id : UX DEVICE CLASS RTOS Condition cause : null
2024-04-02 10:41:32,628 [WARN] ConditionMgr:438 - getConditionDescription Invalid condition id : UX DEVICE CLASS RTOS Condition cause : null
2024-04-02 10:41:32,631 [WARN] PackLoader:240 - Cannot read IP mode file for STMicroelectronics.X-CUBE-AZRTOS-WB.2.0.0
2024-04-02 10:41:32,632 [WARN] ConditionMgr:1039 - genDependencies : Invalid condition id : UX DEVICE CLASS RTOS Condition cause : null
2024-04-02 10:41:32,632 [WARN] ConditionMgr:1039 - genDependencies : Invalid condition id : UX DEVICE CLASS RTOS Condition cause : null
2024-04-02 10:41:32,633 [WARN] ConditionMgr:1039 - genDependencies : Invalid condition id : UX DEVICE CLASS RTOS Condition cause : null
2024-04-02 10:41:32,633 [WARN] ConditionMgr:1039 - genDependencies : Invalid condition id : UX DEVICE CLASS RTOS Condition cause : null
2024-04-02 10:41:32,633 [WARN] ConditionMgr:1039 - genDependencies : Invalid condition id : UX DEVICE CLASS RTOS Condition cause : null
2024-04-02 10:41:32,800 [WARN] PackLoader:240 - Cannot read IP mode file for STMicroelectronics.X-CUBE-BLEMGR.1.0.0
2024-04-02 10:41:33,160 [WARN] PackLoader:240 - Cannot read IP mode file for STMicroelectronics.X-CUBE-AZRTOS-L5.1.1.0
2024-04-02 10:41:33,414 [WARN] PackLoader:240 - Cannot read IP mode file for STMicroelectronics.X-CUBE-AZRTOS-G4.2.0.0
2024-04-02 10:41:33,495 [WARN] PackLoader:240 - Cannot read IP mode file for STMicroelectronics.FP-ATR-ASTRA1.1.1.1
2024-04-02 10:41:33,631 [WARN] PackLoader:240 - Cannot read IP mode file for Infineon.AIROC-Wi-Fi-Bluetooth-STM32.1.5.1
2024-04-02 10:41:33,753 [WARN] PackLoader:240 - Cannot read IP mode file for STMicroelectronics.FP-SNS-MOTENVWB1.1.3.1
2024-04-02 10:41:33,898 [WARN] PackLoader:240 - Cannot read IP mode file for STMicroelectronics.X-CUBE-ISPU.2.0.0
2024-04-02 10:41:34,120 [WARN] PackLoader:240 - Cannot read IP mode file for STMicroelectronics.X-CUBE-MEMS1.10.0.0
2024-04-02 10:41:34,254 [WARN] PackLoader:240 - Cannot read IP mode file for STMicroelectronics.X-CUBE-FREERTOS.1.1.0
2024-04-02 10:41:34,265 [WARN] PackLoader:240 - Cannot read IP mode file for STMicroelectronics.X-CUBE-AZRTOS-WB.1.1.0
2024-04-02 10:41:34,270 [WARN] PackLoader:240 - Cannot read IP mode file for STMicroelectronics.FP-ATR-ASTRA1.2.0.0
2024-04-02 10:41:34,280 [WARN] PackLoader:240 - Cannot read IP mode file for STMicroelectronics.X-CUBE-TOF1.3.4.0
2024-04-02 10:41:34,298 [WARN] PackLoader:240 - Cannot read IP mode file for STMicroelectronics.X-CUBE-TOF1.3.4.1
2024-04-02 10:41:34,331 [WARN] PackLoader:240 - Cannot read IP mode file for STMicroelectronics.X-CUBE-AZRTOS-H7.3.2.0
2024-04-02 10:41:34,334 [INFO] ThirdParty:978 - Integrity check success = true
2024-04-02 10:41:34,334 [INFO] IntegrityCheckThread:100 - exiting critical section [integrity check]
2024-04-02 10:41:34,335 [INFO] IntegrityCheckThread:103 - End integrity checks thread
2024-04-02 10:41:34,745 [INFO] WebApp:779 - Register for checkConnection events
2024-04-02 10:41:34,745 [INFO] WebApp:414 - Apply proxy settings
2024-04-02 10:41:34,745 [INFO] WebApp:499 - Chromium requires no authentication
2024-04-02 10:41:34,757 [INFO] WebApp:442 - Direct internet connection detected
2024-04-02 10:41:35,029 [INFO] WebApp:192 - Starting web application
2024-04-02 10:41:35,029 [INFO] WebApp:544 - Web application path used C:\ST\STM32CubeIDE_1.4.0\STM32CubeIDE\plugins\com.st.stm32cube.common.mx_6.11.0.202403141607\db\plugins\mcufinder\reactClient1\index.html
2024-04-02 17:57:57,219 [INFO] McuFinderGlobals:63 - Set McuFinder mode to 2 (CubeIDE integrated)
2024-04-02 17:57:57,225 [INFO] UserAuth:179 - activating auth plugin
2024-04-02 17:57:57,234 [INFO] UserAuth:415 - Internet connection configuration mode: 1
2024-04-02 18:25:53,698 [ERROR] LogOutputStream:75 - [STDERR_REDIRECT] 
