2024-08-10 18:27:59,952 [INFO] Activator:176 - 


2024-08-10 18:27:59,960 [INFO] Activator:177 - !SESSION log4j initialized
2024-08-10 18:28:06,827 [INFO] LogOutputStream:77 - [STDOUT_REDIRECT] 
2024-08-10 18:28:08,503 [INFO] ApplicationProperties:184 - Using Application install path: C:\ST\STM32CubeIDE_1.4.0\STM32CubeIDE\plugins\com.st.stm32cube.common.mx_6.12.0.202406281431
2024-08-10 18:28:08,527 [INFO] DbMcusXml:78 - Set database path to: C:\ST\STM32CubeIDE_1.4.0\STM32CubeIDE\plugins\com.st.stm32cube.common.mx_6.12.0.202406281431\\db\/mcu/
2024-08-10 18:28:08,527 [INFO] ApiDb:274 - Set plugin database path to: C:\ST\STM32CubeIDE_1.4.0\STM32CubeIDE\plugins\com.st.stm32cube.common.mx_6.12.0.202406281431\\db\/plugins/boardmanager/
2024-08-10 18:28:08,528 [WARN] ApiDb:259 - Overriding images path with different value:  => C:\ST\STM32CubeIDE_1.4.0\STM32CubeIDE\plugins\com.st.stm32cube.common.mx_6.12.0.202406281431\\db\/plugins/mcufinder/images/
2024-08-10 18:28:08,547 [INFO] ApiDb:250 - Set database path to: C:\Users\Abhishek\.stmcufinder\plugins\mcufinder//mcu/
2024-08-10 18:28:08,548 [INFO] DbMcusAds:125 - Set database path to: C:\Users\Abhishek\.stmcufinder\plugins\mcufinder//mcu/
2024-08-10 18:28:08,552 [INFO] CrossReferenceDbSqlite:203 - Set database path to: C:\Users\Abhishek\.stmcufinder\plugins\mcufinder//mcu/cs/
2024-08-10 18:28:08,704 [INFO] RulesReader:64 - Compatibility file has been processed (297 Rules)
2024-08-10 18:28:08,841 [INFO] DbMcusXml:78 - Set database path to: C:\ST\STM32CubeIDE_1.4.0\STM32CubeIDE\plugins\com.st.stm32cube.common.mx_6.12.0.202406281431\\db\/mcu/
2024-08-10 18:28:08,841 [INFO] ApiDb:274 - Set plugin database path to: C:\ST\STM32CubeIDE_1.4.0\STM32CubeIDE\plugins\com.st.stm32cube.common.mx_6.12.0.202406281431\\db\/plugins/boardmanager/
2024-08-10 18:28:08,841 [INFO] ApiDb:261 - Set plugin images path to: C:\ST\STM32CubeIDE_1.4.0\STM32CubeIDE\plugins\com.st.stm32cube.common.mx_6.12.0.202406281431\\db\/plugins/mcufinder/images/
2024-08-10 18:28:08,842 [WARN] DbFile:41 - Overriding database path with different value: C:\Users\Abhishek\.stmcufinder\plugins\mcufinder/ => C:\Users\Abhishek\.stmcufinder\plugins\mcufinder
2024-08-10 18:28:08,842 [INFO] ApiDb:250 - Set database path to: C:\Users\Abhishek\.stmcufinder\plugins\mcufinder//mcu/
2024-08-10 18:28:08,842 [WARN] DbFile:41 - Overriding database path with different value: C:\Users\Abhishek\.stmcufinder\plugins\mcufinder/ => C:\Users\Abhishek\.stmcufinder\plugins\mcufinder
2024-08-10 18:28:08,842 [INFO] DbMcusAds:125 - Set database path to: C:\Users\Abhishek\.stmcufinder\plugins\mcufinder//mcu/
2024-08-10 18:28:08,842 [WARN] DbFile:41 - Overriding database path with different value: C:\Users\Abhishek\.stmcufinder\plugins\mcufinder/ => C:\Users\Abhishek\.stmcufinder\plugins\mcufinder
2024-08-10 18:28:08,842 [WARN] DbFile:41 - Overriding database path with different value: C:\Users\Abhishek\.stmcufinder\plugins\mcufinder/ => C:\Users\Abhishek\.stmcufinder\plugins\mcufinder
2024-08-10 18:28:08,842 [INFO] CrossReferenceDbSqlite:203 - Set database path to: C:\Users\Abhishek\.stmcufinder\plugins\mcufinder//mcu/cs/
2024-08-10 18:28:08,975 [INFO] MainPanel:268 - HeapMemory: 268435456
2024-08-10 18:28:09,199 [INFO] DbMcusXml:78 - Set database path to: C:\ST\STM32CubeIDE_1.4.0\STM32CubeIDE\plugins\com.st.stm32cube.common.mx_6.12.0.202406281431\\db\/mcu/
2024-08-10 18:28:09,199 [INFO] ApiDb:274 - Set plugin database path to: C:\ST\STM32CubeIDE_1.4.0\STM32CubeIDE\plugins\com.st.stm32cube.common.mx_6.12.0.202406281431\\db\/plugins/boardmanager/
2024-08-10 18:28:09,199 [INFO] ApiDb:261 - Set plugin images path to: C:\ST\STM32CubeIDE_1.4.0\STM32CubeIDE\plugins\com.st.stm32cube.common.mx_6.12.0.202406281431\\db\/plugins/mcufinder/images/
2024-08-10 18:28:09,200 [WARN] DbFile:41 - Overriding database path with different value: C:\Users\Abhishek\.stmcufinder\plugins\mcufinder/ => C:\Users\Abhishek\.stmcufinder\plugins\mcufinder
2024-08-10 18:28:09,200 [INFO] ApiDb:250 - Set database path to: C:\Users\Abhishek\.stmcufinder\plugins\mcufinder//mcu/
2024-08-10 18:28:09,200 [WARN] DbFile:41 - Overriding database path with different value: C:\Users\Abhishek\.stmcufinder\plugins\mcufinder/ => C:\Users\Abhishek\.stmcufinder\plugins\mcufinder
2024-08-10 18:28:09,200 [INFO] DbMcusAds:125 - Set database path to: C:\Users\Abhishek\.stmcufinder\plugins\mcufinder//mcu/
2024-08-10 18:28:09,200 [WARN] DbFile:41 - Overriding database path with different value: C:\Users\Abhishek\.stmcufinder\plugins\mcufinder/ => C:\Users\Abhishek\.stmcufinder\plugins\mcufinder
2024-08-10 18:28:09,200 [WARN] DbFile:41 - Overriding database path with different value: C:\Users\Abhishek\.stmcufinder\plugins\mcufinder/ => C:\Users\Abhishek\.stmcufinder\plugins\mcufinder
2024-08-10 18:28:09,200 [INFO] CrossReferenceDbSqlite:203 - Set database path to: C:\Users\Abhishek\.stmcufinder\plugins\mcufinder//mcu/cs/
2024-08-10 18:28:09,229 [INFO] ApplicationProperties:184 - Using Application install path: C:\ST\STM32CubeIDE_1.4.0\STM32CubeIDE\plugins\com.st.stm32cube.common.mx_6.12.0.202406281431
2024-08-10 18:28:09,230 [INFO] PluginManage:196 - Search for loadable plugins [exclusion list=, ]
2024-08-10 18:28:09,232 [INFO] PluginManage:310 - Check plugin analytics
2024-08-10 18:28:09,474 [INFO] AnalyticsPlugin:253 - Accepted Software Licenses: STM32CubeMX.6.1.0,STM32CubeMX.6.4.0,STM32CubeMX.6.2.0,STM32CubeMX.6.10.0
2024-08-10 18:28:09,474 [INFO] AnalyticsPlugin:255 - Accepted CMSIS Pack Licenses: 
2024-08-10 18:28:09,474 [INFO] AnalyticsPlugin:257 - Accepted Firmware Licenses: 
2024-08-10 18:28:09,478 [INFO] PluginManage:359 - Loaded plugin analytics (category:tool,tabindex:-1)
2024-08-10 18:28:09,478 [INFO] PluginManage:310 - Check plugin cadmodel
2024-08-10 18:28:09,491 [INFO] CADModel:105 - Init CAD model plugin
2024-08-10 18:28:09,491 [INFO] PluginManage:359 - Loaded plugin cadmodel (category:power,tabindex:5)
2024-08-10 18:28:09,491 [INFO] PluginManage:310 - Check plugin clock
2024-08-10 18:28:09,510 [INFO] PluginManage:359 - Loaded plugin clock (category:base,tabindex:2)
2024-08-10 18:28:09,511 [INFO] PluginManage:310 - Check plugin ddr
2024-08-10 18:28:09,517 [INFO] PluginManage:359 - Loaded plugin ddr (category:tool,tabindex:6)
2024-08-10 18:28:09,518 [INFO] PluginManage:310 - Check plugin filemanager
2024-08-10 18:28:09,737 [INFO] PluginManage:359 - Loaded plugin filemanager (category:base,tabindex:10)
2024-08-10 18:28:09,737 [INFO] PluginManage:310 - Check plugin ipmanager
2024-08-10 18:28:09,747 [INFO] PluginManage:359 - Loaded plugin ipmanager (category:base,tabindex:5)
2024-08-10 18:28:09,747 [INFO] PluginManage:310 - Check plugin lpbam
2024-08-10 18:28:09,780 [INFO] PluginManage:359 - Loaded plugin lpbam (category:base,tabindex:0)
2024-08-10 18:28:09,780 [INFO] PluginManage:310 - Check plugin memorymap
2024-08-10 18:28:09,820 [INFO] PluginManage:359 - Loaded plugin memorymap (category:base,tabindex:4)
2024-08-10 18:28:09,820 [INFO] PluginManage:310 - Check plugin pinoutandconfiguration
2024-08-10 18:28:09,839 [INFO] PluginManage:359 - Loaded plugin pinoutandconfiguration (category:base,tabindex:1)
2024-08-10 18:28:09,839 [INFO] PluginManage:310 - Check plugin pinoutconfig
2024-08-10 18:28:09,982 [WARN] SupportedApi:132 - Cannot load RTOS API schema: s4s-elt-must-match.1: The content of 'definitions' must match (annotation?, (simpleType | complexType)?, (unique | key | keyref)*)). A problem was found starting at: attribute.
2024-08-10 18:28:10,171 [INFO] PluginManage:359 - Loaded plugin pinoutconfig (category:base,tabindex:0)
2024-08-10 18:28:10,171 [INFO] PluginManage:310 - Check plugin power
2024-08-10 18:28:10,189 [INFO] PluginManage:359 - Loaded plugin power (category:power,tabindex:4)
2024-08-10 18:28:10,189 [INFO] PluginManage:310 - Check plugin projectmanager
2024-08-10 18:28:10,210 [INFO] PluginManage:359 - Loaded plugin projectmanager (category:projectmanager,tabindex:4)
2024-08-10 18:28:10,210 [INFO] PluginManage:310 - Check plugin rif
2024-08-10 18:28:10,263 [INFO] PluginManage:359 - Loaded plugin rif (category:base,tabindex:3)
2024-08-10 18:28:10,264 [INFO] PluginManage:310 - Check plugin thirdparty
2024-08-10 18:28:10,459 [WARN] IntegrityCheckThread:84 - waiting for thirdparty lock release [integrity check]
2024-08-10 18:28:10,459 [INFO] IntegrityCheckThread:86 - entering critical section [integrity check]
2024-08-10 18:28:10,459 [INFO] PluginManage:359 - Loaded plugin thirdparty (category:base,tabindex:-1)
2024-08-10 18:28:10,459 [INFO] PluginManage:310 - Check plugin tools
2024-08-10 18:28:10,459 [INFO] ThirdPartyUpdaterWithRetryManager:70 - Updater plugin not ready yet. [1/15]
2024-08-10 18:28:10,467 [INFO] PluginManage:359 - Loaded plugin tools (category:base,tabindex:7)
2024-08-10 18:28:10,467 [INFO] PluginManage:310 - Check plugin tutovideos
2024-08-10 18:28:10,815 [INFO] PluginManage:359 - Loaded plugin tutovideos (category:base,tabindex:-1)
2024-08-10 18:28:10,815 [INFO] PluginManage:310 - Check plugin updater
2024-08-10 18:28:10,835 [INFO] PluginManage:359 - Loaded plugin updater (category:base,tabindex:12)
2024-08-10 18:28:10,836 [INFO] PluginManage:310 - Check plugin userauth
2024-08-10 18:28:10,843 [INFO] UserAuth:113 - Init User Auth plugin
2024-08-10 18:28:10,843 [INFO] PluginManage:359 - Loaded plugin userauth (category:base,tabindex:14)
2024-08-10 18:28:10,844 [INFO] PluginManage:283 - PluginManage : Loaded plugins [18]
2024-08-10 18:28:11,126 [INFO] PinOutPanel:1561 - setPackage(No Configuration,No Configuration)
2024-08-10 18:28:11,239 [INFO] CADModel:165 - CPN selected for project level
2024-08-10 18:28:11,239 [INFO] CADModel:114 - Register for checkConnection events
2024-08-10 18:28:11,271 [INFO] IPUIPlugin:80 - create IPUIPlugin
2024-08-10 18:28:11,271 [INFO] PluginManager:220 - loadIPPluginJar : add adc
2024-08-10 18:28:11,277 [INFO] IPUIPlugin:80 - create IPUIPlugin
2024-08-10 18:28:11,277 [INFO] PluginManager:220 - loadIPPluginJar : add aes
2024-08-10 18:28:11,283 [INFO] IPUIPlugin:80 - create IPUIPlugin
2024-08-10 18:28:11,284 [INFO] PluginManager:220 - loadIPPluginJar : add can
2024-08-10 18:28:11,288 [INFO] IPUIPlugin:80 - create IPUIPlugin
2024-08-10 18:28:11,288 [INFO] PluginManager:220 - loadIPPluginJar : add comp
2024-08-10 18:28:11,295 [INFO] IPUIPlugin:80 - create IPUIPlugin
2024-08-10 18:28:11,295 [INFO] PluginManager:220 - loadIPPluginJar : add cryp
2024-08-10 18:28:11,303 [INFO] IPUIPlugin:80 - create IPUIPlugin
2024-08-10 18:28:11,303 [INFO] PluginManager:220 - loadIPPluginJar : add ddr_ctrl_phy
2024-08-10 18:28:11,308 [INFO] IPUIPlugin:80 - create IPUIPlugin
2024-08-10 18:28:11,308 [INFO] PluginManager:220 - loadIPPluginJar : add dfsdm
2024-08-10 18:28:11,323 [INFO] IPUIPlugin:80 - create IPUIPlugin
2024-08-10 18:28:11,323 [INFO] PluginManager:220 - loadIPPluginJar : add dma
2024-08-10 18:28:11,329 [INFO] IPUIPlugin:80 - create IPUIPlugin
2024-08-10 18:28:11,329 [INFO] PluginManager:220 - loadIPPluginJar : add dma3
2024-08-10 18:28:11,336 [INFO] IPUIPlugin:80 - create IPUIPlugin
2024-08-10 18:28:11,336 [INFO] PluginManager:220 - loadIPPluginJar : add extmemmanager
2024-08-10 18:28:11,340 [INFO] IPUIPlugin:80 - create IPUIPlugin
2024-08-10 18:28:11,340 [INFO] PluginManager:220 - loadIPPluginJar : add fatfs
2024-08-10 18:28:11,349 [INFO] IPUIPlugin:80 - create IPUIPlugin
2024-08-10 18:28:11,349 [INFO] PluginManager:220 - loadIPPluginJar : add fmc
2024-08-10 18:28:11,395 [INFO] IPUIPlugin:80 - create IPUIPlugin
2024-08-10 18:28:11,396 [INFO] PluginManager:220 - loadIPPluginJar : add freertos
2024-08-10 18:28:11,400 [INFO] IPUIPlugin:80 - create IPUIPlugin
2024-08-10 18:28:11,400 [INFO] PluginManager:220 - loadIPPluginJar : add genericplugin
2024-08-10 18:28:11,409 [INFO] IPUIPlugin:80 - create IPUIPlugin
2024-08-10 18:28:11,409 [INFO] PluginManager:220 - loadIPPluginJar : add gfxmmu
2024-08-10 18:28:11,422 [INFO] IPUIPlugin:80 - create IPUIPlugin
2024-08-10 18:28:11,422 [INFO] PluginManager:220 - loadIPPluginJar : add gic
2024-08-10 18:28:11,441 [INFO] IPUIPlugin:80 - create IPUIPlugin
2024-08-10 18:28:11,441 [INFO] PluginManager:220 - loadIPPluginJar : add gpio
2024-08-10 18:28:11,451 [INFO] IPUIPlugin:80 - create IPUIPlugin
2024-08-10 18:28:11,451 [INFO] PluginManager:220 - loadIPPluginJar : add gtzc
2024-08-10 18:28:11,458 [INFO] IPUIPlugin:80 - create IPUIPlugin
2024-08-10 18:28:11,458 [INFO] PluginManager:220 - loadIPPluginJar : add hash
2024-08-10 18:28:11,465 [INFO] IPUIPlugin:80 - create IPUIPlugin
2024-08-10 18:28:11,465 [INFO] PluginManager:220 - loadIPPluginJar : add i2c
2024-08-10 18:28:11,471 [INFO] IPUIPlugin:80 - create IPUIPlugin
2024-08-10 18:28:11,471 [INFO] PluginManager:220 - loadIPPluginJar : add i2s
2024-08-10 18:28:11,478 [INFO] IPUIPlugin:80 - create IPUIPlugin
2024-08-10 18:28:11,478 [INFO] PluginManager:220 - loadIPPluginJar : add i3c
2024-08-10 18:28:11,488 [INFO] IPUIPlugin:80 - create IPUIPlugin
2024-08-10 18:28:11,488 [INFO] PluginManager:220 - loadIPPluginJar : add ipddr
2024-08-10 18:28:11,502 [INFO] IPUIPlugin:80 - create IPUIPlugin
2024-08-10 18:28:11,502 [INFO] PluginManager:220 - loadIPPluginJar : add linkedlist
2024-08-10 18:28:11,509 [INFO] IPUIPlugin:80 - create IPUIPlugin
2024-08-10 18:28:11,509 [INFO] PluginManager:220 - loadIPPluginJar : add lorawan
2024-08-10 18:28:11,515 [INFO] IPUIPlugin:80 - create IPUIPlugin
2024-08-10 18:28:11,515 [INFO] PluginManager:220 - loadIPPluginJar : add ltdc
2024-08-10 18:28:11,535 [INFO] IPUIPlugin:80 - create IPUIPlugin
2024-08-10 18:28:11,536 [INFO] PluginManager:220 - loadIPPluginJar : add mdma
2024-08-10 18:28:11,553 [INFO] IPUIPlugin:80 - create IPUIPlugin
2024-08-10 18:28:11,553 [INFO] PluginManager:220 - loadIPPluginJar : add nvic
2024-08-10 18:28:11,559 [INFO] IPUIPlugin:80 - create IPUIPlugin
2024-08-10 18:28:11,559 [INFO] PluginManager:220 - loadIPPluginJar : add opamp
2024-08-10 18:28:11,566 [INFO] IPUIPlugin:80 - create IPUIPlugin
2024-08-10 18:28:11,566 [INFO] PluginManager:220 - loadIPPluginJar : add openamp
2024-08-10 18:28:11,573 [INFO] IPUIPlugin:80 - create IPUIPlugin
2024-08-10 18:28:11,573 [INFO] PluginManager:220 - loadIPPluginJar : add pdm2pcm
2024-08-10 18:28:11,590 [INFO] IPUIPlugin:80 - create IPUIPlugin
2024-08-10 18:28:11,592 [INFO] PluginManager:220 - loadIPPluginJar : add plateformsettings
2024-08-10 18:28:11,598 [INFO] IPUIPlugin:80 - create IPUIPlugin
2024-08-10 18:28:11,598 [INFO] PluginManager:220 - loadIPPluginJar : add quadspi
2024-08-10 18:28:11,603 [INFO] IPUIPlugin:80 - create IPUIPlugin
2024-08-10 18:28:11,604 [INFO] PluginManager:220 - loadIPPluginJar : add radio
2024-08-10 18:28:11,648 [INFO] IPUIPlugin:80 - create IPUIPlugin
2024-08-10 18:28:11,649 [INFO] PluginManager:220 - loadIPPluginJar : add resmgrutility
2024-08-10 18:28:11,656 [INFO] IPUIPlugin:80 - create IPUIPlugin
2024-08-10 18:28:11,657 [INFO] PluginManager:220 - loadIPPluginJar : add sai
2024-08-10 18:28:11,663 [INFO] IPUIPlugin:80 - create IPUIPlugin
2024-08-10 18:28:11,663 [INFO] PluginManager:220 - loadIPPluginJar : add spi
2024-08-10 18:28:11,674 [INFO] IPUIPlugin:80 - create IPUIPlugin
2024-08-10 18:28:11,675 [INFO] PluginManager:220 - loadIPPluginJar : add stm32_wpan
2024-08-10 18:28:11,679 [INFO] IPUIPlugin:80 - create IPUIPlugin
2024-08-10 18:28:11,679 [INFO] PluginManager:220 - loadIPPluginJar : add tim
2024-08-10 18:28:11,689 [INFO] IPUIPlugin:80 - create IPUIPlugin
2024-08-10 18:28:11,689 [INFO] PluginManager:220 - loadIPPluginJar : add touchsensing
2024-08-10 18:28:11,694 [INFO] IPUIPlugin:80 - create IPUIPlugin
2024-08-10 18:28:11,694 [INFO] PluginManager:220 - loadIPPluginJar : add tracer_emb
2024-08-10 18:28:11,698 [INFO] IPUIPlugin:80 - create IPUIPlugin
2024-08-10 18:28:11,698 [INFO] PluginManager:220 - loadIPPluginJar : add ts
2024-08-10 18:28:11,702 [INFO] IPUIPlugin:80 - create IPUIPlugin
2024-08-10 18:28:11,703 [INFO] PluginManager:220 - loadIPPluginJar : add tsc
2024-08-10 18:28:11,707 [INFO] IPUIPlugin:80 - create IPUIPlugin
2024-08-10 18:28:11,708 [INFO] PluginManager:220 - loadIPPluginJar : add ucpd
2024-08-10 18:28:11,715 [INFO] IPUIPlugin:80 - create IPUIPlugin
2024-08-10 18:28:11,716 [INFO] PluginManager:220 - loadIPPluginJar : add usart
2024-08-10 18:28:11,723 [INFO] IPUIPlugin:80 - create IPUIPlugin
2024-08-10 18:28:11,723 [INFO] PluginManager:220 - loadIPPluginJar : add usbx
2024-08-10 18:28:11,869 [INFO] CADModel:165 - CPN selected for project level
2024-08-10 18:28:11,869 [INFO] CADModel:114 - Register for checkConnection events
2024-08-10 18:28:11,869 [FATAL] Updater:334 - Updater called before beeing initialized
2024-08-10 18:28:11,869 [ERROR] CADModel:125 - Updater not yet initialized, retry later 
2024-08-10 18:28:12,038 [INFO] CADModel:165 - CPN selected for project level
2024-08-10 18:28:12,039 [INFO] CADModel:114 - Register for checkConnection events
2024-08-10 18:28:12,039 [FATAL] Updater:334 - Updater called before beeing initialized
2024-08-10 18:28:12,039 [ERROR] CADModel:125 - Updater not yet initialized, retry later 
2024-08-10 18:28:12,044 [FATAL] Updater:334 - Updater called before beeing initialized
2024-08-10 18:28:12,191 [FATAL] Updater:334 - Updater called before beeing initialized
2024-08-10 18:28:12,198 [INFO] DbMcusAds:53 - JSON generation date=Thu May 16 14:52:00 IST 2024 (1715851320667)
2024-08-10 18:28:12,198 [FATAL] Updater:334 - Updater called before beeing initialized
2024-08-10 18:28:12,254 [WARN] DetailPanel:346 - Failed to get advertising image, set to default
2024-08-10 18:28:12,358 [FATAL] Updater:334 - Updater called before beeing initialized
2024-08-10 18:28:12,361 [FATAL] Updater:334 - Updater called before beeing initialized
2024-08-10 18:28:12,361 [FATAL] Updater:334 - Updater called before beeing initialized
2024-08-10 18:28:12,361 [WARN] DetailPanel:346 - Failed to get advertising image, set to default
2024-08-10 18:28:12,362 [FATAL] Updater:334 - Updater called before beeing initialized
2024-08-10 18:28:12,429 [ERROR] Updater:1164 - MainUpdater not yet initialized. External WinMGr cannot be set.
2024-08-10 18:28:12,434 [INFO] Updater:1100 - Updater Version found : 6.12.0
2024-08-10 18:28:12,456 [INFO] ApplicationProperties:184 - Using Application install path: C:\ST\STM32CubeIDE_1.4.0\STM32CubeIDE\plugins\com.st.stm32cube.common.mx_6.12.0.202406281431
2024-08-10 18:28:13,275 [INFO] MainUpdater:2873 - connection check result : 10
2024-08-10 18:28:13,275 [INFO] MainUpdater:3567 - Updater definition file requires update
2024-08-10 18:28:13,276 [INFO] MainUpdater:290 - Updater Check For Update Now.
2024-08-10 18:28:13,276 [INFO] MicroXplorer:498 - Change Database Version : DB.6.0.120
2024-08-10 18:28:13,286 [INFO] McuFinderGlobals:63 - Set McuFinder mode to 2 (CubeIDE integrated)
2024-08-10 18:28:13,290 [INFO] UserAuth:417 - Internet connection configuration mode: 1
2024-08-10 18:28:13,321 [INFO] JxBrowserEngine:152 - Initiate JxBrowser Engine with user profile folder
2024-08-10 18:28:13,461 [WARN] MainUpdater:1194 - Updater busy. Cannot search thirdparties
2024-08-10 18:28:13,461 [INFO] ThirdPartyUpdaterWithRetryManager:96 - Updater plugin is busy. [1/15]
2024-08-10 18:28:13,641 [INFO] ServerAccessManage:473 - Download File updaters.zip
2024-08-10 18:28:13,951 [INFO] FileExtend:240 - Unzip File : updaters.zip
2024-08-10 18:28:13,951 [INFO] FileExtend:255 - Standard Zip Deflate
2024-08-10 18:28:15,841 [INFO] WebApp:167 - Instantiating new browser for Auth
2024-08-10 18:28:16,463 [WARN] MainUpdater:1194 - Updater busy. Cannot search thirdparties
2024-08-10 18:28:16,463 [INFO] ThirdPartyUpdaterWithRetryManager:96 - Updater plugin is busy. [2/15]
2024-08-10 18:28:16,524 [INFO] ServerAccessManage:473 - Download File PacksControlFlags.xml
2024-08-10 18:28:16,704 [INFO] ServerAccessManage:473 - Download File cubemx.pidx
2024-08-10 18:28:16,951 [INFO] LoadServerUpdatesThread:375 - End of LoadServerUpdate Thread
2024-08-10 18:28:17,174 [INFO] CheckServerUpdateThread:120 - End of CheckServer Thread
2024-08-10 18:28:18,470 [INFO] WebApp:448 - Apply proxy settings
2024-08-10 18:28:18,470 [INFO] WebApp:533 - Chromium requires no authentication
2024-08-10 18:28:18,484 [INFO] WebApp:476 - Direct internet connection detected
2024-08-10 18:28:18,522 [INFO] WebApp:869 - Register for checkConnection events
2024-08-10 18:28:18,522 [INFO] WebApp:448 - Apply proxy settings
2024-08-10 18:28:18,522 [INFO] WebApp:533 - Chromium requires no authentication
2024-08-10 18:28:18,522 [INFO] WebApp:476 - Direct internet connection detected
2024-08-10 18:28:18,811 [INFO] WebApp:220 - Starting web application
2024-08-10 18:28:18,811 [INFO] WebApp:578 - Web application path used C:\ST\STM32CubeIDE_1.4.0\STM32CubeIDE\plugins\com.st.stm32cube.common.mx_6.12.0.202406281431\db\plugins\mcufinder\reactClient1\index.html
2024-08-10 18:28:18,855 [INFO] WebApp:186 - Connection restablished
2024-08-10 18:28:19,010 [INFO] UserAuth:417 - Internet connection configuration mode: 1
2024-08-10 18:28:19,773 [WARN] PackLoader:240 - Cannot read IP mode file for STMicroelectronics.FP-SNS-MOTENVWB1.1.4.0
2024-08-10 18:28:19,787 [WARN] PackLoader:240 - Cannot read IP mode file for STMicroelectronics.X-CUBE-SMBUS.2.1.0
2024-08-10 18:28:19,792 [WARN] PackLoader:240 - Cannot read IP mode file for STMicroelectronics.X-CUBE-TOUCHGFX.4.23.2
2024-08-10 18:28:19,829 [WARN] PackLoader:240 - Cannot read IP mode file for STMicroelectronics.X-CUBE-AZRTOS-F7.1.1.0
2024-08-10 18:28:19,842 [WARN] PackLoader:240 - Cannot read IP mode file for STMicroelectronics.FP-SNS-FLIGHT1.5.0.2
2024-08-10 18:28:19,860 [WARN] PackLoader:240 - Cannot read IP mode file for STMicroelectronics.X-CUBE-DISPLAY.3.0.0
2024-08-10 18:28:19,884 [WARN] PackLoader:240 - Cannot read IP mode file for STMicroelectronics.X-CUBE-BLE1.7.0.0
2024-08-10 18:28:19,893 [WARN] PackLoader:240 - Cannot read IP mode file for emotas.I-CUBE-CANOPEN.1.3.0
2024-08-10 18:28:19,909 [WARN] PackLoader:240 - Cannot read IP mode file for STMicroelectronics.X-CUBE-BLEMGR.3.1.0
2024-08-10 18:28:19,921 [WARN] PackLoader:240 - Cannot read IP mode file for STMicroelectronics.FP-SNS-SMARTAG2.1.2.0
2024-08-10 18:28:19,936 [INFO] LogOutputStream:77 - [STDOUT_REDIRECT] 1 : Invalid condition id : UX_CORESTACK_Condition cause : null
2024-08-10 18:28:19,936 [INFO] LogOutputStream:77 - [STDOUT_REDIRECT] 1 : Invalid condition id : UX_CORESTACK_Condition cause : null
2024-08-10 18:28:19,939 [INFO] LogOutputStream:77 - [STDOUT_REDIRECT] 1 : Invalid condition id : UX_CORESTACK_Condition cause : null
2024-08-10 18:28:19,941 [INFO] LogOutputStream:77 - [STDOUT_REDIRECT] 1 : Invalid condition id : UX_CORESTACK_Condition cause : null
2024-08-10 18:28:19,942 [INFO] LogOutputStream:77 - [STDOUT_REDIRECT] 1 : Invalid condition id : UX_CORESTACK_Condition cause : null
2024-08-10 18:28:19,950 [WARN] PackLoader:240 - Cannot read IP mode file for STMicroelectronics.X-CUBE-AZRTOS-WL.2.0.0
2024-08-10 18:28:19,959 [WARN] PackLoader:240 - Cannot read IP mode file for STMicroelectronics.FP-SNS-MOTENV1.5.0.0
2024-08-10 18:28:19,969 [WARN] PackLoader:240 - Cannot read IP mode file for wolfSSL.I-CUBE-wolfMQTT.1.19.0
2024-08-10 18:28:19,986 [WARN] PackLoader:240 - Cannot read IP mode file for WES.I-CUBE-Cesium.1.3.0
2024-08-10 18:28:19,992 [WARN] PackLoader:240 - Cannot read IP mode file for STMicroelectronics.X-CUBE-BLE2.3.3.0
2024-08-10 18:28:20,002 [WARN] PackLoader:240 - Cannot read IP mode file for STMicroelectronics.X-CUBE-TCPP.4.1.0
2024-08-10 18:28:20,017 [WARN] PackLoader:240 - Cannot read IP mode file for STMicroelectronics.X-CUBE-ALGOBUILD.1.3.0
2024-08-10 18:28:20,042 [WARN] PackLoader:240 - Cannot read IP mode file for STMicroelectronics.X-CUBE-AZRTOS-G0.1.1.0
2024-08-10 18:28:20,056 [WARN] PackLoader:240 - Cannot read IP mode file for STMicroelectronics.X-CUBE-SAFEA1.1.2.2
2024-08-10 18:28:20,066 [WARN] PackLoader:240 - Cannot read IP mode file for STMicroelectronics.X-CUBE-NFC4.3.0.0
2024-08-10 18:28:20,091 [WARN] PackLoader:240 - Cannot read IP mode file for EmbeddedOffice.I-CUBE-FS-RTOS.1.0.1
2024-08-10 18:28:20,092 [ERROR] ConditionMgr:805 - Attr not supported : Dmpu
2024-08-10 18:28:20,092 [ERROR] ConditionMgr:805 - Attr not supported : Dmpu
2024-08-10 18:28:20,092 [ERROR] ConditionMgr:805 - Attr not supported : Dmpu
2024-08-10 18:28:20,092 [ERROR] ConditionMgr:805 - Attr not supported : Dmpu
2024-08-10 18:28:20,092 [ERROR] ConditionMgr:805 - Attr not supported : Dmpu
2024-08-10 18:28:20,092 [ERROR] ConditionMgr:805 - Attr not supported : Dmpu
2024-08-10 18:28:20,093 [ERROR] ConditionMgr:805 - Attr not supported : Dmpu
2024-08-10 18:28:20,093 [ERROR] ConditionMgr:805 - Attr not supported : Dmpu
2024-08-10 18:28:20,093 [ERROR] ConditionMgr:805 - Attr not supported : Dmpu
2024-08-10 18:28:20,093 [ERROR] ConditionMgr:805 - Attr not supported : Dmpu
2024-08-10 18:28:20,093 [ERROR] ConditionMgr:805 - Attr not supported : Dmpu
2024-08-10 18:28:20,093 [ERROR] ConditionMgr:805 - Attr not supported : Dmpu
2024-08-10 18:28:20,093 [ERROR] ConditionMgr:805 - Attr not supported : Dmpu
2024-08-10 18:28:20,093 [ERROR] ConditionMgr:805 - Attr not supported : Dmpu
2024-08-10 18:28:20,093 [ERROR] ConditionMgr:805 - Attr not supported : Dmpu
2024-08-10 18:28:20,093 [ERROR] ConditionMgr:805 - Attr not supported : Dmpu
2024-08-10 18:28:20,093 [ERROR] ConditionMgr:805 - Attr not supported : Dmpu
2024-08-10 18:28:20,094 [ERROR] ConditionMgr:805 - Attr not supported : Dmpu
2024-08-10 18:28:20,094 [ERROR] ConditionMgr:805 - Attr not supported : Dmpu
2024-08-10 18:28:20,094 [ERROR] ConditionMgr:805 - Attr not supported : Dmpu
2024-08-10 18:28:20,094 [ERROR] ConditionMgr:805 - Attr not supported : Dmpu
2024-08-10 18:28:20,094 [ERROR] ConditionMgr:805 - Attr not supported : Dmpu
2024-08-10 18:28:20,094 [ERROR] ConditionMgr:805 - Attr not supported : Dmpu
2024-08-10 18:28:20,094 [ERROR] ConditionMgr:805 - Attr not supported : Dmpu
2024-08-10 18:28:20,094 [ERROR] ConditionMgr:805 - Attr not supported : Dmpu
2024-08-10 18:28:20,094 [ERROR] ConditionMgr:805 - Attr not supported : Dmpu
2024-08-10 18:28:20,094 [ERROR] ConditionMgr:805 - Attr not supported : Dmpu
2024-08-10 18:28:20,094 [ERROR] ConditionMgr:805 - Attr not supported : Dmpu
2024-08-10 18:28:20,094 [ERROR] ConditionMgr:805 - Attr not supported : Dmpu
2024-08-10 18:28:20,094 [ERROR] ConditionMgr:805 - Attr not supported : Dmpu
2024-08-10 18:28:20,095 [ERROR] ConditionMgr:805 - Attr not supported : Dmpu
2024-08-10 18:28:20,095 [ERROR] ConditionMgr:805 - Attr not supported : Dmpu
2024-08-10 18:28:20,095 [ERROR] ConditionMgr:805 - Attr not supported : Dmpu
2024-08-10 18:28:20,096 [ERROR] ConditionMgr:805 - Attr not supported : Dmpu
2024-08-10 18:28:20,096 [ERROR] ConditionMgr:805 - Attr not supported : Dmpu
2024-08-10 18:28:20,096 [ERROR] ConditionMgr:805 - Attr not supported : Dmpu
2024-08-10 18:28:20,097 [ERROR] ConditionMgr:805 - Attr not supported : Dmpu
2024-08-10 18:28:20,097 [ERROR] ConditionMgr:805 - Attr not supported : Dmpu
2024-08-10 18:28:20,097 [ERROR] ConditionMgr:805 - Attr not supported : Dmpu
2024-08-10 18:28:20,097 [ERROR] ConditionMgr:805 - Attr not supported : Dmpu
2024-08-10 18:28:20,097 [ERROR] ConditionMgr:805 - Attr not supported : Dmpu
2024-08-10 18:28:20,097 [ERROR] ConditionMgr:805 - Attr not supported : Dmpu
2024-08-10 18:28:20,097 [ERROR] ConditionMgr:805 - Attr not supported : Dmpu
2024-08-10 18:28:20,097 [ERROR] ConditionMgr:805 - Attr not supported : Dmpu
2024-08-10 18:28:20,097 [ERROR] ConditionMgr:805 - Attr not supported : Dmpu
2024-08-10 18:28:20,098 [ERROR] ConditionMgr:805 - Attr not supported : Dmpu
2024-08-10 18:28:20,098 [ERROR] ConditionMgr:805 - Attr not supported : Dmpu
2024-08-10 18:28:20,098 [ERROR] ConditionMgr:805 - Attr not supported : Dmpu
2024-08-10 18:28:20,098 [ERROR] ConditionMgr:805 - Attr not supported : Dmpu
2024-08-10 18:28:20,098 [ERROR] ConditionMgr:805 - Attr not supported : Dmpu
2024-08-10 18:28:20,098 [ERROR] ConditionMgr:805 - Attr not supported : Dmpu
2024-08-10 18:28:20,098 [ERROR] ConditionMgr:805 - Attr not supported : Dmpu
2024-08-10 18:28:20,098 [ERROR] ConditionMgr:805 - Attr not supported : Dmpu
2024-08-10 18:28:20,098 [ERROR] ConditionMgr:805 - Attr not supported : Dmpu
2024-08-10 18:28:20,099 [ERROR] ConditionMgr:805 - Attr not supported : Dmpu
2024-08-10 18:28:20,099 [ERROR] ConditionMgr:805 - Attr not supported : Dmpu
2024-08-10 18:28:20,099 [ERROR] ConditionMgr:805 - Attr not supported : Dmpu
2024-08-10 18:28:20,099 [ERROR] ConditionMgr:805 - Attr not supported : Dmpu
2024-08-10 18:28:20,099 [ERROR] ConditionMgr:805 - Attr not supported : Dmpu
2024-08-10 18:28:20,099 [ERROR] ConditionMgr:805 - Attr not supported : Dmpu
2024-08-10 18:28:20,099 [ERROR] ConditionMgr:805 - Attr not supported : Dmpu
2024-08-10 18:28:20,099 [ERROR] ConditionMgr:805 - Attr not supported : Dmpu
2024-08-10 18:28:20,100 [ERROR] ConditionMgr:805 - Attr not supported : Dmpu
2024-08-10 18:28:20,100 [ERROR] ConditionMgr:805 - Attr not supported : Dmpu
2024-08-10 18:28:20,110 [WARN] PackLoader:240 - Cannot read IP mode file for RealThread.X-CUBE-RT-Thread_Nano.4.1.1
2024-08-10 18:28:20,121 [WARN] PackLoader:240 - Cannot read IP mode file for wolfSSL.I-CUBE-wolfSSL.5.7.0
2024-08-10 18:28:20,127 [WARN] PackLoader:240 - Cannot read IP mode file for STMicroelectronics.FP-ATR-SIGFOX1.3.2.0
2024-08-10 18:28:20,137 [WARN] PackLoader:240 - Cannot read IP mode file for STMicroelectronics.X-CUBE-EEPRMA1.5.1.0
2024-08-10 18:28:20,153 [WARN] PackLoader:240 - Cannot read IP mode file for ITTIA_DB.I-CUBE-ITTIADB.8.9.0
2024-08-10 18:28:20,204 [WARN] PackLoader:240 - Cannot read IP mode file for SEGGER.I-CUBE-embOS.1.3.1
2024-08-10 18:28:20,280 [WARN] PackLoader:240 - Cannot read IP mode file for STMicroelectronics.X-CUBE-ALGOBUILD.1.4.0
2024-08-10 18:28:20,295 [WARN] PackLoader:240 - Cannot read IP mode file for STMicroelectronics.X-CUBE-GNSS1.6.0.0
2024-08-10 18:28:20,319 [WARN] PackLoader:240 - Cannot read IP mode file for STMicroelectronics.X-CUBE-AZRTOS-F4.1.1.0
2024-08-10 18:28:20,330 [WARN] PackLoader:240 - Cannot read IP mode file for STMicroelectronics.X-CUBE-FREERTOS.1.2.0
2024-08-10 18:28:20,357 [WARN] PackLoader:240 - Cannot read IP mode file for STMicroelectronics.X-CUBE-AZRTOS-L5.2.0.0
2024-08-10 18:28:20,368 [WARN] PackLoader:240 - Cannot read IP mode file for STMicroelectronics.X-CUBE-NFC6.3.1.0
2024-08-10 18:28:20,379 [WARN] PackLoader:240 - Cannot read IP mode file for STMicroelectronics.X-CUBE-DPower.1.2.0
2024-08-10 18:28:20,386 [WARN] PackLoader:240 - Cannot read IP mode file for STMicroelectronics.X-CUBE-AI.9.0.0
2024-08-10 18:28:20,393 [WARN] PackLoader:240 - Cannot read IP mode file for STMicroelectronics.X-CUBE-NFC7.1.0.1
2024-08-10 18:28:20,400 [WARN] PackLoader:240 - Cannot read IP mode file for wolfSSL.I-CUBE-wolfTPM.3.2.0
2024-08-10 18:28:20,405 [WARN] PackLoader:240 - Cannot read IP mode file for STMicroelectronics.X-CUBE-AI.8.1.0
2024-08-10 18:28:20,424 [WARN] ConditionMgr:438 - getConditionDescription Invalid condition id : LAN8742 Phy interface Condition cause : null
2024-08-10 18:28:20,425 [WARN] PackLoader:240 - Cannot read IP mode file for STMicroelectronics.X-CUBE-AZRTOS-L4.2.0.0
2024-08-10 18:28:20,426 [WARN] ConditionMgr:1039 - genDependencies : Invalid condition id : LAN8742 Phy interface Condition cause : null
2024-08-10 18:28:20,426 [WARN] ConditionMgr:1039 - genDependencies : Invalid condition id : LAN8742 Phy interface Condition cause : null
2024-08-10 18:28:20,427 [WARN] ConditionMgr:1039 - genDependencies : Invalid condition id : LAN8742 Phy interface Condition cause : null
2024-08-10 18:28:20,436 [WARN] PackLoader:240 - Cannot read IP mode file for STMicroelectronics.X-CUBE-SFXS2LP1.4.0.0
2024-08-10 18:28:20,453 [WARN] ConditionMgr:438 - getConditionDescription Invalid condition id : UX DEVICE CLASS RTOS Condition cause : null
2024-08-10 18:28:20,453 [WARN] ConditionMgr:438 - getConditionDescription Invalid condition id : UX DEVICE CLASS RTOS Condition cause : null
2024-08-10 18:28:20,455 [WARN] PackLoader:240 - Cannot read IP mode file for STMicroelectronics.X-CUBE-AZRTOS-WB.2.0.0
2024-08-10 18:28:20,456 [WARN] ConditionMgr:1039 - genDependencies : Invalid condition id : UX DEVICE CLASS RTOS Condition cause : null
2024-08-10 18:28:20,456 [WARN] ConditionMgr:1039 - genDependencies : Invalid condition id : UX DEVICE CLASS RTOS Condition cause : null
2024-08-10 18:28:20,456 [WARN] ConditionMgr:1039 - genDependencies : Invalid condition id : UX DEVICE CLASS RTOS Condition cause : null
2024-08-10 18:28:20,457 [WARN] ConditionMgr:1039 - genDependencies : Invalid condition id : UX DEVICE CLASS RTOS Condition cause : null
2024-08-10 18:28:20,457 [WARN] ConditionMgr:1039 - genDependencies : Invalid condition id : UX DEVICE CLASS RTOS Condition cause : null
2024-08-10 18:28:20,465 [WARN] PackLoader:240 - Cannot read IP mode file for STMicroelectronics.FP-SNS-STBOX1.2.0.0
2024-08-10 18:28:20,479 [WARN] PackLoader:240 - Cannot read IP mode file for STMicroelectronics.X-CUBE-SUBG2.5.0.0
2024-08-10 18:28:20,497 [WARN] PackLoader:240 - Cannot read IP mode file for Cesanta.I-CUBE-Mongoose.7.13.0
2024-08-10 18:28:20,530 [WARN] PackLoader:240 - Cannot read IP mode file for STMicroelectronics.X-CUBE-AZRTOS-G4.2.0.0
2024-08-10 18:28:20,537 [WARN] PackLoader:240 - Cannot read IP mode file for STMicroelectronics.FP-SNS-MOTENVWB1.1.3.1
2024-08-10 18:28:20,542 [WARN] PackLoader:240 - Cannot read IP mode file for STMicroelectronics.X-CUBE-ISPU.2.0.0
2024-08-10 18:28:20,553 [WARN] PackLoader:240 - Cannot read IP mode file for STMicroelectronics.X-CUBE-ALS.1.0.2
2024-08-10 18:28:20,609 [WARN] PackLoader:240 - Cannot read IP mode file for STMicroelectronics.X-CUBE-MEMS1.10.0.0
2024-08-10 18:28:20,784 [WARN] PackLoader:240 - Cannot read IP mode file for STMicroelectronics.X-CUBE-FREERTOS.1.1.0
2024-08-10 18:28:20,789 [WARN] PackLoader:240 - Cannot read IP mode file for STMicroelectronics.X-CUBE-TOUCHGFX.4.24.0
2024-08-10 18:28:20,797 [WARN] PackLoader:240 - Cannot read IP mode file for portGmbH.I-Cube-SoM-uGOAL.1.1.0
2024-08-10 18:28:20,805 [WARN] PackLoader:240 - Cannot read IP mode file for STMicroelectronics.X-CUBE-ALS.1.0.1
2024-08-10 18:28:20,825 [WARN] PackLoader:240 - Cannot read IP mode file for STMicroelectronics.X-CUBE-AZRTOS-H7RS.1.0.0
2024-08-10 18:28:20,836 [WARN] PackLoader:240 - Cannot read IP mode file for STMicroelectronics.FP-ATR-ASTRA1.2.0.0
2024-08-10 18:28:20,850 [WARN] PackLoader:240 - Cannot read IP mode file for STMicroelectronics.X-CUBE-TOF1.3.4.2
2024-08-10 18:28:20,889 [WARN] PackLoader:240 - Cannot read IP mode file for STMicroelectronics.X-CUBE-TOF1.3.4.1
2024-08-10 18:28:20,938 [WARN] PackLoader:240 - Cannot read IP mode file for STMicroelectronics.X-CUBE-AZRTOS-H7.3.2.0
2024-08-10 18:28:20,966 [WARN] PackLoader:240 - Cannot read IP mode file for Infineon.AIROC-Wi-Fi-Bluetooth-STM32.1.6.0
2024-08-10 18:28:20,979 [WARN] PackLoader:240 - Cannot read IP mode file for wolfSSL.I-CUBE-wolfSSH.1.4.17
2024-08-10 18:28:20,980 [INFO] ThirdParty:978 - Integrity check success = true
2024-08-10 18:28:20,980 [INFO] IntegrityCheckThread:100 - exiting critical section [integrity check]
2024-08-10 18:28:20,981 [INFO] IntegrityCheckThread:103 - End integrity checks thread
2024-08-10 18:54:30,556 [INFO] McuFinderGlobals:63 - Set McuFinder mode to 2 (CubeIDE integrated)
2024-08-10 18:54:30,566 [INFO] MainUpdater:2873 - connection check result : 10
2024-08-10 18:54:30,569 [INFO] MainUpdater:2873 - connection check result : 10
2024-08-10 18:54:30,685 [INFO] RulesReader:64 - Compatibility file has been processed (297 Rules)
2024-08-10 18:54:30,694 [INFO] RulesReader:64 - Compatibility file has been processed (297 Rules)
2024-08-10 18:54:30,701 [INFO] MicroXplorer:468 - Change Database Path : 
2024-08-10 18:54:30,701 [INFO] MicroXplorer:498 - Change Database Version : DB.6.0.120
2024-08-10 18:54:30,710 [WARN] ThirdParty:871 - waiting for thirdparty lock release [close project]
2024-08-10 18:54:30,711 [INFO] ThirdParty:873 - entering critical section [close project]
2024-08-10 18:54:30,712 [INFO] ThirdParty:883 - exiting critical section [close project]
2024-08-10 18:54:30,715 [INFO] PinOutPanel:1561 - setPackage(No Configuration,No Configuration)
2024-08-10 18:54:30,721 [INFO] UtilMem:75 - Begin LoadConfig() Used Memory: 859189744 Bytes (1073741824)
2024-08-10 18:54:35,129 [INFO] ServerAccessManage:473 - Download File stm32cube_db_v60110.zip
2024-08-10 18:54:42,061 [INFO] FileExtend:240 - Unzip File : stm32cube_db_v60110.zip
2024-08-10 18:54:42,061 [INFO] FileExtend:255 - Standard Zip Deflate
2024-08-10 18:54:54,800 [ERROR] FileExtend:336 - User cancelled unzip
2024-08-10 18:54:54,942 [INFO] LoadServerPackagesThread:196 - End of LoadServerPackages Thread
2024-08-10 18:54:55,223 [INFO] CheckServerUpdateThread:120 - End of CheckServer Thread
2024-08-10 19:24:45,208 [ERROR] LogOutputStream:75 - [STDERR_REDIRECT] 
