2024-09-24 09:55:46,750 [INFO] Activator:176 - 


2024-09-24 09:55:46,766 [INFO] Activator:177 - !SESSION log4j initialized
2024-09-24 09:55:52,344 [INFO] LogOutputStream:77 - [STDOUT_REDIRECT] 
2024-09-24 09:55:55,918 [INFO] ApplicationProperties:184 - Using Application install path: C:\ST\STM32CubeIDE_1.4.0\STM32CubeIDE\plugins\com.st.stm32cube.common.mx_6.12.1.202409122256
2024-09-24 09:55:55,945 [INFO] DbMcusXml:78 - Set database path to: C:\ST\STM32CubeIDE_1.4.0\STM32CubeIDE\plugins\com.st.stm32cube.common.mx_6.12.1.202409122256\\db\/mcu/
2024-09-24 09:55:55,945 [INFO] ApiDb:274 - Set plugin database path to: C:\ST\STM32CubeIDE_1.4.0\STM32CubeIDE\plugins\com.st.stm32cube.common.mx_6.12.1.202409122256\\db\/plugins/boardmanager/
2024-09-24 09:55:55,946 [WARN] ApiDb:259 - Overriding images path with different value:  => C:\ST\STM32CubeIDE_1.4.0\STM32CubeIDE\plugins\com.st.stm32cube.common.mx_6.12.1.202409122256\\db\/plugins/mcufinder/images/
2024-09-24 09:55:55,966 [INFO] ApiDb:250 - Set database path to: C:\Users\Abhishek\.stmcufinder\plugins\mcufinder//mcu/
2024-09-24 09:55:55,967 [INFO] DbMcusAds:125 - Set database path to: C:\Users\Abhishek\.stmcufinder\plugins\mcufinder//mcu/
2024-09-24 09:55:55,972 [INFO] CrossReferenceDbSqlite:203 - Set database path to: C:\Users\Abhishek\.stmcufinder\plugins\mcufinder//mcu/cs/
2024-09-24 09:55:56,127 [INFO] RulesReader:64 - Compatibility file has been processed (297 Rules)
2024-09-24 09:55:56,249 [INFO] DbMcusXml:78 - Set database path to: C:\ST\STM32CubeIDE_1.4.0\STM32CubeIDE\plugins\com.st.stm32cube.common.mx_6.12.1.202409122256\\db\/mcu/
2024-09-24 09:55:56,249 [INFO] ApiDb:274 - Set plugin database path to: C:\ST\STM32CubeIDE_1.4.0\STM32CubeIDE\plugins\com.st.stm32cube.common.mx_6.12.1.202409122256\\db\/plugins/boardmanager/
2024-09-24 09:55:56,249 [INFO] ApiDb:261 - Set plugin images path to: C:\ST\STM32CubeIDE_1.4.0\STM32CubeIDE\plugins\com.st.stm32cube.common.mx_6.12.1.202409122256\\db\/plugins/mcufinder/images/
2024-09-24 09:55:56,249 [WARN] DbFile:41 - Overriding database path with different value: C:\Users\Abhishek\.stmcufinder\plugins\mcufinder/ => C:\Users\Abhishek\.stmcufinder\plugins\mcufinder
2024-09-24 09:55:56,250 [INFO] ApiDb:250 - Set database path to: C:\Users\Abhishek\.stmcufinder\plugins\mcufinder//mcu/
2024-09-24 09:55:56,250 [WARN] DbFile:41 - Overriding database path with different value: C:\Users\Abhishek\.stmcufinder\plugins\mcufinder/ => C:\Users\Abhishek\.stmcufinder\plugins\mcufinder
2024-09-24 09:55:56,250 [INFO] DbMcusAds:125 - Set database path to: C:\Users\Abhishek\.stmcufinder\plugins\mcufinder//mcu/
2024-09-24 09:55:56,250 [WARN] DbFile:41 - Overriding database path with different value: C:\Users\Abhishek\.stmcufinder\plugins\mcufinder/ => C:\Users\Abhishek\.stmcufinder\plugins\mcufinder
2024-09-24 09:55:56,250 [WARN] DbFile:41 - Overriding database path with different value: C:\Users\Abhishek\.stmcufinder\plugins\mcufinder/ => C:\Users\Abhishek\.stmcufinder\plugins\mcufinder
2024-09-24 09:55:56,250 [INFO] CrossReferenceDbSqlite:203 - Set database path to: C:\Users\Abhishek\.stmcufinder\plugins\mcufinder//mcu/cs/
2024-09-24 09:55:56,434 [INFO] MainPanel:268 - HeapMemory: 268435456
2024-09-24 09:55:56,736 [INFO] DbMcusXml:78 - Set database path to: C:\ST\STM32CubeIDE_1.4.0\STM32CubeIDE\plugins\com.st.stm32cube.common.mx_6.12.1.202409122256\\db\/mcu/
2024-09-24 09:55:56,737 [INFO] ApiDb:274 - Set plugin database path to: C:\ST\STM32CubeIDE_1.4.0\STM32CubeIDE\plugins\com.st.stm32cube.common.mx_6.12.1.202409122256\\db\/plugins/boardmanager/
2024-09-24 09:55:56,737 [INFO] ApiDb:261 - Set plugin images path to: C:\ST\STM32CubeIDE_1.4.0\STM32CubeIDE\plugins\com.st.stm32cube.common.mx_6.12.1.202409122256\\db\/plugins/mcufinder/images/
2024-09-24 09:55:56,737 [WARN] DbFile:41 - Overriding database path with different value: C:\Users\Abhishek\.stmcufinder\plugins\mcufinder/ => C:\Users\Abhishek\.stmcufinder\plugins\mcufinder
2024-09-24 09:55:56,737 [INFO] ApiDb:250 - Set database path to: C:\Users\Abhishek\.stmcufinder\plugins\mcufinder//mcu/
2024-09-24 09:55:56,737 [WARN] DbFile:41 - Overriding database path with different value: C:\Users\Abhishek\.stmcufinder\plugins\mcufinder/ => C:\Users\Abhishek\.stmcufinder\plugins\mcufinder
2024-09-24 09:55:56,737 [INFO] DbMcusAds:125 - Set database path to: C:\Users\Abhishek\.stmcufinder\plugins\mcufinder//mcu/
2024-09-24 09:55:56,737 [WARN] DbFile:41 - Overriding database path with different value: C:\Users\Abhishek\.stmcufinder\plugins\mcufinder/ => C:\Users\Abhishek\.stmcufinder\plugins\mcufinder
2024-09-24 09:55:56,737 [WARN] DbFile:41 - Overriding database path with different value: C:\Users\Abhishek\.stmcufinder\plugins\mcufinder/ => C:\Users\Abhishek\.stmcufinder\plugins\mcufinder
2024-09-24 09:55:56,738 [INFO] CrossReferenceDbSqlite:203 - Set database path to: C:\Users\Abhishek\.stmcufinder\plugins\mcufinder//mcu/cs/
2024-09-24 09:55:56,768 [INFO] ApplicationProperties:184 - Using Application install path: C:\ST\STM32CubeIDE_1.4.0\STM32CubeIDE\plugins\com.st.stm32cube.common.mx_6.12.1.202409122256
2024-09-24 09:55:56,770 [INFO] PluginManage:196 - Search for loadable plugins [exclusion list=, ]
2024-09-24 09:55:56,772 [INFO] PluginManage:310 - Check plugin analytics
2024-09-24 09:55:57,156 [INFO] AnalyticsPlugin:253 - Accepted Software Licenses: STM32CubeMX.6.1.0,STM32CubeMX.6.4.0,STM32CubeMX.6.2.0,STM32CubeMX.6.10.0
2024-09-24 09:55:57,157 [INFO] AnalyticsPlugin:255 - Accepted CMSIS Pack Licenses: 
2024-09-24 09:55:57,158 [INFO] AnalyticsPlugin:257 - Accepted Firmware Licenses: 
2024-09-24 09:55:57,172 [INFO] PluginManage:359 - Loaded plugin analytics (category:tool,tabindex:-1)
2024-09-24 09:55:57,173 [INFO] PluginManage:310 - Check plugin cadmodel
2024-09-24 09:55:57,209 [INFO] CADModel:105 - Init CAD model plugin
2024-09-24 09:55:57,210 [INFO] PluginManage:359 - Loaded plugin cadmodel (category:power,tabindex:5)
2024-09-24 09:55:57,211 [INFO] PluginManage:310 - Check plugin clock
2024-09-24 09:55:57,270 [INFO] PluginManage:359 - Loaded plugin clock (category:base,tabindex:2)
2024-09-24 09:55:57,272 [INFO] PluginManage:310 - Check plugin ddr
2024-09-24 09:55:57,289 [INFO] PluginManage:359 - Loaded plugin ddr (category:tool,tabindex:6)
2024-09-24 09:55:57,290 [INFO] PluginManage:310 - Check plugin filemanager
2024-09-24 09:55:57,544 [INFO] PluginManage:359 - Loaded plugin filemanager (category:base,tabindex:10)
2024-09-24 09:55:57,544 [INFO] PluginManage:310 - Check plugin ipmanager
2024-09-24 09:55:57,554 [INFO] PluginManage:359 - Loaded plugin ipmanager (category:base,tabindex:5)
2024-09-24 09:55:57,554 [INFO] PluginManage:310 - Check plugin lpbam
2024-09-24 09:55:57,586 [INFO] PluginManage:359 - Loaded plugin lpbam (category:base,tabindex:0)
2024-09-24 09:55:57,588 [INFO] PluginManage:310 - Check plugin memorymap
2024-09-24 09:55:57,632 [INFO] PluginManage:359 - Loaded plugin memorymap (category:base,tabindex:4)
2024-09-24 09:55:57,633 [INFO] PluginManage:310 - Check plugin pinoutandconfiguration
2024-09-24 09:55:57,650 [INFO] PluginManage:359 - Loaded plugin pinoutandconfiguration (category:base,tabindex:1)
2024-09-24 09:55:57,651 [INFO] PluginManage:310 - Check plugin pinoutconfig
2024-09-24 09:55:57,873 [WARN] SupportedApi:132 - Cannot load RTOS API schema: s4s-elt-must-match.1: The content of 'definitions' must match (annotation?, (simpleType | complexType)?, (unique | key | keyref)*)). A problem was found starting at: attribute.
2024-09-24 09:55:58,104 [INFO] PluginManage:359 - Loaded plugin pinoutconfig (category:base,tabindex:0)
2024-09-24 09:55:58,104 [INFO] PluginManage:310 - Check plugin power
2024-09-24 09:55:58,130 [INFO] PluginManage:359 - Loaded plugin power (category:power,tabindex:4)
2024-09-24 09:55:58,130 [INFO] PluginManage:310 - Check plugin projectmanager
2024-09-24 09:55:58,152 [INFO] PluginManage:359 - Loaded plugin projectmanager (category:projectmanager,tabindex:4)
2024-09-24 09:55:58,153 [INFO] PluginManage:310 - Check plugin rif
2024-09-24 09:55:58,210 [INFO] PluginManage:359 - Loaded plugin rif (category:base,tabindex:3)
2024-09-24 09:55:58,210 [INFO] PluginManage:310 - Check plugin thirdparty
2024-09-24 09:55:58,380 [INFO] PluginManage:359 - Loaded plugin thirdparty (category:base,tabindex:-1)
2024-09-24 09:55:58,380 [INFO] PluginManage:310 - Check plugin tools
2024-09-24 09:55:58,380 [WARN] IntegrityCheckThread:84 - waiting for thirdparty lock release [integrity check]
2024-09-24 09:55:58,380 [INFO] IntegrityCheckThread:86 - entering critical section [integrity check]
2024-09-24 09:55:58,381 [INFO] ThirdPartyUpdaterWithRetryManager:70 - Updater plugin not ready yet. [1/15]
2024-09-24 09:55:58,386 [INFO] PluginManage:359 - Loaded plugin tools (category:base,tabindex:7)
2024-09-24 09:55:58,386 [INFO] PluginManage:310 - Check plugin tutovideos
2024-09-24 09:55:58,729 [INFO] PluginManage:359 - Loaded plugin tutovideos (category:base,tabindex:-1)
2024-09-24 09:55:58,731 [INFO] PluginManage:310 - Check plugin updater
2024-09-24 09:55:58,755 [INFO] PluginManage:359 - Loaded plugin updater (category:base,tabindex:12)
2024-09-24 09:55:58,755 [INFO] PluginManage:310 - Check plugin userauth
2024-09-24 09:55:58,762 [INFO] UserAuth:113 - Init User Auth plugin
2024-09-24 09:55:58,763 [INFO] PluginManage:359 - Loaded plugin userauth (category:base,tabindex:14)
2024-09-24 09:55:58,763 [INFO] PluginManage:283 - PluginManage : Loaded plugins [18]
2024-09-24 09:55:59,027 [INFO] PinOutPanel:1561 - setPackage(No Configuration,No Configuration)
2024-09-24 09:55:59,138 [INFO] CADModel:165 - CPN selected for project level
2024-09-24 09:55:59,138 [INFO] CADModel:114 - Register for checkConnection events
2024-09-24 09:55:59,165 [INFO] IPUIPlugin:80 - create IPUIPlugin
2024-09-24 09:55:59,165 [INFO] PluginManager:220 - loadIPPluginJar : add adc
2024-09-24 09:55:59,171 [INFO] IPUIPlugin:80 - create IPUIPlugin
2024-09-24 09:55:59,171 [INFO] PluginManager:220 - loadIPPluginJar : add aes
2024-09-24 09:55:59,177 [INFO] IPUIPlugin:80 - create IPUIPlugin
2024-09-24 09:55:59,177 [INFO] PluginManager:220 - loadIPPluginJar : add can
2024-09-24 09:55:59,181 [INFO] IPUIPlugin:80 - create IPUIPlugin
2024-09-24 09:55:59,182 [INFO] PluginManager:220 - loadIPPluginJar : add comp
2024-09-24 09:55:59,186 [INFO] IPUIPlugin:80 - create IPUIPlugin
2024-09-24 09:55:59,186 [INFO] PluginManager:220 - loadIPPluginJar : add cryp
2024-09-24 09:55:59,200 [INFO] IPUIPlugin:80 - create IPUIPlugin
2024-09-24 09:55:59,200 [INFO] PluginManager:220 - loadIPPluginJar : add ddr_ctrl_phy
2024-09-24 09:55:59,206 [INFO] IPUIPlugin:80 - create IPUIPlugin
2024-09-24 09:55:59,206 [INFO] PluginManager:220 - loadIPPluginJar : add dfsdm
2024-09-24 09:55:59,219 [INFO] IPUIPlugin:80 - create IPUIPlugin
2024-09-24 09:55:59,220 [INFO] PluginManager:220 - loadIPPluginJar : add dma
2024-09-24 09:55:59,226 [INFO] IPUIPlugin:80 - create IPUIPlugin
2024-09-24 09:55:59,227 [INFO] PluginManager:220 - loadIPPluginJar : add dma3
2024-09-24 09:55:59,234 [INFO] IPUIPlugin:80 - create IPUIPlugin
2024-09-24 09:55:59,234 [INFO] PluginManager:220 - loadIPPluginJar : add extmemmanager
2024-09-24 09:55:59,238 [INFO] IPUIPlugin:80 - create IPUIPlugin
2024-09-24 09:55:59,238 [INFO] PluginManager:220 - loadIPPluginJar : add fatfs
2024-09-24 09:55:59,247 [INFO] IPUIPlugin:80 - create IPUIPlugin
2024-09-24 09:55:59,247 [INFO] PluginManager:220 - loadIPPluginJar : add fmc
2024-09-24 09:55:59,292 [INFO] IPUIPlugin:80 - create IPUIPlugin
2024-09-24 09:55:59,292 [INFO] PluginManager:220 - loadIPPluginJar : add freertos
2024-09-24 09:55:59,297 [INFO] IPUIPlugin:80 - create IPUIPlugin
2024-09-24 09:55:59,297 [INFO] PluginManager:220 - loadIPPluginJar : add genericplugin
2024-09-24 09:55:59,305 [INFO] IPUIPlugin:80 - create IPUIPlugin
2024-09-24 09:55:59,305 [INFO] PluginManager:220 - loadIPPluginJar : add gfxmmu
2024-09-24 09:55:59,318 [INFO] IPUIPlugin:80 - create IPUIPlugin
2024-09-24 09:55:59,318 [INFO] PluginManager:220 - loadIPPluginJar : add gic
2024-09-24 09:55:59,336 [INFO] IPUIPlugin:80 - create IPUIPlugin
2024-09-24 09:55:59,336 [INFO] PluginManager:220 - loadIPPluginJar : add gpio
2024-09-24 09:55:59,345 [INFO] IPUIPlugin:80 - create IPUIPlugin
2024-09-24 09:55:59,345 [INFO] PluginManager:220 - loadIPPluginJar : add gtzc
2024-09-24 09:55:59,351 [INFO] IPUIPlugin:80 - create IPUIPlugin
2024-09-24 09:55:59,351 [INFO] PluginManager:220 - loadIPPluginJar : add hash
2024-09-24 09:55:59,357 [INFO] IPUIPlugin:80 - create IPUIPlugin
2024-09-24 09:55:59,357 [INFO] PluginManager:220 - loadIPPluginJar : add i2c
2024-09-24 09:55:59,364 [INFO] IPUIPlugin:80 - create IPUIPlugin
2024-09-24 09:55:59,364 [INFO] PluginManager:220 - loadIPPluginJar : add i2s
2024-09-24 09:55:59,372 [INFO] IPUIPlugin:80 - create IPUIPlugin
2024-09-24 09:55:59,372 [INFO] PluginManager:220 - loadIPPluginJar : add i3c
2024-09-24 09:55:59,381 [INFO] IPUIPlugin:80 - create IPUIPlugin
2024-09-24 09:55:59,381 [INFO] PluginManager:220 - loadIPPluginJar : add ipddr
2024-09-24 09:55:59,398 [INFO] IPUIPlugin:80 - create IPUIPlugin
2024-09-24 09:55:59,398 [INFO] PluginManager:220 - loadIPPluginJar : add linkedlist
2024-09-24 09:55:59,403 [INFO] IPUIPlugin:80 - create IPUIPlugin
2024-09-24 09:55:59,403 [INFO] PluginManager:220 - loadIPPluginJar : add lorawan
2024-09-24 09:55:59,408 [INFO] IPUIPlugin:80 - create IPUIPlugin
2024-09-24 09:55:59,408 [INFO] PluginManager:220 - loadIPPluginJar : add ltdc
2024-09-24 09:55:59,428 [INFO] IPUIPlugin:80 - create IPUIPlugin
2024-09-24 09:55:59,429 [INFO] PluginManager:220 - loadIPPluginJar : add mdma
2024-09-24 09:55:59,445 [INFO] IPUIPlugin:80 - create IPUIPlugin
2024-09-24 09:55:59,445 [INFO] PluginManager:220 - loadIPPluginJar : add nvic
2024-09-24 09:55:59,451 [INFO] IPUIPlugin:80 - create IPUIPlugin
2024-09-24 09:55:59,451 [INFO] PluginManager:220 - loadIPPluginJar : add opamp
2024-09-24 09:55:59,461 [INFO] IPUIPlugin:80 - create IPUIPlugin
2024-09-24 09:55:59,461 [INFO] PluginManager:220 - loadIPPluginJar : add openamp
2024-09-24 09:55:59,468 [INFO] IPUIPlugin:80 - create IPUIPlugin
2024-09-24 09:55:59,468 [INFO] PluginManager:220 - loadIPPluginJar : add pdm2pcm
2024-09-24 09:55:59,486 [INFO] IPUIPlugin:80 - create IPUIPlugin
2024-09-24 09:55:59,490 [INFO] PluginManager:220 - loadIPPluginJar : add plateformsettings
2024-09-24 09:55:59,495 [INFO] IPUIPlugin:80 - create IPUIPlugin
2024-09-24 09:55:59,496 [INFO] PluginManager:220 - loadIPPluginJar : add quadspi
2024-09-24 09:55:59,502 [INFO] IPUIPlugin:80 - create IPUIPlugin
2024-09-24 09:55:59,505 [INFO] PluginManager:220 - loadIPPluginJar : add radio
2024-09-24 09:55:59,552 [INFO] IPUIPlugin:80 - create IPUIPlugin
2024-09-24 09:55:59,552 [INFO] PluginManager:220 - loadIPPluginJar : add resmgrutility
2024-09-24 09:55:59,560 [INFO] IPUIPlugin:80 - create IPUIPlugin
2024-09-24 09:55:59,560 [INFO] PluginManager:220 - loadIPPluginJar : add sai
2024-09-24 09:55:59,566 [INFO] IPUIPlugin:80 - create IPUIPlugin
2024-09-24 09:55:59,566 [INFO] PluginManager:220 - loadIPPluginJar : add spi
2024-09-24 09:55:59,576 [INFO] IPUIPlugin:80 - create IPUIPlugin
2024-09-24 09:55:59,576 [INFO] PluginManager:220 - loadIPPluginJar : add stm32_wpan
2024-09-24 09:55:59,580 [INFO] IPUIPlugin:80 - create IPUIPlugin
2024-09-24 09:55:59,580 [INFO] PluginManager:220 - loadIPPluginJar : add tim
2024-09-24 09:55:59,589 [INFO] IPUIPlugin:80 - create IPUIPlugin
2024-09-24 09:55:59,589 [INFO] PluginManager:220 - loadIPPluginJar : add touchsensing
2024-09-24 09:55:59,593 [INFO] IPUIPlugin:80 - create IPUIPlugin
2024-09-24 09:55:59,593 [INFO] PluginManager:220 - loadIPPluginJar : add tracer_emb
2024-09-24 09:55:59,598 [INFO] IPUIPlugin:80 - create IPUIPlugin
2024-09-24 09:55:59,598 [INFO] PluginManager:220 - loadIPPluginJar : add ts
2024-09-24 09:55:59,602 [INFO] IPUIPlugin:80 - create IPUIPlugin
2024-09-24 09:55:59,602 [INFO] PluginManager:220 - loadIPPluginJar : add tsc
2024-09-24 09:55:59,606 [INFO] IPUIPlugin:80 - create IPUIPlugin
2024-09-24 09:55:59,606 [INFO] PluginManager:220 - loadIPPluginJar : add ucpd
2024-09-24 09:55:59,613 [INFO] IPUIPlugin:80 - create IPUIPlugin
2024-09-24 09:55:59,613 [INFO] PluginManager:220 - loadIPPluginJar : add usart
2024-09-24 09:55:59,619 [INFO] IPUIPlugin:80 - create IPUIPlugin
2024-09-24 09:55:59,619 [INFO] PluginManager:220 - loadIPPluginJar : add usbx
2024-09-24 09:55:59,760 [INFO] CADModel:165 - CPN selected for project level
2024-09-24 09:55:59,760 [INFO] CADModel:114 - Register for checkConnection events
2024-09-24 09:55:59,760 [FATAL] Updater:334 - Updater called before beeing initialized
2024-09-24 09:55:59,760 [ERROR] CADModel:125 - Updater not yet initialized, retry later 
2024-09-24 09:55:59,937 [INFO] CADModel:165 - CPN selected for project level
2024-09-24 09:55:59,938 [INFO] CADModel:114 - Register for checkConnection events
2024-09-24 09:55:59,938 [FATAL] Updater:334 - Updater called before beeing initialized
2024-09-24 09:55:59,938 [ERROR] CADModel:125 - Updater not yet initialized, retry later 
2024-09-24 09:55:59,940 [FATAL] Updater:334 - Updater called before beeing initialized
2024-09-24 09:56:00,075 [FATAL] Updater:334 - Updater called before beeing initialized
2024-09-24 09:56:00,083 [INFO] DbMcusAds:53 - JSON generation date=Fri Sep 20 18:34:23 IST 2024 (1726837463113)
2024-09-24 09:56:00,084 [FATAL] Updater:334 - Updater called before beeing initialized
2024-09-24 09:56:00,137 [WARN] DetailPanel:346 - Failed to get advertising image, set to default
2024-09-24 09:56:00,274 [FATAL] Updater:334 - Updater called before beeing initialized
2024-09-24 09:56:00,276 [FATAL] Updater:334 - Updater called before beeing initialized
2024-09-24 09:56:00,276 [FATAL] Updater:334 - Updater called before beeing initialized
2024-09-24 09:56:00,276 [WARN] DetailPanel:346 - Failed to get advertising image, set to default
2024-09-24 09:56:00,277 [FATAL] Updater:334 - Updater called before beeing initialized
2024-09-24 09:56:00,379 [ERROR] Updater:1164 - MainUpdater not yet initialized. External WinMGr cannot be set.
2024-09-24 09:56:00,383 [INFO] Updater:1100 - Updater Version found : 6.12.1
2024-09-24 09:56:00,407 [INFO] ApplicationProperties:184 - Using Application install path: C:\ST\STM32CubeIDE_1.4.0\STM32CubeIDE\plugins\com.st.stm32cube.common.mx_6.12.1.202409122256
2024-09-24 09:56:01,067 [INFO] MainUpdater:2873 - connection check result : 10
2024-09-24 09:56:01,069 [INFO] MainUpdater:290 - Updater Check For Update Now.
2024-09-24 09:56:01,069 [INFO] MicroXplorer:498 - Change Database Version : DB.6.0.121
2024-09-24 09:56:01,084 [INFO] McuFinderGlobals:63 - Set McuFinder mode to 2 (CubeIDE integrated)
2024-09-24 09:56:01,087 [INFO] UserAuth:417 - Internet connection configuration mode: 1
2024-09-24 09:56:01,134 [INFO] JxBrowserEngine:152 - Initiate JxBrowser Engine with user profile folder
2024-09-24 09:56:01,382 [WARN] MainUpdater:1194 - Updater busy. Cannot search thirdparties
2024-09-24 09:56:01,383 [INFO] ThirdPartyUpdaterWithRetryManager:96 - Updater plugin is busy. [1/15]
2024-09-24 09:56:01,400 [INFO] CheckServerUpdateThread:120 - End of CheckServer Thread
2024-09-24 09:56:03,524 [INFO] WebApp:167 - Instantiating new browser for Auth
2024-09-24 09:56:04,925 [WARN] PackLoader:240 - Cannot read IP mode file for STMicroelectronics.FP-SNS-MOTENVWB1.1.4.0
2024-09-24 09:56:04,957 [WARN] PackLoader:240 - Cannot read IP mode file for STMicroelectronics.X-CUBE-SMBUS.2.1.0
2024-09-24 09:56:04,968 [WARN] PackLoader:240 - Cannot read IP mode file for STMicroelectronics.X-CUBE-TOUCHGFX.4.23.2
2024-09-24 09:56:05,061 [WARN] PackLoader:240 - Cannot read IP mode file for STMicroelectronics.X-CUBE-AZRTOS-F7.1.1.0
2024-09-24 09:56:05,279 [INFO] WebApp:448 - Apply proxy settings
2024-09-24 09:56:05,290 [WARN] PackLoader:240 - Cannot read IP mode file for STMicroelectronics.X-CUBE-MEMS1.11.0.0
2024-09-24 09:56:05,290 [INFO] WebApp:533 - Chromium requires no authentication
2024-09-24 09:56:05,363 [INFO] WebApp:476 - Direct internet connection detected
2024-09-24 09:56:05,495 [INFO] WebApp:869 - Register for checkConnection events
2024-09-24 09:56:05,495 [INFO] WebApp:448 - Apply proxy settings
2024-09-24 09:56:05,495 [INFO] WebApp:533 - Chromium requires no authentication
2024-09-24 09:56:05,500 [INFO] WebApp:476 - Direct internet connection detected
2024-09-24 09:56:05,621 [WARN] PackLoader:240 - Cannot read IP mode file for STMicroelectronics.FP-SNS-FLIGHT1.5.0.2
2024-09-24 09:56:05,630 [WARN] PackLoader:240 - Cannot read IP mode file for STMicroelectronics.X-CUBE-DISPLAY.3.0.0
2024-09-24 09:56:05,642 [WARN] PackLoader:240 - Cannot read IP mode file for STMicroelectronics.X-CUBE-BLE1.7.0.0
2024-09-24 09:56:05,650 [WARN] PackLoader:240 - Cannot read IP mode file for emotas.I-CUBE-CANOPEN.1.3.0
2024-09-24 09:56:05,659 [WARN] PackLoader:240 - Cannot read IP mode file for STMicroelectronics.X-CUBE-BLEMGR.3.1.0
2024-09-24 09:56:05,674 [WARN] PackLoader:240 - Cannot read IP mode file for STMicroelectronics.FP-SNS-SMARTAG2.1.2.0
2024-09-24 09:56:05,694 [INFO] LogOutputStream:77 - [STDOUT_REDIRECT] 1 : Invalid condition id : UX_CORESTACK_Condition cause : null
2024-09-24 09:56:05,695 [INFO] LogOutputStream:77 - [STDOUT_REDIRECT] 1 : Invalid condition id : UX_CORESTACK_Condition cause : null
2024-09-24 09:56:05,697 [INFO] LogOutputStream:77 - [STDOUT_REDIRECT] 1 : Invalid condition id : UX_CORESTACK_Condition cause : null
2024-09-24 09:56:05,700 [INFO] LogOutputStream:77 - [STDOUT_REDIRECT] 1 : Invalid condition id : UX_CORESTACK_Condition cause : null
2024-09-24 09:56:05,703 [INFO] LogOutputStream:77 - [STDOUT_REDIRECT] 1 : Invalid condition id : UX_CORESTACK_Condition cause : null
2024-09-24 09:56:05,707 [WARN] PackLoader:240 - Cannot read IP mode file for STMicroelectronics.X-CUBE-AZRTOS-WL.2.0.0
2024-09-24 09:56:05,715 [WARN] PackLoader:240 - Cannot read IP mode file for STMicroelectronics.FP-SNS-MOTENV1.5.0.0
2024-09-24 09:56:05,726 [WARN] PackLoader:240 - Cannot read IP mode file for wolfSSL.I-CUBE-wolfMQTT.1.19.0
2024-09-24 09:56:05,741 [WARN] PackLoader:240 - Cannot read IP mode file for WES.I-CUBE-Cesium.1.3.0
2024-09-24 09:56:05,749 [WARN] PackLoader:240 - Cannot read IP mode file for STMicroelectronics.X-CUBE-BLE2.3.3.0
2024-09-24 09:56:05,757 [WARN] PackLoader:240 - Cannot read IP mode file for STMicroelectronics.X-CUBE-TCPP.4.1.0
2024-09-24 09:56:05,770 [WARN] PackLoader:240 - Cannot read IP mode file for STMicroelectronics.X-CUBE-ALGOBUILD.1.3.0
2024-09-24 09:56:05,798 [WARN] PackLoader:240 - Cannot read IP mode file for STMicroelectronics.X-CUBE-AZRTOS-G0.1.1.0
2024-09-24 09:56:05,815 [WARN] PackLoader:240 - Cannot read IP mode file for STMicroelectronics.X-CUBE-SAFEA1.1.2.2
2024-09-24 09:56:05,828 [WARN] PackLoader:240 - Cannot read IP mode file for STMicroelectronics.X-CUBE-NFC4.3.0.0
2024-09-24 09:56:05,848 [WARN] PackLoader:240 - Cannot read IP mode file for EmbeddedOffice.I-CUBE-FS-RTOS.1.0.1
2024-09-24 09:56:05,848 [ERROR] ConditionMgr:805 - Attr not supported : Dmpu
2024-09-24 09:56:05,849 [ERROR] ConditionMgr:805 - Attr not supported : Dmpu
2024-09-24 09:56:05,849 [ERROR] ConditionMgr:805 - Attr not supported : Dmpu
2024-09-24 09:56:05,849 [ERROR] ConditionMgr:805 - Attr not supported : Dmpu
2024-09-24 09:56:05,849 [ERROR] ConditionMgr:805 - Attr not supported : Dmpu
2024-09-24 09:56:05,849 [ERROR] ConditionMgr:805 - Attr not supported : Dmpu
2024-09-24 09:56:05,849 [ERROR] ConditionMgr:805 - Attr not supported : Dmpu
2024-09-24 09:56:05,849 [ERROR] ConditionMgr:805 - Attr not supported : Dmpu
2024-09-24 09:56:05,849 [ERROR] ConditionMgr:805 - Attr not supported : Dmpu
2024-09-24 09:56:05,849 [ERROR] ConditionMgr:805 - Attr not supported : Dmpu
2024-09-24 09:56:05,850 [ERROR] ConditionMgr:805 - Attr not supported : Dmpu
2024-09-24 09:56:05,850 [ERROR] ConditionMgr:805 - Attr not supported : Dmpu
2024-09-24 09:56:05,850 [ERROR] ConditionMgr:805 - Attr not supported : Dmpu
2024-09-24 09:56:05,850 [ERROR] ConditionMgr:805 - Attr not supported : Dmpu
2024-09-24 09:56:05,850 [ERROR] ConditionMgr:805 - Attr not supported : Dmpu
2024-09-24 09:56:05,850 [ERROR] ConditionMgr:805 - Attr not supported : Dmpu
2024-09-24 09:56:05,850 [ERROR] ConditionMgr:805 - Attr not supported : Dmpu
2024-09-24 09:56:05,850 [ERROR] ConditionMgr:805 - Attr not supported : Dmpu
2024-09-24 09:56:05,850 [ERROR] ConditionMgr:805 - Attr not supported : Dmpu
2024-09-24 09:56:05,851 [ERROR] ConditionMgr:805 - Attr not supported : Dmpu
2024-09-24 09:56:05,851 [ERROR] ConditionMgr:805 - Attr not supported : Dmpu
2024-09-24 09:56:05,851 [ERROR] ConditionMgr:805 - Attr not supported : Dmpu
2024-09-24 09:56:05,851 [ERROR] ConditionMgr:805 - Attr not supported : Dmpu
2024-09-24 09:56:05,851 [ERROR] ConditionMgr:805 - Attr not supported : Dmpu
2024-09-24 09:56:05,851 [ERROR] ConditionMgr:805 - Attr not supported : Dmpu
2024-09-24 09:56:05,851 [ERROR] ConditionMgr:805 - Attr not supported : Dmpu
2024-09-24 09:56:05,851 [ERROR] ConditionMgr:805 - Attr not supported : Dmpu
2024-09-24 09:56:05,851 [ERROR] ConditionMgr:805 - Attr not supported : Dmpu
2024-09-24 09:56:05,852 [ERROR] ConditionMgr:805 - Attr not supported : Dmpu
2024-09-24 09:56:05,852 [ERROR] ConditionMgr:805 - Attr not supported : Dmpu
2024-09-24 09:56:05,852 [ERROR] ConditionMgr:805 - Attr not supported : Dmpu
2024-09-24 09:56:05,852 [ERROR] ConditionMgr:805 - Attr not supported : Dmpu
2024-09-24 09:56:05,852 [ERROR] ConditionMgr:805 - Attr not supported : Dmpu
2024-09-24 09:56:05,852 [ERROR] ConditionMgr:805 - Attr not supported : Dmpu
2024-09-24 09:56:05,852 [ERROR] ConditionMgr:805 - Attr not supported : Dmpu
2024-09-24 09:56:05,852 [ERROR] ConditionMgr:805 - Attr not supported : Dmpu
2024-09-24 09:56:05,853 [ERROR] ConditionMgr:805 - Attr not supported : Dmpu
2024-09-24 09:56:05,853 [ERROR] ConditionMgr:805 - Attr not supported : Dmpu
2024-09-24 09:56:05,853 [ERROR] ConditionMgr:805 - Attr not supported : Dmpu
2024-09-24 09:56:05,853 [ERROR] ConditionMgr:805 - Attr not supported : Dmpu
2024-09-24 09:56:05,853 [ERROR] ConditionMgr:805 - Attr not supported : Dmpu
2024-09-24 09:56:05,853 [ERROR] ConditionMgr:805 - Attr not supported : Dmpu
2024-09-24 09:56:05,854 [ERROR] ConditionMgr:805 - Attr not supported : Dmpu
2024-09-24 09:56:05,854 [ERROR] ConditionMgr:805 - Attr not supported : Dmpu
2024-09-24 09:56:05,854 [ERROR] ConditionMgr:805 - Attr not supported : Dmpu
2024-09-24 09:56:05,854 [ERROR] ConditionMgr:805 - Attr not supported : Dmpu
2024-09-24 09:56:05,854 [ERROR] ConditionMgr:805 - Attr not supported : Dmpu
2024-09-24 09:56:05,854 [ERROR] ConditionMgr:805 - Attr not supported : Dmpu
2024-09-24 09:56:05,854 [ERROR] ConditionMgr:805 - Attr not supported : Dmpu
2024-09-24 09:56:05,854 [ERROR] ConditionMgr:805 - Attr not supported : Dmpu
2024-09-24 09:56:05,854 [ERROR] ConditionMgr:805 - Attr not supported : Dmpu
2024-09-24 09:56:05,855 [ERROR] ConditionMgr:805 - Attr not supported : Dmpu
2024-09-24 09:56:05,855 [ERROR] ConditionMgr:805 - Attr not supported : Dmpu
2024-09-24 09:56:05,855 [ERROR] ConditionMgr:805 - Attr not supported : Dmpu
2024-09-24 09:56:05,855 [ERROR] ConditionMgr:805 - Attr not supported : Dmpu
2024-09-24 09:56:05,855 [ERROR] ConditionMgr:805 - Attr not supported : Dmpu
2024-09-24 09:56:05,855 [ERROR] ConditionMgr:805 - Attr not supported : Dmpu
2024-09-24 09:56:05,856 [ERROR] ConditionMgr:805 - Attr not supported : Dmpu
2024-09-24 09:56:05,856 [ERROR] ConditionMgr:805 - Attr not supported : Dmpu
2024-09-24 09:56:05,856 [ERROR] ConditionMgr:805 - Attr not supported : Dmpu
2024-09-24 09:56:05,856 [ERROR] ConditionMgr:805 - Attr not supported : Dmpu
2024-09-24 09:56:05,856 [ERROR] ConditionMgr:805 - Attr not supported : Dmpu
2024-09-24 09:56:05,856 [ERROR] ConditionMgr:805 - Attr not supported : Dmpu
2024-09-24 09:56:05,856 [ERROR] ConditionMgr:805 - Attr not supported : Dmpu
2024-09-24 09:56:05,867 [WARN] PackLoader:240 - Cannot read IP mode file for RealThread.X-CUBE-RT-Thread_Nano.4.1.1
2024-09-24 09:56:05,873 [WARN] PackLoader:240 - Cannot read IP mode file for wolfSSL.I-CUBE-wolfSSL.5.7.0
2024-09-24 09:56:05,881 [WARN] PackLoader:240 - Cannot read IP mode file for STMicroelectronics.FP-ATR-SIGFOX1.3.2.0
2024-09-24 09:56:05,891 [WARN] PackLoader:240 - Cannot read IP mode file for STMicroelectronics.X-CUBE-EEPRMA1.5.1.0
2024-09-24 09:56:05,901 [WARN] PackLoader:240 - Cannot read IP mode file for ITTIA_DB.I-CUBE-ITTIADB.8.9.0
2024-09-24 09:56:05,944 [WARN] PackLoader:240 - Cannot read IP mode file for SEGGER.I-CUBE-embOS.1.3.1
2024-09-24 09:56:06,031 [WARN] PackLoader:240 - Cannot read IP mode file for STMicroelectronics.X-CUBE-ALGOBUILD.1.4.0
2024-09-24 09:56:06,045 [WARN] PackLoader:240 - Cannot read IP mode file for STMicroelectronics.X-CUBE-GNSS1.6.0.0
2024-09-24 09:56:06,077 [WARN] PackLoader:240 - Cannot read IP mode file for STMicroelectronics.X-CUBE-AZRTOS-F4.1.1.0
2024-09-24 09:56:06,097 [WARN] PackLoader:240 - Cannot read IP mode file for STMicroelectronics.X-CUBE-ISPU.2.1.0
2024-09-24 09:56:06,110 [WARN] PackLoader:240 - Cannot read IP mode file for STMicroelectronics.X-CUBE-FREERTOS.1.2.0
2024-09-24 09:56:06,169 [WARN] PackLoader:240 - Cannot read IP mode file for STMicroelectronics.X-CUBE-AZRTOS-L5.2.0.0
2024-09-24 09:56:06,169 [INFO] WebApp:186 - Connection restablished
2024-09-24 09:56:06,199 [WARN] PackLoader:240 - Cannot read IP mode file for STMicroelectronics.X-CUBE-NFC6.3.1.0
2024-09-24 09:56:06,450 [INFO] WebApp:220 - Starting web application
2024-09-24 09:56:06,451 [INFO] WebApp:578 - Web application path used C:\ST\STM32CubeIDE_1.4.0\STM32CubeIDE\plugins\com.st.stm32cube.common.mx_6.12.1.202409122256\db\plugins\mcufinder\reactClient1\index.html
2024-09-24 09:56:06,864 [WARN] PackLoader:240 - Cannot read IP mode file for STMicroelectronics.X-CUBE-DPower.1.2.0
2024-09-24 09:56:06,917 [WARN] PackLoader:240 - Cannot read IP mode file for STMicroelectronics.X-CUBE-AI.9.0.0
2024-09-24 09:56:06,936 [WARN] PackLoader:240 - Cannot read IP mode file for STMicroelectronics.X-CUBE-NFC7.1.0.1
2024-09-24 09:56:06,938 [INFO] UserAuth:417 - Internet connection configuration mode: 1
2024-09-24 09:56:06,946 [WARN] PackLoader:240 - Cannot read IP mode file for wolfSSL.I-CUBE-wolfTPM.3.2.0
2024-09-24 09:56:06,957 [WARN] PackLoader:240 - Cannot read IP mode file for STMicroelectronics.X-CUBE-AI.8.1.0
2024-09-24 09:56:07,020 [WARN] ConditionMgr:438 - getConditionDescription Invalid condition id : LAN8742 Phy interface Condition cause : null
2024-09-24 09:56:07,022 [WARN] PackLoader:240 - Cannot read IP mode file for STMicroelectronics.X-CUBE-AZRTOS-L4.2.0.0
2024-09-24 09:56:07,025 [WARN] ConditionMgr:1039 - genDependencies : Invalid condition id : LAN8742 Phy interface Condition cause : null
2024-09-24 09:56:07,025 [WARN] ConditionMgr:1039 - genDependencies : Invalid condition id : LAN8742 Phy interface Condition cause : null
2024-09-24 09:56:07,027 [WARN] ConditionMgr:1039 - genDependencies : Invalid condition id : LAN8742 Phy interface Condition cause : null
2024-09-24 09:56:07,043 [WARN] PackLoader:240 - Cannot read IP mode file for STMicroelectronics.X-CUBE-SFXS2LP1.4.0.0
2024-09-24 09:56:07,079 [WARN] PackLoader:240 - Cannot read IP mode file for STMicroelectronics.X-CUBE-AZRTOS-H7.3.3.0
2024-09-24 09:56:07,114 [WARN] ConditionMgr:438 - getConditionDescription Invalid condition id : UX DEVICE CLASS RTOS Condition cause : null
2024-09-24 09:56:07,115 [WARN] ConditionMgr:438 - getConditionDescription Invalid condition id : UX DEVICE CLASS RTOS Condition cause : null
2024-09-24 09:56:07,119 [WARN] PackLoader:240 - Cannot read IP mode file for STMicroelectronics.X-CUBE-AZRTOS-WB.2.0.0
2024-09-24 09:56:07,120 [WARN] ConditionMgr:1039 - genDependencies : Invalid condition id : UX DEVICE CLASS RTOS Condition cause : null
2024-09-24 09:56:07,121 [WARN] ConditionMgr:1039 - genDependencies : Invalid condition id : UX DEVICE CLASS RTOS Condition cause : null
2024-09-24 09:56:07,125 [WARN] ConditionMgr:1039 - genDependencies : Invalid condition id : UX DEVICE CLASS RTOS Condition cause : null
2024-09-24 09:56:07,126 [WARN] ConditionMgr:1039 - genDependencies : Invalid condition id : UX DEVICE CLASS RTOS Condition cause : null
2024-09-24 09:56:07,127 [WARN] ConditionMgr:1039 - genDependencies : Invalid condition id : UX DEVICE CLASS RTOS Condition cause : null
2024-09-24 09:56:07,155 [WARN] PackLoader:240 - Cannot read IP mode file for STMicroelectronics.X-CUBE-GNSS1.7.0.0
2024-09-24 09:56:07,183 [WARN] PackLoader:240 - Cannot read IP mode file for STMicroelectronics.FP-SNS-STBOX1.2.0.0
2024-09-24 09:56:07,233 [WARN] PackLoader:240 - Cannot read IP mode file for STMicroelectronics.X-CUBE-SUBG2.5.0.0
2024-09-24 09:56:07,266 [WARN] PackLoader:240 - Cannot read IP mode file for Cesanta.I-CUBE-Mongoose.7.13.0
2024-09-24 09:56:07,320 [WARN] PackLoader:240 - Cannot read IP mode file for STMicroelectronics.X-CUBE-AZRTOS-G4.2.0.0
2024-09-24 09:56:07,336 [WARN] PackLoader:240 - Cannot read IP mode file for STMicroelectronics.FP-SNS-MOTENVWB1.1.3.1
2024-09-24 09:56:07,343 [WARN] PackLoader:240 - Cannot read IP mode file for STMicroelectronics.X-CUBE-ISPU.2.0.0
2024-09-24 09:56:07,354 [WARN] PackLoader:240 - Cannot read IP mode file for STMicroelectronics.X-CUBE-ALS.1.0.2
2024-09-24 09:56:07,440 [WARN] PackLoader:240 - Cannot read IP mode file for STMicroelectronics.X-CUBE-MEMS1.10.0.0
2024-09-24 09:56:07,669 [WARN] PackLoader:240 - Cannot read IP mode file for STMicroelectronics.X-CUBE-FREERTOS.1.1.0
2024-09-24 09:56:07,703 [WARN] PackLoader:240 - Cannot read IP mode file for STMicroelectronics.X-CUBE-TOUCHGFX.4.24.0
2024-09-24 09:56:07,737 [WARN] PackLoader:240 - Cannot read IP mode file for portGmbH.I-Cube-SoM-uGOAL.1.1.0
2024-09-24 09:56:07,747 [WARN] PackLoader:240 - Cannot read IP mode file for STMicroelectronics.X-CUBE-ALS.1.0.1
2024-09-24 09:56:07,825 [WARN] PackLoader:240 - Cannot read IP mode file for STMicroelectronics.X-CUBE-AZRTOS-H7RS.1.0.0
2024-09-24 09:56:07,841 [WARN] PackLoader:240 - Cannot read IP mode file for STMicroelectronics.FP-ATR-ASTRA1.2.0.0
2024-09-24 09:56:07,890 [WARN] PackLoader:240 - Cannot read IP mode file for STMicroelectronics.X-CUBE-TOF1.3.4.2
2024-09-24 09:56:07,989 [WARN] PackLoader:240 - Cannot read IP mode file for STMicroelectronics.X-CUBE-TOF1.3.4.1
2024-09-24 09:56:08,058 [WARN] PackLoader:240 - Cannot read IP mode file for STMicroelectronics.X-CUBE-AZRTOS-H7.3.2.0
2024-09-24 09:56:08,108 [WARN] PackLoader:240 - Cannot read IP mode file for Infineon.AIROC-Wi-Fi-Bluetooth-STM32.1.6.0
2024-09-24 09:56:08,124 [WARN] PackLoader:240 - Cannot read IP mode file for wolfSSL.I-CUBE-wolfSSH.1.4.17
2024-09-24 09:56:08,125 [INFO] ThirdParty:978 - Integrity check success = true
2024-09-24 09:56:08,125 [INFO] IntegrityCheckThread:100 - exiting critical section [integrity check]
2024-09-24 09:56:08,125 [INFO] IntegrityCheckThread:103 - End integrity checks thread
2024-09-24 11:42:12,148 [ERROR] LogOutputStream:75 - [STDERR_REDIRECT] 
2024-09-24 15:17:11,368 [INFO] Activator:176 - 


2024-09-24 15:17:11,368 [INFO] Activator:177 - !SESSION log4j initialized
2024-09-24 15:17:15,889 [INFO] LogOutputStream:77 - [STDOUT_REDIRECT] 
2024-09-24 15:17:17,756 [INFO] ApplicationProperties:184 - Using Application install path: C:\ST\STM32CubeIDE_1.4.0\STM32CubeIDE\plugins\com.st.stm32cube.common.mx_6.12.1.202409122256
2024-09-24 15:17:17,784 [INFO] DbMcusXml:78 - Set database path to: C:\ST\STM32CubeIDE_1.4.0\STM32CubeIDE\plugins\com.st.stm32cube.common.mx_6.12.1.202409122256\\db\/mcu/
2024-09-24 15:17:17,784 [INFO] ApiDb:274 - Set plugin database path to: C:\ST\STM32CubeIDE_1.4.0\STM32CubeIDE\plugins\com.st.stm32cube.common.mx_6.12.1.202409122256\\db\/plugins/boardmanager/
2024-09-24 15:17:17,784 [WARN] ApiDb:259 - Overriding images path with different value:  => C:\ST\STM32CubeIDE_1.4.0\STM32CubeIDE\plugins\com.st.stm32cube.common.mx_6.12.1.202409122256\\db\/plugins/mcufinder/images/
2024-09-24 15:17:17,802 [INFO] ApiDb:250 - Set database path to: C:\Users\Abhishek\.stmcufinder\plugins\mcufinder//mcu/
2024-09-24 15:17:17,803 [INFO] DbMcusAds:125 - Set database path to: C:\Users\Abhishek\.stmcufinder\plugins\mcufinder//mcu/
2024-09-24 15:17:17,807 [INFO] CrossReferenceDbSqlite:203 - Set database path to: C:\Users\Abhishek\.stmcufinder\plugins\mcufinder//mcu/cs/
2024-09-24 15:17:17,946 [INFO] RulesReader:64 - Compatibility file has been processed (297 Rules)
2024-09-24 15:17:18,074 [INFO] DbMcusXml:78 - Set database path to: C:\ST\STM32CubeIDE_1.4.0\STM32CubeIDE\plugins\com.st.stm32cube.common.mx_6.12.1.202409122256\\db\/mcu/
2024-09-24 15:17:18,074 [INFO] ApiDb:274 - Set plugin database path to: C:\ST\STM32CubeIDE_1.4.0\STM32CubeIDE\plugins\com.st.stm32cube.common.mx_6.12.1.202409122256\\db\/plugins/boardmanager/
2024-09-24 15:17:18,074 [INFO] ApiDb:261 - Set plugin images path to: C:\ST\STM32CubeIDE_1.4.0\STM32CubeIDE\plugins\com.st.stm32cube.common.mx_6.12.1.202409122256\\db\/plugins/mcufinder/images/
2024-09-24 15:17:18,074 [WARN] DbFile:41 - Overriding database path with different value: C:\Users\Abhishek\.stmcufinder\plugins\mcufinder/ => C:\Users\Abhishek\.stmcufinder\plugins\mcufinder
2024-09-24 15:17:18,074 [INFO] ApiDb:250 - Set database path to: C:\Users\Abhishek\.stmcufinder\plugins\mcufinder//mcu/
2024-09-24 15:17:18,074 [WARN] DbFile:41 - Overriding database path with different value: C:\Users\Abhishek\.stmcufinder\plugins\mcufinder/ => C:\Users\Abhishek\.stmcufinder\plugins\mcufinder
2024-09-24 15:17:18,074 [INFO] DbMcusAds:125 - Set database path to: C:\Users\Abhishek\.stmcufinder\plugins\mcufinder//mcu/
2024-09-24 15:17:18,075 [WARN] DbFile:41 - Overriding database path with different value: C:\Users\Abhishek\.stmcufinder\plugins\mcufinder/ => C:\Users\Abhishek\.stmcufinder\plugins\mcufinder
2024-09-24 15:17:18,075 [WARN] DbFile:41 - Overriding database path with different value: C:\Users\Abhishek\.stmcufinder\plugins\mcufinder/ => C:\Users\Abhishek\.stmcufinder\plugins\mcufinder
2024-09-24 15:17:18,075 [INFO] CrossReferenceDbSqlite:203 - Set database path to: C:\Users\Abhishek\.stmcufinder\plugins\mcufinder//mcu/cs/
2024-09-24 15:17:18,191 [INFO] MainPanel:268 - HeapMemory: 268435456
2024-09-24 15:17:18,461 [INFO] DbMcusXml:78 - Set database path to: C:\ST\STM32CubeIDE_1.4.0\STM32CubeIDE\plugins\com.st.stm32cube.common.mx_6.12.1.202409122256\\db\/mcu/
2024-09-24 15:17:18,461 [INFO] ApiDb:274 - Set plugin database path to: C:\ST\STM32CubeIDE_1.4.0\STM32CubeIDE\plugins\com.st.stm32cube.common.mx_6.12.1.202409122256\\db\/plugins/boardmanager/
2024-09-24 15:17:18,461 [INFO] ApiDb:261 - Set plugin images path to: C:\ST\STM32CubeIDE_1.4.0\STM32CubeIDE\plugins\com.st.stm32cube.common.mx_6.12.1.202409122256\\db\/plugins/mcufinder/images/
2024-09-24 15:17:18,462 [WARN] DbFile:41 - Overriding database path with different value: C:\Users\Abhishek\.stmcufinder\plugins\mcufinder/ => C:\Users\Abhishek\.stmcufinder\plugins\mcufinder
2024-09-24 15:17:18,462 [INFO] ApiDb:250 - Set database path to: C:\Users\Abhishek\.stmcufinder\plugins\mcufinder//mcu/
2024-09-24 15:17:18,462 [WARN] DbFile:41 - Overriding database path with different value: C:\Users\Abhishek\.stmcufinder\plugins\mcufinder/ => C:\Users\Abhishek\.stmcufinder\plugins\mcufinder
2024-09-24 15:17:18,462 [INFO] DbMcusAds:125 - Set database path to: C:\Users\Abhishek\.stmcufinder\plugins\mcufinder//mcu/
2024-09-24 15:17:18,462 [WARN] DbFile:41 - Overriding database path with different value: C:\Users\Abhishek\.stmcufinder\plugins\mcufinder/ => C:\Users\Abhishek\.stmcufinder\plugins\mcufinder
2024-09-24 15:17:18,462 [WARN] DbFile:41 - Overriding database path with different value: C:\Users\Abhishek\.stmcufinder\plugins\mcufinder/ => C:\Users\Abhishek\.stmcufinder\plugins\mcufinder
2024-09-24 15:17:18,462 [INFO] CrossReferenceDbSqlite:203 - Set database path to: C:\Users\Abhishek\.stmcufinder\plugins\mcufinder//mcu/cs/
2024-09-24 15:17:18,497 [INFO] ApplicationProperties:184 - Using Application install path: C:\ST\STM32CubeIDE_1.4.0\STM32CubeIDE\plugins\com.st.stm32cube.common.mx_6.12.1.202409122256
2024-09-24 15:17:18,499 [INFO] PluginManage:196 - Search for loadable plugins [exclusion list=, ]
2024-09-24 15:17:18,501 [INFO] PluginManage:310 - Check plugin analytics
2024-09-24 15:17:18,751 [INFO] AnalyticsPlugin:253 - Accepted Software Licenses: STM32CubeMX.6.1.0,STM32CubeMX.6.4.0,STM32CubeMX.6.2.0,STM32CubeMX.6.10.0
2024-09-24 15:17:18,752 [INFO] AnalyticsPlugin:255 - Accepted CMSIS Pack Licenses: 
2024-09-24 15:17:18,752 [INFO] AnalyticsPlugin:257 - Accepted Firmware Licenses: 
2024-09-24 15:17:18,755 [INFO] PluginManage:359 - Loaded plugin analytics (category:tool,tabindex:-1)
2024-09-24 15:17:18,756 [INFO] PluginManage:310 - Check plugin cadmodel
2024-09-24 15:17:18,770 [INFO] CADModel:105 - Init CAD model plugin
2024-09-24 15:17:18,771 [INFO] PluginManage:359 - Loaded plugin cadmodel (category:power,tabindex:5)
2024-09-24 15:17:18,771 [INFO] PluginManage:310 - Check plugin clock
2024-09-24 15:17:18,787 [INFO] PluginManage:359 - Loaded plugin clock (category:base,tabindex:2)
2024-09-24 15:17:18,787 [INFO] PluginManage:310 - Check plugin ddr
2024-09-24 15:17:18,791 [INFO] PluginManage:359 - Loaded plugin ddr (category:tool,tabindex:6)
2024-09-24 15:17:18,791 [INFO] PluginManage:310 - Check plugin filemanager
2024-09-24 15:17:18,977 [INFO] PluginManage:359 - Loaded plugin filemanager (category:base,tabindex:10)
2024-09-24 15:17:18,977 [INFO] PluginManage:310 - Check plugin ipmanager
2024-09-24 15:17:18,986 [INFO] PluginManage:359 - Loaded plugin ipmanager (category:base,tabindex:5)
2024-09-24 15:17:18,987 [INFO] PluginManage:310 - Check plugin lpbam
2024-09-24 15:17:19,015 [INFO] PluginManage:359 - Loaded plugin lpbam (category:base,tabindex:0)
2024-09-24 15:17:19,015 [INFO] PluginManage:310 - Check plugin memorymap
2024-09-24 15:17:19,053 [INFO] PluginManage:359 - Loaded plugin memorymap (category:base,tabindex:4)
2024-09-24 15:17:19,054 [INFO] PluginManage:310 - Check plugin pinoutandconfiguration
2024-09-24 15:17:19,067 [INFO] PluginManage:359 - Loaded plugin pinoutandconfiguration (category:base,tabindex:1)
2024-09-24 15:17:19,068 [INFO] PluginManage:310 - Check plugin pinoutconfig
2024-09-24 15:17:19,215 [WARN] SupportedApi:132 - Cannot load RTOS API schema: s4s-elt-must-match.1: The content of 'definitions' must match (annotation?, (simpleType | complexType)?, (unique | key | keyref)*)). A problem was found starting at: attribute.
2024-09-24 15:17:19,380 [INFO] PluginManage:359 - Loaded plugin pinoutconfig (category:base,tabindex:0)
2024-09-24 15:17:19,380 [INFO] PluginManage:310 - Check plugin power
2024-09-24 15:17:19,403 [INFO] PluginManage:359 - Loaded plugin power (category:power,tabindex:4)
2024-09-24 15:17:19,403 [INFO] PluginManage:310 - Check plugin projectmanager
2024-09-24 15:17:19,418 [INFO] PluginManage:359 - Loaded plugin projectmanager (category:projectmanager,tabindex:4)
2024-09-24 15:17:19,418 [INFO] PluginManage:310 - Check plugin rif
2024-09-24 15:17:19,474 [INFO] PluginManage:359 - Loaded plugin rif (category:base,tabindex:3)
2024-09-24 15:17:19,474 [INFO] PluginManage:310 - Check plugin thirdparty
2024-09-24 15:17:19,652 [INFO] PluginManage:359 - Loaded plugin thirdparty (category:base,tabindex:-1)
2024-09-24 15:17:19,652 [WARN] IntegrityCheckThread:84 - waiting for thirdparty lock release [integrity check]
2024-09-24 15:17:19,652 [INFO] IntegrityCheckThread:86 - entering critical section [integrity check]
2024-09-24 15:17:19,652 [INFO] PluginManage:310 - Check plugin tools
2024-09-24 15:17:19,652 [INFO] ThirdPartyUpdaterWithRetryManager:70 - Updater plugin not ready yet. [1/15]
2024-09-24 15:17:19,658 [INFO] PluginManage:359 - Loaded plugin tools (category:base,tabindex:7)
2024-09-24 15:17:19,659 [INFO] PluginManage:310 - Check plugin tutovideos
2024-09-24 15:17:19,883 [INFO] PluginManage:359 - Loaded plugin tutovideos (category:base,tabindex:-1)
2024-09-24 15:17:19,883 [INFO] PluginManage:310 - Check plugin updater
2024-09-24 15:17:19,902 [INFO] PluginManage:359 - Loaded plugin updater (category:base,tabindex:12)
2024-09-24 15:17:19,902 [INFO] PluginManage:310 - Check plugin userauth
2024-09-24 15:17:19,909 [INFO] UserAuth:113 - Init User Auth plugin
2024-09-24 15:17:19,910 [INFO] PluginManage:359 - Loaded plugin userauth (category:base,tabindex:14)
2024-09-24 15:17:19,910 [INFO] PluginManage:283 - PluginManage : Loaded plugins [18]
2024-09-24 15:17:20,186 [INFO] PinOutPanel:1561 - setPackage(No Configuration,No Configuration)
2024-09-24 15:17:20,298 [INFO] CADModel:165 - CPN selected for project level
2024-09-24 15:17:20,298 [INFO] CADModel:114 - Register for checkConnection events
2024-09-24 15:17:20,327 [INFO] IPUIPlugin:80 - create IPUIPlugin
2024-09-24 15:17:20,328 [INFO] PluginManager:220 - loadIPPluginJar : add adc
2024-09-24 15:17:20,333 [INFO] IPUIPlugin:80 - create IPUIPlugin
2024-09-24 15:17:20,333 [INFO] PluginManager:220 - loadIPPluginJar : add aes
2024-09-24 15:17:20,338 [INFO] IPUIPlugin:80 - create IPUIPlugin
2024-09-24 15:17:20,339 [INFO] PluginManager:220 - loadIPPluginJar : add can
2024-09-24 15:17:20,342 [INFO] IPUIPlugin:80 - create IPUIPlugin
2024-09-24 15:17:20,342 [INFO] PluginManager:220 - loadIPPluginJar : add comp
2024-09-24 15:17:20,347 [INFO] IPUIPlugin:80 - create IPUIPlugin
2024-09-24 15:17:20,347 [INFO] PluginManager:220 - loadIPPluginJar : add cryp
2024-09-24 15:17:20,353 [INFO] IPUIPlugin:80 - create IPUIPlugin
2024-09-24 15:17:20,353 [INFO] PluginManager:220 - loadIPPluginJar : add ddr_ctrl_phy
2024-09-24 15:17:20,359 [INFO] IPUIPlugin:80 - create IPUIPlugin
2024-09-24 15:17:20,359 [INFO] PluginManager:220 - loadIPPluginJar : add dfsdm
2024-09-24 15:17:20,372 [INFO] IPUIPlugin:80 - create IPUIPlugin
2024-09-24 15:17:20,373 [INFO] PluginManager:220 - loadIPPluginJar : add dma
2024-09-24 15:17:20,379 [INFO] IPUIPlugin:80 - create IPUIPlugin
2024-09-24 15:17:20,379 [INFO] PluginManager:220 - loadIPPluginJar : add dma3
2024-09-24 15:17:20,384 [INFO] IPUIPlugin:80 - create IPUIPlugin
2024-09-24 15:17:20,384 [INFO] PluginManager:220 - loadIPPluginJar : add extmemmanager
2024-09-24 15:17:20,388 [INFO] IPUIPlugin:80 - create IPUIPlugin
2024-09-24 15:17:20,388 [INFO] PluginManager:220 - loadIPPluginJar : add fatfs
2024-09-24 15:17:20,396 [INFO] IPUIPlugin:80 - create IPUIPlugin
2024-09-24 15:17:20,396 [INFO] PluginManager:220 - loadIPPluginJar : add fmc
2024-09-24 15:17:20,444 [INFO] IPUIPlugin:80 - create IPUIPlugin
2024-09-24 15:17:20,445 [INFO] PluginManager:220 - loadIPPluginJar : add freertos
2024-09-24 15:17:20,448 [INFO] IPUIPlugin:80 - create IPUIPlugin
2024-09-24 15:17:20,448 [INFO] PluginManager:220 - loadIPPluginJar : add genericplugin
2024-09-24 15:17:20,454 [INFO] IPUIPlugin:80 - create IPUIPlugin
2024-09-24 15:17:20,454 [INFO] PluginManager:220 - loadIPPluginJar : add gfxmmu
2024-09-24 15:17:20,466 [INFO] IPUIPlugin:80 - create IPUIPlugin
2024-09-24 15:17:20,466 [INFO] PluginManager:220 - loadIPPluginJar : add gic
2024-09-24 15:17:20,483 [INFO] IPUIPlugin:80 - create IPUIPlugin
2024-09-24 15:17:20,483 [INFO] PluginManager:220 - loadIPPluginJar : add gpio
2024-09-24 15:17:20,492 [INFO] IPUIPlugin:80 - create IPUIPlugin
2024-09-24 15:17:20,492 [INFO] PluginManager:220 - loadIPPluginJar : add gtzc
2024-09-24 15:17:20,497 [INFO] IPUIPlugin:80 - create IPUIPlugin
2024-09-24 15:17:20,497 [INFO] PluginManager:220 - loadIPPluginJar : add hash
2024-09-24 15:17:20,502 [INFO] IPUIPlugin:80 - create IPUIPlugin
2024-09-24 15:17:20,502 [INFO] PluginManager:220 - loadIPPluginJar : add i2c
2024-09-24 15:17:20,507 [INFO] IPUIPlugin:80 - create IPUIPlugin
2024-09-24 15:17:20,508 [INFO] PluginManager:220 - loadIPPluginJar : add i2s
2024-09-24 15:17:20,513 [INFO] IPUIPlugin:80 - create IPUIPlugin
2024-09-24 15:17:20,513 [INFO] PluginManager:220 - loadIPPluginJar : add i3c
2024-09-24 15:17:20,521 [INFO] IPUIPlugin:80 - create IPUIPlugin
2024-09-24 15:17:20,522 [INFO] PluginManager:220 - loadIPPluginJar : add ipddr
2024-09-24 15:17:20,537 [INFO] IPUIPlugin:80 - create IPUIPlugin
2024-09-24 15:17:20,537 [INFO] PluginManager:220 - loadIPPluginJar : add linkedlist
2024-09-24 15:17:20,543 [INFO] IPUIPlugin:80 - create IPUIPlugin
2024-09-24 15:17:20,543 [INFO] PluginManager:220 - loadIPPluginJar : add lorawan
2024-09-24 15:17:20,546 [INFO] IPUIPlugin:80 - create IPUIPlugin
2024-09-24 15:17:20,547 [INFO] PluginManager:220 - loadIPPluginJar : add ltdc
2024-09-24 15:17:20,567 [INFO] IPUIPlugin:80 - create IPUIPlugin
2024-09-24 15:17:20,567 [INFO] PluginManager:220 - loadIPPluginJar : add mdma
2024-09-24 15:17:20,583 [INFO] IPUIPlugin:80 - create IPUIPlugin
2024-09-24 15:17:20,584 [INFO] PluginManager:220 - loadIPPluginJar : add nvic
2024-09-24 15:17:20,594 [INFO] IPUIPlugin:80 - create IPUIPlugin
2024-09-24 15:17:20,594 [INFO] PluginManager:220 - loadIPPluginJar : add opamp
2024-09-24 15:17:20,600 [INFO] IPUIPlugin:80 - create IPUIPlugin
2024-09-24 15:17:20,601 [INFO] PluginManager:220 - loadIPPluginJar : add openamp
2024-09-24 15:17:20,607 [INFO] IPUIPlugin:80 - create IPUIPlugin
2024-09-24 15:17:20,607 [INFO] PluginManager:220 - loadIPPluginJar : add pdm2pcm
2024-09-24 15:17:20,622 [INFO] IPUIPlugin:80 - create IPUIPlugin
2024-09-24 15:17:20,624 [INFO] PluginManager:220 - loadIPPluginJar : add plateformsettings
2024-09-24 15:17:20,628 [INFO] IPUIPlugin:80 - create IPUIPlugin
2024-09-24 15:17:20,628 [INFO] PluginManager:220 - loadIPPluginJar : add quadspi
2024-09-24 15:17:20,632 [INFO] IPUIPlugin:80 - create IPUIPlugin
2024-09-24 15:17:20,634 [INFO] PluginManager:220 - loadIPPluginJar : add radio
2024-09-24 15:17:20,677 [INFO] IPUIPlugin:80 - create IPUIPlugin
2024-09-24 15:17:20,678 [INFO] PluginManager:220 - loadIPPluginJar : add resmgrutility
2024-09-24 15:17:20,684 [INFO] IPUIPlugin:80 - create IPUIPlugin
2024-09-24 15:17:20,684 [INFO] PluginManager:220 - loadIPPluginJar : add sai
2024-09-24 15:17:20,690 [INFO] IPUIPlugin:80 - create IPUIPlugin
2024-09-24 15:17:20,690 [INFO] PluginManager:220 - loadIPPluginJar : add spi
2024-09-24 15:17:20,699 [INFO] IPUIPlugin:80 - create IPUIPlugin
2024-09-24 15:17:20,699 [INFO] PluginManager:220 - loadIPPluginJar : add stm32_wpan
2024-09-24 15:17:20,703 [INFO] IPUIPlugin:80 - create IPUIPlugin
2024-09-24 15:17:20,703 [INFO] PluginManager:220 - loadIPPluginJar : add tim
2024-09-24 15:17:20,712 [INFO] IPUIPlugin:80 - create IPUIPlugin
2024-09-24 15:17:20,712 [INFO] PluginManager:220 - loadIPPluginJar : add touchsensing
2024-09-24 15:17:20,717 [INFO] IPUIPlugin:80 - create IPUIPlugin
2024-09-24 15:17:20,717 [INFO] PluginManager:220 - loadIPPluginJar : add tracer_emb
2024-09-24 15:17:20,721 [INFO] IPUIPlugin:80 - create IPUIPlugin
2024-09-24 15:17:20,721 [INFO] PluginManager:220 - loadIPPluginJar : add ts
2024-09-24 15:17:20,726 [INFO] IPUIPlugin:80 - create IPUIPlugin
2024-09-24 15:17:20,727 [INFO] PluginManager:220 - loadIPPluginJar : add tsc
2024-09-24 15:17:20,731 [INFO] IPUIPlugin:80 - create IPUIPlugin
2024-09-24 15:17:20,731 [INFO] PluginManager:220 - loadIPPluginJar : add ucpd
2024-09-24 15:17:20,737 [INFO] IPUIPlugin:80 - create IPUIPlugin
2024-09-24 15:17:20,737 [INFO] PluginManager:220 - loadIPPluginJar : add usart
2024-09-24 15:17:20,744 [INFO] IPUIPlugin:80 - create IPUIPlugin
2024-09-24 15:17:20,744 [INFO] PluginManager:220 - loadIPPluginJar : add usbx
2024-09-24 15:17:20,887 [INFO] CADModel:165 - CPN selected for project level
2024-09-24 15:17:20,887 [INFO] CADModel:114 - Register for checkConnection events
2024-09-24 15:17:20,887 [FATAL] Updater:334 - Updater called before beeing initialized
2024-09-24 15:17:20,887 [ERROR] CADModel:125 - Updater not yet initialized, retry later 
2024-09-24 15:17:21,070 [INFO] CADModel:165 - CPN selected for project level
2024-09-24 15:17:21,070 [INFO] CADModel:114 - Register for checkConnection events
2024-09-24 15:17:21,070 [FATAL] Updater:334 - Updater called before beeing initialized
2024-09-24 15:17:21,070 [ERROR] CADModel:125 - Updater not yet initialized, retry later 
2024-09-24 15:17:21,073 [FATAL] Updater:334 - Updater called before beeing initialized
2024-09-24 15:17:21,212 [FATAL] Updater:334 - Updater called before beeing initialized
2024-09-24 15:17:21,216 [INFO] DbMcusAds:53 - JSON generation date=Fri Sep 20 18:34:23 IST 2024 (1726837463113)
2024-09-24 15:17:21,216 [FATAL] Updater:334 - Updater called before beeing initialized
2024-09-24 15:17:21,274 [WARN] DetailPanel:346 - Failed to get advertising image, set to default
2024-09-24 15:17:21,400 [FATAL] Updater:334 - Updater called before beeing initialized
2024-09-24 15:17:21,401 [FATAL] Updater:334 - Updater called before beeing initialized
2024-09-24 15:17:21,401 [FATAL] Updater:334 - Updater called before beeing initialized
2024-09-24 15:17:21,402 [WARN] DetailPanel:346 - Failed to get advertising image, set to default
2024-09-24 15:17:21,403 [FATAL] Updater:334 - Updater called before beeing initialized
2024-09-24 15:17:21,512 [ERROR] Updater:1164 - MainUpdater not yet initialized. External WinMGr cannot be set.
2024-09-24 15:17:21,517 [INFO] Updater:1100 - Updater Version found : 6.12.1
2024-09-24 15:17:21,543 [INFO] ApplicationProperties:184 - Using Application install path: C:\ST\STM32CubeIDE_1.4.0\STM32CubeIDE\plugins\com.st.stm32cube.common.mx_6.12.1.202409122256
2024-09-24 15:17:22,026 [INFO] MainUpdater:2873 - connection check result : 10
2024-09-24 15:17:22,026 [INFO] MainUpdater:3567 - Updater definition file requires update
2024-09-24 15:17:22,028 [INFO] MainUpdater:290 - Updater Check For Update Now.
2024-09-24 15:17:22,028 [INFO] MicroXplorer:498 - Change Database Version : DB.6.0.121
2024-09-24 15:17:22,036 [INFO] McuFinderGlobals:63 - Set McuFinder mode to 2 (CubeIDE integrated)
2024-09-24 15:17:22,039 [INFO] UserAuth:417 - Internet connection configuration mode: 1
2024-09-24 15:17:22,067 [INFO] JxBrowserEngine:152 - Initiate JxBrowser Engine with user profile folder
2024-09-24 15:17:22,090 [INFO] ServerAccessManage:473 - Download File updaters.zip
2024-09-24 15:17:22,214 [INFO] FileExtend:240 - Unzip File : updaters.zip
2024-09-24 15:17:22,215 [INFO] FileExtend:255 - Standard Zip Deflate
2024-09-24 15:17:22,663 [WARN] MainUpdater:1194 - Updater busy. Cannot search thirdparties
2024-09-24 15:17:22,664 [INFO] ThirdPartyUpdaterWithRetryManager:96 - Updater plugin is busy. [1/15]
2024-09-24 15:17:24,531 [INFO] ServerAccessManage:473 - Download File PacksControlFlags.xml
2024-09-24 15:17:24,646 [INFO] ServerAccessManage:473 - Download File cubemx.pidx
2024-09-24 15:17:25,078 [INFO] WebApp:167 - Instantiating new browser for Auth
2024-09-24 15:17:25,666 [WARN] MainUpdater:1194 - Updater busy. Cannot search thirdparties
2024-09-24 15:17:25,666 [INFO] ThirdPartyUpdaterWithRetryManager:96 - Updater plugin is busy. [2/15]
2024-09-24 15:17:25,705 [INFO] ServerAccessManage:473 - Download File STMicroelectronics.X-CUBE-TOUCHGFX.pdsc
2024-09-24 15:17:26,567 [WARN] PackLoader:240 - Cannot read IP mode file for STMicroelectronics.X-CUBE-TOUCHGFX.4.24.1
2024-09-24 15:17:26,569 [INFO] PopulateThirdPartyThread:66 - Ending populate Thread
2024-09-24 15:17:26,571 [INFO] ThirdParty:1030 - CMSIS Pack Vendor :STMicroelectronics X-CUBE-TOUCHGFX 4.24.1
2024-09-24 15:17:26,571 [INFO] LoadServerUpdatesThread:375 - End of LoadServerUpdate Thread
2024-09-24 15:17:26,739 [INFO] CheckServerUpdateThread:120 - End of CheckServer Thread
2024-09-24 15:17:26,793 [INFO] WebApp:448 - Apply proxy settings
2024-09-24 15:17:26,793 [INFO] WebApp:533 - Chromium requires no authentication
2024-09-24 15:17:26,816 [INFO] WebApp:476 - Direct internet connection detected
2024-09-24 15:17:26,856 [INFO] WebApp:869 - Register for checkConnection events
2024-09-24 15:17:26,856 [INFO] WebApp:448 - Apply proxy settings
2024-09-24 15:17:26,856 [INFO] WebApp:533 - Chromium requires no authentication
2024-09-24 15:17:26,856 [INFO] WebApp:476 - Direct internet connection detected
2024-09-24 15:17:27,138 [INFO] WebApp:220 - Starting web application
2024-09-24 15:17:27,138 [INFO] WebApp:578 - Web application path used C:\ST\STM32CubeIDE_1.4.0\STM32CubeIDE\plugins\com.st.stm32cube.common.mx_6.12.1.202409122256\db\plugins\mcufinder\reactClient1\index.html
2024-09-24 15:17:27,264 [INFO] UserAuth:417 - Internet connection configuration mode: 1
2024-09-24 15:17:27,581 [INFO] WebApp:186 - Connection restablished
2024-09-24 15:17:29,051 [WARN] PackLoader:240 - Cannot read IP mode file for STMicroelectronics.FP-SNS-MOTENVWB1.1.4.0
2024-09-24 15:17:29,092 [WARN] PackLoader:240 - Cannot read IP mode file for STMicroelectronics.X-CUBE-SMBUS.2.1.0
2024-09-24 15:17:29,130 [WARN] PackLoader:240 - Cannot read IP mode file for STMicroelectronics.X-CUBE-TOUCHGFX.4.23.2
2024-09-24 15:17:29,203 [WARN] PackLoader:240 - Cannot read IP mode file for STMicroelectronics.X-CUBE-AZRTOS-F7.1.1.0
2024-09-24 15:17:29,782 [WARN] PackLoader:240 - Cannot read IP mode file for STMicroelectronics.X-CUBE-MEMS1.11.0.0
2024-09-24 15:17:30,006 [WARN] PackLoader:240 - Cannot read IP mode file for STMicroelectronics.FP-SNS-FLIGHT1.5.0.2
2024-09-24 15:17:30,021 [WARN] PackLoader:240 - Cannot read IP mode file for STMicroelectronics.X-CUBE-DISPLAY.3.0.0
2024-09-24 15:17:30,036 [WARN] PackLoader:240 - Cannot read IP mode file for STMicroelectronics.X-CUBE-BLE1.7.0.0
2024-09-24 15:17:30,075 [WARN] PackLoader:240 - Cannot read IP mode file for emotas.I-CUBE-CANOPEN.1.3.0
2024-09-24 15:17:30,106 [WARN] PackLoader:240 - Cannot read IP mode file for STMicroelectronics.X-CUBE-BLEMGR.3.1.0
2024-09-24 15:17:30,131 [WARN] PackLoader:240 - Cannot read IP mode file for STMicroelectronics.FP-SNS-SMARTAG2.1.2.0
2024-09-24 15:17:30,178 [INFO] LogOutputStream:77 - [STDOUT_REDIRECT] 1 : Invalid condition id : UX_CORESTACK_Condition cause : null
2024-09-24 15:17:30,179 [INFO] LogOutputStream:77 - [STDOUT_REDIRECT] 1 : Invalid condition id : UX_CORESTACK_Condition cause : null
2024-09-24 15:17:30,180 [INFO] LogOutputStream:77 - [STDOUT_REDIRECT] 1 : Invalid condition id : UX_CORESTACK_Condition cause : null
2024-09-24 15:17:30,182 [INFO] LogOutputStream:77 - [STDOUT_REDIRECT] 1 : Invalid condition id : UX_CORESTACK_Condition cause : null
2024-09-24 15:17:30,184 [INFO] LogOutputStream:77 - [STDOUT_REDIRECT] 1 : Invalid condition id : UX_CORESTACK_Condition cause : null
2024-09-24 15:17:30,188 [WARN] PackLoader:240 - Cannot read IP mode file for STMicroelectronics.X-CUBE-AZRTOS-WL.2.0.0
2024-09-24 15:17:30,213 [WARN] PackLoader:240 - Cannot read IP mode file for STMicroelectronics.FP-SNS-MOTENV1.5.0.0
2024-09-24 15:17:30,247 [WARN] PackLoader:240 - Cannot read IP mode file for wolfSSL.I-CUBE-wolfMQTT.1.19.0
2024-09-24 15:17:30,299 [WARN] PackLoader:240 - Cannot read IP mode file for WES.I-CUBE-Cesium.1.3.0
2024-09-24 15:17:30,318 [WARN] PackLoader:240 - Cannot read IP mode file for STMicroelectronics.X-CUBE-BLE2.3.3.0
2024-09-24 15:17:30,334 [WARN] PackLoader:240 - Cannot read IP mode file for STMicroelectronics.X-CUBE-TCPP.4.1.0
2024-09-24 15:17:30,367 [WARN] PackLoader:240 - Cannot read IP mode file for STMicroelectronics.X-CUBE-ALGOBUILD.1.3.0
2024-09-24 15:17:30,401 [WARN] PackLoader:240 - Cannot read IP mode file for STMicroelectronics.X-CUBE-AZRTOS-G0.1.1.0
2024-09-24 15:17:30,414 [WARN] PackLoader:240 - Cannot read IP mode file for STMicroelectronics.X-CUBE-SAFEA1.1.2.2
2024-09-24 15:17:30,430 [WARN] PackLoader:240 - Cannot read IP mode file for STMicroelectronics.X-CUBE-NFC4.3.0.0
2024-09-24 15:17:30,456 [WARN] PackLoader:240 - Cannot read IP mode file for EmbeddedOffice.I-CUBE-FS-RTOS.1.0.1
2024-09-24 15:17:30,456 [ERROR] ConditionMgr:805 - Attr not supported : Dmpu
2024-09-24 15:17:30,456 [ERROR] ConditionMgr:805 - Attr not supported : Dmpu
2024-09-24 15:17:30,457 [ERROR] ConditionMgr:805 - Attr not supported : Dmpu
2024-09-24 15:17:30,457 [ERROR] ConditionMgr:805 - Attr not supported : Dmpu
2024-09-24 15:17:30,457 [ERROR] ConditionMgr:805 - Attr not supported : Dmpu
2024-09-24 15:17:30,457 [ERROR] ConditionMgr:805 - Attr not supported : Dmpu
2024-09-24 15:17:30,457 [ERROR] ConditionMgr:805 - Attr not supported : Dmpu
2024-09-24 15:17:30,457 [ERROR] ConditionMgr:805 - Attr not supported : Dmpu
2024-09-24 15:17:30,457 [ERROR] ConditionMgr:805 - Attr not supported : Dmpu
2024-09-24 15:17:30,457 [ERROR] ConditionMgr:805 - Attr not supported : Dmpu
2024-09-24 15:17:30,457 [ERROR] ConditionMgr:805 - Attr not supported : Dmpu
2024-09-24 15:17:30,457 [ERROR] ConditionMgr:805 - Attr not supported : Dmpu
2024-09-24 15:17:30,457 [ERROR] ConditionMgr:805 - Attr not supported : Dmpu
2024-09-24 15:17:30,457 [ERROR] ConditionMgr:805 - Attr not supported : Dmpu
2024-09-24 15:17:30,457 [ERROR] ConditionMgr:805 - Attr not supported : Dmpu
2024-09-24 15:17:30,457 [ERROR] ConditionMgr:805 - Attr not supported : Dmpu
2024-09-24 15:17:30,457 [ERROR] ConditionMgr:805 - Attr not supported : Dmpu
2024-09-24 15:17:30,458 [ERROR] ConditionMgr:805 - Attr not supported : Dmpu
2024-09-24 15:17:30,458 [ERROR] ConditionMgr:805 - Attr not supported : Dmpu
2024-09-24 15:17:30,458 [ERROR] ConditionMgr:805 - Attr not supported : Dmpu
2024-09-24 15:17:30,458 [ERROR] ConditionMgr:805 - Attr not supported : Dmpu
2024-09-24 15:17:30,458 [ERROR] ConditionMgr:805 - Attr not supported : Dmpu
2024-09-24 15:17:30,458 [ERROR] ConditionMgr:805 - Attr not supported : Dmpu
2024-09-24 15:17:30,458 [ERROR] ConditionMgr:805 - Attr not supported : Dmpu
2024-09-24 15:17:30,458 [ERROR] ConditionMgr:805 - Attr not supported : Dmpu
2024-09-24 15:17:30,458 [ERROR] ConditionMgr:805 - Attr not supported : Dmpu
2024-09-24 15:17:30,458 [ERROR] ConditionMgr:805 - Attr not supported : Dmpu
2024-09-24 15:17:30,458 [ERROR] ConditionMgr:805 - Attr not supported : Dmpu
2024-09-24 15:17:30,458 [ERROR] ConditionMgr:805 - Attr not supported : Dmpu
2024-09-24 15:17:30,458 [ERROR] ConditionMgr:805 - Attr not supported : Dmpu
2024-09-24 15:17:30,458 [ERROR] ConditionMgr:805 - Attr not supported : Dmpu
2024-09-24 15:17:30,459 [ERROR] ConditionMgr:805 - Attr not supported : Dmpu
2024-09-24 15:17:30,459 [ERROR] ConditionMgr:805 - Attr not supported : Dmpu
2024-09-24 15:17:30,459 [ERROR] ConditionMgr:805 - Attr not supported : Dmpu
2024-09-24 15:17:30,459 [ERROR] ConditionMgr:805 - Attr not supported : Dmpu
2024-09-24 15:17:30,459 [ERROR] ConditionMgr:805 - Attr not supported : Dmpu
2024-09-24 15:17:30,459 [ERROR] ConditionMgr:805 - Attr not supported : Dmpu
2024-09-24 15:17:30,459 [ERROR] ConditionMgr:805 - Attr not supported : Dmpu
2024-09-24 15:17:30,459 [ERROR] ConditionMgr:805 - Attr not supported : Dmpu
2024-09-24 15:17:30,459 [ERROR] ConditionMgr:805 - Attr not supported : Dmpu
2024-09-24 15:17:30,459 [ERROR] ConditionMgr:805 - Attr not supported : Dmpu
2024-09-24 15:17:30,460 [ERROR] ConditionMgr:805 - Attr not supported : Dmpu
2024-09-24 15:17:30,460 [ERROR] ConditionMgr:805 - Attr not supported : Dmpu
2024-09-24 15:17:30,460 [ERROR] ConditionMgr:805 - Attr not supported : Dmpu
2024-09-24 15:17:30,460 [ERROR] ConditionMgr:805 - Attr not supported : Dmpu
2024-09-24 15:17:30,460 [ERROR] ConditionMgr:805 - Attr not supported : Dmpu
2024-09-24 15:17:30,460 [ERROR] ConditionMgr:805 - Attr not supported : Dmpu
2024-09-24 15:17:30,460 [ERROR] ConditionMgr:805 - Attr not supported : Dmpu
2024-09-24 15:17:30,460 [ERROR] ConditionMgr:805 - Attr not supported : Dmpu
2024-09-24 15:17:30,460 [ERROR] ConditionMgr:805 - Attr not supported : Dmpu
2024-09-24 15:17:30,461 [ERROR] ConditionMgr:805 - Attr not supported : Dmpu
2024-09-24 15:17:30,461 [ERROR] ConditionMgr:805 - Attr not supported : Dmpu
2024-09-24 15:17:30,461 [ERROR] ConditionMgr:805 - Attr not supported : Dmpu
2024-09-24 15:17:30,461 [ERROR] ConditionMgr:805 - Attr not supported : Dmpu
2024-09-24 15:17:30,461 [ERROR] ConditionMgr:805 - Attr not supported : Dmpu
2024-09-24 15:17:30,461 [ERROR] ConditionMgr:805 - Attr not supported : Dmpu
2024-09-24 15:17:30,461 [ERROR] ConditionMgr:805 - Attr not supported : Dmpu
2024-09-24 15:17:30,461 [ERROR] ConditionMgr:805 - Attr not supported : Dmpu
2024-09-24 15:17:30,461 [ERROR] ConditionMgr:805 - Attr not supported : Dmpu
2024-09-24 15:17:30,461 [ERROR] ConditionMgr:805 - Attr not supported : Dmpu
2024-09-24 15:17:30,462 [ERROR] ConditionMgr:805 - Attr not supported : Dmpu
2024-09-24 15:17:30,462 [ERROR] ConditionMgr:805 - Attr not supported : Dmpu
2024-09-24 15:17:30,462 [ERROR] ConditionMgr:805 - Attr not supported : Dmpu
2024-09-24 15:17:30,462 [ERROR] ConditionMgr:805 - Attr not supported : Dmpu
2024-09-24 15:17:30,478 [WARN] PackLoader:240 - Cannot read IP mode file for RealThread.X-CUBE-RT-Thread_Nano.4.1.1
2024-09-24 15:17:30,490 [WARN] PackLoader:240 - Cannot read IP mode file for wolfSSL.I-CUBE-wolfSSL.5.7.0
2024-09-24 15:17:30,505 [WARN] PackLoader:240 - Cannot read IP mode file for STMicroelectronics.FP-ATR-SIGFOX1.3.2.0
2024-09-24 15:17:30,517 [WARN] PackLoader:240 - Cannot read IP mode file for STMicroelectronics.X-CUBE-EEPRMA1.5.1.0
2024-09-24 15:17:30,542 [WARN] PackLoader:240 - Cannot read IP mode file for ITTIA_DB.I-CUBE-ITTIADB.8.9.0
2024-09-24 15:17:30,576 [WARN] PackLoader:240 - Cannot read IP mode file for SEGGER.I-CUBE-embOS.1.3.1
2024-09-24 15:17:30,618 [WARN] PackLoader:240 - Cannot read IP mode file for STMicroelectronics.X-CUBE-ALGOBUILD.1.4.0
2024-09-24 15:17:30,635 [WARN] PackLoader:240 - Cannot read IP mode file for STMicroelectronics.X-CUBE-GNSS1.6.0.0
2024-09-24 15:17:30,661 [WARN] PackLoader:240 - Cannot read IP mode file for STMicroelectronics.X-CUBE-AZRTOS-F4.1.1.0
2024-09-24 15:17:30,702 [WARN] PackLoader:240 - Cannot read IP mode file for STMicroelectronics.X-CUBE-ISPU.2.1.0
2024-09-24 15:17:30,708 [WARN] PackLoader:240 - Cannot read IP mode file for STMicroelectronics.X-CUBE-FREERTOS.1.2.0
2024-09-24 15:17:30,725 [WARN] PackLoader:240 - Cannot read IP mode file for STMicroelectronics.X-CUBE-AZRTOS-L5.2.0.0
2024-09-24 15:17:30,735 [WARN] PackLoader:240 - Cannot read IP mode file for STMicroelectronics.X-CUBE-NFC6.3.1.0
2024-09-24 15:17:30,742 [WARN] PackLoader:240 - Cannot read IP mode file for STMicroelectronics.X-CUBE-DPower.1.2.0
2024-09-24 15:17:30,748 [WARN] PackLoader:240 - Cannot read IP mode file for STMicroelectronics.X-CUBE-AI.9.0.0
2024-09-24 15:17:30,755 [WARN] PackLoader:240 - Cannot read IP mode file for STMicroelectronics.X-CUBE-NFC7.1.0.1
2024-09-24 15:17:30,761 [WARN] PackLoader:240 - Cannot read IP mode file for wolfSSL.I-CUBE-wolfTPM.3.2.0
2024-09-24 15:17:30,767 [WARN] PackLoader:240 - Cannot read IP mode file for STMicroelectronics.X-CUBE-AI.8.1.0
2024-09-24 15:17:30,792 [WARN] ConditionMgr:438 - getConditionDescription Invalid condition id : LAN8742 Phy interface Condition cause : null
2024-09-24 15:17:30,793 [WARN] PackLoader:240 - Cannot read IP mode file for STMicroelectronics.X-CUBE-AZRTOS-L4.2.0.0
2024-09-24 15:17:30,795 [WARN] ConditionMgr:1039 - genDependencies : Invalid condition id : LAN8742 Phy interface Condition cause : null
2024-09-24 15:17:30,796 [WARN] ConditionMgr:1039 - genDependencies : Invalid condition id : LAN8742 Phy interface Condition cause : null
2024-09-24 15:17:30,796 [WARN] ConditionMgr:1039 - genDependencies : Invalid condition id : LAN8742 Phy interface Condition cause : null
2024-09-24 15:17:30,805 [WARN] PackLoader:240 - Cannot read IP mode file for STMicroelectronics.X-CUBE-SFXS2LP1.4.0.0
2024-09-24 15:17:30,831 [WARN] PackLoader:240 - Cannot read IP mode file for STMicroelectronics.X-CUBE-AZRTOS-H7.3.3.0
2024-09-24 15:17:30,849 [WARN] ConditionMgr:438 - getConditionDescription Invalid condition id : UX DEVICE CLASS RTOS Condition cause : null
2024-09-24 15:17:30,850 [WARN] ConditionMgr:438 - getConditionDescription Invalid condition id : UX DEVICE CLASS RTOS Condition cause : null
2024-09-24 15:17:30,851 [WARN] PackLoader:240 - Cannot read IP mode file for STMicroelectronics.X-CUBE-AZRTOS-WB.2.0.0
2024-09-24 15:17:30,852 [WARN] ConditionMgr:1039 - genDependencies : Invalid condition id : UX DEVICE CLASS RTOS Condition cause : null
2024-09-24 15:17:30,852 [WARN] ConditionMgr:1039 - genDependencies : Invalid condition id : UX DEVICE CLASS RTOS Condition cause : null
2024-09-24 15:17:30,852 [WARN] ConditionMgr:1039 - genDependencies : Invalid condition id : UX DEVICE CLASS RTOS Condition cause : null
2024-09-24 15:17:30,853 [WARN] ConditionMgr:1039 - genDependencies : Invalid condition id : UX DEVICE CLASS RTOS Condition cause : null
2024-09-24 15:17:30,853 [WARN] ConditionMgr:1039 - genDependencies : Invalid condition id : UX DEVICE CLASS RTOS Condition cause : null
2024-09-24 15:17:30,859 [WARN] PackLoader:240 - Cannot read IP mode file for STMicroelectronics.X-CUBE-GNSS1.7.0.0
2024-09-24 15:17:30,868 [WARN] PackLoader:240 - Cannot read IP mode file for STMicroelectronics.FP-SNS-STBOX1.2.0.0
2024-09-24 15:17:30,889 [WARN] PackLoader:240 - Cannot read IP mode file for STMicroelectronics.X-CUBE-SUBG2.5.0.0
2024-09-24 15:17:30,902 [WARN] PackLoader:240 - Cannot read IP mode file for Cesanta.I-CUBE-Mongoose.7.13.0
2024-09-24 15:17:30,917 [WARN] PackLoader:240 - Cannot read IP mode file for STMicroelectronics.X-CUBE-AZRTOS-G4.2.0.0
2024-09-24 15:17:30,925 [WARN] PackLoader:240 - Cannot read IP mode file for STMicroelectronics.FP-SNS-MOTENVWB1.1.3.1
2024-09-24 15:17:30,931 [WARN] PackLoader:240 - Cannot read IP mode file for STMicroelectronics.X-CUBE-ISPU.2.0.0
2024-09-24 15:17:30,938 [WARN] PackLoader:240 - Cannot read IP mode file for STMicroelectronics.X-CUBE-ALS.1.0.2
2024-09-24 15:17:30,977 [WARN] PackLoader:240 - Cannot read IP mode file for STMicroelectronics.X-CUBE-MEMS1.10.0.0
2024-09-24 15:17:31,118 [WARN] PackLoader:240 - Cannot read IP mode file for STMicroelectronics.X-CUBE-FREERTOS.1.1.0
2024-09-24 15:17:31,122 [WARN] PackLoader:240 - Cannot read IP mode file for STMicroelectronics.X-CUBE-TOUCHGFX.4.24.0
2024-09-24 15:17:31,127 [WARN] PackLoader:240 - Cannot read IP mode file for STMicroelectronics.X-CUBE-TOUCHGFX.4.24.1
2024-09-24 15:17:31,137 [WARN] PackLoader:240 - Cannot read IP mode file for portGmbH.I-Cube-SoM-uGOAL.1.1.0
2024-09-24 15:17:31,143 [WARN] PackLoader:240 - Cannot read IP mode file for STMicroelectronics.X-CUBE-ALS.1.0.1
2024-09-24 15:17:31,166 [WARN] PackLoader:240 - Cannot read IP mode file for STMicroelectronics.X-CUBE-AZRTOS-H7RS.1.0.0
2024-09-24 15:17:31,172 [WARN] PackLoader:240 - Cannot read IP mode file for STMicroelectronics.FP-ATR-ASTRA1.2.0.0
2024-09-24 15:17:31,185 [WARN] PackLoader:240 - Cannot read IP mode file for STMicroelectronics.X-CUBE-TOF1.3.4.2
2024-09-24 15:17:31,210 [WARN] PackLoader:240 - Cannot read IP mode file for STMicroelectronics.X-CUBE-TOF1.3.4.1
2024-09-24 15:17:31,238 [WARN] PackLoader:240 - Cannot read IP mode file for STMicroelectronics.X-CUBE-AZRTOS-H7.3.2.0
2024-09-24 15:17:31,254 [WARN] PackLoader:240 - Cannot read IP mode file for Infineon.AIROC-Wi-Fi-Bluetooth-STM32.1.6.0
2024-09-24 15:17:31,260 [WARN] PackLoader:240 - Cannot read IP mode file for wolfSSL.I-CUBE-wolfSSH.1.4.17
2024-09-24 15:17:31,261 [INFO] ThirdParty:978 - Integrity check success = true
2024-09-24 15:17:31,261 [INFO] IntegrityCheckThread:100 - exiting critical section [integrity check]
2024-09-24 15:17:31,261 [INFO] IntegrityCheckThread:103 - End integrity checks thread
2024-09-24 18:03:35,685 [ERROR] LogOutputStream:75 - [STDERR_REDIRECT] 
