12:35:19 **** Build of configuration Debug for project RTC ****
make -j8 all 
arm-none-eabi-gcc "../Drivers/STM32F3xx_HAL_Driver/Src/stm32f3xx_hal.c" -mcpu=cortex-m4 -std=gnu11 -g3 -DUSE_HAL_DRIVER -DSTM32F301x8 -DDEBUG -c -I../Drivers/CMSIS/Include -I../Drivers/STM32F3xx_HAL_Driver/Inc -I../Core/Inc -I../Drivers/STM32F3xx_HAL_Driver/Inc/Legacy -I../Drivers/CMSIS/Device/ST/STM32F3xx/Include -O3 -ffunction-sections -fdata-sections -Wall -fstack-usage -fcyclomatic-complexity -MMD -MP -MF"Drivers/STM32F3xx_HAL_Driver/Src/stm32f3xx_hal.d" -MT"Drivers/STM32F3xx_HAL_Driver/Src/stm32f3xx_hal.o" --specs=nano.specs -mfpu=fpv4-sp-d16 -mfloat-abi=hard -mthumb -o "Drivers/STM32F3xx_HAL_Driver/Src/stm32f3xx_hal.o"
arm-none-eabi-gcc "../Drivers/STM32F3xx_HAL_Driver/Src/stm32f3xx_hal_cortex.c" -mcpu=cortex-m4 -std=gnu11 -g3 -DUSE_HAL_DRIVER -DSTM32F301x8 -DDEBUG -c -I../Drivers/CMSIS/Include -I../Drivers/STM32F3xx_HAL_Driver/Inc -I../Core/Inc -I../Drivers/STM32F3xx_HAL_Driver/Inc/Legacy -I../Drivers/CMSIS/Device/ST/STM32F3xx/Include -O3 -ffunction-sections -fdata-sections -Wall -fstack-usage -fcyclomatic-complexity -MMD -MP -MF"Drivers/STM32F3xx_HAL_Driver/Src/stm32f3xx_hal_cortex.d" -MT"Drivers/STM32F3xx_HAL_Driver/Src/stm32f3xx_hal_cortex.o" --specs=nano.specs -mfpu=fpv4-sp-d16 -mfloat-abi=hard -mthumb -o "Drivers/STM32F3xx_HAL_Driver/Src/stm32f3xx_hal_cortex.o"
arm-none-eabi-gcc "../Drivers/STM32F3xx_HAL_Driver/Src/stm32f3xx_hal_dma.c" -mcpu=cortex-m4 -std=gnu11 -g3 -DUSE_HAL_DRIVER -DSTM32F301x8 -DDEBUG -c -I../Drivers/CMSIS/Include -I../Drivers/STM32F3xx_HAL_Driver/Inc -I../Core/Inc -I../Drivers/STM32F3xx_HAL_Driver/Inc/Legacy -I../Drivers/CMSIS/Device/ST/STM32F3xx/Include -O3 -ffunction-sections -fdata-sections -Wall -fstack-usage -fcyclomatic-complexity -MMD -MP -MF"Drivers/STM32F3xx_HAL_Driver/Src/stm32f3xx_hal_dma.d" -MT"Drivers/STM32F3xx_HAL_Driver/Src/stm32f3xx_hal_dma.o" --specs=nano.specs -mfpu=fpv4-sp-d16 -mfloat-abi=hard -mthumb -o "Drivers/STM32F3xx_HAL_Driver/Src/stm32f3xx_hal_dma.o"
arm-none-eabi-gcc "../Drivers/STM32F3xx_HAL_Driver/Src/stm32f3xx_hal_exti.c" -mcpu=cortex-m4 -std=gnu11 -g3 -DUSE_HAL_DRIVER -DSTM32F301x8 -DDEBUG -c -I../Drivers/CMSIS/Include -I../Drivers/STM32F3xx_HAL_Driver/Inc -I../Core/Inc -I../Drivers/STM32F3xx_HAL_Driver/Inc/Legacy -I../Drivers/CMSIS/Device/ST/STM32F3xx/Include -O3 -ffunction-sections -fdata-sections -Wall -fstack-usage -fcyclomatic-complexity -MMD -MP -MF"Drivers/STM32F3xx_HAL_Driver/Src/stm32f3xx_hal_exti.d" -MT"Drivers/STM32F3xx_HAL_Driver/Src/stm32f3xx_hal_exti.o" --specs=nano.specs -mfpu=fpv4-sp-d16 -mfloat-abi=hard -mthumb -o "Drivers/STM32F3xx_HAL_Driver/Src/stm32f3xx_hal_exti.o"
arm-none-eabi-gcc "../Drivers/STM32F3xx_HAL_Driver/Src/stm32f3xx_hal_flash.c" -mcpu=cortex-m4 -std=gnu11 -g3 -DUSE_HAL_DRIVER -DSTM32F301x8 -DDEBUG -c -I../Drivers/CMSIS/Include -I../Drivers/STM32F3xx_HAL_Driver/Inc -I../Core/Inc -I../Drivers/STM32F3xx_HAL_Driver/Inc/Legacy -I../Drivers/CMSIS/Device/ST/STM32F3xx/Include -O3 -ffunction-sections -fdata-sections -Wall -fstack-usage -fcyclomatic-complexity -MMD -MP -MF"Drivers/STM32F3xx_HAL_Driver/Src/stm32f3xx_hal_flash.d" -MT"Drivers/STM32F3xx_HAL_Driver/Src/stm32f3xx_hal_flash.o" --specs=nano.specs -mfpu=fpv4-sp-d16 -mfloat-abi=hard -mthumb -o "Drivers/STM32F3xx_HAL_Driver/Src/stm32f3xx_hal_flash.o"
arm-none-eabi-gcc "../Drivers/STM32F3xx_HAL_Driver/Src/stm32f3xx_hal_flash_ex.c" -mcpu=cortex-m4 -std=gnu11 -g3 -DUSE_HAL_DRIVER -DSTM32F301x8 -DDEBUG -c -I../Drivers/CMSIS/Include -I../Drivers/STM32F3xx_HAL_Driver/Inc -I../Core/Inc -I../Drivers/STM32F3xx_HAL_Driver/Inc/Legacy -I../Drivers/CMSIS/Device/ST/STM32F3xx/Include -O3 -ffunction-sections -fdata-sections -Wall -fstack-usage -fcyclomatic-complexity -MMD -MP -MF"Drivers/STM32F3xx_HAL_Driver/Src/stm32f3xx_hal_flash_ex.d" -MT"Drivers/STM32F3xx_HAL_Driver/Src/stm32f3xx_hal_flash_ex.o" --specs=nano.specs -mfpu=fpv4-sp-d16 -mfloat-abi=hard -mthumb -o "Drivers/STM32F3xx_HAL_Driver/Src/stm32f3xx_hal_flash_ex.o"
arm-none-eabi-gcc "../Drivers/STM32F3xx_HAL_Driver/Src/stm32f3xx_hal_gpio.c" -mcpu=cortex-m4 -std=gnu11 -g3 -DUSE_HAL_DRIVER -DSTM32F301x8 -DDEBUG -c -I../Drivers/CMSIS/Include -I../Drivers/STM32F3xx_HAL_Driver/Inc -I../Core/Inc -I../Drivers/STM32F3xx_HAL_Driver/Inc/Legacy -I../Drivers/CMSIS/Device/ST/STM32F3xx/Include -O3 -ffunction-sections -fdata-sections -Wall -fstack-usage -fcyclomatic-complexity -MMD -MP -MF"Drivers/STM32F3xx_HAL_Driver/Src/stm32f3xx_hal_gpio.d" -MT"Drivers/STM32F3xx_HAL_Driver/Src/stm32f3xx_hal_gpio.o" --specs=nano.specs -mfpu=fpv4-sp-d16 -mfloat-abi=hard -mthumb -o "Drivers/STM32F3xx_HAL_Driver/Src/stm32f3xx_hal_gpio.o"
arm-none-eabi-gcc "../Drivers/STM32F3xx_HAL_Driver/Src/stm32f3xx_hal_i2c.c" -mcpu=cortex-m4 -std=gnu11 -g3 -DUSE_HAL_DRIVER -DSTM32F301x8 -DDEBUG -c -I../Drivers/CMSIS/Include -I../Drivers/STM32F3xx_HAL_Driver/Inc -I../Core/Inc -I../Drivers/STM32F3xx_HAL_Driver/Inc/Legacy -I../Drivers/CMSIS/Device/ST/STM32F3xx/Include -O3 -ffunction-sections -fdata-sections -Wall -fstack-usage -fcyclomatic-complexity -MMD -MP -MF"Drivers/STM32F3xx_HAL_Driver/Src/stm32f3xx_hal_i2c.d" -MT"Drivers/STM32F3xx_HAL_Driver/Src/stm32f3xx_hal_i2c.o" --specs=nano.specs -mfpu=fpv4-sp-d16 -mfloat-abi=hard -mthumb -o "Drivers/STM32F3xx_HAL_Driver/Src/stm32f3xx_hal_i2c.o"
arm-none-eabi-gcc "../Drivers/STM32F3xx_HAL_Driver/Src/stm32f3xx_hal_i2c_ex.c" -mcpu=cortex-m4 -std=gnu11 -g3 -DUSE_HAL_DRIVER -DSTM32F301x8 -DDEBUG -c -I../Drivers/CMSIS/Include -I../Drivers/STM32F3xx_HAL_Driver/Inc -I../Core/Inc -I../Drivers/STM32F3xx_HAL_Driver/Inc/Legacy -I../Drivers/CMSIS/Device/ST/STM32F3xx/Include -O3 -ffunction-sections -fdata-sections -Wall -fstack-usage -fcyclomatic-complexity -MMD -MP -MF"Drivers/STM32F3xx_HAL_Driver/Src/stm32f3xx_hal_i2c_ex.d" -MT"Drivers/STM32F3xx_HAL_Driver/Src/stm32f3xx_hal_i2c_ex.o" --specs=nano.specs -mfpu=fpv4-sp-d16 -mfloat-abi=hard -mthumb -o "Drivers/STM32F3xx_HAL_Driver/Src/stm32f3xx_hal_i2c_ex.o"
arm-none-eabi-gcc "../Drivers/STM32F3xx_HAL_Driver/Src/stm32f3xx_hal_pwr.c" -mcpu=cortex-m4 -std=gnu11 -g3 -DUSE_HAL_DRIVER -DSTM32F301x8 -DDEBUG -c -I../Drivers/CMSIS/Include -I../Drivers/STM32F3xx_HAL_Driver/Inc -I../Core/Inc -I../Drivers/STM32F3xx_HAL_Driver/Inc/Legacy -I../Drivers/CMSIS/Device/ST/STM32F3xx/Include -O3 -ffunction-sections -fdata-sections -Wall -fstack-usage -fcyclomatic-complexity -MMD -MP -MF"Drivers/STM32F3xx_HAL_Driver/Src/stm32f3xx_hal_pwr.d" -MT"Drivers/STM32F3xx_HAL_Driver/Src/stm32f3xx_hal_pwr.o" --specs=nano.specs -mfpu=fpv4-sp-d16 -mfloat-abi=hard -mthumb -o "Drivers/STM32F3xx_HAL_Driver/Src/stm32f3xx_hal_pwr.o"
arm-none-eabi-gcc "../Drivers/STM32F3xx_HAL_Driver/Src/stm32f3xx_hal_pwr_ex.c" -mcpu=cortex-m4 -std=gnu11 -g3 -DUSE_HAL_DRIVER -DSTM32F301x8 -DDEBUG -c -I../Drivers/CMSIS/Include -I../Drivers/STM32F3xx_HAL_Driver/Inc -I../Core/Inc -I../Drivers/STM32F3xx_HAL_Driver/Inc/Legacy -I../Drivers/CMSIS/Device/ST/STM32F3xx/Include -O3 -ffunction-sections -fdata-sections -Wall -fstack-usage -fcyclomatic-complexity -MMD -MP -MF"Drivers/STM32F3xx_HAL_Driver/Src/stm32f3xx_hal_pwr_ex.d" -MT"Drivers/STM32F3xx_HAL_Driver/Src/stm32f3xx_hal_pwr_ex.o" --specs=nano.specs -mfpu=fpv4-sp-d16 -mfloat-abi=hard -mthumb -o "Drivers/STM32F3xx_HAL_Driver/Src/stm32f3xx_hal_pwr_ex.o"
arm-none-eabi-gcc "../Drivers/STM32F3xx_HAL_Driver/Src/stm32f3xx_hal_rcc.c" -mcpu=cortex-m4 -std=gnu11 -g3 -DUSE_HAL_DRIVER -DSTM32F301x8 -DDEBUG -c -I../Drivers/CMSIS/Include -I../Drivers/STM32F3xx_HAL_Driver/Inc -I../Core/Inc -I../Drivers/STM32F3xx_HAL_Driver/Inc/Legacy -I../Drivers/CMSIS/Device/ST/STM32F3xx/Include -O3 -ffunction-sections -fdata-sections -Wall -fstack-usage -fcyclomatic-complexity -MMD -MP -MF"Drivers/STM32F3xx_HAL_Driver/Src/stm32f3xx_hal_rcc.d" -MT"Drivers/STM32F3xx_HAL_Driver/Src/stm32f3xx_hal_rcc.o" --specs=nano.specs -mfpu=fpv4-sp-d16 -mfloat-abi=hard -mthumb -o "Drivers/STM32F3xx_HAL_Driver/Src/stm32f3xx_hal_rcc.o"
arm-none-eabi-gcc "../Drivers/STM32F3xx_HAL_Driver/Src/stm32f3xx_hal_rcc_ex.c" -mcpu=cortex-m4 -std=gnu11 -g3 -DUSE_HAL_DRIVER -DSTM32F301x8 -DDEBUG -c -I../Drivers/CMSIS/Include -I../Drivers/STM32F3xx_HAL_Driver/Inc -I../Core/Inc -I../Drivers/STM32F3xx_HAL_Driver/Inc/Legacy -I../Drivers/CMSIS/Device/ST/STM32F3xx/Include -O3 -ffunction-sections -fdata-sections -Wall -fstack-usage -fcyclomatic-complexity -MMD -MP -MF"Drivers/STM32F3xx_HAL_Driver/Src/stm32f3xx_hal_rcc_ex.d" -MT"Drivers/STM32F3xx_HAL_Driver/Src/stm32f3xx_hal_rcc_ex.o" --specs=nano.specs -mfpu=fpv4-sp-d16 -mfloat-abi=hard -mthumb -o "Drivers/STM32F3xx_HAL_Driver/Src/stm32f3xx_hal_rcc_ex.o"
arm-none-eabi-gcc "../Drivers/STM32F3xx_HAL_Driver/Src/stm32f3xx_hal_rtc.c" -mcpu=cortex-m4 -std=gnu11 -g3 -DUSE_HAL_DRIVER -DSTM32F301x8 -DDEBUG -c -I../Drivers/CMSIS/Include -I../Drivers/STM32F3xx_HAL_Driver/Inc -I../Core/Inc -I../Drivers/STM32F3xx_HAL_Driver/Inc/Legacy -I../Drivers/CMSIS/Device/ST/STM32F3xx/Include -O3 -ffunction-sections -fdata-sections -Wall -fstack-usage -fcyclomatic-complexity -MMD -MP -MF"Drivers/STM32F3xx_HAL_Driver/Src/stm32f3xx_hal_rtc.d" -MT"Drivers/STM32F3xx_HAL_Driver/Src/stm32f3xx_hal_rtc.o" --specs=nano.specs -mfpu=fpv4-sp-d16 -mfloat-abi=hard -mthumb -o "Drivers/STM32F3xx_HAL_Driver/Src/stm32f3xx_hal_rtc.o"
arm-none-eabi-gcc "../Drivers/STM32F3xx_HAL_Driver/Src/stm32f3xx_hal_rtc_ex.c" -mcpu=cortex-m4 -std=gnu11 -g3 -DUSE_HAL_DRIVER -DSTM32F301x8 -DDEBUG -c -I../Drivers/CMSIS/Include -I../Drivers/STM32F3xx_HAL_Driver/Inc -I../Core/Inc -I../Drivers/STM32F3xx_HAL_Driver/Inc/Legacy -I../Drivers/CMSIS/Device/ST/STM32F3xx/Include -O3 -ffunction-sections -fdata-sections -Wall -fstack-usage -fcyclomatic-complexity -MMD -MP -MF"Drivers/STM32F3xx_HAL_Driver/Src/stm32f3xx_hal_rtc_ex.d" -MT"Drivers/STM32F3xx_HAL_Driver/Src/stm32f3xx_hal_rtc_ex.o" --specs=nano.specs -mfpu=fpv4-sp-d16 -mfloat-abi=hard -mthumb -o "Drivers/STM32F3xx_HAL_Driver/Src/stm32f3xx_hal_rtc_ex.o"
arm-none-eabi-gcc "../Drivers/STM32F3xx_HAL_Driver/Src/stm32f3xx_hal_tim.c" -mcpu=cortex-m4 -std=gnu11 -g3 -DUSE_HAL_DRIVER -DSTM32F301x8 -DDEBUG -c -I../Drivers/CMSIS/Include -I../Drivers/STM32F3xx_HAL_Driver/Inc -I../Core/Inc -I../Drivers/STM32F3xx_HAL_Driver/Inc/Legacy -I../Drivers/CMSIS/Device/ST/STM32F3xx/Include -O3 -ffunction-sections -fdata-sections -Wall -fstack-usage -fcyclomatic-complexity -MMD -MP -MF"Drivers/STM32F3xx_HAL_Driver/Src/stm32f3xx_hal_tim.d" -MT"Drivers/STM32F3xx_HAL_Driver/Src/stm32f3xx_hal_tim.o" --specs=nano.specs -mfpu=fpv4-sp-d16 -mfloat-abi=hard -mthumb -o "Drivers/STM32F3xx_HAL_Driver/Src/stm32f3xx_hal_tim.o"
arm-none-eabi-gcc "../Drivers/STM32F3xx_HAL_Driver/Src/stm32f3xx_hal_tim_ex.c" -mcpu=cortex-m4 -std=gnu11 -g3 -DUSE_HAL_DRIVER -DSTM32F301x8 -DDEBUG -c -I../Drivers/CMSIS/Include -I../Drivers/STM32F3xx_HAL_Driver/Inc -I../Core/Inc -I../Drivers/STM32F3xx_HAL_Driver/Inc/Legacy -I../Drivers/CMSIS/Device/ST/STM32F3xx/Include -O3 -ffunction-sections -fdata-sections -Wall -fstack-usage -fcyclomatic-complexity -MMD -MP -MF"Drivers/STM32F3xx_HAL_Driver/Src/stm32f3xx_hal_tim_ex.d" -MT"Drivers/STM32F3xx_HAL_Driver/Src/stm32f3xx_hal_tim_ex.o" --specs=nano.specs -mfpu=fpv4-sp-d16 -mfloat-abi=hard -mthumb -o "Drivers/STM32F3xx_HAL_Driver/Src/stm32f3xx_hal_tim_ex.o"
arm-none-eabi-gcc "../Drivers/STM32F3xx_HAL_Driver/Src/stm32f3xx_hal_uart.c" -mcpu=cortex-m4 -std=gnu11 -g3 -DUSE_HAL_DRIVER -DSTM32F301x8 -DDEBUG -c -I../Drivers/CMSIS/Include -I../Drivers/STM32F3xx_HAL_Driver/Inc -I../Core/Inc -I../Drivers/STM32F3xx_HAL_Driver/Inc/Legacy -I../Drivers/CMSIS/Device/ST/STM32F3xx/Include -O3 -ffunction-sections -fdata-sections -Wall -fstack-usage -fcyclomatic-complexity -MMD -MP -MF"Drivers/STM32F3xx_HAL_Driver/Src/stm32f3xx_hal_uart.d" -MT"Drivers/STM32F3xx_HAL_Driver/Src/stm32f3xx_hal_uart.o" --specs=nano.specs -mfpu=fpv4-sp-d16 -mfloat-abi=hard -mthumb -o "Drivers/STM32F3xx_HAL_Driver/Src/stm32f3xx_hal_uart.o"
arm-none-eabi-gcc "../Drivers/STM32F3xx_HAL_Driver/Src/stm32f3xx_hal_uart_ex.c" -mcpu=cortex-m4 -std=gnu11 -g3 -DUSE_HAL_DRIVER -DSTM32F301x8 -DDEBUG -c -I../Drivers/CMSIS/Include -I../Drivers/STM32F3xx_HAL_Driver/Inc -I../Core/Inc -I../Drivers/STM32F3xx_HAL_Driver/Inc/Legacy -I../Drivers/CMSIS/Device/ST/STM32F3xx/Include -O3 -ffunction-sections -fdata-sections -Wall -fstack-usage -fcyclomatic-complexity -MMD -MP -MF"Drivers/STM32F3xx_HAL_Driver/Src/stm32f3xx_hal_uart_ex.d" -MT"Drivers/STM32F3xx_HAL_Driver/Src/stm32f3xx_hal_uart_ex.o" --specs=nano.specs -mfpu=fpv4-sp-d16 -mfloat-abi=hard -mthumb -o "Drivers/STM32F3xx_HAL_Driver/Src/stm32f3xx_hal_uart_ex.o"
arm-none-eabi-gcc -mcpu=cortex-m4 -g3 -c -x assembler-with-cpp -MMD -MP -MF"Core/Startup/startup_stm32f301c8tx.d" -MT"Core/Startup/startup_stm32f301c8tx.o" --specs=nano.specs -mfpu=fpv4-sp-d16 -mfloat-abi=hard -mthumb -o "Core/Startup/startup_stm32f301c8tx.o" "../Core/Startup/startup_stm32f301c8tx.s"
arm-none-eabi-gcc "../Core/Src/gps_gsm_mc60.c" -mcpu=cortex-m4 -std=gnu11 -g3 -DUSE_HAL_DRIVER -DSTM32F301x8 -DDEBUG -c -I../Drivers/CMSIS/Include -I../Drivers/STM32F3xx_HAL_Driver/Inc -I../Core/Inc -I../Drivers/STM32F3xx_HAL_Driver/Inc/Legacy -I../Drivers/CMSIS/Device/ST/STM32F3xx/Include -O3 -ffunction-sections -fdata-sections -Wall -fstack-usage -fcyclomatic-complexity -MMD -MP -MF"Core/Src/gps_gsm_mc60.d" -MT"Core/Src/gps_gsm_mc60.o" --specs=nano.specs -mfpu=fpv4-sp-d16 -mfloat-abi=hard -mthumb -o "Core/Src/gps_gsm_mc60.o"
arm-none-eabi-gcc "../Core/Src/lcd.c" -mcpu=cortex-m4 -std=gnu11 -g3 -DUSE_HAL_DRIVER -DSTM32F301x8 -DDEBUG -c -I../Drivers/CMSIS/Include -I../Drivers/STM32F3xx_HAL_Driver/Inc -I../Core/Inc -I../Drivers/STM32F3xx_HAL_Driver/Inc/Legacy -I../Drivers/CMSIS/Device/ST/STM32F3xx/Include -O3 -ffunction-sections -fdata-sections -Wall -fstack-usage -fcyclomatic-complexity -MMD -MP -MF"Core/Src/lcd.d" -MT"Core/Src/lcd.o" --specs=nano.specs -mfpu=fpv4-sp-d16 -mfloat-abi=hard -mthumb -o "Core/Src/lcd.o"
arm-none-eabi-gcc "../Core/Src/main.c" -mcpu=cortex-m4 -std=gnu11 -g3 -DUSE_HAL_DRIVER -DSTM32F301x8 -DDEBUG -c -I../Drivers/CMSIS/Include -I../Drivers/STM32F3xx_HAL_Driver/Inc -I../Core/Inc -I../Drivers/STM32F3xx_HAL_Driver/Inc/Legacy -I../Drivers/CMSIS/Device/ST/STM32F3xx/Include -O3 -ffunction-sections -fdata-sections -Wall -fstack-usage -fcyclomatic-complexity -MMD -MP -MF"Core/Src/main.d" -MT"Core/Src/main.o" --specs=nano.specs -mfpu=fpv4-sp-d16 -mfloat-abi=hard -mthumb -o "Core/Src/main.o"
arm-none-eabi-gcc "../Core/Src/mb_ascii.c" -mcpu=cortex-m4 -std=gnu11 -g3 -DUSE_HAL_DRIVER -DSTM32F301x8 -DDEBUG -c -I../Drivers/CMSIS/Include -I../Drivers/STM32F3xx_HAL_Driver/Inc -I../Core/Inc -I../Drivers/STM32F3xx_HAL_Driver/Inc/Legacy -I../Drivers/CMSIS/Device/ST/STM32F3xx/Include -O3 -ffunction-sections -fdata-sections -Wall -fstack-usage -fcyclomatic-complexity -MMD -MP -MF"Core/Src/mb_ascii.d" -MT"Core/Src/mb_ascii.o" --specs=nano.specs -mfpu=fpv4-sp-d16 -mfloat-abi=hard -mthumb -o "Core/Src/mb_ascii.o"
arm-none-eabi-gcc "../Core/Src/stm32f3xx_hal_msp.c" -mcpu=cortex-m4 -std=gnu11 -g3 -DUSE_HAL_DRIVER -DSTM32F301x8 -DDEBUG -c -I../Drivers/CMSIS/Include -I../Drivers/STM32F3xx_HAL_Driver/Inc -I../Core/Inc -I../Drivers/STM32F3xx_HAL_Driver/Inc/Legacy -I../Drivers/CMSIS/Device/ST/STM32F3xx/Include -O3 -ffunction-sections -fdata-sections -Wall -fstack-usage -fcyclomatic-complexity -MMD -MP -MF"Core/Src/stm32f3xx_hal_msp.d" -MT"Core/Src/stm32f3xx_hal_msp.o" --specs=nano.specs -mfpu=fpv4-sp-d16 -mfloat-abi=hard -mthumb -o "Core/Src/stm32f3xx_hal_msp.o"
arm-none-eabi-gcc "../Core/Src/stm32f3xx_it.c" -mcpu=cortex-m4 -std=gnu11 -g3 -DUSE_HAL_DRIVER -DSTM32F301x8 -DDEBUG -c -I../Drivers/CMSIS/Include -I../Drivers/STM32F3xx_HAL_Driver/Inc -I../Core/Inc -I../Drivers/STM32F3xx_HAL_Driver/Inc/Legacy -I../Drivers/CMSIS/Device/ST/STM32F3xx/Include -O3 -ffunction-sections -fdata-sections -Wall -fstack-usage -fcyclomatic-complexity -MMD -MP -MF"Core/Src/stm32f3xx_it.d" -MT"Core/Src/stm32f3xx_it.o" --specs=nano.specs -mfpu=fpv4-sp-d16 -mfloat-abi=hard -mthumb -o "Core/Src/stm32f3xx_it.o"
../Core/Src/main.c: In function 'main':
../Core/Src/main.c:150:11: warning: pointer targets in passing argument 1 of 'sprintf' differ in signedness [-Wpointer-sign]
  150 |   sprintf(Time,"TIME  %02d:%02d",sTime.Hours,sTime.Minutes);
      |           ^~~~
      |           |
      |           uint8_t * {aka unsigned char *}
In file included from ../Core/Inc/main.h:38,
                 from ../Core/Src/main.c:22:
C:\ST\STM32CubeIDE_1.4.0\STM32CubeIDE\plugins\com.st.stm32cube.ide.mcu.externaltools.gnu-tools-for-stm32.12.3.rel1.win32_1.0.200.202406191623\tools\bin/../lib/gcc/arm-none-eabi/12.3.1/../../../../arm-none-eabi/include/stdio.h:250:18: note: expected 'char * restrict' but argument is of type 'uint8_t *' {aka 'unsigned char *'}
  250 | int     sprintf (char *__restrict, const char *__restrict, ...)
      |                  ^
../Core/Src/main.c:151:11: warning: pointer targets in passing argument 1 of 'sprintf' differ in signedness [-Wpointer-sign]
  151 |   sprintf(Date,"DATE  %02d/%02d/%02d",sDate.Date,sDate.Month,sDate.Year);
      |           ^~~~
      |           |
      |           uint8_t * {aka unsigned char *}
C:\ST\STM32CubeIDE_1.4.0\STM32CubeIDE\plugins\com.st.stm32cube.ide.mcu.externaltools.gnu-tools-for-stm32.12.3.rel1.win32_1.0.200.202406191623\tools\bin/../lib/gcc/arm-none-eabi/12.3.1/../../../../arm-none-eabi/include/stdio.h:250:18: note: expected 'char * restrict' but argument is of type 'uint8_t *' {aka 'unsigned char *'}
  250 | int     sprintf (char *__restrict, const char *__restrict, ...)
      |                  ^
../Core/Src/main.c:154:22: warning: pointer targets in passing argument 1 of 'lcd_printstr' differ in signedness [-Wpointer-sign]
  154 |         lcd_printstr(Time,11);
      |                      ^~~~
      |                      |
      |                      uint8_t * {aka unsigned char *}
In file included from ../Core/Src/main.c:26:
../Core/Inc/lcd.h:133:32: note: expected 'const char *' but argument is of type 'uint8_t *' {aka 'unsigned char *'}
  133 | void  lcd_printstr(const char *str,uint8_t len);
      |                    ~~~~~~~~~~~~^~~
../Core/Src/main.c:156:22: warning: pointer targets in passing argument 1 of 'lcd_printstr' differ in signedness [-Wpointer-sign]
  156 |         lcd_printstr(Date,14);
      |                      ^~~~
      |                      |
      |                      uint8_t * {aka unsigned char *}
../Core/Inc/lcd.h:133:32: note: expected 'const char *' but argument is of type 'uint8_t *' {aka 'unsigned char *'}
  133 | void  lcd_printstr(const char *str,uint8_t len);
      |                    ~~~~~~~~~~~~^~~
../Core/Src/main.c:161:31: warning: pointer targets in passing argument 2 of 'HAL_UART_Transmit' differ in signedness [-Wpointer-sign]
  161 |    HAL_UART_Transmit(&huart1, "RT Vision Technologies (P) Ltd. Water Level Sensor\n\r", strlen("RT Vision Technologies (P) Ltd. Water Level Sensor\n\r"), 100);
      |                               ^~~~~~~~~~~~~~~~~~~~~~~~~~~~~~~~~~~~~~~~~~~~~~~~~~~~~~~~
      |                               |
      |                               char *
In file included from ../Core/Inc/stm32f3xx_hal_conf.h:326,
                 from ../Drivers/STM32F3xx_HAL_Driver/Inc/stm32f3xx_hal.h:30,
                 from ../Core/Inc/main.h:31:
../Drivers/STM32F3xx_HAL_Driver/Inc/stm32f3xx_hal_uart.h:1402:73: note: expected 'uint8_t *' {aka 'unsigned char *'} but argument is of type 'char *'
 1402 | HAL_StatusTypeDef HAL_UART_Transmit(UART_HandleTypeDef *huart, uint8_t *pData, uint16_t Size, uint32_t Timeout);
      |                                                                ~~~~~~~~~^~~~~
../Core/Src/main.c:179:7: warning: this 'while' clause does not guard... [-Wmisleading-indentation]
  179 |       while(HAL_I2C_Mem_Read(&hi2c1,EEPROME_ADD,PAGE_NO_LSB_LOC,I2C_MEMADD_SIZE_16BIT,&Page_No_LSB,1,100)!=HAL_OK);
      |       ^~~~~
../Core/Src/main.c:180:8: note: ...this statement, but the latter is misleadingly indented as if it were guarded by the 'while'
  180 |        while(HAL_I2C_Mem_Read(&hi2c1,EEPROME_ADD,USED_BYTE_IN_PAGE_LOC,I2C_MEMADD_SIZE_16BIT,&Used_Bytes_In_page,1,100)!=HAL_OK);
      |        ^~~~~
../Core/Src/main.c:180:8: warning: this 'while' clause does not guard... [-Wmisleading-indentation]
../Core/Src/main.c:181:10: note: ...this statement, but the latter is misleadingly indented as if it were guarded by the 'while'
  181 |          Page_no=Page_No_MSB;
      |          ^~~~~~~
../Core/Src/main.c:196:17: warning: pointer targets in passing argument 1 of 'sprintf' differ in signedness [-Wpointer-sign]
  196 |         sprintf(LAT, "XXXXXXXX");
      |                 ^~~
      |                 |
      |                 uint8_t * {aka unsigned char *}
C:\ST\STM32CubeIDE_1.4.0\STM32CubeIDE\plugins\com.st.stm32cube.ide.mcu.externaltools.gnu-tools-for-stm32.12.3.rel1.win32_1.0.200.202406191623\tools\bin/../lib/gcc/arm-none-eabi/12.3.1/../../../../arm-none-eabi/include/stdio.h:250:18: note: expected 'char * restrict' but argument is of type 'uint8_t *' {aka 'unsigned char *'}
  250 | int     sprintf (char *__restrict, const char *__restrict, ...)
      |                  ^
../Core/Src/main.c:197:13: warning: pointer targets in passing argument 1 of 'sprintf' differ in signedness [-Wpointer-sign]
  197 |     sprintf(LONG,"XXXXXXXX");
      |             ^~~~
      |             |
      |             uint8_t * {aka unsigned char *}
C:\ST\STM32CubeIDE_1.4.0\STM32CubeIDE\plugins\com.st.stm32cube.ide.mcu.externaltools.gnu-tools-for-stm32.12.3.rel1.win32_1.0.200.202406191623\tools\bin/../lib/gcc/arm-none-eabi/12.3.1/../../../../arm-none-eabi/include/stdio.h:250:18: note: expected 'char * restrict' but argument is of type 'uint8_t *' {aka 'unsigned char *'}
  250 | int     sprintf (char *__restrict, const char *__restrict, ...)
      |                  ^
../Core/Src/main.c:216:27: warning: pointer targets in passing argument 1 of 'sprintf' differ in signedness [-Wpointer-sign]
  216 |                   sprintf(dt_tm,"%02d/%02d   %02d:%02d:%02d",sDate.Date,sDate.Month,sTime.Hours,sTime.Minutes,sTime.Seconds);
      |                           ^~~~~
      |                           |
      |                           uint8_t * {aka unsigned char *}
../Core/Src/mb_ascii.c: In function 'Transmit_coil_data':
C:\ST\STM32CubeIDE_1.4.0\STM32CubeIDE\plugins\com.st.stm32cube.ide.mcu.externaltools.gnu-tools-for-stm32.12.3.rel1.win32_1.0.200.202406191623\tools\bin/../lib/gcc/arm-none-eabi/12.3.1/../../../../arm-none-eabi/include/stdio.h:250:18: note: expected 'char * restrict' but argument is of type 'uint8_t *' {aka 'unsigned char *'}
  250 | int     sprintf (char *__restrict, const char *__restrict, ...)
      |                  ^
../Core/Src/mb_ascii.c:66:39: warning: pointer targets in passing argument 1 of 'strlen' differ in signedness [-Wpointer-sign]
   66 |         memset(&Temp_buff,NULL,strlen(Temp_buff));
      |                                       ^~~~~~~~~
      |                                       |
      |                                       uint8_t * {aka unsigned char *}
../Core/Src/main.c:221:46: warning: pointer targets in passing argument 1 of 'lcd_printstr' differ in signedness [-Wpointer-sign]
  221 |                                 lcd_printstr(dt_tm,16);
      |                                              ^~~~~
      |                                              |
      |                                              uint8_t * {aka unsigned char *}
../Core/Inc/lcd.h:133:32: note: expected 'const char *' but argument is of type 'uint8_t *' {aka 'unsigned char *'}
  133 | void  lcd_printstr(const char *str,uint8_t len);
      |                    ~~~~~~~~~~~~^~~
../Core/Src/main.c:324:46: warning: this 'if' clause does not guard... [-Wmisleading-indentation]
  324 |                                         else if(AIN2_DATA > 500 && AIN2_DATA < 600)              //Then S_HIGH Float Switch is Active.
      |                                              ^~
In file included from ../Core/Inc/main.h:35,
                 from ../Core/Inc/mb_ascii.h:11,
                 from ../Core/Src/mb_ascii.c:8:
C:\ST\STM32CubeIDE_1.4.0\STM32CubeIDE\plugins\com.st.stm32cube.ide.mcu.externaltools.gnu-tools-for-stm32.12.3.rel1.win32_1.0.200.202406191623\tools\bin/../lib/gcc/arm-none-eabi/12.3.1/../../../../arm-none-eabi/include/string.h:41:18: note: expected 'const char *' but argument is of type 'uint8_t *' {aka 'unsigned char *'}
   41 | size_t   strlen (const char *);
      |                  ^~~~~~~~~~~~
../Core/Src/main.c:330:49: note: ...this statement, but the latter is misleadingly indented as if it were guarded by the 'if'
  330 |                                                 if(LOW && MEDIUM && HIGH)
      |                                                 ^~
../Core/Src/mb_ascii.c:66:27: warning: passing argument 2 of 'memset' makes integer from pointer without a cast [-Wint-conversion]
   66 |         memset(&Temp_buff,NULL,strlen(Temp_buff));
      |                           ^~~~
      |                           |
      |                           void *
C:\ST\STM32CubeIDE_1.4.0\STM32CubeIDE\plugins\com.st.stm32cube.ide.mcu.externaltools.gnu-tools-for-stm32.12.3.rel1.win32_1.0.200.202406191623\tools\bin/../lib/gcc/arm-none-eabi/12.3.1/../../../../arm-none-eabi/include/string.h:33:26: note: expected 'int' but argument is of type 'void *'
   33 | void *   memset (void *, int, size_t);
      |                          ^~~
../Core/Src/mb_ascii.c: In function 'Transmit_No_Register':
../Core/Src/mb_ascii.c:86:39: warning: pointer targets in passing argument 1 of 'strlen' differ in signedness [-Wpointer-sign]
   86 |         memset(&Temp_buff,NULL,strlen(Temp_buff));
      |                                       ^~~~~~~~~
      |                                       |
      |                                       uint8_t * {aka unsigned char *}
C:\ST\STM32CubeIDE_1.4.0\STM32CubeIDE\plugins\com.st.stm32cube.ide.mcu.externaltools.gnu-tools-for-stm32.12.3.rel1.win32_1.0.200.202406191623\tools\bin/../lib/gcc/arm-none-eabi/12.3.1/../../../../arm-none-eabi/include/string.h:41:18: note: expected 'const char *' but argument is of type 'uint8_t *' {aka 'unsigned char *'}
   41 | size_t   strlen (const char *);
      |                  ^~~~~~~~~~~~
../Core/Src/mb_ascii.c:86:27: warning: passing argument 2 of 'memset' makes integer from pointer without a cast [-Wint-conversion]
   86 |         memset(&Temp_buff,NULL,strlen(Temp_buff));
      |                           ^~~~
      |                           |
      |                           void *
C:\ST\STM32CubeIDE_1.4.0\STM32CubeIDE\plugins\com.st.stm32cube.ide.mcu.externaltools.gnu-tools-for-stm32.12.3.rel1.win32_1.0.200.202406191623\tools\bin/../lib/gcc/arm-none-eabi/12.3.1/../../../../arm-none-eabi/include/string.h:33:26: note: expected 'int' but argument is of type 'void *'
   33 | void *   memset (void *, int, size_t);
      |                          ^~~
../Core/Src/mb_ascii.c: In function 'Transmit_Register_data':
../Core/Src/mb_ascii.c:103:39: warning: pointer targets in passing argument 1 of 'strlen' differ in signedness [-Wpointer-sign]
  103 |         memset(&Temp_buff,NULL,strlen(Temp_buff));
      |                                       ^~~~~~~~~
      |                                       |
      |                                       uint8_t * {aka unsigned char *}
C:\ST\STM32CubeIDE_1.4.0\STM32CubeIDE\plugins\com.st.stm32cube.ide.mcu.externaltools.gnu-tools-for-stm32.12.3.rel1.win32_1.0.200.202406191623\tools\bin/../lib/gcc/arm-none-eabi/12.3.1/../../../../arm-none-eabi/include/string.h:41:18: note: expected 'const char *' but argument is of type 'uint8_t *' {aka 'unsigned char *'}
   41 | size_t   strlen (const char *);
      |                  ^~~~~~~~~~~~
../Core/Src/mb_ascii.c:103:27: warning: passing argument 2 of 'memset' makes integer from pointer without a cast [-Wint-conversion]
  103 |         memset(&Temp_buff,NULL,strlen(Temp_buff));
      |                           ^~~~
      |                           |
      |                           void *
../Core/Src/main.c:342:111: warning: pointer targets in passing argument 1 of 'strlen' differ in signedness [-Wpointer-sign]
  342 |                                                                                 memset(&Data_buff,NULL,strlen(Data_buff));
      |                                                                                                               ^~~~~~~~~
      |                                                                                                               |
      |                                                                                                               uint8_t * {aka unsigned char *}
In file included from ../Core/Inc/main.h:35:
C:\ST\STM32CubeIDE_1.4.0\STM32CubeIDE\plugins\com.st.stm32cube.ide.mcu.externaltools.gnu-tools-for-stm32.12.3.rel1.win32_1.0.200.202406191623\tools\bin/../lib/gcc/arm-none-eabi/12.3.1/../../../../arm-none-eabi/include/string.h:41:18: note: expected 'const char *' but argument is of type 'uint8_t *' {aka 'unsigned char *'}
   41 | size_t   strlen (const char *);
      |                  ^~~~~~~~~~~~
../Core/Src/main.c:342:99: warning: passing argument 2 of 'memset' makes integer from pointer without a cast [-Wint-conversion]
  342 |                                                                                 memset(&Data_buff,NULL,strlen(Data_buff));
      |                                                                                                   ^~~~
      |                                                                                                   |
      |                                                                                                   void *
C:\ST\STM32CubeIDE_1.4.0\STM32CubeIDE\plugins\com.st.stm32cube.ide.mcu.externaltools.gnu-tools-for-stm32.12.3.rel1.win32_1.0.200.202406191623\tools\bin/../lib/gcc/arm-none-eabi/12.3.1/../../../../arm-none-eabi/include/string.h:33:26: note: expected 'int' but argument is of type 'void *'
   33 | void *   memset (void *, int, size_t);
      |                          ^~~
../Core/Src/main.c:343:89: warning: pointer targets in passing argument 1 of 'sprintf' differ in signedness [-Wpointer-sign]
  343 |                                                                                 sprintf(Data_buff,"%02d,%02d,%02d,%02d,%02d,F,%s,%s\r\n",sDate.Date,sDate.Month,sDate.Year,sTime.Hours,sTime.Minutes,LAT,LONG);
      |                                                                                         ^~~~~~~~~
      |                                                                                         |
      |                                                                                         uint8_t * {aka unsigned char *}
C:\ST\STM32CubeIDE_1.4.0\STM32CubeIDE\plugins\com.st.stm32cube.ide.mcu.externaltools.gnu-tools-for-stm32.12.3.rel1.win32_1.0.200.202406191623\tools\bin/../lib/gcc/arm-none-eabi/12.3.1/../../../../arm-none-eabi/include/string.h:33:26: note: expected 'int' but argument is of type 'void *'
   33 | void *   memset (void *, int, size_t);
      |                          ^~~
C:\ST\STM32CubeIDE_1.4.0\STM32CubeIDE\plugins\com.st.stm32cube.ide.mcu.externaltools.gnu-tools-for-stm32.12.3.rel1.win32_1.0.200.202406191623\tools\bin/../lib/gcc/arm-none-eabi/12.3.1/../../../../arm-none-eabi/include/stdio.h:250:18: note: expected 'char * restrict' but argument is of type 'uint8_t *' {aka 'unsigned char *'}
  250 | int     sprintf (char *__restrict, const char *__restrict, ...)
      |                  ^
../Core/Src/main.c:369:95: warning: pointer targets in passing argument 1 of 'strlen' differ in signedness [-Wpointer-sign]
  369 |                                                                 memset(&Data_buff,NULL,strlen(Data_buff));
      |                                                                                               ^~~~~~~~~
      |                                                                                               |
      |                                                                                               uint8_t * {aka unsigned char *}
C:\ST\STM32CubeIDE_1.4.0\STM32CubeIDE\plugins\com.st.stm32cube.ide.mcu.externaltools.gnu-tools-for-stm32.12.3.rel1.win32_1.0.200.202406191623\tools\bin/../lib/gcc/arm-none-eabi/12.3.1/../../../../arm-none-eabi/include/string.h:41:18: note: expected 'const char *' but argument is of type 'uint8_t *' {aka 'unsigned char *'}
   41 | size_t   strlen (const char *);
      |                  ^~~~~~~~~~~~
../Core/Src/main.c:369:83: warning: passing argument 2 of 'memset' makes integer from pointer without a cast [-Wint-conversion]
  369 |                                                                 memset(&Data_buff,NULL,strlen(Data_buff));
      |                                                                                   ^~~~
      |                                                                                   |
      |                                                                                   void *
C:\ST\STM32CubeIDE_1.4.0\STM32CubeIDE\plugins\com.st.stm32cube.ide.mcu.externaltools.gnu-tools-for-stm32.12.3.rel1.win32_1.0.200.202406191623\tools\bin/../lib/gcc/arm-none-eabi/12.3.1/../../../../arm-none-eabi/include/string.h:33:26: note: expected 'int' but argument is of type 'void *'
   33 | void *   memset (void *, int, size_t);
      |                          ^~~
../Core/Src/main.c:370:81: warning: pointer targets in passing argument 1 of 'sprintf' differ in signedness [-Wpointer-sign]
  370 |                                                                         sprintf(Data_buff,"%02d,%02d,%02d,%02d,%02d,M,%s,%s\n\r",sDate.Date,sDate.Month,sDate.Year,sTime.Hours,sTime.Minutes,LAT,LONG);
      |                                                                                 ^~~~~~~~~
      |                                                                                 |
      |                                                                                 uint8_t * {aka unsigned char *}
C:\ST\STM32CubeIDE_1.4.0\STM32CubeIDE\plugins\com.st.stm32cube.ide.mcu.externaltools.gnu-tools-for-stm32.12.3.rel1.win32_1.0.200.202406191623\tools\bin/../lib/gcc/arm-none-eabi/12.3.1/../../../../arm-none-eabi/include/stdio.h:250:18: note: expected 'char * restrict' but argument is of type 'uint8_t *' {aka 'unsigned char *'}
  250 | int     sprintf (char *__restrict, const char *__restrict, ...)
      |                  ^
../Core/Src/main.c:393:95: warning: pointer targets in passing argument 1 of 'strlen' differ in signedness [-Wpointer-sign]
  393 |                                                                 memset(&Data_buff,NULL,strlen(Data_buff));
      |                                                                                               ^~~~~~~~~
      |                                                                                               |
      |                                                                                               uint8_t * {aka unsigned char *}
C:\ST\STM32CubeIDE_1.4.0\STM32CubeIDE\plugins\com.st.stm32cube.ide.mcu.externaltools.gnu-tools-for-stm32.12.3.rel1.win32_1.0.200.202406191623\tools\bin/../lib/gcc/arm-none-eabi/12.3.1/../../../../arm-none-eabi/include/string.h:41:18: note: expected 'const char *' but argument is of type 'uint8_t *' {aka 'unsigned char *'}
   41 | size_t   strlen (const char *);
      |                  ^~~~~~~~~~~~
../Core/Src/main.c:393:83: warning: passing argument 2 of 'memset' makes integer from pointer without a cast [-Wint-conversion]
  393 |                                                                 memset(&Data_buff,NULL,strlen(Data_buff));
      |                                                                                   ^~~~
      |                                                                                   |
      |                                                                                   void *
C:\ST\STM32CubeIDE_1.4.0\STM32CubeIDE\plugins\com.st.stm32cube.ide.mcu.externaltools.gnu-tools-for-stm32.12.3.rel1.win32_1.0.200.202406191623\tools\bin/../lib/gcc/arm-none-eabi/12.3.1/../../../../arm-none-eabi/include/string.h:33:26: note: expected 'int' but argument is of type 'void *'
   33 | void *   memset (void *, int, size_t);
      |                          ^~~
../Core/Src/main.c:394:81: warning: pointer targets in passing argument 1 of 'sprintf' differ in signedness [-Wpointer-sign]
  394 |                                                                         sprintf(Data_buff,"%02d,%02d,%02d,%02d,%02d,L,%s,%s\n\r",sDate.Date,sDate.Month,sDate.Year,sTime.Hours,sTime.Minutes,LAT,LONG);
      |                                                                                 ^~~~~~~~~
      |                                                                                 |
      |                                                                                 uint8_t * {aka unsigned char *}
C:\ST\STM32CubeIDE_1.4.0\STM32CubeIDE\plugins\com.st.stm32cube.ide.mcu.externaltools.gnu-tools-for-stm32.12.3.rel1.win32_1.0.200.202406191623\tools\bin/../lib/gcc/arm-none-eabi/12.3.1/../../../../arm-none-eabi/include/stdio.h:250:18: note: expected 'char * restrict' but argument is of type 'uint8_t *' {aka 'unsigned char *'}
  250 | int     sprintf (char *__restrict, const char *__restrict, ...)
      |                  ^
../Core/Src/main.c:422:95: warning: pointer targets in passing argument 1 of 'strlen' differ in signedness [-Wpointer-sign]
  422 |                                                                 memset(&Data_buff,NULL,strlen(Data_buff));
      |                                                                                               ^~~~~~~~~
      |                                                                                               |
      |                                                                                               uint8_t * {aka unsigned char *}
C:\ST\STM32CubeIDE_1.4.0\STM32CubeIDE\plugins\com.st.stm32cube.ide.mcu.externaltools.gnu-tools-for-stm32.12.3.rel1.win32_1.0.200.202406191623\tools\bin/../lib/gcc/arm-none-eabi/12.3.1/../../../../arm-none-eabi/include/string.h:41:18: note: expected 'const char *' but argument is of type 'uint8_t *' {aka 'unsigned char *'}
   41 | size_t   strlen (const char *);
      |                  ^~~~~~~~~~~~
../Core/Src/main.c:422:83: warning: passing argument 2 of 'memset' makes integer from pointer without a cast [-Wint-conversion]
  422 |                                                                 memset(&Data_buff,NULL,strlen(Data_buff));
      |                                                                                   ^~~~
      |                                                                                   |
      |                                                                                   void *
C:\ST\STM32CubeIDE_1.4.0\STM32CubeIDE\plugins\com.st.stm32cube.ide.mcu.externaltools.gnu-tools-for-stm32.12.3.rel1.win32_1.0.200.202406191623\tools\bin/../lib/gcc/arm-none-eabi/12.3.1/../../../../arm-none-eabi/include/string.h:33:26: note: expected 'int' but argument is of type 'void *'
   33 | void *   memset (void *, int, size_t);
      |                          ^~~
../Core/Src/main.c:423:81: warning: pointer targets in passing argument 1 of 'sprintf' differ in signedness [-Wpointer-sign]
  423 |                                                                         sprintf(Data_buff,"%02d,%02d,%02d,%02d,%02d,E,%s,%s,\r\n",sDate.Date,sDate.Month,sDate.Year,sTime.Hours,sTime.Minutes,LAT,LONG);
      |                                                                                 ^~~~~~~~~
      |                                                                                 |
      |                                                                                 uint8_t * {aka unsigned char *}
C:\ST\STM32CubeIDE_1.4.0\STM32CubeIDE\plugins\com.st.stm32cube.ide.mcu.externaltools.gnu-tools-for-stm32.12.3.rel1.win32_1.0.200.202406191623\tools\bin/../lib/gcc/arm-none-eabi/12.3.1/../../../../arm-none-eabi/include/stdio.h:250:18: note: expected 'char * restrict' but argument is of type 'uint8_t *' {aka 'unsigned char *'}
  250 | int     sprintf (char *__restrict, const char *__restrict, ...)
      |                  ^
../Core/Src/main.c:445:99: warning: pointer targets in passing argument 1 of 'strlen' differ in signedness [-Wpointer-sign]
  445 |                                                                     memset(&Data_buff,NULL,strlen(Data_buff));
      |                                                                                                   ^~~~~~~~~
      |                                                                                                   |
      |                                                                                                   uint8_t * {aka unsigned char *}
C:\ST\STM32CubeIDE_1.4.0\STM32CubeIDE\plugins\com.st.stm32cube.ide.mcu.externaltools.gnu-tools-for-stm32.12.3.rel1.win32_1.0.200.202406191623\tools\bin/../lib/gcc/arm-none-eabi/12.3.1/../../../../arm-none-eabi/include/string.h:41:18: note: expected 'const char *' but argument is of type 'uint8_t *' {aka 'unsigned char *'}
   41 | size_t   strlen (const char *);
      |                  ^~~~~~~~~~~~
../Core/Src/main.c:445:87: warning: passing argument 2 of 'memset' makes integer from pointer without a cast [-Wint-conversion]
  445 |                                                                     memset(&Data_buff,NULL,strlen(Data_buff));
      |                                                                                       ^~~~
      |                                                                                       |
      |                                                                                       void *
C:\ST\STM32CubeIDE_1.4.0\STM32CubeIDE\plugins\com.st.stm32cube.ide.mcu.externaltools.gnu-tools-for-stm32.12.3.rel1.win32_1.0.200.202406191623\tools\bin/../lib/gcc/arm-none-eabi/12.3.1/../../../../arm-none-eabi/include/string.h:33:26: note: expected 'int' but argument is of type 'void *'
   33 | void *   memset (void *, int, size_t);
      |                          ^~~
../Core/Src/main.c:446:81: warning: pointer targets in passing argument 1 of 'sprintf' differ in signedness [-Wpointer-sign]
  446 |                                                                         sprintf(Data_buff,"%02d,%02d,%02d,%02d,%02d,X,%s,%s\n\r",sDate.Date,sDate.Month,sDate.Year,sTime.Hours,sTime.Minutes,LAT,LONG);
      |                                                                                 ^~~~~~~~~
      |                                                                                 |
      |                                                                                 uint8_t * {aka unsigned char *}
C:\ST\STM32CubeIDE_1.4.0\STM32CubeIDE\plugins\com.st.stm32cube.ide.mcu.externaltools.gnu-tools-for-stm32.12.3.rel1.win32_1.0.200.202406191623\tools\bin/../lib/gcc/arm-none-eabi/12.3.1/../../../../arm-none-eabi/include/stdio.h:250:18: note: expected 'char * restrict' but argument is of type 'uint8_t *' {aka 'unsigned char *'}
  250 | int     sprintf (char *__restrict, const char *__restrict, ...)
      |                  ^
../Core/Src/main.c:193:27: warning: unused variable 'Len_CH2' [-Wunused-variable]
  193 | uint8_t Len_CH0, Len_CH1, Len_CH2;
      |                           ^~~~~~~
../Core/Src/main.c:193:18: warning: unused variable 'Len_CH1' [-Wunused-variable]
  193 | uint8_t Len_CH0, Len_CH1, Len_CH2;
      |                  ^~~~~~~
../Core/Src/main.c:193:9: warning: unused variable 'Len_CH0' [-Wunused-variable]
  193 | uint8_t Len_CH0, Len_CH1, Len_CH2;
      |         ^~~~~~~
../Core/Src/main.c:192:53: warning: unused variable 'ADC_CH2Data_Buff' [-Wunused-variable]
  192 | uint8_t ADC_CH0Data_Buff[10], ADC_CH1Data_Buff[10], ADC_CH2Data_Buff[10];
      |                                                     ^~~~~~~~~~~~~~~~
../Core/Src/main.c:192:31: warning: unused variable 'ADC_CH1Data_Buff' [-Wunused-variable]
  192 | uint8_t ADC_CH0Data_Buff[10], ADC_CH1Data_Buff[10], ADC_CH2Data_Buff[10];
      |                               ^~~~~~~~~~~~~~~~
../Core/Src/main.c:192:9: warning: unused variable 'ADC_CH0Data_Buff' [-Wunused-variable]
  192 | uint8_t ADC_CH0Data_Buff[10], ADC_CH1Data_Buff[10], ADC_CH2Data_Buff[10];
      |         ^~~~~~~~~~~~~~~~
../Core/Src/main.c: In function 'Mem_Write':
../Core/Src/main.c:981:19: warning: this 'while' clause does not guard... [-Wmisleading-indentation]
  981 |                   while(HAL_I2C_Mem_Write(&hi2c1,EEPROME_ADD,PAGE_NO_MSB_LOC,I2C_MEMADD_SIZE_16BIT,&Page_No_MSB,1,100)!=HAL_OK);
      |                   ^~~~~
../Core/Src/main.c:982:33: note: ...this statement, but the latter is misleadingly indented as if it were guarded by the 'while'
  982 |                                 while(HAL_I2C_Mem_Write(&hi2c1,EEPROME_ADD,PAGE_NO_LSB_LOC,I2C_MEMADD_SIZE_16BIT,&Page_No_LSB,1,100)!=HAL_OK);
      |                                 ^~~~~
../Core/Src/main.c:998:27: warning: this 'while' clause does not guard... [-Wmisleading-indentation]
  998 |                           while(HAL_I2C_Mem_Write(&hi2c1,EEPROME_ADD,PAGE_NO_MSB_LOC,I2C_MEMADD_SIZE_16BIT,&Page_No_MSB,1,100)!=HAL_OK);
      |                           ^~~~~
../Core/Src/main.c:999:33: note: ...this statement, but the latter is misleadingly indented as if it were guarded by the 'while'
  999 |                                 while(HAL_I2C_Mem_Write(&hi2c1,EEPROME_ADD,PAGE_NO_LSB_LOC,I2C_MEMADD_SIZE_16BIT,&Page_No_LSB,1,100)!=HAL_OK);
      |                                 ^~~~~
arm-none-eabi-gcc "../Core/Src/syscalls.c" -mcpu=cortex-m4 -std=gnu11 -g3 -DUSE_HAL_DRIVER -DSTM32F301x8 -DDEBUG -c -I../Drivers/CMSIS/Include -I../Drivers/STM32F3xx_HAL_Driver/Inc -I../Core/Inc -I../Drivers/STM32F3xx_HAL_Driver/Inc/Legacy -I../Drivers/CMSIS/Device/ST/STM32F3xx/Include -O3 -ffunction-sections -fdata-sections -Wall -fstack-usage -fcyclomatic-complexity -MMD -MP -MF"Core/Src/syscalls.d" -MT"Core/Src/syscalls.o" --specs=nano.specs -mfpu=fpv4-sp-d16 -mfloat-abi=hard -mthumb -o "Core/Src/syscalls.o"
arm-none-eabi-gcc "../Core/Src/sysmem.c" -mcpu=cortex-m4 -std=gnu11 -g3 -DUSE_HAL_DRIVER -DSTM32F301x8 -DDEBUG -c -I../Drivers/CMSIS/Include -I../Drivers/STM32F3xx_HAL_Driver/Inc -I../Core/Inc -I../Drivers/STM32F3xx_HAL_Driver/Inc/Legacy -I../Drivers/CMSIS/Device/ST/STM32F3xx/Include -O3 -ffunction-sections -fdata-sections -Wall -fstack-usage -fcyclomatic-complexity -MMD -MP -MF"Core/Src/sysmem.d" -MT"Core/Src/sysmem.o" --specs=nano.specs -mfpu=fpv4-sp-d16 -mfloat-abi=hard -mthumb -o "Core/Src/sysmem.o"
../Core/Src/main.c: In function 'main':
../Core/Src/main.c:151:33: warning: '%02d' directive writing between 2 and 3 bytes into a region of size between 1 and 3 [-Wformat-overflow=]
  151 |   sprintf(Date,"DATE  %02d/%02d/%02d",sDate.Date,sDate.Month,sDate.Year);
      |                                 ^~~~
../Core/Src/main.c:151:16: note: directive argument in the range [0, 255]
  151 |   sprintf(Date,"DATE  %02d/%02d/%02d",sDate.Date,sDate.Month,sDate.Year);
      |                ^~~~~~~~~~~~~~~~~~~~~~
../Core/Src/main.c:151:3: note: 'sprintf' output between 15 and 18 bytes into a destination of size 15
  151 |   sprintf(Date,"DATE  %02d/%02d/%02d",sDate.Date,sDate.Month,sDate.Year);
      |   ^~~~~~~~~~~~~~~~~~~~~~~~~~~~~~~~~~~~~~~~~~~~~~~~~~~~~~~~~~~~~~~~~~~~~~
../Core/Src/main.c:216:51: warning: '%02d' directive writing between 2 and 3 bytes into a region of size between 2 and 5 [-Wformat-overflow=]
  216 |                   sprintf(dt_tm,"%02d/%02d   %02d:%02d:%02d",sDate.Date,sDate.Month,sTime.Hours,sTime.Minutes,sTime.Seconds);
      |                                                   ^~~~
../Core/Src/main.c:216:33: note: directive argument in the range [0, 255]
  216 |                   sprintf(dt_tm,"%02d/%02d   %02d:%02d:%02d",sDate.Date,sDate.Month,sTime.Hours,sTime.Minutes,sTime.Seconds);
      |                                 ^~~~~~~~~~~~~~~~~~~~~~~~~~~~
../Core/Src/main.c:216:33: note: directive argument in the range [0, 255]
../Core/Src/main.c:216:19: note: 'sprintf' output between 17 and 22 bytes into a destination of size 16
  216 |                   sprintf(dt_tm,"%02d/%02d   %02d:%02d:%02d",sDate.Date,sDate.Month,sTime.Hours,sTime.Minutes,sTime.Seconds);
      |                   ^~~~~~~~~~~~~~~~~~~~~~~~~~~~~~~~~~~~~~~~~~~~~~~~~~~~~~~~~~~~~~~~~~~~~~~~~~~~~~~~~~~~~~~~~~~~~~~~~~~~~~~~~~
arm-none-eabi-gcc "../Core/Src/system_stm32f3xx.c" -mcpu=cortex-m4 -std=gnu11 -g3 -DUSE_HAL_DRIVER -DSTM32F301x8 -DDEBUG -c -I../Drivers/CMSIS/Include -I../Drivers/STM32F3xx_HAL_Driver/Inc -I../Core/Inc -I../Drivers/STM32F3xx_HAL_Driver/Inc/Legacy -I../Drivers/CMSIS/Device/ST/STM32F3xx/Include -O3 -ffunction-sections -fdata-sections -Wall -fstack-usage -fcyclomatic-complexity -MMD -MP -MF"Core/Src/system_stm32f3xx.d" -MT"Core/Src/system_stm32f3xx.o" --specs=nano.specs -mfpu=fpv4-sp-d16 -mfloat-abi=hard -mthumb -o "Core/Src/system_stm32f3xx.o"
../Core/Src/sysmem.c:63:1: error: unknown type name 'caddr_t'
   63 | caddr_t _sbrk(int incr)
      | ^~~~~~~
../Core/Src/sysmem.c: In function '_sbrk':
../Core/Src/sysmem.c:76:25: error: 'caddr_t' undeclared (first use in this function)
   76 |                 return (caddr_t) -1;
      |                         ^~~~~~~
../Core/Src/sysmem.c:76:25: note: each undeclared identifier is reported only once for each function it appears in
../Core/Src/sysmem.c:81:25: error: expected ';' before 'prev_heap_end'
   81 |         return (caddr_t) prev_heap_end;
      |                         ^~~~~~~~~~~~~~
      |                         ;
../Core/Src/sysmem.c:67:15: warning: variable 'prev_heap_end' set but not used [-Wunused-but-set-variable]
   67 |         char *prev_heap_end;
      |               ^~~~~~~~~~~~~
../Core/Src/sysmem.c:82:1: warning: control reaches end of non-void function [-Wreturn-type]
   82 | }
      | ^
make: *** [Core/Src/subdir.mk:43: Core/Src/sysmem.o] Error 1
make: *** Waiting for unfinished jobs....
"make -j8 all" terminated with exit code 2. Build might be incomplete.

12:35:22 Build Failed. 5 errors, 45 warnings. (took 3s.2ms)

